{"timestamp":"2025-07-17T17:07:28.766592","level":"info","event":"DAG bundles loaded: dags-folder","logger":"airflow.dag_processing.bundles.manager.DagBundlesManager"}
{"timestamp":"2025-07-17T17:07:28.767163","level":"info","event":"Filling up the DagBag from /opt/airflow/dags/data_ingestion_gcs_dag.py","logger":"airflow.models.dagbag.DagBag"}
{"timestamp":"2025-07-17T17:07:29.697631Z","level":"info","event":"VendorID                         int64","chan":"stdout","logger":"task"}
{"timestamp":"2025-07-17T17:07:29.698343Z","level":"info","event":"lpep_pickup_datetime     datetime64[s]","chan":"stdout","logger":"task"}
{"timestamp":"2025-07-17T17:07:29.698632Z","level":"info","event":"lpep_dropoff_datetime    datetime64[s]","chan":"stdout","logger":"task"}
{"timestamp":"2025-07-17T17:07:29.699018Z","level":"info","event":"store_and_fwd_flag              object","chan":"stdout","logger":"task"}
{"timestamp":"2025-07-17T17:07:29.699203Z","level":"info","event":"RatecodeID                       int64","chan":"stdout","logger":"task"}
{"timestamp":"2025-07-17T17:07:29.699352Z","level":"info","event":"PULocationID                     int64","chan":"stdout","logger":"task"}
{"timestamp":"2025-07-17T17:07:29.699491Z","level":"info","event":"DOLocationID                     int64","chan":"stdout","logger":"task"}
{"timestamp":"2025-07-17T17:07:29.699632Z","level":"info","event":"passenger_count                  int64","chan":"stdout","logger":"task"}
{"timestamp":"2025-07-17T17:07:29.699792Z","level":"info","event":"trip_distance                  float64","chan":"stdout","logger":"task"}
{"timestamp":"2025-07-17T17:07:29.699953Z","level":"info","event":"fare_amount                    float64","chan":"stdout","logger":"task"}
{"timestamp":"2025-07-17T17:07:29.700082Z","level":"info","event":"extra                          float64","chan":"stdout","logger":"task"}
{"timestamp":"2025-07-17T17:07:29.700223Z","level":"info","event":"mta_tax                        float64","chan":"stdout","logger":"task"}
{"timestamp":"2025-07-17T17:07:29.700348Z","level":"info","event":"tip_amount                     float64","chan":"stdout","logger":"task"}
{"timestamp":"2025-07-17T17:07:29.700475Z","level":"info","event":"tolls_amount                   float64","chan":"stdout","logger":"task"}
{"timestamp":"2025-07-17T17:07:29.700624Z","level":"info","event":"ehail_fee                       object","chan":"stdout","logger":"task"}
{"timestamp":"2025-07-17T17:07:29.700766Z","level":"info","event":"improvement_surcharge          float64","chan":"stdout","logger":"task"}
{"timestamp":"2025-07-17T17:07:29.700918Z","level":"info","event":"total_amount                   float64","chan":"stdout","logger":"task"}
{"timestamp":"2025-07-17T17:07:29.701033Z","level":"info","event":"payment_type                     int64","chan":"stdout","logger":"task"}
{"timestamp":"2025-07-17T17:07:29.701193Z","level":"info","event":"trip_type                        int64","chan":"stdout","logger":"task"}
{"timestamp":"2025-07-17T17:07:29.701304Z","level":"info","event":"congestion_surcharge           float64","chan":"stdout","logger":"task"}
{"timestamp":"2025-07-17T17:07:29.701432Z","level":"info","event":"dtype: object","chan":"stdout","logger":"task"}
{"timestamp":"2025-07-17T17:07:30.088813","level":"info","event":"Done. Returned value was: None","logger":"airflow.task.operators.airflow.providers.standard.operators.python.PythonOperator"}
