{"timestamp":"2025-07-13T17:20:45.968120","level":"info","event":"DAG bundles loaded: dags-folder","logger":"airflow.dag_processing.bundles.manager.DagBundlesManager"}
{"timestamp":"2025-07-13T17:20:45.970256","level":"info","event":"Filling up the DagBag from /opt/airflow/dags/data_ingestion_gcs_dag.py","logger":"airflow.models.dagbag.DagBag"}
{"timestamp":"2025-07-13T17:20:50.314657","level":"info","event":"Tmp dir root location: /tmp","logger":"airflow.task.hooks.airflow.providers.standard.hooks.subprocess.SubprocessHook"}
{"timestamp":"2025-07-13T17:20:50.333840","level":"info","event":"Running command: ['/usr/bin/bash', '-c', 'rm /opt/airflow/yellow_tripdata_2019-05.parquet /opt/airflow/yellow_tripdata_2019-05.csv']","logger":"airflow.task.hooks.airflow.providers.standard.hooks.subprocess.SubprocessHook"}
{"timestamp":"2025-07-13T17:20:50.375124","level":"info","event":"Output:","logger":"airflow.task.hooks.airflow.providers.standard.hooks.subprocess.SubprocessHook"}
{"timestamp":"2025-07-13T17:20:50.480165","level":"info","event":"Command exited with return code 0","logger":"airflow.task.hooks.airflow.providers.standard.hooks.subprocess.SubprocessHook"}
{"timestamp":"2025-07-13T17:20:50.481782","level":"info","event":"Pushing xcom","ti":"RuntimeTaskInstance(id=UUID('019804cd-7eaf-7200-bb0a-e826872af1c1'), task_id='remove_csv_pq', dag_id='upload_gcs_yellowtrips', run_id='scheduled__2019-05-02T06:00:00+00:00', try_number=1, map_index=-1, hostname='890ba30a36b0', context_carrier={}, task=<Task(BashOperator): remove_csv_pq>, bundle_instance=LocalDagBundle(name=dags-folder), max_tries=0, start_date=datetime.datetime(2025, 7, 13, 17, 20, 44, 969203, tzinfo=TzInfo(UTC)), end_date=None, state=<TaskInstanceState.RUNNING: 'running'>, is_mapped=False, rendered_map_index=None)","logger":"task"}
{"timestamp":"2025-07-13T17:58:29.869571","level":"info","event":"DAG bundles loaded: dags-folder","logger":"airflow.dag_processing.bundles.manager.DagBundlesManager"}
{"timestamp":"2025-07-13T17:58:29.872210","level":"info","event":"Filling up the DagBag from /opt/airflow/dags/data_ingestion_gcs_dag.py","logger":"airflow.models.dagbag.DagBag"}
{"timestamp":"2025-07-13T17:59:09.989141","level":"error","event":"Process timed out, PID: 4285","logger":"airflow.utils.timeout.TimeoutPosix"}
{"timestamp":"2025-07-13T17:59:10.094017Z","level":"error","event":"Exception ignored in: <function WeakKeyDictionary.__init__.<locals>.remove at 0xffff915947c0>","chan":"stderr","logger":"task"}
{"timestamp":"2025-07-13T17:59:10.128190Z","level":"error","event":"Traceback (most recent call last):","chan":"stderr","logger":"task"}
{"timestamp":"2025-07-13T17:59:10.130026Z","level":"error","event":"  File \"/usr/local/lib/python3.12/weakref.py\", line 369, in remove","chan":"stderr","logger":"task"}
{"timestamp":"2025-07-13T17:59:10.131354Z","level":"error","event":"    def remove(k, selfref=ref(self)):","chan":"stderr","logger":"task"}
{"timestamp":"2025-07-13T17:59:10.137033Z","level":"error","event":"","chan":"stderr","logger":"task"}
{"timestamp":"2025-07-13T17:59:10.138698Z","level":"error","event":"  File \"/home/airflow/.local/lib/python3.12/site-packages/airflow/utils/timeout.py\", line 69, in handle_timeout","chan":"stderr","logger":"task"}
{"timestamp":"2025-07-13T17:59:10.143257Z","level":"error","event":"    raise AirflowTaskTimeout(self.error_message)","chan":"stderr","logger":"task"}
{"timestamp":"2025-07-13T17:59:10.153573Z","level":"error","event":"airflow.exceptions.AirflowTaskTimeout: DagBag import timeout for /opt/airflow/dags/data_ingestion_gcs_dag.py after 30.0s.","chan":"stderr","logger":"task"}
{"timestamp":"2025-07-13T17:59:10.155218Z","level":"error","event":"Please take a look at these docs to improve your DAG import time:","chan":"stderr","logger":"task"}
{"timestamp":"2025-07-13T17:59:10.156530Z","level":"error","event":"* https://airflow.apache.org/docs/apache-airflow/3.0.2/best-practices.html#top-level-python-code","chan":"stderr","logger":"task"}
{"timestamp":"2025-07-13T17:59:10.178534Z","level":"error","event":"* https://airflow.apache.org/docs/apache-airflow/3.0.2/best-practices.html#reducing-dag-complexity, PID: 4285","chan":"stderr","logger":"task"}
{"timestamp":"2025-07-13T17:59:20.927156","level":"info","event":"Tmp dir root location: /tmp","logger":"airflow.task.hooks.airflow.providers.standard.hooks.subprocess.SubprocessHook"}
{"timestamp":"2025-07-13T17:59:20.945952","level":"info","event":"Running command: ['/usr/bin/bash', '-c', 'rm /opt/airflow/yellow_tripdata_2019-05.parquet /opt/airflow/yellow_tripdata_2019-05.csv']","logger":"airflow.task.hooks.airflow.providers.standard.hooks.subprocess.SubprocessHook"}
{"timestamp":"2025-07-13T17:59:21.047626","level":"info","event":"Output:","logger":"airflow.task.hooks.airflow.providers.standard.hooks.subprocess.SubprocessHook"}
{"timestamp":"2025-07-13T17:59:21.226367","level":"info","event":"Command exited with return code 0","logger":"airflow.task.hooks.airflow.providers.standard.hooks.subprocess.SubprocessHook"}
{"timestamp":"2025-07-13T17:59:21.234047","level":"info","event":"Pushing xcom","ti":"RuntimeTaskInstance(id=UUID('019804ec-ffe3-7b59-b36c-7438a73459d9'), task_id='remove_csv_pq', dag_id='upload_gcs_yellowtrips', run_id='scheduled__2019-05-02T06:00:00+00:00', try_number=1, map_index=-1, hostname='890ba30a36b0', context_carrier={}, task=<Task(BashOperator): remove_csv_pq>, bundle_instance=LocalDagBundle(name=dags-folder), max_tries=0, start_date=datetime.datetime(2025, 7, 13, 17, 58, 26, 58252, tzinfo=TzInfo(UTC)), end_date=None, state=<TaskInstanceState.RUNNING: 'running'>, is_mapped=False, rendered_map_index=None)","logger":"task"}
{"timestamp":"2025-07-13T18:11:13.868827","level":"info","event":"DAG bundles loaded: dags-folder","logger":"airflow.dag_processing.bundles.manager.DagBundlesManager"}
{"timestamp":"2025-07-13T18:11:13.869465","level":"info","event":"Filling up the DagBag from /opt/airflow/dags/data_ingestion_gcs_dag.py","logger":"airflow.models.dagbag.DagBag"}
{"timestamp":"2025-07-13T18:11:16.010609","level":"info","event":"Tmp dir root location: /tmp","logger":"airflow.task.hooks.airflow.providers.standard.hooks.subprocess.SubprocessHook"}
{"timestamp":"2025-07-13T18:11:16.012419","level":"info","event":"Running command: ['/usr/bin/bash', '-c', 'rm /opt/airflow/yellow_tripdata_2019-05.parquet /opt/airflow/yellow_tripdata_2019-05.csv']","logger":"airflow.task.hooks.airflow.providers.standard.hooks.subprocess.SubprocessHook"}
{"timestamp":"2025-07-13T18:11:16.045389","level":"info","event":"Output:","logger":"airflow.task.hooks.airflow.providers.standard.hooks.subprocess.SubprocessHook"}
{"timestamp":"2025-07-13T18:11:16.227080","level":"info","event":"Command exited with return code 0","logger":"airflow.task.hooks.airflow.providers.standard.hooks.subprocess.SubprocessHook"}
{"timestamp":"2025-07-13T18:11:16.228910","level":"info","event":"Pushing xcom","ti":"RuntimeTaskInstance(id=UUID('019804fb-29bb-783a-907a-2ff4b57ba437'), task_id='remove_csv_pq', dag_id='upload_gcs_yellowtrips', run_id='scheduled__2019-05-02T06:00:00+00:00', try_number=1, map_index=-1, hostname='fb7e26a7e74c', context_carrier={}, task=<Task(BashOperator): remove_csv_pq>, bundle_instance=LocalDagBundle(name=dags-folder), max_tries=0, start_date=datetime.datetime(2025, 7, 13, 18, 11, 13, 553291, tzinfo=TzInfo(UTC)), end_date=None, state=<TaskInstanceState.RUNNING: 'running'>, is_mapped=False, rendered_map_index=None)","logger":"task"}
