{"timestamp":"2025-07-17T06:28:53.373793","level":"info","event":"DAG bundles loaded: dags-folder","logger":"airflow.dag_processing.bundles.manager.DagBundlesManager"}
{"timestamp":"2025-07-17T06:28:53.374723","level":"info","event":"Filling up the DagBag from /opt/airflow/dags/data_ingestion_localpg_dag.py","logger":"airflow.models.dagbag.DagBag"}
{"timestamp":"2025-07-17T06:28:54.462520","level":"info","event":"Tmp dir root location: /tmp","logger":"airflow.task.hooks.airflow.providers.standard.hooks.subprocess.SubprocessHook"}
{"timestamp":"2025-07-17T06:28:54.476778","level":"info","event":"Running command: ['/usr/bin/bash', '-c', 'wget https://github.com/DataTalksClub/nyc-tlc-data/releases/download/yellow/yellow_tripdata_2020-06.csv.gz -O /opt/airflow/yellow_tripdata_2020-06.csv.gz && gunzip -f /opt/airflow/yellow_tripdata_2020-06.csv.gz || rm -f /opt/airflow/yellow_tripdata_2020-06.csv.gz']","logger":"airflow.task.hooks.airflow.providers.standard.hooks.subprocess.SubprocessHook"}
{"timestamp":"2025-07-17T06:28:54.512626","level":"info","event":"Output:","logger":"airflow.task.hooks.airflow.providers.standard.hooks.subprocess.SubprocessHook"}
{"timestamp":"2025-07-17T06:28:54.597144","level":"info","event":"--2025-07-17 06:28:54--  https://github.com/DataTalksClub/nyc-tlc-data/releases/download/yellow/yellow_tripdata_2020-06.csv.gz","logger":"airflow.task.hooks.airflow.providers.standard.hooks.subprocess.SubprocessHook"}
{"timestamp":"2025-07-17T06:28:54.735277","level":"info","event":"Resolving github.com (github.com)... 20.205.243.166","logger":"airflow.task.hooks.airflow.providers.standard.hooks.subprocess.SubprocessHook"}
{"timestamp":"2025-07-17T06:28:54.777107","level":"info","event":"Connecting to github.com (github.com)|20.205.243.166|:443... connected.","logger":"airflow.task.hooks.airflow.providers.standard.hooks.subprocess.SubprocessHook"}
{"timestamp":"2025-07-17T06:28:55.165397","level":"info","event":"HTTP request sent, awaiting response... 302 Found","logger":"airflow.task.hooks.airflow.providers.standard.hooks.subprocess.SubprocessHook"}
{"timestamp":"2025-07-17T06:28:55.165542","level":"info","event":"Location: https://release-assets.githubusercontent.com/github-production-release-asset/513814948/426b9080-186a-40fe-873a-d8019bf00e9a?sp=r&sv=2018-11-09&sr=b&spr=https&se=2025-07-17T07%3A04%3A35Z&rscd=attachment%3B+filename%3Dyellow_tripdata_2020-06.csv.gz&rsct=application%2Foctet-stream&skoid=96c2d410-5711-43a1-aedd-ab1947aa7ab0&sktid=398a6654-997b-47e9-b12b-9515b896b4de&skt=2025-07-17T06%3A03%3A53Z&ske=2025-07-17T07%3A04%3A35Z&sks=b&skv=2018-11-09&sig=03RxXCXf5zit%2F87WT75aAYLZsu5oXvpaJCC6LoQg%2Bh4%3D&jwt=eyJ******&response-content-disposition=attachment%3B%20filename%3Dyellow_tripdata_2020-06.csv.gz&response-content-type=application%2Foctet-stream [following]","logger":"airflow.task.hooks.airflow.providers.standard.hooks.subprocess.SubprocessHook"}
{"timestamp":"2025-07-17T06:28:55.165647","level":"info","event":"--2025-07-17 06:28:55--  https://release-assets.githubusercontent.com/github-production-release-asset/513814948/426b9080-186a-40fe-873a-d8019bf00e9a?sp=r&sv=2018-11-09&sr=b&spr=https&se=2025-07-17T07%3A04%3A35Z&rscd=attachment%3B+filename%3Dyellow_tripdata_2020-06.csv.gz&rsct=application%2Foctet-stream&skoid=96c2d410-5711-43a1-aedd-ab1947aa7ab0&sktid=398a6654-997b-47e9-b12b-9515b896b4de&skt=2025-07-17T06%3A03%3A53Z&ske=2025-07-17T07%3A04%3A35Z&sks=b&skv=2018-11-09&sig=03RxXCXf5zit%2F87WT75aAYLZsu5oXvpaJCC6LoQg%2Bh4%3D&jwt=eyJ******&response-content-disposition=attachment%3B%20filename%3Dyellow_tripdata_2020-06.csv.gz&response-content-type=application%2Foctet-stream","logger":"airflow.task.hooks.airflow.providers.standard.hooks.subprocess.SubprocessHook"}
{"timestamp":"2025-07-17T06:28:55.182602","level":"info","event":"Resolving release-assets.githubusercontent.com (release-assets.githubusercontent.com)... 185.199.108.133, 185.199.109.133, 185.199.110.133, ...","logger":"airflow.task.hooks.airflow.providers.standard.hooks.subprocess.SubprocessHook"}
{"timestamp":"2025-07-17T06:28:55.192554","level":"info","event":"Connecting to release-assets.githubusercontent.com (release-assets.githubusercontent.com)|185.199.108.133|:443... connected.","logger":"airflow.task.hooks.airflow.providers.standard.hooks.subprocess.SubprocessHook"}
{"timestamp":"2025-07-17T06:28:55.526154","level":"info","event":"HTTP request sent, awaiting response... 200 OK","logger":"airflow.task.hooks.airflow.providers.standard.hooks.subprocess.SubprocessHook"}
{"timestamp":"2025-07-17T06:28:55.526441","level":"info","event":"Length: 10206684 (9.7M) [application/octet-stream]","logger":"airflow.task.hooks.airflow.providers.standard.hooks.subprocess.SubprocessHook"}
{"timestamp":"2025-07-17T06:28:55.526525","level":"info","event":"Saving to: ‘/opt/airflow/yellow_tripdata_2020-06.csv.gz’","logger":"airflow.task.hooks.airflow.providers.standard.hooks.subprocess.SubprocessHook"}
{"timestamp":"2025-07-17T06:28:55.527464","level":"info","event":"","logger":"airflow.task.hooks.airflow.providers.standard.hooks.subprocess.SubprocessHook"}
{"timestamp":"2025-07-17T06:28:55.547510","level":"info","event":"     0K .......... .......... .......... .......... ..........  0% 2.25M 4s","logger":"airflow.task.hooks.airflow.providers.standard.hooks.subprocess.SubprocessHook"}
{"timestamp":"2025-07-17T06:28:55.554246","level":"info","event":"    50K .......... .......... .......... .......... ..........  1% 8.37M 3s","logger":"airflow.task.hooks.airflow.providers.standard.hooks.subprocess.SubprocessHook"}
{"timestamp":"2025-07-17T06:28:55.558921","level":"info","event":"   100K .......... .......... .......... .......... ..........  1% 8.69M 2s","logger":"airflow.task.hooks.airflow.providers.standard.hooks.subprocess.SubprocessHook"}
{"timestamp":"2025-07-17T06:28:55.595042","level":"info","event":"   150K .......... .......... .......... .......... ..........  2% 1.35M 3s","logger":"airflow.task.hooks.airflow.providers.standard.hooks.subprocess.SubprocessHook"}
{"timestamp":"2025-07-17T06:28:55.595450","level":"info","event":"   200K .......... .......... .......... .......... ..........  2%  108M 3s","logger":"airflow.task.hooks.airflow.providers.standard.hooks.subprocess.SubprocessHook"}
{"timestamp":"2025-07-17T06:28:55.597527","level":"info","event":"   250K .......... .......... .......... .......... ..........  3% 37.9M 2s","logger":"airflow.task.hooks.airflow.providers.standard.hooks.subprocess.SubprocessHook"}
{"timestamp":"2025-07-17T06:28:55.600879","level":"info","event":"   300K .......... .......... .......... .......... ..........  3% 14.2M 2s","logger":"airflow.task.hooks.airflow.providers.standard.hooks.subprocess.SubprocessHook"}
{"timestamp":"2025-07-17T06:28:55.612901","level":"info","event":"   350K .......... .......... .......... .......... ..........  4% 4.04M 2s","logger":"airflow.task.hooks.airflow.providers.standard.hooks.subprocess.SubprocessHook"}
{"timestamp":"2025-07-17T06:28:55.622060","level":"info","event":"   400K .......... .......... .......... .......... ..........  4% 5.26M 2s","logger":"airflow.task.hooks.airflow.providers.standard.hooks.subprocess.SubprocessHook"}
{"timestamp":"2025-07-17T06:28:55.640904","level":"info","event":"   450K .......... .......... .......... .......... ..........  5% 3.08M 2s","logger":"airflow.task.hooks.airflow.providers.standard.hooks.subprocess.SubprocessHook"}
{"timestamp":"2025-07-17T06:28:55.644163","level":"info","event":"   500K .......... .......... .......... .......... ..........  5% 7.30M 2s","logger":"airflow.task.hooks.airflow.providers.standard.hooks.subprocess.SubprocessHook"}
{"timestamp":"2025-07-17T06:28:55.662159","level":"info","event":"   550K .......... .......... .......... .......... ..........  6% 3.17M 2s","logger":"airflow.task.hooks.airflow.providers.standard.hooks.subprocess.SubprocessHook"}
{"timestamp":"2025-07-17T06:28:55.666104","level":"info","event":"   600K .......... .......... .......... .......... ..........  6% 9.35M 2s","logger":"airflow.task.hooks.airflow.providers.standard.hooks.subprocess.SubprocessHook"}
{"timestamp":"2025-07-17T06:28:55.679961","level":"info","event":"   650K .......... .......... .......... .......... ..........  7% 3.23M 2s","logger":"airflow.task.hooks.airflow.providers.standard.hooks.subprocess.SubprocessHook"}
{"timestamp":"2025-07-17T06:28:55.683701","level":"info","event":"   700K .......... .......... .......... .......... ..........  7% 12.7M 2s","logger":"airflow.task.hooks.airflow.providers.standard.hooks.subprocess.SubprocessHook"}
{"timestamp":"2025-07-17T06:28:55.706370","level":"info","event":"   750K .......... .......... .......... .......... ..........  8% 2.59M 2s","logger":"airflow.task.hooks.airflow.providers.standard.hooks.subprocess.SubprocessHook"}
{"timestamp":"2025-07-17T06:28:55.725359","level":"info","event":"   800K .......... .......... .......... .......... ..........  8% 2.43M 2s","logger":"airflow.task.hooks.airflow.providers.standard.hooks.subprocess.SubprocessHook"}
{"timestamp":"2025-07-17T06:28:55.734742","level":"info","event":"   850K .......... .......... .......... .......... ..........  9% 4.16M 2s","logger":"airflow.task.hooks.airflow.providers.standard.hooks.subprocess.SubprocessHook"}
{"timestamp":"2025-07-17T06:28:55.734857","level":"info","event":"   900K .......... .......... .......... .......... ..........  9%  174M 2s","logger":"airflow.task.hooks.airflow.providers.standard.hooks.subprocess.SubprocessHook"}
{"timestamp":"2025-07-17T06:28:55.752395","level":"info","event":"   950K .......... .......... .......... .......... .......... 10% 2.83M 2s","logger":"airflow.task.hooks.airflow.providers.standard.hooks.subprocess.SubprocessHook"}
{"timestamp":"2025-07-17T06:28:55.753371","level":"info","event":"  1000K .......... .......... .......... .......... .......... 10%  292M 2s","logger":"airflow.task.hooks.airflow.providers.standard.hooks.subprocess.SubprocessHook"}
{"timestamp":"2025-07-17T06:28:55.759833","level":"info","event":"  1050K .......... .......... .......... .......... .......... 11% 7.15M 2s","logger":"airflow.task.hooks.airflow.providers.standard.hooks.subprocess.SubprocessHook"}
{"timestamp":"2025-07-17T06:28:55.768770","level":"info","event":"  1100K .......... .......... .......... .......... .......... 11% 5.77M 2s","logger":"airflow.task.hooks.airflow.providers.standard.hooks.subprocess.SubprocessHook"}
{"timestamp":"2025-07-17T06:28:55.784803","level":"info","event":"  1150K .......... .......... .......... .......... .......... 12% 2.90M 2s","logger":"airflow.task.hooks.airflow.providers.standard.hooks.subprocess.SubprocessHook"}
{"timestamp":"2025-07-17T06:28:55.797136","level":"info","event":"  1200K .......... .......... .......... .......... .......... 12% 3.88M 2s","logger":"airflow.task.hooks.airflow.providers.standard.hooks.subprocess.SubprocessHook"}
{"timestamp":"2025-07-17T06:28:55.803794","level":"info","event":"  1250K .......... .......... .......... .......... .......... 13% 7.35M 2s","logger":"airflow.task.hooks.airflow.providers.standard.hooks.subprocess.SubprocessHook"}
{"timestamp":"2025-07-17T06:28:55.815120","level":"info","event":"  1300K .......... .......... .......... .......... .......... 13% 4.22M 2s","logger":"airflow.task.hooks.airflow.providers.standard.hooks.subprocess.SubprocessHook"}
{"timestamp":"2025-07-17T06:28:55.826368","level":"info","event":"  1350K .......... .......... .......... .......... .......... 14% 4.74M 2s","logger":"airflow.task.hooks.airflow.providers.standard.hooks.subprocess.SubprocessHook"}
{"timestamp":"2025-07-17T06:28:55.834682","level":"info","event":"  1400K .......... .......... .......... .......... .......... 14% 5.90M 2s","logger":"airflow.task.hooks.airflow.providers.standard.hooks.subprocess.SubprocessHook"}
{"timestamp":"2025-07-17T06:28:55.846069","level":"info","event":"  1450K .......... .......... .......... .......... .......... 15% 4.07M 2s","logger":"airflow.task.hooks.airflow.providers.standard.hooks.subprocess.SubprocessHook"}
{"timestamp":"2025-07-17T06:28:55.852800","level":"info","event":"  1500K .......... .......... .......... .......... .......... 15% 7.07M 2s","logger":"airflow.task.hooks.airflow.providers.standard.hooks.subprocess.SubprocessHook"}
{"timestamp":"2025-07-17T06:28:55.870438","level":"info","event":"  1550K .......... .......... .......... .......... .......... 16% 3.51M 2s","logger":"airflow.task.hooks.airflow.providers.standard.hooks.subprocess.SubprocessHook"}
{"timestamp":"2025-07-17T06:28:55.875653","level":"info","event":"  1600K .......... .......... .......... .......... .......... 16% 5.34M 2s","logger":"airflow.task.hooks.airflow.providers.standard.hooks.subprocess.SubprocessHook"}
{"timestamp":"2025-07-17T06:28:55.897808","level":"info","event":"  1650K .......... .......... .......... .......... .......... 17% 2.23M 2s","logger":"airflow.task.hooks.airflow.providers.standard.hooks.subprocess.SubprocessHook"}
{"timestamp":"2025-07-17T06:28:55.898828","level":"info","event":"  1700K .......... .......... .......... .......... .......... 17% 42.3M 2s","logger":"airflow.task.hooks.airflow.providers.standard.hooks.subprocess.SubprocessHook"}
{"timestamp":"2025-07-17T06:28:55.904303","level":"info","event":"  1750K .......... .......... .......... .......... .......... 18% 8.77M 2s","logger":"airflow.task.hooks.airflow.providers.standard.hooks.subprocess.SubprocessHook"}
{"timestamp":"2025-07-17T06:28:55.913527","level":"info","event":"  1800K .......... .......... .......... .......... .......... 18% 5.28M 2s","logger":"airflow.task.hooks.airflow.providers.standard.hooks.subprocess.SubprocessHook"}
{"timestamp":"2025-07-17T06:28:55.921999","level":"info","event":"  1850K .......... .......... .......... .......... .......... 19% 5.83M 2s","logger":"airflow.task.hooks.airflow.providers.standard.hooks.subprocess.SubprocessHook"}
{"timestamp":"2025-07-17T06:28:55.931237","level":"info","event":"  1900K .......... .......... .......... .......... .......... 19% 5.31M 2s","logger":"airflow.task.hooks.airflow.providers.standard.hooks.subprocess.SubprocessHook"}
{"timestamp":"2025-07-17T06:28:55.944022","level":"info","event":"  1950K .......... .......... .......... .......... .......... 20% 3.80M 2s","logger":"airflow.task.hooks.airflow.providers.standard.hooks.subprocess.SubprocessHook"}
{"timestamp":"2025-07-17T06:28:55.949493","level":"info","event":"  2000K .......... .......... .......... .......... .......... 20% 8.78M 2s","logger":"airflow.task.hooks.airflow.providers.standard.hooks.subprocess.SubprocessHook"}
{"timestamp":"2025-07-17T06:28:55.957576","level":"info","event":"  2050K .......... .......... .......... .......... .......... 21% 6.25M 2s","logger":"airflow.task.hooks.airflow.providers.standard.hooks.subprocess.SubprocessHook"}
{"timestamp":"2025-07-17T06:28:55.967778","level":"info","event":"  2100K .......... .......... .......... .......... .......... 21% 4.81M 2s","logger":"airflow.task.hooks.airflow.providers.standard.hooks.subprocess.SubprocessHook"}
{"timestamp":"2025-07-17T06:28:55.975018","level":"info","event":"  2150K .......... .......... .......... .......... .......... 22% 6.63M 2s","logger":"airflow.task.hooks.airflow.providers.standard.hooks.subprocess.SubprocessHook"}
{"timestamp":"2025-07-17T06:28:55.981551","level":"info","event":"  2200K .......... .......... .......... .......... .......... 22% 7.40M 2s","logger":"airflow.task.hooks.airflow.providers.standard.hooks.subprocess.SubprocessHook"}
{"timestamp":"2025-07-17T06:28:55.992757","level":"info","event":"  2250K .......... .......... .......... .......... .......... 23% 4.61M 2s","logger":"airflow.task.hooks.airflow.providers.standard.hooks.subprocess.SubprocessHook"}
{"timestamp":"2025-07-17T06:28:55.996715","level":"info","event":"  2300K .......... .......... .......... .......... .......... 23% 13.5M 2s","logger":"airflow.task.hooks.airflow.providers.standard.hooks.subprocess.SubprocessHook"}
{"timestamp":"2025-07-17T06:28:56.017393","level":"info","event":"  2350K .......... .......... .......... .......... .......... 24% 2.30M 2s","logger":"airflow.task.hooks.airflow.providers.standard.hooks.subprocess.SubprocessHook"}
{"timestamp":"2025-07-17T06:28:56.017809","level":"info","event":"  2400K .......... .......... .......... .......... .......... 24%  172M 2s","logger":"airflow.task.hooks.airflow.providers.standard.hooks.subprocess.SubprocessHook"}
{"timestamp":"2025-07-17T06:28:56.019910","level":"info","event":"  2450K .......... .......... .......... .......... .......... 25% 41.4M 1s","logger":"airflow.task.hooks.airflow.providers.standard.hooks.subprocess.SubprocessHook"}
{"timestamp":"2025-07-17T06:28:56.019987","level":"info","event":"  2500K .......... .......... .......... .......... .......... 25%  211M 1s","logger":"airflow.task.hooks.airflow.providers.standard.hooks.subprocess.SubprocessHook"}
{"timestamp":"2025-07-17T06:28:56.020014","level":"info","event":"  2550K .......... .......... .......... .......... .......... 26%  166M 1s","logger":"airflow.task.hooks.airflow.providers.standard.hooks.subprocess.SubprocessHook"}
{"timestamp":"2025-07-17T06:28:56.020055","level":"info","event":"  2600K .......... .......... .......... .......... .......... 26%  225M 1s","logger":"airflow.task.hooks.airflow.providers.standard.hooks.subprocess.SubprocessHook"}
{"timestamp":"2025-07-17T06:28:56.020107","level":"info","event":"  2650K .......... .......... .......... .......... .......... 27% 54.7M 1s","logger":"airflow.task.hooks.airflow.providers.standard.hooks.subprocess.SubprocessHook"}
{"timestamp":"2025-07-17T06:28:56.022348","level":"info","event":"  2700K .......... .......... .......... .......... .......... 27% 19.9M 1s","logger":"airflow.task.hooks.airflow.providers.standard.hooks.subprocess.SubprocessHook"}
{"timestamp":"2025-07-17T06:28:56.034328","level":"info","event":"  2750K .......... .......... .......... .......... .......... 28% 4.71M 1s","logger":"airflow.task.hooks.airflow.providers.standard.hooks.subprocess.SubprocessHook"}
{"timestamp":"2025-07-17T06:28:56.036813","level":"info","event":"  2800K .......... .......... .......... .......... .......... 28% 13.2M 1s","logger":"airflow.task.hooks.airflow.providers.standard.hooks.subprocess.SubprocessHook"}
{"timestamp":"2025-07-17T06:28:56.036891","level":"info","event":"  2850K .......... .......... .......... .......... .......... 29%  231M 1s","logger":"airflow.task.hooks.airflow.providers.standard.hooks.subprocess.SubprocessHook"}
{"timestamp":"2025-07-17T06:28:56.039610","level":"info","event":"  2900K .......... .......... .......... .......... .......... 29% 24.0M 1s","logger":"airflow.task.hooks.airflow.providers.standard.hooks.subprocess.SubprocessHook"}
{"timestamp":"2025-07-17T06:28:56.043289","level":"info","event":"  2950K .......... .......... .......... .......... .......... 30% 11.2M 1s","logger":"airflow.task.hooks.airflow.providers.standard.hooks.subprocess.SubprocessHook"}
{"timestamp":"2025-07-17T06:28:56.047359","level":"info","event":"  3000K .......... .......... .......... .......... .......... 30% 12.2M 1s","logger":"airflow.task.hooks.airflow.providers.standard.hooks.subprocess.SubprocessHook"}
{"timestamp":"2025-07-17T06:28:56.050815","level":"info","event":"  3050K .......... .......... .......... .......... .......... 31% 13.9M 1s","logger":"airflow.task.hooks.airflow.providers.standard.hooks.subprocess.SubprocessHook"}
{"timestamp":"2025-07-17T06:28:56.054218","level":"info","event":"  3100K .......... .......... .......... .......... .......... 31% 13.4M 1s","logger":"airflow.task.hooks.airflow.providers.standard.hooks.subprocess.SubprocessHook"}
{"timestamp":"2025-07-17T06:28:56.060809","level":"info","event":"  3150K .......... .......... .......... .......... .......... 32% 7.55M 1s","logger":"airflow.task.hooks.airflow.providers.standard.hooks.subprocess.SubprocessHook"}
{"timestamp":"2025-07-17T06:28:56.060895","level":"info","event":"  3200K .......... .......... .......... .......... .......... 32%  203M 1s","logger":"airflow.task.hooks.airflow.providers.standard.hooks.subprocess.SubprocessHook"}
{"timestamp":"2025-07-17T06:28:56.063532","level":"info","event":"  3250K .......... .......... .......... .......... .......... 33% 19.6M 1s","logger":"airflow.task.hooks.airflow.providers.standard.hooks.subprocess.SubprocessHook"}
{"timestamp":"2025-07-17T06:28:56.072184","level":"info","event":"  3300K .......... .......... .......... .......... .......... 33% 6.10M 1s","logger":"airflow.task.hooks.airflow.providers.standard.hooks.subprocess.SubprocessHook"}
{"timestamp":"2025-07-17T06:28:56.072333","level":"info","event":"  3350K .......... .......... .......... .......... .......... 34%  256M 1s","logger":"airflow.task.hooks.airflow.providers.standard.hooks.subprocess.SubprocessHook"}
{"timestamp":"2025-07-17T06:28:56.073923","level":"info","event":"  3400K .......... .......... .......... .......... .......... 34% 20.8M 1s","logger":"airflow.task.hooks.airflow.providers.standard.hooks.subprocess.SubprocessHook"}
{"timestamp":"2025-07-17T06:28:56.084952","level":"info","event":"  3450K .......... .......... .......... .......... .......... 35% 4.59M 1s","logger":"airflow.task.hooks.airflow.providers.standard.hooks.subprocess.SubprocessHook"}
{"timestamp":"2025-07-17T06:28:56.085062","level":"info","event":"  3500K .......... .......... .......... .......... .......... 35%  206M 1s","logger":"airflow.task.hooks.airflow.providers.standard.hooks.subprocess.SubprocessHook"}
{"timestamp":"2025-07-17T06:28:56.088068","level":"info","event":"  3550K .......... .......... .......... .......... .......... 36% 15.3M 1s","logger":"airflow.task.hooks.airflow.providers.standard.hooks.subprocess.SubprocessHook"}
{"timestamp":"2025-07-17T06:28:56.091474","level":"info","event":"  3600K .......... .......... .......... .......... .......... 36% 16.6M 1s","logger":"airflow.task.hooks.airflow.providers.standard.hooks.subprocess.SubprocessHook"}
{"timestamp":"2025-07-17T06:28:56.095032","level":"info","event":"  3650K .......... .......... .......... .......... .......... 37% 14.4M 1s","logger":"airflow.task.hooks.airflow.providers.standard.hooks.subprocess.SubprocessHook"}
{"timestamp":"2025-07-17T06:28:56.100023","level":"info","event":"  3700K .......... .......... .......... .......... .......... 37% 8.73M 1s","logger":"airflow.task.hooks.airflow.providers.standard.hooks.subprocess.SubprocessHook"}
{"timestamp":"2025-07-17T06:28:56.105672","level":"info","event":"  3750K .......... .......... .......... .......... .......... 38% 9.12M 1s","logger":"airflow.task.hooks.airflow.providers.standard.hooks.subprocess.SubprocessHook"}
{"timestamp":"2025-07-17T06:28:56.109685","level":"info","event":"  3800K .......... .......... .......... .......... .......... 38% 11.3M 1s","logger":"airflow.task.hooks.airflow.providers.standard.hooks.subprocess.SubprocessHook"}
{"timestamp":"2025-07-17T06:28:56.119644","level":"info","event":"  3850K .......... .......... .......... .......... .......... 39% 5.05M 1s","logger":"airflow.task.hooks.airflow.providers.standard.hooks.subprocess.SubprocessHook"}
{"timestamp":"2025-07-17T06:28:56.129102","level":"info","event":"  3900K .......... .......... .......... .......... .......... 39% 7.37M 1s","logger":"airflow.task.hooks.airflow.providers.standard.hooks.subprocess.SubprocessHook"}
{"timestamp":"2025-07-17T06:28:56.133977","level":"info","event":"  3950K .......... .......... .......... .......... .......... 40% 6.17M 1s","logger":"airflow.task.hooks.airflow.providers.standard.hooks.subprocess.SubprocessHook"}
{"timestamp":"2025-07-17T06:28:56.134294","level":"info","event":"  4000K .......... .......... .......... .......... .......... 40%  190M 1s","logger":"airflow.task.hooks.airflow.providers.standard.hooks.subprocess.SubprocessHook"}
{"timestamp":"2025-07-17T06:28:56.140697","level":"info","event":"  4050K .......... .......... .......... .......... .......... 41% 7.77M 1s","logger":"airflow.task.hooks.airflow.providers.standard.hooks.subprocess.SubprocessHook"}
{"timestamp":"2025-07-17T06:28:56.149499","level":"info","event":"  4100K .......... .......... .......... .......... .......... 41% 5.69M 1s","logger":"airflow.task.hooks.airflow.providers.standard.hooks.subprocess.SubprocessHook"}
{"timestamp":"2025-07-17T06:28:56.149633","level":"info","event":"  4150K .......... .......... .......... .......... .......... 42% 93.7M 1s","logger":"airflow.task.hooks.airflow.providers.standard.hooks.subprocess.SubprocessHook"}
{"timestamp":"2025-07-17T06:28:56.153890","level":"info","event":"  4200K .......... .......... .......... .......... .......... 42% 12.3M 1s","logger":"airflow.task.hooks.airflow.providers.standard.hooks.subprocess.SubprocessHook"}
{"timestamp":"2025-07-17T06:28:56.156771","level":"info","event":"  4250K .......... .......... .......... .......... .......... 43% 14.9M 1s","logger":"airflow.task.hooks.airflow.providers.standard.hooks.subprocess.SubprocessHook"}
{"timestamp":"2025-07-17T06:28:56.162965","level":"info","event":"  4300K .......... .......... .......... .......... .......... 43% 9.04M 1s","logger":"airflow.task.hooks.airflow.providers.standard.hooks.subprocess.SubprocessHook"}
{"timestamp":"2025-07-17T06:28:56.165811","level":"info","event":"  4350K .......... .......... .......... .......... .......... 44% 16.4M 1s","logger":"airflow.task.hooks.airflow.providers.standard.hooks.subprocess.SubprocessHook"}
{"timestamp":"2025-07-17T06:28:56.169122","level":"info","event":"  4400K .......... .......... .......... .......... .......... 44% 12.3M 1s","logger":"airflow.task.hooks.airflow.providers.standard.hooks.subprocess.SubprocessHook"}
{"timestamp":"2025-07-17T06:28:56.173495","level":"info","event":"  4450K .......... .......... .......... .......... .......... 45% 11.8M 1s","logger":"airflow.task.hooks.airflow.providers.standard.hooks.subprocess.SubprocessHook"}
{"timestamp":"2025-07-17T06:28:56.176692","level":"info","event":"  4500K .......... .......... .......... .......... .......... 45% 14.3M 1s","logger":"airflow.task.hooks.airflow.providers.standard.hooks.subprocess.SubprocessHook"}
{"timestamp":"2025-07-17T06:28:56.178386","level":"info","event":"  4550K .......... .......... .......... .......... .......... 46% 38.2M 1s","logger":"airflow.task.hooks.airflow.providers.standard.hooks.subprocess.SubprocessHook"}
{"timestamp":"2025-07-17T06:28:56.185190","level":"info","event":"  4600K .......... .......... .......... .......... .......... 46% 6.75M 1s","logger":"airflow.task.hooks.airflow.providers.standard.hooks.subprocess.SubprocessHook"}
{"timestamp":"2025-07-17T06:28:56.191081","level":"info","event":"  4650K .......... .......... .......... .......... .......... 47% 8.34M 1s","logger":"airflow.task.hooks.airflow.providers.standard.hooks.subprocess.SubprocessHook"}
{"timestamp":"2025-07-17T06:28:56.191546","level":"info","event":"  4700K .......... .......... .......... .......... .......... 47%  228M 1s","logger":"airflow.task.hooks.airflow.providers.standard.hooks.subprocess.SubprocessHook"}
{"timestamp":"2025-07-17T06:28:56.197703","level":"info","event":"  4750K .......... .......... .......... .......... .......... 48% 13.3M 1s","logger":"airflow.task.hooks.airflow.providers.standard.hooks.subprocess.SubprocessHook"}
{"timestamp":"2025-07-17T06:28:56.198919","level":"info","event":"  4800K .......... .......... .......... .......... .......... 48% 12.5M 1s","logger":"airflow.task.hooks.airflow.providers.standard.hooks.subprocess.SubprocessHook"}
{"timestamp":"2025-07-17T06:28:56.207003","level":"info","event":"  4850K .......... .......... .......... .......... .......... 49% 6.78M 1s","logger":"airflow.task.hooks.airflow.providers.standard.hooks.subprocess.SubprocessHook"}
{"timestamp":"2025-07-17T06:28:56.214244","level":"info","event":"  4900K .......... .......... .......... .......... .......... 49% 6.45M 1s","logger":"airflow.task.hooks.airflow.providers.standard.hooks.subprocess.SubprocessHook"}
{"timestamp":"2025-07-17T06:28:56.214817","level":"info","event":"  4950K .......... .......... .......... .......... .......... 50% 38.7M 1s","logger":"airflow.task.hooks.airflow.providers.standard.hooks.subprocess.SubprocessHook"}
{"timestamp":"2025-07-17T06:28:56.218916","level":"info","event":"  5000K .......... .......... .......... .......... .......... 50% 13.1M 1s","logger":"airflow.task.hooks.airflow.providers.standard.hooks.subprocess.SubprocessHook"}
{"timestamp":"2025-07-17T06:28:56.220479","level":"info","event":"  5050K .......... .......... .......... .......... .......... 51% 25.4M 1s","logger":"airflow.task.hooks.airflow.providers.standard.hooks.subprocess.SubprocessHook"}
{"timestamp":"2025-07-17T06:28:56.223386","level":"info","event":"  5100K .......... .......... .......... .......... .......... 51% 18.3M 1s","logger":"airflow.task.hooks.airflow.providers.standard.hooks.subprocess.SubprocessHook"}
{"timestamp":"2025-07-17T06:28:56.227143","level":"info","event":"  5150K .......... .......... .......... .......... .......... 52% 13.1M 1s","logger":"airflow.task.hooks.airflow.providers.standard.hooks.subprocess.SubprocessHook"}
{"timestamp":"2025-07-17T06:28:56.232457","level":"info","event":"  5200K .......... .......... .......... .......... .......... 52% 10.3M 1s","logger":"airflow.task.hooks.airflow.providers.standard.hooks.subprocess.SubprocessHook"}
{"timestamp":"2025-07-17T06:28:56.234227","level":"info","event":"  5250K .......... .......... .......... .......... .......... 53% 21.5M 1s","logger":"airflow.task.hooks.airflow.providers.standard.hooks.subprocess.SubprocessHook"}
{"timestamp":"2025-07-17T06:28:56.238113","level":"info","event":"  5300K .......... .......... .......... .......... .......... 53% 12.1M 1s","logger":"airflow.task.hooks.airflow.providers.standard.hooks.subprocess.SubprocessHook"}
{"timestamp":"2025-07-17T06:28:56.240786","level":"info","event":"  5350K .......... .......... .......... .......... .......... 54% 17.7M 1s","logger":"airflow.task.hooks.airflow.providers.standard.hooks.subprocess.SubprocessHook"}
{"timestamp":"2025-07-17T06:28:56.246797","level":"info","event":"  5400K .......... .......... .......... .......... .......... 54% 8.83M 1s","logger":"airflow.task.hooks.airflow.providers.standard.hooks.subprocess.SubprocessHook"}
{"timestamp":"2025-07-17T06:28:56.248273","level":"info","event":"  5450K .......... .......... .......... .......... .......... 55% 30.2M 1s","logger":"airflow.task.hooks.airflow.providers.standard.hooks.subprocess.SubprocessHook"}
{"timestamp":"2025-07-17T06:28:56.248422","level":"info","event":"  5500K .......... .......... .......... .......... .......... 55% 80.9M 1s","logger":"airflow.task.hooks.airflow.providers.standard.hooks.subprocess.SubprocessHook"}
{"timestamp":"2025-07-17T06:28:56.254750","level":"info","event":"  5550K .......... .......... .......... .......... .......... 56% 11.6M 1s","logger":"airflow.task.hooks.airflow.providers.standard.hooks.subprocess.SubprocessHook"}
{"timestamp":"2025-07-17T06:28:56.260427","level":"info","event":"  5600K .......... .......... .......... .......... .......... 56% 6.70M 1s","logger":"airflow.task.hooks.airflow.providers.standard.hooks.subprocess.SubprocessHook"}
{"timestamp":"2025-07-17T06:28:56.264482","level":"info","event":"  5650K .......... .......... .......... .......... .......... 57% 17.3M 1s","logger":"airflow.task.hooks.airflow.providers.standard.hooks.subprocess.SubprocessHook"}
{"timestamp":"2025-07-17T06:28:56.264628","level":"info","event":"  5700K .......... .......... .......... .......... .......... 57%  215M 1s","logger":"airflow.task.hooks.airflow.providers.standard.hooks.subprocess.SubprocessHook"}
{"timestamp":"2025-07-17T06:28:56.265176","level":"info","event":"  5750K .......... .......... .......... .......... .......... 58% 71.9M 1s","logger":"airflow.task.hooks.airflow.providers.standard.hooks.subprocess.SubprocessHook"}
{"timestamp":"2025-07-17T06:28:56.267410","level":"info","event":"  5800K .......... .......... .......... .......... .......... 58% 14.7M 1s","logger":"airflow.task.hooks.airflow.providers.standard.hooks.subprocess.SubprocessHook"}
{"timestamp":"2025-07-17T06:28:56.268129","level":"info","event":"  5850K .......... .......... .......... .......... .......... 59% 45.8M 1s","logger":"airflow.task.hooks.airflow.providers.standard.hooks.subprocess.SubprocessHook"}
{"timestamp":"2025-07-17T06:28:56.273049","level":"info","event":"  5900K .......... .......... .......... .......... .......... 59% 10.3M 1s","logger":"airflow.task.hooks.airflow.providers.standard.hooks.subprocess.SubprocessHook"}
{"timestamp":"2025-07-17T06:28:56.274317","level":"info","event":"  5950K .......... .......... .......... .......... .......... 60% 36.6M 0s","logger":"airflow.task.hooks.airflow.providers.standard.hooks.subprocess.SubprocessHook"}
{"timestamp":"2025-07-17T06:28:56.274485","level":"info","event":"  6000K .......... .......... .......... .......... .......... 60%  176M 0s","logger":"airflow.task.hooks.airflow.providers.standard.hooks.subprocess.SubprocessHook"}
{"timestamp":"2025-07-17T06:28:56.277980","level":"info","event":"  6050K .......... .......... .......... .......... .......... 61% 13.7M 0s","logger":"airflow.task.hooks.airflow.providers.standard.hooks.subprocess.SubprocessHook"}
{"timestamp":"2025-07-17T06:28:56.281250","level":"info","event":"  6100K .......... .......... .......... .......... .......... 61% 15.7M 0s","logger":"airflow.task.hooks.airflow.providers.standard.hooks.subprocess.SubprocessHook"}
{"timestamp":"2025-07-17T06:28:56.286795","level":"info","event":"  6150K .......... .......... .......... .......... .......... 62% 9.76M 0s","logger":"airflow.task.hooks.airflow.providers.standard.hooks.subprocess.SubprocessHook"}
{"timestamp":"2025-07-17T06:28:56.288876","level":"info","event":"  6200K .......... .......... .......... .......... .......... 62% 28.2M 0s","logger":"airflow.task.hooks.airflow.providers.standard.hooks.subprocess.SubprocessHook"}
{"timestamp":"2025-07-17T06:28:56.291201","level":"info","event":"  6250K .......... .......... .......... .......... .......... 63% 15.8M 0s","logger":"airflow.task.hooks.airflow.providers.standard.hooks.subprocess.SubprocessHook"}
{"timestamp":"2025-07-17T06:28:56.293781","level":"info","event":"  6300K .......... .......... .......... .......... .......... 63% 17.8M 0s","logger":"airflow.task.hooks.airflow.providers.standard.hooks.subprocess.SubprocessHook"}
{"timestamp":"2025-07-17T06:28:56.293912","level":"info","event":"  6350K .......... .......... .......... .......... .......... 64%  188M 0s","logger":"airflow.task.hooks.airflow.providers.standard.hooks.subprocess.SubprocessHook"}
{"timestamp":"2025-07-17T06:28:56.294086","level":"info","event":"  6400K .......... .......... .......... .......... .......... 64%  188M 0s","logger":"airflow.task.hooks.airflow.providers.standard.hooks.subprocess.SubprocessHook"}
{"timestamp":"2025-07-17T06:28:56.296115","level":"info","event":"  6450K .......... .......... .......... .......... .......... 65% 24.0M 0s","logger":"airflow.task.hooks.airflow.providers.standard.hooks.subprocess.SubprocessHook"}
{"timestamp":"2025-07-17T06:28:56.299072","level":"info","event":"  6500K .......... .......... .......... .......... .......... 65% 17.2M 0s","logger":"airflow.task.hooks.airflow.providers.standard.hooks.subprocess.SubprocessHook"}
{"timestamp":"2025-07-17T06:28:56.302437","level":"info","event":"  6550K .......... .......... .......... .......... .......... 66% 17.9M 0s","logger":"airflow.task.hooks.airflow.providers.standard.hooks.subprocess.SubprocessHook"}
{"timestamp":"2025-07-17T06:28:56.309212","level":"info","event":"  6600K .......... .......... .......... .......... .......... 66% 7.02M 0s","logger":"airflow.task.hooks.airflow.providers.standard.hooks.subprocess.SubprocessHook"}
{"timestamp":"2025-07-17T06:28:56.310370","level":"info","event":"  6650K .......... .......... .......... .......... .......... 67% 31.6M 0s","logger":"airflow.task.hooks.airflow.providers.standard.hooks.subprocess.SubprocessHook"}
{"timestamp":"2025-07-17T06:28:56.312064","level":"info","event":"  6700K .......... .......... .......... .......... .......... 67% 77.1M 0s","logger":"airflow.task.hooks.airflow.providers.standard.hooks.subprocess.SubprocessHook"}
{"timestamp":"2025-07-17T06:28:56.312573","level":"info","event":"  6750K .......... .......... .......... .......... .......... 68% 65.0M 0s","logger":"airflow.task.hooks.airflow.providers.standard.hooks.subprocess.SubprocessHook"}
{"timestamp":"2025-07-17T06:28:56.315754","level":"info","event":"  6800K .......... .......... .......... .......... .......... 68% 15.9M 0s","logger":"airflow.task.hooks.airflow.providers.standard.hooks.subprocess.SubprocessHook"}
{"timestamp":"2025-07-17T06:28:56.316066","level":"info","event":"  6850K .......... .......... .......... .......... .......... 69% 69.2M 0s","logger":"airflow.task.hooks.airflow.providers.standard.hooks.subprocess.SubprocessHook"}
{"timestamp":"2025-07-17T06:28:56.319559","level":"info","event":"  6900K .......... .......... .......... .......... .......... 69% 15.6M 0s","logger":"airflow.task.hooks.airflow.providers.standard.hooks.subprocess.SubprocessHook"}
{"timestamp":"2025-07-17T06:28:56.321235","level":"info","event":"  6950K .......... .......... .......... .......... .......... 70% 82.0M 0s","logger":"airflow.task.hooks.airflow.providers.standard.hooks.subprocess.SubprocessHook"}
{"timestamp":"2025-07-17T06:28:56.322140","level":"info","event":"  7000K .......... .......... .......... .......... .......... 70% 16.5M 0s","logger":"airflow.task.hooks.airflow.providers.standard.hooks.subprocess.SubprocessHook"}
{"timestamp":"2025-07-17T06:28:56.327180","level":"info","event":"  7050K .......... .......... .......... .......... .......... 71% 10.2M 0s","logger":"airflow.task.hooks.airflow.providers.standard.hooks.subprocess.SubprocessHook"}
{"timestamp":"2025-07-17T06:28:56.327284","level":"info","event":"  7100K .......... .......... .......... .......... .......... 71%  132M 0s","logger":"airflow.task.hooks.airflow.providers.standard.hooks.subprocess.SubprocessHook"}
{"timestamp":"2025-07-17T06:28:56.330353","level":"info","event":"  7150K .......... .......... .......... .......... .......... 72% 20.9M 0s","logger":"airflow.task.hooks.airflow.providers.standard.hooks.subprocess.SubprocessHook"}
{"timestamp":"2025-07-17T06:28:56.330442","level":"info","event":"  7200K .......... .......... .......... .......... .......... 72%  158M 0s","logger":"airflow.task.hooks.airflow.providers.standard.hooks.subprocess.SubprocessHook"}
{"timestamp":"2025-07-17T06:28:56.331066","level":"info","event":"  7250K .......... .......... .......... .......... .......... 73% 41.7M 0s","logger":"airflow.task.hooks.airflow.providers.standard.hooks.subprocess.SubprocessHook"}
{"timestamp":"2025-07-17T06:28:56.342648","level":"info","event":"  7300K .......... .......... .......... .......... .......... 73% 4.35M 0s","logger":"airflow.task.hooks.airflow.providers.standard.hooks.subprocess.SubprocessHook"}
{"timestamp":"2025-07-17T06:28:56.343438","level":"info","event":"  7350K .......... .......... .......... .......... .......... 74%  179M 0s","logger":"airflow.task.hooks.airflow.providers.standard.hooks.subprocess.SubprocessHook"}
{"timestamp":"2025-07-17T06:28:56.343735","level":"info","event":"  7400K .......... .......... .......... .......... .......... 74% 44.4M 0s","logger":"airflow.task.hooks.airflow.providers.standard.hooks.subprocess.SubprocessHook"}
{"timestamp":"2025-07-17T06:28:56.344737","level":"info","event":"  7450K .......... .......... .......... .......... .......... 75%  193M 0s","logger":"airflow.task.hooks.airflow.providers.standard.hooks.subprocess.SubprocessHook"}
{"timestamp":"2025-07-17T06:28:56.352223","level":"info","event":"  7500K .......... .......... .......... .......... .......... 75% 6.94M 0s","logger":"airflow.task.hooks.airflow.providers.standard.hooks.subprocess.SubprocessHook"}
{"timestamp":"2025-07-17T06:28:56.352332","level":"info","event":"  7550K .......... .......... .......... .......... .......... 76% 93.2M 0s","logger":"airflow.task.hooks.airflow.providers.standard.hooks.subprocess.SubprocessHook"}
{"timestamp":"2025-07-17T06:28:56.357943","level":"info","event":"  7600K .......... .......... .......... .......... .......... 76% 9.06M 0s","logger":"airflow.task.hooks.airflow.providers.standard.hooks.subprocess.SubprocessHook"}
{"timestamp":"2025-07-17T06:28:56.366032","level":"info","event":"  7650K .......... .......... .......... .......... .......... 77% 5.80M 0s","logger":"airflow.task.hooks.airflow.providers.standard.hooks.subprocess.SubprocessHook"}
{"timestamp":"2025-07-17T06:28:56.366183","level":"info","event":"  7700K .......... .......... .......... .......... .......... 77% 95.7M 0s","logger":"airflow.task.hooks.airflow.providers.standard.hooks.subprocess.SubprocessHook"}
{"timestamp":"2025-07-17T06:28:56.370281","level":"info","event":"  7750K .......... .......... .......... .......... .......... 78% 11.0M 0s","logger":"airflow.task.hooks.airflow.providers.standard.hooks.subprocess.SubprocessHook"}
{"timestamp":"2025-07-17T06:28:56.370467","level":"info","event":"  7800K .......... .......... .......... .......... .......... 78%  262M 0s","logger":"airflow.task.hooks.airflow.providers.standard.hooks.subprocess.SubprocessHook"}
{"timestamp":"2025-07-17T06:28:56.372003","level":"info","event":"  7850K .......... .......... .......... .......... .......... 79% 33.8M 0s","logger":"airflow.task.hooks.airflow.providers.standard.hooks.subprocess.SubprocessHook"}
{"timestamp":"2025-07-17T06:28:56.372078","level":"info","event":"  7900K .......... .......... .......... .......... .......... 79%  322M 0s","logger":"airflow.task.hooks.airflow.providers.standard.hooks.subprocess.SubprocessHook"}
{"timestamp":"2025-07-17T06:28:56.373422","level":"info","event":"  7950K .......... .......... .......... .......... .......... 80% 46.8M 0s","logger":"airflow.task.hooks.airflow.providers.standard.hooks.subprocess.SubprocessHook"}
{"timestamp":"2025-07-17T06:28:56.373516","level":"info","event":"  8000K .......... .......... .......... .......... .......... 80%  219M 0s","logger":"airflow.task.hooks.airflow.providers.standard.hooks.subprocess.SubprocessHook"}
{"timestamp":"2025-07-17T06:28:56.373597","level":"info","event":"  8050K .......... .......... .......... .......... .......... 81%  141M 0s","logger":"airflow.task.hooks.airflow.providers.standard.hooks.subprocess.SubprocessHook"}
{"timestamp":"2025-07-17T06:28:56.376424","level":"info","event":"  8100K .......... .......... .......... .......... .......... 81% 18.4M 0s","logger":"airflow.task.hooks.airflow.providers.standard.hooks.subprocess.SubprocessHook"}
{"timestamp":"2025-07-17T06:28:56.376720","level":"info","event":"  8150K .......... .......... .......... .......... .......... 82%  211M 0s","logger":"airflow.task.hooks.airflow.providers.standard.hooks.subprocess.SubprocessHook"}
{"timestamp":"2025-07-17T06:28:56.376816","level":"info","event":"  8200K .......... .......... .......... .......... .......... 82%  238M 0s","logger":"airflow.task.hooks.airflow.providers.standard.hooks.subprocess.SubprocessHook"}
{"timestamp":"2025-07-17T06:28:56.377431","level":"info","event":"  8250K .......... .......... .......... .......... .......... 83% 85.8M 0s","logger":"airflow.task.hooks.airflow.providers.standard.hooks.subprocess.SubprocessHook"}
{"timestamp":"2025-07-17T06:28:56.385284","level":"info","event":"  8300K .......... .......... .......... .......... .......... 83% 8.72M 0s","logger":"airflow.task.hooks.airflow.providers.standard.hooks.subprocess.SubprocessHook"}
{"timestamp":"2025-07-17T06:28:56.387318","level":"info","event":"  8350K .......... .......... .......... .......... .......... 84% 11.2M 0s","logger":"airflow.task.hooks.airflow.providers.standard.hooks.subprocess.SubprocessHook"}
{"timestamp":"2025-07-17T06:28:56.427147","level":"info","event":"  8400K .......... .......... .......... .......... .......... 84% 1.25M 0s","logger":"airflow.task.hooks.airflow.providers.standard.hooks.subprocess.SubprocessHook"}
{"timestamp":"2025-07-17T06:28:56.473017","level":"info","event":"  8450K .......... .......... .......... .......... .......... 85% 1.27M 0s","logger":"airflow.task.hooks.airflow.providers.standard.hooks.subprocess.SubprocessHook"}
{"timestamp":"2025-07-17T06:28:56.473208","level":"info","event":"  8500K .......... .......... .......... .......... .......... 85% 60.3M 0s","logger":"airflow.task.hooks.airflow.providers.standard.hooks.subprocess.SubprocessHook"}
{"timestamp":"2025-07-17T06:28:56.473284","level":"info","event":"  8550K .......... .......... .......... .......... .......... 86% 7.98M 0s","logger":"airflow.task.hooks.airflow.providers.standard.hooks.subprocess.SubprocessHook"}
{"timestamp":"2025-07-17T06:28:56.473330","level":"info","event":"  8600K .......... .......... .......... .......... .......... 86%  170M 0s","logger":"airflow.task.hooks.airflow.providers.standard.hooks.subprocess.SubprocessHook"}
{"timestamp":"2025-07-17T06:28:56.473438","level":"info","event":"  8650K .......... .......... .......... .......... .......... 87%  109M 0s","logger":"airflow.task.hooks.airflow.providers.standard.hooks.subprocess.SubprocessHook"}
{"timestamp":"2025-07-17T06:28:56.473813","level":"info","event":"  8700K .......... .......... .......... .......... .......... 87% 36.9M 0s","logger":"airflow.task.hooks.airflow.providers.standard.hooks.subprocess.SubprocessHook"}
{"timestamp":"2025-07-17T06:28:56.474567","level":"info","event":"  8750K .......... .......... .......... .......... .......... 88% 62.4M 0s","logger":"airflow.task.hooks.airflow.providers.standard.hooks.subprocess.SubprocessHook"}
{"timestamp":"2025-07-17T06:28:56.475112","level":"info","event":"  8800K .......... .......... .......... .......... .......... 88% 65.5M 0s","logger":"airflow.task.hooks.airflow.providers.standard.hooks.subprocess.SubprocessHook"}
{"timestamp":"2025-07-17T06:28:56.476723","level":"info","event":"  8850K .......... .......... .......... .......... .......... 89% 82.9M 0s","logger":"airflow.task.hooks.airflow.providers.standard.hooks.subprocess.SubprocessHook"}
{"timestamp":"2025-07-17T06:28:56.476835","level":"info","event":"  8900K .......... .......... .......... .......... .......... 89%  146M 0s","logger":"airflow.task.hooks.airflow.providers.standard.hooks.subprocess.SubprocessHook"}
{"timestamp":"2025-07-17T06:28:56.476890","level":"info","event":"  8950K .......... .......... .......... .......... .......... 90%  257M 0s","logger":"airflow.task.hooks.airflow.providers.standard.hooks.subprocess.SubprocessHook"}
{"timestamp":"2025-07-17T06:28:56.476928","level":"info","event":"  9000K .......... .......... .......... .......... .......... 90%  204M 0s","logger":"airflow.task.hooks.airflow.providers.standard.hooks.subprocess.SubprocessHook"}
{"timestamp":"2025-07-17T06:28:56.476952","level":"info","event":"  9050K .......... .......... .......... .......... .......... 91%  267M 0s","logger":"airflow.task.hooks.airflow.providers.standard.hooks.subprocess.SubprocessHook"}
{"timestamp":"2025-07-17T06:28:56.476982","level":"info","event":"  9100K .......... .......... .......... .......... .......... 91%  164M 0s","logger":"airflow.task.hooks.airflow.providers.standard.hooks.subprocess.SubprocessHook"}
{"timestamp":"2025-07-17T06:28:56.478725","level":"info","event":"  9150K .......... .......... .......... .......... .......... 92%  275M 0s","logger":"airflow.task.hooks.airflow.providers.standard.hooks.subprocess.SubprocessHook"}
{"timestamp":"2025-07-17T06:28:56.479287","level":"info","event":"  9200K .......... .......... .......... .......... .......... 92%  179M 0s","logger":"airflow.task.hooks.airflow.providers.standard.hooks.subprocess.SubprocessHook"}
{"timestamp":"2025-07-17T06:28:56.496804","level":"info","event":"  9250K .......... .......... .......... .......... .......... 93% 7.65M 0s","logger":"airflow.task.hooks.airflow.providers.standard.hooks.subprocess.SubprocessHook"}
{"timestamp":"2025-07-17T06:28:56.504690","level":"info","event":"  9300K .......... .......... .......... .......... .......... 93% 2.59M 0s","logger":"airflow.task.hooks.airflow.providers.standard.hooks.subprocess.SubprocessHook"}
{"timestamp":"2025-07-17T06:28:56.504770","level":"info","event":"  9350K .......... .......... .......... .......... .......... 94%  246M 0s","logger":"airflow.task.hooks.airflow.providers.standard.hooks.subprocess.SubprocessHook"}
{"timestamp":"2025-07-17T06:28:56.505046","level":"info","event":"  9400K .......... .......... .......... .......... .......... 94% 22.2M 0s","logger":"airflow.task.hooks.airflow.providers.standard.hooks.subprocess.SubprocessHook"}
{"timestamp":"2025-07-17T06:28:56.526013","level":"info","event":"  9450K .......... .......... .......... .......... .......... 95% 6.75M 0s","logger":"airflow.task.hooks.airflow.providers.standard.hooks.subprocess.SubprocessHook"}
{"timestamp":"2025-07-17T06:28:56.526272","level":"info","event":"  9500K .......... .......... .......... .......... .......... 95% 9.49M 0s","logger":"airflow.task.hooks.airflow.providers.standard.hooks.subprocess.SubprocessHook"}
{"timestamp":"2025-07-17T06:28:56.527461","level":"info","event":"  9550K .......... .......... .......... .......... .......... 96% 72.7M 0s","logger":"airflow.task.hooks.airflow.providers.standard.hooks.subprocess.SubprocessHook"}
{"timestamp":"2025-07-17T06:28:56.529323","level":"info","event":"  9600K .......... .......... .......... .......... .......... 96% 57.1M 0s","logger":"airflow.task.hooks.airflow.providers.standard.hooks.subprocess.SubprocessHook"}
{"timestamp":"2025-07-17T06:28:56.530538","level":"info","event":"  9650K .......... .......... .......... .......... .......... 97% 40.4M 0s","logger":"airflow.task.hooks.airflow.providers.standard.hooks.subprocess.SubprocessHook"}
{"timestamp":"2025-07-17T06:28:56.530640","level":"info","event":"  9700K .......... .......... .......... .......... .......... 97% 37.7M 0s","logger":"airflow.task.hooks.airflow.providers.standard.hooks.subprocess.SubprocessHook"}
{"timestamp":"2025-07-17T06:28:56.530676","level":"info","event":"  9750K .......... .......... .......... .......... .......... 98% 23.1M 0s","logger":"airflow.task.hooks.airflow.providers.standard.hooks.subprocess.SubprocessHook"}
{"timestamp":"2025-07-17T06:28:56.530970","level":"info","event":"  9800K .......... .......... .......... .......... .......... 98%  107M 0s","logger":"airflow.task.hooks.airflow.providers.standard.hooks.subprocess.SubprocessHook"}
{"timestamp":"2025-07-17T06:28:56.531060","level":"info","event":"  9850K .......... .......... .......... .......... .......... 99% 75.8M 0s","logger":"airflow.task.hooks.airflow.providers.standard.hooks.subprocess.SubprocessHook"}
{"timestamp":"2025-07-17T06:28:56.531116","level":"info","event":"  9900K .......... .......... .......... .......... .......... 99%  131M 0s","logger":"airflow.task.hooks.airflow.providers.standard.hooks.subprocess.SubprocessHook"}
{"timestamp":"2025-07-17T06:28:56.535385","level":"info","event":"  9950K .......... .......                                    100%  204M=1.0s","logger":"airflow.task.hooks.airflow.providers.standard.hooks.subprocess.SubprocessHook"}
{"timestamp":"2025-07-17T06:28:56.535481","level":"info","event":"","logger":"airflow.task.hooks.airflow.providers.standard.hooks.subprocess.SubprocessHook"}
{"timestamp":"2025-07-17T06:28:56.535543","level":"info","event":"2025-07-17 06:28:56 (9.74 MB/s) - ‘/opt/airflow/yellow_tripdata_2020-06.csv.gz’ saved [10206684/10206684]","logger":"airflow.task.hooks.airflow.providers.standard.hooks.subprocess.SubprocessHook"}
{"timestamp":"2025-07-17T06:28:56.535755","level":"info","event":"","logger":"airflow.task.hooks.airflow.providers.standard.hooks.subprocess.SubprocessHook"}
{"timestamp":"2025-07-17T06:28:57.224309","level":"info","event":"Command exited with return code 0","logger":"airflow.task.hooks.airflow.providers.standard.hooks.subprocess.SubprocessHook"}
{"timestamp":"2025-07-17T06:28:57.228117","level":"info","event":"Pushing xcom","ti":"RuntimeTaskInstance(id=UUID('01981712-49f2-7485-9256-c3d132f4c0fb'), task_id='wget_trips_csvgz', dag_id='local_ingestion_pg_yellow', run_id='scheduled__2020-06-02T06:00:00+00:00', try_number=1, map_index=-1, hostname='3f7f1d329e72', context_carrier={}, task=<Task(BashOperator): wget_trips_csvgz>, bundle_instance=LocalDagBundle(name=dags-folder), max_tries=0, start_date=datetime.datetime(2025, 7, 17, 6, 28, 52, 360214, tzinfo=TzInfo(UTC)), end_date=None, state=<TaskInstanceState.RUNNING: 'running'>, is_mapped=False, rendered_map_index=None)","logger":"task"}
{"timestamp":"2025-07-17T07:55:23.732900","level":"info","event":"DAG bundles loaded: dags-folder","logger":"airflow.dag_processing.bundles.manager.DagBundlesManager"}
{"timestamp":"2025-07-17T07:55:23.733499","level":"info","event":"Filling up the DagBag from /opt/airflow/dags/data_ingestion_localpg_dag.py","logger":"airflow.models.dagbag.DagBag"}
{"timestamp":"2025-07-17T07:55:24.181870","level":"info","event":"Tmp dir root location: /tmp","logger":"airflow.task.hooks.airflow.providers.standard.hooks.subprocess.SubprocessHook"}
{"timestamp":"2025-07-17T07:55:24.183591","level":"info","event":"Running command: ['/usr/bin/bash', '-c', 'wget https://github.com/DataTalksClub/nyc-tlc-data/releases/download/green/yellow_tripdata_2020-06.csv.gz -O /opt/airflow/yellow_tripdata_2020-06.csv.gz && gunzip -f /opt/airflow/yellow_tripdata_2020-06.csv.gz || rm -f /opt/airflow/yellow_tripdata_2020-06.csv.gz']","logger":"airflow.task.hooks.airflow.providers.standard.hooks.subprocess.SubprocessHook"}
{"timestamp":"2025-07-17T07:55:24.198786","level":"info","event":"Output:","logger":"airflow.task.hooks.airflow.providers.standard.hooks.subprocess.SubprocessHook"}
{"timestamp":"2025-07-17T07:55:24.212586","level":"info","event":"--2025-07-17 07:55:24--  https://github.com/DataTalksClub/nyc-tlc-data/releases/download/green/yellow_tripdata_2020-06.csv.gz","logger":"airflow.task.hooks.airflow.providers.standard.hooks.subprocess.SubprocessHook"}
{"timestamp":"2025-07-17T07:55:24.243223","level":"info","event":"Resolving github.com (github.com)... 20.205.243.166","logger":"airflow.task.hooks.airflow.providers.standard.hooks.subprocess.SubprocessHook"}
{"timestamp":"2025-07-17T07:55:24.257727","level":"info","event":"Connecting to github.com (github.com)|20.205.243.166|:443... connected.","logger":"airflow.task.hooks.airflow.providers.standard.hooks.subprocess.SubprocessHook"}
{"timestamp":"2025-07-17T07:55:24.604737","level":"info","event":"HTTP request sent, awaiting response... 404 Not Found","logger":"airflow.task.hooks.airflow.providers.standard.hooks.subprocess.SubprocessHook"}
{"timestamp":"2025-07-17T07:55:24.604979","level":"info","event":"2025-07-17 07:55:24 ERROR 404: Not Found.","logger":"airflow.task.hooks.airflow.providers.standard.hooks.subprocess.SubprocessHook"}
{"timestamp":"2025-07-17T07:55:24.605048","level":"info","event":"","logger":"airflow.task.hooks.airflow.providers.standard.hooks.subprocess.SubprocessHook"}
{"timestamp":"2025-07-17T07:55:24.608190","level":"info","event":"Command exited with return code 0","logger":"airflow.task.hooks.airflow.providers.standard.hooks.subprocess.SubprocessHook"}
{"timestamp":"2025-07-17T07:55:24.609640","level":"info","event":"Pushing xcom","ti":"RuntimeTaskInstance(id=UUID('01981761-8386-70da-a9f0-fb68c589f3a4'), task_id='wget_trips_csvgz', dag_id='local_ingestion_pg_yellow', run_id='scheduled__2020-06-02T06:00:00+00:00', try_number=1, map_index=-1, hostname='3f7f1d329e72', context_carrier={}, task=<Task(BashOperator): wget_trips_csvgz>, bundle_instance=LocalDagBundle(name=dags-folder), max_tries=0, start_date=datetime.datetime(2025, 7, 17, 7, 55, 23, 520386, tzinfo=TzInfo(UTC)), end_date=None, state=<TaskInstanceState.RUNNING: 'running'>, is_mapped=False, rendered_map_index=None)","logger":"task"}
