{"timestamp":"2025-07-13T16:41:59.751445","level":"info","event":"DAG bundles loaded: dags-folder","logger":"airflow.dag_processing.bundles.manager.DagBundlesManager"}
{"timestamp":"2025-07-13T16:41:59.752524","level":"info","event":"Filling up the DagBag from /opt/airflow/dags/data_ingestion_gcs_dag.py","logger":"airflow.models.dagbag.DagBag"}
{"timestamp":"2025-07-13T16:42:01.496044","level":"info","event":"Tmp dir root location: /tmp","logger":"airflow.task.hooks.airflow.providers.standard.hooks.subprocess.SubprocessHook"}
{"timestamp":"2025-07-13T16:42:01.497999","level":"info","event":"Running command: ['/usr/bin/bash', '-c', 'wget https://github.com/DataTalksClub/nyc-tlc-data/releases/download/fhv/fhv_tripdata_{yymm}.csv.gz -O /opt/airflow/fhv_tripdata_{yymm}.csv.gz && gunzip /opt/airflow/fhv_tripdata_{yymm}.csv.gz']","logger":"airflow.task.hooks.airflow.providers.standard.hooks.subprocess.SubprocessHook"}
{"timestamp":"2025-07-13T16:42:01.535272","level":"info","event":"Output:","logger":"airflow.task.hooks.airflow.providers.standard.hooks.subprocess.SubprocessHook"}
{"timestamp":"2025-07-13T16:42:01.547936","level":"info","event":"--2025-07-13 16:42:01--  https://github.com/DataTalksClub/nyc-tlc-data/releases/download/fhv/fhv_tripdata_%7Byymm%7D.csv.gz","logger":"airflow.task.hooks.airflow.providers.standard.hooks.subprocess.SubprocessHook"}
{"timestamp":"2025-07-13T16:42:01.613662","level":"info","event":"Resolving github.com (github.com)... 20.205.243.166","logger":"airflow.task.hooks.airflow.providers.standard.hooks.subprocess.SubprocessHook"}
{"timestamp":"2025-07-13T16:42:01.625410","level":"info","event":"Connecting to github.com (github.com)|20.205.243.166|:443... connected.","logger":"airflow.task.hooks.airflow.providers.standard.hooks.subprocess.SubprocessHook"}
{"timestamp":"2025-07-13T16:42:01.876962","level":"info","event":"HTTP request sent, awaiting response... 404 Not Found","logger":"airflow.task.hooks.airflow.providers.standard.hooks.subprocess.SubprocessHook"}
{"timestamp":"2025-07-13T16:42:01.877168","level":"info","event":"2025-07-13 16:42:01 ERROR 404: Not Found.","logger":"airflow.task.hooks.airflow.providers.standard.hooks.subprocess.SubprocessHook"}
{"timestamp":"2025-07-13T16:42:01.877327","level":"info","event":"","logger":"airflow.task.hooks.airflow.providers.standard.hooks.subprocess.SubprocessHook"}
{"timestamp":"2025-07-13T16:42:01.878757","level":"info","event":"Command exited with return code 8","logger":"airflow.task.hooks.airflow.providers.standard.hooks.subprocess.SubprocessHook"}
{"timestamp":"2025-07-13T16:42:01.879471","level":"error","event":"Task failed with exception","logger":"task","error_detail":[{"exc_type":"AirflowException","exc_value":"Bash command failed. The command returned a non-zero exit code 8.","exc_notes":[],"syntax_error":null,"is_cause":false,"frames":[{"filename":"/home/airflow/.local/lib/python3.12/site-packages/airflow/sdk/execution_time/task_runner.py","lineno":867,"name":"run"},{"filename":"/home/airflow/.local/lib/python3.12/site-packages/airflow/sdk/execution_time/task_runner.py","lineno":1159,"name":"_execute_task"},{"filename":"/home/airflow/.local/lib/python3.12/site-packages/airflow/sdk/bases/operator.py","lineno":397,"name":"wrapper"},{"filename":"/home/airflow/.local/lib/python3.12/site-packages/airflow/providers/standard/operators/bash.py","lineno":233,"name":"execute"}],"is_group":false,"exceptions":[]}]}
{"timestamp":"2025-07-13T16:50:23.789167","level":"info","event":"DAG bundles loaded: dags-folder","logger":"airflow.dag_processing.bundles.manager.DagBundlesManager"}
{"timestamp":"2025-07-13T16:50:23.803157","level":"info","event":"Filling up the DagBag from /opt/airflow/dags/data_ingestion_gcs_dag.py","logger":"airflow.models.dagbag.DagBag"}
{"timestamp":"2025-07-13T16:50:30.243606","level":"info","event":"Tmp dir root location: /tmp","logger":"airflow.task.hooks.airflow.providers.standard.hooks.subprocess.SubprocessHook"}
{"timestamp":"2025-07-13T16:50:30.293189","level":"info","event":"Running command: ['/usr/bin/bash', '-c', 'echo https://github.com/DataTalksClub/nyc-tlc-data/releases/download/fhv/fhv_tripdata_2019-08.csv.gz && wget https://github.com/DataTalksClub/nyc-tlc-data/releases/download/fhv/fhv_tripdata_2019-08.csv.gz -O /opt/airflow/fhv_tripdata_2019-08.csv.gz && gunzip /opt/airflow/fhv_tripdata_2019-08.csv.gz']","logger":"airflow.task.hooks.airflow.providers.standard.hooks.subprocess.SubprocessHook"}
{"timestamp":"2025-07-13T16:50:30.552782","level":"info","event":"Output:","logger":"airflow.task.hooks.airflow.providers.standard.hooks.subprocess.SubprocessHook"}
{"timestamp":"2025-07-13T16:50:30.573860","level":"info","event":"https://github.com/DataTalksClub/nyc-tlc-data/releases/download/fhv/fhv_tripdata_2019-08.csv.gz","logger":"airflow.task.hooks.airflow.providers.standard.hooks.subprocess.SubprocessHook"}
{"timestamp":"2025-07-13T16:50:30.695265","level":"info","event":"--2025-07-13 16:50:30--  https://github.com/DataTalksClub/nyc-tlc-data/releases/download/fhv/fhv_tripdata_2019-08.csv.gz","logger":"airflow.task.hooks.airflow.providers.standard.hooks.subprocess.SubprocessHook"}
{"timestamp":"2025-07-13T16:50:30.977509","level":"info","event":"Resolving github.com (github.com)... 20.205.243.166","logger":"airflow.task.hooks.airflow.providers.standard.hooks.subprocess.SubprocessHook"}
{"timestamp":"2025-07-13T16:50:31.009438","level":"info","event":"Connecting to github.com (github.com)|20.205.243.166|:443... connected.","logger":"airflow.task.hooks.airflow.providers.standard.hooks.subprocess.SubprocessHook"}
{"timestamp":"2025-07-13T16:50:31.523150","level":"info","event":"HTTP request sent, awaiting response... 302 Found","logger":"airflow.task.hooks.airflow.providers.standard.hooks.subprocess.SubprocessHook"}
{"timestamp":"2025-07-13T16:50:31.526241","level":"info","event":"Location: https://release-assets.githubusercontent.com/github-production-release-asset/513814948/bb8dcee5-63db-4488-8622-23bdf274fbe0?sp=r&sv=2018-11-09&sr=b&spr=https&se=2025-07-13T17%3A38%3A39Z&rscd=attachment%3B+filename%3Dfhv_tripdata_2019-08.csv.gz&rsct=application%2Foctet-stream&skoid=96c2d410-5711-43a1-aedd-ab1947aa7ab0&sktid=398a6654-997b-47e9-b12b-9515b896b4de&skt=2025-07-13T16%3A38%3A37Z&ske=2025-07-13T17%3A38%3A39Z&sks=b&skv=2018-11-09&sig=Mxq14q9%2B4dlE9kSK6IR8Ip4LL%2FXZ8WfVQ8uP8a5qIzo%3D&jwt=eyJ******&response-content-disposition=attachment%3B%20filename%3Dfhv_tripdata_2019-08.csv.gz&response-content-type=application%2Foctet-stream [following]","logger":"airflow.task.hooks.airflow.providers.standard.hooks.subprocess.SubprocessHook"}
{"timestamp":"2025-07-13T16:50:31.527029","level":"info","event":"--2025-07-13 16:50:31--  https://release-assets.githubusercontent.com/github-production-release-asset/513814948/bb8dcee5-63db-4488-8622-23bdf274fbe0?sp=r&sv=2018-11-09&sr=b&spr=https&se=2025-07-13T17%3A38%3A39Z&rscd=attachment%3B+filename%3Dfhv_tripdata_2019-08.csv.gz&rsct=application%2Foctet-stream&skoid=96c2d410-5711-43a1-aedd-ab1947aa7ab0&sktid=398a6654-997b-47e9-b12b-9515b896b4de&skt=2025-07-13T16%3A38%3A37Z&ske=2025-07-13T17%3A38%3A39Z&sks=b&skv=2018-11-09&sig=Mxq14q9%2B4dlE9kSK6IR8Ip4LL%2FXZ8WfVQ8uP8a5qIzo%3D&jwt=eyJ******&response-content-disposition=attachment%3B%20filename%3Dfhv_tripdata_2019-08.csv.gz&response-content-type=application%2Foctet-stream","logger":"airflow.task.hooks.airflow.providers.standard.hooks.subprocess.SubprocessHook"}
{"timestamp":"2025-07-13T16:50:31.559071","level":"info","event":"Resolving release-assets.githubusercontent.com (release-assets.githubusercontent.com)... 185.199.111.133, 185.199.109.133, 185.199.108.133, ...","logger":"airflow.task.hooks.airflow.providers.standard.hooks.subprocess.SubprocessHook"}
{"timestamp":"2025-07-13T16:50:31.576639","level":"info","event":"Connecting to release-assets.githubusercontent.com (release-assets.githubusercontent.com)|185.199.111.133|:443... connected.","logger":"airflow.task.hooks.airflow.providers.standard.hooks.subprocess.SubprocessHook"}
{"timestamp":"2025-07-13T16:50:31.865041","level":"info","event":"HTTP request sent, awaiting response... 200 OK","logger":"airflow.task.hooks.airflow.providers.standard.hooks.subprocess.SubprocessHook"}
{"timestamp":"2025-07-13T16:50:31.865236","level":"info","event":"Length: 17544648 (17M) [application/octet-stream]","logger":"airflow.task.hooks.airflow.providers.standard.hooks.subprocess.SubprocessHook"}
{"timestamp":"2025-07-13T16:50:31.865275","level":"info","event":"Saving to: ‘/opt/airflow/fhv_tripdata_2019-08.csv.gz’","logger":"airflow.task.hooks.airflow.providers.standard.hooks.subprocess.SubprocessHook"}
{"timestamp":"2025-07-13T16:50:31.865333","level":"info","event":"","logger":"airflow.task.hooks.airflow.providers.standard.hooks.subprocess.SubprocessHook"}
{"timestamp":"2025-07-13T16:50:31.905690","level":"info","event":"     0K .......... .......... .......... .......... ..........  0% 1.31M 13s","logger":"airflow.task.hooks.airflow.providers.standard.hooks.subprocess.SubprocessHook"}
{"timestamp":"2025-07-13T16:50:31.911582","level":"info","event":"    50K .......... .......... .......... .......... ..........  0% 5.83M 8s","logger":"airflow.task.hooks.airflow.providers.standard.hooks.subprocess.SubprocessHook"}
{"timestamp":"2025-07-13T16:50:31.925050","level":"info","event":"   100K .......... .......... .......... .......... ..........  0% 3.84M 7s","logger":"airflow.task.hooks.airflow.providers.standard.hooks.subprocess.SubprocessHook"}
{"timestamp":"2025-07-13T16:50:31.929837","level":"info","event":"   150K .......... .......... .......... .......... ..........  1% 7.14M 6s","logger":"airflow.task.hooks.airflow.providers.standard.hooks.subprocess.SubprocessHook"}
{"timestamp":"2025-07-13T16:50:31.929992","level":"info","event":"   200K .......... .......... .......... .......... ..........  1%  124M 4s","logger":"airflow.task.hooks.airflow.providers.standard.hooks.subprocess.SubprocessHook"}
{"timestamp":"2025-07-13T16:50:31.937604","level":"info","event":"   250K .......... .......... .......... .......... ..........  1% 7.78M 4s","logger":"airflow.task.hooks.airflow.providers.standard.hooks.subprocess.SubprocessHook"}
{"timestamp":"2025-07-13T16:50:31.937698","level":"info","event":"   300K .......... .......... .......... .......... ..........  2% 74.5M 3s","logger":"airflow.task.hooks.airflow.providers.standard.hooks.subprocess.SubprocessHook"}
{"timestamp":"2025-07-13T16:50:31.937733","level":"info","event":"   350K .......... .......... .......... .......... ..........  2%  234M 3s","logger":"airflow.task.hooks.airflow.providers.standard.hooks.subprocess.SubprocessHook"}
{"timestamp":"2025-07-13T16:50:31.937785","level":"info","event":"   400K .......... .......... .......... .......... ..........  2%  187M 3s","logger":"airflow.task.hooks.airflow.providers.standard.hooks.subprocess.SubprocessHook"}
{"timestamp":"2025-07-13T16:50:31.964608","level":"info","event":"   450K .......... .......... .......... .......... ..........  2% 3.34M 3s","logger":"airflow.task.hooks.airflow.providers.standard.hooks.subprocess.SubprocessHook"}
{"timestamp":"2025-07-13T16:50:31.964738","level":"info","event":"   500K .......... .......... .......... .......... ..........  3% 84.5M 3s","logger":"airflow.task.hooks.airflow.providers.standard.hooks.subprocess.SubprocessHook"}
{"timestamp":"2025-07-13T16:50:31.964934","level":"info","event":"   550K .......... .......... .......... .......... ..........  3%  163M 2s","logger":"airflow.task.hooks.airflow.providers.standard.hooks.subprocess.SubprocessHook"}
{"timestamp":"2025-07-13T16:50:31.964988","level":"info","event":"   600K .......... .......... .......... .......... ..........  3%  223M 2s","logger":"airflow.task.hooks.airflow.providers.standard.hooks.subprocess.SubprocessHook"}
{"timestamp":"2025-07-13T16:50:31.965385","level":"info","event":"   650K .......... .......... .......... .......... ..........  4% 9.72M 2s","logger":"airflow.task.hooks.airflow.providers.standard.hooks.subprocess.SubprocessHook"}
{"timestamp":"2025-07-13T16:50:31.965759","level":"info","event":"   700K .......... .......... .......... .......... ..........  4%  162M 2s","logger":"airflow.task.hooks.airflow.providers.standard.hooks.subprocess.SubprocessHook"}
{"timestamp":"2025-07-13T16:50:31.965828","level":"info","event":"   750K .......... .......... .......... .......... ..........  4% 63.9M 2s","logger":"airflow.task.hooks.airflow.providers.standard.hooks.subprocess.SubprocessHook"}
{"timestamp":"2025-07-13T16:50:31.965912","level":"info","event":"   800K .......... .......... .......... .......... ..........  4% 25.6M 2s","logger":"airflow.task.hooks.airflow.providers.standard.hooks.subprocess.SubprocessHook"}
{"timestamp":"2025-07-13T16:50:31.965978","level":"info","event":"   850K .......... .......... .......... .......... ..........  5%  200M 2s","logger":"airflow.task.hooks.airflow.providers.standard.hooks.subprocess.SubprocessHook"}
{"timestamp":"2025-07-13T16:50:31.973067","level":"info","event":"   900K .......... .......... .......... .......... ..........  5% 4.42M 2s","logger":"airflow.task.hooks.airflow.providers.standard.hooks.subprocess.SubprocessHook"}
{"timestamp":"2025-07-13T16:50:31.973173","level":"info","event":"   950K .......... .......... .......... .......... ..........  5%  157M 2s","logger":"airflow.task.hooks.airflow.providers.standard.hooks.subprocess.SubprocessHook"}
{"timestamp":"2025-07-13T16:50:31.973212","level":"info","event":"  1000K .......... .......... .......... .......... ..........  6%  230M 2s","logger":"airflow.task.hooks.airflow.providers.standard.hooks.subprocess.SubprocessHook"}
{"timestamp":"2025-07-13T16:50:31.974595","level":"info","event":"  1050K .......... .......... .......... .......... ..........  6% 50.2M 2s","logger":"airflow.task.hooks.airflow.providers.standard.hooks.subprocess.SubprocessHook"}
{"timestamp":"2025-07-13T16:50:32.010787","level":"info","event":"  1100K .......... .......... .......... .......... ..........  6% 1.45M 2s","logger":"airflow.task.hooks.airflow.providers.standard.hooks.subprocess.SubprocessHook"}
{"timestamp":"2025-07-13T16:50:32.010892","level":"info","event":"  1150K .......... .......... .......... .......... ..........  7%  211M 2s","logger":"airflow.task.hooks.airflow.providers.standard.hooks.subprocess.SubprocessHook"}
{"timestamp":"2025-07-13T16:50:32.010931","level":"info","event":"  1200K .......... .......... .......... .......... ..........  7%  228M 2s","logger":"airflow.task.hooks.airflow.providers.standard.hooks.subprocess.SubprocessHook"}
{"timestamp":"2025-07-13T16:50:32.010954","level":"info","event":"  1250K .......... .......... .......... .......... ..........  7%  187M 2s","logger":"airflow.task.hooks.airflow.providers.standard.hooks.subprocess.SubprocessHook"}
{"timestamp":"2025-07-13T16:50:32.010976","level":"info","event":"  1300K .......... .......... .......... .......... ..........  7%  138M 2s","logger":"airflow.task.hooks.airflow.providers.standard.hooks.subprocess.SubprocessHook"}
{"timestamp":"2025-07-13T16:50:32.011000","level":"info","event":"  1350K .......... .......... .......... .......... ..........  8%  183M 2s","logger":"airflow.task.hooks.airflow.providers.standard.hooks.subprocess.SubprocessHook"}
{"timestamp":"2025-07-13T16:50:32.011029","level":"info","event":"  1400K .......... .......... .......... .......... ..........  8%  237M 2s","logger":"airflow.task.hooks.airflow.providers.standard.hooks.subprocess.SubprocessHook"}
{"timestamp":"2025-07-13T16:50:32.011068","level":"info","event":"  1450K .......... .......... .......... .......... ..........  8%  229M 2s","logger":"airflow.task.hooks.airflow.providers.standard.hooks.subprocess.SubprocessHook"}
{"timestamp":"2025-07-13T16:50:32.011101","level":"info","event":"  1500K .......... .......... .......... .......... ..........  9%  155M 1s","logger":"airflow.task.hooks.airflow.providers.standard.hooks.subprocess.SubprocessHook"}
{"timestamp":"2025-07-13T16:50:32.011133","level":"info","event":"  1550K .......... .......... .......... .......... ..........  9%  247M 1s","logger":"airflow.task.hooks.airflow.providers.standard.hooks.subprocess.SubprocessHook"}
{"timestamp":"2025-07-13T16:50:32.011167","level":"info","event":"  1600K .......... .......... .......... .......... ..........  9%  230M 1s","logger":"airflow.task.hooks.airflow.providers.standard.hooks.subprocess.SubprocessHook"}
{"timestamp":"2025-07-13T16:50:32.011209","level":"info","event":"  1650K .......... .......... .......... .......... ..........  9%  240M 1s","logger":"airflow.task.hooks.airflow.providers.standard.hooks.subprocess.SubprocessHook"}
{"timestamp":"2025-07-13T16:50:32.012876","level":"info","event":"  1700K .......... .......... .......... .......... .......... 10% 39.9M 1s","logger":"airflow.task.hooks.airflow.providers.standard.hooks.subprocess.SubprocessHook"}
{"timestamp":"2025-07-13T16:50:32.013086","level":"info","event":"  1750K .......... .......... .......... .......... .......... 10%  194M 1s","logger":"airflow.task.hooks.airflow.providers.standard.hooks.subprocess.SubprocessHook"}
{"timestamp":"2025-07-13T16:50:32.013179","level":"info","event":"  1800K .......... .......... .......... .......... .......... 10%  201M 1s","logger":"airflow.task.hooks.airflow.providers.standard.hooks.subprocess.SubprocessHook"}
{"timestamp":"2025-07-13T16:50:32.013232","level":"info","event":"  1850K .......... .......... .......... .......... .......... 11%  255M 1s","logger":"airflow.task.hooks.airflow.providers.standard.hooks.subprocess.SubprocessHook"}
{"timestamp":"2025-07-13T16:50:32.013274","level":"info","event":"  1900K .......... .......... .......... .......... .......... 11%  195M 1s","logger":"airflow.task.hooks.airflow.providers.standard.hooks.subprocess.SubprocessHook"}
{"timestamp":"2025-07-13T16:50:32.013301","level":"info","event":"  1950K .......... .......... .......... .......... .......... 11%  201M 1s","logger":"airflow.task.hooks.airflow.providers.standard.hooks.subprocess.SubprocessHook"}
{"timestamp":"2025-07-13T16:50:32.013324","level":"info","event":"  2000K .......... .......... .......... .......... .......... 11%  241M 1s","logger":"airflow.task.hooks.airflow.providers.standard.hooks.subprocess.SubprocessHook"}
{"timestamp":"2025-07-13T16:50:32.014460","level":"info","event":"  2050K .......... .......... .......... .......... .......... 12% 43.6M 1s","logger":"airflow.task.hooks.airflow.providers.standard.hooks.subprocess.SubprocessHook"}
{"timestamp":"2025-07-13T16:50:32.014496","level":"info","event":"  2100K .......... .......... .......... .......... .......... 12%  224M 1s","logger":"airflow.task.hooks.airflow.providers.standard.hooks.subprocess.SubprocessHook"}
{"timestamp":"2025-07-13T16:50:32.014515","level":"info","event":"  2150K .......... .......... .......... .......... .......... 12%  192M 1s","logger":"airflow.task.hooks.airflow.providers.standard.hooks.subprocess.SubprocessHook"}
{"timestamp":"2025-07-13T16:50:32.014882","level":"info","event":"  2200K .......... .......... .......... .......... .......... 13%  106M 1s","logger":"airflow.task.hooks.airflow.providers.standard.hooks.subprocess.SubprocessHook"}
{"timestamp":"2025-07-13T16:50:32.049433","level":"info","event":"  2250K .......... .......... .......... .......... .......... 13% 1.47M 1s","logger":"airflow.task.hooks.airflow.providers.standard.hooks.subprocess.SubprocessHook"}
{"timestamp":"2025-07-13T16:50:32.055046","level":"info","event":"  2300K .......... .......... .......... .......... .......... 13% 8.28M 1s","logger":"airflow.task.hooks.airflow.providers.standard.hooks.subprocess.SubprocessHook"}
{"timestamp":"2025-07-13T16:50:32.056537","level":"info","event":"  2350K .......... .......... .......... .......... .......... 14% 32.9M 1s","logger":"airflow.task.hooks.airflow.providers.standard.hooks.subprocess.SubprocessHook"}
{"timestamp":"2025-07-13T16:50:32.056725","level":"info","event":"  2400K .......... .......... .......... .......... .......... 14% 35.7M 1s","logger":"airflow.task.hooks.airflow.providers.standard.hooks.subprocess.SubprocessHook"}
{"timestamp":"2025-07-13T16:50:32.057143","level":"info","event":"  2450K .......... .......... .......... .......... .......... 14%  126M 1s","logger":"airflow.task.hooks.airflow.providers.standard.hooks.subprocess.SubprocessHook"}
{"timestamp":"2025-07-13T16:50:32.058505","level":"info","event":"  2500K .......... .......... .......... .......... .......... 14% 36.8M 1s","logger":"airflow.task.hooks.airflow.providers.standard.hooks.subprocess.SubprocessHook"}
{"timestamp":"2025-07-13T16:50:32.058915","level":"info","event":"  2550K .......... .......... .......... .......... .......... 15%  104M 1s","logger":"airflow.task.hooks.airflow.providers.standard.hooks.subprocess.SubprocessHook"}
{"timestamp":"2025-07-13T16:50:32.062452","level":"info","event":"  2600K .......... .......... .......... .......... .......... 15% 14.3M 1s","logger":"airflow.task.hooks.airflow.providers.standard.hooks.subprocess.SubprocessHook"}
{"timestamp":"2025-07-13T16:50:32.064530","level":"info","event":"  2650K .......... .......... .......... .......... .......... 15% 35.5M 1s","logger":"airflow.task.hooks.airflow.providers.standard.hooks.subprocess.SubprocessHook"}
{"timestamp":"2025-07-13T16:50:32.064615","level":"info","event":"  2700K .......... .......... .......... .......... .......... 16%  156M 1s","logger":"airflow.task.hooks.airflow.providers.standard.hooks.subprocess.SubprocessHook"}
{"timestamp":"2025-07-13T16:50:32.065038","level":"info","event":"  2750K .......... .......... .......... .......... .......... 16%  112M 1s","logger":"airflow.task.hooks.airflow.providers.standard.hooks.subprocess.SubprocessHook"}
{"timestamp":"2025-07-13T16:50:32.065101","level":"info","event":"  2800K .......... .......... .......... .......... .......... 16% 93.1M 1s","logger":"airflow.task.hooks.airflow.providers.standard.hooks.subprocess.SubprocessHook"}
{"timestamp":"2025-07-13T16:50:32.075226","level":"info","event":"  2850K .......... .......... .......... .......... .......... 16% 13.9M 1s","logger":"airflow.task.hooks.airflow.providers.standard.hooks.subprocess.SubprocessHook"}
{"timestamp":"2025-07-13T16:50:32.077390","level":"info","event":"  2900K .......... .......... .......... .......... .......... 17% 6.13M 1s","logger":"airflow.task.hooks.airflow.providers.standard.hooks.subprocess.SubprocessHook"}
{"timestamp":"2025-07-13T16:50:32.082315","level":"info","event":"  2950K .......... .......... .......... .......... .......... 17% 8.96M 1s","logger":"airflow.task.hooks.airflow.providers.standard.hooks.subprocess.SubprocessHook"}
{"timestamp":"2025-07-13T16:50:32.082454","level":"info","event":"  3000K .......... .......... .......... .......... .......... 17%  194M 1s","logger":"airflow.task.hooks.airflow.providers.standard.hooks.subprocess.SubprocessHook"}
{"timestamp":"2025-07-13T16:50:32.096206","level":"info","event":"  3050K .......... .......... .......... .......... .......... 18% 4.76M 1s","logger":"airflow.task.hooks.airflow.providers.standard.hooks.subprocess.SubprocessHook"}
{"timestamp":"2025-07-13T16:50:32.103030","level":"info","event":"  3100K .......... .......... .......... .......... .......... 18% 7.50M 1s","logger":"airflow.task.hooks.airflow.providers.standard.hooks.subprocess.SubprocessHook"}
{"timestamp":"2025-07-13T16:50:32.103145","level":"info","event":"  3150K .......... .......... .......... .......... .......... 18%  170M 1s","logger":"airflow.task.hooks.airflow.providers.standard.hooks.subprocess.SubprocessHook"}
{"timestamp":"2025-07-13T16:50:32.103224","level":"info","event":"  3200K .......... .......... .......... .......... .......... 18% 42.2M 1s","logger":"airflow.task.hooks.airflow.providers.standard.hooks.subprocess.SubprocessHook"}
{"timestamp":"2025-07-13T16:50:32.103298","level":"info","event":"  3250K .......... .......... .......... .......... .......... 19% 31.5M 1s","logger":"airflow.task.hooks.airflow.providers.standard.hooks.subprocess.SubprocessHook"}
{"timestamp":"2025-07-13T16:50:32.107136","level":"info","event":"  3300K .......... .......... .......... .......... .......... 19%  131M 1s","logger":"airflow.task.hooks.airflow.providers.standard.hooks.subprocess.SubprocessHook"}
{"timestamp":"2025-07-13T16:50:32.107285","level":"info","event":"  3350K .......... .......... .......... .......... .......... 19%  114M 1s","logger":"airflow.task.hooks.airflow.providers.standard.hooks.subprocess.SubprocessHook"}
{"timestamp":"2025-07-13T16:50:32.107317","level":"info","event":"  3400K .......... .......... .......... .......... .......... 20%  123M 1s","logger":"airflow.task.hooks.airflow.providers.standard.hooks.subprocess.SubprocessHook"}
{"timestamp":"2025-07-13T16:50:32.107340","level":"info","event":"  3450K .......... .......... .......... .......... .......... 20% 14.3M 1s","logger":"airflow.task.hooks.airflow.providers.standard.hooks.subprocess.SubprocessHook"}
{"timestamp":"2025-07-13T16:50:32.107359","level":"info","event":"  3500K .......... .......... .......... .......... .......... 20% 85.6M 1s","logger":"airflow.task.hooks.airflow.providers.standard.hooks.subprocess.SubprocessHook"}
{"timestamp":"2025-07-13T16:50:32.110324","level":"info","event":"  3550K .......... .......... .......... .......... .......... 21% 22.0M 1s","logger":"airflow.task.hooks.airflow.providers.standard.hooks.subprocess.SubprocessHook"}
{"timestamp":"2025-07-13T16:50:32.110427","level":"info","event":"  3600K .......... .......... .......... .......... .......... 21%  167M 1s","logger":"airflow.task.hooks.airflow.providers.standard.hooks.subprocess.SubprocessHook"}
{"timestamp":"2025-07-13T16:50:32.110455","level":"info","event":"  3650K .......... .......... .......... .......... .......... 21%  211M 1s","logger":"airflow.task.hooks.airflow.providers.standard.hooks.subprocess.SubprocessHook"}
{"timestamp":"2025-07-13T16:50:32.110477","level":"info","event":"  3700K .......... .......... .......... .......... .......... 21%  175M 1s","logger":"airflow.task.hooks.airflow.providers.standard.hooks.subprocess.SubprocessHook"}
{"timestamp":"2025-07-13T16:50:32.110501","level":"info","event":"  3750K .......... .......... .......... .......... .......... 22%  222M 1s","logger":"airflow.task.hooks.airflow.providers.standard.hooks.subprocess.SubprocessHook"}
{"timestamp":"2025-07-13T16:50:32.110626","level":"info","event":"  3800K .......... .......... .......... .......... .......... 22%  212M 1s","logger":"airflow.task.hooks.airflow.providers.standard.hooks.subprocess.SubprocessHook"}
{"timestamp":"2025-07-13T16:50:32.110877","level":"info","event":"  3850K .......... .......... .......... .......... .......... 22%  200M 1s","logger":"airflow.task.hooks.airflow.providers.standard.hooks.subprocess.SubprocessHook"}
{"timestamp":"2025-07-13T16:50:32.111507","level":"info","event":"  3900K .......... .......... .......... .......... .......... 23%  155M 1s","logger":"airflow.task.hooks.airflow.providers.standard.hooks.subprocess.SubprocessHook"}
{"timestamp":"2025-07-13T16:50:32.113073","level":"info","event":"  3950K .......... .......... .......... .......... .......... 23%  219M 1s","logger":"airflow.task.hooks.airflow.providers.standard.hooks.subprocess.SubprocessHook"}
{"timestamp":"2025-07-13T16:50:32.113179","level":"info","event":"  4000K .......... .......... .......... .......... .......... 23%  183M 1s","logger":"airflow.task.hooks.airflow.providers.standard.hooks.subprocess.SubprocessHook"}
{"timestamp":"2025-07-13T16:50:32.554363","level":"info","event":"  4050K .......... .......... .......... .......... .......... 23%  114K 2s","logger":"airflow.task.hooks.airflow.providers.standard.hooks.subprocess.SubprocessHook"}
{"timestamp":"2025-07-13T16:50:32.561210","level":"info","event":"  4100K .......... .......... .......... .......... .......... 24% 14.4M 2s","logger":"airflow.task.hooks.airflow.providers.standard.hooks.subprocess.SubprocessHook"}
{"timestamp":"2025-07-13T16:50:32.569882","level":"info","event":"  4150K .......... .......... .......... .......... .......... 24% 3.63M 2s","logger":"airflow.task.hooks.airflow.providers.standard.hooks.subprocess.SubprocessHook"}
{"timestamp":"2025-07-13T16:50:32.570726","level":"info","event":"  4200K .......... .......... .......... .......... .......... 24%  186M 2s","logger":"airflow.task.hooks.airflow.providers.standard.hooks.subprocess.SubprocessHook"}
{"timestamp":"2025-07-13T16:50:32.577209","level":"info","event":"  4250K .......... .......... .......... .......... .......... 25% 10.0M 2s","logger":"airflow.task.hooks.airflow.providers.standard.hooks.subprocess.SubprocessHook"}
{"timestamp":"2025-07-13T16:50:32.581240","level":"info","event":"  4300K .......... .......... .......... .......... .......... 25% 8.53M 2s","logger":"airflow.task.hooks.airflow.providers.standard.hooks.subprocess.SubprocessHook"}
{"timestamp":"2025-07-13T16:50:32.581491","level":"info","event":"  4350K .......... .......... .......... .......... .......... 25% 54.6M 2s","logger":"airflow.task.hooks.airflow.providers.standard.hooks.subprocess.SubprocessHook"}
{"timestamp":"2025-07-13T16:50:32.593898","level":"info","event":"  4400K .......... .......... .......... .......... .......... 25% 4.76M 2s","logger":"airflow.task.hooks.airflow.providers.standard.hooks.subprocess.SubprocessHook"}
{"timestamp":"2025-07-13T16:50:32.596117","level":"info","event":"  4450K .......... .......... .......... .......... .......... 26%  178M 2s","logger":"airflow.task.hooks.airflow.providers.standard.hooks.subprocess.SubprocessHook"}
{"timestamp":"2025-07-13T16:50:32.596336","level":"info","event":"  4500K .......... .......... .......... .......... .......... 26% 9.48M 2s","logger":"airflow.task.hooks.airflow.providers.standard.hooks.subprocess.SubprocessHook"}
{"timestamp":"2025-07-13T16:50:32.596703","level":"info","event":"  4550K .......... .......... .......... .......... .......... 26%  178M 2s","logger":"airflow.task.hooks.airflow.providers.standard.hooks.subprocess.SubprocessHook"}
{"timestamp":"2025-07-13T16:50:32.596802","level":"info","event":"  4600K .......... .......... .......... .......... .......... 27%  177M 2s","logger":"airflow.task.hooks.airflow.providers.standard.hooks.subprocess.SubprocessHook"}
{"timestamp":"2025-07-13T16:50:32.605125","level":"info","event":"  4650K .......... .......... .......... .......... .......... 27% 8.23M 2s","logger":"airflow.task.hooks.airflow.providers.standard.hooks.subprocess.SubprocessHook"}
{"timestamp":"2025-07-13T16:50:32.605265","level":"info","event":"  4700K .......... .......... .......... .......... .......... 27%  140M 2s","logger":"airflow.task.hooks.airflow.providers.standard.hooks.subprocess.SubprocessHook"}
{"timestamp":"2025-07-13T16:50:32.608000","level":"info","event":"  4750K .......... .......... .......... .......... .......... 28% 14.5M 2s","logger":"airflow.task.hooks.airflow.providers.standard.hooks.subprocess.SubprocessHook"}
{"timestamp":"2025-07-13T16:50:32.609321","level":"info","event":"  4800K .......... .......... .......... .......... .......... 28% 25.5M 2s","logger":"airflow.task.hooks.airflow.providers.standard.hooks.subprocess.SubprocessHook"}
{"timestamp":"2025-07-13T16:50:32.609463","level":"info","event":"  4850K .......... .......... .......... .......... .......... 28%  129M 2s","logger":"airflow.task.hooks.airflow.providers.standard.hooks.subprocess.SubprocessHook"}
{"timestamp":"2025-07-13T16:50:32.609570","level":"info","event":"  4900K .......... .......... .......... .......... .......... 28%  136M 2s","logger":"airflow.task.hooks.airflow.providers.standard.hooks.subprocess.SubprocessHook"}
{"timestamp":"2025-07-13T16:50:32.615103","level":"info","event":"  4950K .......... .......... .......... .......... .......... 29% 15.3M 2s","logger":"airflow.task.hooks.airflow.providers.standard.hooks.subprocess.SubprocessHook"}
{"timestamp":"2025-07-13T16:50:32.615659","level":"info","event":"  5000K .......... .......... .......... .......... .......... 29%  155M 2s","logger":"airflow.task.hooks.airflow.providers.standard.hooks.subprocess.SubprocessHook"}
{"timestamp":"2025-07-13T16:50:32.615922","level":"info","event":"  5050K .......... .......... .......... .......... .......... 29%  166M 2s","logger":"airflow.task.hooks.airflow.providers.standard.hooks.subprocess.SubprocessHook"}
{"timestamp":"2025-07-13T16:50:32.616883","level":"info","event":"  5100K .......... .......... .......... .......... .......... 30%  155M 2s","logger":"airflow.task.hooks.airflow.providers.standard.hooks.subprocess.SubprocessHook"}
{"timestamp":"2025-07-13T16:50:32.617286","level":"info","event":"  5150K .......... .......... .......... .......... .......... 30%  157M 2s","logger":"airflow.task.hooks.airflow.providers.standard.hooks.subprocess.SubprocessHook"}
{"timestamp":"2025-07-13T16:50:32.617424","level":"info","event":"  5200K .......... .......... .......... .......... .......... 30%  165M 2s","logger":"airflow.task.hooks.airflow.providers.standard.hooks.subprocess.SubprocessHook"}
{"timestamp":"2025-07-13T16:50:32.617898","level":"info","event":"  5250K .......... .......... .......... .......... .......... 30%  184M 2s","logger":"airflow.task.hooks.airflow.providers.standard.hooks.subprocess.SubprocessHook"}
{"timestamp":"2025-07-13T16:50:32.618062","level":"info","event":"  5300K .......... .......... .......... .......... .......... 31% 25.3M 2s","logger":"airflow.task.hooks.airflow.providers.standard.hooks.subprocess.SubprocessHook"}
{"timestamp":"2025-07-13T16:50:32.621471","level":"info","event":"  5350K .......... .......... .......... .......... .......... 31% 14.8M 2s","logger":"airflow.task.hooks.airflow.providers.standard.hooks.subprocess.SubprocessHook"}
{"timestamp":"2025-07-13T16:50:32.622042","level":"info","event":"  5400K .......... .......... .......... .......... .......... 31% 20.9M 2s","logger":"airflow.task.hooks.airflow.providers.standard.hooks.subprocess.SubprocessHook"}
{"timestamp":"2025-07-13T16:50:32.624126","level":"info","event":"  5450K .......... .......... .......... .......... .......... 32% 24.9M 2s","logger":"airflow.task.hooks.airflow.providers.standard.hooks.subprocess.SubprocessHook"}
{"timestamp":"2025-07-13T16:50:32.624236","level":"info","event":"  5500K .......... .......... .......... .......... .......... 32%  112M 2s","logger":"airflow.task.hooks.airflow.providers.standard.hooks.subprocess.SubprocessHook"}
{"timestamp":"2025-07-13T16:50:32.626447","level":"info","event":"  5550K .......... .......... .......... .......... .......... 32% 25.5M 2s","logger":"airflow.task.hooks.airflow.providers.standard.hooks.subprocess.SubprocessHook"}
{"timestamp":"2025-07-13T16:50:32.627974","level":"info","event":"  5600K .......... .......... .......... .......... .......... 32% 26.9M 2s","logger":"airflow.task.hooks.airflow.providers.standard.hooks.subprocess.SubprocessHook"}
{"timestamp":"2025-07-13T16:50:32.629883","level":"info","event":"  5650K .......... .......... .......... .......... .......... 33% 53.6M 2s","logger":"airflow.task.hooks.airflow.providers.standard.hooks.subprocess.SubprocessHook"}
{"timestamp":"2025-07-13T16:50:32.630517","level":"info","event":"  5700K .......... .......... .......... .......... .......... 33% 65.4M 2s","logger":"airflow.task.hooks.airflow.providers.standard.hooks.subprocess.SubprocessHook"}
{"timestamp":"2025-07-13T16:50:32.631785","level":"info","event":"  5750K .......... .......... .......... .......... .......... 33% 25.1M 1s","logger":"airflow.task.hooks.airflow.providers.standard.hooks.subprocess.SubprocessHook"}
{"timestamp":"2025-07-13T16:50:32.631970","level":"info","event":"  5800K .......... .......... .......... .......... .......... 34%  156M 1s","logger":"airflow.task.hooks.airflow.providers.standard.hooks.subprocess.SubprocessHook"}
{"timestamp":"2025-07-13T16:50:32.632049","level":"info","event":"  5850K .......... .......... .......... .......... .......... 34%  165M 1s","logger":"airflow.task.hooks.airflow.providers.standard.hooks.subprocess.SubprocessHook"}
{"timestamp":"2025-07-13T16:50:32.634338","level":"info","event":"  5900K .......... .......... .......... .......... .......... 34% 37.6M 1s","logger":"airflow.task.hooks.airflow.providers.standard.hooks.subprocess.SubprocessHook"}
{"timestamp":"2025-07-13T16:50:32.634933","level":"info","event":"  5950K .......... .......... .......... .......... .......... 35%  144M 1s","logger":"airflow.task.hooks.airflow.providers.standard.hooks.subprocess.SubprocessHook"}
{"timestamp":"2025-07-13T16:50:32.635058","level":"info","event":"  6000K .......... .......... .......... .......... .......... 35%  150M 1s","logger":"airflow.task.hooks.airflow.providers.standard.hooks.subprocess.SubprocessHook"}
{"timestamp":"2025-07-13T16:50:32.635112","level":"info","event":"  6050K .......... .......... .......... .......... .......... 35%  219M 1s","logger":"airflow.task.hooks.airflow.providers.standard.hooks.subprocess.SubprocessHook"}
{"timestamp":"2025-07-13T16:50:32.637610","level":"info","event":"  6100K .......... .......... .......... .......... .......... 35% 15.5M 1s","logger":"airflow.task.hooks.airflow.providers.standard.hooks.subprocess.SubprocessHook"}
{"timestamp":"2025-07-13T16:50:32.639016","level":"info","event":"  6150K .......... .......... .......... .......... .......... 36% 31.8M 1s","logger":"airflow.task.hooks.airflow.providers.standard.hooks.subprocess.SubprocessHook"}
{"timestamp":"2025-07-13T16:50:32.639526","level":"info","event":"  6200K .......... .......... .......... .......... .......... 36%  113M 1s","logger":"airflow.task.hooks.airflow.providers.standard.hooks.subprocess.SubprocessHook"}
{"timestamp":"2025-07-13T16:50:32.644980","level":"info","event":"  6250K .......... .......... .......... .......... .......... 36% 12.3M 1s","logger":"airflow.task.hooks.airflow.providers.standard.hooks.subprocess.SubprocessHook"}
{"timestamp":"2025-07-13T16:50:32.651549","level":"info","event":"  6300K .......... .......... .......... .......... .......... 37% 7.56M 1s","logger":"airflow.task.hooks.airflow.providers.standard.hooks.subprocess.SubprocessHook"}
{"timestamp":"2025-07-13T16:50:32.651871","level":"info","event":"  6350K .......... .......... .......... .......... .......... 37% 53.4M 1s","logger":"airflow.task.hooks.airflow.providers.standard.hooks.subprocess.SubprocessHook"}
{"timestamp":"2025-07-13T16:50:32.651997","level":"info","event":"  6400K .......... .......... .......... .......... .......... 37%  113M 1s","logger":"airflow.task.hooks.airflow.providers.standard.hooks.subprocess.SubprocessHook"}
{"timestamp":"2025-07-13T16:50:32.652063","level":"info","event":"  6450K .......... .......... .......... .......... .......... 37%  173M 1s","logger":"airflow.task.hooks.airflow.providers.standard.hooks.subprocess.SubprocessHook"}
{"timestamp":"2025-07-13T16:50:32.664123","level":"info","event":"  6500K .......... .......... .......... .......... .......... 38% 4.21M 1s","logger":"airflow.task.hooks.airflow.providers.standard.hooks.subprocess.SubprocessHook"}
{"timestamp":"2025-07-13T16:50:32.665044","level":"info","event":"  6550K .......... .......... .......... .......... .......... 38% 38.2M 1s","logger":"airflow.task.hooks.airflow.providers.standard.hooks.subprocess.SubprocessHook"}
{"timestamp":"2025-07-13T16:50:32.666002","level":"info","event":"  6600K .......... .......... .......... .......... .......... 38% 41.3M 1s","logger":"airflow.task.hooks.airflow.providers.standard.hooks.subprocess.SubprocessHook"}
{"timestamp":"2025-07-13T16:50:32.667120","level":"info","event":"  6650K .......... .......... .......... .......... .......... 39% 49.5M 1s","logger":"airflow.task.hooks.airflow.providers.standard.hooks.subprocess.SubprocessHook"}
{"timestamp":"2025-07-13T16:50:32.671403","level":"info","event":"  6700K .......... .......... .......... .......... .......... 39% 19.4M 1s","logger":"airflow.task.hooks.airflow.providers.standard.hooks.subprocess.SubprocessHook"}
{"timestamp":"2025-07-13T16:50:32.671581","level":"info","event":"  6750K .......... .......... .......... .......... .......... 39%  131M 1s","logger":"airflow.task.hooks.airflow.providers.standard.hooks.subprocess.SubprocessHook"}
{"timestamp":"2025-07-13T16:50:32.675647","level":"info","event":"  6800K .......... .......... .......... .......... .......... 39% 8.31M 1s","logger":"airflow.task.hooks.airflow.providers.standard.hooks.subprocess.SubprocessHook"}
{"timestamp":"2025-07-13T16:50:32.676473","level":"info","event":"  6850K .......... .......... .......... .......... .......... 40% 49.2M 1s","logger":"airflow.task.hooks.airflow.providers.standard.hooks.subprocess.SubprocessHook"}
{"timestamp":"2025-07-13T16:50:32.676688","level":"info","event":"  6900K .......... .......... .......... .......... .......... 40%  142M 1s","logger":"airflow.task.hooks.airflow.providers.standard.hooks.subprocess.SubprocessHook"}
{"timestamp":"2025-07-13T16:50:32.680330","level":"info","event":"  6950K .......... .......... .......... .......... .......... 40% 16.6M 1s","logger":"airflow.task.hooks.airflow.providers.standard.hooks.subprocess.SubprocessHook"}
{"timestamp":"2025-07-13T16:50:32.681554","level":"info","event":"  7000K .......... .......... .......... .......... .......... 41% 26.2M 1s","logger":"airflow.task.hooks.airflow.providers.standard.hooks.subprocess.SubprocessHook"}
{"timestamp":"2025-07-13T16:50:32.685158","level":"info","event":"  7050K .......... .......... .......... .......... .......... 41% 17.1M 1s","logger":"airflow.task.hooks.airflow.providers.standard.hooks.subprocess.SubprocessHook"}
{"timestamp":"2025-07-13T16:50:32.686508","level":"info","event":"  7100K .......... .......... .......... .......... .......... 41% 24.1M 1s","logger":"airflow.task.hooks.airflow.providers.standard.hooks.subprocess.SubprocessHook"}
{"timestamp":"2025-07-13T16:50:32.687755","level":"info","event":"  7150K .......... .......... .......... .......... .......... 42% 39.5M 1s","logger":"airflow.task.hooks.airflow.providers.standard.hooks.subprocess.SubprocessHook"}
{"timestamp":"2025-07-13T16:50:32.687850","level":"info","event":"  7200K .......... .......... .......... .......... .......... 42%  120M 1s","logger":"airflow.task.hooks.airflow.providers.standard.hooks.subprocess.SubprocessHook"}
{"timestamp":"2025-07-13T16:50:32.688363","level":"info","event":"  7250K .......... .......... .......... .......... .......... 42%  178M 1s","logger":"airflow.task.hooks.airflow.providers.standard.hooks.subprocess.SubprocessHook"}
{"timestamp":"2025-07-13T16:50:32.688785","level":"info","event":"  7300K .......... .......... .......... .......... .......... 42% 80.9M 1s","logger":"airflow.task.hooks.airflow.providers.standard.hooks.subprocess.SubprocessHook"}
{"timestamp":"2025-07-13T16:50:32.689304","level":"info","event":"  7350K .......... .......... .......... .......... .......... 43%  122M 1s","logger":"airflow.task.hooks.airflow.providers.standard.hooks.subprocess.SubprocessHook"}
{"timestamp":"2025-07-13T16:50:32.689929","level":"info","event":"  7400K .......... .......... .......... .......... .......... 43% 80.6M 1s","logger":"airflow.task.hooks.airflow.providers.standard.hooks.subprocess.SubprocessHook"}
{"timestamp":"2025-07-13T16:50:32.690109","level":"info","event":"  7450K .......... .......... .......... .......... .......... 43%  174M 1s","logger":"airflow.task.hooks.airflow.providers.standard.hooks.subprocess.SubprocessHook"}
{"timestamp":"2025-07-13T16:50:32.690532","level":"info","event":"  7500K .......... .......... .......... .......... .......... 44%  110M 1s","logger":"airflow.task.hooks.airflow.providers.standard.hooks.subprocess.SubprocessHook"}
{"timestamp":"2025-07-13T16:50:32.690799","level":"info","event":"  7550K .......... .......... .......... .......... .......... 44%  143M 1s","logger":"airflow.task.hooks.airflow.providers.standard.hooks.subprocess.SubprocessHook"}
{"timestamp":"2025-07-13T16:50:32.692107","level":"info","event":"  7600K .......... .......... .......... .......... .......... 44% 45.1M 1s","logger":"airflow.task.hooks.airflow.providers.standard.hooks.subprocess.SubprocessHook"}
{"timestamp":"2025-07-13T16:50:32.693116","level":"info","event":"  7650K .......... .......... .......... .......... .......... 44% 69.0M 1s","logger":"airflow.task.hooks.airflow.providers.standard.hooks.subprocess.SubprocessHook"}
{"timestamp":"2025-07-13T16:50:32.694332","level":"info","event":"  7700K .......... .......... .......... .......... .......... 45% 29.0M 1s","logger":"airflow.task.hooks.airflow.providers.standard.hooks.subprocess.SubprocessHook"}
{"timestamp":"2025-07-13T16:50:32.695312","level":"info","event":"  7750K .......... .......... .......... .......... .......... 45% 65.9M 1s","logger":"airflow.task.hooks.airflow.providers.standard.hooks.subprocess.SubprocessHook"}
{"timestamp":"2025-07-13T16:50:32.696355","level":"info","event":"  7800K .......... .......... .......... .......... .......... 45% 50.1M 1s","logger":"airflow.task.hooks.airflow.providers.standard.hooks.subprocess.SubprocessHook"}
{"timestamp":"2025-07-13T16:50:32.696930","level":"info","event":"  7850K .......... .......... .......... .......... .......... 46%  102M 1s","logger":"airflow.task.hooks.airflow.providers.standard.hooks.subprocess.SubprocessHook"}
{"timestamp":"2025-07-13T16:50:32.701001","level":"info","event":"  7900K .......... .......... .......... .......... .......... 46% 11.9M 1s","logger":"airflow.task.hooks.airflow.providers.standard.hooks.subprocess.SubprocessHook"}
{"timestamp":"2025-07-13T16:50:32.702576","level":"info","event":"  7950K .......... .......... .......... .......... .......... 46% 38.6M 1s","logger":"airflow.task.hooks.airflow.providers.standard.hooks.subprocess.SubprocessHook"}
{"timestamp":"2025-07-13T16:50:32.703638","level":"info","event":"  8000K .......... .......... .......... .......... .......... 46% 32.9M 1s","logger":"airflow.task.hooks.airflow.providers.standard.hooks.subprocess.SubprocessHook"}
{"timestamp":"2025-07-13T16:50:32.705347","level":"info","event":"  8050K .......... .......... .......... .......... .......... 47% 31.9M 1s","logger":"airflow.task.hooks.airflow.providers.standard.hooks.subprocess.SubprocessHook"}
{"timestamp":"2025-07-13T16:50:32.706942","level":"info","event":"  8100K .......... .......... .......... .......... .......... 47% 24.3M 1s","logger":"airflow.task.hooks.airflow.providers.standard.hooks.subprocess.SubprocessHook"}
{"timestamp":"2025-07-13T16:50:32.768780","level":"info","event":"  8150K .......... .......... .......... .......... .......... 47%  821K 1s","logger":"airflow.task.hooks.airflow.providers.standard.hooks.subprocess.SubprocessHook"}
{"timestamp":"2025-07-13T16:50:32.769959","level":"info","event":"  8200K .......... .......... .......... .......... .......... 48% 40.6M 1s","logger":"airflow.task.hooks.airflow.providers.standard.hooks.subprocess.SubprocessHook"}
{"timestamp":"2025-07-13T16:50:32.774293","level":"info","event":"  8250K .......... .......... .......... .......... .......... 48% 10.2M 1s","logger":"airflow.task.hooks.airflow.providers.standard.hooks.subprocess.SubprocessHook"}
{"timestamp":"2025-07-13T16:50:32.777359","level":"info","event":"  8300K .......... .......... .......... .......... .......... 48% 16.0M 1s","logger":"airflow.task.hooks.airflow.providers.standard.hooks.subprocess.SubprocessHook"}
{"timestamp":"2025-07-13T16:50:32.777973","level":"info","event":"  8350K .......... .......... .......... .......... .......... 49%  140M 1s","logger":"airflow.task.hooks.airflow.providers.standard.hooks.subprocess.SubprocessHook"}
{"timestamp":"2025-07-13T16:50:32.778198","level":"info","event":"  8400K .......... .......... .......... .......... .......... 49%  167M 1s","logger":"airflow.task.hooks.airflow.providers.standard.hooks.subprocess.SubprocessHook"}
{"timestamp":"2025-07-13T16:50:32.781072","level":"info","event":"  8450K .......... .......... .......... .......... .......... 49% 16.6M 1s","logger":"airflow.task.hooks.airflow.providers.standard.hooks.subprocess.SubprocessHook"}
{"timestamp":"2025-07-13T16:50:32.781206","level":"info","event":"  8500K .......... .......... .......... .......... .......... 49%  112M 1s","logger":"airflow.task.hooks.airflow.providers.standard.hooks.subprocess.SubprocessHook"}
{"timestamp":"2025-07-13T16:50:32.783975","level":"info","event":"  8550K .......... .......... .......... .......... .......... 50% 22.7M 1s","logger":"airflow.task.hooks.airflow.providers.standard.hooks.subprocess.SubprocessHook"}
{"timestamp":"2025-07-13T16:50:32.784551","level":"info","event":"  8600K .......... .......... .......... .......... .......... 50%  112M 1s","logger":"airflow.task.hooks.airflow.providers.standard.hooks.subprocess.SubprocessHook"}
{"timestamp":"2025-07-13T16:50:32.784630","level":"info","event":"  8650K .......... .......... .......... .......... .......... 50%  173M 1s","logger":"airflow.task.hooks.airflow.providers.standard.hooks.subprocess.SubprocessHook"}
{"timestamp":"2025-07-13T16:50:32.784690","level":"info","event":"  8700K .......... .......... .......... .......... .......... 51%  143M 1s","logger":"airflow.task.hooks.airflow.providers.standard.hooks.subprocess.SubprocessHook"}
{"timestamp":"2025-07-13T16:50:32.784728","level":"info","event":"  8750K .......... .......... .......... .......... .......... 51% 89.0M 1s","logger":"airflow.task.hooks.airflow.providers.standard.hooks.subprocess.SubprocessHook"}
{"timestamp":"2025-07-13T16:50:32.789885","level":"info","event":"  8800K .......... .......... .......... .......... .......... 51% 15.7M 1s","logger":"airflow.task.hooks.airflow.providers.standard.hooks.subprocess.SubprocessHook"}
{"timestamp":"2025-07-13T16:50:32.791866","level":"info","event":"  8850K .......... .......... .......... .......... .......... 51% 13.7M 1s","logger":"airflow.task.hooks.airflow.providers.standard.hooks.subprocess.SubprocessHook"}
{"timestamp":"2025-07-13T16:50:32.793497","level":"info","event":"  8900K .......... .......... .......... .......... .......... 52% 32.2M 1s","logger":"airflow.task.hooks.airflow.providers.standard.hooks.subprocess.SubprocessHook"}
{"timestamp":"2025-07-13T16:50:32.793609","level":"info","event":"  8950K .......... .......... .......... .......... .......... 52%  126M 1s","logger":"airflow.task.hooks.airflow.providers.standard.hooks.subprocess.SubprocessHook"}
{"timestamp":"2025-07-13T16:50:32.793662","level":"info","event":"  9000K .......... .......... .......... .......... .......... 52%  192M 1s","logger":"airflow.task.hooks.airflow.providers.standard.hooks.subprocess.SubprocessHook"}
{"timestamp":"2025-07-13T16:50:32.795700","level":"info","event":"  9050K .......... .......... .......... .......... .......... 53% 30.5M 1s","logger":"airflow.task.hooks.airflow.providers.standard.hooks.subprocess.SubprocessHook"}
{"timestamp":"2025-07-13T16:50:32.795799","level":"info","event":"  9100K .......... .......... .......... .......... .......... 53%  113M 1s","logger":"airflow.task.hooks.airflow.providers.standard.hooks.subprocess.SubprocessHook"}
{"timestamp":"2025-07-13T16:50:32.801399","level":"info","event":"  9150K .......... .......... .......... .......... .......... 53% 13.5M 1s","logger":"airflow.task.hooks.airflow.providers.standard.hooks.subprocess.SubprocessHook"}
{"timestamp":"2025-07-13T16:50:32.801566","level":"info","event":"  9200K .......... .......... .......... .......... .......... 53% 44.2M 1s","logger":"airflow.task.hooks.airflow.providers.standard.hooks.subprocess.SubprocessHook"}
{"timestamp":"2025-07-13T16:50:32.801610","level":"info","event":"  9250K .......... .......... .......... .......... .......... 54%  160M 1s","logger":"airflow.task.hooks.airflow.providers.standard.hooks.subprocess.SubprocessHook"}
{"timestamp":"2025-07-13T16:50:32.801666","level":"info","event":"  9300K .......... .......... .......... .......... .......... 54% 42.2M 1s","logger":"airflow.task.hooks.airflow.providers.standard.hooks.subprocess.SubprocessHook"}
{"timestamp":"2025-07-13T16:50:32.804551","level":"info","event":"  9350K .......... .......... .......... .......... .......... 54%  163M 1s","logger":"airflow.task.hooks.airflow.providers.standard.hooks.subprocess.SubprocessHook"}
{"timestamp":"2025-07-13T16:50:32.804651","level":"info","event":"  9400K .......... .......... .......... .......... .......... 55%  137M 1s","logger":"airflow.task.hooks.airflow.providers.standard.hooks.subprocess.SubprocessHook"}
{"timestamp":"2025-07-13T16:50:32.806302","level":"info","event":"  9450K .......... .......... .......... .......... .......... 55% 22.9M 1s","logger":"airflow.task.hooks.airflow.providers.standard.hooks.subprocess.SubprocessHook"}
{"timestamp":"2025-07-13T16:50:32.811870","level":"info","event":"  9500K .......... .......... .......... .......... .......... 55% 7.15M 1s","logger":"airflow.task.hooks.airflow.providers.standard.hooks.subprocess.SubprocessHook"}
{"timestamp":"2025-07-13T16:50:32.814722","level":"info","event":"  9550K .......... .......... .......... .......... .......... 56% 16.4M 1s","logger":"airflow.task.hooks.airflow.providers.standard.hooks.subprocess.SubprocessHook"}
{"timestamp":"2025-07-13T16:50:32.818786","level":"info","event":"  9600K .......... .......... .......... .......... .......... 56% 12.8M 1s","logger":"airflow.task.hooks.airflow.providers.standard.hooks.subprocess.SubprocessHook"}
{"timestamp":"2025-07-13T16:50:32.818899","level":"info","event":"  9650K .......... .......... .......... .......... .......... 56%  200M 1s","logger":"airflow.task.hooks.airflow.providers.standard.hooks.subprocess.SubprocessHook"}
{"timestamp":"2025-07-13T16:50:32.819679","level":"info","event":"  9700K .......... .......... .......... .......... .......... 56% 43.3M 1s","logger":"airflow.task.hooks.airflow.providers.standard.hooks.subprocess.SubprocessHook"}
{"timestamp":"2025-07-13T16:50:32.820802","level":"info","event":"  9750K .......... .......... .......... .......... .......... 57% 52.3M 1s","logger":"airflow.task.hooks.airflow.providers.standard.hooks.subprocess.SubprocessHook"}
{"timestamp":"2025-07-13T16:50:32.825094","level":"info","event":"  9800K .......... .......... .......... .......... .......... 57% 17.0M 1s","logger":"airflow.task.hooks.airflow.providers.standard.hooks.subprocess.SubprocessHook"}
{"timestamp":"2025-07-13T16:50:32.829142","level":"info","event":"  9850K .......... .......... .......... .......... .......... 57% 30.6M 1s","logger":"airflow.task.hooks.airflow.providers.standard.hooks.subprocess.SubprocessHook"}
{"timestamp":"2025-07-13T16:50:32.837584","level":"info","event":"  9900K .......... .......... .......... .......... .......... 58% 8.28M 1s","logger":"airflow.task.hooks.airflow.providers.standard.hooks.subprocess.SubprocessHook"}
{"timestamp":"2025-07-13T16:50:32.837996","level":"info","event":"  9950K .......... .......... .......... .......... .......... 58% 9.68M 1s","logger":"airflow.task.hooks.airflow.providers.standard.hooks.subprocess.SubprocessHook"}
{"timestamp":"2025-07-13T16:50:32.838099","level":"info","event":" 10000K .......... .......... .......... .......... .......... 58%  170M 1s","logger":"airflow.task.hooks.airflow.providers.standard.hooks.subprocess.SubprocessHook"}
{"timestamp":"2025-07-13T16:50:32.838142","level":"info","event":" 10050K .......... .......... .......... .......... .......... 58%  188M 1s","logger":"airflow.task.hooks.airflow.providers.standard.hooks.subprocess.SubprocessHook"}
{"timestamp":"2025-07-13T16:50:32.838625","level":"info","event":" 10100K .......... .......... .......... .......... .......... 59%  143M 1s","logger":"airflow.task.hooks.airflow.providers.standard.hooks.subprocess.SubprocessHook"}
{"timestamp":"2025-07-13T16:50:32.838736","level":"info","event":" 10150K .......... .......... .......... .......... .......... 59%  119M 1s","logger":"airflow.task.hooks.airflow.providers.standard.hooks.subprocess.SubprocessHook"}
{"timestamp":"2025-07-13T16:50:33.052067","level":"info","event":" 10200K .......... .......... .......... .......... .......... 59%  234K 1s","logger":"airflow.task.hooks.airflow.providers.standard.hooks.subprocess.SubprocessHook"}
{"timestamp":"2025-07-13T16:50:33.053667","level":"info","event":" 10250K .......... .......... .......... .......... .......... 60% 17.7M 1s","logger":"airflow.task.hooks.airflow.providers.standard.hooks.subprocess.SubprocessHook"}
{"timestamp":"2025-07-13T16:50:33.055195","level":"info","event":" 10300K .......... .......... .......... .......... .......... 60% 26.8M 1s","logger":"airflow.task.hooks.airflow.providers.standard.hooks.subprocess.SubprocessHook"}
{"timestamp":"2025-07-13T16:50:33.055980","level":"info","event":" 10350K .......... .......... .......... .......... .......... 60% 76.1M 1s","logger":"airflow.task.hooks.airflow.providers.standard.hooks.subprocess.SubprocessHook"}
{"timestamp":"2025-07-13T16:50:33.056909","level":"info","event":" 10400K .......... .......... .......... .......... .......... 60% 45.0M 1s","logger":"airflow.task.hooks.airflow.providers.standard.hooks.subprocess.SubprocessHook"}
{"timestamp":"2025-07-13T16:50:33.060479","level":"info","event":" 10450K .......... .......... .......... .......... .......... 61% 16.2M 1s","logger":"airflow.task.hooks.airflow.providers.standard.hooks.subprocess.SubprocessHook"}
{"timestamp":"2025-07-13T16:50:33.062890","level":"info","event":" 10500K .......... .......... .......... .......... .......... 61% 18.2M 1s","logger":"airflow.task.hooks.airflow.providers.standard.hooks.subprocess.SubprocessHook"}
{"timestamp":"2025-07-13T16:50:33.066206","level":"info","event":" 10550K .......... .......... .......... .......... .......... 61% 24.4M 1s","logger":"airflow.task.hooks.airflow.providers.standard.hooks.subprocess.SubprocessHook"}
{"timestamp":"2025-07-13T16:50:33.066345","level":"info","event":" 10600K .......... .......... .......... .......... .......... 62% 40.6M 1s","logger":"airflow.task.hooks.airflow.providers.standard.hooks.subprocess.SubprocessHook"}
{"timestamp":"2025-07-13T16:50:33.067295","level":"info","event":" 10650K .......... .......... .......... .......... .......... 62%  107M 1s","logger":"airflow.task.hooks.airflow.providers.standard.hooks.subprocess.SubprocessHook"}
{"timestamp":"2025-07-13T16:50:33.071808","level":"info","event":" 10700K .......... .......... .......... .......... .......... 62% 10.0M 1s","logger":"airflow.task.hooks.airflow.providers.standard.hooks.subprocess.SubprocessHook"}
{"timestamp":"2025-07-13T16:50:33.075492","level":"info","event":" 10750K .......... .......... .......... .......... .......... 63% 13.5M 1s","logger":"airflow.task.hooks.airflow.providers.standard.hooks.subprocess.SubprocessHook"}
{"timestamp":"2025-07-13T16:50:33.075608","level":"info","event":" 10800K .......... .......... .......... .......... .......... 63%  107M 1s","logger":"airflow.task.hooks.airflow.providers.standard.hooks.subprocess.SubprocessHook"}
{"timestamp":"2025-07-13T16:50:33.076950","level":"info","event":" 10850K .......... .......... .......... .......... .......... 63% 32.1M 1s","logger":"airflow.task.hooks.airflow.providers.standard.hooks.subprocess.SubprocessHook"}
{"timestamp":"2025-07-13T16:50:33.077669","level":"info","event":" 10900K .......... .......... .......... .......... .......... 63%  135M 1s","logger":"airflow.task.hooks.airflow.providers.standard.hooks.subprocess.SubprocessHook"}
{"timestamp":"2025-07-13T16:50:33.079279","level":"info","event":" 10950K .......... .......... .......... .......... .......... 64% 20.9M 1s","logger":"airflow.task.hooks.airflow.providers.standard.hooks.subprocess.SubprocessHook"}
{"timestamp":"2025-07-13T16:50:33.081053","level":"info","event":" 11000K .......... .......... .......... .......... .......... 64% 40.3M 1s","logger":"airflow.task.hooks.airflow.providers.standard.hooks.subprocess.SubprocessHook"}
{"timestamp":"2025-07-13T16:50:33.081831","level":"info","event":" 11050K .......... .......... .......... .......... .......... 64%  125M 1s","logger":"airflow.task.hooks.airflow.providers.standard.hooks.subprocess.SubprocessHook"}
{"timestamp":"2025-07-13T16:50:33.082153","level":"info","event":" 11100K .......... .......... .......... .......... .......... 65%  180M 1s","logger":"airflow.task.hooks.airflow.providers.standard.hooks.subprocess.SubprocessHook"}
{"timestamp":"2025-07-13T16:50:33.084191","level":"info","event":" 11150K .......... .......... .......... .......... .......... 65% 25.7M 1s","logger":"airflow.task.hooks.airflow.providers.standard.hooks.subprocess.SubprocessHook"}
{"timestamp":"2025-07-13T16:50:33.085602","level":"info","event":" 11200K .......... .......... .......... .......... .......... 65% 24.7M 1s","logger":"airflow.task.hooks.airflow.providers.standard.hooks.subprocess.SubprocessHook"}
{"timestamp":"2025-07-13T16:50:33.085706","level":"info","event":" 11250K .......... .......... .......... .......... .......... 65%  126M 1s","logger":"airflow.task.hooks.airflow.providers.standard.hooks.subprocess.SubprocessHook"}
{"timestamp":"2025-07-13T16:50:33.087474","level":"info","event":" 11300K .......... .......... .......... .......... .......... 66% 89.6M 1s","logger":"airflow.task.hooks.airflow.providers.standard.hooks.subprocess.SubprocessHook"}
{"timestamp":"2025-07-13T16:50:33.087576","level":"info","event":" 11350K .......... .......... .......... .......... .......... 66%  146M 1s","logger":"airflow.task.hooks.airflow.providers.standard.hooks.subprocess.SubprocessHook"}
{"timestamp":"2025-07-13T16:50:33.087642","level":"info","event":" 11400K .......... .......... .......... .......... .......... 66% 38.4M 1s","logger":"airflow.task.hooks.airflow.providers.standard.hooks.subprocess.SubprocessHook"}
{"timestamp":"2025-07-13T16:50:33.089511","level":"info","event":" 11450K .......... .......... .......... .......... .......... 67% 33.3M 1s","logger":"airflow.task.hooks.airflow.providers.standard.hooks.subprocess.SubprocessHook"}
{"timestamp":"2025-07-13T16:50:33.092497","level":"info","event":" 11500K .......... .......... .......... .......... .......... 67% 14.7M 1s","logger":"airflow.task.hooks.airflow.providers.standard.hooks.subprocess.SubprocessHook"}
{"timestamp":"2025-07-13T16:50:33.095529","level":"info","event":" 11550K .......... .......... .......... .......... .......... 67% 17.1M 1s","logger":"airflow.task.hooks.airflow.providers.standard.hooks.subprocess.SubprocessHook"}
{"timestamp":"2025-07-13T16:50:33.096460","level":"info","event":" 11600K .......... .......... .......... .......... .......... 67% 45.8M 1s","logger":"airflow.task.hooks.airflow.providers.standard.hooks.subprocess.SubprocessHook"}
{"timestamp":"2025-07-13T16:50:33.099300","level":"info","event":" 11650K .......... .......... .......... .......... .......... 68% 19.4M 1s","logger":"airflow.task.hooks.airflow.providers.standard.hooks.subprocess.SubprocessHook"}
{"timestamp":"2025-07-13T16:50:33.105681","level":"info","event":" 11700K .......... .......... .......... .......... .......... 68% 14.7M 1s","logger":"airflow.task.hooks.airflow.providers.standard.hooks.subprocess.SubprocessHook"}
{"timestamp":"2025-07-13T16:50:33.105797","level":"info","event":" 11750K .......... .......... .......... .......... .......... 68% 15.5M 1s","logger":"airflow.task.hooks.airflow.providers.standard.hooks.subprocess.SubprocessHook"}
{"timestamp":"2025-07-13T16:50:33.105862","level":"info","event":" 11800K .......... .......... .......... .......... .......... 69%  241M 1s","logger":"airflow.task.hooks.airflow.providers.standard.hooks.subprocess.SubprocessHook"}
{"timestamp":"2025-07-13T16:50:33.111988","level":"info","event":" 11850K .......... .......... .......... .......... .......... 69% 9.45M 1s","logger":"airflow.task.hooks.airflow.providers.standard.hooks.subprocess.SubprocessHook"}
{"timestamp":"2025-07-13T16:50:33.112113","level":"info","event":" 11900K .......... .......... .......... .......... .......... 69% 80.8M 1s","logger":"airflow.task.hooks.airflow.providers.standard.hooks.subprocess.SubprocessHook"}
{"timestamp":"2025-07-13T16:50:33.115801","level":"info","event":" 11950K .......... .......... .......... .......... .......... 70% 17.2M 1s","logger":"airflow.task.hooks.airflow.providers.standard.hooks.subprocess.SubprocessHook"}
{"timestamp":"2025-07-13T16:50:33.116643","level":"info","event":" 12000K .......... .......... .......... .......... .......... 70% 21.7M 1s","logger":"airflow.task.hooks.airflow.providers.standard.hooks.subprocess.SubprocessHook"}
{"timestamp":"2025-07-13T16:50:33.130275","level":"info","event":" 12050K .......... .......... .......... .......... .......... 70% 4.09M 1s","logger":"airflow.task.hooks.airflow.providers.standard.hooks.subprocess.SubprocessHook"}
{"timestamp":"2025-07-13T16:50:33.143712","level":"info","event":" 12100K .......... .......... .......... .......... .......... 70% 3.86M 1s","logger":"airflow.task.hooks.airflow.providers.standard.hooks.subprocess.SubprocessHook"}
{"timestamp":"2025-07-13T16:50:33.149375","level":"info","event":" 12150K .......... .......... .......... .......... .......... 71% 6.55M 1s","logger":"airflow.task.hooks.airflow.providers.standard.hooks.subprocess.SubprocessHook"}
{"timestamp":"2025-07-13T16:50:33.150781","level":"info","event":" 12200K .......... .......... .......... .......... .......... 71% 31.0M 1s","logger":"airflow.task.hooks.airflow.providers.standard.hooks.subprocess.SubprocessHook"}
{"timestamp":"2025-07-13T16:50:33.152361","level":"info","event":" 12250K .......... .......... .......... .......... .......... 71% 48.4M 1s","logger":"airflow.task.hooks.airflow.providers.standard.hooks.subprocess.SubprocessHook"}
{"timestamp":"2025-07-13T16:50:33.155521","level":"info","event":" 12300K .......... .......... .......... .......... .......... 72% 14.0M 0s","logger":"airflow.task.hooks.airflow.providers.standard.hooks.subprocess.SubprocessHook"}
{"timestamp":"2025-07-13T16:50:33.161639","level":"info","event":" 12350K .......... .......... .......... .......... .......... 72% 30.9M 0s","logger":"airflow.task.hooks.airflow.providers.standard.hooks.subprocess.SubprocessHook"}
{"timestamp":"2025-07-13T16:50:33.162043","level":"info","event":" 12400K .......... .......... .......... .......... .......... 72%  166M 0s","logger":"airflow.task.hooks.airflow.providers.standard.hooks.subprocess.SubprocessHook"}
{"timestamp":"2025-07-13T16:50:33.165703","level":"info","event":" 12450K .......... .......... .......... .......... .......... 72% 6.77M 0s","logger":"airflow.task.hooks.airflow.providers.standard.hooks.subprocess.SubprocessHook"}
{"timestamp":"2025-07-13T16:50:33.171515","level":"info","event":" 12500K .......... .......... .......... .......... .......... 73% 12.5M 0s","logger":"airflow.task.hooks.airflow.providers.standard.hooks.subprocess.SubprocessHook"}
{"timestamp":"2025-07-13T16:50:33.174405","level":"info","event":" 12550K .......... .......... .......... .......... .......... 73% 8.42M 0s","logger":"airflow.task.hooks.airflow.providers.standard.hooks.subprocess.SubprocessHook"}
{"timestamp":"2025-07-13T16:50:33.176973","level":"info","event":" 12600K .......... .......... .......... .......... .......... 73% 24.5M 0s","logger":"airflow.task.hooks.airflow.providers.standard.hooks.subprocess.SubprocessHook"}
{"timestamp":"2025-07-13T16:50:33.179522","level":"info","event":" 12650K .......... .......... .......... .......... .......... 74% 15.7M 0s","logger":"airflow.task.hooks.airflow.providers.standard.hooks.subprocess.SubprocessHook"}
{"timestamp":"2025-07-13T16:50:33.180011","level":"info","event":" 12700K .......... .......... .......... .......... .......... 74%  113M 0s","logger":"airflow.task.hooks.airflow.providers.standard.hooks.subprocess.SubprocessHook"}
{"timestamp":"2025-07-13T16:50:33.180298","level":"info","event":" 12750K .......... .......... .......... .......... .......... 74%  192M 0s","logger":"airflow.task.hooks.airflow.providers.standard.hooks.subprocess.SubprocessHook"}
{"timestamp":"2025-07-13T16:50:33.186278","level":"info","event":" 12800K .......... .......... .......... .......... .......... 74% 9.65M 0s","logger":"airflow.task.hooks.airflow.providers.standard.hooks.subprocess.SubprocessHook"}
{"timestamp":"2025-07-13T16:50:33.186757","level":"info","event":" 12850K .......... .......... .......... .......... .......... 75% 53.1M 0s","logger":"airflow.task.hooks.airflow.providers.standard.hooks.subprocess.SubprocessHook"}
{"timestamp":"2025-07-13T16:50:33.196102","level":"info","event":" 12900K .......... .......... .......... .......... .......... 75% 5.90M 0s","logger":"airflow.task.hooks.airflow.providers.standard.hooks.subprocess.SubprocessHook"}
{"timestamp":"2025-07-13T16:50:33.196219","level":"info","event":" 12950K .......... .......... .......... .......... .......... 75%  176M 0s","logger":"airflow.task.hooks.airflow.providers.standard.hooks.subprocess.SubprocessHook"}
{"timestamp":"2025-07-13T16:50:33.196282","level":"info","event":" 13000K .......... .......... .......... .......... .......... 76%  184M 0s","logger":"airflow.task.hooks.airflow.providers.standard.hooks.subprocess.SubprocessHook"}
{"timestamp":"2025-07-13T16:50:33.200349","level":"info","event":" 13050K .......... .......... .......... .......... .......... 76% 9.18M 0s","logger":"airflow.task.hooks.airflow.providers.standard.hooks.subprocess.SubprocessHook"}
{"timestamp":"2025-07-13T16:50:33.200730","level":"info","event":" 13100K .......... .......... .......... .......... .......... 76%  160M 0s","logger":"airflow.task.hooks.airflow.providers.standard.hooks.subprocess.SubprocessHook"}
{"timestamp":"2025-07-13T16:50:33.200773","level":"info","event":" 13150K .......... .......... .......... .......... .......... 77%  139M 0s","logger":"airflow.task.hooks.airflow.providers.standard.hooks.subprocess.SubprocessHook"}
{"timestamp":"2025-07-13T16:50:33.209124","level":"info","event":" 13200K .......... .......... .......... .......... .......... 77% 8.06M 0s","logger":"airflow.task.hooks.airflow.providers.standard.hooks.subprocess.SubprocessHook"}
{"timestamp":"2025-07-13T16:50:33.209318","level":"info","event":" 13250K .......... .......... .......... .......... .......... 77%  164M 0s","logger":"airflow.task.hooks.airflow.providers.standard.hooks.subprocess.SubprocessHook"}
{"timestamp":"2025-07-13T16:50:33.209363","level":"info","event":" 13300K .......... .......... .......... .......... .......... 77%  185M 0s","logger":"airflow.task.hooks.airflow.providers.standard.hooks.subprocess.SubprocessHook"}
{"timestamp":"2025-07-13T16:50:33.213024","level":"info","event":" 13350K .......... .......... .......... .......... .......... 78% 10.2M 0s","logger":"airflow.task.hooks.airflow.providers.standard.hooks.subprocess.SubprocessHook"}
{"timestamp":"2025-07-13T16:50:33.218262","level":"info","event":" 13400K .......... .......... .......... .......... .......... 78% 8.46M 0s","logger":"airflow.task.hooks.airflow.providers.standard.hooks.subprocess.SubprocessHook"}
{"timestamp":"2025-07-13T16:50:33.218432","level":"info","event":" 13450K .......... .......... .......... .......... .......... 78% 68.2M 0s","logger":"airflow.task.hooks.airflow.providers.standard.hooks.subprocess.SubprocessHook"}
{"timestamp":"2025-07-13T16:50:33.218574","level":"info","event":" 13500K .......... .......... .......... .......... .......... 79%  187M 0s","logger":"airflow.task.hooks.airflow.providers.standard.hooks.subprocess.SubprocessHook"}
{"timestamp":"2025-07-13T16:50:33.220767","level":"info","event":" 13550K .......... .......... .......... .......... .......... 79% 52.0M 0s","logger":"airflow.task.hooks.airflow.providers.standard.hooks.subprocess.SubprocessHook"}
{"timestamp":"2025-07-13T16:50:33.220877","level":"info","event":" 13600K .......... .......... .......... .......... .......... 79% 60.7M 0s","logger":"airflow.task.hooks.airflow.providers.standard.hooks.subprocess.SubprocessHook"}
{"timestamp":"2025-07-13T16:50:33.225864","level":"info","event":" 13650K .......... .......... .......... .......... .......... 79% 14.6M 0s","logger":"airflow.task.hooks.airflow.providers.standard.hooks.subprocess.SubprocessHook"}
{"timestamp":"2025-07-13T16:50:33.226770","level":"info","event":" 13700K .......... .......... .......... .......... .......... 80% 63.5M 0s","logger":"airflow.task.hooks.airflow.providers.standard.hooks.subprocess.SubprocessHook"}
{"timestamp":"2025-07-13T16:50:33.226843","level":"info","event":" 13750K .......... .......... .......... .......... .......... 80%  163M 0s","logger":"airflow.task.hooks.airflow.providers.standard.hooks.subprocess.SubprocessHook"}
{"timestamp":"2025-07-13T16:50:33.226869","level":"info","event":" 13800K .......... .......... .......... .......... .......... 80%  168M 0s","logger":"airflow.task.hooks.airflow.providers.standard.hooks.subprocess.SubprocessHook"}
{"timestamp":"2025-07-13T16:50:33.229582","level":"info","event":" 13850K .......... .......... .......... .......... .......... 81% 10.1M 0s","logger":"airflow.task.hooks.airflow.providers.standard.hooks.subprocess.SubprocessHook"}
{"timestamp":"2025-07-13T16:50:33.229960","level":"info","event":" 13900K .......... .......... .......... .......... .......... 81%  181M 0s","logger":"airflow.task.hooks.airflow.providers.standard.hooks.subprocess.SubprocessHook"}
{"timestamp":"2025-07-13T16:50:33.230018","level":"info","event":" 13950K .......... .......... .......... .......... .......... 81%  151M 0s","logger":"airflow.task.hooks.airflow.providers.standard.hooks.subprocess.SubprocessHook"}
{"timestamp":"2025-07-13T16:50:33.230862","level":"info","event":" 14000K .......... .......... .......... .......... .......... 82% 92.9M 0s","logger":"airflow.task.hooks.airflow.providers.standard.hooks.subprocess.SubprocessHook"}
{"timestamp":"2025-07-13T16:50:33.235176","level":"info","event":" 14050K .......... .......... .......... .......... .......... 82% 14.2M 0s","logger":"airflow.task.hooks.airflow.providers.standard.hooks.subprocess.SubprocessHook"}
{"timestamp":"2025-07-13T16:50:33.236559","level":"info","event":" 14100K .......... .......... .......... .......... .......... 82% 20.9M 0s","logger":"airflow.task.hooks.airflow.providers.standard.hooks.subprocess.SubprocessHook"}
{"timestamp":"2025-07-13T16:50:33.237042","level":"info","event":" 14150K .......... .......... .......... .......... .......... 82% 71.2M 0s","logger":"airflow.task.hooks.airflow.providers.standard.hooks.subprocess.SubprocessHook"}
{"timestamp":"2025-07-13T16:50:33.239295","level":"info","event":" 14200K .......... .......... .......... .......... .......... 83% 74.5M 0s","logger":"airflow.task.hooks.airflow.providers.standard.hooks.subprocess.SubprocessHook"}
{"timestamp":"2025-07-13T16:50:33.239398","level":"info","event":" 14250K .......... .......... .......... .......... .......... 83%  153M 0s","logger":"airflow.task.hooks.airflow.providers.standard.hooks.subprocess.SubprocessHook"}
{"timestamp":"2025-07-13T16:50:33.595025","level":"info","event":" 14300K .......... .......... .......... .......... .......... 83% 50.8M 0s","logger":"airflow.task.hooks.airflow.providers.standard.hooks.subprocess.SubprocessHook"}
{"timestamp":"2025-07-13T16:50:33.600730","level":"info","event":" 14350K .......... .......... .......... .......... .......... 84%  138K 0s","logger":"airflow.task.hooks.airflow.providers.standard.hooks.subprocess.SubprocessHook"}
{"timestamp":"2025-07-13T16:50:33.613081","level":"info","event":" 14400K .......... .......... .......... .......... .......... 84% 4.85M 0s","logger":"airflow.task.hooks.airflow.providers.standard.hooks.subprocess.SubprocessHook"}
{"timestamp":"2025-07-13T16:50:33.619334","level":"info","event":" 14450K .......... .......... .......... .......... .......... 84% 9.61M 0s","logger":"airflow.task.hooks.airflow.providers.standard.hooks.subprocess.SubprocessHook"}
{"timestamp":"2025-07-13T16:50:33.628773","level":"info","event":" 14500K .......... .......... .......... .......... .......... 84% 5.59M 0s","logger":"airflow.task.hooks.airflow.providers.standard.hooks.subprocess.SubprocessHook"}
{"timestamp":"2025-07-13T16:50:33.628913","level":"info","event":" 14550K .......... .......... .......... .......... .......... 85%  208M 0s","logger":"airflow.task.hooks.airflow.providers.standard.hooks.subprocess.SubprocessHook"}
{"timestamp":"2025-07-13T16:50:33.628947","level":"info","event":" 14600K .......... .......... .......... .......... .......... 85%  232M 0s","logger":"airflow.task.hooks.airflow.providers.standard.hooks.subprocess.SubprocessHook"}
{"timestamp":"2025-07-13T16:50:33.633944","level":"info","event":" 14650K .......... .......... .......... .......... .......... 85% 5.48M 0s","logger":"airflow.task.hooks.airflow.providers.standard.hooks.subprocess.SubprocessHook"}
{"timestamp":"2025-07-13T16:50:33.645578","level":"info","event":" 14700K .......... .......... .......... .......... .......... 86% 4.43M 0s","logger":"airflow.task.hooks.airflow.providers.standard.hooks.subprocess.SubprocessHook"}
{"timestamp":"2025-07-13T16:50:33.645664","level":"info","event":" 14750K .......... .......... .......... .......... .......... 86%  176M 0s","logger":"airflow.task.hooks.airflow.providers.standard.hooks.subprocess.SubprocessHook"}
{"timestamp":"2025-07-13T16:50:33.645695","level":"info","event":" 14800K .......... .......... .......... .......... .......... 86%  229M 0s","logger":"airflow.task.hooks.airflow.providers.standard.hooks.subprocess.SubprocessHook"}
{"timestamp":"2025-07-13T16:50:33.647605","level":"info","event":" 14850K .......... .......... .......... .......... .......... 86% 25.3M 0s","logger":"airflow.task.hooks.airflow.providers.standard.hooks.subprocess.SubprocessHook"}
{"timestamp":"2025-07-13T16:50:33.647705","level":"info","event":" 14900K .......... .......... .......... .......... .......... 87%  205M 0s","logger":"airflow.task.hooks.airflow.providers.standard.hooks.subprocess.SubprocessHook"}
{"timestamp":"2025-07-13T16:50:33.657715","level":"info","event":" 14950K .......... .......... .......... .......... .......... 87% 5.26M 0s","logger":"airflow.task.hooks.airflow.providers.standard.hooks.subprocess.SubprocessHook"}
{"timestamp":"2025-07-13T16:50:33.671603","level":"info","event":" 15000K .......... .......... .......... .......... .......... 87% 3.51M 0s","logger":"airflow.task.hooks.airflow.providers.standard.hooks.subprocess.SubprocessHook"}
{"timestamp":"2025-07-13T16:50:33.674914","level":"info","event":" 15050K .......... .......... .......... .......... .......... 88% 16.7M 0s","logger":"airflow.task.hooks.airflow.providers.standard.hooks.subprocess.SubprocessHook"}
{"timestamp":"2025-07-13T16:50:33.676008","level":"info","event":" 15100K .......... .......... .......... .......... .......... 88% 89.6M 0s","logger":"airflow.task.hooks.airflow.providers.standard.hooks.subprocess.SubprocessHook"}
{"timestamp":"2025-07-13T16:50:33.676053","level":"info","event":" 15150K .......... .......... .......... .......... .......... 88% 45.6M 0s","logger":"airflow.task.hooks.airflow.providers.standard.hooks.subprocess.SubprocessHook"}
{"timestamp":"2025-07-13T16:50:33.676077","level":"info","event":" 15200K .......... .......... .......... .......... .......... 89%  112M 0s","logger":"airflow.task.hooks.airflow.providers.standard.hooks.subprocess.SubprocessHook"}
{"timestamp":"2025-07-13T16:50:33.676098","level":"info","event":" 15250K .......... .......... .......... .......... .......... 89%  179M 0s","logger":"airflow.task.hooks.airflow.providers.standard.hooks.subprocess.SubprocessHook"}
{"timestamp":"2025-07-13T16:50:33.689100","level":"info","event":" 15300K .......... .......... .......... .......... .......... 89% 5.04M 0s","logger":"airflow.task.hooks.airflow.providers.standard.hooks.subprocess.SubprocessHook"}
{"timestamp":"2025-07-13T16:50:33.689548","level":"info","event":" 15350K .......... .......... .......... .......... .......... 89% 85.0M 0s","logger":"airflow.task.hooks.airflow.providers.standard.hooks.subprocess.SubprocessHook"}
{"timestamp":"2025-07-13T16:50:33.689613","level":"info","event":" 15400K .......... .......... .......... .......... .......... 90% 15.7M 0s","logger":"airflow.task.hooks.airflow.providers.standard.hooks.subprocess.SubprocessHook"}
{"timestamp":"2025-07-13T16:50:33.692385","level":"info","event":" 15450K .......... .......... .......... .......... .......... 90% 56.5M 0s","logger":"airflow.task.hooks.airflow.providers.standard.hooks.subprocess.SubprocessHook"}
{"timestamp":"2025-07-13T16:50:33.692490","level":"info","event":" 15500K .......... .......... .......... .......... .......... 90% 71.8M 0s","logger":"airflow.task.hooks.airflow.providers.standard.hooks.subprocess.SubprocessHook"}
{"timestamp":"2025-07-13T16:50:33.692516","level":"info","event":" 15550K .......... .......... .......... .......... .......... 91% 39.5M 0s","logger":"airflow.task.hooks.airflow.providers.standard.hooks.subprocess.SubprocessHook"}
{"timestamp":"2025-07-13T16:50:33.692542","level":"info","event":" 15600K .......... .......... .......... .......... .......... 91%  137M 0s","logger":"airflow.task.hooks.airflow.providers.standard.hooks.subprocess.SubprocessHook"}
{"timestamp":"2025-07-13T16:50:33.692563","level":"info","event":" 15650K .......... .......... .......... .......... .......... 91%  181M 0s","logger":"airflow.task.hooks.airflow.providers.standard.hooks.subprocess.SubprocessHook"}
{"timestamp":"2025-07-13T16:50:33.697257","level":"info","event":" 15700K .......... .......... .......... .......... .......... 91%  180M 0s","logger":"airflow.task.hooks.airflow.providers.standard.hooks.subprocess.SubprocessHook"}
{"timestamp":"2025-07-13T16:50:33.697449","level":"info","event":" 15750K .......... .......... .......... .......... .......... 92% 10.8M 0s","logger":"airflow.task.hooks.airflow.providers.standard.hooks.subprocess.SubprocessHook"}
{"timestamp":"2025-07-13T16:50:33.697945","level":"info","event":" 15800K .......... .......... .......... .......... .......... 92%  199M 0s","logger":"airflow.task.hooks.airflow.providers.standard.hooks.subprocess.SubprocessHook"}
{"timestamp":"2025-07-13T16:50:33.700020","level":"info","event":" 15850K .......... .......... .......... .......... .......... 92%  179M 0s","logger":"airflow.task.hooks.airflow.providers.standard.hooks.subprocess.SubprocessHook"}
{"timestamp":"2025-07-13T16:50:33.700213","level":"info","event":" 15900K .......... .......... .......... .......... .......... 93%  152M 0s","logger":"airflow.task.hooks.airflow.providers.standard.hooks.subprocess.SubprocessHook"}
{"timestamp":"2025-07-13T16:50:33.704106","level":"info","event":" 15950K .......... .......... .......... .......... .......... 93% 11.1M 0s","logger":"airflow.task.hooks.airflow.providers.standard.hooks.subprocess.SubprocessHook"}
{"timestamp":"2025-07-13T16:50:33.704200","level":"info","event":" 16000K .......... .......... .......... .......... .......... 93%  280M 0s","logger":"airflow.task.hooks.airflow.providers.standard.hooks.subprocess.SubprocessHook"}
{"timestamp":"2025-07-13T16:50:33.704419","level":"info","event":" 16050K .......... .......... .......... .......... .......... 93%  219M 0s","logger":"airflow.task.hooks.airflow.providers.standard.hooks.subprocess.SubprocessHook"}
{"timestamp":"2025-07-13T16:50:33.704483","level":"info","event":" 16100K .......... .......... .......... .......... .......... 94%  227M 0s","logger":"airflow.task.hooks.airflow.providers.standard.hooks.subprocess.SubprocessHook"}
{"timestamp":"2025-07-13T16:50:33.711033","level":"info","event":" 16150K .......... .......... .......... .......... .......... 94% 7.33M 0s","logger":"airflow.task.hooks.airflow.providers.standard.hooks.subprocess.SubprocessHook"}
{"timestamp":"2025-07-13T16:50:33.711131","level":"info","event":" 16200K .......... .......... .......... .......... .......... 94% 71.8M 0s","logger":"airflow.task.hooks.airflow.providers.standard.hooks.subprocess.SubprocessHook"}
{"timestamp":"2025-07-13T16:50:33.718137","level":"info","event":" 16250K .......... .......... .......... .......... .......... 95% 7.27M 0s","logger":"airflow.task.hooks.airflow.providers.standard.hooks.subprocess.SubprocessHook"}
{"timestamp":"2025-07-13T16:50:33.718261","level":"info","event":" 16300K .......... .......... .......... .......... .......... 95%  198M 0s","logger":"airflow.task.hooks.airflow.providers.standard.hooks.subprocess.SubprocessHook"}
{"timestamp":"2025-07-13T16:50:33.718286","level":"info","event":" 16350K .......... .......... .......... .......... .......... 95%  168M 0s","logger":"airflow.task.hooks.airflow.providers.standard.hooks.subprocess.SubprocessHook"}
{"timestamp":"2025-07-13T16:50:33.718312","level":"info","event":" 16400K .......... .......... .......... .......... .......... 96%  209M 0s","logger":"airflow.task.hooks.airflow.providers.standard.hooks.subprocess.SubprocessHook"}
{"timestamp":"2025-07-13T16:50:33.719923","level":"info","event":" 16450K .......... .......... .......... .......... .......... 96%  120M 0s","logger":"airflow.task.hooks.airflow.providers.standard.hooks.subprocess.SubprocessHook"}
{"timestamp":"2025-07-13T16:50:33.720018","level":"info","event":" 16500K .......... .......... .......... .......... .......... 96%  170M 0s","logger":"airflow.task.hooks.airflow.providers.standard.hooks.subprocess.SubprocessHook"}
{"timestamp":"2025-07-13T16:50:33.720080","level":"info","event":" 16550K .......... .......... .......... .......... .......... 96%  173M 0s","logger":"airflow.task.hooks.airflow.providers.standard.hooks.subprocess.SubprocessHook"}
{"timestamp":"2025-07-13T16:50:33.725936","level":"info","event":" 16600K .......... .......... .......... .......... .......... 97% 7.93M 0s","logger":"airflow.task.hooks.airflow.providers.standard.hooks.subprocess.SubprocessHook"}
{"timestamp":"2025-07-13T16:50:33.726030","level":"info","event":" 16650K .......... .......... .......... .......... .......... 97%  186M 0s","logger":"airflow.task.hooks.airflow.providers.standard.hooks.subprocess.SubprocessHook"}
{"timestamp":"2025-07-13T16:50:33.726089","level":"info","event":" 16700K .......... .......... .......... .......... .......... 97%  168M 0s","logger":"airflow.task.hooks.airflow.providers.standard.hooks.subprocess.SubprocessHook"}
{"timestamp":"2025-07-13T16:50:33.730593","level":"info","event":" 16750K .......... .......... .......... .......... .......... 98% 13.9M 0s","logger":"airflow.task.hooks.airflow.providers.standard.hooks.subprocess.SubprocessHook"}
{"timestamp":"2025-07-13T16:50:33.730694","level":"info","event":" 16800K .......... .......... .......... .......... .......... 98%  114M 0s","logger":"airflow.task.hooks.airflow.providers.standard.hooks.subprocess.SubprocessHook"}
{"timestamp":"2025-07-13T16:50:33.731068","level":"info","event":" 16850K .......... .......... .......... .......... .......... 98%  174M 0s","logger":"airflow.task.hooks.airflow.providers.standard.hooks.subprocess.SubprocessHook"}
{"timestamp":"2025-07-13T16:50:33.731626","level":"info","event":" 16900K .......... .......... .......... .......... .......... 98%  167M 0s","logger":"airflow.task.hooks.airflow.providers.standard.hooks.subprocess.SubprocessHook"}
{"timestamp":"2025-07-13T16:50:33.731859","level":"info","event":" 16950K .......... .......... .......... .......... .......... 99%  142M 0s","logger":"airflow.task.hooks.airflow.providers.standard.hooks.subprocess.SubprocessHook"}
{"timestamp":"2025-07-13T16:50:33.732384","level":"info","event":" 17000K .......... .......... .......... .......... .......... 99% 28.2M 0s","logger":"airflow.task.hooks.airflow.providers.standard.hooks.subprocess.SubprocessHook"}
{"timestamp":"2025-07-13T16:50:33.733601","level":"info","event":" 17050K .......... .......... .......... .......... .......... 99% 64.1M 0s","logger":"airflow.task.hooks.airflow.providers.standard.hooks.subprocess.SubprocessHook"}
{"timestamp":"2025-07-13T16:50:33.735500","level":"info","event":" 17100K .......... .......... .......... ...                  100%  126M=1.9s","logger":"airflow.task.hooks.airflow.providers.standard.hooks.subprocess.SubprocessHook"}
{"timestamp":"2025-07-13T16:50:33.735622","level":"info","event":"","logger":"airflow.task.hooks.airflow.providers.standard.hooks.subprocess.SubprocessHook"}
{"timestamp":"2025-07-13T16:50:33.735971","level":"info","event":"2025-07-13 16:50:33 (8.95 MB/s) - ‘/opt/airflow/fhv_tripdata_2019-08.csv.gz’ saved [17544648/17544648]","logger":"airflow.task.hooks.airflow.providers.standard.hooks.subprocess.SubprocessHook"}
{"timestamp":"2025-07-13T16:50:33.736138","level":"info","event":"","logger":"airflow.task.hooks.airflow.providers.standard.hooks.subprocess.SubprocessHook"}
{"timestamp":"2025-07-13T16:50:35.640505","level":"info","event":"Command exited with return code 0","logger":"airflow.task.hooks.airflow.providers.standard.hooks.subprocess.SubprocessHook"}
{"timestamp":"2025-07-13T16:50:35.658497","level":"info","event":"Pushing xcom","ti":"RuntimeTaskInstance(id=UUID('019804b1-dc71-74d6-9760-a79ff6ae4159'), task_id='download_dataset_task', dag_id='upload_gcs_fhvtrips', run_id='scheduled__2019-08-02T06:00:00+00:00', try_number=1, map_index=-1, hostname='890ba30a36b0', context_carrier={}, task=<Task(BashOperator): download_dataset_task>, bundle_instance=LocalDagBundle(name=dags-folder), max_tries=0, start_date=datetime.datetime(2025, 7, 13, 16, 50, 22, 742120, tzinfo=TzInfo(UTC)), end_date=None, state=<TaskInstanceState.RUNNING: 'running'>, is_mapped=False, rendered_map_index=None)","logger":"task"}
{"timestamp":"2025-07-13T17:40:47.294244","level":"info","event":"DAG bundles loaded: dags-folder","logger":"airflow.dag_processing.bundles.manager.DagBundlesManager"}
{"timestamp":"2025-07-13T17:40:47.299953","level":"info","event":"Filling up the DagBag from /opt/airflow/dags/data_ingestion_gcs_dag.py","logger":"airflow.models.dagbag.DagBag"}
{"timestamp":"2025-07-13T17:40:58.002769","level":"info","event":"Tmp dir root location: /tmp","logger":"airflow.task.hooks.airflow.providers.standard.hooks.subprocess.SubprocessHook"}
{"timestamp":"2025-07-13T17:40:58.024103","level":"info","event":"Running command: ['/usr/bin/bash', '-c', 'echo https://github.com/DataTalksClub/nyc-tlc-data/releases/download/fhv/fhv_tripdata_2019-08.csv.gz && wget --no-verbose https://github.com/DataTalksClub/nyc-tlc-data/releases/download/fhv/fhv_tripdata_2019-08.csv.gz -O /opt/airflow/fhv_tripdata_2019-08.csv.gz && gunzip -f /opt/airflow/fhv_tripdata_2019-08.csv.gz']","logger":"airflow.task.hooks.airflow.providers.standard.hooks.subprocess.SubprocessHook"}
{"timestamp":"2025-07-13T17:40:58.154365","level":"info","event":"Output:","logger":"airflow.task.hooks.airflow.providers.standard.hooks.subprocess.SubprocessHook"}
{"timestamp":"2025-07-13T17:40:58.161601","level":"info","event":"https://github.com/DataTalksClub/nyc-tlc-data/releases/download/fhv/fhv_tripdata_2019-08.csv.gz","logger":"airflow.task.hooks.airflow.providers.standard.hooks.subprocess.SubprocessHook"}
{"timestamp":"2025-07-13T17:41:00.307239","level":"info","event":"2025-07-13 17:41:00 URL:https://objects.githubusercontent.com/github-production-release-asset-2e65be/513814948/bb8dcee5-63db-4488-8622-23bdf274fbe0?X-Amz-Algorithm=AWS4-HMAC-SHA256&X-Amz-Credential=releaseassetproduction%2F20250713%2Fus-east-1%2Fs3%2Faws4_request&X-Amz-Date=20250713T174058Z&X-Amz-Expires=1800&X-Amz-Signature=467c5c2a1210bfbd90df0acc30383051d3ae4e104a0ec3494d9446bbae8aa7e1&X-Amz-SignedHeaders=host&response-content-disposition=attachment%3B%20filename%3Dfhv_tripdata_2019-08.csv.gz&response-content-type=application%2Foctet-stream [17544648/17544648] -> \"/opt/airflow/fhv_tripdata_2019-08.csv.gz\" [1]","logger":"airflow.task.hooks.airflow.providers.standard.hooks.subprocess.SubprocessHook"}
{"timestamp":"2025-07-13T17:41:02.677665","level":"info","event":"Command exited with return code 0","logger":"airflow.task.hooks.airflow.providers.standard.hooks.subprocess.SubprocessHook"}
{"timestamp":"2025-07-13T17:41:02.693256","level":"info","event":"Pushing xcom","ti":"RuntimeTaskInstance(id=UUID('019804df-fdc5-77a3-9a3c-dc7004906967'), task_id='download_dataset_task', dag_id='upload_gcs_fhvtrips', run_id='scheduled__2019-08-02T06:00:00+00:00', try_number=1, map_index=-1, hostname='890ba30a36b0', context_carrier={}, task=<Task(BashOperator): download_dataset_task>, bundle_instance=LocalDagBundle(name=dags-folder), max_tries=0, start_date=datetime.datetime(2025, 7, 13, 17, 40, 45, 857339, tzinfo=TzInfo(UTC)), end_date=None, state=<TaskInstanceState.RUNNING: 'running'>, is_mapped=False, rendered_map_index=None)","logger":"task"}
{"timestamp":"2025-07-13T17:50:55.731002","level":"info","event":"DAG bundles loaded: dags-folder","logger":"airflow.dag_processing.bundles.manager.DagBundlesManager"}
{"timestamp":"2025-07-13T17:50:55.731877","level":"info","event":"Filling up the DagBag from /opt/airflow/dags/data_ingestion_gcs_dag.py","logger":"airflow.models.dagbag.DagBag"}
{"timestamp":"2025-07-13T17:50:58.714473","level":"info","event":"Tmp dir root location: /tmp","logger":"airflow.task.hooks.airflow.providers.standard.hooks.subprocess.SubprocessHook"}
{"timestamp":"2025-07-13T17:50:58.749450","level":"info","event":"Running command: ['/usr/bin/bash', '-c', 'echo https://github.com/DataTalksClub/nyc-tlc-data/releases/download/fhv/fhv_tripdata_2019-08.csv.gz && wget --no-verbose https://github.com/DataTalksClub/nyc-tlc-data/releases/download/fhv/fhv_tripdata_2019-08.csv.gz -O /opt/airflow/fhv_tripdata_2019-08.csv.gz && gunzip -f /opt/airflow/fhv_tripdata_2019-08.csv.gz']","logger":"airflow.task.hooks.airflow.providers.standard.hooks.subprocess.SubprocessHook"}
{"timestamp":"2025-07-13T17:50:58.884242","level":"info","event":"Output:","logger":"airflow.task.hooks.airflow.providers.standard.hooks.subprocess.SubprocessHook"}
{"timestamp":"2025-07-13T17:50:58.886156","level":"info","event":"https://github.com/DataTalksClub/nyc-tlc-data/releases/download/fhv/fhv_tripdata_2019-08.csv.gz","logger":"airflow.task.hooks.airflow.providers.standard.hooks.subprocess.SubprocessHook"}
{"timestamp":"2025-07-13T17:51:01.071496","level":"info","event":"2025-07-13 17:51:01 URL:https://objects.githubusercontent.com/github-production-release-asset-2e65be/513814948/bb8dcee5-63db-4488-8622-23bdf274fbe0?X-Amz-Algorithm=AWS4-HMAC-SHA256&X-Amz-Credential=releaseassetproduction%2F20250713%2Fus-east-1%2Fs3%2Faws4_request&X-Amz-Date=20250713T175059Z&X-Amz-Expires=1800&X-Amz-Signature=820a646818d386deb2045fa7022aa0f8defcd4ed018af7e3713d7252146e397c&X-Amz-SignedHeaders=host&response-content-disposition=attachment%3B%20filename%3Dfhv_tripdata_2019-08.csv.gz&response-content-type=application%2Foctet-stream [17544648/17544648] -> \"/opt/airflow/fhv_tripdata_2019-08.csv.gz\" [1]","logger":"airflow.task.hooks.airflow.providers.standard.hooks.subprocess.SubprocessHook"}
{"timestamp":"2025-07-13T17:51:02.535552","level":"info","event":"Command exited with return code 0","logger":"airflow.task.hooks.airflow.providers.standard.hooks.subprocess.SubprocessHook"}
{"timestamp":"2025-07-13T17:51:02.556848","level":"info","event":"Pushing xcom","ti":"RuntimeTaskInstance(id=UUID('019804e9-4b2d-7a0c-92e4-da13e6f7e30d'), task_id='download_dataset_task', dag_id='upload_gcs_fhvtrips', run_id='scheduled__2019-08-02T06:00:00+00:00', try_number=1, map_index=-1, hostname='890ba30a36b0', context_carrier={}, task=<Task(BashOperator): download_dataset_task>, bundle_instance=LocalDagBundle(name=dags-folder), max_tries=0, start_date=datetime.datetime(2025, 7, 13, 17, 50, 55, 94955, tzinfo=TzInfo(UTC)), end_date=None, state=<TaskInstanceState.RUNNING: 'running'>, is_mapped=False, rendered_map_index=None)","logger":"task"}
