{"timestamp":"2025-07-13T18:39:26.845772","level":"info","event":"DAG bundles loaded: dags-folder","logger":"airflow.dag_processing.bundles.manager.DagBundlesManager"}
{"timestamp":"2025-07-13T18:39:26.846856","level":"info","event":"Filling up the DagBag from /opt/airflow/dags/data_ingestion_gcs_dag.py","logger":"airflow.models.dagbag.DagBag"}
{"timestamp":"2025-07-13T18:39:30.347154","level":"info","event":"Tmp dir root location: /tmp","logger":"airflow.task.hooks.airflow.providers.standard.hooks.subprocess.SubprocessHook"}
{"timestamp":"2025-07-13T18:39:30.354474","level":"info","event":"Running command: ['/usr/bin/bash', '-c', 'echo https://github.com/DataTalksClub/nyc-tlc-data/releases/download/green/green_tripdata_2019-09.csv.gz && wget --no-verbose https://github.com/DataTalksClub/nyc-tlc-data/releases/download/green/green_tripdata_2019-09.csv.gz -O /opt/airflow/green_tripdata_2019-09.csv.gz && gunzip -f /opt/airflow/green_tripdata_2019-09.csv.gz']","logger":"airflow.task.hooks.airflow.providers.standard.hooks.subprocess.SubprocessHook"}
{"timestamp":"2025-07-13T18:39:30.411812","level":"info","event":"Output:","logger":"airflow.task.hooks.airflow.providers.standard.hooks.subprocess.SubprocessHook"}
{"timestamp":"2025-07-13T18:39:30.414330","level":"info","event":"https://github.com/DataTalksClub/nyc-tlc-data/releases/download/green/green_tripdata_2019-09.csv.gz","logger":"airflow.task.hooks.airflow.providers.standard.hooks.subprocess.SubprocessHook"}
{"timestamp":"2025-07-13T18:39:31.478627","level":"info","event":"2025-07-13 18:39:31 URL:https://release-assets.githubusercontent.com/github-production-release-asset/513814948/b5af7693-2f26-4bd5-8854-75edeb650bae?sp=r&sv=2018-11-09&sr=b&spr=https&se=2025-07-13T19%3A16%3A17Z&rscd=attachment%3B+filename%3Dgreen_tripdata_2019-09.csv.gz&rsct=application%2Foctet-stream&skoid=96c2d410-5711-43a1-aedd-ab1947aa7ab0&sktid=398a6654-997b-47e9-b12b-9515b896b4de&skt=2025-07-13T18%3A16%3A16Z&ske=2025-07-13T19%3A16%3A17Z&sks=b&skv=2018-11-09&sig=esPPMOBbxFTqfmShYBTTxhTTiTLOGOflKN7cZ8mMKTQ%3D&jwt=eyJ******&response-content-disposition=attachment%3B%20filename%3Dgreen_tripdata_2019-09.csv.gz&response-content-type=application%2Foctet-stream [7854533/7854533] -> \"/opt/airflow/green_tripdata_2019-09.csv.gz\" [1]","logger":"airflow.task.hooks.airflow.providers.standard.hooks.subprocess.SubprocessHook"}
{"timestamp":"2025-07-13T18:39:31.851092","level":"info","event":"Command exited with return code 0","logger":"airflow.task.hooks.airflow.providers.standard.hooks.subprocess.SubprocessHook"}
{"timestamp":"2025-07-13T18:39:31.855058","level":"info","event":"Pushing xcom","ti":"RuntimeTaskInstance(id=UUID('01980515-b808-7ee3-8a1d-ccf422da7417'), task_id='download_dataset_task', dag_id='upload_gcs_greentrips', run_id='scheduled__2019-09-02T06:00:00+00:00', try_number=1, map_index=-1, hostname='fb7e26a7e74c', context_carrier={}, task=<Task(BashOperator): download_dataset_task>, bundle_instance=LocalDagBundle(name=dags-folder), max_tries=0, start_date=datetime.datetime(2025, 7, 13, 18, 39, 26, 459906, tzinfo=TzInfo(UTC)), end_date=None, state=<TaskInstanceState.RUNNING: 'running'>, is_mapped=False, rendered_map_index=None)","logger":"task"}
{"timestamp":"2025-07-17T08:54:26.826835","level":"info","event":"DAG bundles loaded: dags-folder","logger":"airflow.dag_processing.bundles.manager.DagBundlesManager"}
{"timestamp":"2025-07-17T08:54:26.827545","level":"info","event":"Filling up the DagBag from /opt/airflow/dags/data_ingestion_gcs_dag.py","logger":"airflow.models.dagbag.DagBag"}
{"timestamp":"2025-07-17T08:54:28.423873","level":"info","event":"Tmp dir root location: /tmp","logger":"airflow.task.hooks.airflow.providers.standard.hooks.subprocess.SubprocessHook"}
{"timestamp":"2025-07-17T08:54:28.426339","level":"info","event":"Running command: ['/usr/bin/bash', '-c', \"echo https://github.com/DataTalksClub/nyc-tlc-data/releases/download/green/green_tripdata_2019-09.csv.gz && wget --no-verbose https://github.com/DataTalksClub/nyc-tlc-data/releases/download/green/green_tripdata_2019-09.csv.gz -O /opt/airflow/green_tripdata_2019-09.csv.gz && gunzip -f /opt/airflow/green_tripdata_2019-09.csv.gz || echo 'invalid link or file not in gz format' && wget https://github.com/DataTalksClub/nyc-tlc-data/releases/download/green/green_tripdata_2019-09.csv.gz -O /opt/airflow/green_tripdata_2019-09.csv\"]","logger":"airflow.task.hooks.airflow.providers.standard.hooks.subprocess.SubprocessHook"}
{"timestamp":"2025-07-17T08:54:28.461789","level":"info","event":"Output:","logger":"airflow.task.hooks.airflow.providers.standard.hooks.subprocess.SubprocessHook"}
{"timestamp":"2025-07-17T08:54:28.473530","level":"info","event":"https://github.com/DataTalksClub/nyc-tlc-data/releases/download/green/green_tripdata_2019-09.csv.gz","logger":"airflow.task.hooks.airflow.providers.standard.hooks.subprocess.SubprocessHook"}
{"timestamp":"2025-07-17T08:54:29.749250","level":"info","event":"2025-07-17 08:54:29 URL:https://release-assets.githubusercontent.com/github-production-release-asset/513814948/b5af7693-2f26-4bd5-8854-75edeb650bae?sp=r&sv=2018-11-09&sr=b&spr=https&se=2025-07-17T09%3A51%3A02Z&rscd=attachment%3B+filename%3Dgreen_tripdata_2019-09.csv.gz&rsct=application%2Foctet-stream&skoid=96c2d410-5711-43a1-aedd-ab1947aa7ab0&sktid=398a6654-997b-47e9-b12b-9515b896b4de&skt=2025-07-17T08%3A50%3A55Z&ske=2025-07-17T09%3A51%3A02Z&sks=b&skv=2018-11-09&sig=j8b3M2O4jRNOxMIPkbOxPw5Lyb3VfSwBe9vrRgJNFIk%3D&jwt=eyJ******&response-content-disposition=attachment%3B%20filename%3Dgreen_tripdata_2019-09.csv.gz&response-content-type=application%2Foctet-stream [7854533/7854533] -> \"/opt/airflow/green_tripdata_2019-09.csv.gz\" [1]","logger":"airflow.task.hooks.airflow.providers.standard.hooks.subprocess.SubprocessHook"}
{"timestamp":"2025-07-17T08:54:30.013290","level":"info","event":"--2025-07-17 08:54:30--  https://github.com/DataTalksClub/nyc-tlc-data/releases/download/green/green_tripdata_2019-09.csv.gz","logger":"airflow.task.hooks.airflow.providers.standard.hooks.subprocess.SubprocessHook"}
{"timestamp":"2025-07-17T08:54:30.024444","level":"info","event":"Resolving github.com (github.com)... 20.205.243.166","logger":"airflow.task.hooks.airflow.providers.standard.hooks.subprocess.SubprocessHook"}
{"timestamp":"2025-07-17T08:54:30.041215","level":"info","event":"Connecting to github.com (github.com)|20.205.243.166|:443... connected.","logger":"airflow.task.hooks.airflow.providers.standard.hooks.subprocess.SubprocessHook"}
{"timestamp":"2025-07-17T08:54:30.120400","level":"info","event":"HTTP request sent, awaiting response... 302 Found","logger":"airflow.task.hooks.airflow.providers.standard.hooks.subprocess.SubprocessHook"}
{"timestamp":"2025-07-17T08:54:30.120524","level":"info","event":"Location: https://release-assets.githubusercontent.com/github-production-release-asset/513814948/b5af7693-2f26-4bd5-8854-75edeb650bae?sp=r&sv=2018-11-09&sr=b&spr=https&se=2025-07-17T09%3A51%3A02Z&rscd=attachment%3B+filename%3Dgreen_tripdata_2019-09.csv.gz&rsct=application%2Foctet-stream&skoid=96c2d410-5711-43a1-aedd-ab1947aa7ab0&sktid=398a6654-997b-47e9-b12b-9515b896b4de&skt=2025-07-17T08%3A50%3A55Z&ske=2025-07-17T09%3A51%3A02Z&sks=b&skv=2018-11-09&sig=j8b3M2O4jRNOxMIPkbOxPw5Lyb3VfSwBe9vrRgJNFIk%3D&jwt=eyJ******&response-content-disposition=attachment%3B%20filename%3Dgreen_tripdata_2019-09.csv.gz&response-content-type=application%2Foctet-stream [following]","logger":"airflow.task.hooks.airflow.providers.standard.hooks.subprocess.SubprocessHook"}
{"timestamp":"2025-07-17T08:54:30.120605","level":"info","event":"--2025-07-17 08:54:30--  https://release-assets.githubusercontent.com/github-production-release-asset/513814948/b5af7693-2f26-4bd5-8854-75edeb650bae?sp=r&sv=2018-11-09&sr=b&spr=https&se=2025-07-17T09%3A51%3A02Z&rscd=attachment%3B+filename%3Dgreen_tripdata_2019-09.csv.gz&rsct=application%2Foctet-stream&skoid=96c2d410-5711-43a1-aedd-ab1947aa7ab0&sktid=398a6654-997b-47e9-b12b-9515b896b4de&skt=2025-07-17T08%3A50%3A55Z&ske=2025-07-17T09%3A51%3A02Z&sks=b&skv=2018-11-09&sig=j8b3M2O4jRNOxMIPkbOxPw5Lyb3VfSwBe9vrRgJNFIk%3D&jwt=eyJ******&response-content-disposition=attachment%3B%20filename%3Dgreen_tripdata_2019-09.csv.gz&response-content-type=application%2Foctet-stream","logger":"airflow.task.hooks.airflow.providers.standard.hooks.subprocess.SubprocessHook"}
{"timestamp":"2025-07-17T08:54:30.127961","level":"info","event":"Resolving release-assets.githubusercontent.com (release-assets.githubusercontent.com)... 185.199.109.133, 185.199.110.133, 185.199.111.133, ...","logger":"airflow.task.hooks.airflow.providers.standard.hooks.subprocess.SubprocessHook"}
{"timestamp":"2025-07-17T08:54:30.157844","level":"info","event":"Connecting to release-assets.githubusercontent.com (release-assets.githubusercontent.com)|185.199.109.133|:443... connected.","logger":"airflow.task.hooks.airflow.providers.standard.hooks.subprocess.SubprocessHook"}
{"timestamp":"2025-07-17T08:54:30.183002","level":"info","event":"HTTP request sent, awaiting response... 200 OK","logger":"airflow.task.hooks.airflow.providers.standard.hooks.subprocess.SubprocessHook"}
{"timestamp":"2025-07-17T08:54:30.183574","level":"info","event":"Length: 7854533 (7.5M) [application/octet-stream]","logger":"airflow.task.hooks.airflow.providers.standard.hooks.subprocess.SubprocessHook"}
{"timestamp":"2025-07-17T08:54:30.183658","level":"info","event":"Saving to: ‘/opt/airflow/green_tripdata_2019-09.csv’","logger":"airflow.task.hooks.airflow.providers.standard.hooks.subprocess.SubprocessHook"}
{"timestamp":"2025-07-17T08:54:30.184116","level":"info","event":"","logger":"airflow.task.hooks.airflow.providers.standard.hooks.subprocess.SubprocessHook"}
{"timestamp":"2025-07-17T08:54:30.198635","level":"info","event":"     0K .......... .......... .......... .......... ..........  0% 3.29M 2s","logger":"airflow.task.hooks.airflow.providers.standard.hooks.subprocess.SubprocessHook"}
{"timestamp":"2025-07-17T08:54:30.201638","level":"info","event":"    50K .......... .......... .......... .......... ..........  1% 15.7M 1s","logger":"airflow.task.hooks.airflow.providers.standard.hooks.subprocess.SubprocessHook"}
{"timestamp":"2025-07-17T08:54:30.205365","level":"info","event":"   100K .......... .......... .......... .......... ..........  1% 13.5M 1s","logger":"airflow.task.hooks.airflow.providers.standard.hooks.subprocess.SubprocessHook"}
{"timestamp":"2025-07-17T08:54:30.209947","level":"info","event":"   150K .......... .......... .......... .......... ..........  2% 11.4M 1s","logger":"airflow.task.hooks.airflow.providers.standard.hooks.subprocess.SubprocessHook"}
{"timestamp":"2025-07-17T08:54:30.210306","level":"info","event":"   200K .......... .......... .......... .......... ..........  3% 54.2M 1s","logger":"airflow.task.hooks.airflow.providers.standard.hooks.subprocess.SubprocessHook"}
{"timestamp":"2025-07-17T08:54:30.211622","level":"info","event":"   250K .......... .......... .......... .......... ..........  3% 36.7M 1s","logger":"airflow.task.hooks.airflow.providers.standard.hooks.subprocess.SubprocessHook"}
{"timestamp":"2025-07-17T08:54:30.216127","level":"info","event":"   300K .......... .......... .......... .......... ..........  4% 10.9M 1s","logger":"airflow.task.hooks.airflow.providers.standard.hooks.subprocess.SubprocessHook"}
{"timestamp":"2025-07-17T08:54:30.217436","level":"info","event":"   350K .......... .......... .......... .......... ..........  5% 40.4M 1s","logger":"airflow.task.hooks.airflow.providers.standard.hooks.subprocess.SubprocessHook"}
{"timestamp":"2025-07-17T08:54:30.220299","level":"info","event":"   400K .......... .......... .......... .......... ..........  5% 17.5M 1s","logger":"airflow.task.hooks.airflow.providers.standard.hooks.subprocess.SubprocessHook"}
{"timestamp":"2025-07-17T08:54:30.220971","level":"info","event":"   450K .......... .......... .......... .......... ..........  6% 54.9M 1s","logger":"airflow.task.hooks.airflow.providers.standard.hooks.subprocess.SubprocessHook"}
{"timestamp":"2025-07-17T08:54:30.222042","level":"info","event":"   500K .......... .......... .......... .......... ..........  7% 53.5M 0s","logger":"airflow.task.hooks.airflow.providers.standard.hooks.subprocess.SubprocessHook"}
{"timestamp":"2025-07-17T08:54:30.223467","level":"info","event":"   550K .......... .......... .......... .......... ..........  7% 31.0M 0s","logger":"airflow.task.hooks.airflow.providers.standard.hooks.subprocess.SubprocessHook"}
{"timestamp":"2025-07-17T08:54:30.225657","level":"info","event":"   600K .......... .......... .......... .......... ..........  8% 24.2M 0s","logger":"airflow.task.hooks.airflow.providers.standard.hooks.subprocess.SubprocessHook"}
{"timestamp":"2025-07-17T08:54:30.226613","level":"info","event":"   650K .......... .......... .......... .......... ..........  9% 49.8M 0s","logger":"airflow.task.hooks.airflow.providers.standard.hooks.subprocess.SubprocessHook"}
{"timestamp":"2025-07-17T08:54:30.228078","level":"info","event":"   700K .......... .......... .......... .......... ..........  9% 29.7M 0s","logger":"airflow.task.hooks.airflow.providers.standard.hooks.subprocess.SubprocessHook"}
{"timestamp":"2025-07-17T08:54:30.228506","level":"info","event":"   750K .......... .......... .......... .......... .......... 10%  114M 0s","logger":"airflow.task.hooks.airflow.providers.standard.hooks.subprocess.SubprocessHook"}
{"timestamp":"2025-07-17T08:54:30.229592","level":"info","event":"   800K .......... .......... .......... .......... .......... 11% 45.7M 0s","logger":"airflow.task.hooks.airflow.providers.standard.hooks.subprocess.SubprocessHook"}
{"timestamp":"2025-07-17T08:54:30.230390","level":"info","event":"   850K .......... .......... .......... .......... .......... 11% 63.7M 0s","logger":"airflow.task.hooks.airflow.providers.standard.hooks.subprocess.SubprocessHook"}
{"timestamp":"2025-07-17T08:54:30.233139","level":"info","event":"   900K .......... .......... .......... .......... .......... 12% 18.6M 0s","logger":"airflow.task.hooks.airflow.providers.standard.hooks.subprocess.SubprocessHook"}
{"timestamp":"2025-07-17T08:54:30.234093","level":"info","event":"   950K .......... .......... .......... .......... .......... 13% 44.8M 0s","logger":"airflow.task.hooks.airflow.providers.standard.hooks.subprocess.SubprocessHook"}
{"timestamp":"2025-07-17T08:54:30.234942","level":"info","event":"  1000K .......... .......... .......... .......... .......... 13% 55.8M 0s","logger":"airflow.task.hooks.airflow.providers.standard.hooks.subprocess.SubprocessHook"}
{"timestamp":"2025-07-17T08:54:30.236656","level":"info","event":"  1050K .......... .......... .......... .......... .......... 14% 33.7M 0s","logger":"airflow.task.hooks.airflow.providers.standard.hooks.subprocess.SubprocessHook"}
{"timestamp":"2025-07-17T08:54:30.237150","level":"info","event":"  1100K .......... .......... .......... .......... .......... 14% 63.7M 0s","logger":"airflow.task.hooks.airflow.providers.standard.hooks.subprocess.SubprocessHook"}
{"timestamp":"2025-07-17T08:54:30.240239","level":"info","event":"  1150K .......... .......... .......... .......... .......... 15% 22.6M 0s","logger":"airflow.task.hooks.airflow.providers.standard.hooks.subprocess.SubprocessHook"}
{"timestamp":"2025-07-17T08:54:30.241179","level":"info","event":"  1200K .......... .......... .......... .......... .......... 16% 26.6M 0s","logger":"airflow.task.hooks.airflow.providers.standard.hooks.subprocess.SubprocessHook"}
{"timestamp":"2025-07-17T08:54:30.241704","level":"info","event":"  1250K .......... .......... .......... .......... .......... 16% 86.1M 0s","logger":"airflow.task.hooks.airflow.providers.standard.hooks.subprocess.SubprocessHook"}
{"timestamp":"2025-07-17T08:54:30.242288","level":"info","event":"  1300K .......... .......... .......... .......... .......... 17% 91.1M 0s","logger":"airflow.task.hooks.airflow.providers.standard.hooks.subprocess.SubprocessHook"}
{"timestamp":"2025-07-17T08:54:30.244453","level":"info","event":"  1350K .......... .......... .......... .......... .......... 18% 23.2M 0s","logger":"airflow.task.hooks.airflow.providers.standard.hooks.subprocess.SubprocessHook"}
{"timestamp":"2025-07-17T08:54:30.245424","level":"info","event":"  1400K .......... .......... .......... .......... .......... 18% 46.2M 0s","logger":"airflow.task.hooks.airflow.providers.standard.hooks.subprocess.SubprocessHook"}
{"timestamp":"2025-07-17T08:54:30.246372","level":"info","event":"  1450K .......... .......... .......... .......... .......... 19% 53.7M 0s","logger":"airflow.task.hooks.airflow.providers.standard.hooks.subprocess.SubprocessHook"}
{"timestamp":"2025-07-17T08:54:30.247930","level":"info","event":"  1500K .......... .......... .......... .......... .......... 20% 30.7M 0s","logger":"airflow.task.hooks.airflow.providers.standard.hooks.subprocess.SubprocessHook"}
{"timestamp":"2025-07-17T08:54:30.249989","level":"info","event":"  1550K .......... .......... .......... .......... .......... 20% 35.0M 0s","logger":"airflow.task.hooks.airflow.providers.standard.hooks.subprocess.SubprocessHook"}
{"timestamp":"2025-07-17T08:54:30.250712","level":"info","event":"  1600K .......... .......... .......... .......... .......... 21% 35.8M 0s","logger":"airflow.task.hooks.airflow.providers.standard.hooks.subprocess.SubprocessHook"}
{"timestamp":"2025-07-17T08:54:30.251584","level":"info","event":"  1650K .......... .......... .......... .......... .......... 22% 55.8M 0s","logger":"airflow.task.hooks.airflow.providers.standard.hooks.subprocess.SubprocessHook"}
{"timestamp":"2025-07-17T08:54:30.252421","level":"info","event":"  1700K .......... .......... .......... .......... .......... 22% 57.0M 0s","logger":"airflow.task.hooks.airflow.providers.standard.hooks.subprocess.SubprocessHook"}
{"timestamp":"2025-07-17T08:54:30.253512","level":"info","event":"  1750K .......... .......... .......... .......... .......... 23% 44.1M 0s","logger":"airflow.task.hooks.airflow.providers.standard.hooks.subprocess.SubprocessHook"}
{"timestamp":"2025-07-17T08:54:30.255260","level":"info","event":"  1800K .......... .......... .......... .......... .......... 24% 29.3M 0s","logger":"airflow.task.hooks.airflow.providers.standard.hooks.subprocess.SubprocessHook"}
{"timestamp":"2025-07-17T08:54:30.256619","level":"info","event":"  1850K .......... .......... .......... .......... .......... 24% 34.8M 0s","logger":"airflow.task.hooks.airflow.providers.standard.hooks.subprocess.SubprocessHook"}
{"timestamp":"2025-07-17T08:54:30.257103","level":"info","event":"  1900K .......... .......... .......... .......... .......... 25% 92.8M 0s","logger":"airflow.task.hooks.airflow.providers.standard.hooks.subprocess.SubprocessHook"}
{"timestamp":"2025-07-17T08:54:30.257835","level":"info","event":"  1950K .......... .......... .......... .......... .......... 26% 66.5M 0s","logger":"airflow.task.hooks.airflow.providers.standard.hooks.subprocess.SubprocessHook"}
{"timestamp":"2025-07-17T08:54:30.259034","level":"info","event":"  2000K .......... .......... .......... .......... .......... 26% 41.3M 0s","logger":"airflow.task.hooks.airflow.providers.standard.hooks.subprocess.SubprocessHook"}
{"timestamp":"2025-07-17T08:54:30.260123","level":"info","event":"  2050K .......... .......... .......... .......... .......... 27% 46.3M 0s","logger":"airflow.task.hooks.airflow.providers.standard.hooks.subprocess.SubprocessHook"}
{"timestamp":"2025-07-17T08:54:30.261047","level":"info","event":"  2100K .......... .......... .......... .......... .......... 28% 53.9M 0s","logger":"airflow.task.hooks.airflow.providers.standard.hooks.subprocess.SubprocessHook"}
{"timestamp":"2025-07-17T08:54:30.263512","level":"info","event":"  2150K .......... .......... .......... .......... .......... 28% 22.2M 0s","logger":"airflow.task.hooks.airflow.providers.standard.hooks.subprocess.SubprocessHook"}
{"timestamp":"2025-07-17T08:54:30.264759","level":"info","event":"  2200K .......... .......... .......... .......... .......... 29% 34.6M 0s","logger":"airflow.task.hooks.airflow.providers.standard.hooks.subprocess.SubprocessHook"}
{"timestamp":"2025-07-17T08:54:30.266240","level":"info","event":"  2250K .......... .......... .......... .......... .......... 29% 33.2M 0s","logger":"airflow.task.hooks.airflow.providers.standard.hooks.subprocess.SubprocessHook"}
{"timestamp":"2025-07-17T08:54:30.268937","level":"info","event":"  2300K .......... .......... .......... .......... .......... 30% 40.3M 0s","logger":"airflow.task.hooks.airflow.providers.standard.hooks.subprocess.SubprocessHook"}
{"timestamp":"2025-07-17T08:54:30.270231","level":"info","event":"  2350K .......... .......... .......... .......... .......... 31% 25.3M 0s","logger":"airflow.task.hooks.airflow.providers.standard.hooks.subprocess.SubprocessHook"}
{"timestamp":"2025-07-17T08:54:30.270320","level":"info","event":"  2400K .......... .......... .......... .......... .......... 31% 66.4M 0s","logger":"airflow.task.hooks.airflow.providers.standard.hooks.subprocess.SubprocessHook"}
{"timestamp":"2025-07-17T08:54:30.272543","level":"info","event":"  2450K .......... .......... .......... .......... .......... 32% 21.5M 0s","logger":"airflow.task.hooks.airflow.providers.standard.hooks.subprocess.SubprocessHook"}
{"timestamp":"2025-07-17T08:54:30.273103","level":"info","event":"  2500K .......... .......... .......... .......... .......... 33% 57.5M 0s","logger":"airflow.task.hooks.airflow.providers.standard.hooks.subprocess.SubprocessHook"}
{"timestamp":"2025-07-17T08:54:30.273895","level":"info","event":"  2550K .......... .......... .......... .......... .......... 33% 58.8M 0s","logger":"airflow.task.hooks.airflow.providers.standard.hooks.subprocess.SubprocessHook"}
{"timestamp":"2025-07-17T08:54:30.278857","level":"info","event":"  2600K .......... .......... .......... .......... .......... 34% 10.1M 0s","logger":"airflow.task.hooks.airflow.providers.standard.hooks.subprocess.SubprocessHook"}
{"timestamp":"2025-07-17T08:54:30.279804","level":"info","event":"  2650K .......... .......... .......... .......... .......... 35% 47.5M 0s","logger":"airflow.task.hooks.airflow.providers.standard.hooks.subprocess.SubprocessHook"}
{"timestamp":"2025-07-17T08:54:30.281266","level":"info","event":"  2700K .......... .......... .......... .......... .......... 35% 34.5M 0s","logger":"airflow.task.hooks.airflow.providers.standard.hooks.subprocess.SubprocessHook"}
{"timestamp":"2025-07-17T08:54:30.282426","level":"info","event":"  2750K .......... .......... .......... .......... .......... 36% 39.8M 0s","logger":"airflow.task.hooks.airflow.providers.standard.hooks.subprocess.SubprocessHook"}
{"timestamp":"2025-07-17T08:54:30.286448","level":"info","event":"  2800K .......... .......... .......... .......... .......... 37% 12.3M 0s","logger":"airflow.task.hooks.airflow.providers.standard.hooks.subprocess.SubprocessHook"}
{"timestamp":"2025-07-17T08:54:30.287695","level":"info","event":"  2850K .......... .......... .......... .......... .......... 37% 37.1M 0s","logger":"airflow.task.hooks.airflow.providers.standard.hooks.subprocess.SubprocessHook"}
{"timestamp":"2025-07-17T08:54:30.289682","level":"info","event":"  2900K .......... .......... .......... .......... .......... 38% 24.4M 0s","logger":"airflow.task.hooks.airflow.providers.standard.hooks.subprocess.SubprocessHook"}
{"timestamp":"2025-07-17T08:54:30.292916","level":"info","event":"  2950K .......... .......... .......... .......... .......... 39% 15.3M 0s","logger":"airflow.task.hooks.airflow.providers.standard.hooks.subprocess.SubprocessHook"}
{"timestamp":"2025-07-17T08:54:30.295917","level":"info","event":"  3000K .......... .......... .......... .......... .......... 39% 16.6M 0s","logger":"airflow.task.hooks.airflow.providers.standard.hooks.subprocess.SubprocessHook"}
{"timestamp":"2025-07-17T08:54:30.297225","level":"info","event":"  3050K .......... .......... .......... .......... .......... 40% 36.3M 0s","logger":"airflow.task.hooks.airflow.providers.standard.hooks.subprocess.SubprocessHook"}
{"timestamp":"2025-07-17T08:54:30.298294","level":"info","event":"  3100K .......... .......... .......... .......... .......... 41% 47.8M 0s","logger":"airflow.task.hooks.airflow.providers.standard.hooks.subprocess.SubprocessHook"}
{"timestamp":"2025-07-17T08:54:30.299913","level":"info","event":"  3150K .......... .......... .......... .......... .......... 41% 29.1M 0s","logger":"airflow.task.hooks.airflow.providers.standard.hooks.subprocess.SubprocessHook"}
{"timestamp":"2025-07-17T08:54:30.301156","level":"info","event":"  3200K .......... .......... .......... .......... .......... 42% 38.4M 0s","logger":"airflow.task.hooks.airflow.providers.standard.hooks.subprocess.SubprocessHook"}
{"timestamp":"2025-07-17T08:54:30.302381","level":"info","event":"  3250K .......... .......... .......... .......... .......... 43% 41.0M 0s","logger":"airflow.task.hooks.airflow.providers.standard.hooks.subprocess.SubprocessHook"}
{"timestamp":"2025-07-17T08:54:30.303947","level":"info","event":"  3300K .......... .......... .......... .......... .......... 43% 31.6M 0s","logger":"airflow.task.hooks.airflow.providers.standard.hooks.subprocess.SubprocessHook"}
{"timestamp":"2025-07-17T08:54:30.305128","level":"info","event":"  3350K .......... .......... .......... .......... .......... 44% 38.6M 0s","logger":"airflow.task.hooks.airflow.providers.standard.hooks.subprocess.SubprocessHook"}
{"timestamp":"2025-07-17T08:54:30.306019","level":"info","event":"  3400K .......... .......... .......... .......... .......... 44% 54.7M 0s","logger":"airflow.task.hooks.airflow.providers.standard.hooks.subprocess.SubprocessHook"}
{"timestamp":"2025-07-17T08:54:30.307635","level":"info","event":"  3450K .......... .......... .......... .......... .......... 45% 29.9M 0s","logger":"airflow.task.hooks.airflow.providers.standard.hooks.subprocess.SubprocessHook"}
{"timestamp":"2025-07-17T08:54:30.309648","level":"info","event":"  3500K .......... .......... .......... .......... .......... 46% 59.5M 0s","logger":"airflow.task.hooks.airflow.providers.standard.hooks.subprocess.SubprocessHook"}
{"timestamp":"2025-07-17T08:54:30.310286","level":"info","event":"  3550K .......... .......... .......... .......... .......... 46% 27.1M 0s","logger":"airflow.task.hooks.airflow.providers.standard.hooks.subprocess.SubprocessHook"}
{"timestamp":"2025-07-17T08:54:30.312195","level":"info","event":"  3600K .......... .......... .......... .......... .......... 47% 25.7M 0s","logger":"airflow.task.hooks.airflow.providers.standard.hooks.subprocess.SubprocessHook"}
{"timestamp":"2025-07-17T08:54:30.313398","level":"info","event":"  3650K .......... .......... .......... .......... .......... 48% 41.3M 0s","logger":"airflow.task.hooks.airflow.providers.standard.hooks.subprocess.SubprocessHook"}
{"timestamp":"2025-07-17T08:54:30.314667","level":"info","event":"  3700K .......... .......... .......... .......... .......... 48% 37.3M 0s","logger":"airflow.task.hooks.airflow.providers.standard.hooks.subprocess.SubprocessHook"}
{"timestamp":"2025-07-17T08:54:30.315520","level":"info","event":"  3750K .......... .......... .......... .......... .......... 49% 58.5M 0s","logger":"airflow.task.hooks.airflow.providers.standard.hooks.subprocess.SubprocessHook"}
{"timestamp":"2025-07-17T08:54:30.317133","level":"info","event":"  3800K .......... .......... .......... .......... .......... 50% 32.9M 0s","logger":"airflow.task.hooks.airflow.providers.standard.hooks.subprocess.SubprocessHook"}
{"timestamp":"2025-07-17T08:54:30.317973","level":"info","event":"  3850K .......... .......... .......... .......... .......... 50% 53.7M 0s","logger":"airflow.task.hooks.airflow.providers.standard.hooks.subprocess.SubprocessHook"}
{"timestamp":"2025-07-17T08:54:30.320448","level":"info","event":"  3900K .......... .......... .......... .......... .......... 51% 20.5M 0s","logger":"airflow.task.hooks.airflow.providers.standard.hooks.subprocess.SubprocessHook"}
{"timestamp":"2025-07-17T08:54:30.322206","level":"info","event":"  3950K .......... .......... .......... .......... .......... 52% 29.8M 0s","logger":"airflow.task.hooks.airflow.providers.standard.hooks.subprocess.SubprocessHook"}
{"timestamp":"2025-07-17T08:54:30.323029","level":"info","event":"  4000K .......... .......... .......... .......... .......... 52% 47.0M 0s","logger":"airflow.task.hooks.airflow.providers.standard.hooks.subprocess.SubprocessHook"}
{"timestamp":"2025-07-17T08:54:30.327003","level":"info","event":"  4050K .......... .......... .......... .......... .......... 53% 12.8M 0s","logger":"airflow.task.hooks.airflow.providers.standard.hooks.subprocess.SubprocessHook"}
{"timestamp":"2025-07-17T08:54:30.328930","level":"info","event":"  4100K .......... .......... .......... .......... .......... 54% 25.2M 0s","logger":"airflow.task.hooks.airflow.providers.standard.hooks.subprocess.SubprocessHook"}
{"timestamp":"2025-07-17T08:54:30.329256","level":"info","event":"  4150K .......... .......... .......... .......... .......... 54%  148M 0s","logger":"airflow.task.hooks.airflow.providers.standard.hooks.subprocess.SubprocessHook"}
{"timestamp":"2025-07-17T08:54:30.329441","level":"info","event":"  4200K .......... .......... .......... .......... .......... 55%  135M 0s","logger":"airflow.task.hooks.airflow.providers.standard.hooks.subprocess.SubprocessHook"}
{"timestamp":"2025-07-17T08:54:30.329648","level":"info","event":"  4250K .......... .......... .......... .......... .......... 56%  212M 0s","logger":"airflow.task.hooks.airflow.providers.standard.hooks.subprocess.SubprocessHook"}
{"timestamp":"2025-07-17T08:54:30.330014","level":"info","event":"  4300K .......... .......... .......... .......... .......... 56%  142M 0s","logger":"airflow.task.hooks.airflow.providers.standard.hooks.subprocess.SubprocessHook"}
{"timestamp":"2025-07-17T08:54:30.331369","level":"info","event":"  4350K .......... .......... .......... .......... .......... 57% 37.1M 0s","logger":"airflow.task.hooks.airflow.providers.standard.hooks.subprocess.SubprocessHook"}
{"timestamp":"2025-07-17T08:54:30.333825","level":"info","event":"  4400K .......... .......... .......... .......... .......... 58% 20.0M 0s","logger":"airflow.task.hooks.airflow.providers.standard.hooks.subprocess.SubprocessHook"}
{"timestamp":"2025-07-17T08:54:30.334481","level":"info","event":"  4450K .......... .......... .......... .......... .......... 58% 72.7M 0s","logger":"airflow.task.hooks.airflow.providers.standard.hooks.subprocess.SubprocessHook"}
{"timestamp":"2025-07-17T08:54:30.335591","level":"info","event":"  4500K .......... .......... .......... .......... .......... 59% 42.9M 0s","logger":"airflow.task.hooks.airflow.providers.standard.hooks.subprocess.SubprocessHook"}
{"timestamp":"2025-07-17T08:54:30.336931","level":"info","event":"  4550K .......... .......... .......... .......... .......... 59% 36.8M 0s","logger":"airflow.task.hooks.airflow.providers.standard.hooks.subprocess.SubprocessHook"}
{"timestamp":"2025-07-17T08:54:30.338883","level":"info","event":"  4600K .......... .......... .......... .......... .......... 60% 25.0M 0s","logger":"airflow.task.hooks.airflow.providers.standard.hooks.subprocess.SubprocessHook"}
{"timestamp":"2025-07-17T08:54:30.340179","level":"info","event":"  4650K .......... .......... .......... .......... .......... 61% 38.2M 0s","logger":"airflow.task.hooks.airflow.providers.standard.hooks.subprocess.SubprocessHook"}
{"timestamp":"2025-07-17T08:54:30.341167","level":"info","event":"  4700K .......... .......... .......... .......... .......... 61% 48.5M 0s","logger":"airflow.task.hooks.airflow.providers.standard.hooks.subprocess.SubprocessHook"}
{"timestamp":"2025-07-17T08:54:30.342268","level":"info","event":"  4750K .......... .......... .......... .......... .......... 62% 43.8M 0s","logger":"airflow.task.hooks.airflow.providers.standard.hooks.subprocess.SubprocessHook"}
{"timestamp":"2025-07-17T08:54:30.344211","level":"info","event":"  4800K .......... .......... .......... .......... .......... 63% 25.5M 0s","logger":"airflow.task.hooks.airflow.providers.standard.hooks.subprocess.SubprocessHook"}
{"timestamp":"2025-07-17T08:54:30.346007","level":"info","event":"  4850K .......... .......... .......... .......... .......... 63% 27.2M 0s","logger":"airflow.task.hooks.airflow.providers.standard.hooks.subprocess.SubprocessHook"}
{"timestamp":"2025-07-17T08:54:30.349767","level":"info","event":"  4900K .......... .......... .......... .......... .......... 64% 52.5M 0s","logger":"airflow.task.hooks.airflow.providers.standard.hooks.subprocess.SubprocessHook"}
{"timestamp":"2025-07-17T08:54:30.351867","level":"info","event":"  4950K .......... .......... .......... .......... .......... 65% 9.84M 0s","logger":"airflow.task.hooks.airflow.providers.standard.hooks.subprocess.SubprocessHook"}
{"timestamp":"2025-07-17T08:54:30.352668","level":"info","event":"  5000K .......... .......... .......... .......... .......... 65% 60.7M 0s","logger":"airflow.task.hooks.airflow.providers.standard.hooks.subprocess.SubprocessHook"}
{"timestamp":"2025-07-17T08:54:30.354649","level":"info","event":"  5050K .......... .......... .......... .......... .......... 66% 25.1M 0s","logger":"airflow.task.hooks.airflow.providers.standard.hooks.subprocess.SubprocessHook"}
{"timestamp":"2025-07-17T08:54:30.356032","level":"info","event":"  5100K .......... .......... .......... .......... .......... 67% 36.9M 0s","logger":"airflow.task.hooks.airflow.providers.standard.hooks.subprocess.SubprocessHook"}
{"timestamp":"2025-07-17T08:54:30.356670","level":"info","event":"  5150K .......... .......... .......... .......... .......... 67% 68.7M 0s","logger":"airflow.task.hooks.airflow.providers.standard.hooks.subprocess.SubprocessHook"}
{"timestamp":"2025-07-17T08:54:30.359231","level":"info","event":"  5200K .......... .......... .......... .......... .......... 68% 19.0M 0s","logger":"airflow.task.hooks.airflow.providers.standard.hooks.subprocess.SubprocessHook"}
{"timestamp":"2025-07-17T08:54:30.360690","level":"info","event":"  5250K .......... .......... .......... .......... .......... 69% 33.6M 0s","logger":"airflow.task.hooks.airflow.providers.standard.hooks.subprocess.SubprocessHook"}
{"timestamp":"2025-07-17T08:54:30.361953","level":"info","event":"  5300K .......... .......... .......... .......... .......... 69% 41.3M 0s","logger":"airflow.task.hooks.airflow.providers.standard.hooks.subprocess.SubprocessHook"}
{"timestamp":"2025-07-17T08:54:30.363243","level":"info","event":"  5350K .......... .......... .......... .......... .......... 70% 35.6M 0s","logger":"airflow.task.hooks.airflow.providers.standard.hooks.subprocess.SubprocessHook"}
{"timestamp":"2025-07-17T08:54:30.365278","level":"info","event":"  5400K .......... .......... .......... .......... .......... 71% 24.3M 0s","logger":"airflow.task.hooks.airflow.providers.standard.hooks.subprocess.SubprocessHook"}
{"timestamp":"2025-07-17T08:54:30.366543","level":"info","event":"  5450K .......... .......... .......... .......... .......... 71% 37.6M 0s","logger":"airflow.task.hooks.airflow.providers.standard.hooks.subprocess.SubprocessHook"}
{"timestamp":"2025-07-17T08:54:30.367688","level":"info","event":"  5500K .......... .......... .......... .......... .......... 72% 44.2M 0s","logger":"airflow.task.hooks.airflow.providers.standard.hooks.subprocess.SubprocessHook"}
{"timestamp":"2025-07-17T08:54:30.369315","level":"info","event":"  5550K .......... .......... .......... .......... .......... 73% 29.8M 0s","logger":"airflow.task.hooks.airflow.providers.standard.hooks.subprocess.SubprocessHook"}
{"timestamp":"2025-07-17T08:54:30.370111","level":"info","event":"  5600K .......... .......... .......... .......... .......... 73% 64.3M 0s","logger":"airflow.task.hooks.airflow.providers.standard.hooks.subprocess.SubprocessHook"}
{"timestamp":"2025-07-17T08:54:30.371686","level":"info","event":"  5650K .......... .......... .......... .......... .......... 74% 30.6M 0s","logger":"airflow.task.hooks.airflow.providers.standard.hooks.subprocess.SubprocessHook"}
{"timestamp":"2025-07-17T08:54:30.372959","level":"info","event":"  5700K .......... .......... .......... .......... .......... 74% 37.3M 0s","logger":"airflow.task.hooks.airflow.providers.standard.hooks.subprocess.SubprocessHook"}
{"timestamp":"2025-07-17T08:54:30.374661","level":"info","event":"  5750K .......... .......... .......... .......... .......... 75% 28.9M 0s","logger":"airflow.task.hooks.airflow.providers.standard.hooks.subprocess.SubprocessHook"}
{"timestamp":"2025-07-17T08:54:30.376335","level":"info","event":"  5800K .......... .......... .......... .......... .......... 76% 30.4M 0s","logger":"airflow.task.hooks.airflow.providers.standard.hooks.subprocess.SubprocessHook"}
{"timestamp":"2025-07-17T08:54:30.377306","level":"info","event":"  5850K .......... .......... .......... .......... .......... 76% 45.9M 0s","logger":"airflow.task.hooks.airflow.providers.standard.hooks.subprocess.SubprocessHook"}
{"timestamp":"2025-07-17T08:54:30.378152","level":"info","event":"  5900K .......... .......... .......... .......... .......... 77% 58.5M 0s","logger":"airflow.task.hooks.airflow.providers.standard.hooks.subprocess.SubprocessHook"}
{"timestamp":"2025-07-17T08:54:30.379200","level":"info","event":"  5950K .......... .......... .......... .......... .......... 78% 46.8M 0s","logger":"airflow.task.hooks.airflow.providers.standard.hooks.subprocess.SubprocessHook"}
{"timestamp":"2025-07-17T08:54:30.381429","level":"info","event":"  6000K .......... .......... .......... .......... .......... 78% 22.8M 0s","logger":"airflow.task.hooks.airflow.providers.standard.hooks.subprocess.SubprocessHook"}
{"timestamp":"2025-07-17T08:54:30.382992","level":"info","event":"  6050K .......... .......... .......... .......... .......... 79% 30.7M 0s","logger":"airflow.task.hooks.airflow.providers.standard.hooks.subprocess.SubprocessHook"}
{"timestamp":"2025-07-17T08:54:30.383877","level":"info","event":"  6100K .......... .......... .......... .......... .......... 80% 51.8M 0s","logger":"airflow.task.hooks.airflow.providers.standard.hooks.subprocess.SubprocessHook"}
{"timestamp":"2025-07-17T08:54:30.384867","level":"info","event":"  6150K .......... .......... .......... .......... .......... 80% 54.6M 0s","logger":"airflow.task.hooks.airflow.providers.standard.hooks.subprocess.SubprocessHook"}
{"timestamp":"2025-07-17T08:54:30.386123","level":"info","event":"  6200K .......... .......... .......... .......... .......... 81% 38.0M 0s","logger":"airflow.task.hooks.airflow.providers.standard.hooks.subprocess.SubprocessHook"}
{"timestamp":"2025-07-17T08:54:30.387852","level":"info","event":"  6250K .......... .......... .......... .......... .......... 82% 27.0M 0s","logger":"airflow.task.hooks.airflow.providers.standard.hooks.subprocess.SubprocessHook"}
{"timestamp":"2025-07-17T08:54:30.389165","level":"info","event":"  6300K .......... .......... .......... .......... .......... 82% 38.3M 0s","logger":"airflow.task.hooks.airflow.providers.standard.hooks.subprocess.SubprocessHook"}
{"timestamp":"2025-07-17T08:54:30.390301","level":"info","event":"  6350K .......... .......... .......... .......... .......... 83% 41.6M 0s","logger":"airflow.task.hooks.airflow.providers.standard.hooks.subprocess.SubprocessHook"}
{"timestamp":"2025-07-17T08:54:30.391484","level":"info","event":"  6400K .......... .......... .......... .......... .......... 84% 42.5M 0s","logger":"airflow.task.hooks.airflow.providers.standard.hooks.subprocess.SubprocessHook"}
{"timestamp":"2025-07-17T08:54:30.392560","level":"info","event":"  6450K .......... .......... .......... .......... .......... 84% 43.7M 0s","logger":"airflow.task.hooks.airflow.providers.standard.hooks.subprocess.SubprocessHook"}
{"timestamp":"2025-07-17T08:54:30.394457","level":"info","event":"  6500K .......... .......... .......... .......... .......... 85% 25.5M 0s","logger":"airflow.task.hooks.airflow.providers.standard.hooks.subprocess.SubprocessHook"}
{"timestamp":"2025-07-17T08:54:30.395490","level":"info","event":"  6550K .......... .......... .......... .......... .......... 86% 51.1M 0s","logger":"airflow.task.hooks.airflow.providers.standard.hooks.subprocess.SubprocessHook"}
{"timestamp":"2025-07-17T08:54:30.396867","level":"info","event":"  6600K .......... .......... .......... .......... .......... 86% 35.9M 0s","logger":"airflow.task.hooks.airflow.providers.standard.hooks.subprocess.SubprocessHook"}
{"timestamp":"2025-07-17T08:54:30.397858","level":"info","event":"  6650K .......... .......... .......... .......... .......... 87% 45.5M 0s","logger":"airflow.task.hooks.airflow.providers.standard.hooks.subprocess.SubprocessHook"}
{"timestamp":"2025-07-17T08:54:30.400879","level":"info","event":"  6700K .......... .......... .......... .......... .......... 88% 16.2M 0s","logger":"airflow.task.hooks.airflow.providers.standard.hooks.subprocess.SubprocessHook"}
{"timestamp":"2025-07-17T08:54:30.405576","level":"info","event":"  6750K .......... .......... .......... .......... .......... 88% 10.5M 0s","logger":"airflow.task.hooks.airflow.providers.standard.hooks.subprocess.SubprocessHook"}
{"timestamp":"2025-07-17T08:54:30.409136","level":"info","event":"  6800K .......... .......... .......... .......... .......... 89% 14.5M 0s","logger":"airflow.task.hooks.airflow.providers.standard.hooks.subprocess.SubprocessHook"}
{"timestamp":"2025-07-17T08:54:30.410972","level":"info","event":"  6850K .......... .......... .......... .......... .......... 89% 24.7M 0s","logger":"airflow.task.hooks.airflow.providers.standard.hooks.subprocess.SubprocessHook"}
{"timestamp":"2025-07-17T08:54:30.412428","level":"info","event":"  6900K .......... .......... .......... .......... .......... 90% 33.4M 0s","logger":"airflow.task.hooks.airflow.providers.standard.hooks.subprocess.SubprocessHook"}
{"timestamp":"2025-07-17T08:54:30.413794","level":"info","event":"  6950K .......... .......... .......... .......... .......... 91% 34.5M 0s","logger":"airflow.task.hooks.airflow.providers.standard.hooks.subprocess.SubprocessHook"}
{"timestamp":"2025-07-17T08:54:30.414880","level":"info","event":"  7000K .......... .......... .......... .......... .......... 91% 44.2M 0s","logger":"airflow.task.hooks.airflow.providers.standard.hooks.subprocess.SubprocessHook"}
{"timestamp":"2025-07-17T08:54:30.417811","level":"info","event":"  7050K .......... .......... .......... .......... .......... 92% 16.6M 0s","logger":"airflow.task.hooks.airflow.providers.standard.hooks.subprocess.SubprocessHook"}
{"timestamp":"2025-07-17T08:54:30.418094","level":"info","event":"  7100K .......... .......... .......... .......... .......... 93%  157M 0s","logger":"airflow.task.hooks.airflow.providers.standard.hooks.subprocess.SubprocessHook"}
{"timestamp":"2025-07-17T08:54:30.419773","level":"info","event":"  7150K .......... .......... .......... .......... .......... 93% 29.4M 0s","logger":"airflow.task.hooks.airflow.providers.standard.hooks.subprocess.SubprocessHook"}
{"timestamp":"2025-07-17T08:54:30.421013","level":"info","event":"  7200K .......... .......... .......... .......... .......... 94% 39.6M 0s","logger":"airflow.task.hooks.airflow.providers.standard.hooks.subprocess.SubprocessHook"}
{"timestamp":"2025-07-17T08:54:30.422034","level":"info","event":"  7250K .......... .......... .......... .......... .......... 95% 47.9M 0s","logger":"airflow.task.hooks.airflow.providers.standard.hooks.subprocess.SubprocessHook"}
{"timestamp":"2025-07-17T08:54:30.424076","level":"info","event":"  7300K .......... .......... .......... .......... .......... 95% 23.9M 0s","logger":"airflow.task.hooks.airflow.providers.standard.hooks.subprocess.SubprocessHook"}
{"timestamp":"2025-07-17T08:54:30.425877","level":"info","event":"  7350K .......... .......... .......... .......... .......... 96% 27.3M 0s","logger":"airflow.task.hooks.airflow.providers.standard.hooks.subprocess.SubprocessHook"}
{"timestamp":"2025-07-17T08:54:30.426925","level":"info","event":"  7400K .......... .......... .......... .......... .......... 97% 45.0M 0s","logger":"airflow.task.hooks.airflow.providers.standard.hooks.subprocess.SubprocessHook"}
{"timestamp":"2025-07-17T08:54:30.428323","level":"info","event":"  7450K .......... .......... .......... .......... .......... 97% 35.4M 0s","logger":"airflow.task.hooks.airflow.providers.standard.hooks.subprocess.SubprocessHook"}
{"timestamp":"2025-07-17T08:54:30.430643","level":"info","event":"  7500K .......... .......... .......... .......... .......... 98% 21.4M 0s","logger":"airflow.task.hooks.airflow.providers.standard.hooks.subprocess.SubprocessHook"}
{"timestamp":"2025-07-17T08:54:30.432052","level":"info","event":"  7550K .......... .......... .......... .......... .......... 99% 33.5M 0s","logger":"airflow.task.hooks.airflow.providers.standard.hooks.subprocess.SubprocessHook"}
{"timestamp":"2025-07-17T08:54:30.433499","level":"info","event":"  7600K .......... .......... .......... .......... .......... 99% 33.8M 0s","logger":"airflow.task.hooks.airflow.providers.standard.hooks.subprocess.SubprocessHook"}
{"timestamp":"2025-07-17T08:54:30.433571","level":"info","event":"  7650K .......... ..........                                 100%  204M=0.3s","logger":"airflow.task.hooks.airflow.providers.standard.hooks.subprocess.SubprocessHook"}
{"timestamp":"2025-07-17T08:54:30.433615","level":"info","event":"","logger":"airflow.task.hooks.airflow.providers.standard.hooks.subprocess.SubprocessHook"}
{"timestamp":"2025-07-17T08:54:30.433658","level":"info","event":"2025-07-17 08:54:30 (29.9 MB/s) - ‘/opt/airflow/green_tripdata_2019-09.csv’ saved [7854533/7854533]","logger":"airflow.task.hooks.airflow.providers.standard.hooks.subprocess.SubprocessHook"}
{"timestamp":"2025-07-17T08:54:30.433711","level":"info","event":"","logger":"airflow.task.hooks.airflow.providers.standard.hooks.subprocess.SubprocessHook"}
{"timestamp":"2025-07-17T08:54:30.435243","level":"info","event":"Command exited with return code 0","logger":"airflow.task.hooks.airflow.providers.standard.hooks.subprocess.SubprocessHook"}
{"timestamp":"2025-07-17T08:54:30.441538","level":"info","event":"Pushing xcom","ti":"RuntimeTaskInstance(id=UUID('01981797-931a-72a4-9e6b-b67a3516a652'), task_id='download_dataset_task', dag_id='upload_gcs_greentrips', run_id='scheduled__2019-09-02T06:00:00+00:00', try_number=1, map_index=-1, hostname='8c16a644909e', context_carrier={}, task=<Task(BashOperator): download_dataset_task>, bundle_instance=LocalDagBundle(name=dags-folder), max_tries=0, start_date=datetime.datetime(2025, 7, 17, 8, 54, 26, 528108, tzinfo=TzInfo(UTC)), end_date=None, state=<TaskInstanceState.RUNNING: 'running'>, is_mapped=False, rendered_map_index=None)","logger":"task"}
{"timestamp":"2025-07-17T17:11:15.360064","level":"info","event":"DAG bundles loaded: dags-folder","logger":"airflow.dag_processing.bundles.manager.DagBundlesManager"}
{"timestamp":"2025-07-17T17:11:15.360723","level":"info","event":"Filling up the DagBag from /opt/airflow/dags/data_ingestion_gcs_dag.py","logger":"airflow.models.dagbag.DagBag"}
{"timestamp":"2025-07-17T17:11:17.329963","level":"info","event":"Tmp dir root location: /tmp","logger":"airflow.task.hooks.airflow.providers.standard.hooks.subprocess.SubprocessHook"}
{"timestamp":"2025-07-17T17:11:17.339139","level":"info","event":"Running command: ['/usr/bin/bash', '-c', 'echo https://github.com/DataTalksClub/nyc-tlc-data/releases/download/green/green_tripdata_2019-09.csv.gz && wget --no-verbose https://github.com/DataTalksClub/nyc-tlc-data/releases/download/green/green_tripdata_2019-09.csv.gz -O /opt/airflow/green_tripdata_2019-09.csv.gz && gunzip -f /opt/airflow/green_tripdata_2019-09.csv.gz']","logger":"airflow.task.hooks.airflow.providers.standard.hooks.subprocess.SubprocessHook"}
{"timestamp":"2025-07-17T17:11:17.430251","level":"info","event":"Output:","logger":"airflow.task.hooks.airflow.providers.standard.hooks.subprocess.SubprocessHook"}
{"timestamp":"2025-07-17T17:11:17.431233","level":"info","event":"https://github.com/DataTalksClub/nyc-tlc-data/releases/download/green/green_tripdata_2019-09.csv.gz","logger":"airflow.task.hooks.airflow.providers.standard.hooks.subprocess.SubprocessHook"}
{"timestamp":"2025-07-17T17:11:18.573824","level":"info","event":"2025-07-17 17:11:18 URL:https://release-assets.githubusercontent.com/github-production-release-asset/513814948/b5af7693-2f26-4bd5-8854-75edeb650bae?sp=r&sv=2018-11-09&sr=b&spr=https&se=2025-07-17T17%3A45%3A48Z&rscd=attachment%3B+filename%3Dgreen_tripdata_2019-09.csv.gz&rsct=application%2Foctet-stream&skoid=96c2d410-5711-43a1-aedd-ab1947aa7ab0&sktid=398a6654-997b-47e9-b12b-9515b896b4de&skt=2025-07-17T16%3A45%3A16Z&ske=2025-07-17T17%3A45%3A48Z&sks=b&skv=2018-11-09&sig=HtqZ675M3oDbNtEIu2muUNFMPxdjFOjwVyIXVUTFVrw%3D&jwt=eyJ******&response-content-disposition=attachment%3B%20filename%3Dgreen_tripdata_2019-09.csv.gz&response-content-type=application%2Foctet-stream [7854533/7854533] -> \"/opt/airflow/green_tripdata_2019-09.csv.gz\" [1]","logger":"airflow.task.hooks.airflow.providers.standard.hooks.subprocess.SubprocessHook"}
{"timestamp":"2025-07-17T17:11:19.264914","level":"info","event":"Command exited with return code 0","logger":"airflow.task.hooks.airflow.providers.standard.hooks.subprocess.SubprocessHook"}
{"timestamp":"2025-07-17T17:11:19.281443","level":"info","event":"Pushing xcom","ti":"RuntimeTaskInstance(id=UUID('0198195e-6a40-781b-a6cc-6b0bb3f07f15'), task_id='download_dataset_task', dag_id='upload_gcs_greentrips', run_id='scheduled__2019-09-02T06:00:00+00:00', try_number=1, map_index=-1, hostname='8c16a644909e', context_carrier={}, task=<Task(BashOperator): download_dataset_task>, bundle_instance=LocalDagBundle(name=dags-folder), max_tries=0, start_date=datetime.datetime(2025, 7, 17, 17, 11, 14, 976566, tzinfo=TzInfo(UTC)), end_date=None, state=<TaskInstanceState.RUNNING: 'running'>, is_mapped=False, rendered_map_index=None)","logger":"task"}
{"timestamp":"2025-07-17T17:17:47.701580","level":"info","event":"DAG bundles loaded: dags-folder","logger":"airflow.dag_processing.bundles.manager.DagBundlesManager"}
{"timestamp":"2025-07-17T17:17:47.702119","level":"info","event":"Filling up the DagBag from /opt/airflow/dags/data_ingestion_gcs_dag.py","logger":"airflow.models.dagbag.DagBag"}
{"timestamp":"2025-07-17T17:17:49.806970","level":"info","event":"Tmp dir root location: /tmp","logger":"airflow.task.hooks.airflow.providers.standard.hooks.subprocess.SubprocessHook"}
{"timestamp":"2025-07-17T17:17:49.818444","level":"info","event":"Running command: ['/usr/bin/bash', '-c', 'echo https://github.com/DataTalksClub/nyc-tlc-data/releases/download/green/green_tripdata_2019-09.csv.gz && wget --no-verbose https://github.com/DataTalksClub/nyc-tlc-data/releases/download/green/green_tripdata_2019-09.csv.gz -O /opt/airflow/green_tripdata_2019-09.csv.gz && gunzip -f /opt/airflow/green_tripdata_2019-09.csv.gz']","logger":"airflow.task.hooks.airflow.providers.standard.hooks.subprocess.SubprocessHook"}
{"timestamp":"2025-07-17T17:17:49.902973","level":"info","event":"Output:","logger":"airflow.task.hooks.airflow.providers.standard.hooks.subprocess.SubprocessHook"}
{"timestamp":"2025-07-17T17:17:49.907089","level":"info","event":"https://github.com/DataTalksClub/nyc-tlc-data/releases/download/green/green_tripdata_2019-09.csv.gz","logger":"airflow.task.hooks.airflow.providers.standard.hooks.subprocess.SubprocessHook"}
{"timestamp":"2025-07-17T17:17:50.741179","level":"info","event":"2025-07-17 17:17:50 URL:https://release-assets.githubusercontent.com/github-production-release-asset/513814948/b5af7693-2f26-4bd5-8854-75edeb650bae?sp=r&sv=2018-11-09&sr=b&spr=https&se=2025-07-17T18%3A12%3A28Z&rscd=attachment%3B+filename%3Dgreen_tripdata_2019-09.csv.gz&rsct=application%2Foctet-stream&skoid=96c2d410-5711-43a1-aedd-ab1947aa7ab0&sktid=398a6654-997b-47e9-b12b-9515b896b4de&skt=2025-07-17T17%3A12%3A14Z&ske=2025-07-17T18%3A12%3A28Z&sks=b&skv=2018-11-09&sig=JL4%2FQxmccmC6XKuZ76lnyxlHegi4LyX%2Fwl%2F3YAl1P%2FA%3D&jwt=eyJ******&response-content-disposition=attachment%3B%20filename%3Dgreen_tripdata_2019-09.csv.gz&response-content-type=application%2Foctet-stream [7854533/7854533] -> \"/opt/airflow/green_tripdata_2019-09.csv.gz\" [1]","logger":"airflow.task.hooks.airflow.providers.standard.hooks.subprocess.SubprocessHook"}
{"timestamp":"2025-07-17T17:17:51.148923","level":"info","event":"Command exited with return code 0","logger":"airflow.task.hooks.airflow.providers.standard.hooks.subprocess.SubprocessHook"}
{"timestamp":"2025-07-17T17:17:51.153978","level":"info","event":"Pushing xcom","ti":"RuntimeTaskInstance(id=UUID('01981964-65e1-7401-8751-308e5c886dec'), task_id='download_dataset_task', dag_id='upload_gcs_greentrips', run_id='scheduled__2019-09-02T06:00:00+00:00', try_number=1, map_index=-1, hostname='8c16a644909e', context_carrier={}, task=<Task(BashOperator): download_dataset_task>, bundle_instance=LocalDagBundle(name=dags-folder), max_tries=0, start_date=datetime.datetime(2025, 7, 17, 17, 17, 47, 300866, tzinfo=TzInfo(UTC)), end_date=None, state=<TaskInstanceState.RUNNING: 'running'>, is_mapped=False, rendered_map_index=None)","logger":"task"}
{"timestamp":"2025-07-17T17:20:39.524505","level":"info","event":"DAG bundles loaded: dags-folder","logger":"airflow.dag_processing.bundles.manager.DagBundlesManager"}
{"timestamp":"2025-07-17T17:20:39.525431","level":"info","event":"Filling up the DagBag from /opt/airflow/dags/data_ingestion_gcs_dag.py","logger":"airflow.models.dagbag.DagBag"}
{"timestamp":"2025-07-17T17:20:42.718990","level":"info","event":"Tmp dir root location: /tmp","logger":"airflow.task.hooks.airflow.providers.standard.hooks.subprocess.SubprocessHook"}
{"timestamp":"2025-07-17T17:20:42.722680","level":"info","event":"Running command: ['/usr/bin/bash', '-c', 'echo https://github.com/DataTalksClub/nyc-tlc-data/releases/download/green/green_tripdata_2019-09.csv.gz && wget --no-verbose https://github.com/DataTalksClub/nyc-tlc-data/releases/download/green/green_tripdata_2019-09.csv.gz -O /opt/airflow/green_tripdata_2019-09.csv.gz && gunzip -f /opt/airflow/green_tripdata_2019-09.csv.gz']","logger":"airflow.task.hooks.airflow.providers.standard.hooks.subprocess.SubprocessHook"}
{"timestamp":"2025-07-17T17:20:42.822516","level":"info","event":"Output:","logger":"airflow.task.hooks.airflow.providers.standard.hooks.subprocess.SubprocessHook"}
{"timestamp":"2025-07-17T17:20:42.843605","level":"info","event":"https://github.com/DataTalksClub/nyc-tlc-data/releases/download/green/green_tripdata_2019-09.csv.gz","logger":"airflow.task.hooks.airflow.providers.standard.hooks.subprocess.SubprocessHook"}
{"timestamp":"2025-07-17T17:20:43.712668","level":"info","event":"2025-07-17 17:20:43 URL:https://release-assets.githubusercontent.com/github-production-release-asset/513814948/b5af7693-2f26-4bd5-8854-75edeb650bae?sp=r&sv=2018-11-09&sr=b&spr=https&se=2025-07-17T18%3A20%3A43Z&rscd=attachment%3B+filename%3Dgreen_tripdata_2019-09.csv.gz&rsct=application%2Foctet-stream&skoid=96c2d410-5711-43a1-aedd-ab1947aa7ab0&sktid=398a6654-997b-47e9-b12b-9515b896b4de&skt=2025-07-17T17%3A20%3A27Z&ske=2025-07-17T18%3A20%3A43Z&sks=b&skv=2018-11-09&sig=VaG05F9caLWog0EIJ26Efg0t9OjMJVN1o8xEhZb%2BitE%3D&jwt=eyJ******&response-content-disposition=attachment%3B%20filename%3Dgreen_tripdata_2019-09.csv.gz&response-content-type=application%2Foctet-stream [7854533/7854533] -> \"/opt/airflow/green_tripdata_2019-09.csv.gz\" [1]","logger":"airflow.task.hooks.airflow.providers.standard.hooks.subprocess.SubprocessHook"}
{"timestamp":"2025-07-17T17:20:44.141187","level":"info","event":"Command exited with return code 0","logger":"airflow.task.hooks.airflow.providers.standard.hooks.subprocess.SubprocessHook"}
{"timestamp":"2025-07-17T17:20:44.145187","level":"info","event":"Pushing xcom","ti":"RuntimeTaskInstance(id=UUID('01981967-04f9-782a-a3cd-8f513c7d1c2c'), task_id='download_dataset_task', dag_id='upload_gcs_greentrips', run_id='scheduled__2019-09-02T06:00:00+00:00', try_number=1, map_index=-1, hostname='8c16a644909e', context_carrier={}, task=<Task(BashOperator): download_dataset_task>, bundle_instance=LocalDagBundle(name=dags-folder), max_tries=0, start_date=datetime.datetime(2025, 7, 17, 17, 20, 39, 33255, tzinfo=TzInfo(UTC)), end_date=None, state=<TaskInstanceState.RUNNING: 'running'>, is_mapped=False, rendered_map_index=None)","logger":"task"}
{"timestamp":"2025-07-17T17:23:55.483852","level":"info","event":"DAG bundles loaded: dags-folder","logger":"airflow.dag_processing.bundles.manager.DagBundlesManager"}
{"timestamp":"2025-07-17T17:23:55.484366","level":"info","event":"Filling up the DagBag from /opt/airflow/dags/data_ingestion_gcs_dag.py","logger":"airflow.models.dagbag.DagBag"}
{"timestamp":"2025-07-17T17:23:56.568003","level":"info","event":"Tmp dir root location: /tmp","logger":"airflow.task.hooks.airflow.providers.standard.hooks.subprocess.SubprocessHook"}
{"timestamp":"2025-07-17T17:23:56.574923","level":"info","event":"Running command: ['/usr/bin/bash', '-c', 'echo https://github.com/DataTalksClub/nyc-tlc-data/releases/download/green/green_tripdata_2019-09.csv.gz && wget --no-verbose https://github.com/DataTalksClub/nyc-tlc-data/releases/download/green/green_tripdata_2019-09.csv.gz -O /opt/airflow/green_tripdata_2019-09.csv.gz && gunzip -f /opt/airflow/green_tripdata_2019-09.csv.gz']","logger":"airflow.task.hooks.airflow.providers.standard.hooks.subprocess.SubprocessHook"}
{"timestamp":"2025-07-17T17:23:56.598528","level":"info","event":"Output:","logger":"airflow.task.hooks.airflow.providers.standard.hooks.subprocess.SubprocessHook"}
{"timestamp":"2025-07-17T17:23:56.609006","level":"info","event":"https://github.com/DataTalksClub/nyc-tlc-data/releases/download/green/green_tripdata_2019-09.csv.gz","logger":"airflow.task.hooks.airflow.providers.standard.hooks.subprocess.SubprocessHook"}
{"timestamp":"2025-07-17T17:23:57.539036","level":"info","event":"2025-07-17 17:23:57 URL:https://release-assets.githubusercontent.com/github-production-release-asset/513814948/b5af7693-2f26-4bd5-8854-75edeb650bae?sp=r&sv=2018-11-09&sr=b&spr=https&se=2025-07-17T18%3A12%3A50Z&rscd=attachment%3B+filename%3Dgreen_tripdata_2019-09.csv.gz&rsct=application%2Foctet-stream&skoid=96c2d410-5711-43a1-aedd-ab1947aa7ab0&sktid=398a6654-997b-47e9-b12b-9515b896b4de&skt=2025-07-17T17%3A12%3A16Z&ske=2025-07-17T18%3A12%3A50Z&sks=b&skv=2018-11-09&sig=sJbFicflCm5%2B7Vv%2Fx93h2dlRtimZseiEBZcwBUUwsio%3D&jwt=eyJ******&response-content-disposition=attachment%3B%20filename%3Dgreen_tripdata_2019-09.csv.gz&response-content-type=application%2Foctet-stream [7854533/7854533] -> \"/opt/airflow/green_tripdata_2019-09.csv.gz\" [1]","logger":"airflow.task.hooks.airflow.providers.standard.hooks.subprocess.SubprocessHook"}
{"timestamp":"2025-07-17T17:23:58.069778","level":"info","event":"Command exited with return code 0","logger":"airflow.task.hooks.airflow.providers.standard.hooks.subprocess.SubprocessHook"}
{"timestamp":"2025-07-17T17:23:58.077409","level":"info","event":"Pushing xcom","ti":"RuntimeTaskInstance(id=UUID('0198196a-03c9-7c42-873e-e894d39b3423'), task_id='download_dataset_task', dag_id='upload_gcs_greentrips', run_id='scheduled__2019-09-02T06:00:00+00:00', try_number=1, map_index=-1, hostname='8c16a644909e', context_carrier={}, task=<Task(BashOperator): download_dataset_task>, bundle_instance=LocalDagBundle(name=dags-folder), max_tries=0, start_date=datetime.datetime(2025, 7, 17, 17, 23, 55, 113315, tzinfo=TzInfo(UTC)), end_date=None, state=<TaskInstanceState.RUNNING: 'running'>, is_mapped=False, rendered_map_index=None)","logger":"task"}
{"timestamp":"2025-07-17T17:44:17.189180","level":"info","event":"DAG bundles loaded: dags-folder","logger":"airflow.dag_processing.bundles.manager.DagBundlesManager"}
{"timestamp":"2025-07-17T17:44:17.190107","level":"info","event":"Filling up the DagBag from /opt/airflow/dags/data_ingestion_gcs_dag.py","logger":"airflow.models.dagbag.DagBag"}
{"timestamp":"2025-07-17T17:44:18.692167","level":"info","event":"Tmp dir root location: /tmp","logger":"airflow.task.hooks.airflow.providers.standard.hooks.subprocess.SubprocessHook"}
{"timestamp":"2025-07-17T17:44:18.699221","level":"info","event":"Running command: ['/usr/bin/bash', '-c', 'echo https://github.com/DataTalksClub/nyc-tlc-data/releases/download/green/green_tripdata_2019-09.csv.gz && wget --no-verbose https://github.com/DataTalksClub/nyc-tlc-data/releases/download/green/green_tripdata_2019-09.csv.gz -O /opt/airflow/green_tripdata_2019-09.csv.gz && gunzip -f /opt/airflow/green_tripdata_2019-09.csv.gz']","logger":"airflow.task.hooks.airflow.providers.standard.hooks.subprocess.SubprocessHook"}
{"timestamp":"2025-07-17T17:44:18.781695","level":"info","event":"Output:","logger":"airflow.task.hooks.airflow.providers.standard.hooks.subprocess.SubprocessHook"}
{"timestamp":"2025-07-17T17:44:18.796462","level":"info","event":"https://github.com/DataTalksClub/nyc-tlc-data/releases/download/green/green_tripdata_2019-09.csv.gz","logger":"airflow.task.hooks.airflow.providers.standard.hooks.subprocess.SubprocessHook"}
{"timestamp":"2025-07-17T17:44:20.813527","level":"info","event":"2025-07-17 17:44:20 URL:https://release-assets.githubusercontent.com/github-production-release-asset/513814948/b5af7693-2f26-4bd5-8854-75edeb650bae?sp=r&sv=2018-11-09&sr=b&spr=https&se=2025-07-17T18%3A41%3A57Z&rscd=attachment%3B+filename%3Dgreen_tripdata_2019-09.csv.gz&rsct=application%2Foctet-stream&skoid=96c2d410-5711-43a1-aedd-ab1947aa7ab0&sktid=398a6654-997b-47e9-b12b-9515b896b4de&skt=2025-07-17T17%3A41%3A06Z&ske=2025-07-17T18%3A41%3A57Z&sks=b&skv=2018-11-09&sig=anicTayxMcyAkcb%2BxTAy7aWcmVtFFOLnHItRhVGdDQo%3D&jwt=eyJ******&response-content-disposition=attachment%3B%20filename%3Dgreen_tripdata_2019-09.csv.gz&response-content-type=application%2Foctet-stream [7854533/7854533] -> \"/opt/airflow/green_tripdata_2019-09.csv.gz\" [1]","logger":"airflow.task.hooks.airflow.providers.standard.hooks.subprocess.SubprocessHook"}
{"timestamp":"2025-07-17T17:44:21.398978","level":"info","event":"Command exited with return code 0","logger":"airflow.task.hooks.airflow.providers.standard.hooks.subprocess.SubprocessHook"}
{"timestamp":"2025-07-17T17:44:21.412047","level":"info","event":"Pushing xcom","ti":"RuntimeTaskInstance(id=UUID('0198197c-a7cb-7d9a-9ca1-93e0f54aeecd'), task_id='download_dataset_task', dag_id='upload_gcs_greentrips', run_id='scheduled__2019-09-02T06:00:00+00:00', try_number=1, map_index=-1, hostname='8c16a644909e', context_carrier={}, task=<Task(BashOperator): download_dataset_task>, bundle_instance=LocalDagBundle(name=dags-folder), max_tries=0, start_date=datetime.datetime(2025, 7, 17, 17, 44, 16, 775974, tzinfo=TzInfo(UTC)), end_date=None, state=<TaskInstanceState.RUNNING: 'running'>, is_mapped=False, rendered_map_index=None)","logger":"task"}
{"timestamp":"2025-07-17T17:54:04.401675","level":"info","event":"DAG bundles loaded: dags-folder","logger":"airflow.dag_processing.bundles.manager.DagBundlesManager"}
{"timestamp":"2025-07-17T17:54:04.402358","level":"info","event":"Filling up the DagBag from /opt/airflow/dags/data_ingestion_gcs_dag.py","logger":"airflow.models.dagbag.DagBag"}
{"timestamp":"2025-07-17T17:54:05.942805","level":"info","event":"Tmp dir root location: /tmp","logger":"airflow.task.hooks.airflow.providers.standard.hooks.subprocess.SubprocessHook"}
{"timestamp":"2025-07-17T17:54:05.944917","level":"info","event":"Running command: ['/usr/bin/bash', '-c', 'echo https://github.com/DataTalksClub/nyc-tlc-data/releases/download/green/green_tripdata_2019-09.csv.gz && wget --no-verbose https://github.com/DataTalksClub/nyc-tlc-data/releases/download/green/green_tripdata_2019-09.csv.gz -O /opt/airflow/green_tripdata_2019-09.csv.gz && gunzip -f /opt/airflow/green_tripdata_2019-09.csv.gz']","logger":"airflow.task.hooks.airflow.providers.standard.hooks.subprocess.SubprocessHook"}
{"timestamp":"2025-07-17T17:54:05.986730","level":"info","event":"Output:","logger":"airflow.task.hooks.airflow.providers.standard.hooks.subprocess.SubprocessHook"}
{"timestamp":"2025-07-17T17:54:05.989671","level":"info","event":"https://github.com/DataTalksClub/nyc-tlc-data/releases/download/green/green_tripdata_2019-09.csv.gz","logger":"airflow.task.hooks.airflow.providers.standard.hooks.subprocess.SubprocessHook"}
{"timestamp":"2025-07-17T17:54:06.945129","level":"info","event":"2025-07-17 17:54:06 URL:https://release-assets.githubusercontent.com/github-production-release-asset/513814948/b5af7693-2f26-4bd5-8854-75edeb650bae?sp=r&sv=2018-11-09&sr=b&spr=https&se=2025-07-17T18%3A53%3A35Z&rscd=attachment%3B+filename%3Dgreen_tripdata_2019-09.csv.gz&rsct=application%2Foctet-stream&skoid=96c2d410-5711-43a1-aedd-ab1947aa7ab0&sktid=398a6654-997b-47e9-b12b-9515b896b4de&skt=2025-07-17T17%3A53%3A19Z&ske=2025-07-17T18%3A53%3A35Z&sks=b&skv=2018-11-09&sig=POsQh8iMw5t%2FQK54Ftdq7cmoACq7PYqBqQFnCzSvQQg%3D&jwt=eyJ******&response-content-disposition=attachment%3B%20filename%3Dgreen_tripdata_2019-09.csv.gz&response-content-type=application%2Foctet-stream [7854533/7854533] -> \"/opt/airflow/green_tripdata_2019-09.csv.gz\" [1]","logger":"airflow.task.hooks.airflow.providers.standard.hooks.subprocess.SubprocessHook"}
{"timestamp":"2025-07-17T17:54:07.236159","level":"info","event":"Command exited with return code 0","logger":"airflow.task.hooks.airflow.providers.standard.hooks.subprocess.SubprocessHook"}
{"timestamp":"2025-07-17T17:54:07.246675","level":"info","event":"Pushing xcom","ti":"RuntimeTaskInstance(id=UUID('01981985-9d90-7231-9fe4-a979a76a026f'), task_id='download_dataset_task', dag_id='upload_gcs_greentrips', run_id='scheduled__2019-09-02T06:00:00+00:00', try_number=1, map_index=-1, hostname='8c16a644909e', context_carrier={}, task=<Task(BashOperator): download_dataset_task>, bundle_instance=LocalDagBundle(name=dags-folder), max_tries=0, start_date=datetime.datetime(2025, 7, 17, 17, 54, 4, 53645, tzinfo=TzInfo(UTC)), end_date=None, state=<TaskInstanceState.RUNNING: 'running'>, is_mapped=False, rendered_map_index=None)","logger":"task"}
{"timestamp":"2025-07-17T18:02:41.248917","level":"info","event":"DAG bundles loaded: dags-folder","logger":"airflow.dag_processing.bundles.manager.DagBundlesManager"}
{"timestamp":"2025-07-17T18:02:41.249697","level":"info","event":"Filling up the DagBag from /opt/airflow/dags/data_ingestion_gcs_dag.py","logger":"airflow.models.dagbag.DagBag"}
{"timestamp":"2025-07-17T18:02:43.197962","level":"info","event":"Tmp dir root location: /tmp","logger":"airflow.task.hooks.airflow.providers.standard.hooks.subprocess.SubprocessHook"}
{"timestamp":"2025-07-17T18:02:43.200793","level":"info","event":"Running command: ['/usr/bin/bash', '-c', 'echo https://github.com/DataTalksClub/nyc-tlc-data/releases/download/green/green_tripdata_2019-09.csv.gz && wget --no-verbose https://github.com/DataTalksClub/nyc-tlc-data/releases/download/green/green_tripdata_2019-09.csv.gz -O /opt/airflow/green_tripdata_2019-09.csv.gz && gunzip -f /opt/airflow/green_tripdata_2019-09.csv.gz']","logger":"airflow.task.hooks.airflow.providers.standard.hooks.subprocess.SubprocessHook"}
{"timestamp":"2025-07-17T18:02:43.238887","level":"info","event":"Output:","logger":"airflow.task.hooks.airflow.providers.standard.hooks.subprocess.SubprocessHook"}
{"timestamp":"2025-07-17T18:02:43.249726","level":"info","event":"https://github.com/DataTalksClub/nyc-tlc-data/releases/download/green/green_tripdata_2019-09.csv.gz","logger":"airflow.task.hooks.airflow.providers.standard.hooks.subprocess.SubprocessHook"}
{"timestamp":"2025-07-17T18:02:44.077262","level":"info","event":"2025-07-17 18:02:44 URL:https://release-assets.githubusercontent.com/github-production-release-asset/513814948/b5af7693-2f26-4bd5-8854-75edeb650bae?sp=r&sv=2018-11-09&sr=b&spr=https&se=2025-07-17T18%3A53%3A36Z&rscd=attachment%3B+filename%3Dgreen_tripdata_2019-09.csv.gz&rsct=application%2Foctet-stream&skoid=96c2d410-5711-43a1-aedd-ab1947aa7ab0&sktid=398a6654-997b-47e9-b12b-9515b896b4de&skt=2025-07-17T17%3A53%3A22Z&ske=2025-07-17T18%3A53%3A36Z&sks=b&skv=2018-11-09&sig=HzH8kTF78B%2Fm3WZBN9DbKdiFtH8tiUhdBo%2Fci5yWvxY%3D&jwt=eyJ******&response-content-disposition=attachment%3B%20filename%3Dgreen_tripdata_2019-09.csv.gz&response-content-type=application%2Foctet-stream [7854533/7854533] -> \"/opt/airflow/green_tripdata_2019-09.csv.gz\" [1]","logger":"airflow.task.hooks.airflow.providers.standard.hooks.subprocess.SubprocessHook"}
{"timestamp":"2025-07-17T18:02:44.553922","level":"info","event":"Command exited with return code 0","logger":"airflow.task.hooks.airflow.providers.standard.hooks.subprocess.SubprocessHook"}
{"timestamp":"2025-07-17T18:02:44.558192","level":"info","event":"Pushing xcom","ti":"RuntimeTaskInstance(id=UUID('0198198d-7ed6-793f-b648-188e20c6d9f9'), task_id='download_dataset_task', dag_id='upload_gcs_greentrips', run_id='scheduled__2019-09-02T06:00:00+00:00', try_number=1, map_index=-1, hostname='8c16a644909e', context_carrier={}, task=<Task(BashOperator): download_dataset_task>, bundle_instance=LocalDagBundle(name=dags-folder), max_tries=0, start_date=datetime.datetime(2025, 7, 17, 18, 2, 40, 633435, tzinfo=TzInfo(UTC)), end_date=None, state=<TaskInstanceState.RUNNING: 'running'>, is_mapped=False, rendered_map_index=None)","logger":"task"}
{"timestamp":"2025-07-17T18:06:32.591292","level":"info","event":"DAG bundles loaded: dags-folder","logger":"airflow.dag_processing.bundles.manager.DagBundlesManager"}
{"timestamp":"2025-07-17T18:06:32.592601","level":"info","event":"Filling up the DagBag from /opt/airflow/dags/data_ingestion_gcs_dag.py","logger":"airflow.models.dagbag.DagBag"}
{"timestamp":"2025-07-17T18:06:34.506358","level":"info","event":"Tmp dir root location: /tmp","logger":"airflow.task.hooks.airflow.providers.standard.hooks.subprocess.SubprocessHook"}
{"timestamp":"2025-07-17T18:06:34.515900","level":"info","event":"Running command: ['/usr/bin/bash', '-c', 'echo https://github.com/DataTalksClub/nyc-tlc-data/releases/download/green/green_tripdata_2019-09.csv.gz && wget --no-verbose https://github.com/DataTalksClub/nyc-tlc-data/releases/download/green/green_tripdata_2019-09.csv.gz -O /opt/airflow/green_tripdata_2019-09.csv.gz && gunzip -f /opt/airflow/green_tripdata_2019-09.csv.gz']","logger":"airflow.task.hooks.airflow.providers.standard.hooks.subprocess.SubprocessHook"}
{"timestamp":"2025-07-17T18:06:34.587421","level":"info","event":"Output:","logger":"airflow.task.hooks.airflow.providers.standard.hooks.subprocess.SubprocessHook"}
{"timestamp":"2025-07-17T18:06:34.620156","level":"info","event":"https://github.com/DataTalksClub/nyc-tlc-data/releases/download/green/green_tripdata_2019-09.csv.gz","logger":"airflow.task.hooks.airflow.providers.standard.hooks.subprocess.SubprocessHook"}
{"timestamp":"2025-07-17T18:06:35.890502","level":"info","event":"2025-07-17 18:06:35 URL:https://release-assets.githubusercontent.com/github-production-release-asset/513814948/b5af7693-2f26-4bd5-8854-75edeb650bae?sp=r&sv=2018-11-09&sr=b&spr=https&se=2025-07-17T18%3A54%3A20Z&rscd=attachment%3B+filename%3Dgreen_tripdata_2019-09.csv.gz&rsct=application%2Foctet-stream&skoid=96c2d410-5711-43a1-aedd-ab1947aa7ab0&sktid=398a6654-997b-47e9-b12b-9515b896b4de&skt=2025-07-17T17%3A53%3A39Z&ske=2025-07-17T18%3A54%3A20Z&sks=b&skv=2018-11-09&sig=cR117alG%2FCGVLJ6vWpIS6yukfA9FEsEnpvMJNUf5GV8%3D&jwt=eyJ******&response-content-disposition=attachment%3B%20filename%3Dgreen_tripdata_2019-09.csv.gz&response-content-type=application%2Foctet-stream [7854533/7854533] -> \"/opt/airflow/green_tripdata_2019-09.csv.gz\" [1]","logger":"airflow.task.hooks.airflow.providers.standard.hooks.subprocess.SubprocessHook"}
{"timestamp":"2025-07-17T18:06:36.318460","level":"info","event":"Command exited with return code 0","logger":"airflow.task.hooks.airflow.providers.standard.hooks.subprocess.SubprocessHook"}
{"timestamp":"2025-07-17T18:06:36.329074","level":"info","event":"Pushing xcom","ti":"RuntimeTaskInstance(id=UUID('01981991-07c3-747b-9bea-03845c20b7d7'), task_id='download_dataset_task', dag_id='upload_gcs_greentrips', run_id='scheduled__2019-09-02T06:00:00+00:00', try_number=1, map_index=-1, hostname='8c16a644909e', context_carrier={}, task=<Task(BashOperator): download_dataset_task>, bundle_instance=LocalDagBundle(name=dags-folder), max_tries=0, start_date=datetime.datetime(2025, 7, 17, 18, 6, 32, 207169, tzinfo=TzInfo(UTC)), end_date=None, state=<TaskInstanceState.RUNNING: 'running'>, is_mapped=False, rendered_map_index=None)","logger":"task"}
{"timestamp":"2025-07-17T18:08:31.206751","level":"info","event":"DAG bundles loaded: dags-folder","logger":"airflow.dag_processing.bundles.manager.DagBundlesManager"}
{"timestamp":"2025-07-17T18:08:31.207625","level":"info","event":"Filling up the DagBag from /opt/airflow/dags/data_ingestion_gcs_dag.py","logger":"airflow.models.dagbag.DagBag"}
{"timestamp":"2025-07-17T18:08:32.742585","level":"info","event":"Tmp dir root location: /tmp","logger":"airflow.task.hooks.airflow.providers.standard.hooks.subprocess.SubprocessHook"}
{"timestamp":"2025-07-17T18:08:32.745462","level":"info","event":"Running command: ['/usr/bin/bash', '-c', 'echo https://github.com/DataTalksClub/nyc-tlc-data/releases/download/green/green_tripdata_2019-09.csv.gz && wget --no-verbose https://github.com/DataTalksClub/nyc-tlc-data/releases/download/green/green_tripdata_2019-09.csv.gz -O /opt/airflow/green_tripdata_2019-09.csv.gz && gunzip -f /opt/airflow/green_tripdata_2019-09.csv.gz']","logger":"airflow.task.hooks.airflow.providers.standard.hooks.subprocess.SubprocessHook"}
{"timestamp":"2025-07-17T18:08:32.786358","level":"info","event":"Output:","logger":"airflow.task.hooks.airflow.providers.standard.hooks.subprocess.SubprocessHook"}
{"timestamp":"2025-07-17T18:08:32.791082","level":"info","event":"https://github.com/DataTalksClub/nyc-tlc-data/releases/download/green/green_tripdata_2019-09.csv.gz","logger":"airflow.task.hooks.airflow.providers.standard.hooks.subprocess.SubprocessHook"}
{"timestamp":"2025-07-17T18:08:33.445703","level":"info","event":"2025-07-17 18:08:33 URL:https://release-assets.githubusercontent.com/github-production-release-asset/513814948/b5af7693-2f26-4bd5-8854-75edeb650bae?sp=r&sv=2018-11-09&sr=b&spr=https&se=2025-07-17T18%3A54%3A20Z&rscd=attachment%3B+filename%3Dgreen_tripdata_2019-09.csv.gz&rsct=application%2Foctet-stream&skoid=96c2d410-5711-43a1-aedd-ab1947aa7ab0&sktid=398a6654-997b-47e9-b12b-9515b896b4de&skt=2025-07-17T17%3A53%3A39Z&ske=2025-07-17T18%3A54%3A20Z&sks=b&skv=2018-11-09&sig=cR117alG%2FCGVLJ6vWpIS6yukfA9FEsEnpvMJNUf5GV8%3D&jwt=eyJ******&response-content-disposition=attachment%3B%20filename%3Dgreen_tripdata_2019-09.csv.gz&response-content-type=application%2Foctet-stream [7854533/7854533] -> \"/opt/airflow/green_tripdata_2019-09.csv.gz\" [1]","logger":"airflow.task.hooks.airflow.providers.standard.hooks.subprocess.SubprocessHook"}
{"timestamp":"2025-07-17T18:08:33.879359","level":"info","event":"Command exited with return code 0","logger":"airflow.task.hooks.airflow.providers.standard.hooks.subprocess.SubprocessHook"}
{"timestamp":"2025-07-17T18:08:33.882155","level":"info","event":"Pushing xcom","ti":"RuntimeTaskInstance(id=UUID('01981992-d657-7730-9d77-da7236b664b8'), task_id='download_dataset_task', dag_id='upload_gcs_greentrips', run_id='scheduled__2019-09-02T06:00:00+00:00', try_number=1, map_index=-1, hostname='8c16a644909e', context_carrier={}, task=<Task(BashOperator): download_dataset_task>, bundle_instance=LocalDagBundle(name=dags-folder), max_tries=0, start_date=datetime.datetime(2025, 7, 17, 18, 8, 30, 832298, tzinfo=TzInfo(UTC)), end_date=None, state=<TaskInstanceState.RUNNING: 'running'>, is_mapped=False, rendered_map_index=None)","logger":"task"}
