{"timestamp":"2025-07-13T16:41:49.397899","level":"info","event":"DAG bundles loaded: dags-folder","logger":"airflow.dag_processing.bundles.manager.DagBundlesManager"}
{"timestamp":"2025-07-13T16:41:49.402260","level":"info","event":"Filling up the DagBag from /opt/airflow/dags/data_ingestion_gcs_dag.py","logger":"airflow.models.dagbag.DagBag"}
{"timestamp":"2025-07-13T16:41:51.886811","level":"info","event":"Tmp dir root location: /tmp","logger":"airflow.task.hooks.airflow.providers.standard.hooks.subprocess.SubprocessHook"}
{"timestamp":"2025-07-13T16:41:51.890866","level":"info","event":"Running command: ['/usr/bin/bash', '-c', 'wget https://github.com/DataTalksClub/nyc-tlc-data/releases/download/fhv/fhv_tripdata_{yymm}.csv.gz -O /opt/airflow/fhv_tripdata_{yymm}.csv.gz && gunzip /opt/airflow/fhv_tripdata_{yymm}.csv.gz']","logger":"airflow.task.hooks.airflow.providers.standard.hooks.subprocess.SubprocessHook"}
{"timestamp":"2025-07-13T16:41:51.946145","level":"info","event":"Output:","logger":"airflow.task.hooks.airflow.providers.standard.hooks.subprocess.SubprocessHook"}
{"timestamp":"2025-07-13T16:41:51.957065","level":"info","event":"--2025-07-13 16:41:51--  https://github.com/DataTalksClub/nyc-tlc-data/releases/download/fhv/fhv_tripdata_%7Byymm%7D.csv.gz","logger":"airflow.task.hooks.airflow.providers.standard.hooks.subprocess.SubprocessHook"}
{"timestamp":"2025-07-13T16:41:52.017928","level":"info","event":"Resolving github.com (github.com)... 20.205.243.166","logger":"airflow.task.hooks.airflow.providers.standard.hooks.subprocess.SubprocessHook"}
{"timestamp":"2025-07-13T16:41:52.033110","level":"info","event":"Connecting to github.com (github.com)|20.205.243.166|:443... connected.","logger":"airflow.task.hooks.airflow.providers.standard.hooks.subprocess.SubprocessHook"}
{"timestamp":"2025-07-13T16:41:52.135138","level":"info","event":"HTTP request sent, awaiting response... 404 Not Found","logger":"airflow.task.hooks.airflow.providers.standard.hooks.subprocess.SubprocessHook"}
{"timestamp":"2025-07-13T16:41:52.138901","level":"info","event":"2025-07-13 16:41:52 ERROR 404: Not Found.","logger":"airflow.task.hooks.airflow.providers.standard.hooks.subprocess.SubprocessHook"}
{"timestamp":"2025-07-13T16:41:52.139024","level":"info","event":"","logger":"airflow.task.hooks.airflow.providers.standard.hooks.subprocess.SubprocessHook"}
{"timestamp":"2025-07-13T16:41:52.146729","level":"info","event":"Command exited with return code 8","logger":"airflow.task.hooks.airflow.providers.standard.hooks.subprocess.SubprocessHook"}
{"timestamp":"2025-07-13T16:41:52.147876","level":"error","event":"Task failed with exception","logger":"task","error_detail":[{"exc_type":"AirflowException","exc_value":"Bash command failed. The command returned a non-zero exit code 8.","exc_notes":[],"syntax_error":null,"is_cause":false,"frames":[{"filename":"/home/airflow/.local/lib/python3.12/site-packages/airflow/sdk/execution_time/task_runner.py","lineno":867,"name":"run"},{"filename":"/home/airflow/.local/lib/python3.12/site-packages/airflow/sdk/execution_time/task_runner.py","lineno":1159,"name":"_execute_task"},{"filename":"/home/airflow/.local/lib/python3.12/site-packages/airflow/sdk/bases/operator.py","lineno":397,"name":"wrapper"},{"filename":"/home/airflow/.local/lib/python3.12/site-packages/airflow/providers/standard/operators/bash.py","lineno":233,"name":"execute"}],"is_group":false,"exceptions":[]}]}
{"timestamp":"2025-07-13T16:50:16.992726","level":"info","event":"DAG bundles loaded: dags-folder","logger":"airflow.dag_processing.bundles.manager.DagBundlesManager"}
{"timestamp":"2025-07-13T16:50:16.996725","level":"info","event":"Filling up the DagBag from /opt/airflow/dags/data_ingestion_gcs_dag.py","logger":"airflow.models.dagbag.DagBag"}
{"timestamp":"2025-07-13T16:50:18.907507","level":"info","event":"Tmp dir root location: /tmp","logger":"airflow.task.hooks.airflow.providers.standard.hooks.subprocess.SubprocessHook"}
{"timestamp":"2025-07-13T16:50:18.909077","level":"info","event":"Running command: ['/usr/bin/bash', '-c', 'echo https://github.com/DataTalksClub/nyc-tlc-data/releases/download/fhv/fhv_tripdata_2019-07.csv.gz && wget https://github.com/DataTalksClub/nyc-tlc-data/releases/download/fhv/fhv_tripdata_2019-07.csv.gz -O /opt/airflow/fhv_tripdata_2019-07.csv.gz && gunzip /opt/airflow/fhv_tripdata_2019-07.csv.gz']","logger":"airflow.task.hooks.airflow.providers.standard.hooks.subprocess.SubprocessHook"}
{"timestamp":"2025-07-13T16:50:18.928075","level":"info","event":"Output:","logger":"airflow.task.hooks.airflow.providers.standard.hooks.subprocess.SubprocessHook"}
{"timestamp":"2025-07-13T16:50:18.932219","level":"info","event":"https://github.com/DataTalksClub/nyc-tlc-data/releases/download/fhv/fhv_tripdata_2019-07.csv.gz","logger":"airflow.task.hooks.airflow.providers.standard.hooks.subprocess.SubprocessHook"}
{"timestamp":"2025-07-13T16:50:18.941346","level":"info","event":"--2025-07-13 16:50:18--  https://github.com/DataTalksClub/nyc-tlc-data/releases/download/fhv/fhv_tripdata_2019-07.csv.gz","logger":"airflow.task.hooks.airflow.providers.standard.hooks.subprocess.SubprocessHook"}
{"timestamp":"2025-07-13T16:50:18.964278","level":"info","event":"Resolving github.com (github.com)... 20.205.243.166","logger":"airflow.task.hooks.airflow.providers.standard.hooks.subprocess.SubprocessHook"}
{"timestamp":"2025-07-13T16:50:18.975423","level":"info","event":"Connecting to github.com (github.com)|20.205.243.166|:443... connected.","logger":"airflow.task.hooks.airflow.providers.standard.hooks.subprocess.SubprocessHook"}
{"timestamp":"2025-07-13T16:50:19.309175","level":"info","event":"HTTP request sent, awaiting response... 302 Found","logger":"airflow.task.hooks.airflow.providers.standard.hooks.subprocess.SubprocessHook"}
{"timestamp":"2025-07-13T16:50:19.309717","level":"info","event":"Location: https://objects.githubusercontent.com/github-production-release-asset-2e65be/513814948/44cc07aa-6275-40b8-8752-df7215e6963a?X-Amz-Algorithm=AWS4-HMAC-SHA256&X-Amz-Credential=releaseassetproduction%2F20250713%2Fus-east-1%2Fs3%2Faws4_request&X-Amz-Date=20250713T165019Z&X-Amz-Expires=1800&X-Amz-Signature=773bcf958292d3bdfe86639d80f40c94cab1246d9931ab58c9b91ef8f895aead&X-Amz-SignedHeaders=host&response-content-disposition=attachment%3B%20filename%3Dfhv_tripdata_2019-07.csv.gz&response-content-type=application%2Foctet-stream [following]","logger":"airflow.task.hooks.airflow.providers.standard.hooks.subprocess.SubprocessHook"}
{"timestamp":"2025-07-13T16:50:19.309844","level":"info","event":"--2025-07-13 16:50:19--  https://objects.githubusercontent.com/github-production-release-asset-2e65be/513814948/44cc07aa-6275-40b8-8752-df7215e6963a?X-Amz-Algorithm=AWS4-HMAC-SHA256&X-Amz-Credential=releaseassetproduction%2F20250713%2Fus-east-1%2Fs3%2Faws4_request&X-Amz-Date=20250713T165019Z&X-Amz-Expires=1800&X-Amz-Signature=773bcf958292d3bdfe86639d80f40c94cab1246d9931ab58c9b91ef8f895aead&X-Amz-SignedHeaders=host&response-content-disposition=attachment%3B%20filename%3Dfhv_tripdata_2019-07.csv.gz&response-content-type=application%2Foctet-stream","logger":"airflow.task.hooks.airflow.providers.standard.hooks.subprocess.SubprocessHook"}
{"timestamp":"2025-07-13T16:50:19.317577","level":"info","event":"Resolving objects.githubusercontent.com (objects.githubusercontent.com)... 185.199.110.133, 185.199.109.133, 185.199.108.133, ...","logger":"airflow.task.hooks.airflow.providers.standard.hooks.subprocess.SubprocessHook"}
{"timestamp":"2025-07-13T16:50:19.326177","level":"info","event":"Connecting to objects.githubusercontent.com (objects.githubusercontent.com)|185.199.110.133|:443... connected.","logger":"airflow.task.hooks.airflow.providers.standard.hooks.subprocess.SubprocessHook"}
{"timestamp":"2025-07-13T16:50:20.624582","level":"info","event":"HTTP request sent, awaiting response... 200 OK","logger":"airflow.task.hooks.airflow.providers.standard.hooks.subprocess.SubprocessHook"}
{"timestamp":"2025-07-13T16:50:20.626590","level":"info","event":"Length: 17520319 (17M) [application/octet-stream]","logger":"airflow.task.hooks.airflow.providers.standard.hooks.subprocess.SubprocessHook"}
{"timestamp":"2025-07-13T16:50:20.627012","level":"info","event":"Saving to: ‘/opt/airflow/fhv_tripdata_2019-07.csv.gz’","logger":"airflow.task.hooks.airflow.providers.standard.hooks.subprocess.SubprocessHook"}
{"timestamp":"2025-07-13T16:50:20.627159","level":"info","event":"","logger":"airflow.task.hooks.airflow.providers.standard.hooks.subprocess.SubprocessHook"}
{"timestamp":"2025-07-13T16:50:20.645059","level":"info","event":"     0K .......... .......... .......... .......... ..........  0% 2.76M 6s","logger":"airflow.task.hooks.airflow.providers.standard.hooks.subprocess.SubprocessHook"}
{"timestamp":"2025-07-13T16:50:20.648713","level":"info","event":"    50K .......... .......... .......... .......... ..........  0% 11.4M 4s","logger":"airflow.task.hooks.airflow.providers.standard.hooks.subprocess.SubprocessHook"}
{"timestamp":"2025-07-13T16:50:20.649395","level":"info","event":"   100K .......... .......... .......... .......... ..........  0% 57.4M 3s","logger":"airflow.task.hooks.airflow.providers.standard.hooks.subprocess.SubprocessHook"}
{"timestamp":"2025-07-13T16:50:20.650677","level":"info","event":"   150K .......... .......... .......... .......... ..........  1% 41.0M 2s","logger":"airflow.task.hooks.airflow.providers.standard.hooks.subprocess.SubprocessHook"}
{"timestamp":"2025-07-13T16:50:20.650789","level":"info","event":"   200K .......... .......... .......... .......... ..........  1%  177M 2s","logger":"airflow.task.hooks.airflow.providers.standard.hooks.subprocess.SubprocessHook"}
{"timestamp":"2025-07-13T16:50:20.651582","level":"info","event":"   250K .......... .......... .......... .......... ..........  1% 74.9M 1s","logger":"airflow.task.hooks.airflow.providers.standard.hooks.subprocess.SubprocessHook"}
{"timestamp":"2025-07-13T16:50:20.652012","level":"info","event":"   300K .......... .......... .......... .......... ..........  2% 92.6M 1s","logger":"airflow.task.hooks.airflow.providers.standard.hooks.subprocess.SubprocessHook"}
{"timestamp":"2025-07-13T16:50:20.653831","level":"info","event":"   350K .......... .......... .......... .......... ..........  2% 26.7M 1s","logger":"airflow.task.hooks.airflow.providers.standard.hooks.subprocess.SubprocessHook"}
{"timestamp":"2025-07-13T16:50:20.654057","level":"info","event":"   400K .......... .......... .......... .......... ..........  2%  234M 1s","logger":"airflow.task.hooks.airflow.providers.standard.hooks.subprocess.SubprocessHook"}
{"timestamp":"2025-07-13T16:50:20.658552","level":"info","event":"   450K .......... .......... .......... .......... ..........  2% 11.2M 1s","logger":"airflow.task.hooks.airflow.providers.standard.hooks.subprocess.SubprocessHook"}
{"timestamp":"2025-07-13T16:50:20.659037","level":"info","event":"   500K .......... .......... .......... .......... ..........  3% 78.6M 1s","logger":"airflow.task.hooks.airflow.providers.standard.hooks.subprocess.SubprocessHook"}
{"timestamp":"2025-07-13T16:50:20.661037","level":"info","event":"   550K .......... .......... .......... .......... ..........  3% 26.9M 1s","logger":"airflow.task.hooks.airflow.providers.standard.hooks.subprocess.SubprocessHook"}
{"timestamp":"2025-07-13T16:50:20.661113","level":"info","event":"   600K .......... .......... .......... .......... ..........  3%  188M 1s","logger":"airflow.task.hooks.airflow.providers.standard.hooks.subprocess.SubprocessHook"}
{"timestamp":"2025-07-13T16:50:20.661436","level":"info","event":"   650K .......... .......... .......... .......... ..........  4%  174M 1s","logger":"airflow.task.hooks.airflow.providers.standard.hooks.subprocess.SubprocessHook"}
{"timestamp":"2025-07-13T16:50:20.662048","level":"info","event":"   700K .......... .......... .......... .......... ..........  4% 89.9M 1s","logger":"airflow.task.hooks.airflow.providers.standard.hooks.subprocess.SubprocessHook"}
{"timestamp":"2025-07-13T16:50:20.670046","level":"info","event":"   750K .......... .......... .......... .......... ..........  4% 6.22M 1s","logger":"airflow.task.hooks.airflow.providers.standard.hooks.subprocess.SubprocessHook"}
{"timestamp":"2025-07-13T16:50:20.677908","level":"info","event":"   800K .......... .......... .......... .......... ..........  4% 6.13M 1s","logger":"airflow.task.hooks.airflow.providers.standard.hooks.subprocess.SubprocessHook"}
{"timestamp":"2025-07-13T16:50:20.678997","level":"info","event":"   850K .......... .......... .......... .......... ..........  5% 41.0M 1s","logger":"airflow.task.hooks.airflow.providers.standard.hooks.subprocess.SubprocessHook"}
{"timestamp":"2025-07-13T16:50:20.680758","level":"info","event":"   900K .......... .......... .......... .......... ..........  5% 29.3M 1s","logger":"airflow.task.hooks.airflow.providers.standard.hooks.subprocess.SubprocessHook"}
{"timestamp":"2025-07-13T16:50:20.681668","level":"info","event":"   950K .......... .......... .......... .......... ..........  5% 44.7M 1s","logger":"airflow.task.hooks.airflow.providers.standard.hooks.subprocess.SubprocessHook"}
{"timestamp":"2025-07-13T16:50:20.681985","level":"info","event":"  1000K .......... .......... .......... .......... ..........  6%  211M 1s","logger":"airflow.task.hooks.airflow.providers.standard.hooks.subprocess.SubprocessHook"}
{"timestamp":"2025-07-13T16:50:20.696183","level":"info","event":"  1050K .......... .......... .......... .......... ..........  6% 3.55M 1s","logger":"airflow.task.hooks.airflow.providers.standard.hooks.subprocess.SubprocessHook"}
{"timestamp":"2025-07-13T16:50:20.696584","level":"info","event":"  1100K .......... .......... .......... .......... ..........  6%  159M 1s","logger":"airflow.task.hooks.airflow.providers.standard.hooks.subprocess.SubprocessHook"}
{"timestamp":"2025-07-13T16:50:20.696685","level":"info","event":"  1150K .......... .......... .......... .......... ..........  7% 96.5M 1s","logger":"airflow.task.hooks.airflow.providers.standard.hooks.subprocess.SubprocessHook"}
{"timestamp":"2025-07-13T16:50:20.696740","level":"info","event":"  1200K .......... .......... .......... .......... ..........  7%  202M 1s","logger":"airflow.task.hooks.airflow.providers.standard.hooks.subprocess.SubprocessHook"}
{"timestamp":"2025-07-13T16:50:20.698339","level":"info","event":"  1250K .......... .......... .......... .......... ..........  7% 45.9M 1s","logger":"airflow.task.hooks.airflow.providers.standard.hooks.subprocess.SubprocessHook"}
{"timestamp":"2025-07-13T16:50:20.712706","level":"info","event":"  1300K .......... .......... .......... .......... ..........  7% 3.34M 1s","logger":"airflow.task.hooks.airflow.providers.standard.hooks.subprocess.SubprocessHook"}
{"timestamp":"2025-07-13T16:50:20.713600","level":"info","event":"  1350K .......... .......... .......... .......... ..........  8% 49.0M 1s","logger":"airflow.task.hooks.airflow.providers.standard.hooks.subprocess.SubprocessHook"}
{"timestamp":"2025-07-13T16:50:20.713713","level":"info","event":"  1400K .......... .......... .......... .......... ..........  8%  114M 1s","logger":"airflow.task.hooks.airflow.providers.standard.hooks.subprocess.SubprocessHook"}
{"timestamp":"2025-07-13T16:50:20.714227","level":"info","event":"  1450K .......... .......... .......... .......... ..........  8%  138M 1s","logger":"airflow.task.hooks.airflow.providers.standard.hooks.subprocess.SubprocessHook"}
{"timestamp":"2025-07-13T16:50:20.714597","level":"info","event":"  1500K .......... .......... .......... .......... ..........  9%  122M 1s","logger":"airflow.task.hooks.airflow.providers.standard.hooks.subprocess.SubprocessHook"}
{"timestamp":"2025-07-13T16:50:20.724467","level":"info","event":"  1550K .......... .......... .......... .......... ..........  9% 4.99M 1s","logger":"airflow.task.hooks.airflow.providers.standard.hooks.subprocess.SubprocessHook"}
{"timestamp":"2025-07-13T16:50:20.726265","level":"info","event":"  1600K .......... .......... .......... .......... ..........  9% 25.7M 1s","logger":"airflow.task.hooks.airflow.providers.standard.hooks.subprocess.SubprocessHook"}
{"timestamp":"2025-07-13T16:50:20.726636","level":"info","event":"  1650K .......... .......... .......... .......... ..........  9%  164M 1s","logger":"airflow.task.hooks.airflow.providers.standard.hooks.subprocess.SubprocessHook"}
{"timestamp":"2025-07-13T16:50:20.740459","level":"info","event":"  1700K .......... .......... .......... .......... .......... 10% 3.54M 1s","logger":"airflow.task.hooks.airflow.providers.standard.hooks.subprocess.SubprocessHook"}
{"timestamp":"2025-07-13T16:50:20.740661","level":"info","event":"  1750K .......... .......... .......... .......... .......... 10%  154M 1s","logger":"airflow.task.hooks.airflow.providers.standard.hooks.subprocess.SubprocessHook"}
{"timestamp":"2025-07-13T16:50:20.741912","level":"info","event":"  1800K .......... .......... .......... .......... .......... 10% 38.8M 1s","logger":"airflow.task.hooks.airflow.providers.standard.hooks.subprocess.SubprocessHook"}
{"timestamp":"2025-07-13T16:50:20.742695","level":"info","event":"  1850K .......... .......... .......... .......... .......... 11% 73.4M 1s","logger":"airflow.task.hooks.airflow.providers.standard.hooks.subprocess.SubprocessHook"}
{"timestamp":"2025-07-13T16:50:20.744161","level":"info","event":"  1900K .......... .......... .......... .......... .......... 11% 32.3M 1s","logger":"airflow.task.hooks.airflow.providers.standard.hooks.subprocess.SubprocessHook"}
{"timestamp":"2025-07-13T16:50:20.753585","level":"info","event":"  1950K .......... .......... .......... .......... .......... 11% 5.24M 1s","logger":"airflow.task.hooks.airflow.providers.standard.hooks.subprocess.SubprocessHook"}
{"timestamp":"2025-07-13T16:50:20.755049","level":"info","event":"  2000K .......... .......... .......... .......... .......... 11% 32.7M 1s","logger":"airflow.task.hooks.airflow.providers.standard.hooks.subprocess.SubprocessHook"}
{"timestamp":"2025-07-13T16:50:20.755112","level":"info","event":"  2050K .......... .......... .......... .......... .......... 12%  180M 1s","logger":"airflow.task.hooks.airflow.providers.standard.hooks.subprocess.SubprocessHook"}
{"timestamp":"2025-07-13T16:50:20.755388","level":"info","event":"  2100K .......... .......... .......... .......... .......... 12%  215M 1s","logger":"airflow.task.hooks.airflow.providers.standard.hooks.subprocess.SubprocessHook"}
{"timestamp":"2025-07-13T16:50:20.756791","level":"info","event":"  2150K .......... .......... .......... .......... .......... 12% 34.6M 1s","logger":"airflow.task.hooks.airflow.providers.standard.hooks.subprocess.SubprocessHook"}
{"timestamp":"2025-07-13T16:50:20.768453","level":"info","event":"  2200K .......... .......... .......... .......... .......... 13% 4.30M 1s","logger":"airflow.task.hooks.airflow.providers.standard.hooks.subprocess.SubprocessHook"}
{"timestamp":"2025-07-13T16:50:20.779368","level":"info","event":"  2250K .......... .......... .......... .......... .......... 13% 4.45M 1s","logger":"airflow.task.hooks.airflow.providers.standard.hooks.subprocess.SubprocessHook"}
{"timestamp":"2025-07-13T16:50:20.783361","level":"info","event":"  2300K .......... .......... .......... .......... .......... 13% 12.3M 1s","logger":"airflow.task.hooks.airflow.providers.standard.hooks.subprocess.SubprocessHook"}
{"timestamp":"2025-07-13T16:50:20.787346","level":"info","event":"  2350K .......... .......... .......... .......... .......... 14% 12.9M 1s","logger":"airflow.task.hooks.airflow.providers.standard.hooks.subprocess.SubprocessHook"}
{"timestamp":"2025-07-13T16:50:20.788446","level":"info","event":"  2400K .......... .......... .......... .......... .......... 14% 45.4M 1s","logger":"airflow.task.hooks.airflow.providers.standard.hooks.subprocess.SubprocessHook"}
{"timestamp":"2025-07-13T16:50:20.800619","level":"info","event":"  2450K .......... .......... .......... .......... .......... 14% 3.93M 1s","logger":"airflow.task.hooks.airflow.providers.standard.hooks.subprocess.SubprocessHook"}
{"timestamp":"2025-07-13T16:50:20.802140","level":"info","event":"  2500K .......... .......... .......... .......... .......... 14% 32.6M 1s","logger":"airflow.task.hooks.airflow.providers.standard.hooks.subprocess.SubprocessHook"}
{"timestamp":"2025-07-13T16:50:20.802267","level":"info","event":"  2550K .......... .......... .......... .......... .......... 15%  161M 1s","logger":"airflow.task.hooks.airflow.providers.standard.hooks.subprocess.SubprocessHook"}
{"timestamp":"2025-07-13T16:50:20.802829","level":"info","event":"  2600K .......... .......... .......... .......... .......... 15% 70.0M 1s","logger":"airflow.task.hooks.airflow.providers.standard.hooks.subprocess.SubprocessHook"}
{"timestamp":"2025-07-13T16:50:20.803526","level":"info","event":"  2650K .......... .......... .......... .......... .......... 15% 80.3M 1s","logger":"airflow.task.hooks.airflow.providers.standard.hooks.subprocess.SubprocessHook"}
{"timestamp":"2025-07-13T16:50:20.812044","level":"info","event":"  2700K .......... .......... .......... .......... .......... 16% 5.87M 1s","logger":"airflow.task.hooks.airflow.providers.standard.hooks.subprocess.SubprocessHook"}
{"timestamp":"2025-07-13T16:50:20.812506","level":"info","event":"  2750K .......... .......... .......... .......... .......... 16% 66.6M 1s","logger":"airflow.task.hooks.airflow.providers.standard.hooks.subprocess.SubprocessHook"}
{"timestamp":"2025-07-13T16:50:20.814611","level":"info","event":"  2800K .......... .......... .......... .......... .......... 16% 29.0M 1s","logger":"airflow.task.hooks.airflow.providers.standard.hooks.subprocess.SubprocessHook"}
{"timestamp":"2025-07-13T16:50:20.815499","level":"info","event":"  2850K .......... .......... .......... .......... .......... 16% 53.6M 1s","logger":"airflow.task.hooks.airflow.providers.standard.hooks.subprocess.SubprocessHook"}
{"timestamp":"2025-07-13T16:50:20.815978","level":"info","event":"  2900K .......... .......... .......... .......... .......... 17% 77.8M 1s","logger":"airflow.task.hooks.airflow.providers.standard.hooks.subprocess.SubprocessHook"}
{"timestamp":"2025-07-13T16:50:20.816958","level":"info","event":"  2950K .......... .......... .......... .......... .......... 17% 43.3M 1s","logger":"airflow.task.hooks.airflow.providers.standard.hooks.subprocess.SubprocessHook"}
{"timestamp":"2025-07-13T16:50:20.819684","level":"info","event":"  3000K .......... .......... .......... .......... .......... 17% 21.4M 1s","logger":"airflow.task.hooks.airflow.providers.standard.hooks.subprocess.SubprocessHook"}
{"timestamp":"2025-07-13T16:50:20.820993","level":"info","event":"  3050K .......... .......... .......... .......... .......... 18% 38.8M 1s","logger":"airflow.task.hooks.airflow.providers.standard.hooks.subprocess.SubprocessHook"}
{"timestamp":"2025-07-13T16:50:20.821296","level":"info","event":"  3100K .......... .......... .......... .......... .......... 18%  109M 1s","logger":"airflow.task.hooks.airflow.providers.standard.hooks.subprocess.SubprocessHook"}
{"timestamp":"2025-07-13T16:50:20.822977","level":"info","event":"  3150K .......... .......... .......... .......... .......... 18% 27.1M 1s","logger":"airflow.task.hooks.airflow.providers.standard.hooks.subprocess.SubprocessHook"}
{"timestamp":"2025-07-13T16:50:20.825059","level":"info","event":"  3200K .......... .......... .......... .......... .......... 18% 37.1M 1s","logger":"airflow.task.hooks.airflow.providers.standard.hooks.subprocess.SubprocessHook"}
{"timestamp":"2025-07-13T16:50:20.825171","level":"info","event":"  3250K .......... .......... .......... .......... .......... 19% 80.3M 1s","logger":"airflow.task.hooks.airflow.providers.standard.hooks.subprocess.SubprocessHook"}
{"timestamp":"2025-07-13T16:50:20.825246","level":"info","event":"  3300K .......... .......... .......... .......... .......... 19% 98.9M 1s","logger":"airflow.task.hooks.airflow.providers.standard.hooks.subprocess.SubprocessHook"}
{"timestamp":"2025-07-13T16:50:20.828105","level":"info","event":"  3350K .......... .......... .......... .......... .......... 19% 22.4M 1s","logger":"airflow.task.hooks.airflow.providers.standard.hooks.subprocess.SubprocessHook"}
{"timestamp":"2025-07-13T16:50:20.828239","level":"info","event":"  3400K .......... .......... .......... .......... .......... 20%  168M 1s","logger":"airflow.task.hooks.airflow.providers.standard.hooks.subprocess.SubprocessHook"}
{"timestamp":"2025-07-13T16:50:20.829387","level":"info","event":"  3450K .......... .......... .......... .......... .......... 20% 46.0M 1s","logger":"airflow.task.hooks.airflow.providers.standard.hooks.subprocess.SubprocessHook"}
{"timestamp":"2025-07-13T16:50:20.832165","level":"info","event":"  3500K .......... .......... .......... .......... .......... 20% 15.8M 1s","logger":"airflow.task.hooks.airflow.providers.standard.hooks.subprocess.SubprocessHook"}
{"timestamp":"2025-07-13T16:50:20.834165","level":"info","event":"  3550K .......... .......... .......... .......... .......... 21% 22.6M 1s","logger":"airflow.task.hooks.airflow.providers.standard.hooks.subprocess.SubprocessHook"}
{"timestamp":"2025-07-13T16:50:20.834789","level":"info","event":"  3600K .......... .......... .......... .......... .......... 21% 64.2M 1s","logger":"airflow.task.hooks.airflow.providers.standard.hooks.subprocess.SubprocessHook"}
{"timestamp":"2025-07-13T16:50:20.834865","level":"info","event":"  3650K .......... .......... .......... .......... .......... 21%  255M 1s","logger":"airflow.task.hooks.airflow.providers.standard.hooks.subprocess.SubprocessHook"}
{"timestamp":"2025-07-13T16:50:20.836891","level":"info","event":"  3700K .......... .......... .......... .......... .......... 21% 24.4M 1s","logger":"airflow.task.hooks.airflow.providers.standard.hooks.subprocess.SubprocessHook"}
{"timestamp":"2025-07-13T16:50:20.837097","level":"info","event":"  3750K .......... .......... .......... .......... .......... 22%  154M 1s","logger":"airflow.task.hooks.airflow.providers.standard.hooks.subprocess.SubprocessHook"}
{"timestamp":"2025-07-13T16:50:20.837864","level":"info","event":"  3800K .......... .......... .......... .......... .......... 22% 72.3M 1s","logger":"airflow.task.hooks.airflow.providers.standard.hooks.subprocess.SubprocessHook"}
{"timestamp":"2025-07-13T16:50:20.841210","level":"info","event":"  3850K .......... .......... .......... .......... .......... 22% 15.2M 1s","logger":"airflow.task.hooks.airflow.providers.standard.hooks.subprocess.SubprocessHook"}
{"timestamp":"2025-07-13T16:50:20.844874","level":"info","event":"  3900K .......... .......... .......... .......... .......... 23% 14.3M 1s","logger":"airflow.task.hooks.airflow.providers.standard.hooks.subprocess.SubprocessHook"}
{"timestamp":"2025-07-13T16:50:20.846337","level":"info","event":"  3950K .......... .......... .......... .......... .......... 23% 26.6M 1s","logger":"airflow.task.hooks.airflow.providers.standard.hooks.subprocess.SubprocessHook"}
{"timestamp":"2025-07-13T16:50:20.848113","level":"info","event":"  4000K .......... .......... .......... .......... .......... 23% 26.8M 1s","logger":"airflow.task.hooks.airflow.providers.standard.hooks.subprocess.SubprocessHook"}
{"timestamp":"2025-07-13T16:50:20.850072","level":"info","event":"  4050K .......... .......... .......... .......... .......... 23% 34.6M 1s","logger":"airflow.task.hooks.airflow.providers.standard.hooks.subprocess.SubprocessHook"}
{"timestamp":"2025-07-13T16:50:20.854376","level":"info","event":"  4100K .......... .......... .......... .......... .......... 24% 11.1M 1s","logger":"airflow.task.hooks.airflow.providers.standard.hooks.subprocess.SubprocessHook"}
{"timestamp":"2025-07-13T16:50:20.856757","level":"info","event":"  4150K .......... .......... .......... .......... .......... 24% 21.2M 1s","logger":"airflow.task.hooks.airflow.providers.standard.hooks.subprocess.SubprocessHook"}
{"timestamp":"2025-07-13T16:50:20.856937","level":"info","event":"  4200K .......... .......... .......... .......... .......... 24%  151M 1s","logger":"airflow.task.hooks.airflow.providers.standard.hooks.subprocess.SubprocessHook"}
{"timestamp":"2025-07-13T16:50:20.860609","level":"info","event":"  4250K .......... .......... .......... .......... .......... 25% 16.0M 1s","logger":"airflow.task.hooks.airflow.providers.standard.hooks.subprocess.SubprocessHook"}
{"timestamp":"2025-07-13T16:50:20.860727","level":"info","event":"  4300K .......... .......... .......... .......... .......... 25%  101M 1s","logger":"airflow.task.hooks.airflow.providers.standard.hooks.subprocess.SubprocessHook"}
{"timestamp":"2025-07-13T16:50:20.860773","level":"info","event":"  4350K .......... .......... .......... .......... .......... 25%  171M 1s","logger":"airflow.task.hooks.airflow.providers.standard.hooks.subprocess.SubprocessHook"}
{"timestamp":"2025-07-13T16:50:20.861950","level":"info","event":"  4400K .......... .......... .......... .......... .......... 26% 32.2M 1s","logger":"airflow.task.hooks.airflow.providers.standard.hooks.subprocess.SubprocessHook"}
{"timestamp":"2025-07-13T16:50:20.862631","level":"info","event":"  4450K .......... .......... .......... .......... .......... 26%  165M 1s","logger":"airflow.task.hooks.airflow.providers.standard.hooks.subprocess.SubprocessHook"}
{"timestamp":"2025-07-13T16:50:20.862691","level":"info","event":"  4500K .......... .......... .......... .......... .......... 26%  217M 1s","logger":"airflow.task.hooks.airflow.providers.standard.hooks.subprocess.SubprocessHook"}
{"timestamp":"2025-07-13T16:50:20.864044","level":"info","event":"  4550K .......... .......... .......... .......... .......... 26% 36.2M 1s","logger":"airflow.task.hooks.airflow.providers.standard.hooks.subprocess.SubprocessHook"}
{"timestamp":"2025-07-13T16:50:20.865005","level":"info","event":"  4600K .......... .......... .......... .......... .......... 27% 43.2M 1s","logger":"airflow.task.hooks.airflow.providers.standard.hooks.subprocess.SubprocessHook"}
{"timestamp":"2025-07-13T16:50:20.870230","level":"info","event":"  4650K .......... .......... .......... .......... .......... 27% 10.1M 1s","logger":"airflow.task.hooks.airflow.providers.standard.hooks.subprocess.SubprocessHook"}
{"timestamp":"2025-07-13T16:50:20.870468","level":"info","event":"  4700K .......... .......... .......... .......... .......... 27% 65.7M 1s","logger":"airflow.task.hooks.airflow.providers.standard.hooks.subprocess.SubprocessHook"}
{"timestamp":"2025-07-13T16:50:20.870929","level":"info","event":"  4750K .......... .......... .......... .......... .......... 28%  201M 1s","logger":"airflow.task.hooks.airflow.providers.standard.hooks.subprocess.SubprocessHook"}
{"timestamp":"2025-07-13T16:50:20.871895","level":"info","event":"  4800K .......... .......... .......... .......... .......... 28% 42.3M 1s","logger":"airflow.task.hooks.airflow.providers.standard.hooks.subprocess.SubprocessHook"}
{"timestamp":"2025-07-13T16:50:20.872676","level":"info","event":"  4850K .......... .......... .......... .......... .......... 28% 75.1M 1s","logger":"airflow.task.hooks.airflow.providers.standard.hooks.subprocess.SubprocessHook"}
{"timestamp":"2025-07-13T16:50:20.873730","level":"info","event":"  4900K .......... .......... .......... .......... .......... 28% 40.2M 1s","logger":"airflow.task.hooks.airflow.providers.standard.hooks.subprocess.SubprocessHook"}
{"timestamp":"2025-07-13T16:50:20.874972","level":"info","event":"  4950K .......... .......... .......... .......... .......... 29% 44.6M 1s","logger":"airflow.task.hooks.airflow.providers.standard.hooks.subprocess.SubprocessHook"}
{"timestamp":"2025-07-13T16:50:20.879667","level":"info","event":"  5000K .......... .......... .......... .......... .......... 29% 11.1M 1s","logger":"airflow.task.hooks.airflow.providers.standard.hooks.subprocess.SubprocessHook"}
{"timestamp":"2025-07-13T16:50:20.881163","level":"info","event":"  5050K .......... .......... .......... .......... .......... 29% 27.4M 1s","logger":"airflow.task.hooks.airflow.providers.standard.hooks.subprocess.SubprocessHook"}
{"timestamp":"2025-07-13T16:50:20.884579","level":"info","event":"  5100K .......... .......... .......... .......... .......... 30% 15.1M 1s","logger":"airflow.task.hooks.airflow.providers.standard.hooks.subprocess.SubprocessHook"}
{"timestamp":"2025-07-13T16:50:20.886730","level":"info","event":"  5150K .......... .......... .......... .......... .......... 30% 50.0M 1s","logger":"airflow.task.hooks.airflow.providers.standard.hooks.subprocess.SubprocessHook"}
{"timestamp":"2025-07-13T16:50:20.889432","level":"info","event":"  5200K .......... .......... .......... .......... .......... 30% 12.7M 1s","logger":"airflow.task.hooks.airflow.providers.standard.hooks.subprocess.SubprocessHook"}
{"timestamp":"2025-07-13T16:50:20.891138","level":"info","event":"  5250K .......... .......... .......... .......... .......... 30% 24.1M 1s","logger":"airflow.task.hooks.airflow.providers.standard.hooks.subprocess.SubprocessHook"}
{"timestamp":"2025-07-13T16:50:20.893917","level":"info","event":"  5300K .......... .......... .......... .......... .......... 31% 17.7M 1s","logger":"airflow.task.hooks.airflow.providers.standard.hooks.subprocess.SubprocessHook"}
{"timestamp":"2025-07-13T16:50:20.896692","level":"info","event":"  5350K .......... .......... .......... .......... .......... 31% 18.3M 1s","logger":"airflow.task.hooks.airflow.providers.standard.hooks.subprocess.SubprocessHook"}
{"timestamp":"2025-07-13T16:50:20.899111","level":"info","event":"  5400K .......... .......... .......... .......... .......... 31% 21.5M 1s","logger":"airflow.task.hooks.airflow.providers.standard.hooks.subprocess.SubprocessHook"}
{"timestamp":"2025-07-13T16:50:20.902266","level":"info","event":"  5450K .......... .......... .......... .......... .......... 32% 16.5M 1s","logger":"airflow.task.hooks.airflow.providers.standard.hooks.subprocess.SubprocessHook"}
{"timestamp":"2025-07-13T16:50:20.905986","level":"info","event":"  5500K .......... .......... .......... .......... .......... 32% 13.7M 1s","logger":"airflow.task.hooks.airflow.providers.standard.hooks.subprocess.SubprocessHook"}
{"timestamp":"2025-07-13T16:50:20.908099","level":"info","event":"  5550K .......... .......... .......... .......... .......... 32% 19.3M 1s","logger":"airflow.task.hooks.airflow.providers.standard.hooks.subprocess.SubprocessHook"}
{"timestamp":"2025-07-13T16:50:20.910605","level":"info","event":"  5600K .......... .......... .......... .......... .......... 33% 18.9M 1s","logger":"airflow.task.hooks.airflow.providers.standard.hooks.subprocess.SubprocessHook"}
{"timestamp":"2025-07-13T16:50:20.914927","level":"info","event":"  5650K .......... .......... .......... .......... .......... 33% 11.7M 1s","logger":"airflow.task.hooks.airflow.providers.standard.hooks.subprocess.SubprocessHook"}
{"timestamp":"2025-07-13T16:50:20.916977","level":"info","event":"  5700K .......... .......... .......... .......... .......... 33% 21.3M 1s","logger":"airflow.task.hooks.airflow.providers.standard.hooks.subprocess.SubprocessHook"}
{"timestamp":"2025-07-13T16:50:20.921526","level":"info","event":"  5750K .......... .......... .......... .......... .......... 33% 12.4M 1s","logger":"airflow.task.hooks.airflow.providers.standard.hooks.subprocess.SubprocessHook"}
{"timestamp":"2025-07-13T16:50:20.922522","level":"info","event":"  5800K .......... .......... .......... .......... .......... 34% 29.9M 1s","logger":"airflow.task.hooks.airflow.providers.standard.hooks.subprocess.SubprocessHook"}
{"timestamp":"2025-07-13T16:50:20.923967","level":"info","event":"  5850K .......... .......... .......... .......... .......... 34% 37.2M 1s","logger":"airflow.task.hooks.airflow.providers.standard.hooks.subprocess.SubprocessHook"}
{"timestamp":"2025-07-13T16:50:20.926182","level":"info","event":"  5900K .......... .......... .......... .......... .......... 34% 22.2M 1s","logger":"airflow.task.hooks.airflow.providers.standard.hooks.subprocess.SubprocessHook"}
{"timestamp":"2025-07-13T16:50:20.930559","level":"info","event":"  5950K .......... .......... .......... .......... .......... 35% 15.8M 1s","logger":"airflow.task.hooks.airflow.providers.standard.hooks.subprocess.SubprocessHook"}
{"timestamp":"2025-07-13T16:50:20.933663","level":"info","event":"  6000K .......... .......... .......... .......... .......... 35% 11.0M 1s","logger":"airflow.task.hooks.airflow.providers.standard.hooks.subprocess.SubprocessHook"}
{"timestamp":"2025-07-13T16:50:20.935988","level":"info","event":"  6050K .......... .......... .......... .......... .......... 35% 20.9M 1s","logger":"airflow.task.hooks.airflow.providers.standard.hooks.subprocess.SubprocessHook"}
{"timestamp":"2025-07-13T16:50:20.938093","level":"info","event":"  6100K .......... .......... .......... .......... .......... 35% 22.1M 1s","logger":"airflow.task.hooks.airflow.providers.standard.hooks.subprocess.SubprocessHook"}
{"timestamp":"2025-07-13T16:50:20.940258","level":"info","event":"  6150K .......... .......... .......... .......... .......... 36% 23.4M 1s","logger":"airflow.task.hooks.airflow.providers.standard.hooks.subprocess.SubprocessHook"}
{"timestamp":"2025-07-13T16:50:20.942569","level":"info","event":"  6200K .......... .......... .......... .......... .......... 36% 20.1M 1s","logger":"airflow.task.hooks.airflow.providers.standard.hooks.subprocess.SubprocessHook"}
{"timestamp":"2025-07-13T16:50:20.945766","level":"info","event":"  6250K .......... .......... .......... .......... .......... 36% 15.7M 1s","logger":"airflow.task.hooks.airflow.providers.standard.hooks.subprocess.SubprocessHook"}
{"timestamp":"2025-07-13T16:50:20.948040","level":"info","event":"  6300K .......... .......... .......... .......... .......... 37% 21.4M 1s","logger":"airflow.task.hooks.airflow.providers.standard.hooks.subprocess.SubprocessHook"}
{"timestamp":"2025-07-13T16:50:20.950207","level":"info","event":"  6350K .......... .......... .......... .......... .......... 37% 22.5M 1s","logger":"airflow.task.hooks.airflow.providers.standard.hooks.subprocess.SubprocessHook"}
{"timestamp":"2025-07-13T16:50:20.954740","level":"info","event":"  6400K .......... .......... .......... .......... .......... 37% 11.6M 1s","logger":"airflow.task.hooks.airflow.providers.standard.hooks.subprocess.SubprocessHook"}
{"timestamp":"2025-07-13T16:50:20.957733","level":"info","event":"  6450K .......... .......... .......... .......... .......... 37% 14.9M 1s","logger":"airflow.task.hooks.airflow.providers.standard.hooks.subprocess.SubprocessHook"}
{"timestamp":"2025-07-13T16:50:20.961749","level":"info","event":"  6500K .......... .......... .......... .......... .......... 38% 12.9M 1s","logger":"airflow.task.hooks.airflow.providers.standard.hooks.subprocess.SubprocessHook"}
{"timestamp":"2025-07-13T16:50:20.962997","level":"info","event":"  6550K .......... .......... .......... .......... .......... 38% 31.4M 1s","logger":"airflow.task.hooks.airflow.providers.standard.hooks.subprocess.SubprocessHook"}
{"timestamp":"2025-07-13T16:50:20.965245","level":"info","event":"  6600K .......... .......... .......... .......... .......... 38% 21.1M 1s","logger":"airflow.task.hooks.airflow.providers.standard.hooks.subprocess.SubprocessHook"}
{"timestamp":"2025-07-13T16:50:20.967167","level":"info","event":"  6650K .......... .......... .......... .......... .......... 39% 26.0M 1s","logger":"airflow.task.hooks.airflow.providers.standard.hooks.subprocess.SubprocessHook"}
{"timestamp":"2025-07-13T16:50:20.971628","level":"info","event":"  6700K .......... .......... .......... .......... .......... 39% 12.1M 1s","logger":"airflow.task.hooks.airflow.providers.standard.hooks.subprocess.SubprocessHook"}
{"timestamp":"2025-07-13T16:50:20.973917","level":"info","event":"  6750K .......... .......... .......... .......... .......... 39% 18.9M 1s","logger":"airflow.task.hooks.airflow.providers.standard.hooks.subprocess.SubprocessHook"}
{"timestamp":"2025-07-13T16:50:20.976039","level":"info","event":"  6800K .......... .......... .......... .......... .......... 40% 23.8M 1s","logger":"airflow.task.hooks.airflow.providers.standard.hooks.subprocess.SubprocessHook"}
{"timestamp":"2025-07-13T16:50:20.978314","level":"info","event":"  6850K .......... .......... .......... .......... .......... 40% 19.6M 1s","logger":"airflow.task.hooks.airflow.providers.standard.hooks.subprocess.SubprocessHook"}
{"timestamp":"2025-07-13T16:50:20.982590","level":"info","event":"  6900K .......... .......... .......... .......... .......... 40% 12.0M 1s","logger":"airflow.task.hooks.airflow.providers.standard.hooks.subprocess.SubprocessHook"}
{"timestamp":"2025-07-13T16:50:20.984426","level":"info","event":"  6950K .......... .......... .......... .......... .......... 40% 24.8M 1s","logger":"airflow.task.hooks.airflow.providers.standard.hooks.subprocess.SubprocessHook"}
{"timestamp":"2025-07-13T16:50:20.985919","level":"info","event":"  7000K .......... .......... .......... .......... .......... 41% 31.4M 1s","logger":"airflow.task.hooks.airflow.providers.standard.hooks.subprocess.SubprocessHook"}
{"timestamp":"2025-07-13T16:50:20.989723","level":"info","event":"  7050K .......... .......... .......... .......... .......... 41% 12.8M 1s","logger":"airflow.task.hooks.airflow.providers.standard.hooks.subprocess.SubprocessHook"}
{"timestamp":"2025-07-13T16:50:20.993162","level":"info","event":"  7100K .......... .......... .......... .......... .......... 41% 14.7M 1s","logger":"airflow.task.hooks.airflow.providers.standard.hooks.subprocess.SubprocessHook"}
{"timestamp":"2025-07-13T16:50:20.995847","level":"info","event":"  7150K .......... .......... .......... .......... .......... 42% 19.6M 1s","logger":"airflow.task.hooks.airflow.providers.standard.hooks.subprocess.SubprocessHook"}
{"timestamp":"2025-07-13T16:50:20.998862","level":"info","event":"  7200K .......... .......... .......... .......... .......... 42% 15.0M 1s","logger":"airflow.task.hooks.airflow.providers.standard.hooks.subprocess.SubprocessHook"}
{"timestamp":"2025-07-13T16:50:21.004073","level":"info","event":"  7250K .......... .......... .......... .......... .......... 42% 10.7M 1s","logger":"airflow.task.hooks.airflow.providers.standard.hooks.subprocess.SubprocessHook"}
{"timestamp":"2025-07-13T16:50:21.004542","level":"info","event":"  7300K .......... .......... .......... .......... .......... 42% 52.2M 1s","logger":"airflow.task.hooks.airflow.providers.standard.hooks.subprocess.SubprocessHook"}
{"timestamp":"2025-07-13T16:50:21.009378","level":"info","event":"  7350K .......... .......... .......... .......... .......... 43% 12.3M 1s","logger":"airflow.task.hooks.airflow.providers.standard.hooks.subprocess.SubprocessHook"}
{"timestamp":"2025-07-13T16:50:21.016887","level":"info","event":"  7400K .......... .......... .......... .......... .......... 43% 5.89M 1s","logger":"airflow.task.hooks.airflow.providers.standard.hooks.subprocess.SubprocessHook"}
{"timestamp":"2025-07-13T16:50:21.018768","level":"info","event":"  7450K .......... .......... .......... .......... .......... 43% 27.7M 1s","logger":"airflow.task.hooks.airflow.providers.standard.hooks.subprocess.SubprocessHook"}
{"timestamp":"2025-07-13T16:50:21.018905","level":"info","event":"  7500K .......... .......... .......... .......... .......... 44%  169M 0s","logger":"airflow.task.hooks.airflow.providers.standard.hooks.subprocess.SubprocessHook"}
{"timestamp":"2025-07-13T16:50:21.020180","level":"info","event":"  7550K .......... .......... .......... .......... .......... 44% 61.9M 0s","logger":"airflow.task.hooks.airflow.providers.standard.hooks.subprocess.SubprocessHook"}
{"timestamp":"2025-07-13T16:50:21.023636","level":"info","event":"  7600K .......... .......... .......... .......... .......... 44% 13.1M 0s","logger":"airflow.task.hooks.airflow.providers.standard.hooks.subprocess.SubprocessHook"}
{"timestamp":"2025-07-13T16:50:21.024089","level":"info","event":"  7650K .......... .......... .......... .......... .......... 45% 48.8M 0s","logger":"airflow.task.hooks.airflow.providers.standard.hooks.subprocess.SubprocessHook"}
{"timestamp":"2025-07-13T16:50:21.029146","level":"info","event":"  7700K .......... .......... .......... .......... .......... 45% 12.7M 0s","logger":"airflow.task.hooks.airflow.providers.standard.hooks.subprocess.SubprocessHook"}
{"timestamp":"2025-07-13T16:50:21.031754","level":"info","event":"  7750K .......... .......... .......... .......... .......... 45% 18.0M 0s","logger":"airflow.task.hooks.airflow.providers.standard.hooks.subprocess.SubprocessHook"}
{"timestamp":"2025-07-13T16:50:21.033003","level":"info","event":"  7800K .......... .......... .......... .......... .......... 45% 21.4M 0s","logger":"airflow.task.hooks.airflow.providers.standard.hooks.subprocess.SubprocessHook"}
{"timestamp":"2025-07-13T16:50:21.035606","level":"info","event":"  7850K .......... .......... .......... .......... .......... 46% 19.6M 0s","logger":"airflow.task.hooks.airflow.providers.standard.hooks.subprocess.SubprocessHook"}
{"timestamp":"2025-07-13T16:50:21.038660","level":"info","event":"  7900K .......... .......... .......... .......... .......... 46% 16.3M 0s","logger":"airflow.task.hooks.airflow.providers.standard.hooks.subprocess.SubprocessHook"}
{"timestamp":"2025-07-13T16:50:21.042202","level":"info","event":"  7950K .......... .......... .......... .......... .......... 46% 14.5M 0s","logger":"airflow.task.hooks.airflow.providers.standard.hooks.subprocess.SubprocessHook"}
{"timestamp":"2025-07-13T16:50:21.046510","level":"info","event":"  8000K .......... .......... .......... .......... .......... 47% 12.2M 0s","logger":"airflow.task.hooks.airflow.providers.standard.hooks.subprocess.SubprocessHook"}
{"timestamp":"2025-07-13T16:50:21.047179","level":"info","event":"  8050K .......... .......... .......... .......... .......... 47% 41.7M 0s","logger":"airflow.task.hooks.airflow.providers.standard.hooks.subprocess.SubprocessHook"}
{"timestamp":"2025-07-13T16:50:21.052141","level":"info","event":"  8100K .......... .......... .......... .......... .......... 47% 10.7M 0s","logger":"airflow.task.hooks.airflow.providers.standard.hooks.subprocess.SubprocessHook"}
{"timestamp":"2025-07-13T16:50:21.052249","level":"info","event":"  8150K .......... .......... .......... .......... .......... 47%  181M 0s","logger":"airflow.task.hooks.airflow.providers.standard.hooks.subprocess.SubprocessHook"}
{"timestamp":"2025-07-13T16:50:21.053151","level":"info","event":"  8200K .......... .......... .......... .......... .......... 48% 38.6M 0s","logger":"airflow.task.hooks.airflow.providers.standard.hooks.subprocess.SubprocessHook"}
{"timestamp":"2025-07-13T16:50:21.056271","level":"info","event":"  8250K .......... .......... .......... .......... .......... 48% 17.9M 0s","logger":"airflow.task.hooks.airflow.providers.standard.hooks.subprocess.SubprocessHook"}
{"timestamp":"2025-07-13T16:50:21.059691","level":"info","event":"  8300K .......... .......... .......... .......... .......... 48% 14.6M 0s","logger":"airflow.task.hooks.airflow.providers.standard.hooks.subprocess.SubprocessHook"}
{"timestamp":"2025-07-13T16:50:21.061083","level":"info","event":"  8350K .......... .......... .......... .......... .......... 49% 29.5M 0s","logger":"airflow.task.hooks.airflow.providers.standard.hooks.subprocess.SubprocessHook"}
{"timestamp":"2025-07-13T16:50:21.063334","level":"info","event":"  8400K .......... .......... .......... .......... .......... 49% 20.3M 0s","logger":"airflow.task.hooks.airflow.providers.standard.hooks.subprocess.SubprocessHook"}
{"timestamp":"2025-07-13T16:50:21.065187","level":"info","event":"  8450K .......... .......... .......... .......... .......... 49% 25.6M 0s","logger":"airflow.task.hooks.airflow.providers.standard.hooks.subprocess.SubprocessHook"}
{"timestamp":"2025-07-13T16:50:21.067896","level":"info","event":"  8500K .......... .......... .......... .......... .......... 49% 19.2M 0s","logger":"airflow.task.hooks.airflow.providers.standard.hooks.subprocess.SubprocessHook"}
{"timestamp":"2025-07-13T16:50:21.070848","level":"info","event":"  8550K .......... .......... .......... .......... .......... 50% 16.6M 0s","logger":"airflow.task.hooks.airflow.providers.standard.hooks.subprocess.SubprocessHook"}
{"timestamp":"2025-07-13T16:50:21.074620","level":"info","event":"  8600K .......... .......... .......... .......... .......... 50% 12.6M 0s","logger":"airflow.task.hooks.airflow.providers.standard.hooks.subprocess.SubprocessHook"}
{"timestamp":"2025-07-13T16:50:21.075439","level":"info","event":"  8650K .......... .......... .......... .......... .......... 50% 54.9M 0s","logger":"airflow.task.hooks.airflow.providers.standard.hooks.subprocess.SubprocessHook"}
{"timestamp":"2025-07-13T16:50:21.079257","level":"info","event":"  8700K .......... .......... .......... .......... .......... 51% 13.2M 0s","logger":"airflow.task.hooks.airflow.providers.standard.hooks.subprocess.SubprocessHook"}
{"timestamp":"2025-07-13T16:50:21.082334","level":"info","event":"  8750K .......... .......... .......... .......... .......... 51% 22.2M 0s","logger":"airflow.task.hooks.airflow.providers.standard.hooks.subprocess.SubprocessHook"}
{"timestamp":"2025-07-13T16:50:21.086196","level":"info","event":"  8800K .......... .......... .......... .......... .......... 51% 10.6M 0s","logger":"airflow.task.hooks.airflow.providers.standard.hooks.subprocess.SubprocessHook"}
{"timestamp":"2025-07-13T16:50:21.090632","level":"info","event":"  8850K .......... .......... .......... .......... .......... 52% 11.6M 0s","logger":"airflow.task.hooks.airflow.providers.standard.hooks.subprocess.SubprocessHook"}
{"timestamp":"2025-07-13T16:50:21.090723","level":"info","event":"  8900K .......... .......... .......... .......... .......... 52% 87.4M 0s","logger":"airflow.task.hooks.airflow.providers.standard.hooks.subprocess.SubprocessHook"}
{"timestamp":"2025-07-13T16:50:21.094127","level":"info","event":"  8950K .......... .......... .......... .......... .......... 52% 14.6M 0s","logger":"airflow.task.hooks.airflow.providers.standard.hooks.subprocess.SubprocessHook"}
{"timestamp":"2025-07-13T16:50:21.098771","level":"info","event":"  9000K .......... .......... .......... .......... .......... 52% 11.5M 0s","logger":"airflow.task.hooks.airflow.providers.standard.hooks.subprocess.SubprocessHook"}
{"timestamp":"2025-07-13T16:50:21.100141","level":"info","event":"  9050K .......... .......... .......... .......... .......... 53% 35.6M 0s","logger":"airflow.task.hooks.airflow.providers.standard.hooks.subprocess.SubprocessHook"}
{"timestamp":"2025-07-13T16:50:21.102837","level":"info","event":"  9100K .......... .......... .......... .......... .......... 53% 26.5M 0s","logger":"airflow.task.hooks.airflow.providers.standard.hooks.subprocess.SubprocessHook"}
{"timestamp":"2025-07-13T16:50:21.106377","level":"info","event":"  9150K .......... .......... .......... .......... .......... 53% 11.0M 0s","logger":"airflow.task.hooks.airflow.providers.standard.hooks.subprocess.SubprocessHook"}
{"timestamp":"2025-07-13T16:50:21.106490","level":"info","event":"  9200K .......... .......... .......... .......... .......... 54%  158M 0s","logger":"airflow.task.hooks.airflow.providers.standard.hooks.subprocess.SubprocessHook"}
{"timestamp":"2025-07-13T16:50:21.111041","level":"info","event":"  9250K .......... .......... .......... .......... .......... 54% 10.2M 0s","logger":"airflow.task.hooks.airflow.providers.standard.hooks.subprocess.SubprocessHook"}
{"timestamp":"2025-07-13T16:50:21.114648","level":"info","event":"  9300K .......... .......... .......... .......... .......... 54% 16.6M 0s","logger":"airflow.task.hooks.airflow.providers.standard.hooks.subprocess.SubprocessHook"}
{"timestamp":"2025-07-13T16:50:21.114755","level":"info","event":"  9350K .......... .......... .......... .......... .......... 54% 90.9M 0s","logger":"airflow.task.hooks.airflow.providers.standard.hooks.subprocess.SubprocessHook"}
{"timestamp":"2025-07-13T16:50:21.117105","level":"info","event":"  9400K .......... .......... .......... .......... .......... 55% 19.3M 0s","logger":"airflow.task.hooks.airflow.providers.standard.hooks.subprocess.SubprocessHook"}
{"timestamp":"2025-07-13T16:50:21.121896","level":"info","event":"  9450K .......... .......... .......... .......... .......... 55% 10.3M 0s","logger":"airflow.task.hooks.airflow.providers.standard.hooks.subprocess.SubprocessHook"}
{"timestamp":"2025-07-13T16:50:21.123718","level":"info","event":"  9500K .......... .......... .......... .......... .......... 55% 25.9M 0s","logger":"airflow.task.hooks.airflow.providers.standard.hooks.subprocess.SubprocessHook"}
{"timestamp":"2025-07-13T16:50:21.127404","level":"info","event":"  9550K .......... .......... .......... .......... .......... 56% 23.8M 0s","logger":"airflow.task.hooks.airflow.providers.standard.hooks.subprocess.SubprocessHook"}
{"timestamp":"2025-07-13T16:50:21.129050","level":"info","event":"  9600K .......... .......... .......... .......... .......... 56% 14.9M 0s","logger":"airflow.task.hooks.airflow.providers.standard.hooks.subprocess.SubprocessHook"}
{"timestamp":"2025-07-13T16:50:21.139224","level":"info","event":"  9650K .......... .......... .......... .......... .......... 56% 4.98M 0s","logger":"airflow.task.hooks.airflow.providers.standard.hooks.subprocess.SubprocessHook"}
{"timestamp":"2025-07-13T16:50:21.141098","level":"info","event":"  9700K .......... .......... .......... .......... .......... 56% 41.2M 0s","logger":"airflow.task.hooks.airflow.providers.standard.hooks.subprocess.SubprocessHook"}
{"timestamp":"2025-07-13T16:50:21.141185","level":"info","event":"  9750K .......... .......... .......... .......... .......... 57%  154M 0s","logger":"airflow.task.hooks.airflow.providers.standard.hooks.subprocess.SubprocessHook"}
{"timestamp":"2025-07-13T16:50:21.141215","level":"info","event":"  9800K .......... .......... .......... .......... .......... 57% 61.4M 0s","logger":"airflow.task.hooks.airflow.providers.standard.hooks.subprocess.SubprocessHook"}
{"timestamp":"2025-07-13T16:50:21.146065","level":"info","event":"  9850K .......... .......... .......... .......... .......... 57% 14.2M 0s","logger":"airflow.task.hooks.airflow.providers.standard.hooks.subprocess.SubprocessHook"}
{"timestamp":"2025-07-13T16:50:21.148921","level":"info","event":"  9900K .......... .......... .......... .......... .......... 58% 13.6M 0s","logger":"airflow.task.hooks.airflow.providers.standard.hooks.subprocess.SubprocessHook"}
{"timestamp":"2025-07-13T16:50:21.150006","level":"info","event":"  9950K .......... .......... .......... .......... .......... 58% 37.0M 0s","logger":"airflow.task.hooks.airflow.providers.standard.hooks.subprocess.SubprocessHook"}
{"timestamp":"2025-07-13T16:50:21.151276","level":"info","event":" 10000K .......... .......... .......... .......... .......... 58% 26.5M 0s","logger":"airflow.task.hooks.airflow.providers.standard.hooks.subprocess.SubprocessHook"}
{"timestamp":"2025-07-13T16:50:21.154874","level":"info","event":" 10050K .......... .......... .......... .......... .......... 59% 15.9M 0s","logger":"airflow.task.hooks.airflow.providers.standard.hooks.subprocess.SubprocessHook"}
{"timestamp":"2025-07-13T16:50:21.156595","level":"info","event":" 10100K .......... .......... .......... .......... .......... 59% 26.2M 0s","logger":"airflow.task.hooks.airflow.providers.standard.hooks.subprocess.SubprocessHook"}
{"timestamp":"2025-07-13T16:50:21.159278","level":"info","event":" 10150K .......... .......... .......... .......... .......... 59% 16.9M 0s","logger":"airflow.task.hooks.airflow.providers.standard.hooks.subprocess.SubprocessHook"}
{"timestamp":"2025-07-13T16:50:21.508314","level":"info","event":" 10200K .......... .......... .......... .......... .......... 59%  143K 1s","logger":"airflow.task.hooks.airflow.providers.standard.hooks.subprocess.SubprocessHook"}
{"timestamp":"2025-07-13T16:50:21.511635","level":"info","event":" 10250K .......... .......... .......... .......... .......... 60% 13.5M 1s","logger":"airflow.task.hooks.airflow.providers.standard.hooks.subprocess.SubprocessHook"}
{"timestamp":"2025-07-13T16:50:21.516840","level":"info","event":" 10300K .......... .......... .......... .......... .......... 60% 9.78M 1s","logger":"airflow.task.hooks.airflow.providers.standard.hooks.subprocess.SubprocessHook"}
{"timestamp":"2025-07-13T16:50:21.523234","level":"info","event":" 10350K .......... .......... .......... .......... .......... 60% 7.61M 1s","logger":"airflow.task.hooks.airflow.providers.standard.hooks.subprocess.SubprocessHook"}
{"timestamp":"2025-07-13T16:50:21.528393","level":"info","event":" 10400K .......... .......... .......... .......... .......... 61% 9.42M 1s","logger":"airflow.task.hooks.airflow.providers.standard.hooks.subprocess.SubprocessHook"}
{"timestamp":"2025-07-13T16:50:21.535520","level":"info","event":" 10450K .......... .......... .......... .......... .......... 61% 6.93M 1s","logger":"airflow.task.hooks.airflow.providers.standard.hooks.subprocess.SubprocessHook"}
{"timestamp":"2025-07-13T16:50:21.541260","level":"info","event":" 10500K .......... .......... .......... .......... .......... 61% 10.1M 1s","logger":"airflow.task.hooks.airflow.providers.standard.hooks.subprocess.SubprocessHook"}
{"timestamp":"2025-07-13T16:50:21.543248","level":"info","event":" 10550K .......... .......... .......... .......... .......... 61% 16.1M 1s","logger":"airflow.task.hooks.airflow.providers.standard.hooks.subprocess.SubprocessHook"}
{"timestamp":"2025-07-13T16:50:21.548870","level":"info","event":" 10600K .......... .......... .......... .......... .......... 62% 8.69M 1s","logger":"airflow.task.hooks.airflow.providers.standard.hooks.subprocess.SubprocessHook"}
{"timestamp":"2025-07-13T16:50:21.551528","level":"info","event":" 10650K .......... .......... .......... .......... .......... 62% 17.8M 1s","logger":"airflow.task.hooks.airflow.providers.standard.hooks.subprocess.SubprocessHook"}
{"timestamp":"2025-07-13T16:50:21.559530","level":"info","event":" 10700K .......... .......... .......... .......... .......... 62% 6.36M 1s","logger":"airflow.task.hooks.airflow.providers.standard.hooks.subprocess.SubprocessHook"}
{"timestamp":"2025-07-13T16:50:21.564344","level":"info","event":" 10750K .......... .......... .......... .......... .......... 63% 9.65M 1s","logger":"airflow.task.hooks.airflow.providers.standard.hooks.subprocess.SubprocessHook"}
{"timestamp":"2025-07-13T16:50:21.568829","level":"info","event":" 10800K .......... .......... .......... .......... .......... 63% 10.7M 1s","logger":"airflow.task.hooks.airflow.providers.standard.hooks.subprocess.SubprocessHook"}
{"timestamp":"2025-07-13T16:50:21.575556","level":"info","event":" 10850K .......... .......... .......... .......... .......... 63% 7.39M 1s","logger":"airflow.task.hooks.airflow.providers.standard.hooks.subprocess.SubprocessHook"}
{"timestamp":"2025-07-13T16:50:21.579831","level":"info","event":" 10900K .......... .......... .......... .......... .......... 63% 11.8M 1s","logger":"airflow.task.hooks.airflow.providers.standard.hooks.subprocess.SubprocessHook"}
{"timestamp":"2025-07-13T16:50:21.584389","level":"info","event":" 10950K .......... .......... .......... .......... .......... 64% 9.95M 1s","logger":"airflow.task.hooks.airflow.providers.standard.hooks.subprocess.SubprocessHook"}
{"timestamp":"2025-07-13T16:50:21.587796","level":"info","event":" 11000K .......... .......... .......... .......... .......... 64% 14.5M 1s","logger":"airflow.task.hooks.airflow.providers.standard.hooks.subprocess.SubprocessHook"}
{"timestamp":"2025-07-13T16:50:21.592938","level":"info","event":" 11050K .......... .......... .......... .......... .......... 64% 9.52M 1s","logger":"airflow.task.hooks.airflow.providers.standard.hooks.subprocess.SubprocessHook"}
{"timestamp":"2025-07-13T16:50:21.597850","level":"info","event":" 11100K .......... .......... .......... .......... .......... 65% 10.2M 1s","logger":"airflow.task.hooks.airflow.providers.standard.hooks.subprocess.SubprocessHook"}
{"timestamp":"2025-07-13T16:50:21.604067","level":"info","event":" 11150K .......... .......... .......... .......... .......... 65% 7.78M 1s","logger":"airflow.task.hooks.airflow.providers.standard.hooks.subprocess.SubprocessHook"}
{"timestamp":"2025-07-13T16:50:21.609106","level":"info","event":" 11200K .......... .......... .......... .......... .......... 65% 9.52M 1s","logger":"airflow.task.hooks.airflow.providers.standard.hooks.subprocess.SubprocessHook"}
{"timestamp":"2025-07-13T16:50:21.613295","level":"info","event":" 11250K .......... .......... .......... .......... .......... 66% 11.7M 1s","logger":"airflow.task.hooks.airflow.providers.standard.hooks.subprocess.SubprocessHook"}
{"timestamp":"2025-07-13T16:50:21.620938","level":"info","event":" 11300K .......... .......... .......... .......... .......... 66% 6.43M 1s","logger":"airflow.task.hooks.airflow.providers.standard.hooks.subprocess.SubprocessHook"}
{"timestamp":"2025-07-13T16:50:21.623723","level":"info","event":" 11350K .......... .......... .......... .......... .......... 66% 16.9M 0s","logger":"airflow.task.hooks.airflow.providers.standard.hooks.subprocess.SubprocessHook"}
{"timestamp":"2025-07-13T16:50:21.629715","level":"info","event":" 11400K .......... .......... .......... .......... .......... 66% 8.25M 0s","logger":"airflow.task.hooks.airflow.providers.standard.hooks.subprocess.SubprocessHook"}
{"timestamp":"2025-07-13T16:50:21.634519","level":"info","event":" 11450K .......... .......... .......... .......... .......... 67% 10.2M 0s","logger":"airflow.task.hooks.airflow.providers.standard.hooks.subprocess.SubprocessHook"}
{"timestamp":"2025-07-13T16:50:21.638510","level":"info","event":" 11500K .......... .......... .......... .......... .......... 67% 12.0M 0s","logger":"airflow.task.hooks.airflow.providers.standard.hooks.subprocess.SubprocessHook"}
{"timestamp":"2025-07-13T16:50:21.645343","level":"info","event":" 11550K .......... .......... .......... .......... .......... 67% 7.20M 0s","logger":"airflow.task.hooks.airflow.providers.standard.hooks.subprocess.SubprocessHook"}
{"timestamp":"2025-07-13T16:50:21.650551","level":"info","event":" 11600K .......... .......... .......... .......... .......... 68% 9.36M 0s","logger":"airflow.task.hooks.airflow.providers.standard.hooks.subprocess.SubprocessHook"}
{"timestamp":"2025-07-13T16:50:21.654738","level":"info","event":" 11650K .......... .......... .......... .......... .......... 68% 11.7M 0s","logger":"airflow.task.hooks.airflow.providers.standard.hooks.subprocess.SubprocessHook"}
{"timestamp":"2025-07-13T16:50:21.659809","level":"info","event":" 11700K .......... .......... .......... .......... .......... 68% 9.59M 0s","logger":"airflow.task.hooks.airflow.providers.standard.hooks.subprocess.SubprocessHook"}
{"timestamp":"2025-07-13T16:50:21.665832","level":"info","event":" 11750K .......... .......... .......... .......... .......... 68% 8.63M 0s","logger":"airflow.task.hooks.airflow.providers.standard.hooks.subprocess.SubprocessHook"}
{"timestamp":"2025-07-13T16:50:21.669793","level":"info","event":" 11800K .......... .......... .......... .......... .......... 69% 11.3M 0s","logger":"airflow.task.hooks.airflow.providers.standard.hooks.subprocess.SubprocessHook"}
{"timestamp":"2025-07-13T16:50:21.675959","level":"info","event":" 11850K .......... .......... .......... .......... .......... 69% 8.14M 0s","logger":"airflow.task.hooks.airflow.providers.standard.hooks.subprocess.SubprocessHook"}
{"timestamp":"2025-07-13T16:50:21.678704","level":"info","event":" 11900K .......... .......... .......... .......... .......... 69% 16.4M 0s","logger":"airflow.task.hooks.airflow.providers.standard.hooks.subprocess.SubprocessHook"}
{"timestamp":"2025-07-13T16:50:21.685266","level":"info","event":" 11950K .......... .......... .......... .......... .......... 70% 7.51M 0s","logger":"airflow.task.hooks.airflow.providers.standard.hooks.subprocess.SubprocessHook"}
{"timestamp":"2025-07-13T16:50:21.689822","level":"info","event":" 12000K .......... .......... .......... .......... .......... 70% 10.7M 0s","logger":"airflow.task.hooks.airflow.providers.standard.hooks.subprocess.SubprocessHook"}
{"timestamp":"2025-07-13T16:50:21.696973","level":"info","event":" 12050K .......... .......... .......... .......... .......... 70% 6.85M 0s","logger":"airflow.task.hooks.airflow.providers.standard.hooks.subprocess.SubprocessHook"}
{"timestamp":"2025-07-13T16:50:21.699986","level":"info","event":" 12100K .......... .......... .......... .......... .......... 71% 16.5M 0s","logger":"airflow.task.hooks.airflow.providers.standard.hooks.subprocess.SubprocessHook"}
{"timestamp":"2025-07-13T16:50:21.704057","level":"info","event":" 12150K .......... .......... .......... .......... .......... 71% 11.6M 0s","logger":"airflow.task.hooks.airflow.providers.standard.hooks.subprocess.SubprocessHook"}
{"timestamp":"2025-07-13T16:50:21.710590","level":"info","event":" 12200K .......... .......... .......... .......... .......... 71% 7.61M 0s","logger":"airflow.task.hooks.airflow.providers.standard.hooks.subprocess.SubprocessHook"}
{"timestamp":"2025-07-13T16:50:21.718200","level":"info","event":" 12250K .......... .......... .......... .......... .......... 71% 6.33M 0s","logger":"airflow.task.hooks.airflow.providers.standard.hooks.subprocess.SubprocessHook"}
{"timestamp":"2025-07-13T16:50:21.720329","level":"info","event":" 12300K .......... .......... .......... .......... .......... 72% 23.9M 0s","logger":"airflow.task.hooks.airflow.providers.standard.hooks.subprocess.SubprocessHook"}
{"timestamp":"2025-07-13T16:50:21.729316","level":"info","event":" 12350K .......... .......... .......... .......... .......... 72% 6.07M 0s","logger":"airflow.task.hooks.airflow.providers.standard.hooks.subprocess.SubprocessHook"}
{"timestamp":"2025-07-13T16:50:21.732220","level":"info","event":" 12400K .......... .......... .......... .......... .......... 72% 12.7M 0s","logger":"airflow.task.hooks.airflow.providers.standard.hooks.subprocess.SubprocessHook"}
{"timestamp":"2025-07-13T16:50:21.736929","level":"info","event":" 12450K .......... .......... .......... .......... .......... 73% 11.1M 0s","logger":"airflow.task.hooks.airflow.providers.standard.hooks.subprocess.SubprocessHook"}
{"timestamp":"2025-07-13T16:50:21.744379","level":"info","event":" 12500K .......... .......... .......... .......... .......... 73% 6.28M 0s","logger":"airflow.task.hooks.airflow.providers.standard.hooks.subprocess.SubprocessHook"}
{"timestamp":"2025-07-13T16:50:21.745957","level":"info","event":" 12550K .......... .......... .......... .......... .......... 73% 31.4M 0s","logger":"airflow.task.hooks.airflow.providers.standard.hooks.subprocess.SubprocessHook"}
{"timestamp":"2025-07-13T16:50:21.751559","level":"info","event":" 12600K .......... .......... .......... .......... .......... 73% 8.65M 0s","logger":"airflow.task.hooks.airflow.providers.standard.hooks.subprocess.SubprocessHook"}
{"timestamp":"2025-07-13T16:50:22.250861","level":"info","event":" 12650K .......... .......... .......... .......... .......... 74%  100K 1s","logger":"airflow.task.hooks.airflow.providers.standard.hooks.subprocess.SubprocessHook"}
{"timestamp":"2025-07-13T16:50:22.265187","level":"info","event":" 12700K .......... .......... .......... .......... .......... 74% 7.20M 1s","logger":"airflow.task.hooks.airflow.providers.standard.hooks.subprocess.SubprocessHook"}
{"timestamp":"2025-07-13T16:50:22.265881","level":"info","event":" 12750K .......... .......... .......... .......... .......... 74% 13.0M 1s","logger":"airflow.task.hooks.airflow.providers.standard.hooks.subprocess.SubprocessHook"}
{"timestamp":"2025-07-13T16:50:22.279038","level":"info","event":" 12800K .......... .......... .......... .......... .......... 75% 3.19M 1s","logger":"airflow.task.hooks.airflow.providers.standard.hooks.subprocess.SubprocessHook"}
{"timestamp":"2025-07-13T16:50:22.293081","level":"info","event":" 12850K .......... .......... .......... .......... .......... 75% 4.21M 1s","logger":"airflow.task.hooks.airflow.providers.standard.hooks.subprocess.SubprocessHook"}
{"timestamp":"2025-07-13T16:50:22.296243","level":"info","event":" 12900K .......... .......... .......... .......... .......... 75% 12.5M 1s","logger":"airflow.task.hooks.airflow.providers.standard.hooks.subprocess.SubprocessHook"}
{"timestamp":"2025-07-13T16:50:22.311875","level":"info","event":" 12950K .......... .......... .......... .......... .......... 75% 4.12M 1s","logger":"airflow.task.hooks.airflow.providers.standard.hooks.subprocess.SubprocessHook"}
{"timestamp":"2025-07-13T16:50:22.329928","level":"info","event":" 13000K .......... .......... .......... .......... .......... 76% 2.07M 1s","logger":"airflow.task.hooks.airflow.providers.standard.hooks.subprocess.SubprocessHook"}
{"timestamp":"2025-07-13T16:50:22.330049","level":"info","event":" 13050K .......... .......... .......... .......... .......... 76% 35.5M 1s","logger":"airflow.task.hooks.airflow.providers.standard.hooks.subprocess.SubprocessHook"}
{"timestamp":"2025-07-13T16:50:22.330100","level":"info","event":" 13100K .......... .......... .......... .......... .......... 76%  215M 1s","logger":"airflow.task.hooks.airflow.providers.standard.hooks.subprocess.SubprocessHook"}
{"timestamp":"2025-07-13T16:50:22.330143","level":"info","event":" 13150K .......... .......... .......... .......... .......... 77%  121M 1s","logger":"airflow.task.hooks.airflow.providers.standard.hooks.subprocess.SubprocessHook"}
{"timestamp":"2025-07-13T16:50:22.330975","level":"info","event":" 13200K .......... .......... .......... .......... .......... 77%  104M 0s","logger":"airflow.task.hooks.airflow.providers.standard.hooks.subprocess.SubprocessHook"}
{"timestamp":"2025-07-13T16:50:22.364017","level":"info","event":" 13250K .......... .......... .......... .......... .......... 77% 1.51M 0s","logger":"airflow.task.hooks.airflow.providers.standard.hooks.subprocess.SubprocessHook"}
{"timestamp":"2025-07-13T16:50:22.364885","level":"info","event":" 13300K .......... .......... .......... .......... .......... 78% 51.2M 0s","logger":"airflow.task.hooks.airflow.providers.standard.hooks.subprocess.SubprocessHook"}
{"timestamp":"2025-07-13T16:50:22.369012","level":"info","event":" 13350K .......... .......... .......... .......... .......... 78% 11.2M 0s","logger":"airflow.task.hooks.airflow.providers.standard.hooks.subprocess.SubprocessHook"}
{"timestamp":"2025-07-13T16:50:22.369139","level":"info","event":" 13400K .......... .......... .......... .......... .......... 78% 92.7M 0s","logger":"airflow.task.hooks.airflow.providers.standard.hooks.subprocess.SubprocessHook"}
{"timestamp":"2025-07-13T16:50:22.369173","level":"info","event":" 13450K .......... .......... .......... .......... .......... 78% 58.0M 0s","logger":"airflow.task.hooks.airflow.providers.standard.hooks.subprocess.SubprocessHook"}
{"timestamp":"2025-07-13T16:50:22.369195","level":"info","event":" 13500K .......... .......... .......... .......... .......... 79% 86.0M 0s","logger":"airflow.task.hooks.airflow.providers.standard.hooks.subprocess.SubprocessHook"}
{"timestamp":"2025-07-13T16:50:22.374291","level":"info","event":" 13550K .......... .......... .......... .......... .......... 79% 12.0M 0s","logger":"airflow.task.hooks.airflow.providers.standard.hooks.subprocess.SubprocessHook"}
{"timestamp":"2025-07-13T16:50:22.386366","level":"info","event":" 13600K .......... .......... .......... .......... .......... 79% 4.23M 0s","logger":"airflow.task.hooks.airflow.providers.standard.hooks.subprocess.SubprocessHook"}
{"timestamp":"2025-07-13T16:50:22.386523","level":"info","event":" 13650K .......... .......... .......... .......... .......... 80%  120M 0s","logger":"airflow.task.hooks.airflow.providers.standard.hooks.subprocess.SubprocessHook"}
{"timestamp":"2025-07-13T16:50:22.406535","level":"info","event":" 13700K .......... .......... .......... .......... .......... 80% 3.56M 0s","logger":"airflow.task.hooks.airflow.providers.standard.hooks.subprocess.SubprocessHook"}
{"timestamp":"2025-07-13T16:50:22.406745","level":"info","event":" 13750K .......... .......... .......... .......... .......... 80% 95.6M 0s","logger":"airflow.task.hooks.airflow.providers.standard.hooks.subprocess.SubprocessHook"}
{"timestamp":"2025-07-13T16:50:22.406843","level":"info","event":" 13800K .......... .......... .......... .......... .......... 80% 50.8M 0s","logger":"airflow.task.hooks.airflow.providers.standard.hooks.subprocess.SubprocessHook"}
{"timestamp":"2025-07-13T16:50:22.406927","level":"info","event":" 13850K .......... .......... .......... .......... .......... 81%  168M 0s","logger":"airflow.task.hooks.airflow.providers.standard.hooks.subprocess.SubprocessHook"}
{"timestamp":"2025-07-13T16:50:22.416657","level":"info","event":" 13900K .......... .......... .......... .......... .......... 81% 3.45M 0s","logger":"airflow.task.hooks.airflow.providers.standard.hooks.subprocess.SubprocessHook"}
{"timestamp":"2025-07-13T16:50:22.416770","level":"info","event":" 13950K .......... .......... .......... .......... .......... 81%  101M 0s","logger":"airflow.task.hooks.airflow.providers.standard.hooks.subprocess.SubprocessHook"}
{"timestamp":"2025-07-13T16:50:22.420303","level":"info","event":" 14000K .......... .......... .......... .......... .......... 82% 11.7M 0s","logger":"airflow.task.hooks.airflow.providers.standard.hooks.subprocess.SubprocessHook"}
{"timestamp":"2025-07-13T16:50:22.425564","level":"info","event":" 14050K .......... .......... .......... .......... .......... 82% 9.01M 0s","logger":"airflow.task.hooks.airflow.providers.standard.hooks.subprocess.SubprocessHook"}
{"timestamp":"2025-07-13T16:50:22.425692","level":"info","event":" 14100K .......... .......... .......... .......... .......... 82%  169M 0s","logger":"airflow.task.hooks.airflow.providers.standard.hooks.subprocess.SubprocessHook"}
{"timestamp":"2025-07-13T16:50:22.429233","level":"info","event":" 14150K .......... .......... .......... .......... .......... 82% 17.4M 0s","logger":"airflow.task.hooks.airflow.providers.standard.hooks.subprocess.SubprocessHook"}
{"timestamp":"2025-07-13T16:50:22.429480","level":"info","event":" 14200K .......... .......... .......... .......... .......... 83%  143M 0s","logger":"airflow.task.hooks.airflow.providers.standard.hooks.subprocess.SubprocessHook"}
{"timestamp":"2025-07-13T16:50:22.429769","level":"info","event":" 14250K .......... .......... .......... .......... .......... 83%  185M 0s","logger":"airflow.task.hooks.airflow.providers.standard.hooks.subprocess.SubprocessHook"}
{"timestamp":"2025-07-13T16:50:22.430239","level":"info","event":" 14300K .......... .......... .......... .......... .......... 83%  159M 0s","logger":"airflow.task.hooks.airflow.providers.standard.hooks.subprocess.SubprocessHook"}
{"timestamp":"2025-07-13T16:50:22.430327","level":"info","event":" 14350K .......... .......... .......... .......... .......... 84%  160M 0s","logger":"airflow.task.hooks.airflow.providers.standard.hooks.subprocess.SubprocessHook"}
{"timestamp":"2025-07-13T16:50:22.437824","level":"info","event":" 14400K .......... .......... .......... .......... .......... 84% 29.0M 0s","logger":"airflow.task.hooks.airflow.providers.standard.hooks.subprocess.SubprocessHook"}
{"timestamp":"2025-07-13T16:50:22.438712","level":"info","event":" 14450K .......... .......... .......... .......... .......... 84% 6.58M 0s","logger":"airflow.task.hooks.airflow.providers.standard.hooks.subprocess.SubprocessHook"}
{"timestamp":"2025-07-13T16:50:22.443571","level":"info","event":" 14500K .......... .......... .......... .......... .......... 85% 11.8M 0s","logger":"airflow.task.hooks.airflow.providers.standard.hooks.subprocess.SubprocessHook"}
{"timestamp":"2025-07-13T16:50:22.444132","level":"info","event":" 14550K .......... .......... .......... .......... .......... 85% 55.2M 0s","logger":"airflow.task.hooks.airflow.providers.standard.hooks.subprocess.SubprocessHook"}
{"timestamp":"2025-07-13T16:50:22.444510","level":"info","event":" 14600K .......... .......... .......... .......... .......... 85% 42.7M 0s","logger":"airflow.task.hooks.airflow.providers.standard.hooks.subprocess.SubprocessHook"}
{"timestamp":"2025-07-13T16:50:22.447557","level":"info","event":" 14650K .......... .......... .......... .......... .......... 85% 45.8M 0s","logger":"airflow.task.hooks.airflow.providers.standard.hooks.subprocess.SubprocessHook"}
{"timestamp":"2025-07-13T16:50:22.447929","level":"info","event":" 14700K .......... .......... .......... .......... .......... 86% 64.4M 0s","logger":"airflow.task.hooks.airflow.providers.standard.hooks.subprocess.SubprocessHook"}
{"timestamp":"2025-07-13T16:50:22.447975","level":"info","event":" 14750K .......... .......... .......... .......... .......... 86% 91.0M 0s","logger":"airflow.task.hooks.airflow.providers.standard.hooks.subprocess.SubprocessHook"}
{"timestamp":"2025-07-13T16:50:22.448002","level":"info","event":" 14800K .......... .......... .......... .......... .......... 86% 92.6M 0s","logger":"airflow.task.hooks.airflow.providers.standard.hooks.subprocess.SubprocessHook"}
{"timestamp":"2025-07-13T16:50:22.448023","level":"info","event":" 14850K .......... .......... .......... .......... .......... 87%  193M 0s","logger":"airflow.task.hooks.airflow.providers.standard.hooks.subprocess.SubprocessHook"}
{"timestamp":"2025-07-13T16:50:22.450381","level":"info","event":" 14900K .......... .......... .......... .......... .......... 87% 25.7M 0s","logger":"airflow.task.hooks.airflow.providers.standard.hooks.subprocess.SubprocessHook"}
{"timestamp":"2025-07-13T16:50:22.450568","level":"info","event":" 14950K .......... .......... .......... .......... .......... 87% 75.7M 0s","logger":"airflow.task.hooks.airflow.providers.standard.hooks.subprocess.SubprocessHook"}
{"timestamp":"2025-07-13T16:50:22.452185","level":"info","event":" 15000K .......... .......... .......... .......... .......... 87% 23.2M 0s","logger":"airflow.task.hooks.airflow.providers.standard.hooks.subprocess.SubprocessHook"}
{"timestamp":"2025-07-13T16:50:22.496867","level":"info","event":" 15050K .......... .......... .......... .......... .......... 88% 1.16M 0s","logger":"airflow.task.hooks.airflow.providers.standard.hooks.subprocess.SubprocessHook"}
{"timestamp":"2025-07-13T16:50:22.500895","level":"info","event":" 15100K .......... .......... .......... .......... .......... 88% 8.79M 0s","logger":"airflow.task.hooks.airflow.providers.standard.hooks.subprocess.SubprocessHook"}
{"timestamp":"2025-07-13T16:50:22.527012","level":"info","event":" 15150K .......... .......... .......... .......... .......... 88% 2.75M 0s","logger":"airflow.task.hooks.airflow.providers.standard.hooks.subprocess.SubprocessHook"}
{"timestamp":"2025-07-13T16:50:22.527072","level":"info","event":" 15200K .......... .......... .......... .......... .......... 89%  119M 0s","logger":"airflow.task.hooks.airflow.providers.standard.hooks.subprocess.SubprocessHook"}
{"timestamp":"2025-07-13T16:50:22.527096","level":"info","event":" 15250K .......... .......... .......... .......... .......... 89% 9.51M 0s","logger":"airflow.task.hooks.airflow.providers.standard.hooks.subprocess.SubprocessHook"}
{"timestamp":"2025-07-13T16:50:22.533861","level":"info","event":" 15300K .......... .......... .......... .......... .......... 89% 8.22M 0s","logger":"airflow.task.hooks.airflow.providers.standard.hooks.subprocess.SubprocessHook"}
{"timestamp":"2025-07-13T16:50:22.533970","level":"info","event":" 15350K .......... .......... .......... .......... .......... 90%  203M 0s","logger":"airflow.task.hooks.airflow.providers.standard.hooks.subprocess.SubprocessHook"}
{"timestamp":"2025-07-13T16:50:22.540021","level":"info","event":" 15400K .......... .......... .......... .......... .......... 90% 8.87M 0s","logger":"airflow.task.hooks.airflow.providers.standard.hooks.subprocess.SubprocessHook"}
{"timestamp":"2025-07-13T16:50:22.540158","level":"info","event":" 15450K .......... .......... .......... .......... .......... 90% 59.2M 0s","logger":"airflow.task.hooks.airflow.providers.standard.hooks.subprocess.SubprocessHook"}
{"timestamp":"2025-07-13T16:50:22.540189","level":"info","event":" 15500K .......... .......... .......... .......... .......... 90% 13.7M 0s","logger":"airflow.task.hooks.airflow.providers.standard.hooks.subprocess.SubprocessHook"}
{"timestamp":"2025-07-13T16:50:22.543284","level":"info","event":" 15550K .......... .......... .......... .......... .......... 91% 37.7M 0s","logger":"airflow.task.hooks.airflow.providers.standard.hooks.subprocess.SubprocessHook"}
{"timestamp":"2025-07-13T16:50:22.611292","level":"info","event":" 15600K .......... .......... .......... .......... .......... 91%  796K 0s","logger":"airflow.task.hooks.airflow.providers.standard.hooks.subprocess.SubprocessHook"}
{"timestamp":"2025-07-13T16:50:22.650670","level":"info","event":" 15650K .......... .......... .......... .......... .......... 91% 5.83M 0s","logger":"airflow.task.hooks.airflow.providers.standard.hooks.subprocess.SubprocessHook"}
{"timestamp":"2025-07-13T16:50:22.673373","level":"info","event":" 15700K .......... .......... .......... .......... .......... 92% 2.13M 0s","logger":"airflow.task.hooks.airflow.providers.standard.hooks.subprocess.SubprocessHook"}
{"timestamp":"2025-07-13T16:50:22.673885","level":"info","event":" 15750K .......... .......... .......... .......... .......... 92% 10.2M 0s","logger":"airflow.task.hooks.airflow.providers.standard.hooks.subprocess.SubprocessHook"}
{"timestamp":"2025-07-13T16:50:22.674732","level":"info","event":" 15800K .......... .......... .......... .......... .......... 92% 10.1M 0s","logger":"airflow.task.hooks.airflow.providers.standard.hooks.subprocess.SubprocessHook"}
{"timestamp":"2025-07-13T16:50:22.680700","level":"info","event":" 15850K .......... .......... .......... .......... .......... 92%  139M 0s","logger":"airflow.task.hooks.airflow.providers.standard.hooks.subprocess.SubprocessHook"}
{"timestamp":"2025-07-13T16:50:22.685233","level":"info","event":" 15900K .......... .......... .......... .......... .......... 93%  213M 0s","logger":"airflow.task.hooks.airflow.providers.standard.hooks.subprocess.SubprocessHook"}
{"timestamp":"2025-07-13T16:50:22.686369","level":"info","event":" 15950K .......... .......... .......... .......... .......... 93% 24.0M 0s","logger":"airflow.task.hooks.airflow.providers.standard.hooks.subprocess.SubprocessHook"}
{"timestamp":"2025-07-13T16:50:22.686471","level":"info","event":" 16000K .......... .......... .......... .......... .......... 93%  104M 0s","logger":"airflow.task.hooks.airflow.providers.standard.hooks.subprocess.SubprocessHook"}
{"timestamp":"2025-07-13T16:50:22.686502","level":"info","event":" 16050K .......... .......... .......... .......... .......... 94% 74.2M 0s","logger":"airflow.task.hooks.airflow.providers.standard.hooks.subprocess.SubprocessHook"}
{"timestamp":"2025-07-13T16:50:22.686523","level":"info","event":" 16100K .......... .......... .......... .......... .......... 94%  109M 0s","logger":"airflow.task.hooks.airflow.providers.standard.hooks.subprocess.SubprocessHook"}
{"timestamp":"2025-07-13T16:50:22.686612","level":"info","event":" 16150K .......... .......... .......... .......... .......... 94% 12.8M 0s","logger":"airflow.task.hooks.airflow.providers.standard.hooks.subprocess.SubprocessHook"}
{"timestamp":"2025-07-13T16:50:22.686669","level":"info","event":" 16200K .......... .......... .......... .......... .......... 94%  138M 0s","logger":"airflow.task.hooks.airflow.providers.standard.hooks.subprocess.SubprocessHook"}
{"timestamp":"2025-07-13T16:50:22.686716","level":"info","event":" 16250K .......... .......... .......... .......... .......... 95% 62.8M 0s","logger":"airflow.task.hooks.airflow.providers.standard.hooks.subprocess.SubprocessHook"}
{"timestamp":"2025-07-13T16:50:22.686745","level":"info","event":" 16300K .......... .......... .......... .......... .......... 95%  142M 0s","logger":"airflow.task.hooks.airflow.providers.standard.hooks.subprocess.SubprocessHook"}
{"timestamp":"2025-07-13T16:50:22.686766","level":"info","event":" 16350K .......... .......... .......... .......... .......... 95%  139M 0s","logger":"airflow.task.hooks.airflow.providers.standard.hooks.subprocess.SubprocessHook"}
{"timestamp":"2025-07-13T16:50:22.686785","level":"info","event":" 16400K .......... .......... .......... .......... .......... 96% 92.4M 0s","logger":"airflow.task.hooks.airflow.providers.standard.hooks.subprocess.SubprocessHook"}
{"timestamp":"2025-07-13T16:50:22.686810","level":"info","event":" 16450K .......... .......... .......... .......... .......... 96% 69.3M 0s","logger":"airflow.task.hooks.airflow.providers.standard.hooks.subprocess.SubprocessHook"}
{"timestamp":"2025-07-13T16:50:22.686838","level":"info","event":" 16500K .......... .......... .......... .......... .......... 96% 90.1M 0s","logger":"airflow.task.hooks.airflow.providers.standard.hooks.subprocess.SubprocessHook"}
{"timestamp":"2025-07-13T16:50:22.686863","level":"info","event":" 16550K .......... .......... .......... .......... .......... 97%  180M 0s","logger":"airflow.task.hooks.airflow.providers.standard.hooks.subprocess.SubprocessHook"}
{"timestamp":"2025-07-13T16:50:22.686909","level":"info","event":" 16600K .......... .......... .......... .......... .......... 97%  116M 0s","logger":"airflow.task.hooks.airflow.providers.standard.hooks.subprocess.SubprocessHook"}
{"timestamp":"2025-07-13T16:50:22.686951","level":"info","event":" 16650K .......... .......... .......... .......... .......... 97% 62.2M 0s","logger":"airflow.task.hooks.airflow.providers.standard.hooks.subprocess.SubprocessHook"}
{"timestamp":"2025-07-13T16:50:22.687004","level":"info","event":" 16700K .......... .......... .......... .......... .......... 97% 78.4M 0s","logger":"airflow.task.hooks.airflow.providers.standard.hooks.subprocess.SubprocessHook"}
{"timestamp":"2025-07-13T16:50:22.687078","level":"info","event":" 16750K .......... .......... .......... .......... .......... 98% 54.0M 0s","logger":"airflow.task.hooks.airflow.providers.standard.hooks.subprocess.SubprocessHook"}
{"timestamp":"2025-07-13T16:50:22.687141","level":"info","event":" 16800K .......... .......... .......... .......... .......... 98%  162M 0s","logger":"airflow.task.hooks.airflow.providers.standard.hooks.subprocess.SubprocessHook"}
{"timestamp":"2025-07-13T16:50:22.687273","level":"info","event":" 16850K .......... .......... .......... .......... .......... 98% 91.3M 0s","logger":"airflow.task.hooks.airflow.providers.standard.hooks.subprocess.SubprocessHook"}
{"timestamp":"2025-07-13T16:50:22.891003","level":"info","event":" 16900K .......... .......... .......... .......... .......... 99%  223K 0s","logger":"airflow.task.hooks.airflow.providers.standard.hooks.subprocess.SubprocessHook"}
{"timestamp":"2025-07-13T16:50:22.937760","level":"info","event":" 16950K .......... .......... .......... .......... .......... 99%  979K 0s","logger":"airflow.task.hooks.airflow.providers.standard.hooks.subprocess.SubprocessHook"}
{"timestamp":"2025-07-13T16:50:22.949651","level":"info","event":" 17000K .......... .......... .......... .......... .......... 99% 6.40M 0s","logger":"airflow.task.hooks.airflow.providers.standard.hooks.subprocess.SubprocessHook"}
{"timestamp":"2025-07-13T16:50:22.971996","level":"info","event":" 17050K .......... .......... .......... .......... .......... 99% 1.74M 0s","logger":"airflow.task.hooks.airflow.providers.standard.hooks.subprocess.SubprocessHook"}
{"timestamp":"2025-07-13T16:50:22.978218","level":"info","event":" 17100K .........                                             100% 2.43M=2.3s","logger":"airflow.task.hooks.airflow.providers.standard.hooks.subprocess.SubprocessHook"}
{"timestamp":"2025-07-13T16:50:22.978337","level":"info","event":"","logger":"airflow.task.hooks.airflow.providers.standard.hooks.subprocess.SubprocessHook"}
{"timestamp":"2025-07-13T16:50:22.979846","level":"info","event":"2025-07-13 16:50:22 (7.12 MB/s) - ‘/opt/airflow/fhv_tripdata_2019-07.csv.gz’ saved [17520319/17520319]","logger":"airflow.task.hooks.airflow.providers.standard.hooks.subprocess.SubprocessHook"}
{"timestamp":"2025-07-13T16:50:22.980016","level":"info","event":"","logger":"airflow.task.hooks.airflow.providers.standard.hooks.subprocess.SubprocessHook"}
{"timestamp":"2025-07-13T16:50:25.726573","level":"info","event":"Command exited with return code 0","logger":"airflow.task.hooks.airflow.providers.standard.hooks.subprocess.SubprocessHook"}
{"timestamp":"2025-07-13T16:50:25.734663","level":"info","event":"Pushing xcom","ti":"RuntimeTaskInstance(id=UUID('019804b1-be1c-7638-ba68-920e9e0c00a1'), task_id='download_dataset_task', dag_id='upload_gcs_fhvtrips', run_id='scheduled__2019-07-02T06:00:00+00:00', try_number=1, map_index=-1, hostname='890ba30a36b0', context_carrier={}, task=<Task(BashOperator): download_dataset_task>, bundle_instance=LocalDagBundle(name=dags-folder), max_tries=0, start_date=datetime.datetime(2025, 7, 13, 16, 50, 15, 250134, tzinfo=TzInfo(UTC)), end_date=None, state=<TaskInstanceState.RUNNING: 'running'>, is_mapped=False, rendered_map_index=None)","logger":"task"}
{"timestamp":"2025-07-13T17:40:39.171287","level":"info","event":"DAG bundles loaded: dags-folder","logger":"airflow.dag_processing.bundles.manager.DagBundlesManager"}
{"timestamp":"2025-07-13T17:40:39.175067","level":"info","event":"Filling up the DagBag from /opt/airflow/dags/data_ingestion_gcs_dag.py","logger":"airflow.models.dagbag.DagBag"}
{"timestamp":"2025-07-13T17:40:41.178441","level":"info","event":"Tmp dir root location: /tmp","logger":"airflow.task.hooks.airflow.providers.standard.hooks.subprocess.SubprocessHook"}
{"timestamp":"2025-07-13T17:40:41.180242","level":"info","event":"Running command: ['/usr/bin/bash', '-c', 'echo https://github.com/DataTalksClub/nyc-tlc-data/releases/download/fhv/fhv_tripdata_2019-07.csv.gz && wget --no-verbose https://github.com/DataTalksClub/nyc-tlc-data/releases/download/fhv/fhv_tripdata_2019-07.csv.gz -O /opt/airflow/fhv_tripdata_2019-07.csv.gz && gunzip -f /opt/airflow/fhv_tripdata_2019-07.csv.gz']","logger":"airflow.task.hooks.airflow.providers.standard.hooks.subprocess.SubprocessHook"}
{"timestamp":"2025-07-13T17:40:41.207675","level":"info","event":"Output:","logger":"airflow.task.hooks.airflow.providers.standard.hooks.subprocess.SubprocessHook"}
{"timestamp":"2025-07-13T17:40:41.211282","level":"info","event":"https://github.com/DataTalksClub/nyc-tlc-data/releases/download/fhv/fhv_tripdata_2019-07.csv.gz","logger":"airflow.task.hooks.airflow.providers.standard.hooks.subprocess.SubprocessHook"}
{"timestamp":"2025-07-13T17:40:43.230639","level":"info","event":"2025-07-13 17:40:43 URL:https://objects.githubusercontent.com/github-production-release-asset-2e65be/513814948/44cc07aa-6275-40b8-8752-df7215e6963a?X-Amz-Algorithm=AWS4-HMAC-SHA256&X-Amz-Credential=releaseassetproduction%2F20250713%2Fus-east-1%2Fs3%2Faws4_request&X-Amz-Date=20250713T174041Z&X-Amz-Expires=1800&X-Amz-Signature=8a2c73100994ee269e7b1cd90f312fb81d0108974a3ed37921a9245723282b7e&X-Amz-SignedHeaders=host&response-content-disposition=attachment%3B%20filename%3Dfhv_tripdata_2019-07.csv.gz&response-content-type=application%2Foctet-stream [17520319/17520319] -> \"/opt/airflow/fhv_tripdata_2019-07.csv.gz\" [1]","logger":"airflow.task.hooks.airflow.providers.standard.hooks.subprocess.SubprocessHook"}
{"timestamp":"2025-07-13T17:40:45.480726","level":"info","event":"Command exited with return code 0","logger":"airflow.task.hooks.airflow.providers.standard.hooks.subprocess.SubprocessHook"}
{"timestamp":"2025-07-13T17:40:45.516306","level":"info","event":"Pushing xcom","ti":"RuntimeTaskInstance(id=UUID('019804df-dc96-7550-a5fc-677ce0ea1ffe'), task_id='download_dataset_task', dag_id='upload_gcs_fhvtrips', run_id='scheduled__2019-07-02T06:00:00+00:00', try_number=1, map_index=-1, hostname='890ba30a36b0', context_carrier={}, task=<Task(BashOperator): download_dataset_task>, bundle_instance=LocalDagBundle(name=dags-folder), max_tries=0, start_date=datetime.datetime(2025, 7, 13, 17, 40, 37, 871225, tzinfo=TzInfo(UTC)), end_date=None, state=<TaskInstanceState.RUNNING: 'running'>, is_mapped=False, rendered_map_index=None)","logger":"task"}
{"timestamp":"2025-07-13T17:50:55.512170","level":"info","event":"DAG bundles loaded: dags-folder","logger":"airflow.dag_processing.bundles.manager.DagBundlesManager"}
{"timestamp":"2025-07-13T17:50:55.513854","level":"info","event":"Filling up the DagBag from /opt/airflow/dags/data_ingestion_gcs_dag.py","logger":"airflow.models.dagbag.DagBag"}
{"timestamp":"2025-07-13T17:50:58.344004","level":"info","event":"Tmp dir root location: /tmp","logger":"airflow.task.hooks.airflow.providers.standard.hooks.subprocess.SubprocessHook"}
{"timestamp":"2025-07-13T17:50:58.355498","level":"info","event":"Running command: ['/usr/bin/bash', '-c', 'echo https://github.com/DataTalksClub/nyc-tlc-data/releases/download/fhv/fhv_tripdata_2019-07.csv.gz && wget --no-verbose https://github.com/DataTalksClub/nyc-tlc-data/releases/download/fhv/fhv_tripdata_2019-07.csv.gz -O /opt/airflow/fhv_tripdata_2019-07.csv.gz && gunzip -f /opt/airflow/fhv_tripdata_2019-07.csv.gz']","logger":"airflow.task.hooks.airflow.providers.standard.hooks.subprocess.SubprocessHook"}
{"timestamp":"2025-07-13T17:50:58.457460","level":"info","event":"Output:","logger":"airflow.task.hooks.airflow.providers.standard.hooks.subprocess.SubprocessHook"}
{"timestamp":"2025-07-13T17:50:58.463408","level":"info","event":"https://github.com/DataTalksClub/nyc-tlc-data/releases/download/fhv/fhv_tripdata_2019-07.csv.gz","logger":"airflow.task.hooks.airflow.providers.standard.hooks.subprocess.SubprocessHook"}
{"timestamp":"2025-07-13T17:51:00.537028","level":"info","event":"2025-07-13 17:51:00 URL:https://release-assets.githubusercontent.com/github-production-release-asset/513814948/44cc07aa-6275-40b8-8752-df7215e6963a?sp=r&sv=2018-11-09&sr=b&spr=https&se=2025-07-13T18%3A43%3A32Z&rscd=attachment%3B+filename%3Dfhv_tripdata_2019-07.csv.gz&rsct=application%2Foctet-stream&skoid=96c2d410-5711-43a1-aedd-ab1947aa7ab0&sktid=398a6654-997b-47e9-b12b-9515b896b4de&skt=2025-07-13T17%3A42%3A45Z&ske=2025-07-13T18%3A43%3A32Z&sks=b&skv=2018-11-09&sig=EJlNkF%2FO%2FnvpuT9IVKonbsu%2BTXZmFhQb2fUTpGESilo%3D&jwt=eyJ******&response-content-disposition=attachment%3B%20filename%3Dfhv_tripdata_2019-07.csv.gz&response-content-type=application%2Foctet-stream [17520319/17520319] -> \"/opt/airflow/fhv_tripdata_2019-07.csv.gz\" [1]","logger":"airflow.task.hooks.airflow.providers.standard.hooks.subprocess.SubprocessHook"}
{"timestamp":"2025-07-13T17:51:02.246086","level":"info","event":"Command exited with return code 0","logger":"airflow.task.hooks.airflow.providers.standard.hooks.subprocess.SubprocessHook"}
{"timestamp":"2025-07-13T17:51:02.263345","level":"info","event":"Pushing xcom","ti":"RuntimeTaskInstance(id=UUID('019804e9-4983-7768-bda7-1c31552f4975'), task_id='download_dataset_task', dag_id='upload_gcs_fhvtrips', run_id='scheduled__2019-07-02T06:00:00+00:00', try_number=1, map_index=-1, hostname='890ba30a36b0', context_carrier={}, task=<Task(BashOperator): download_dataset_task>, bundle_instance=LocalDagBundle(name=dags-folder), max_tries=0, start_date=datetime.datetime(2025, 7, 13, 17, 50, 54, 781793, tzinfo=TzInfo(UTC)), end_date=None, state=<TaskInstanceState.RUNNING: 'running'>, is_mapped=False, rendered_map_index=None)","logger":"task"}
