{"timestamp":"2025-07-17T06:41:55.403151","level":"info","event":"DAG bundles loaded: dags-folder","logger":"airflow.dag_processing.bundles.manager.DagBundlesManager"}
{"timestamp":"2025-07-17T06:41:55.406991","level":"info","event":"Filling up the DagBag from /opt/airflow/dags/data_ingestion_localpg_dag.py","logger":"airflow.models.dagbag.DagBag"}
{"timestamp":"2025-07-17T06:41:56.561098","level":"info","event":"Tmp dir root location: /tmp","logger":"airflow.task.hooks.airflow.providers.standard.hooks.subprocess.SubprocessHook"}
{"timestamp":"2025-07-17T06:41:56.575828","level":"info","event":"Running command: ['/usr/bin/bash', '-c', 'wget https://github.com/DataTalksClub/nyc-tlc-data/releases/download/green/green_tripdata_2019-05.csv.gz -O /opt/airflow/green_tripdata_2019-05.csv.gz && gunzip -f /opt/airflow/green_tripdata_2019-05.csv.gz || rm -f /opt/airflow/green_tripdata_2019-05.csv.gz']","logger":"airflow.task.hooks.airflow.providers.standard.hooks.subprocess.SubprocessHook"}
{"timestamp":"2025-07-17T06:41:56.659795","level":"info","event":"Output:","logger":"airflow.task.hooks.airflow.providers.standard.hooks.subprocess.SubprocessHook"}
{"timestamp":"2025-07-17T06:41:56.735732","level":"info","event":"--2025-07-17 06:41:56--  https://github.com/DataTalksClub/nyc-tlc-data/releases/download/green/green_tripdata_2019-05.csv.gz","logger":"airflow.task.hooks.airflow.providers.standard.hooks.subprocess.SubprocessHook"}
{"timestamp":"2025-07-17T06:41:56.816248","level":"info","event":"Resolving github.com (github.com)... 20.205.243.166","logger":"airflow.task.hooks.airflow.providers.standard.hooks.subprocess.SubprocessHook"}
{"timestamp":"2025-07-17T06:41:56.829331","level":"info","event":"Connecting to github.com (github.com)|20.205.243.166|:443... connected.","logger":"airflow.task.hooks.airflow.providers.standard.hooks.subprocess.SubprocessHook"}
{"timestamp":"2025-07-17T06:41:57.172851","level":"info","event":"HTTP request sent, awaiting response... 302 Found","logger":"airflow.task.hooks.airflow.providers.standard.hooks.subprocess.SubprocessHook"}
{"timestamp":"2025-07-17T06:41:57.173253","level":"info","event":"Location: https://release-assets.githubusercontent.com/github-production-release-asset/513814948/b8616800-208d-4556-bd76-e7290dc36d2f?sp=r&sv=2018-11-09&sr=b&spr=https&se=2025-07-17T07%3A32%3A09Z&rscd=attachment%3B+filename%3Dgreen_tripdata_2019-05.csv.gz&rsct=application%2Foctet-stream&skoid=96c2d410-5711-43a1-aedd-ab1947aa7ab0&sktid=398a6654-997b-47e9-b12b-9515b896b4de&skt=2025-07-17T06%3A31%3A45Z&ske=2025-07-17T07%3A32%3A09Z&sks=b&skv=2018-11-09&sig=UHM332AaXvzrAlYaw0%2BVDJlLUT%2BzkF5NqCubmIK%2F3M4%3D&jwt=eyJ******&response-content-disposition=attachment%3B%20filename%3Dgreen_tripdata_2019-05.csv.gz&response-content-type=application%2Foctet-stream [following]","logger":"airflow.task.hooks.airflow.providers.standard.hooks.subprocess.SubprocessHook"}
{"timestamp":"2025-07-17T06:41:57.173685","level":"info","event":"--2025-07-17 06:41:57--  https://release-assets.githubusercontent.com/github-production-release-asset/513814948/b8616800-208d-4556-bd76-e7290dc36d2f?sp=r&sv=2018-11-09&sr=b&spr=https&se=2025-07-17T07%3A32%3A09Z&rscd=attachment%3B+filename%3Dgreen_tripdata_2019-05.csv.gz&rsct=application%2Foctet-stream&skoid=96c2d410-5711-43a1-aedd-ab1947aa7ab0&sktid=398a6654-997b-47e9-b12b-9515b896b4de&skt=2025-07-17T06%3A31%3A45Z&ske=2025-07-17T07%3A32%3A09Z&sks=b&skv=2018-11-09&sig=UHM332AaXvzrAlYaw0%2BVDJlLUT%2BzkF5NqCubmIK%2F3M4%3D&jwt=eyJ******&response-content-disposition=attachment%3B%20filename%3Dgreen_tripdata_2019-05.csv.gz&response-content-type=application%2Foctet-stream","logger":"airflow.task.hooks.airflow.providers.standard.hooks.subprocess.SubprocessHook"}
{"timestamp":"2025-07-17T06:41:57.185816","level":"info","event":"Resolving release-assets.githubusercontent.com (release-assets.githubusercontent.com)... 185.199.108.133, 185.199.109.133, 185.199.110.133, ...","logger":"airflow.task.hooks.airflow.providers.standard.hooks.subprocess.SubprocessHook"}
{"timestamp":"2025-07-17T06:41:57.196790","level":"info","event":"Connecting to release-assets.githubusercontent.com (release-assets.githubusercontent.com)|185.199.108.133|:443... connected.","logger":"airflow.task.hooks.airflow.providers.standard.hooks.subprocess.SubprocessHook"}
{"timestamp":"2025-07-17T06:41:57.557298","level":"info","event":"HTTP request sent, awaiting response... 200 OK","logger":"airflow.task.hooks.airflow.providers.standard.hooks.subprocess.SubprocessHook"}
{"timestamp":"2025-07-17T06:41:57.558395","level":"info","event":"Length: 8884783 (8.5M) [application/octet-stream]","logger":"airflow.task.hooks.airflow.providers.standard.hooks.subprocess.SubprocessHook"}
{"timestamp":"2025-07-17T06:41:57.558720","level":"info","event":"Saving to: ‘/opt/airflow/green_tripdata_2019-05.csv.gz’","logger":"airflow.task.hooks.airflow.providers.standard.hooks.subprocess.SubprocessHook"}
{"timestamp":"2025-07-17T06:41:57.581479","level":"info","event":"","logger":"airflow.task.hooks.airflow.providers.standard.hooks.subprocess.SubprocessHook"}
{"timestamp":"2025-07-17T06:41:57.624348","level":"info","event":"     0K .......... .......... .......... .......... ..........  0%  763K 11s","logger":"airflow.task.hooks.airflow.providers.standard.hooks.subprocess.SubprocessHook"}
{"timestamp":"2025-07-17T06:41:57.790626","level":"info","event":"    50K .......... .......... .......... .......... ..........  1%  300K 20s","logger":"airflow.task.hooks.airflow.providers.standard.hooks.subprocess.SubprocessHook"}
{"timestamp":"2025-07-17T06:41:57.834905","level":"info","event":"   100K .......... .......... .......... .......... ..........  1% 1.12M 16s","logger":"airflow.task.hooks.airflow.providers.standard.hooks.subprocess.SubprocessHook"}
{"timestamp":"2025-07-17T06:41:57.870507","level":"info","event":"   150K .......... .......... .......... .......... ..........  2% 1.35M 13s","logger":"airflow.task.hooks.airflow.providers.standard.hooks.subprocess.SubprocessHook"}
{"timestamp":"2025-07-17T06:41:57.899639","level":"info","event":"   200K .......... .......... .......... .......... ..........  2% 1.69M 11s","logger":"airflow.task.hooks.airflow.providers.standard.hooks.subprocess.SubprocessHook"}
{"timestamp":"2025-07-17T06:41:57.924191","level":"info","event":"   250K .......... .......... .......... .......... ..........  3% 1.98M 10s","logger":"airflow.task.hooks.airflow.providers.standard.hooks.subprocess.SubprocessHook"}
{"timestamp":"2025-07-17T06:41:58.050344","level":"info","event":"   300K .......... .......... .......... .......... ..........  4%  397K 12s","logger":"airflow.task.hooks.airflow.providers.standard.hooks.subprocess.SubprocessHook"}
{"timestamp":"2025-07-17T06:41:58.072749","level":"info","event":"   350K .......... .......... .......... .......... ..........  4% 2.16M 11s","logger":"airflow.task.hooks.airflow.providers.standard.hooks.subprocess.SubprocessHook"}
{"timestamp":"2025-07-17T06:41:58.096099","level":"info","event":"   400K .......... .......... .......... .......... ..........  5% 2.08M 10s","logger":"airflow.task.hooks.airflow.providers.standard.hooks.subprocess.SubprocessHook"}
{"timestamp":"2025-07-17T06:41:58.111496","level":"info","event":"   450K .......... .......... .......... .......... ..........  5% 3.17M 9s","logger":"airflow.task.hooks.airflow.providers.standard.hooks.subprocess.SubprocessHook"}
{"timestamp":"2025-07-17T06:41:58.127651","level":"info","event":"   500K .......... .......... .......... .......... ..........  6% 3.25M 8s","logger":"airflow.task.hooks.airflow.providers.standard.hooks.subprocess.SubprocessHook"}
{"timestamp":"2025-07-17T06:41:58.146363","level":"info","event":"   550K .......... .......... .......... .......... ..........  6% 2.53M 8s","logger":"airflow.task.hooks.airflow.providers.standard.hooks.subprocess.SubprocessHook"}
{"timestamp":"2025-07-17T06:41:58.161587","level":"info","event":"   600K .......... .......... .......... .......... ..........  7% 3.08M 7s","logger":"airflow.task.hooks.airflow.providers.standard.hooks.subprocess.SubprocessHook"}
{"timestamp":"2025-07-17T06:41:58.176945","level":"info","event":"   650K .......... .......... .......... .......... ..........  8% 3.47M 7s","logger":"airflow.task.hooks.airflow.providers.standard.hooks.subprocess.SubprocessHook"}
{"timestamp":"2025-07-17T06:41:58.261905","level":"info","event":"   700K .......... .......... .......... .......... ..........  8%  581K 7s","logger":"airflow.task.hooks.airflow.providers.standard.hooks.subprocess.SubprocessHook"}
{"timestamp":"2025-07-17T06:41:58.274579","level":"info","event":"   750K .......... .......... .......... .......... ..........  9% 3.83M 7s","logger":"airflow.task.hooks.airflow.providers.standard.hooks.subprocess.SubprocessHook"}
{"timestamp":"2025-07-17T06:41:58.286827","level":"info","event":"   800K .......... .......... .......... .......... ..........  9% 3.97M 7s","logger":"airflow.task.hooks.airflow.providers.standard.hooks.subprocess.SubprocessHook"}
{"timestamp":"2025-07-17T06:41:58.297809","level":"info","event":"   850K .......... .......... .......... .......... .......... 10% 4.47M 6s","logger":"airflow.task.hooks.airflow.providers.standard.hooks.subprocess.SubprocessHook"}
{"timestamp":"2025-07-17T06:41:58.310532","level":"info","event":"   900K .......... .......... .......... .......... .......... 10% 3.84M 6s","logger":"airflow.task.hooks.airflow.providers.standard.hooks.subprocess.SubprocessHook"}
{"timestamp":"2025-07-17T06:41:58.322902","level":"info","event":"   950K .......... .......... .......... .......... .......... 11% 3.96M 6s","logger":"airflow.task.hooks.airflow.providers.standard.hooks.subprocess.SubprocessHook"}
{"timestamp":"2025-07-17T06:41:58.330258","level":"info","event":"  1000K .......... .......... .......... .......... .......... 12% 6.64M 6s","logger":"airflow.task.hooks.airflow.providers.standard.hooks.subprocess.SubprocessHook"}
{"timestamp":"2025-07-17T06:41:58.342351","level":"info","event":"  1050K .......... .......... .......... .......... .......... 12% 4.01M 5s","logger":"airflow.task.hooks.airflow.providers.standard.hooks.subprocess.SubprocessHook"}
{"timestamp":"2025-07-17T06:41:58.349565","level":"info","event":"  1100K .......... .......... .......... .......... .......... 13% 6.73M 5s","logger":"airflow.task.hooks.airflow.providers.standard.hooks.subprocess.SubprocessHook"}
{"timestamp":"2025-07-17T06:41:58.358761","level":"info","event":"  1150K .......... .......... .......... .......... .......... 13% 5.38M 5s","logger":"airflow.task.hooks.airflow.providers.standard.hooks.subprocess.SubprocessHook"}
{"timestamp":"2025-07-17T06:41:58.369020","level":"info","event":"  1200K .......... .......... .......... .......... .......... 14% 4.81M 5s","logger":"airflow.task.hooks.airflow.providers.standard.hooks.subprocess.SubprocessHook"}
{"timestamp":"2025-07-17T06:41:58.379048","level":"info","event":"  1250K .......... .......... .......... .......... .......... 14% 5.03M 5s","logger":"airflow.task.hooks.airflow.providers.standard.hooks.subprocess.SubprocessHook"}
{"timestamp":"2025-07-17T06:41:58.390028","level":"info","event":"  1300K .......... .......... .......... .......... .......... 15% 4.62M 5s","logger":"airflow.task.hooks.airflow.providers.standard.hooks.subprocess.SubprocessHook"}
{"timestamp":"2025-07-17T06:41:58.398910","level":"info","event":"  1350K .......... .......... .......... .......... .......... 16% 5.03M 4s","logger":"airflow.task.hooks.airflow.providers.standard.hooks.subprocess.SubprocessHook"}
{"timestamp":"2025-07-17T06:41:58.400183","level":"info","event":"  1400K .......... .......... .......... .......... .......... 16% 33.6M 4s","logger":"airflow.task.hooks.airflow.providers.standard.hooks.subprocess.SubprocessHook"}
{"timestamp":"2025-07-17T06:41:58.410394","level":"info","event":"  1450K .......... .......... .......... .......... .......... 17% 5.24M 4s","logger":"airflow.task.hooks.airflow.providers.standard.hooks.subprocess.SubprocessHook"}
{"timestamp":"2025-07-17T06:41:58.489471","level":"info","event":"  1500K .......... .......... .......... .......... .......... 17%  626K 4s","logger":"airflow.task.hooks.airflow.providers.standard.hooks.subprocess.SubprocessHook"}
{"timestamp":"2025-07-17T06:41:58.496010","level":"info","event":"  1550K .......... .......... .......... .......... .......... 18% 7.36M 4s","logger":"airflow.task.hooks.airflow.providers.standard.hooks.subprocess.SubprocessHook"}
{"timestamp":"2025-07-17T06:41:58.505885","level":"info","event":"  1600K .......... .......... .......... .......... .......... 19% 4.95M 4s","logger":"airflow.task.hooks.airflow.providers.standard.hooks.subprocess.SubprocessHook"}
{"timestamp":"2025-07-17T06:41:58.510486","level":"info","event":"  1650K .......... .......... .......... .......... .......... 19% 10.8M 4s","logger":"airflow.task.hooks.airflow.providers.standard.hooks.subprocess.SubprocessHook"}
{"timestamp":"2025-07-17T06:41:58.516887","level":"info","event":"  1700K .......... .......... .......... .......... .......... 20% 7.61M 4s","logger":"airflow.task.hooks.airflow.providers.standard.hooks.subprocess.SubprocessHook"}
{"timestamp":"2025-07-17T06:41:58.522838","level":"info","event":"  1750K .......... .......... .......... .......... .......... 20% 8.31M 4s","logger":"airflow.task.hooks.airflow.providers.standard.hooks.subprocess.SubprocessHook"}
{"timestamp":"2025-07-17T06:41:58.527382","level":"info","event":"  1800K .......... .......... .......... .......... .......... 21% 10.4M 4s","logger":"airflow.task.hooks.airflow.providers.standard.hooks.subprocess.SubprocessHook"}
{"timestamp":"2025-07-17T06:41:58.534045","level":"info","event":"  1850K .......... .......... .......... .......... .......... 21% 7.44M 3s","logger":"airflow.task.hooks.airflow.providers.standard.hooks.subprocess.SubprocessHook"}
{"timestamp":"2025-07-17T06:41:58.539986","level":"info","event":"  1900K .......... .......... .......... .......... .......... 22% 8.13M 3s","logger":"airflow.task.hooks.airflow.providers.standard.hooks.subprocess.SubprocessHook"}
{"timestamp":"2025-07-17T06:41:58.545009","level":"info","event":"  1950K .......... .......... .......... .......... .......... 23% 9.82M 3s","logger":"airflow.task.hooks.airflow.providers.standard.hooks.subprocess.SubprocessHook"}
{"timestamp":"2025-07-17T06:41:58.553891","level":"info","event":"  2000K .......... .......... .......... .......... .......... 23% 5.50M 3s","logger":"airflow.task.hooks.airflow.providers.standard.hooks.subprocess.SubprocessHook"}
{"timestamp":"2025-07-17T06:41:58.556224","level":"info","event":"  2050K .......... .......... .......... .......... .......... 24% 20.1M 3s","logger":"airflow.task.hooks.airflow.providers.standard.hooks.subprocess.SubprocessHook"}
{"timestamp":"2025-07-17T06:41:58.560277","level":"info","event":"  2100K .......... .......... .......... .......... .......... 24% 12.0M 3s","logger":"airflow.task.hooks.airflow.providers.standard.hooks.subprocess.SubprocessHook"}
{"timestamp":"2025-07-17T06:41:58.564906","level":"info","event":"  2150K .......... .......... .......... .......... .......... 25% 10.6M 3s","logger":"airflow.task.hooks.airflow.providers.standard.hooks.subprocess.SubprocessHook"}
{"timestamp":"2025-07-17T06:41:58.571730","level":"info","event":"  2200K .......... .......... .......... .......... .......... 25% 7.26M 3s","logger":"airflow.task.hooks.airflow.providers.standard.hooks.subprocess.SubprocessHook"}
{"timestamp":"2025-07-17T06:41:58.575766","level":"info","event":"  2250K .......... .......... .......... .......... .......... 26% 12.3M 3s","logger":"airflow.task.hooks.airflow.providers.standard.hooks.subprocess.SubprocessHook"}
{"timestamp":"2025-07-17T06:41:58.582326","level":"info","event":"  2300K .......... .......... .......... .......... .......... 27% 7.30M 3s","logger":"airflow.task.hooks.airflow.providers.standard.hooks.subprocess.SubprocessHook"}
{"timestamp":"2025-07-17T06:41:58.586563","level":"info","event":"  2350K .......... .......... .......... .......... .......... 27% 11.5M 3s","logger":"airflow.task.hooks.airflow.providers.standard.hooks.subprocess.SubprocessHook"}
{"timestamp":"2025-07-17T06:41:58.592470","level":"info","event":"  2400K .......... .......... .......... .......... .......... 28% 9.63M 3s","logger":"airflow.task.hooks.airflow.providers.standard.hooks.subprocess.SubprocessHook"}
{"timestamp":"2025-07-17T06:41:58.594216","level":"info","event":"  2450K .......... .......... .......... .......... .......... 28% 20.7M 3s","logger":"airflow.task.hooks.airflow.providers.standard.hooks.subprocess.SubprocessHook"}
{"timestamp":"2025-07-17T06:41:58.599571","level":"info","event":"  2500K .......... .......... .......... .......... .......... 29% 8.86M 3s","logger":"airflow.task.hooks.airflow.providers.standard.hooks.subprocess.SubprocessHook"}
{"timestamp":"2025-07-17T06:41:58.603968","level":"info","event":"  2550K .......... .......... .......... .......... .......... 29% 10.9M 2s","logger":"airflow.task.hooks.airflow.providers.standard.hooks.subprocess.SubprocessHook"}
{"timestamp":"2025-07-17T06:41:58.608000","level":"info","event":"  2600K .......... .......... .......... .......... .......... 30% 12.1M 2s","logger":"airflow.task.hooks.airflow.providers.standard.hooks.subprocess.SubprocessHook"}
{"timestamp":"2025-07-17T06:41:58.614399","level":"info","event":"  2650K .......... .......... .......... .......... .......... 31% 10.3M 2s","logger":"airflow.task.hooks.airflow.providers.standard.hooks.subprocess.SubprocessHook"}
{"timestamp":"2025-07-17T06:41:58.619597","level":"info","event":"  2700K .......... .......... .......... .......... .......... 31% 7.13M 2s","logger":"airflow.task.hooks.airflow.providers.standard.hooks.subprocess.SubprocessHook"}
{"timestamp":"2025-07-17T06:41:58.621964","level":"info","event":"  2750K .......... .......... .......... .......... .......... 32% 20.6M 2s","logger":"airflow.task.hooks.airflow.providers.standard.hooks.subprocess.SubprocessHook"}
{"timestamp":"2025-07-17T06:41:58.627628","level":"info","event":"  2800K .......... .......... .......... .......... .......... 32% 8.68M 2s","logger":"airflow.task.hooks.airflow.providers.standard.hooks.subprocess.SubprocessHook"}
{"timestamp":"2025-07-17T06:41:58.630483","level":"info","event":"  2850K .......... .......... .......... .......... .......... 33% 17.2M 2s","logger":"airflow.task.hooks.airflow.providers.standard.hooks.subprocess.SubprocessHook"}
{"timestamp":"2025-07-17T06:41:58.633734","level":"info","event":"  2900K .......... .......... .......... .......... .......... 33% 15.3M 2s","logger":"airflow.task.hooks.airflow.providers.standard.hooks.subprocess.SubprocessHook"}
{"timestamp":"2025-07-17T06:41:58.635988","level":"info","event":"  2950K .......... .......... .......... .......... .......... 34% 20.5M 2s","logger":"airflow.task.hooks.airflow.providers.standard.hooks.subprocess.SubprocessHook"}
{"timestamp":"2025-07-17T06:41:58.641178","level":"info","event":"  3000K .......... .......... .......... .......... .......... 35% 9.62M 2s","logger":"airflow.task.hooks.airflow.providers.standard.hooks.subprocess.SubprocessHook"}
{"timestamp":"2025-07-17T06:41:58.644636","level":"info","event":"  3050K .......... .......... .......... .......... .......... 35% 13.8M 2s","logger":"airflow.task.hooks.airflow.providers.standard.hooks.subprocess.SubprocessHook"}
{"timestamp":"2025-07-17T06:41:58.649932","level":"info","event":"  3100K .......... .......... .......... .......... .......... 36% 9.51M 2s","logger":"airflow.task.hooks.airflow.providers.standard.hooks.subprocess.SubprocessHook"}
{"timestamp":"2025-07-17T06:41:58.750674","level":"info","event":"  3150K .......... .......... .......... .......... .......... 36%  497K 2s","logger":"airflow.task.hooks.airflow.providers.standard.hooks.subprocess.SubprocessHook"}
{"timestamp":"2025-07-17T06:41:58.759281","level":"info","event":"  3200K .......... .......... .......... .......... .......... 37% 6.29M 2s","logger":"airflow.task.hooks.airflow.providers.standard.hooks.subprocess.SubprocessHook"}
{"timestamp":"2025-07-17T06:41:58.764376","level":"info","event":"  3250K .......... .......... .......... .......... .......... 38% 8.31M 2s","logger":"airflow.task.hooks.airflow.providers.standard.hooks.subprocess.SubprocessHook"}
{"timestamp":"2025-07-17T06:41:58.769342","level":"info","event":"  3300K .......... .......... .......... .......... .......... 38% 42.9M 2s","logger":"airflow.task.hooks.airflow.providers.standard.hooks.subprocess.SubprocessHook"}
{"timestamp":"2025-07-17T06:41:58.772003","level":"info","event":"  3350K .......... .......... .......... .......... .......... 39% 9.20M 2s","logger":"airflow.task.hooks.airflow.providers.standard.hooks.subprocess.SubprocessHook"}
{"timestamp":"2025-07-17T06:41:58.772264","level":"info","event":"  3400K .......... .......... .......... .......... .......... 39%  193M 2s","logger":"airflow.task.hooks.airflow.providers.standard.hooks.subprocess.SubprocessHook"}
{"timestamp":"2025-07-17T06:41:58.796547","level":"info","event":"  3450K .......... .......... .......... .......... .......... 40% 2.21M 2s","logger":"airflow.task.hooks.airflow.providers.standard.hooks.subprocess.SubprocessHook"}
{"timestamp":"2025-07-17T06:41:58.806244","level":"info","event":"  3500K .......... .......... .......... .......... .......... 40% 3.90M 2s","logger":"airflow.task.hooks.airflow.providers.standard.hooks.subprocess.SubprocessHook"}
{"timestamp":"2025-07-17T06:41:58.828439","level":"info","event":"  3550K .......... .......... .......... .......... .......... 41% 2.15M 2s","logger":"airflow.task.hooks.airflow.providers.standard.hooks.subprocess.SubprocessHook"}
{"timestamp":"2025-07-17T06:41:58.833500","level":"info","event":"  3600K .......... .......... .......... .......... .......... 42% 9.46M 2s","logger":"airflow.task.hooks.airflow.providers.standard.hooks.subprocess.SubprocessHook"}
{"timestamp":"2025-07-17T06:41:58.861084","level":"info","event":"  3650K .......... .......... .......... .......... .......... 42% 1.76M 2s","logger":"airflow.task.hooks.airflow.providers.standard.hooks.subprocess.SubprocessHook"}
{"timestamp":"2025-07-17T06:41:58.955153","level":"info","event":"  3700K .......... .......... .......... .......... .......... 43%  548K 2s","logger":"airflow.task.hooks.airflow.providers.standard.hooks.subprocess.SubprocessHook"}
{"timestamp":"2025-07-17T06:41:58.955310","level":"info","event":"  3750K .......... .......... .......... .......... .......... 43%  149M 2s","logger":"airflow.task.hooks.airflow.providers.standard.hooks.subprocess.SubprocessHook"}
{"timestamp":"2025-07-17T06:41:58.956760","level":"info","event":"  3800K .......... .......... .......... .......... .......... 44% 13.6M 2s","logger":"airflow.task.hooks.airflow.providers.standard.hooks.subprocess.SubprocessHook"}
{"timestamp":"2025-07-17T06:41:58.956904","level":"info","event":"  3850K .......... .......... .......... .......... .......... 44%  151M 2s","logger":"airflow.task.hooks.airflow.providers.standard.hooks.subprocess.SubprocessHook"}
{"timestamp":"2025-07-17T06:41:58.956951","level":"info","event":"  3900K .......... .......... .......... .......... .......... 45%  181M 2s","logger":"airflow.task.hooks.airflow.providers.standard.hooks.subprocess.SubprocessHook"}
{"timestamp":"2025-07-17T06:41:58.957478","level":"info","event":"  3950K .......... .......... .......... .......... .......... 46%  155M 2s","logger":"airflow.task.hooks.airflow.providers.standard.hooks.subprocess.SubprocessHook"}
{"timestamp":"2025-07-17T06:41:58.976100","level":"info","event":"  4000K .......... .......... .......... .......... .......... 46% 2.62M 2s","logger":"airflow.task.hooks.airflow.providers.standard.hooks.subprocess.SubprocessHook"}
{"timestamp":"2025-07-17T06:41:58.992994","level":"info","event":"  4050K .......... .......... .......... .......... .......... 47% 2.89M 2s","logger":"airflow.task.hooks.airflow.providers.standard.hooks.subprocess.SubprocessHook"}
{"timestamp":"2025-07-17T06:41:59.068636","level":"info","event":"  4100K .......... .......... .......... .......... .......... 47%  660K 2s","logger":"airflow.task.hooks.airflow.providers.standard.hooks.subprocess.SubprocessHook"}
{"timestamp":"2025-07-17T06:41:59.088087","level":"info","event":"  4150K .......... .......... .......... .......... .......... 48% 2.49M 2s","logger":"airflow.task.hooks.airflow.providers.standard.hooks.subprocess.SubprocessHook"}
{"timestamp":"2025-07-17T06:41:59.088768","level":"info","event":"  4200K .......... .......... .......... .......... .......... 48%  146M 2s","logger":"airflow.task.hooks.airflow.providers.standard.hooks.subprocess.SubprocessHook"}
{"timestamp":"2025-07-17T06:41:59.089457","level":"info","event":"  4250K .......... .......... .......... .......... .......... 49% 48.1M 2s","logger":"airflow.task.hooks.airflow.providers.standard.hooks.subprocess.SubprocessHook"}
{"timestamp":"2025-07-17T06:41:59.089838","level":"info","event":"  4300K .......... .......... .......... .......... .......... 50%  163M 2s","logger":"airflow.task.hooks.airflow.providers.standard.hooks.subprocess.SubprocessHook"}
{"timestamp":"2025-07-17T06:41:59.090671","level":"info","event":"  4350K .......... .......... .......... .......... .......... 50% 70.7M 1s","logger":"airflow.task.hooks.airflow.providers.standard.hooks.subprocess.SubprocessHook"}
{"timestamp":"2025-07-17T06:41:59.090985","level":"info","event":"  4400K .......... .......... .......... .......... .......... 51% 80.5M 1s","logger":"airflow.task.hooks.airflow.providers.standard.hooks.subprocess.SubprocessHook"}
{"timestamp":"2025-07-17T06:41:59.091947","level":"info","event":"  4450K .......... .......... .......... .......... .......... 51% 85.6M 1s","logger":"airflow.task.hooks.airflow.providers.standard.hooks.subprocess.SubprocessHook"}
{"timestamp":"2025-07-17T06:41:59.094316","level":"info","event":"  4500K .......... .......... .......... .......... .......... 52% 62.3M 1s","logger":"airflow.task.hooks.airflow.providers.standard.hooks.subprocess.SubprocessHook"}
{"timestamp":"2025-07-17T06:41:59.094414","level":"info","event":"  4550K .......... .......... .......... .......... .......... 53% 85.9M 1s","logger":"airflow.task.hooks.airflow.providers.standard.hooks.subprocess.SubprocessHook"}
{"timestamp":"2025-07-17T06:41:59.094475","level":"info","event":"  4600K .......... .......... .......... .......... .......... 53% 62.8M 1s","logger":"airflow.task.hooks.airflow.providers.standard.hooks.subprocess.SubprocessHook"}
{"timestamp":"2025-07-17T06:41:59.094914","level":"info","event":"  4650K .......... .......... .......... .......... .......... 54% 45.4M 1s","logger":"airflow.task.hooks.airflow.providers.standard.hooks.subprocess.SubprocessHook"}
{"timestamp":"2025-07-17T06:41:59.095298","level":"info","event":"  4700K .......... .......... .......... .......... .......... 54%  100M 1s","logger":"airflow.task.hooks.airflow.providers.standard.hooks.subprocess.SubprocessHook"}
{"timestamp":"2025-07-17T06:41:59.096250","level":"info","event":"  4750K .......... .......... .......... .......... .......... 55% 87.8M 1s","logger":"airflow.task.hooks.airflow.providers.standard.hooks.subprocess.SubprocessHook"}
{"timestamp":"2025-07-17T06:41:59.097949","level":"info","event":"  4800K .......... .......... .......... .......... .......... 55% 40.8M 1s","logger":"airflow.task.hooks.airflow.providers.standard.hooks.subprocess.SubprocessHook"}
{"timestamp":"2025-07-17T06:41:59.099978","level":"info","event":"  4850K .......... .......... .......... .......... .......... 56% 22.7M 1s","logger":"airflow.task.hooks.airflow.providers.standard.hooks.subprocess.SubprocessHook"}
{"timestamp":"2025-07-17T06:41:59.100800","level":"info","event":"  4900K .......... .......... .......... .......... .......... 57% 32.0M 1s","logger":"airflow.task.hooks.airflow.providers.standard.hooks.subprocess.SubprocessHook"}
{"timestamp":"2025-07-17T06:41:59.102633","level":"info","event":"  4950K .......... .......... .......... .......... .......... 57%  132M 1s","logger":"airflow.task.hooks.airflow.providers.standard.hooks.subprocess.SubprocessHook"}
{"timestamp":"2025-07-17T06:41:59.103997","level":"info","event":"  5000K .......... .......... .......... .......... .......... 58% 17.3M 1s","logger":"airflow.task.hooks.airflow.providers.standard.hooks.subprocess.SubprocessHook"}
{"timestamp":"2025-07-17T06:41:59.105323","level":"info","event":"  5050K .......... .......... .......... .......... .......... 58% 33.4M 1s","logger":"airflow.task.hooks.airflow.providers.standard.hooks.subprocess.SubprocessHook"}
{"timestamp":"2025-07-17T06:41:59.107244","level":"info","event":"  5100K .......... .......... .......... .......... .......... 59% 25.7M 1s","logger":"airflow.task.hooks.airflow.providers.standard.hooks.subprocess.SubprocessHook"}
{"timestamp":"2025-07-17T06:41:59.108936","level":"info","event":"  5150K .......... .......... .......... .......... .......... 59% 88.9M 1s","logger":"airflow.task.hooks.airflow.providers.standard.hooks.subprocess.SubprocessHook"}
{"timestamp":"2025-07-17T06:41:59.112518","level":"info","event":"  5200K .......... .......... .......... .......... .......... 60% 11.1M 1s","logger":"airflow.task.hooks.airflow.providers.standard.hooks.subprocess.SubprocessHook"}
{"timestamp":"2025-07-17T06:41:59.112626","level":"info","event":"  5250K .......... .......... .......... .......... .......... 61%  176M 1s","logger":"airflow.task.hooks.airflow.providers.standard.hooks.subprocess.SubprocessHook"}
{"timestamp":"2025-07-17T06:41:59.115675","level":"info","event":"  5300K .......... .......... .......... .......... .......... 61% 15.9M 1s","logger":"airflow.task.hooks.airflow.providers.standard.hooks.subprocess.SubprocessHook"}
{"timestamp":"2025-07-17T06:41:59.115798","level":"info","event":"  5350K .......... .......... .......... .......... .......... 62%  171M 1s","logger":"airflow.task.hooks.airflow.providers.standard.hooks.subprocess.SubprocessHook"}
{"timestamp":"2025-07-17T06:41:59.116023","level":"info","event":"  5400K .......... .......... .......... .......... .......... 62%  192M 1s","logger":"airflow.task.hooks.airflow.providers.standard.hooks.subprocess.SubprocessHook"}
{"timestamp":"2025-07-17T06:41:59.117980","level":"info","event":"  5450K .......... .......... .......... .......... .......... 63% 34.6M 1s","logger":"airflow.task.hooks.airflow.providers.standard.hooks.subprocess.SubprocessHook"}
{"timestamp":"2025-07-17T06:41:59.118227","level":"info","event":"  5500K .......... .......... .......... .......... .......... 63%  132M 1s","logger":"airflow.task.hooks.airflow.providers.standard.hooks.subprocess.SubprocessHook"}
{"timestamp":"2025-07-17T06:41:59.122378","level":"info","event":"  5550K .......... .......... .......... .......... .......... 64% 11.8M 1s","logger":"airflow.task.hooks.airflow.providers.standard.hooks.subprocess.SubprocessHook"}
{"timestamp":"2025-07-17T06:41:59.122541","level":"info","event":"  5600K .......... .......... .......... .......... .......... 65%  124M 1s","logger":"airflow.task.hooks.airflow.providers.standard.hooks.subprocess.SubprocessHook"}
{"timestamp":"2025-07-17T06:41:59.123544","level":"info","event":"  5650K .......... .......... .......... .......... .......... 65% 45.9M 1s","logger":"airflow.task.hooks.airflow.providers.standard.hooks.subprocess.SubprocessHook"}
{"timestamp":"2025-07-17T06:41:59.124438","level":"info","event":"  5700K .......... .......... .......... .......... .......... 66% 62.7M 1s","logger":"airflow.task.hooks.airflow.providers.standard.hooks.subprocess.SubprocessHook"}
{"timestamp":"2025-07-17T06:41:59.125256","level":"info","event":"  5750K .......... .......... .......... .......... .......... 66%  110M 1s","logger":"airflow.task.hooks.airflow.providers.standard.hooks.subprocess.SubprocessHook"}
{"timestamp":"2025-07-17T06:41:59.126093","level":"info","event":"  5800K .......... .......... .......... .......... .......... 67% 37.2M 1s","logger":"airflow.task.hooks.airflow.providers.standard.hooks.subprocess.SubprocessHook"}
{"timestamp":"2025-07-17T06:41:59.127310","level":"info","event":"  5850K .......... .......... .......... .......... .......... 67%  163M 1s","logger":"airflow.task.hooks.airflow.providers.standard.hooks.subprocess.SubprocessHook"}
{"timestamp":"2025-07-17T06:41:59.130425","level":"info","event":"  5900K .......... .......... .......... .......... .......... 68% 12.8M 1s","logger":"airflow.task.hooks.airflow.providers.standard.hooks.subprocess.SubprocessHook"}
{"timestamp":"2025-07-17T06:41:59.130770","level":"info","event":"  5950K .......... .......... .......... .......... .......... 69% 82.0M 1s","logger":"airflow.task.hooks.airflow.providers.standard.hooks.subprocess.SubprocessHook"}
{"timestamp":"2025-07-17T06:41:59.131055","level":"info","event":"  6000K .......... .......... .......... .......... .......... 69%  228M 1s","logger":"airflow.task.hooks.airflow.providers.standard.hooks.subprocess.SubprocessHook"}
{"timestamp":"2025-07-17T06:41:59.132547","level":"info","event":"  6050K .......... .......... .......... .......... .......... 70% 29.8M 1s","logger":"airflow.task.hooks.airflow.providers.standard.hooks.subprocess.SubprocessHook"}
{"timestamp":"2025-07-17T06:41:59.134984","level":"info","event":"  6100K .......... .......... .......... .......... .......... 70% 23.2M 1s","logger":"airflow.task.hooks.airflow.providers.standard.hooks.subprocess.SubprocessHook"}
{"timestamp":"2025-07-17T06:41:59.135110","level":"info","event":"  6150K .......... .......... .......... .......... .......... 71%  167M 1s","logger":"airflow.task.hooks.airflow.providers.standard.hooks.subprocess.SubprocessHook"}
{"timestamp":"2025-07-17T06:41:59.136337","level":"info","event":"  6200K .......... .......... .......... .......... .......... 72% 40.0M 1s","logger":"airflow.task.hooks.airflow.providers.standard.hooks.subprocess.SubprocessHook"}
{"timestamp":"2025-07-17T06:41:59.137921","level":"info","event":"  6250K .......... .......... .......... .......... .......... 72% 66.6M 1s","logger":"airflow.task.hooks.airflow.providers.standard.hooks.subprocess.SubprocessHook"}
{"timestamp":"2025-07-17T06:41:59.138235","level":"info","event":"  6300K .......... .......... .......... .......... .......... 73% 39.7M 1s","logger":"airflow.task.hooks.airflow.providers.standard.hooks.subprocess.SubprocessHook"}
{"timestamp":"2025-07-17T06:41:59.141347","level":"info","event":"  6350K .......... .......... .......... .......... .......... 73% 15.6M 1s","logger":"airflow.task.hooks.airflow.providers.standard.hooks.subprocess.SubprocessHook"}
{"timestamp":"2025-07-17T06:41:59.142003","level":"info","event":"  6400K .......... .......... .......... .......... .......... 74% 63.4M 1s","logger":"airflow.task.hooks.airflow.providers.standard.hooks.subprocess.SubprocessHook"}
{"timestamp":"2025-07-17T06:41:59.142669","level":"info","event":"  6450K .......... .......... .......... .......... .......... 74% 88.5M 1s","logger":"airflow.task.hooks.airflow.providers.standard.hooks.subprocess.SubprocessHook"}
{"timestamp":"2025-07-17T06:41:59.145379","level":"info","event":"  6500K .......... .......... .......... .......... .......... 75% 18.7M 1s","logger":"airflow.task.hooks.airflow.providers.standard.hooks.subprocess.SubprocessHook"}
{"timestamp":"2025-07-17T06:41:59.146112","level":"info","event":"  6550K .......... .......... .......... .......... .......... 76% 58.0M 0s","logger":"airflow.task.hooks.airflow.providers.standard.hooks.subprocess.SubprocessHook"}
{"timestamp":"2025-07-17T06:41:59.147603","level":"info","event":"  6600K .......... .......... .......... .......... .......... 76% 64.7M 0s","logger":"airflow.task.hooks.airflow.providers.standard.hooks.subprocess.SubprocessHook"}
{"timestamp":"2025-07-17T06:41:59.148212","level":"info","event":"  6650K .......... .......... .......... .......... .......... 77% 36.2M 0s","logger":"airflow.task.hooks.airflow.providers.standard.hooks.subprocess.SubprocessHook"}
{"timestamp":"2025-07-17T06:41:59.149867","level":"info","event":"  6700K .......... .......... .......... .......... .......... 77% 34.5M 0s","logger":"airflow.task.hooks.airflow.providers.standard.hooks.subprocess.SubprocessHook"}
{"timestamp":"2025-07-17T06:41:59.150514","level":"info","event":"  6750K .......... .......... .......... .......... .......... 78% 61.3M 0s","logger":"airflow.task.hooks.airflow.providers.standard.hooks.subprocess.SubprocessHook"}
{"timestamp":"2025-07-17T06:41:59.151013","level":"info","event":"  6800K .......... .......... .......... .......... .......... 78%  113M 0s","logger":"airflow.task.hooks.airflow.providers.standard.hooks.subprocess.SubprocessHook"}
{"timestamp":"2025-07-17T06:41:59.151365","level":"info","event":"  6850K .......... .......... .......... .......... .......... 79%  183M 0s","logger":"airflow.task.hooks.airflow.providers.standard.hooks.subprocess.SubprocessHook"}
{"timestamp":"2025-07-17T06:41:59.151876","level":"info","event":"  6900K .......... .......... .......... .......... .......... 80% 75.7M 0s","logger":"airflow.task.hooks.airflow.providers.standard.hooks.subprocess.SubprocessHook"}
{"timestamp":"2025-07-17T06:41:59.152402","level":"info","event":"  6950K .......... .......... .......... .......... .......... 80% 89.6M 0s","logger":"airflow.task.hooks.airflow.providers.standard.hooks.subprocess.SubprocessHook"}
{"timestamp":"2025-07-17T06:41:59.152457","level":"info","event":"  7000K .......... .......... .......... .......... .......... 81%  214M 0s","logger":"airflow.task.hooks.airflow.providers.standard.hooks.subprocess.SubprocessHook"}
{"timestamp":"2025-07-17T06:41:59.152687","level":"info","event":"  7050K .......... .......... .......... .......... .......... 81%  235M 0s","logger":"airflow.task.hooks.airflow.providers.standard.hooks.subprocess.SubprocessHook"}
{"timestamp":"2025-07-17T06:41:59.155640","level":"info","event":"  7100K .......... .......... .......... .......... .......... 82% 17.1M 0s","logger":"airflow.task.hooks.airflow.providers.standard.hooks.subprocess.SubprocessHook"}
{"timestamp":"2025-07-17T06:41:59.156221","level":"info","event":"  7150K .......... .......... .......... .......... .......... 82% 99.0M 0s","logger":"airflow.task.hooks.airflow.providers.standard.hooks.subprocess.SubprocessHook"}
{"timestamp":"2025-07-17T06:41:59.156427","level":"info","event":"  7200K .......... .......... .......... .......... .......... 83%  115M 0s","logger":"airflow.task.hooks.airflow.providers.standard.hooks.subprocess.SubprocessHook"}
{"timestamp":"2025-07-17T06:41:59.156838","level":"info","event":"  7250K .......... .......... .......... .......... .......... 84%  196M 0s","logger":"airflow.task.hooks.airflow.providers.standard.hooks.subprocess.SubprocessHook"}
{"timestamp":"2025-07-17T06:41:59.156946","level":"info","event":"  7300K .......... .......... .......... .......... .......... 84%  219M 0s","logger":"airflow.task.hooks.airflow.providers.standard.hooks.subprocess.SubprocessHook"}
{"timestamp":"2025-07-17T06:41:59.157367","level":"info","event":"  7350K .......... .......... .......... .......... .......... 85%  110M 0s","logger":"airflow.task.hooks.airflow.providers.standard.hooks.subprocess.SubprocessHook"}
{"timestamp":"2025-07-17T06:41:59.157550","level":"info","event":"  7400K .......... .......... .......... .......... .......... 85%  196M 0s","logger":"airflow.task.hooks.airflow.providers.standard.hooks.subprocess.SubprocessHook"}
{"timestamp":"2025-07-17T06:41:59.158101","level":"info","event":"  7450K .......... .......... .......... .......... .......... 86%  180M 0s","logger":"airflow.task.hooks.airflow.providers.standard.hooks.subprocess.SubprocessHook"}
{"timestamp":"2025-07-17T06:41:59.159839","level":"info","event":"  7500K .......... .......... .......... .......... .......... 87% 30.7M 0s","logger":"airflow.task.hooks.airflow.providers.standard.hooks.subprocess.SubprocessHook"}
{"timestamp":"2025-07-17T06:41:59.160189","level":"info","event":"  7550K .......... .......... .......... .......... .......... 87% 85.4M 0s","logger":"airflow.task.hooks.airflow.providers.standard.hooks.subprocess.SubprocessHook"}
{"timestamp":"2025-07-17T06:41:59.160612","level":"info","event":"  7600K .......... .......... .......... .......... .......... 88%  234M 0s","logger":"airflow.task.hooks.airflow.providers.standard.hooks.subprocess.SubprocessHook"}
{"timestamp":"2025-07-17T06:41:59.160737","level":"info","event":"  7650K .......... .......... .......... .......... .......... 88%  196M 0s","logger":"airflow.task.hooks.airflow.providers.standard.hooks.subprocess.SubprocessHook"}
{"timestamp":"2025-07-17T06:41:59.163266","level":"info","event":"  7700K .......... .......... .......... .......... .......... 89% 17.9M 0s","logger":"airflow.task.hooks.airflow.providers.standard.hooks.subprocess.SubprocessHook"}
{"timestamp":"2025-07-17T06:41:59.163599","level":"info","event":"  7750K .......... .......... .......... .......... .......... 89%  145M 0s","logger":"airflow.task.hooks.airflow.providers.standard.hooks.subprocess.SubprocessHook"}
{"timestamp":"2025-07-17T06:41:59.164294","level":"info","event":"  7800K .......... .......... .......... .......... .......... 90% 87.1M 0s","logger":"airflow.task.hooks.airflow.providers.standard.hooks.subprocess.SubprocessHook"}
{"timestamp":"2025-07-17T06:41:59.165458","level":"info","event":"  7850K .......... .......... .......... .......... .......... 91% 51.2M 0s","logger":"airflow.task.hooks.airflow.providers.standard.hooks.subprocess.SubprocessHook"}
{"timestamp":"2025-07-17T06:41:59.165571","level":"info","event":"  7900K .......... .......... .......... .......... .......... 91%  107M 0s","logger":"airflow.task.hooks.airflow.providers.standard.hooks.subprocess.SubprocessHook"}
{"timestamp":"2025-07-17T06:41:59.166181","level":"info","event":"  7950K .......... .......... .......... .......... .......... 92%  126M 0s","logger":"airflow.task.hooks.airflow.providers.standard.hooks.subprocess.SubprocessHook"}
{"timestamp":"2025-07-17T06:41:59.166426","level":"info","event":"  8000K .......... .......... .......... .......... .......... 92%  136M 0s","logger":"airflow.task.hooks.airflow.providers.standard.hooks.subprocess.SubprocessHook"}
{"timestamp":"2025-07-17T06:41:59.166596","level":"info","event":"  8050K .......... .......... .......... .......... .......... 93%  149M 0s","logger":"airflow.task.hooks.airflow.providers.standard.hooks.subprocess.SubprocessHook"}
{"timestamp":"2025-07-17T06:41:59.169058","level":"info","event":"  8100K .......... .......... .......... .......... .......... 93% 25.2M 0s","logger":"airflow.task.hooks.airflow.providers.standard.hooks.subprocess.SubprocessHook"}
{"timestamp":"2025-07-17T06:41:59.170475","level":"info","event":"  8150K .......... .......... .......... .......... .......... 94% 31.9M 0s","logger":"airflow.task.hooks.airflow.providers.standard.hooks.subprocess.SubprocessHook"}
{"timestamp":"2025-07-17T06:41:59.170731","level":"info","event":"  8200K .......... .......... .......... .......... .......... 95%  158M 0s","logger":"airflow.task.hooks.airflow.providers.standard.hooks.subprocess.SubprocessHook"}
{"timestamp":"2025-07-17T06:41:59.170887","level":"info","event":"  8250K .......... .......... .......... .......... .......... 95%  151M 0s","logger":"airflow.task.hooks.airflow.providers.standard.hooks.subprocess.SubprocessHook"}
{"timestamp":"2025-07-17T06:41:59.170976","level":"info","event":"  8300K .......... .......... .......... .......... .......... 96%  221M 0s","logger":"airflow.task.hooks.airflow.providers.standard.hooks.subprocess.SubprocessHook"}
{"timestamp":"2025-07-17T06:41:59.172050","level":"info","event":"  8350K .......... .......... .......... .......... .......... 96% 71.4M 0s","logger":"airflow.task.hooks.airflow.providers.standard.hooks.subprocess.SubprocessHook"}
{"timestamp":"2025-07-17T06:41:59.172216","level":"info","event":"  8400K .......... .......... .......... .......... .......... 97%  142M 0s","logger":"airflow.task.hooks.airflow.providers.standard.hooks.subprocess.SubprocessHook"}
{"timestamp":"2025-07-17T06:41:59.172851","level":"info","event":"  8450K .......... .......... .......... .......... .......... 97% 60.4M 0s","logger":"airflow.task.hooks.airflow.providers.standard.hooks.subprocess.SubprocessHook"}
{"timestamp":"2025-07-17T06:41:59.175105","level":"info","event":"  8500K .......... .......... .......... .......... .......... 98% 50.1M 0s","logger":"airflow.task.hooks.airflow.providers.standard.hooks.subprocess.SubprocessHook"}
{"timestamp":"2025-07-17T06:41:59.176312","level":"info","event":"  8550K .......... .......... .......... .......... .......... 99% 19.0M 0s","logger":"airflow.task.hooks.airflow.providers.standard.hooks.subprocess.SubprocessHook"}
{"timestamp":"2025-07-17T06:41:59.176871","level":"info","event":"  8600K .......... .......... .......... .......... .......... 99%  157M 0s","logger":"airflow.task.hooks.airflow.providers.standard.hooks.subprocess.SubprocessHook"}
{"timestamp":"2025-07-17T06:41:59.177137","level":"info","event":"  8650K .......... .......... ......                          100% 56.0M=1.6s","logger":"airflow.task.hooks.airflow.providers.standard.hooks.subprocess.SubprocessHook"}
{"timestamp":"2025-07-17T06:41:59.177185","level":"info","event":"","logger":"airflow.task.hooks.airflow.providers.standard.hooks.subprocess.SubprocessHook"}
{"timestamp":"2025-07-17T06:41:59.177434","level":"info","event":"2025-07-17 06:41:59 (5.23 MB/s) - ‘/opt/airflow/green_tripdata_2019-05.csv.gz’ saved [8884783/8884783]","logger":"airflow.task.hooks.airflow.providers.standard.hooks.subprocess.SubprocessHook"}
{"timestamp":"2025-07-17T06:41:59.177579","level":"info","event":"","logger":"airflow.task.hooks.airflow.providers.standard.hooks.subprocess.SubprocessHook"}
{"timestamp":"2025-07-17T06:41:59.775471","level":"info","event":"Command exited with return code 0","logger":"airflow.task.hooks.airflow.providers.standard.hooks.subprocess.SubprocessHook"}
{"timestamp":"2025-07-17T06:41:59.785112","level":"info","event":"Pushing xcom","ti":"RuntimeTaskInstance(id=UUID('0198171e-3c03-7a61-95fe-ba34a81c11d7'), task_id='wget_trips_csvgz', dag_id='local_ingestion_pg_green', run_id='scheduled__2019-05-02T06:00:00+00:00', try_number=1, map_index=-1, hostname='3f7f1d329e72', context_carrier={}, task=<Task(BashOperator): wget_trips_csvgz>, bundle_instance=LocalDagBundle(name=dags-folder), max_tries=0, start_date=datetime.datetime(2025, 7, 17, 6, 41, 54, 630318, tzinfo=TzInfo(UTC)), end_date=None, state=<TaskInstanceState.RUNNING: 'running'>, is_mapped=False, rendered_map_index=None)","logger":"task"}
{"timestamp":"2025-07-17T06:49:52.429318","level":"info","event":"DAG bundles loaded: dags-folder","logger":"airflow.dag_processing.bundles.manager.DagBundlesManager"}
{"timestamp":"2025-07-17T06:49:52.429743","level":"info","event":"Filling up the DagBag from /opt/airflow/dags/data_ingestion_localpg_dag.py","logger":"airflow.models.dagbag.DagBag"}
{"timestamp":"2025-07-17T06:49:52.750755","level":"info","event":"Tmp dir root location: /tmp","logger":"airflow.task.hooks.airflow.providers.standard.hooks.subprocess.SubprocessHook"}
{"timestamp":"2025-07-17T06:49:52.752227","level":"info","event":"Running command: ['/usr/bin/bash', '-c', 'wget https://github.com/DataTalksClub/nyc-tlc-data/releases/download/green/green_tripdata_2019-05.csv.gz -O /opt/airflow/green_tripdata_2019-05.csv.gz && gunzip -f /opt/airflow/green_tripdata_2019-05.csv.gz || rm -f /opt/airflow/green_tripdata_2019-05.csv.gz']","logger":"airflow.task.hooks.airflow.providers.standard.hooks.subprocess.SubprocessHook"}
{"timestamp":"2025-07-17T06:49:52.769954","level":"info","event":"Output:","logger":"airflow.task.hooks.airflow.providers.standard.hooks.subprocess.SubprocessHook"}
{"timestamp":"2025-07-17T06:49:52.773924","level":"info","event":"--2025-07-17 06:49:52--  https://github.com/DataTalksClub/nyc-tlc-data/releases/download/green/green_tripdata_2019-05.csv.gz","logger":"airflow.task.hooks.airflow.providers.standard.hooks.subprocess.SubprocessHook"}
{"timestamp":"2025-07-17T06:49:52.787307","level":"info","event":"Resolving github.com (github.com)... 20.205.243.166","logger":"airflow.task.hooks.airflow.providers.standard.hooks.subprocess.SubprocessHook"}
{"timestamp":"2025-07-17T06:49:52.794071","level":"info","event":"Connecting to github.com (github.com)|20.205.243.166|:443... connected.","logger":"airflow.task.hooks.airflow.providers.standard.hooks.subprocess.SubprocessHook"}
{"timestamp":"2025-07-17T06:49:53.195511","level":"info","event":"HTTP request sent, awaiting response... 302 Found","logger":"airflow.task.hooks.airflow.providers.standard.hooks.subprocess.SubprocessHook"}
{"timestamp":"2025-07-17T06:49:53.195876","level":"info","event":"Location: https://release-assets.githubusercontent.com/github-production-release-asset/513814948/b8616800-208d-4556-bd76-e7290dc36d2f?sp=r&sv=2018-11-09&sr=b&spr=https&se=2025-07-17T07%3A48%3A33Z&rscd=attachment%3B+filename%3Dgreen_tripdata_2019-05.csv.gz&rsct=application%2Foctet-stream&skoid=96c2d410-5711-43a1-aedd-ab1947aa7ab0&sktid=398a6654-997b-47e9-b12b-9515b896b4de&skt=2025-07-17T06%3A48%3A16Z&ske=2025-07-17T07%3A48%3A33Z&sks=b&skv=2018-11-09&sig=UgU8HD%2FvN33fdcLgGM1rj6bSM8VvKw%2BtpnJgurGkD2c%3D&jwt=eyJ******&response-content-disposition=attachment%3B%20filename%3Dgreen_tripdata_2019-05.csv.gz&response-content-type=application%2Foctet-stream [following]","logger":"airflow.task.hooks.airflow.providers.standard.hooks.subprocess.SubprocessHook"}
{"timestamp":"2025-07-17T06:49:53.196077","level":"info","event":"--2025-07-17 06:49:53--  https://release-assets.githubusercontent.com/github-production-release-asset/513814948/b8616800-208d-4556-bd76-e7290dc36d2f?sp=r&sv=2018-11-09&sr=b&spr=https&se=2025-07-17T07%3A48%3A33Z&rscd=attachment%3B+filename%3Dgreen_tripdata_2019-05.csv.gz&rsct=application%2Foctet-stream&skoid=96c2d410-5711-43a1-aedd-ab1947aa7ab0&sktid=398a6654-997b-47e9-b12b-9515b896b4de&skt=2025-07-17T06%3A48%3A16Z&ske=2025-07-17T07%3A48%3A33Z&sks=b&skv=2018-11-09&sig=UgU8HD%2FvN33fdcLgGM1rj6bSM8VvKw%2BtpnJgurGkD2c%3D&jwt=eyJ******&response-content-disposition=attachment%3B%20filename%3Dgreen_tripdata_2019-05.csv.gz&response-content-type=application%2Foctet-stream","logger":"airflow.task.hooks.airflow.providers.standard.hooks.subprocess.SubprocessHook"}
{"timestamp":"2025-07-17T06:49:53.203034","level":"info","event":"Resolving release-assets.githubusercontent.com (release-assets.githubusercontent.com)... 185.199.111.133, 185.199.108.133, 185.199.109.133, ...","logger":"airflow.task.hooks.airflow.providers.standard.hooks.subprocess.SubprocessHook"}
{"timestamp":"2025-07-17T06:49:53.210572","level":"info","event":"Connecting to release-assets.githubusercontent.com (release-assets.githubusercontent.com)|185.199.111.133|:443... connected.","logger":"airflow.task.hooks.airflow.providers.standard.hooks.subprocess.SubprocessHook"}
{"timestamp":"2025-07-17T06:49:53.236279","level":"info","event":"HTTP request sent, awaiting response... 200 OK","logger":"airflow.task.hooks.airflow.providers.standard.hooks.subprocess.SubprocessHook"}
{"timestamp":"2025-07-17T06:49:53.236547","level":"info","event":"Length: 8884783 (8.5M) [application/octet-stream]","logger":"airflow.task.hooks.airflow.providers.standard.hooks.subprocess.SubprocessHook"}
{"timestamp":"2025-07-17T06:49:53.236917","level":"info","event":"Saving to: ‘/opt/airflow/green_tripdata_2019-05.csv.gz’","logger":"airflow.task.hooks.airflow.providers.standard.hooks.subprocess.SubprocessHook"}
{"timestamp":"2025-07-17T06:49:53.238131","level":"info","event":"","logger":"airflow.task.hooks.airflow.providers.standard.hooks.subprocess.SubprocessHook"}
{"timestamp":"2025-07-17T06:49:53.248019","level":"info","event":"     0K .......... .......... .......... .......... ..........  0% 4.12M 2s","logger":"airflow.task.hooks.airflow.providers.standard.hooks.subprocess.SubprocessHook"}
{"timestamp":"2025-07-17T06:49:53.248971","level":"info","event":"    50K .......... .......... .......... .......... ..........  1% 50.2M 1s","logger":"airflow.task.hooks.airflow.providers.standard.hooks.subprocess.SubprocessHook"}
{"timestamp":"2025-07-17T06:49:53.253071","level":"info","event":"   100K .......... .......... .......... .......... ..........  1% 11.6M 1s","logger":"airflow.task.hooks.airflow.providers.standard.hooks.subprocess.SubprocessHook"}
{"timestamp":"2025-07-17T06:49:53.254517","level":"info","event":"   150K .......... .......... .......... .......... ..........  2% 32.5M 1s","logger":"airflow.task.hooks.airflow.providers.standard.hooks.subprocess.SubprocessHook"}
{"timestamp":"2025-07-17T06:49:53.256806","level":"info","event":"   200K .......... .......... .......... .......... ..........  2% 21.4M 1s","logger":"airflow.task.hooks.airflow.providers.standard.hooks.subprocess.SubprocessHook"}
{"timestamp":"2025-07-17T06:49:53.261748","level":"info","event":"   250K .......... .......... .......... .......... ..........  3% 10.0M 1s","logger":"airflow.task.hooks.airflow.providers.standard.hooks.subprocess.SubprocessHook"}
{"timestamp":"2025-07-17T06:49:53.263288","level":"info","event":"   300K .......... .......... .......... .......... ..........  4% 30.3M 1s","logger":"airflow.task.hooks.airflow.providers.standard.hooks.subprocess.SubprocessHook"}
{"timestamp":"2025-07-17T06:49:53.264506","level":"info","event":"   350K .......... .......... .......... .......... ..........  4% 46.0M 1s","logger":"airflow.task.hooks.airflow.providers.standard.hooks.subprocess.SubprocessHook"}
{"timestamp":"2025-07-17T06:49:53.265556","level":"info","event":"   400K .......... .......... .......... .......... ..........  5% 41.8M 1s","logger":"airflow.task.hooks.airflow.providers.standard.hooks.subprocess.SubprocessHook"}
{"timestamp":"2025-07-17T06:49:53.266644","level":"info","event":"   450K .......... .......... .......... .......... ..........  5% 48.5M 0s","logger":"airflow.task.hooks.airflow.providers.standard.hooks.subprocess.SubprocessHook"}
{"timestamp":"2025-07-17T06:49:53.267344","level":"info","event":"   500K .......... .......... .......... .......... ..........  6% 62.2M 0s","logger":"airflow.task.hooks.airflow.providers.standard.hooks.subprocess.SubprocessHook"}
{"timestamp":"2025-07-17T06:49:53.268179","level":"info","event":"   550K .......... .......... .......... .......... ..........  6% 56.2M 0s","logger":"airflow.task.hooks.airflow.providers.standard.hooks.subprocess.SubprocessHook"}
{"timestamp":"2025-07-17T06:49:53.272099","level":"info","event":"   600K .......... .......... .......... .......... ..........  7% 12.7M 0s","logger":"airflow.task.hooks.airflow.providers.standard.hooks.subprocess.SubprocessHook"}
{"timestamp":"2025-07-17T06:49:53.273396","level":"info","event":"   650K .......... .......... .......... .......... ..........  8% 48.5M 0s","logger":"airflow.task.hooks.airflow.providers.standard.hooks.subprocess.SubprocessHook"}
{"timestamp":"2025-07-17T06:49:53.274367","level":"info","event":"   700K .......... .......... .......... .......... ..........  8% 40.9M 0s","logger":"airflow.task.hooks.airflow.providers.standard.hooks.subprocess.SubprocessHook"}
{"timestamp":"2025-07-17T06:49:53.274906","level":"info","event":"   750K .......... .......... .......... .......... ..........  9% 77.2M 0s","logger":"airflow.task.hooks.airflow.providers.standard.hooks.subprocess.SubprocessHook"}
{"timestamp":"2025-07-17T06:49:53.275963","level":"info","event":"   800K .......... .......... .......... .......... ..........  9% 46.4M 0s","logger":"airflow.task.hooks.airflow.providers.standard.hooks.subprocess.SubprocessHook"}
{"timestamp":"2025-07-17T06:49:53.278214","level":"info","event":"   850K .......... .......... .......... .......... .......... 10% 22.6M 0s","logger":"airflow.task.hooks.airflow.providers.standard.hooks.subprocess.SubprocessHook"}
{"timestamp":"2025-07-17T06:49:53.278681","level":"info","event":"   900K .......... .......... .......... .......... .......... 10% 85.0M 0s","logger":"airflow.task.hooks.airflow.providers.standard.hooks.subprocess.SubprocessHook"}
{"timestamp":"2025-07-17T06:49:53.279161","level":"info","event":"   950K .......... .......... .......... .......... .......... 11%  109M 0s","logger":"airflow.task.hooks.airflow.providers.standard.hooks.subprocess.SubprocessHook"}
{"timestamp":"2025-07-17T06:49:53.279946","level":"info","event":"  1000K .......... .......... .......... .......... .......... 12% 62.7M 0s","logger":"airflow.task.hooks.airflow.providers.standard.hooks.subprocess.SubprocessHook"}
{"timestamp":"2025-07-17T06:49:53.281103","level":"info","event":"  1050K .......... .......... .......... .......... .......... 12% 48.7M 0s","logger":"airflow.task.hooks.airflow.providers.standard.hooks.subprocess.SubprocessHook"}
{"timestamp":"2025-07-17T06:49:53.282045","level":"info","event":"  1100K .......... .......... .......... .......... .......... 13% 45.3M 0s","logger":"airflow.task.hooks.airflow.providers.standard.hooks.subprocess.SubprocessHook"}
{"timestamp":"2025-07-17T06:49:53.282644","level":"info","event":"  1150K .......... .......... .......... .......... .......... 13% 74.2M 0s","logger":"airflow.task.hooks.airflow.providers.standard.hooks.subprocess.SubprocessHook"}
{"timestamp":"2025-07-17T06:49:53.283333","level":"info","event":"  1200K .......... .......... .......... .......... .......... 14% 74.8M 0s","logger":"airflow.task.hooks.airflow.providers.standard.hooks.subprocess.SubprocessHook"}
{"timestamp":"2025-07-17T06:49:53.284514","level":"info","event":"  1250K .......... .......... .......... .......... .......... 14% 42.2M 0s","logger":"airflow.task.hooks.airflow.providers.standard.hooks.subprocess.SubprocessHook"}
{"timestamp":"2025-07-17T06:49:53.285185","level":"info","event":"  1300K .......... .......... .......... .......... .......... 15% 63.1M 0s","logger":"airflow.task.hooks.airflow.providers.standard.hooks.subprocess.SubprocessHook"}
{"timestamp":"2025-07-17T06:49:53.285707","level":"info","event":"  1350K .......... .......... .......... .......... .......... 16% 93.0M 0s","logger":"airflow.task.hooks.airflow.providers.standard.hooks.subprocess.SubprocessHook"}
{"timestamp":"2025-07-17T06:49:53.287032","level":"info","event":"  1400K .......... .......... .......... .......... .......... 16% 39.9M 0s","logger":"airflow.task.hooks.airflow.providers.standard.hooks.subprocess.SubprocessHook"}
{"timestamp":"2025-07-17T06:49:53.287476","level":"info","event":"  1450K .......... .......... .......... .......... .......... 17%  130M 0s","logger":"airflow.task.hooks.airflow.providers.standard.hooks.subprocess.SubprocessHook"}
{"timestamp":"2025-07-17T06:49:53.288287","level":"info","event":"  1500K .......... .......... .......... .......... .......... 17% 51.3M 0s","logger":"airflow.task.hooks.airflow.providers.standard.hooks.subprocess.SubprocessHook"}
{"timestamp":"2025-07-17T06:49:53.289677","level":"info","event":"  1550K .......... .......... .......... .......... .......... 18% 38.1M 0s","logger":"airflow.task.hooks.airflow.providers.standard.hooks.subprocess.SubprocessHook"}
{"timestamp":"2025-07-17T06:49:53.290358","level":"info","event":"  1600K .......... .......... .......... .......... .......... 19% 64.1M 0s","logger":"airflow.task.hooks.airflow.providers.standard.hooks.subprocess.SubprocessHook"}
{"timestamp":"2025-07-17T06:49:53.291359","level":"info","event":"  1650K .......... .......... .......... .......... .......... 19% 52.6M 0s","logger":"airflow.task.hooks.airflow.providers.standard.hooks.subprocess.SubprocessHook"}
{"timestamp":"2025-07-17T06:49:53.292038","level":"info","event":"  1700K .......... .......... .......... .......... .......... 20% 84.2M 0s","logger":"airflow.task.hooks.airflow.providers.standard.hooks.subprocess.SubprocessHook"}
{"timestamp":"2025-07-17T06:49:53.292427","level":"info","event":"  1750K .......... .......... .......... .......... .......... 20% 80.4M 0s","logger":"airflow.task.hooks.airflow.providers.standard.hooks.subprocess.SubprocessHook"}
{"timestamp":"2025-07-17T06:49:53.293104","level":"info","event":"  1800K .......... .......... .......... .......... .......... 21% 71.8M 0s","logger":"airflow.task.hooks.airflow.providers.standard.hooks.subprocess.SubprocessHook"}
{"timestamp":"2025-07-17T06:49:53.294064","level":"info","event":"  1850K .......... .......... .......... .......... .......... 21% 77.1M 0s","logger":"airflow.task.hooks.airflow.providers.standard.hooks.subprocess.SubprocessHook"}
{"timestamp":"2025-07-17T06:49:53.294834","level":"info","event":"  1900K .......... .......... .......... .......... .......... 22% 44.4M 0s","logger":"airflow.task.hooks.airflow.providers.standard.hooks.subprocess.SubprocessHook"}
{"timestamp":"2025-07-17T06:49:53.295633","level":"info","event":"  1950K .......... .......... .......... .......... .......... 23% 75.2M 0s","logger":"airflow.task.hooks.airflow.providers.standard.hooks.subprocess.SubprocessHook"}
{"timestamp":"2025-07-17T06:49:53.296356","level":"info","event":"  2000K .......... .......... .......... .......... .......... 23% 57.3M 0s","logger":"airflow.task.hooks.airflow.providers.standard.hooks.subprocess.SubprocessHook"}
{"timestamp":"2025-07-17T06:49:53.296975","level":"info","event":"  2050K .......... .......... .......... .......... .......... 24% 78.2M 0s","logger":"airflow.task.hooks.airflow.providers.standard.hooks.subprocess.SubprocessHook"}
{"timestamp":"2025-07-17T06:49:53.297565","level":"info","event":"  2100K .......... .......... .......... .......... .......... 24% 82.7M 0s","logger":"airflow.task.hooks.airflow.providers.standard.hooks.subprocess.SubprocessHook"}
{"timestamp":"2025-07-17T06:49:53.298330","level":"info","event":"  2150K .......... .......... .......... .......... .......... 25% 63.9M 0s","logger":"airflow.task.hooks.airflow.providers.standard.hooks.subprocess.SubprocessHook"}
{"timestamp":"2025-07-17T06:49:53.298704","level":"info","event":"  2200K .......... .......... .......... .......... .......... 25%  127M 0s","logger":"airflow.task.hooks.airflow.providers.standard.hooks.subprocess.SubprocessHook"}
{"timestamp":"2025-07-17T06:49:53.299448","level":"info","event":"  2250K .......... .......... .......... .......... .......... 26% 97.6M 0s","logger":"airflow.task.hooks.airflow.providers.standard.hooks.subprocess.SubprocessHook"}
{"timestamp":"2025-07-17T06:49:53.301447","level":"info","event":"  2300K .......... .......... .......... .......... .......... 27% 22.2M 0s","logger":"airflow.task.hooks.airflow.providers.standard.hooks.subprocess.SubprocessHook"}
{"timestamp":"2025-07-17T06:49:53.302130","level":"info","event":"  2350K .......... .......... .......... .......... .......... 27% 70.4M 0s","logger":"airflow.task.hooks.airflow.providers.standard.hooks.subprocess.SubprocessHook"}
{"timestamp":"2025-07-17T06:49:53.303305","level":"info","event":"  2400K .......... .......... .......... .......... .......... 28% 43.2M 0s","logger":"airflow.task.hooks.airflow.providers.standard.hooks.subprocess.SubprocessHook"}
{"timestamp":"2025-07-17T06:49:53.304041","level":"info","event":"  2450K .......... .......... .......... .......... .......... 28% 77.5M 0s","logger":"airflow.task.hooks.airflow.providers.standard.hooks.subprocess.SubprocessHook"}
{"timestamp":"2025-07-17T06:49:53.304103","level":"info","event":"  2500K .......... .......... .......... .......... .......... 29%  212M 0s","logger":"airflow.task.hooks.airflow.providers.standard.hooks.subprocess.SubprocessHook"}
{"timestamp":"2025-07-17T06:49:53.304321","level":"info","event":"  2550K .......... .......... .......... .......... .......... 29%  200M 0s","logger":"airflow.task.hooks.airflow.providers.standard.hooks.subprocess.SubprocessHook"}
{"timestamp":"2025-07-17T06:49:53.305178","level":"info","event":"  2600K .......... .......... .......... .......... .......... 30% 58.5M 0s","logger":"airflow.task.hooks.airflow.providers.standard.hooks.subprocess.SubprocessHook"}
{"timestamp":"2025-07-17T06:49:53.305835","level":"info","event":"  2650K .......... .......... .......... .......... .......... 31% 85.3M 0s","logger":"airflow.task.hooks.airflow.providers.standard.hooks.subprocess.SubprocessHook"}
{"timestamp":"2025-07-17T06:49:53.312337","level":"info","event":"  2700K .......... .......... .......... .......... .......... 31% 7.51M 0s","logger":"airflow.task.hooks.airflow.providers.standard.hooks.subprocess.SubprocessHook"}
{"timestamp":"2025-07-17T06:49:53.312663","level":"info","event":"  2750K .......... .......... .......... .......... .......... 32%  134M 0s","logger":"airflow.task.hooks.airflow.providers.standard.hooks.subprocess.SubprocessHook"}
{"timestamp":"2025-07-17T06:49:53.318147","level":"info","event":"  2800K .......... .......... .......... .......... .......... 32% 9.14M 0s","logger":"airflow.task.hooks.airflow.providers.standard.hooks.subprocess.SubprocessHook"}
{"timestamp":"2025-07-17T06:49:53.318475","level":"info","event":"  2850K .......... .......... .......... .......... .......... 33%  139M 0s","logger":"airflow.task.hooks.airflow.providers.standard.hooks.subprocess.SubprocessHook"}
{"timestamp":"2025-07-17T06:49:53.319052","level":"info","event":"  2900K .......... .......... .......... .......... .......... 33% 66.1M 0s","logger":"airflow.task.hooks.airflow.providers.standard.hooks.subprocess.SubprocessHook"}
{"timestamp":"2025-07-17T06:49:53.319334","level":"info","event":"  2950K .......... .......... .......... .......... .......... 34%  178M 0s","logger":"airflow.task.hooks.airflow.providers.standard.hooks.subprocess.SubprocessHook"}
{"timestamp":"2025-07-17T06:49:53.319813","level":"info","event":"  3000K .......... .......... .......... .......... .......... 35%  155M 0s","logger":"airflow.task.hooks.airflow.providers.standard.hooks.subprocess.SubprocessHook"}
{"timestamp":"2025-07-17T06:49:53.320319","level":"info","event":"  3050K .......... .......... .......... .......... .......... 35% 83.0M 0s","logger":"airflow.task.hooks.airflow.providers.standard.hooks.subprocess.SubprocessHook"}
{"timestamp":"2025-07-17T06:49:53.320624","level":"info","event":"  3100K .......... .......... .......... .......... .......... 36%  134M 0s","logger":"airflow.task.hooks.airflow.providers.standard.hooks.subprocess.SubprocessHook"}
{"timestamp":"2025-07-17T06:49:53.323562","level":"info","event":"  3150K .......... .......... .......... .......... .......... 36% 25.7M 0s","logger":"airflow.task.hooks.airflow.providers.standard.hooks.subprocess.SubprocessHook"}
{"timestamp":"2025-07-17T06:49:53.323714","level":"info","event":"  3200K .......... .......... .......... .......... .......... 37% 75.7M 0s","logger":"airflow.task.hooks.airflow.providers.standard.hooks.subprocess.SubprocessHook"}
{"timestamp":"2025-07-17T06:49:53.323805","level":"info","event":"  3250K .......... .......... .......... .......... .......... 38% 72.5M 0s","logger":"airflow.task.hooks.airflow.providers.standard.hooks.subprocess.SubprocessHook"}
{"timestamp":"2025-07-17T06:49:53.324763","level":"info","event":"  3300K .......... .......... .......... .......... .......... 38% 52.2M 0s","logger":"airflow.task.hooks.airflow.providers.standard.hooks.subprocess.SubprocessHook"}
{"timestamp":"2025-07-17T06:49:53.325774","level":"info","event":"  3350K .......... .......... .......... .......... .......... 39% 54.7M 0s","logger":"airflow.task.hooks.airflow.providers.standard.hooks.subprocess.SubprocessHook"}
{"timestamp":"2025-07-17T06:49:53.325837","level":"info","event":"  3400K .......... .......... .......... .......... .......... 39%  251M 0s","logger":"airflow.task.hooks.airflow.providers.standard.hooks.subprocess.SubprocessHook"}
{"timestamp":"2025-07-17T06:49:53.326496","level":"info","event":"  3450K .......... .......... .......... .......... .......... 40% 87.0M 0s","logger":"airflow.task.hooks.airflow.providers.standard.hooks.subprocess.SubprocessHook"}
{"timestamp":"2025-07-17T06:49:53.326950","level":"info","event":"  3500K .......... .......... .......... .......... .......... 40% 87.6M 0s","logger":"airflow.task.hooks.airflow.providers.standard.hooks.subprocess.SubprocessHook"}
{"timestamp":"2025-07-17T06:49:53.327558","level":"info","event":"  3550K .......... .......... .......... .......... .......... 41% 84.6M 0s","logger":"airflow.task.hooks.airflow.providers.standard.hooks.subprocess.SubprocessHook"}
{"timestamp":"2025-07-17T06:49:53.328172","level":"info","event":"  3600K .......... .......... .......... .......... .......... 42% 74.4M 0s","logger":"airflow.task.hooks.airflow.providers.standard.hooks.subprocess.SubprocessHook"}
{"timestamp":"2025-07-17T06:49:53.329053","level":"info","event":"  3650K .......... .......... .......... .......... .......... 42% 66.5M 0s","logger":"airflow.task.hooks.airflow.providers.standard.hooks.subprocess.SubprocessHook"}
{"timestamp":"2025-07-17T06:49:53.329716","level":"info","event":"  3700K .......... .......... .......... .......... .......... 43% 63.4M 0s","logger":"airflow.task.hooks.airflow.providers.standard.hooks.subprocess.SubprocessHook"}
{"timestamp":"2025-07-17T06:49:53.331072","level":"info","event":"  3750K .......... .......... .......... .......... .......... 43% 35.5M 0s","logger":"airflow.task.hooks.airflow.providers.standard.hooks.subprocess.SubprocessHook"}
{"timestamp":"2025-07-17T06:49:53.331927","level":"info","event":"  3800K .......... .......... .......... .......... .......... 44% 57.5M 0s","logger":"airflow.task.hooks.airflow.providers.standard.hooks.subprocess.SubprocessHook"}
{"timestamp":"2025-07-17T06:49:53.333128","level":"info","event":"  3850K .......... .......... .......... .......... .......... 44% 50.0M 0s","logger":"airflow.task.hooks.airflow.providers.standard.hooks.subprocess.SubprocessHook"}
{"timestamp":"2025-07-17T06:49:53.334230","level":"info","event":"  3900K .......... .......... .......... .......... .......... 45% 39.2M 0s","logger":"airflow.task.hooks.airflow.providers.standard.hooks.subprocess.SubprocessHook"}
{"timestamp":"2025-07-17T06:49:53.334810","level":"info","event":"  3950K .......... .......... .......... .......... .......... 46% 78.2M 0s","logger":"airflow.task.hooks.airflow.providers.standard.hooks.subprocess.SubprocessHook"}
{"timestamp":"2025-07-17T06:49:53.335097","level":"info","event":"  4000K .......... .......... .......... .......... .......... 46%  221M 0s","logger":"airflow.task.hooks.airflow.providers.standard.hooks.subprocess.SubprocessHook"}
{"timestamp":"2025-07-17T06:49:53.335641","level":"info","event":"  4050K .......... .......... .......... .......... .......... 47% 87.4M 0s","logger":"airflow.task.hooks.airflow.providers.standard.hooks.subprocess.SubprocessHook"}
{"timestamp":"2025-07-17T06:49:53.336221","level":"info","event":"  4100K .......... .......... .......... .......... .......... 47% 71.6M 0s","logger":"airflow.task.hooks.airflow.providers.standard.hooks.subprocess.SubprocessHook"}
{"timestamp":"2025-07-17T06:49:53.337079","level":"info","event":"  4150K .......... .......... .......... .......... .......... 48% 64.5M 0s","logger":"airflow.task.hooks.airflow.providers.standard.hooks.subprocess.SubprocessHook"}
{"timestamp":"2025-07-17T06:49:53.337502","level":"info","event":"  4200K .......... .......... .......... .......... .......... 48% 90.4M 0s","logger":"airflow.task.hooks.airflow.providers.standard.hooks.subprocess.SubprocessHook"}
{"timestamp":"2025-07-17T06:49:53.341504","level":"info","event":"  4250K .......... .......... .......... .......... .......... 49% 40.2M 0s","logger":"airflow.task.hooks.airflow.providers.standard.hooks.subprocess.SubprocessHook"}
{"timestamp":"2025-07-17T06:49:53.341894","level":"info","event":"  4300K .......... .......... .......... .......... .......... 50% 15.5M 0s","logger":"airflow.task.hooks.airflow.providers.standard.hooks.subprocess.SubprocessHook"}
{"timestamp":"2025-07-17T06:49:53.342598","level":"info","event":"  4350K .......... .......... .......... .......... .......... 50% 71.7M 0s","logger":"airflow.task.hooks.airflow.providers.standard.hooks.subprocess.SubprocessHook"}
{"timestamp":"2025-07-17T06:49:53.343086","level":"info","event":"  4400K .......... .......... .......... .......... .......... 51%  125M 0s","logger":"airflow.task.hooks.airflow.providers.standard.hooks.subprocess.SubprocessHook"}
{"timestamp":"2025-07-17T06:49:53.343735","level":"info","event":"  4450K .......... .......... .......... .......... .......... 51% 73.3M 0s","logger":"airflow.task.hooks.airflow.providers.standard.hooks.subprocess.SubprocessHook"}
{"timestamp":"2025-07-17T06:49:53.343801","level":"info","event":"  4500K .......... .......... .......... .......... .......... 52%  231M 0s","logger":"airflow.task.hooks.airflow.providers.standard.hooks.subprocess.SubprocessHook"}
{"timestamp":"2025-07-17T06:49:53.344480","level":"info","event":"  4550K .......... .......... .......... .......... .......... 53% 78.2M 0s","logger":"airflow.task.hooks.airflow.providers.standard.hooks.subprocess.SubprocessHook"}
{"timestamp":"2025-07-17T06:49:53.345359","level":"info","event":"  4600K .......... .......... .......... .......... .......... 53% 55.5M 0s","logger":"airflow.task.hooks.airflow.providers.standard.hooks.subprocess.SubprocessHook"}
{"timestamp":"2025-07-17T06:49:53.345894","level":"info","event":"  4650K .......... .......... .......... .......... .......... 54%  101M 0s","logger":"airflow.task.hooks.airflow.providers.standard.hooks.subprocess.SubprocessHook"}
{"timestamp":"2025-07-17T06:49:53.346587","level":"info","event":"  4700K .......... .......... .......... .......... .......... 54% 62.4M 0s","logger":"airflow.task.hooks.airflow.providers.standard.hooks.subprocess.SubprocessHook"}
{"timestamp":"2025-07-17T06:49:53.347953","level":"info","event":"  4750K .......... .......... .......... .......... .......... 55% 39.0M 0s","logger":"airflow.task.hooks.airflow.providers.standard.hooks.subprocess.SubprocessHook"}
{"timestamp":"2025-07-17T06:49:53.349105","level":"info","event":"  4800K .......... .......... .......... .......... .......... 55% 40.4M 0s","logger":"airflow.task.hooks.airflow.providers.standard.hooks.subprocess.SubprocessHook"}
{"timestamp":"2025-07-17T06:49:53.349748","level":"info","event":"  4850K .......... .......... .......... .......... .......... 56% 77.8M 0s","logger":"airflow.task.hooks.airflow.providers.standard.hooks.subprocess.SubprocessHook"}
{"timestamp":"2025-07-17T06:49:53.352976","level":"info","event":"  4900K .......... .......... .......... .......... .......... 57% 14.9M 0s","logger":"airflow.task.hooks.airflow.providers.standard.hooks.subprocess.SubprocessHook"}
{"timestamp":"2025-07-17T06:49:53.353281","level":"info","event":"  4950K .......... .......... .......... .......... .......... 57%  178M 0s","logger":"airflow.task.hooks.airflow.providers.standard.hooks.subprocess.SubprocessHook"}
{"timestamp":"2025-07-17T06:49:53.353955","level":"info","event":"  5000K .......... .......... .......... .......... .......... 58% 69.6M 0s","logger":"airflow.task.hooks.airflow.providers.standard.hooks.subprocess.SubprocessHook"}
{"timestamp":"2025-07-17T06:49:53.354657","level":"info","event":"  5050K .......... .......... .......... .......... .......... 58%  212M 0s","logger":"airflow.task.hooks.airflow.providers.standard.hooks.subprocess.SubprocessHook"}
{"timestamp":"2025-07-17T06:49:53.354889","level":"info","event":"  5100K .......... .......... .......... .......... .......... 59% 69.6M 0s","logger":"airflow.task.hooks.airflow.providers.standard.hooks.subprocess.SubprocessHook"}
{"timestamp":"2025-07-17T06:49:53.355290","level":"info","event":"  5150K .......... .......... .......... .......... .......... 59%  140M 0s","logger":"airflow.task.hooks.airflow.providers.standard.hooks.subprocess.SubprocessHook"}
{"timestamp":"2025-07-17T06:49:53.355750","level":"info","event":"  5200K .......... .......... .......... .......... .......... 60% 97.9M 0s","logger":"airflow.task.hooks.airflow.providers.standard.hooks.subprocess.SubprocessHook"}
{"timestamp":"2025-07-17T06:49:53.357723","level":"info","event":"  5250K .......... .......... .......... .......... .......... 61% 26.5M 0s","logger":"airflow.task.hooks.airflow.providers.standard.hooks.subprocess.SubprocessHook"}
{"timestamp":"2025-07-17T06:49:53.357938","level":"info","event":"  5300K .......... .......... .......... .......... .......... 61%  142M 0s","logger":"airflow.task.hooks.airflow.providers.standard.hooks.subprocess.SubprocessHook"}
{"timestamp":"2025-07-17T06:49:53.359105","level":"info","event":"  5350K .......... .......... .......... .......... .......... 62% 48.3M 0s","logger":"airflow.task.hooks.airflow.providers.standard.hooks.subprocess.SubprocessHook"}
{"timestamp":"2025-07-17T06:49:53.360034","level":"info","event":"  5400K .......... .......... .......... .......... .......... 62% 48.3M 0s","logger":"airflow.task.hooks.airflow.providers.standard.hooks.subprocess.SubprocessHook"}
{"timestamp":"2025-07-17T06:49:53.360830","level":"info","event":"  5450K .......... .......... .......... .......... .......... 63% 88.0M 0s","logger":"airflow.task.hooks.airflow.providers.standard.hooks.subprocess.SubprocessHook"}
{"timestamp":"2025-07-17T06:49:53.363231","level":"info","event":"  5500K .......... .......... .......... .......... .......... 63% 47.2M 0s","logger":"airflow.task.hooks.airflow.providers.standard.hooks.subprocess.SubprocessHook"}
{"timestamp":"2025-07-17T06:49:53.364410","level":"info","event":"  5550K .......... .......... .......... .......... .......... 64%  233M 0s","logger":"airflow.task.hooks.airflow.providers.standard.hooks.subprocess.SubprocessHook"}
{"timestamp":"2025-07-17T06:49:53.364491","level":"info","event":"  5600K .......... .......... .......... .......... .......... 65% 38.6M 0s","logger":"airflow.task.hooks.airflow.providers.standard.hooks.subprocess.SubprocessHook"}
{"timestamp":"2025-07-17T06:49:53.364543","level":"info","event":"  5650K .......... .......... .......... .......... .......... 65%  227M 0s","logger":"airflow.task.hooks.airflow.providers.standard.hooks.subprocess.SubprocessHook"}
{"timestamp":"2025-07-17T06:49:53.364581","level":"info","event":"  5700K .......... .......... .......... .......... .......... 66% 50.3M 0s","logger":"airflow.task.hooks.airflow.providers.standard.hooks.subprocess.SubprocessHook"}
{"timestamp":"2025-07-17T06:49:53.364602","level":"info","event":"  5750K .......... .......... .......... .......... .......... 66%  216M 0s","logger":"airflow.task.hooks.airflow.providers.standard.hooks.subprocess.SubprocessHook"}
{"timestamp":"2025-07-17T06:49:53.365654","level":"info","event":"  5800K .......... .......... .......... .......... .......... 67% 45.3M 0s","logger":"airflow.task.hooks.airflow.providers.standard.hooks.subprocess.SubprocessHook"}
{"timestamp":"2025-07-17T06:49:53.367042","level":"info","event":"  5850K .......... .......... .......... .......... .......... 67% 34.2M 0s","logger":"airflow.task.hooks.airflow.providers.standard.hooks.subprocess.SubprocessHook"}
{"timestamp":"2025-07-17T06:49:53.367895","level":"info","event":"  5900K .......... .......... .......... .......... .......... 68% 58.3M 0s","logger":"airflow.task.hooks.airflow.providers.standard.hooks.subprocess.SubprocessHook"}
{"timestamp":"2025-07-17T06:49:53.368237","level":"info","event":"  5950K .......... .......... .......... .......... .......... 69%  129M 0s","logger":"airflow.task.hooks.airflow.providers.standard.hooks.subprocess.SubprocessHook"}
{"timestamp":"2025-07-17T06:49:53.368548","level":"info","event":"  6000K .......... .......... .......... .......... .......... 69%  221M 0s","logger":"airflow.task.hooks.airflow.providers.standard.hooks.subprocess.SubprocessHook"}
{"timestamp":"2025-07-17T06:49:53.369709","level":"info","event":"  6050K .......... .......... .......... .......... .......... 70% 39.5M 0s","logger":"airflow.task.hooks.airflow.providers.standard.hooks.subprocess.SubprocessHook"}
{"timestamp":"2025-07-17T06:49:53.369775","level":"info","event":"  6100K .......... .......... .......... .......... .......... 70%  222M 0s","logger":"airflow.task.hooks.airflow.providers.standard.hooks.subprocess.SubprocessHook"}
{"timestamp":"2025-07-17T06:49:53.371339","level":"info","event":"  6150K .......... .......... .......... .......... .......... 71% 43.9M 0s","logger":"airflow.task.hooks.airflow.providers.standard.hooks.subprocess.SubprocessHook"}
{"timestamp":"2025-07-17T06:49:53.372009","level":"info","event":"  6200K .......... .......... .......... .......... .......... 72%  175M 0s","logger":"airflow.task.hooks.airflow.providers.standard.hooks.subprocess.SubprocessHook"}
{"timestamp":"2025-07-17T06:49:53.372405","level":"info","event":"  6250K .......... .......... .......... .......... .......... 72% 90.8M 0s","logger":"airflow.task.hooks.airflow.providers.standard.hooks.subprocess.SubprocessHook"}
{"timestamp":"2025-07-17T06:49:53.373142","level":"info","event":"  6300K .......... .......... .......... .......... .......... 73% 41.4M 0s","logger":"airflow.task.hooks.airflow.providers.standard.hooks.subprocess.SubprocessHook"}
{"timestamp":"2025-07-17T06:49:53.373709","level":"info","event":"  6350K .......... .......... .......... .......... .......... 73% 72.4M 0s","logger":"airflow.task.hooks.airflow.providers.standard.hooks.subprocess.SubprocessHook"}
{"timestamp":"2025-07-17T06:49:53.374714","level":"info","event":"  6400K .......... .......... .......... .......... .......... 74% 71.4M 0s","logger":"airflow.task.hooks.airflow.providers.standard.hooks.subprocess.SubprocessHook"}
{"timestamp":"2025-07-17T06:49:53.376938","level":"info","event":"  6450K .......... .......... .......... .......... .......... 74% 18.8M 0s","logger":"airflow.task.hooks.airflow.providers.standard.hooks.subprocess.SubprocessHook"}
{"timestamp":"2025-07-17T06:49:53.377939","level":"info","event":"  6500K .......... .......... .......... .......... .......... 75%  101M 0s","logger":"airflow.task.hooks.airflow.providers.standard.hooks.subprocess.SubprocessHook"}
{"timestamp":"2025-07-17T06:49:53.377980","level":"info","event":"  6550K .......... .......... .......... .......... .......... 76% 75.0M 0s","logger":"airflow.task.hooks.airflow.providers.standard.hooks.subprocess.SubprocessHook"}
{"timestamp":"2025-07-17T06:49:53.378506","level":"info","event":"  6600K .......... .......... .......... .......... .......... 76% 98.5M 0s","logger":"airflow.task.hooks.airflow.providers.standard.hooks.subprocess.SubprocessHook"}
{"timestamp":"2025-07-17T06:49:53.379444","level":"info","event":"  6650K .......... .......... .......... .......... .......... 77%  212M 0s","logger":"airflow.task.hooks.airflow.providers.standard.hooks.subprocess.SubprocessHook"}
{"timestamp":"2025-07-17T06:49:53.379510","level":"info","event":"  6700K .......... .......... .......... .......... .......... 77% 72.9M 0s","logger":"airflow.task.hooks.airflow.providers.standard.hooks.subprocess.SubprocessHook"}
{"timestamp":"2025-07-17T06:49:53.379857","level":"info","event":"  6750K .......... .......... .......... .......... .......... 78%  122M 0s","logger":"airflow.task.hooks.airflow.providers.standard.hooks.subprocess.SubprocessHook"}
{"timestamp":"2025-07-17T06:49:53.380160","level":"info","event":"  6800K .......... .......... .......... .......... .......... 78%  140M 0s","logger":"airflow.task.hooks.airflow.providers.standard.hooks.subprocess.SubprocessHook"}
{"timestamp":"2025-07-17T06:49:53.380666","level":"info","event":"  6850K .......... .......... .......... .......... .......... 79%  118M 0s","logger":"airflow.task.hooks.airflow.providers.standard.hooks.subprocess.SubprocessHook"}
{"timestamp":"2025-07-17T06:49:53.381015","level":"info","event":"  6900K .......... .......... .......... .......... .......... 80%  116M 0s","logger":"airflow.task.hooks.airflow.providers.standard.hooks.subprocess.SubprocessHook"}
{"timestamp":"2025-07-17T06:49:53.382110","level":"info","event":"  6950K .......... .......... .......... .......... .......... 80% 51.0M 0s","logger":"airflow.task.hooks.airflow.providers.standard.hooks.subprocess.SubprocessHook"}
{"timestamp":"2025-07-17T06:49:53.382628","level":"info","event":"  7000K .......... .......... .......... .......... .......... 81% 84.3M 0s","logger":"airflow.task.hooks.airflow.providers.standard.hooks.subprocess.SubprocessHook"}
{"timestamp":"2025-07-17T06:49:53.383459","level":"info","event":"  7050K .......... .......... .......... .......... .......... 81% 71.8M 0s","logger":"airflow.task.hooks.airflow.providers.standard.hooks.subprocess.SubprocessHook"}
{"timestamp":"2025-07-17T06:49:53.384233","level":"info","event":"  7100K .......... .......... .......... .......... .......... 82% 48.2M 0s","logger":"airflow.task.hooks.airflow.providers.standard.hooks.subprocess.SubprocessHook"}
{"timestamp":"2025-07-17T06:49:53.385127","level":"info","event":"  7150K .......... .......... .......... .......... .......... 82% 57.3M 0s","logger":"airflow.task.hooks.airflow.providers.standard.hooks.subprocess.SubprocessHook"}
{"timestamp":"2025-07-17T06:49:53.385282","level":"info","event":"  7200K .......... .......... .......... .......... .......... 83%  232M 0s","logger":"airflow.task.hooks.airflow.providers.standard.hooks.subprocess.SubprocessHook"}
{"timestamp":"2025-07-17T06:49:53.386220","level":"info","event":"  7250K .......... .......... .......... .......... .......... 84% 53.7M 0s","logger":"airflow.task.hooks.airflow.providers.standard.hooks.subprocess.SubprocessHook"}
{"timestamp":"2025-07-17T06:49:53.386626","level":"info","event":"  7300K .......... .......... .......... .......... .......... 84%  107M 0s","logger":"airflow.task.hooks.airflow.providers.standard.hooks.subprocess.SubprocessHook"}
{"timestamp":"2025-07-17T06:49:53.388720","level":"info","event":"  7350K .......... .......... .......... .......... .......... 85% 23.5M 0s","logger":"airflow.task.hooks.airflow.providers.standard.hooks.subprocess.SubprocessHook"}
{"timestamp":"2025-07-17T06:49:53.389141","level":"info","event":"  7400K .......... .......... .......... .......... .......... 85%  125M 0s","logger":"airflow.task.hooks.airflow.providers.standard.hooks.subprocess.SubprocessHook"}
{"timestamp":"2025-07-17T06:49:53.389966","level":"info","event":"  7450K .......... .......... .......... .......... .......... 86% 76.8M 0s","logger":"airflow.task.hooks.airflow.providers.standard.hooks.subprocess.SubprocessHook"}
{"timestamp":"2025-07-17T06:49:53.400771","level":"info","event":"  7500K .......... .......... .......... .......... .......... 87% 4.46M 0s","logger":"airflow.task.hooks.airflow.providers.standard.hooks.subprocess.SubprocessHook"}
{"timestamp":"2025-07-17T06:49:53.401897","level":"info","event":"  7550K .......... .......... .......... .......... .......... 87% 40.5M 0s","logger":"airflow.task.hooks.airflow.providers.standard.hooks.subprocess.SubprocessHook"}
{"timestamp":"2025-07-17T06:49:53.402439","level":"info","event":"  7600K .......... .......... .......... .......... .......... 88% 93.9M 0s","logger":"airflow.task.hooks.airflow.providers.standard.hooks.subprocess.SubprocessHook"}
{"timestamp":"2025-07-17T06:49:53.402860","level":"info","event":"  7650K .......... .......... .......... .......... .......... 88%  123M 0s","logger":"airflow.task.hooks.airflow.providers.standard.hooks.subprocess.SubprocessHook"}
{"timestamp":"2025-07-17T06:49:53.403867","level":"info","event":"  7700K .......... .......... .......... .......... .......... 89% 47.2M 0s","logger":"airflow.task.hooks.airflow.providers.standard.hooks.subprocess.SubprocessHook"}
{"timestamp":"2025-07-17T06:49:53.404469","level":"info","event":"  7750K .......... .......... .......... .......... .......... 89% 81.5M 0s","logger":"airflow.task.hooks.airflow.providers.standard.hooks.subprocess.SubprocessHook"}
{"timestamp":"2025-07-17T06:49:53.404696","level":"info","event":"  7800K .......... .......... .......... .......... .......... 90%  187M 0s","logger":"airflow.task.hooks.airflow.providers.standard.hooks.subprocess.SubprocessHook"}
{"timestamp":"2025-07-17T06:49:53.405596","level":"info","event":"  7850K .......... .......... .......... .......... .......... 91%  118M 0s","logger":"airflow.task.hooks.airflow.providers.standard.hooks.subprocess.SubprocessHook"}
{"timestamp":"2025-07-17T06:49:53.407357","level":"info","event":"  7900K .......... .......... .......... .......... .......... 91% 22.2M 0s","logger":"airflow.task.hooks.airflow.providers.standard.hooks.subprocess.SubprocessHook"}
{"timestamp":"2025-07-17T06:49:53.407900","level":"info","event":"  7950K .......... .......... .......... .......... .......... 92% 84.8M 0s","logger":"airflow.task.hooks.airflow.providers.standard.hooks.subprocess.SubprocessHook"}
{"timestamp":"2025-07-17T06:49:53.408814","level":"info","event":"  8000K .......... .......... .......... .......... .......... 92% 59.6M 0s","logger":"airflow.task.hooks.airflow.providers.standard.hooks.subprocess.SubprocessHook"}
{"timestamp":"2025-07-17T06:49:53.409200","level":"info","event":"  8050K .......... .......... .......... .......... .......... 93%  106M 0s","logger":"airflow.task.hooks.airflow.providers.standard.hooks.subprocess.SubprocessHook"}
{"timestamp":"2025-07-17T06:49:53.409978","level":"info","event":"  8100K .......... .......... .......... .......... .......... 93% 61.4M 0s","logger":"airflow.task.hooks.airflow.providers.standard.hooks.subprocess.SubprocessHook"}
{"timestamp":"2025-07-17T06:49:53.410623","level":"info","event":"  8150K .......... .......... .......... .......... .......... 94% 73.3M 0s","logger":"airflow.task.hooks.airflow.providers.standard.hooks.subprocess.SubprocessHook"}
{"timestamp":"2025-07-17T06:49:53.411372","level":"info","event":"  8200K .......... .......... .......... .......... .......... 95% 65.2M 0s","logger":"airflow.task.hooks.airflow.providers.standard.hooks.subprocess.SubprocessHook"}
{"timestamp":"2025-07-17T06:49:53.412416","level":"info","event":"  8250K .......... .......... .......... .......... .......... 95% 54.3M 0s","logger":"airflow.task.hooks.airflow.providers.standard.hooks.subprocess.SubprocessHook"}
{"timestamp":"2025-07-17T06:49:53.415484","level":"info","event":"  8300K .......... .......... .......... .......... .......... 96% 15.6M 0s","logger":"airflow.task.hooks.airflow.providers.standard.hooks.subprocess.SubprocessHook"}
{"timestamp":"2025-07-17T06:49:53.416182","level":"info","event":"  8350K .......... .......... .......... .......... .......... 96% 64.0M 0s","logger":"airflow.task.hooks.airflow.providers.standard.hooks.subprocess.SubprocessHook"}
{"timestamp":"2025-07-17T06:49:53.416893","level":"info","event":"  8400K .......... .......... .......... .......... .......... 97% 73.6M 0s","logger":"airflow.task.hooks.airflow.providers.standard.hooks.subprocess.SubprocessHook"}
{"timestamp":"2025-07-17T06:49:53.417963","level":"info","event":"  8450K .......... .......... .......... .......... .......... 97% 52.3M 0s","logger":"airflow.task.hooks.airflow.providers.standard.hooks.subprocess.SubprocessHook"}
{"timestamp":"2025-07-17T06:49:53.418372","level":"info","event":"  8500K .......... .......... .......... .......... .......... 98% 89.3M 0s","logger":"airflow.task.hooks.airflow.providers.standard.hooks.subprocess.SubprocessHook"}
{"timestamp":"2025-07-17T06:49:53.419033","level":"info","event":"  8550K .......... .......... .......... .......... .......... 99% 67.5M 0s","logger":"airflow.task.hooks.airflow.providers.standard.hooks.subprocess.SubprocessHook"}
{"timestamp":"2025-07-17T06:49:53.419571","level":"info","event":"  8600K .......... .......... .......... .......... .......... 99% 91.1M 0s","logger":"airflow.task.hooks.airflow.providers.standard.hooks.subprocess.SubprocessHook"}
{"timestamp":"2025-07-17T06:49:53.420159","level":"info","event":"  8650K .......... .......... ......                          100% 43.6M=0.2s","logger":"airflow.task.hooks.airflow.providers.standard.hooks.subprocess.SubprocessHook"}
{"timestamp":"2025-07-17T06:49:53.420215","level":"info","event":"","logger":"airflow.task.hooks.airflow.providers.standard.hooks.subprocess.SubprocessHook"}
{"timestamp":"2025-07-17T06:49:53.420261","level":"info","event":"2025-07-17 06:49:53 (46.0 MB/s) - ‘/opt/airflow/green_tripdata_2019-05.csv.gz’ saved [8884783/8884783]","logger":"airflow.task.hooks.airflow.providers.standard.hooks.subprocess.SubprocessHook"}
{"timestamp":"2025-07-17T06:49:53.420355","level":"info","event":"","logger":"airflow.task.hooks.airflow.providers.standard.hooks.subprocess.SubprocessHook"}
{"timestamp":"2025-07-17T06:49:53.784149","level":"info","event":"Command exited with return code 0","logger":"airflow.task.hooks.airflow.providers.standard.hooks.subprocess.SubprocessHook"}
{"timestamp":"2025-07-17T06:49:53.785561","level":"info","event":"Pushing xcom","ti":"RuntimeTaskInstance(id=UUID('01981725-8713-7845-b2d4-2d4febbd0ea6'), task_id='wget_trips_csvgz', dag_id='local_ingestion_pg_green', run_id='scheduled__2019-05-02T06:00:00+00:00', try_number=1, map_index=-1, hostname='3f7f1d329e72', context_carrier={}, task=<Task(BashOperator): wget_trips_csvgz>, bundle_instance=LocalDagBundle(name=dags-folder), max_tries=0, start_date=datetime.datetime(2025, 7, 17, 6, 49, 52, 267569, tzinfo=TzInfo(UTC)), end_date=None, state=<TaskInstanceState.RUNNING: 'running'>, is_mapped=False, rendered_map_index=None)","logger":"task"}
