{"timestamp":"2025-07-17T06:42:06.837725","level":"info","event":"DAG bundles loaded: dags-folder","logger":"airflow.dag_processing.bundles.manager.DagBundlesManager"}
{"timestamp":"2025-07-17T06:42:06.838550","level":"info","event":"Filling up the DagBag from /opt/airflow/dags/data_ingestion_localpg_dag.py","logger":"airflow.models.dagbag.DagBag"}
{"timestamp":"2025-07-17T06:42:07.312083","level":"info","event":"Tmp dir root location: /tmp","logger":"airflow.task.hooks.airflow.providers.standard.hooks.subprocess.SubprocessHook"}
{"timestamp":"2025-07-17T06:42:07.313396","level":"info","event":"Running command: ['/usr/bin/bash', '-c', 'wget https://github.com/DataTalksClub/nyc-tlc-data/releases/download/green/green_tripdata_2019-07.csv.gz -O /opt/airflow/green_tripdata_2019-07.csv.gz && gunzip -f /opt/airflow/green_tripdata_2019-07.csv.gz || rm -f /opt/airflow/green_tripdata_2019-07.csv.gz']","logger":"airflow.task.hooks.airflow.providers.standard.hooks.subprocess.SubprocessHook"}
{"timestamp":"2025-07-17T06:42:07.333430","level":"info","event":"Output:","logger":"airflow.task.hooks.airflow.providers.standard.hooks.subprocess.SubprocessHook"}
{"timestamp":"2025-07-17T06:42:07.353164","level":"info","event":"--2025-07-17 06:42:07--  https://github.com/DataTalksClub/nyc-tlc-data/releases/download/green/green_tripdata_2019-07.csv.gz","logger":"airflow.task.hooks.airflow.providers.standard.hooks.subprocess.SubprocessHook"}
{"timestamp":"2025-07-17T06:42:07.385672","level":"info","event":"Resolving github.com (github.com)... 20.205.243.166","logger":"airflow.task.hooks.airflow.providers.standard.hooks.subprocess.SubprocessHook"}
{"timestamp":"2025-07-17T06:42:07.395421","level":"info","event":"Connecting to github.com (github.com)|20.205.243.166|:443... connected.","logger":"airflow.task.hooks.airflow.providers.standard.hooks.subprocess.SubprocessHook"}
{"timestamp":"2025-07-17T06:42:07.789218","level":"info","event":"HTTP request sent, awaiting response... 302 Found","logger":"airflow.task.hooks.airflow.providers.standard.hooks.subprocess.SubprocessHook"}
{"timestamp":"2025-07-17T06:42:07.790168","level":"info","event":"Location: https://release-assets.githubusercontent.com/github-production-release-asset/513814948/ff39d7b6-a867-4007-b05e-2b9044d2e1c9?sp=r&sv=2018-11-09&sr=b&spr=https&se=2025-07-17T07%3A33%3A38Z&rscd=attachment%3B+filename%3Dgreen_tripdata_2019-07.csv.gz&rsct=application%2Foctet-stream&skoid=96c2d410-5711-43a1-aedd-ab1947aa7ab0&sktid=398a6654-997b-47e9-b12b-9515b896b4de&skt=2025-07-17T06%3A33%3A00Z&ske=2025-07-17T07%3A33%3A38Z&sks=b&skv=2018-11-09&sig=0%2FwrGNndwsEliU1nhRUcUMoDGzRHxLY%2BVlZrJE7stME%3D&jwt=eyJ******&response-content-disposition=attachment%3B%20filename%3Dgreen_tripdata_2019-07.csv.gz&response-content-type=application%2Foctet-stream [following]","logger":"airflow.task.hooks.airflow.providers.standard.hooks.subprocess.SubprocessHook"}
{"timestamp":"2025-07-17T06:42:07.790464","level":"info","event":"--2025-07-17 06:42:07--  https://release-assets.githubusercontent.com/github-production-release-asset/513814948/ff39d7b6-a867-4007-b05e-2b9044d2e1c9?sp=r&sv=2018-11-09&sr=b&spr=https&se=2025-07-17T07%3A33%3A38Z&rscd=attachment%3B+filename%3Dgreen_tripdata_2019-07.csv.gz&rsct=application%2Foctet-stream&skoid=96c2d410-5711-43a1-aedd-ab1947aa7ab0&sktid=398a6654-997b-47e9-b12b-9515b896b4de&skt=2025-07-17T06%3A33%3A00Z&ske=2025-07-17T07%3A33%3A38Z&sks=b&skv=2018-11-09&sig=0%2FwrGNndwsEliU1nhRUcUMoDGzRHxLY%2BVlZrJE7stME%3D&jwt=eyJ******&response-content-disposition=attachment%3B%20filename%3Dgreen_tripdata_2019-07.csv.gz&response-content-type=application%2Foctet-stream","logger":"airflow.task.hooks.airflow.providers.standard.hooks.subprocess.SubprocessHook"}
{"timestamp":"2025-07-17T06:42:07.797040","level":"info","event":"Resolving release-assets.githubusercontent.com (release-assets.githubusercontent.com)... 185.199.108.133, 185.199.109.133, 185.199.110.133, ...","logger":"airflow.task.hooks.airflow.providers.standard.hooks.subprocess.SubprocessHook"}
{"timestamp":"2025-07-17T06:42:07.805596","level":"info","event":"Connecting to release-assets.githubusercontent.com (release-assets.githubusercontent.com)|185.199.108.133|:443... connected.","logger":"airflow.task.hooks.airflow.providers.standard.hooks.subprocess.SubprocessHook"}
{"timestamp":"2025-07-17T06:42:08.246315","level":"info","event":"HTTP request sent, awaiting response... 200 OK","logger":"airflow.task.hooks.airflow.providers.standard.hooks.subprocess.SubprocessHook"}
{"timestamp":"2025-07-17T06:42:08.246487","level":"info","event":"Length: 8242122 (7.9M) [application/octet-stream]","logger":"airflow.task.hooks.airflow.providers.standard.hooks.subprocess.SubprocessHook"}
{"timestamp":"2025-07-17T06:42:08.246557","level":"info","event":"Saving to: ‘/opt/airflow/green_tripdata_2019-07.csv.gz’","logger":"airflow.task.hooks.airflow.providers.standard.hooks.subprocess.SubprocessHook"}
{"timestamp":"2025-07-17T06:42:08.246631","level":"info","event":"","logger":"airflow.task.hooks.airflow.providers.standard.hooks.subprocess.SubprocessHook"}
{"timestamp":"2025-07-17T06:42:08.302826","level":"info","event":"     0K .......... .......... .......... .......... ..........  0%  881K 9s","logger":"airflow.task.hooks.airflow.providers.standard.hooks.subprocess.SubprocessHook"}
{"timestamp":"2025-07-17T06:42:08.306280","level":"info","event":"    50K .......... .......... .......... .......... ..........  1% 13.7M 5s","logger":"airflow.task.hooks.airflow.providers.standard.hooks.subprocess.SubprocessHook"}
{"timestamp":"2025-07-17T06:42:08.347656","level":"info","event":"   100K .......... .......... .......... .......... ..........  1% 1.19M 5s","logger":"airflow.task.hooks.airflow.providers.standard.hooks.subprocess.SubprocessHook"}
{"timestamp":"2025-07-17T06:42:08.369897","level":"info","event":"   150K .......... .......... .......... .......... ..........  2% 2.17M 5s","logger":"airflow.task.hooks.airflow.providers.standard.hooks.subprocess.SubprocessHook"}
{"timestamp":"2025-07-17T06:42:08.371774","level":"info","event":"   200K .......... .......... .......... .......... ..........  3% 25.7M 4s","logger":"airflow.task.hooks.airflow.providers.standard.hooks.subprocess.SubprocessHook"}
{"timestamp":"2025-07-17T06:42:08.375031","level":"info","event":"   250K .......... .......... .......... .......... ..........  3% 15.5M 3s","logger":"airflow.task.hooks.airflow.providers.standard.hooks.subprocess.SubprocessHook"}
{"timestamp":"2025-07-17T06:42:08.384000","level":"info","event":"   300K .......... .......... .......... .......... ..........  4% 5.41M 3s","logger":"airflow.task.hooks.airflow.providers.standard.hooks.subprocess.SubprocessHook"}
{"timestamp":"2025-07-17T06:42:08.397163","level":"info","event":"   350K .......... .......... .......... .......... ..........  4% 3.72M 3s","logger":"airflow.task.hooks.airflow.providers.standard.hooks.subprocess.SubprocessHook"}
{"timestamp":"2025-07-17T06:42:08.416101","level":"info","event":"   400K .......... .......... .......... .......... ..........  5% 2.61M 3s","logger":"airflow.task.hooks.airflow.providers.standard.hooks.subprocess.SubprocessHook"}
{"timestamp":"2025-07-17T06:42:08.424432","level":"info","event":"   450K .......... .......... .......... .......... ..........  6% 5.79M 3s","logger":"airflow.task.hooks.airflow.providers.standard.hooks.subprocess.SubprocessHook"}
{"timestamp":"2025-07-17T06:42:08.439693","level":"info","event":"   500K .......... .......... .......... .......... ..........  6% 3.26M 3s","logger":"airflow.task.hooks.airflow.providers.standard.hooks.subprocess.SubprocessHook"}
{"timestamp":"2025-07-17T06:42:08.440369","level":"info","event":"   550K .......... .......... .......... .......... ..........  7% 47.3M 2s","logger":"airflow.task.hooks.airflow.providers.standard.hooks.subprocess.SubprocessHook"}
{"timestamp":"2025-07-17T06:42:08.440423","level":"info","event":"   600K .......... .......... .......... .......... ..........  8%  250M 2s","logger":"airflow.task.hooks.airflow.providers.standard.hooks.subprocess.SubprocessHook"}
{"timestamp":"2025-07-17T06:42:08.447190","level":"info","event":"   650K .......... .......... .......... .......... ..........  8% 7.57M 2s","logger":"airflow.task.hooks.airflow.providers.standard.hooks.subprocess.SubprocessHook"}
{"timestamp":"2025-07-17T06:42:08.462044","level":"info","event":"   700K .......... .......... .......... .......... ..........  9% 3.35M 2s","logger":"airflow.task.hooks.airflow.providers.standard.hooks.subprocess.SubprocessHook"}
{"timestamp":"2025-07-17T06:42:08.466013","level":"info","event":"   750K .......... .......... .......... .......... ..........  9% 12.0M 2s","logger":"airflow.task.hooks.airflow.providers.standard.hooks.subprocess.SubprocessHook"}
{"timestamp":"2025-07-17T06:42:08.470093","level":"info","event":"   800K .......... .......... .......... .......... .......... 10% 11.0M 2s","logger":"airflow.task.hooks.airflow.providers.standard.hooks.subprocess.SubprocessHook"}
{"timestamp":"2025-07-17T06:42:08.474629","level":"info","event":"   850K .......... .......... .......... .......... .......... 11% 10.7M 2s","logger":"airflow.task.hooks.airflow.providers.standard.hooks.subprocess.SubprocessHook"}
{"timestamp":"2025-07-17T06:42:08.479996","level":"info","event":"   900K .......... .......... .......... .......... .......... 11% 9.15M 2s","logger":"airflow.task.hooks.airflow.providers.standard.hooks.subprocess.SubprocessHook"}
{"timestamp":"2025-07-17T06:42:08.486653","level":"info","event":"   950K .......... .......... .......... .......... .......... 12% 7.48M 2s","logger":"airflow.task.hooks.airflow.providers.standard.hooks.subprocess.SubprocessHook"}
{"timestamp":"2025-07-17T06:42:08.491645","level":"info","event":"  1000K .......... .......... .......... .......... .......... 13% 9.73M 2s","logger":"airflow.task.hooks.airflow.providers.standard.hooks.subprocess.SubprocessHook"}
{"timestamp":"2025-07-17T06:42:08.494331","level":"info","event":"  1050K .......... .......... .......... .......... .......... 13% 17.4M 2s","logger":"airflow.task.hooks.airflow.providers.standard.hooks.subprocess.SubprocessHook"}
{"timestamp":"2025-07-17T06:42:08.508796","level":"info","event":"  1100K .......... .......... .......... .......... .......... 14% 3.38M 2s","logger":"airflow.task.hooks.airflow.providers.standard.hooks.subprocess.SubprocessHook"}
{"timestamp":"2025-07-17T06:42:08.544238","level":"info","event":"  1150K .......... .......... .......... .......... .......... 14% 1.38M 2s","logger":"airflow.task.hooks.airflow.providers.standard.hooks.subprocess.SubprocessHook"}
{"timestamp":"2025-07-17T06:42:08.548964","level":"info","event":"  1200K .......... .......... .......... .......... .......... 15% 10.9M 2s","logger":"airflow.task.hooks.airflow.providers.standard.hooks.subprocess.SubprocessHook"}
{"timestamp":"2025-07-17T06:42:08.551647","level":"info","event":"  1250K .......... .......... .......... .......... .......... 16% 16.6M 2s","logger":"airflow.task.hooks.airflow.providers.standard.hooks.subprocess.SubprocessHook"}
{"timestamp":"2025-07-17T06:42:08.564041","level":"info","event":"  1300K .......... .......... .......... .......... .......... 16% 3.94M 2s","logger":"airflow.task.hooks.airflow.providers.standard.hooks.subprocess.SubprocessHook"}
{"timestamp":"2025-07-17T06:42:08.575428","level":"info","event":"  1350K .......... .......... .......... .......... .......... 17% 4.29M 2s","logger":"airflow.task.hooks.airflow.providers.standard.hooks.subprocess.SubprocessHook"}
{"timestamp":"2025-07-17T06:42:08.582606","level":"info","event":"  1400K .......... .......... .......... .......... .......... 18% 6.71M 2s","logger":"airflow.task.hooks.airflow.providers.standard.hooks.subprocess.SubprocessHook"}
{"timestamp":"2025-07-17T06:42:08.589097","level":"info","event":"  1450K .......... .......... .......... .......... .......... 18% 7.64M 1s","logger":"airflow.task.hooks.airflow.providers.standard.hooks.subprocess.SubprocessHook"}
{"timestamp":"2025-07-17T06:42:08.593290","level":"info","event":"  1500K .......... .......... .......... .......... .......... 19% 11.4M 1s","logger":"airflow.task.hooks.airflow.providers.standard.hooks.subprocess.SubprocessHook"}
{"timestamp":"2025-07-17T06:42:08.599684","level":"info","event":"  1550K .......... .......... .......... .......... .......... 19% 7.67M 1s","logger":"airflow.task.hooks.airflow.providers.standard.hooks.subprocess.SubprocessHook"}
{"timestamp":"2025-07-17T06:42:08.601665","level":"info","event":"  1600K .......... .......... .......... .......... .......... 20% 24.1M 1s","logger":"airflow.task.hooks.airflow.providers.standard.hooks.subprocess.SubprocessHook"}
{"timestamp":"2025-07-17T06:42:08.604456","level":"info","event":"  1650K .......... .......... .......... .......... .......... 21% 18.6M 1s","logger":"airflow.task.hooks.airflow.providers.standard.hooks.subprocess.SubprocessHook"}
{"timestamp":"2025-07-17T06:42:08.605807","level":"info","event":"  1700K .......... .......... .......... .......... .......... 21% 31.4M 1s","logger":"airflow.task.hooks.airflow.providers.standard.hooks.subprocess.SubprocessHook"}
{"timestamp":"2025-07-17T06:42:08.610155","level":"info","event":"  1750K .......... .......... .......... .......... .......... 22% 11.6M 1s","logger":"airflow.task.hooks.airflow.providers.standard.hooks.subprocess.SubprocessHook"}
{"timestamp":"2025-07-17T06:42:08.611911","level":"info","event":"  1800K .......... .......... .......... .......... .......... 22% 36.9M 1s","logger":"airflow.task.hooks.airflow.providers.standard.hooks.subprocess.SubprocessHook"}
{"timestamp":"2025-07-17T06:42:08.613285","level":"info","event":"  1850K .......... .......... .......... .......... .......... 23% 26.0M 1s","logger":"airflow.task.hooks.airflow.providers.standard.hooks.subprocess.SubprocessHook"}
{"timestamp":"2025-07-17T06:42:08.615751","level":"info","event":"  1900K .......... .......... .......... .......... .......... 24% 19.3M 1s","logger":"airflow.task.hooks.airflow.providers.standard.hooks.subprocess.SubprocessHook"}
{"timestamp":"2025-07-17T06:42:08.617645","level":"info","event":"  1950K .......... .......... .......... .......... .......... 24% 26.1M 1s","logger":"airflow.task.hooks.airflow.providers.standard.hooks.subprocess.SubprocessHook"}
{"timestamp":"2025-07-17T06:42:08.619778","level":"info","event":"  2000K .......... .......... .......... .......... .......... 25% 22.7M 1s","logger":"airflow.task.hooks.airflow.providers.standard.hooks.subprocess.SubprocessHook"}
{"timestamp":"2025-07-17T06:42:08.622721","level":"info","event":"  2050K .......... .......... .......... .......... .......... 26% 17.1M 1s","logger":"airflow.task.hooks.airflow.providers.standard.hooks.subprocess.SubprocessHook"}
{"timestamp":"2025-07-17T06:42:08.625176","level":"info","event":"  2100K .......... .......... .......... .......... .......... 26% 19.4M 1s","logger":"airflow.task.hooks.airflow.providers.standard.hooks.subprocess.SubprocessHook"}
{"timestamp":"2025-07-17T06:42:08.627131","level":"info","event":"  2150K .......... .......... .......... .......... .......... 27% 24.4M 1s","logger":"airflow.task.hooks.airflow.providers.standard.hooks.subprocess.SubprocessHook"}
{"timestamp":"2025-07-17T06:42:08.630115","level":"info","event":"  2200K .......... .......... .......... .......... .......... 27% 16.7M 1s","logger":"airflow.task.hooks.airflow.providers.standard.hooks.subprocess.SubprocessHook"}
{"timestamp":"2025-07-17T06:42:08.630923","level":"info","event":"  2250K .......... .......... .......... .......... .......... 28% 56.2M 1s","logger":"airflow.task.hooks.airflow.providers.standard.hooks.subprocess.SubprocessHook"}
{"timestamp":"2025-07-17T06:42:08.632917","level":"info","event":"  2300K .......... .......... .......... .......... .......... 29% 24.3M 1s","logger":"airflow.task.hooks.airflow.providers.standard.hooks.subprocess.SubprocessHook"}
{"timestamp":"2025-07-17T06:42:08.635336","level":"info","event":"  2350K .......... .......... .......... .......... .......... 29% 20.8M 1s","logger":"airflow.task.hooks.airflow.providers.standard.hooks.subprocess.SubprocessHook"}
{"timestamp":"2025-07-17T06:42:08.637094","level":"info","event":"  2400K .......... .......... .......... .......... .......... 30% 28.7M 1s","logger":"airflow.task.hooks.airflow.providers.standard.hooks.subprocess.SubprocessHook"}
{"timestamp":"2025-07-17T06:42:08.639209","level":"info","event":"  2450K .......... .......... .......... .......... .......... 31% 22.4M 1s","logger":"airflow.task.hooks.airflow.providers.standard.hooks.subprocess.SubprocessHook"}
{"timestamp":"2025-07-17T06:42:08.641340","level":"info","event":"  2500K .......... .......... .......... .......... .......... 31% 22.9M 1s","logger":"airflow.task.hooks.airflow.providers.standard.hooks.subprocess.SubprocessHook"}
{"timestamp":"2025-07-17T06:42:08.643272","level":"info","event":"  2550K .......... .......... .......... .......... .......... 32% 24.7M 1s","logger":"airflow.task.hooks.airflow.providers.standard.hooks.subprocess.SubprocessHook"}
{"timestamp":"2025-07-17T06:42:08.651405","level":"info","event":"  2600K .......... .......... .......... .......... .......... 32% 6.16M 1s","logger":"airflow.task.hooks.airflow.providers.standard.hooks.subprocess.SubprocessHook"}
{"timestamp":"2025-07-17T06:42:08.653033","level":"info","event":"  2650K .......... .......... .......... .......... .......... 33% 27.6M 1s","logger":"airflow.task.hooks.airflow.providers.standard.hooks.subprocess.SubprocessHook"}
{"timestamp":"2025-07-17T06:42:08.654259","level":"info","event":"  2700K .......... .......... .......... .......... .......... 34% 38.3M 1s","logger":"airflow.task.hooks.airflow.providers.standard.hooks.subprocess.SubprocessHook"}
{"timestamp":"2025-07-17T06:42:08.656573","level":"info","event":"  2750K .......... .......... .......... .......... .......... 34% 21.8M 1s","logger":"airflow.task.hooks.airflow.providers.standard.hooks.subprocess.SubprocessHook"}
{"timestamp":"2025-07-17T06:42:08.658189","level":"info","event":"  2800K .......... .......... .......... .......... .......... 35% 28.9M 1s","logger":"airflow.task.hooks.airflow.providers.standard.hooks.subprocess.SubprocessHook"}
{"timestamp":"2025-07-17T06:42:08.662221","level":"info","event":"  2850K .......... .......... .......... .......... .......... 36% 12.4M 1s","logger":"airflow.task.hooks.airflow.providers.standard.hooks.subprocess.SubprocessHook"}
{"timestamp":"2025-07-17T06:42:08.664529","level":"info","event":"  2900K .......... .......... .......... .......... .......... 36% 21.0M 1s","logger":"airflow.task.hooks.airflow.providers.standard.hooks.subprocess.SubprocessHook"}
{"timestamp":"2025-07-17T06:42:08.666169","level":"info","event":"  2950K .......... .......... .......... .......... .......... 37% 29.4M 1s","logger":"airflow.task.hooks.airflow.providers.standard.hooks.subprocess.SubprocessHook"}
{"timestamp":"2025-07-17T06:42:08.667409","level":"info","event":"  3000K .......... .......... .......... .......... .......... 37% 37.2M 1s","logger":"airflow.task.hooks.airflow.providers.standard.hooks.subprocess.SubprocessHook"}
{"timestamp":"2025-07-17T06:42:08.668409","level":"info","event":"  3050K .......... .......... .......... .......... .......... 38% 48.0M 1s","logger":"airflow.task.hooks.airflow.providers.standard.hooks.subprocess.SubprocessHook"}
{"timestamp":"2025-07-17T06:42:08.670206","level":"info","event":"  3100K .......... .......... .......... .......... .......... 39% 27.2M 1s","logger":"airflow.task.hooks.airflow.providers.standard.hooks.subprocess.SubprocessHook"}
{"timestamp":"2025-07-17T06:42:08.675084","level":"info","event":"  3150K .......... .......... .......... .......... .......... 39% 10.3M 1s","logger":"airflow.task.hooks.airflow.providers.standard.hooks.subprocess.SubprocessHook"}
{"timestamp":"2025-07-17T06:42:08.677013","level":"info","event":"  3200K .......... .......... .......... .......... .......... 40% 24.9M 1s","logger":"airflow.task.hooks.airflow.providers.standard.hooks.subprocess.SubprocessHook"}
{"timestamp":"2025-07-17T06:42:08.678569","level":"info","event":"  3250K .......... .......... .......... .......... .......... 40% 30.5M 1s","logger":"airflow.task.hooks.airflow.providers.standard.hooks.subprocess.SubprocessHook"}
{"timestamp":"2025-07-17T06:42:08.679709","level":"info","event":"  3300K .......... .......... .......... .......... .......... 41% 41.9M 1s","logger":"airflow.task.hooks.airflow.providers.standard.hooks.subprocess.SubprocessHook"}
{"timestamp":"2025-07-17T06:42:08.681247","level":"info","event":"  3350K .......... .......... .......... .......... .......... 42% 31.2M 1s","logger":"airflow.task.hooks.airflow.providers.standard.hooks.subprocess.SubprocessHook"}
{"timestamp":"2025-07-17T06:42:08.682383","level":"info","event":"  3400K .......... .......... .......... .......... .......... 42% 43.5M 1s","logger":"airflow.task.hooks.airflow.providers.standard.hooks.subprocess.SubprocessHook"}
{"timestamp":"2025-07-17T06:42:08.684444","level":"info","event":"  3450K .......... .......... .......... .......... .......... 43% 23.6M 1s","logger":"airflow.task.hooks.airflow.providers.standard.hooks.subprocess.SubprocessHook"}
{"timestamp":"2025-07-17T06:42:08.687998","level":"info","event":"  3500K .......... .......... .......... .......... .......... 44% 14.1M 1s","logger":"airflow.task.hooks.airflow.providers.standard.hooks.subprocess.SubprocessHook"}
{"timestamp":"2025-07-17T06:42:08.690320","level":"info","event":"  3550K .......... .......... .......... .......... .......... 44% 20.2M 1s","logger":"airflow.task.hooks.airflow.providers.standard.hooks.subprocess.SubprocessHook"}
{"timestamp":"2025-07-17T06:42:08.691178","level":"info","event":"  3600K .......... .......... .......... .......... .......... 45% 60.3M 1s","logger":"airflow.task.hooks.airflow.providers.standard.hooks.subprocess.SubprocessHook"}
{"timestamp":"2025-07-17T06:42:08.693192","level":"info","event":"  3650K .......... .......... .......... .......... .......... 45% 25.0M 1s","logger":"airflow.task.hooks.airflow.providers.standard.hooks.subprocess.SubprocessHook"}
{"timestamp":"2025-07-17T06:42:08.697393","level":"info","event":"  3700K .......... .......... .......... .......... .......... 46% 11.6M 1s","logger":"airflow.task.hooks.airflow.providers.standard.hooks.subprocess.SubprocessHook"}
{"timestamp":"2025-07-17T06:42:08.698868","level":"info","event":"  3750K .......... .......... .......... .......... .......... 47% 32.2M 1s","logger":"airflow.task.hooks.airflow.providers.standard.hooks.subprocess.SubprocessHook"}
{"timestamp":"2025-07-17T06:42:08.699916","level":"info","event":"  3800K .......... .......... .......... .......... .......... 47% 44.1M 0s","logger":"airflow.task.hooks.airflow.providers.standard.hooks.subprocess.SubprocessHook"}
{"timestamp":"2025-07-17T06:42:08.701749","level":"info","event":"  3850K .......... .......... .......... .......... .......... 48% 26.5M 0s","logger":"airflow.task.hooks.airflow.providers.standard.hooks.subprocess.SubprocessHook"}
{"timestamp":"2025-07-17T06:42:08.703099","level":"info","event":"  3900K .......... .......... .......... .......... .......... 49% 36.5M 0s","logger":"airflow.task.hooks.airflow.providers.standard.hooks.subprocess.SubprocessHook"}
{"timestamp":"2025-07-17T06:42:08.704805","level":"info","event":"  3950K .......... .......... .......... .......... .......... 49% 29.8M 0s","logger":"airflow.task.hooks.airflow.providers.standard.hooks.subprocess.SubprocessHook"}
{"timestamp":"2025-07-17T06:42:08.706464","level":"info","event":"  4000K .......... .......... .......... .......... .......... 50% 28.1M 0s","logger":"airflow.task.hooks.airflow.providers.standard.hooks.subprocess.SubprocessHook"}
{"timestamp":"2025-07-17T06:42:08.712326","level":"info","event":"  4050K .......... .......... .......... .......... .......... 50% 9.07M 0s","logger":"airflow.task.hooks.airflow.providers.standard.hooks.subprocess.SubprocessHook"}
{"timestamp":"2025-07-17T06:42:08.713650","level":"info","event":"  4100K .......... .......... .......... .......... .......... 51% 28.2M 0s","logger":"airflow.task.hooks.airflow.providers.standard.hooks.subprocess.SubprocessHook"}
{"timestamp":"2025-07-17T06:42:08.715009","level":"info","event":"  4150K .......... .......... .......... .......... .......... 52% 34.4M 0s","logger":"airflow.task.hooks.airflow.providers.standard.hooks.subprocess.SubprocessHook"}
{"timestamp":"2025-07-17T06:42:08.716113","level":"info","event":"  4200K .......... .......... .......... .......... .......... 52% 43.6M 0s","logger":"airflow.task.hooks.airflow.providers.standard.hooks.subprocess.SubprocessHook"}
{"timestamp":"2025-07-17T06:42:08.717861","level":"info","event":"  4250K .......... .......... .......... .......... .......... 53% 28.2M 0s","logger":"airflow.task.hooks.airflow.providers.standard.hooks.subprocess.SubprocessHook"}
{"timestamp":"2025-07-17T06:42:08.719811","level":"info","event":"  4300K .......... .......... .......... .......... .......... 54% 24.9M 0s","logger":"airflow.task.hooks.airflow.providers.standard.hooks.subprocess.SubprocessHook"}
{"timestamp":"2025-07-17T06:42:08.721604","level":"info","event":"  4350K .......... .......... .......... .......... .......... 54% 34.3M 0s","logger":"airflow.task.hooks.airflow.providers.standard.hooks.subprocess.SubprocessHook"}
{"timestamp":"2025-07-17T06:42:08.722559","level":"info","event":"  4400K .......... .......... .......... .......... .......... 55% 38.4M 0s","logger":"airflow.task.hooks.airflow.providers.standard.hooks.subprocess.SubprocessHook"}
{"timestamp":"2025-07-17T06:42:08.725066","level":"info","event":"  4450K .......... .......... .......... .......... .......... 55% 20.2M 0s","logger":"airflow.task.hooks.airflow.providers.standard.hooks.subprocess.SubprocessHook"}
{"timestamp":"2025-07-17T06:42:08.725862","level":"info","event":"  4500K .......... .......... .......... .......... .......... 56% 58.1M 0s","logger":"airflow.task.hooks.airflow.providers.standard.hooks.subprocess.SubprocessHook"}
{"timestamp":"2025-07-17T06:42:08.732174","level":"info","event":"  4550K .......... .......... .......... .......... .......... 57% 7.69M 0s","logger":"airflow.task.hooks.airflow.providers.standard.hooks.subprocess.SubprocessHook"}
{"timestamp":"2025-07-17T06:42:08.733442","level":"info","event":"  4600K .......... .......... .......... .......... .......... 57% 36.3M 0s","logger":"airflow.task.hooks.airflow.providers.standard.hooks.subprocess.SubprocessHook"}
{"timestamp":"2025-07-17T06:42:08.734936","level":"info","event":"  4650K .......... .......... .......... .......... .......... 58% 33.2M 0s","logger":"airflow.task.hooks.airflow.providers.standard.hooks.subprocess.SubprocessHook"}
{"timestamp":"2025-07-17T06:42:08.735681","level":"info","event":"  4700K .......... .......... .......... .......... .......... 59% 63.0M 0s","logger":"airflow.task.hooks.airflow.providers.standard.hooks.subprocess.SubprocessHook"}
{"timestamp":"2025-07-17T06:42:08.737577","level":"info","event":"  4750K .......... .......... .......... .......... .......... 59% 26.2M 0s","logger":"airflow.task.hooks.airflow.providers.standard.hooks.subprocess.SubprocessHook"}
{"timestamp":"2025-07-17T06:42:08.738742","level":"info","event":"  4800K .......... .......... .......... .......... .......... 60% 41.7M 0s","logger":"airflow.task.hooks.airflow.providers.standard.hooks.subprocess.SubprocessHook"}
{"timestamp":"2025-07-17T06:42:08.740684","level":"info","event":"  4850K .......... .......... .......... .......... .......... 60% 25.3M 0s","logger":"airflow.task.hooks.airflow.providers.standard.hooks.subprocess.SubprocessHook"}
{"timestamp":"2025-07-17T06:42:08.742551","level":"info","event":"  4900K .......... .......... .......... .......... .......... 61% 25.9M 0s","logger":"airflow.task.hooks.airflow.providers.standard.hooks.subprocess.SubprocessHook"}
{"timestamp":"2025-07-17T06:42:08.748325","level":"info","event":"  4950K .......... .......... .......... .......... .......... 62% 8.54M 0s","logger":"airflow.task.hooks.airflow.providers.standard.hooks.subprocess.SubprocessHook"}
{"timestamp":"2025-07-17T06:42:08.749865","level":"info","event":"  5000K .......... .......... .......... .......... .......... 62% 31.5M 0s","logger":"airflow.task.hooks.airflow.providers.standard.hooks.subprocess.SubprocessHook"}
{"timestamp":"2025-07-17T06:42:08.752675","level":"info","event":"  5050K .......... .......... .......... .......... .......... 63% 17.2M 0s","logger":"airflow.task.hooks.airflow.providers.standard.hooks.subprocess.SubprocessHook"}
{"timestamp":"2025-07-17T06:42:08.753302","level":"info","event":"  5100K .......... .......... .......... .......... .......... 63% 74.6M 0s","logger":"airflow.task.hooks.airflow.providers.standard.hooks.subprocess.SubprocessHook"}
{"timestamp":"2025-07-17T06:42:08.755159","level":"info","event":"  5150K .......... .......... .......... .......... .......... 64% 26.6M 0s","logger":"airflow.task.hooks.airflow.providers.standard.hooks.subprocess.SubprocessHook"}
{"timestamp":"2025-07-17T06:42:08.757238","level":"info","event":"  5200K .......... .......... .......... .......... .......... 65% 24.6M 0s","logger":"airflow.task.hooks.airflow.providers.standard.hooks.subprocess.SubprocessHook"}
{"timestamp":"2025-07-17T06:42:08.758477","level":"info","event":"  5250K .......... .......... .......... .......... .......... 65% 37.2M 0s","logger":"airflow.task.hooks.airflow.providers.standard.hooks.subprocess.SubprocessHook"}
{"timestamp":"2025-07-17T06:42:08.759904","level":"info","event":"  5300K .......... .......... .......... .......... .......... 66% 33.4M 0s","logger":"airflow.task.hooks.airflow.providers.standard.hooks.subprocess.SubprocessHook"}
{"timestamp":"2025-07-17T06:42:08.761836","level":"info","event":"  5350K .......... .......... .......... .......... .......... 67% 26.0M 0s","logger":"airflow.task.hooks.airflow.providers.standard.hooks.subprocess.SubprocessHook"}
{"timestamp":"2025-07-17T06:42:08.762462","level":"info","event":"  5400K .......... .......... .......... .......... .......... 67% 71.2M 0s","logger":"airflow.task.hooks.airflow.providers.standard.hooks.subprocess.SubprocessHook"}
{"timestamp":"2025-07-17T06:42:08.763749","level":"info","event":"  5450K .......... .......... .......... .......... .......... 68% 46.8M 0s","logger":"airflow.task.hooks.airflow.providers.standard.hooks.subprocess.SubprocessHook"}
{"timestamp":"2025-07-17T06:42:08.767334","level":"info","event":"  5500K .......... .......... .......... .......... .......... 68% 13.0M 0s","logger":"airflow.task.hooks.airflow.providers.standard.hooks.subprocess.SubprocessHook"}
{"timestamp":"2025-07-17T06:42:08.768440","level":"info","event":"  5550K .......... .......... .......... .......... .......... 69%  130M 0s","logger":"airflow.task.hooks.airflow.providers.standard.hooks.subprocess.SubprocessHook"}
{"timestamp":"2025-07-17T06:42:08.769752","level":"info","event":"  5600K .......... .......... .......... .......... .......... 70% 23.8M 0s","logger":"airflow.task.hooks.airflow.providers.standard.hooks.subprocess.SubprocessHook"}
{"timestamp":"2025-07-17T06:42:08.770941","level":"info","event":"  5650K .......... .......... .......... .......... .......... 70% 40.2M 0s","logger":"airflow.task.hooks.airflow.providers.standard.hooks.subprocess.SubprocessHook"}
{"timestamp":"2025-07-17T06:42:08.772225","level":"info","event":"  5700K .......... .......... .......... .......... .......... 71% 37.8M 0s","logger":"airflow.task.hooks.airflow.providers.standard.hooks.subprocess.SubprocessHook"}
{"timestamp":"2025-07-17T06:42:08.773702","level":"info","event":"  5750K .......... .......... .......... .......... .......... 72% 33.5M 0s","logger":"airflow.task.hooks.airflow.providers.standard.hooks.subprocess.SubprocessHook"}
{"timestamp":"2025-07-17T06:42:08.775234","level":"info","event":"  5800K .......... .......... .......... .......... .......... 72% 30.8M 0s","logger":"airflow.task.hooks.airflow.providers.standard.hooks.subprocess.SubprocessHook"}
{"timestamp":"2025-07-17T06:42:08.775734","level":"info","event":"  5850K .......... .......... .......... .......... .......... 73%  105M 0s","logger":"airflow.task.hooks.airflow.providers.standard.hooks.subprocess.SubprocessHook"}
{"timestamp":"2025-07-17T06:42:08.777905","level":"info","event":"  5900K .......... .......... .......... .......... .......... 73% 22.5M 0s","logger":"airflow.task.hooks.airflow.providers.standard.hooks.subprocess.SubprocessHook"}
{"timestamp":"2025-07-17T06:42:08.779877","level":"info","event":"  5950K .......... .......... .......... .......... .......... 74% 26.1M 0s","logger":"airflow.task.hooks.airflow.providers.standard.hooks.subprocess.SubprocessHook"}
{"timestamp":"2025-07-17T06:42:08.780881","level":"info","event":"  6000K .......... .......... .......... .......... .......... 75% 44.0M 0s","logger":"airflow.task.hooks.airflow.providers.standard.hooks.subprocess.SubprocessHook"}
{"timestamp":"2025-07-17T06:42:08.782465","level":"info","event":"  6050K .......... .......... .......... .......... .......... 75% 32.1M 0s","logger":"airflow.task.hooks.airflow.providers.standard.hooks.subprocess.SubprocessHook"}
{"timestamp":"2025-07-17T06:42:08.783240","level":"info","event":"  6100K .......... .......... .......... .......... .......... 76% 63.8M 0s","logger":"airflow.task.hooks.airflow.providers.standard.hooks.subprocess.SubprocessHook"}
{"timestamp":"2025-07-17T06:42:08.785428","level":"info","event":"  6150K .......... .......... .......... .......... .......... 77% 24.3M 0s","logger":"airflow.task.hooks.airflow.providers.standard.hooks.subprocess.SubprocessHook"}
{"timestamp":"2025-07-17T06:42:08.786817","level":"info","event":"  6200K .......... .......... .......... .......... .......... 77% 30.7M 0s","logger":"airflow.task.hooks.airflow.providers.standard.hooks.subprocess.SubprocessHook"}
{"timestamp":"2025-07-17T06:42:08.787202","level":"info","event":"  6250K .......... .......... .......... .......... .......... 78%  112M 0s","logger":"airflow.task.hooks.airflow.providers.standard.hooks.subprocess.SubprocessHook"}
{"timestamp":"2025-07-17T06:42:08.792781","level":"info","event":"  6300K .......... .......... .......... .......... .......... 78% 8.79M 0s","logger":"airflow.task.hooks.airflow.providers.standard.hooks.subprocess.SubprocessHook"}
{"timestamp":"2025-07-17T06:42:08.795161","level":"info","event":"  6350K .......... .......... .......... .......... .......... 79% 25.0M 0s","logger":"airflow.task.hooks.airflow.providers.standard.hooks.subprocess.SubprocessHook"}
{"timestamp":"2025-07-17T06:42:08.796490","level":"info","event":"  6400K .......... .......... .......... .......... .......... 80% 27.5M 0s","logger":"airflow.task.hooks.airflow.providers.standard.hooks.subprocess.SubprocessHook"}
{"timestamp":"2025-07-17T06:42:08.798240","level":"info","event":"  6450K .......... .......... .......... .......... .......... 80% 27.9M 0s","logger":"airflow.task.hooks.airflow.providers.standard.hooks.subprocess.SubprocessHook"}
{"timestamp":"2025-07-17T06:42:08.800131","level":"info","event":"  6500K .......... .......... .......... .......... .......... 81% 26.0M 0s","logger":"airflow.task.hooks.airflow.providers.standard.hooks.subprocess.SubprocessHook"}
{"timestamp":"2025-07-17T06:42:08.800951","level":"info","event":"  6550K .......... .......... .......... .......... .......... 81% 59.9M 0s","logger":"airflow.task.hooks.airflow.providers.standard.hooks.subprocess.SubprocessHook"}
{"timestamp":"2025-07-17T06:42:08.802232","level":"info","event":"  6600K .......... .......... .......... .......... .......... 82% 37.6M 0s","logger":"airflow.task.hooks.airflow.providers.standard.hooks.subprocess.SubprocessHook"}
{"timestamp":"2025-07-17T06:42:08.804196","level":"info","event":"  6650K .......... .......... .......... .......... .......... 83% 25.2M 0s","logger":"airflow.task.hooks.airflow.providers.standard.hooks.subprocess.SubprocessHook"}
{"timestamp":"2025-07-17T06:42:08.805380","level":"info","event":"  6700K .......... .......... .......... .......... .......... 83% 49.9M 0s","logger":"airflow.task.hooks.airflow.providers.standard.hooks.subprocess.SubprocessHook"}
{"timestamp":"2025-07-17T06:42:08.807393","level":"info","event":"  6750K .......... .......... .......... .......... .......... 84% 23.3M 0s","logger":"airflow.task.hooks.airflow.providers.standard.hooks.subprocess.SubprocessHook"}
{"timestamp":"2025-07-17T06:42:08.808919","level":"info","event":"  6800K .......... .......... .......... .......... .......... 85% 28.9M 0s","logger":"airflow.task.hooks.airflow.providers.standard.hooks.subprocess.SubprocessHook"}
{"timestamp":"2025-07-17T06:42:08.810193","level":"info","event":"  6850K .......... .......... .......... .......... .......... 85% 39.1M 0s","logger":"airflow.task.hooks.airflow.providers.standard.hooks.subprocess.SubprocessHook"}
{"timestamp":"2025-07-17T06:42:08.811175","level":"info","event":"  6900K .......... .......... .......... .......... .......... 86% 49.2M 0s","logger":"airflow.task.hooks.airflow.providers.standard.hooks.subprocess.SubprocessHook"}
{"timestamp":"2025-07-17T06:42:08.812742","level":"info","event":"  6950K .......... .......... .......... .......... .......... 86% 31.2M 0s","logger":"airflow.task.hooks.airflow.providers.standard.hooks.subprocess.SubprocessHook"}
{"timestamp":"2025-07-17T06:42:08.814481","level":"info","event":"  7000K .......... .......... .......... .......... .......... 87% 28.2M 0s","logger":"airflow.task.hooks.airflow.providers.standard.hooks.subprocess.SubprocessHook"}
{"timestamp":"2025-07-17T06:42:08.816681","level":"info","event":"  7050K .......... .......... .......... .......... .......... 88% 21.8M 0s","logger":"airflow.task.hooks.airflow.providers.standard.hooks.subprocess.SubprocessHook"}
{"timestamp":"2025-07-17T06:42:08.817130","level":"info","event":"  7100K .......... .......... .......... .......... .......... 88%  110M 0s","logger":"airflow.task.hooks.airflow.providers.standard.hooks.subprocess.SubprocessHook"}
{"timestamp":"2025-07-17T06:42:08.818913","level":"info","event":"  7150K .......... .......... .......... .......... .......... 89% 44.3M 0s","logger":"airflow.task.hooks.airflow.providers.standard.hooks.subprocess.SubprocessHook"}
{"timestamp":"2025-07-17T06:42:08.820190","level":"info","event":"  7200K .......... .......... .......... .......... .......... 90% 25.2M 0s","logger":"airflow.task.hooks.airflow.providers.standard.hooks.subprocess.SubprocessHook"}
{"timestamp":"2025-07-17T06:42:08.821419","level":"info","event":"  7250K .......... .......... .......... .......... .......... 90% 39.9M 0s","logger":"airflow.task.hooks.airflow.providers.standard.hooks.subprocess.SubprocessHook"}
{"timestamp":"2025-07-17T06:42:08.822307","level":"info","event":"  7300K .......... .......... .......... .......... .......... 91% 54.6M 0s","logger":"airflow.task.hooks.airflow.providers.standard.hooks.subprocess.SubprocessHook"}
{"timestamp":"2025-07-17T06:42:08.823869","level":"info","event":"  7350K .......... .......... .......... .......... .......... 91% 31.6M 0s","logger":"airflow.task.hooks.airflow.providers.standard.hooks.subprocess.SubprocessHook"}
{"timestamp":"2025-07-17T06:42:08.824518","level":"info","event":"  7400K .......... .......... .......... .......... .......... 92% 70.8M 0s","logger":"airflow.task.hooks.airflow.providers.standard.hooks.subprocess.SubprocessHook"}
{"timestamp":"2025-07-17T06:42:08.826221","level":"info","event":"  7450K .......... .......... .......... .......... .......... 93% 28.5M 0s","logger":"airflow.task.hooks.airflow.providers.standard.hooks.subprocess.SubprocessHook"}
{"timestamp":"2025-07-17T06:42:08.831631","level":"info","event":"  7500K .......... .......... .......... .......... .......... 93% 9.09M 0s","logger":"airflow.task.hooks.airflow.providers.standard.hooks.subprocess.SubprocessHook"}
{"timestamp":"2025-07-17T06:42:08.833571","level":"info","event":"  7550K .......... .......... .......... .......... .......... 94% 28.9M 0s","logger":"airflow.task.hooks.airflow.providers.standard.hooks.subprocess.SubprocessHook"}
{"timestamp":"2025-07-17T06:42:08.835985","level":"info","event":"  7600K .......... .......... .......... .......... .......... 95% 19.4M 0s","logger":"airflow.task.hooks.airflow.providers.standard.hooks.subprocess.SubprocessHook"}
{"timestamp":"2025-07-17T06:42:08.837279","level":"info","event":"  7650K .......... .......... .......... .......... .......... 95% 34.3M 0s","logger":"airflow.task.hooks.airflow.providers.standard.hooks.subprocess.SubprocessHook"}
{"timestamp":"2025-07-17T06:42:08.838303","level":"info","event":"  7700K .......... .......... .......... .......... .......... 96% 66.2M 0s","logger":"airflow.task.hooks.airflow.providers.standard.hooks.subprocess.SubprocessHook"}
{"timestamp":"2025-07-17T06:42:08.839192","level":"info","event":"  7750K .......... .......... .......... .......... .......... 96% 42.1M 0s","logger":"airflow.task.hooks.airflow.providers.standard.hooks.subprocess.SubprocessHook"}
{"timestamp":"2025-07-17T06:42:08.841109","level":"info","event":"  7800K .......... .......... .......... .......... .......... 97% 24.6M 0s","logger":"airflow.task.hooks.airflow.providers.standard.hooks.subprocess.SubprocessHook"}
{"timestamp":"2025-07-17T06:42:08.841823","level":"info","event":"  7850K .......... .......... .......... .......... .......... 98% 71.7M 0s","logger":"airflow.task.hooks.airflow.providers.standard.hooks.subprocess.SubprocessHook"}
{"timestamp":"2025-07-17T06:42:08.843431","level":"info","event":"  7900K .......... .......... .......... .......... .......... 98% 30.1M 0s","logger":"airflow.task.hooks.airflow.providers.standard.hooks.subprocess.SubprocessHook"}
{"timestamp":"2025-07-17T06:42:08.844657","level":"info","event":"  7950K .......... .......... .......... .......... .......... 99% 83.4M 0s","logger":"airflow.task.hooks.airflow.providers.standard.hooks.subprocess.SubprocessHook"}
{"timestamp":"2025-07-17T06:42:08.845263","level":"info","event":"  8000K .......... .......... .......... .......... ........  100% 38.2M=0.6s","logger":"airflow.task.hooks.airflow.providers.standard.hooks.subprocess.SubprocessHook"}
{"timestamp":"2025-07-17T06:42:08.845319","level":"info","event":"","logger":"airflow.task.hooks.airflow.providers.standard.hooks.subprocess.SubprocessHook"}
{"timestamp":"2025-07-17T06:42:08.845410","level":"info","event":"2025-07-17 06:42:08 (13.1 MB/s) - ‘/opt/airflow/green_tripdata_2019-07.csv.gz’ saved [8242122/8242122]","logger":"airflow.task.hooks.airflow.providers.standard.hooks.subprocess.SubprocessHook"}
{"timestamp":"2025-07-17T06:42:08.845505","level":"info","event":"","logger":"airflow.task.hooks.airflow.providers.standard.hooks.subprocess.SubprocessHook"}
{"timestamp":"2025-07-17T06:42:09.136772","level":"info","event":"Command exited with return code 0","logger":"airflow.task.hooks.airflow.providers.standard.hooks.subprocess.SubprocessHook"}
{"timestamp":"2025-07-17T06:42:09.145716","level":"info","event":"Pushing xcom","ti":"RuntimeTaskInstance(id=UUID('0198171e-6b36-70e3-bcb6-4ca86fd09ad3'), task_id='wget_trips_csvgz', dag_id='local_ingestion_pg_green', run_id='scheduled__2019-07-02T06:00:00+00:00', try_number=1, map_index=-1, hostname='3f7f1d329e72', context_carrier={}, task=<Task(BashOperator): wget_trips_csvgz>, bundle_instance=LocalDagBundle(name=dags-folder), max_tries=0, start_date=datetime.datetime(2025, 7, 17, 6, 42, 6, 449862, tzinfo=TzInfo(UTC)), end_date=None, state=<TaskInstanceState.RUNNING: 'running'>, is_mapped=False, rendered_map_index=None)","logger":"task"}
{"timestamp":"2025-07-17T06:50:56.623558","level":"info","event":"DAG bundles loaded: dags-folder","logger":"airflow.dag_processing.bundles.manager.DagBundlesManager"}
{"timestamp":"2025-07-17T06:50:56.624397","level":"info","event":"Filling up the DagBag from /opt/airflow/dags/data_ingestion_localpg_dag.py","logger":"airflow.models.dagbag.DagBag"}
{"timestamp":"2025-07-17T06:50:56.907311","level":"info","event":"Tmp dir root location: /tmp","logger":"airflow.task.hooks.airflow.providers.standard.hooks.subprocess.SubprocessHook"}
{"timestamp":"2025-07-17T06:50:56.908645","level":"info","event":"Running command: ['/usr/bin/bash', '-c', 'wget https://github.com/DataTalksClub/nyc-tlc-data/releases/download/green/green_tripdata_2019-07.csv.gz -O /opt/airflow/green_tripdata_2019-07.csv.gz && gunzip -f /opt/airflow/green_tripdata_2019-07.csv.gz || rm -f /opt/airflow/green_tripdata_2019-07.csv.gz']","logger":"airflow.task.hooks.airflow.providers.standard.hooks.subprocess.SubprocessHook"}
{"timestamp":"2025-07-17T06:50:56.919355","level":"info","event":"Output:","logger":"airflow.task.hooks.airflow.providers.standard.hooks.subprocess.SubprocessHook"}
{"timestamp":"2025-07-17T06:50:56.927824","level":"info","event":"--2025-07-17 06:50:56--  https://github.com/DataTalksClub/nyc-tlc-data/releases/download/green/green_tripdata_2019-07.csv.gz","logger":"airflow.task.hooks.airflow.providers.standard.hooks.subprocess.SubprocessHook"}
{"timestamp":"2025-07-17T06:50:56.959873","level":"info","event":"Resolving github.com (github.com)... 20.205.243.166","logger":"airflow.task.hooks.airflow.providers.standard.hooks.subprocess.SubprocessHook"}
{"timestamp":"2025-07-17T06:50:56.969136","level":"info","event":"Connecting to github.com (github.com)|20.205.243.166|:443... connected.","logger":"airflow.task.hooks.airflow.providers.standard.hooks.subprocess.SubprocessHook"}
{"timestamp":"2025-07-17T06:50:57.318505","level":"info","event":"HTTP request sent, awaiting response... 302 Found","logger":"airflow.task.hooks.airflow.providers.standard.hooks.subprocess.SubprocessHook"}
{"timestamp":"2025-07-17T06:50:57.318695","level":"info","event":"Location: https://release-assets.githubusercontent.com/github-production-release-asset/513814948/ff39d7b6-a867-4007-b05e-2b9044d2e1c9?sp=r&sv=2018-11-09&sr=b&spr=https&se=2025-07-17T07%3A46%3A33Z&rscd=attachment%3B+filename%3Dgreen_tripdata_2019-07.csv.gz&rsct=application%2Foctet-stream&skoid=96c2d410-5711-43a1-aedd-ab1947aa7ab0&sktid=398a6654-997b-47e9-b12b-9515b896b4de&skt=2025-07-17T06%3A45%3A46Z&ske=2025-07-17T07%3A46%3A33Z&sks=b&skv=2018-11-09&sig=%2BBM8lYBhTjGV7rccyD4jtsB88MNj6%2FZXMbIo4ACU2H8%3D&jwt=eyJ******&response-content-disposition=attachment%3B%20filename%3Dgreen_tripdata_2019-07.csv.gz&response-content-type=application%2Foctet-stream [following]","logger":"airflow.task.hooks.airflow.providers.standard.hooks.subprocess.SubprocessHook"}
{"timestamp":"2025-07-17T06:50:57.318825","level":"info","event":"--2025-07-17 06:50:57--  https://release-assets.githubusercontent.com/github-production-release-asset/513814948/ff39d7b6-a867-4007-b05e-2b9044d2e1c9?sp=r&sv=2018-11-09&sr=b&spr=https&se=2025-07-17T07%3A46%3A33Z&rscd=attachment%3B+filename%3Dgreen_tripdata_2019-07.csv.gz&rsct=application%2Foctet-stream&skoid=96c2d410-5711-43a1-aedd-ab1947aa7ab0&sktid=398a6654-997b-47e9-b12b-9515b896b4de&skt=2025-07-17T06%3A45%3A46Z&ske=2025-07-17T07%3A46%3A33Z&sks=b&skv=2018-11-09&sig=%2BBM8lYBhTjGV7rccyD4jtsB88MNj6%2FZXMbIo4ACU2H8%3D&jwt=eyJ******&response-content-disposition=attachment%3B%20filename%3Dgreen_tripdata_2019-07.csv.gz&response-content-type=application%2Foctet-stream","logger":"airflow.task.hooks.airflow.providers.standard.hooks.subprocess.SubprocessHook"}
{"timestamp":"2025-07-17T06:50:57.333350","level":"info","event":"Resolving release-assets.githubusercontent.com (release-assets.githubusercontent.com)... 185.199.111.133, 185.199.108.133, 185.199.109.133, ...","logger":"airflow.task.hooks.airflow.providers.standard.hooks.subprocess.SubprocessHook"}
{"timestamp":"2025-07-17T06:50:57.341038","level":"info","event":"Connecting to release-assets.githubusercontent.com (release-assets.githubusercontent.com)|185.199.111.133|:443... connected.","logger":"airflow.task.hooks.airflow.providers.standard.hooks.subprocess.SubprocessHook"}
{"timestamp":"2025-07-17T06:50:57.361440","level":"info","event":"HTTP request sent, awaiting response... 200 OK","logger":"airflow.task.hooks.airflow.providers.standard.hooks.subprocess.SubprocessHook"}
{"timestamp":"2025-07-17T06:50:57.361566","level":"info","event":"Length: 8242122 (7.9M) [application/octet-stream]","logger":"airflow.task.hooks.airflow.providers.standard.hooks.subprocess.SubprocessHook"}
{"timestamp":"2025-07-17T06:50:57.361604","level":"info","event":"Saving to: ‘/opt/airflow/green_tripdata_2019-07.csv.gz’","logger":"airflow.task.hooks.airflow.providers.standard.hooks.subprocess.SubprocessHook"}
{"timestamp":"2025-07-17T06:50:57.362157","level":"info","event":"","logger":"airflow.task.hooks.airflow.providers.standard.hooks.subprocess.SubprocessHook"}
{"timestamp":"2025-07-17T06:50:57.372507","level":"info","event":"     0K .......... .......... .......... .......... ..........  0% 4.47M 2s","logger":"airflow.task.hooks.airflow.providers.standard.hooks.subprocess.SubprocessHook"}
{"timestamp":"2025-07-17T06:50:57.376147","level":"info","event":"    50K .......... .......... .......... .......... ..........  1% 13.2M 1s","logger":"airflow.task.hooks.airflow.providers.standard.hooks.subprocess.SubprocessHook"}
{"timestamp":"2025-07-17T06:50:57.380466","level":"info","event":"   100K .......... .......... .......... .......... ..........  1% 11.4M 1s","logger":"airflow.task.hooks.airflow.providers.standard.hooks.subprocess.SubprocessHook"}
{"timestamp":"2025-07-17T06:50:57.383721","level":"info","event":"   150K .......... .......... .......... .......... ..........  2% 15.4M 1s","logger":"airflow.task.hooks.airflow.providers.standard.hooks.subprocess.SubprocessHook"}
{"timestamp":"2025-07-17T06:50:57.387238","level":"info","event":"   200K .......... .......... .......... .......... ..........  3% 13.5M 1s","logger":"airflow.task.hooks.airflow.providers.standard.hooks.subprocess.SubprocessHook"}
{"timestamp":"2025-07-17T06:50:57.388532","level":"info","event":"   250K .......... .......... .......... .......... ..........  3% 39.0M 1s","logger":"airflow.task.hooks.airflow.providers.standard.hooks.subprocess.SubprocessHook"}
{"timestamp":"2025-07-17T06:50:57.391620","level":"info","event":"   300K .......... .......... .......... .......... ..........  4% 15.7M 1s","logger":"airflow.task.hooks.airflow.providers.standard.hooks.subprocess.SubprocessHook"}
{"timestamp":"2025-07-17T06:50:57.395697","level":"info","event":"   350K .......... .......... .......... .......... ..........  4% 11.9M 1s","logger":"airflow.task.hooks.airflow.providers.standard.hooks.subprocess.SubprocessHook"}
{"timestamp":"2025-07-17T06:50:57.396473","level":"info","event":"   400K .......... .......... .......... .......... ..........  5% 60.7M 1s","logger":"airflow.task.hooks.airflow.providers.standard.hooks.subprocess.SubprocessHook"}
{"timestamp":"2025-07-17T06:50:57.402530","level":"info","event":"   450K .......... .......... .......... .......... ..........  6% 8.21M 1s","logger":"airflow.task.hooks.airflow.providers.standard.hooks.subprocess.SubprocessHook"}
{"timestamp":"2025-07-17T06:50:57.403749","level":"info","event":"   500K .......... .......... .......... .......... ..........  6% 37.9M 1s","logger":"airflow.task.hooks.airflow.providers.standard.hooks.subprocess.SubprocessHook"}
{"timestamp":"2025-07-17T06:50:57.404632","level":"info","event":"   550K .......... .......... .......... .......... ..........  7% 57.4M 1s","logger":"airflow.task.hooks.airflow.providers.standard.hooks.subprocess.SubprocessHook"}
{"timestamp":"2025-07-17T06:50:57.404771","level":"info","event":"   600K .......... .......... .......... .......... ..........  8%  236M 0s","logger":"airflow.task.hooks.airflow.providers.standard.hooks.subprocess.SubprocessHook"}
{"timestamp":"2025-07-17T06:50:57.405527","level":"info","event":"   650K .......... .......... .......... .......... ..........  8% 68.8M 0s","logger":"airflow.task.hooks.airflow.providers.standard.hooks.subprocess.SubprocessHook"}
{"timestamp":"2025-07-17T06:50:57.405872","level":"info","event":"   700K .......... .......... .......... .......... ..........  9%  133M 0s","logger":"airflow.task.hooks.airflow.providers.standard.hooks.subprocess.SubprocessHook"}
{"timestamp":"2025-07-17T06:50:57.406974","level":"info","event":"   750K .......... .......... .......... .......... ..........  9% 45.7M 0s","logger":"airflow.task.hooks.airflow.providers.standard.hooks.subprocess.SubprocessHook"}
{"timestamp":"2025-07-17T06:50:57.408011","level":"info","event":"   800K .......... .......... .......... .......... .......... 10% 45.6M 0s","logger":"airflow.task.hooks.airflow.providers.standard.hooks.subprocess.SubprocessHook"}
{"timestamp":"2025-07-17T06:50:57.408730","level":"info","event":"   850K .......... .......... .......... .......... .......... 11% 69.7M 0s","logger":"airflow.task.hooks.airflow.providers.standard.hooks.subprocess.SubprocessHook"}
{"timestamp":"2025-07-17T06:50:57.409187","level":"info","event":"   900K .......... .......... .......... .......... .......... 11%  109M 0s","logger":"airflow.task.hooks.airflow.providers.standard.hooks.subprocess.SubprocessHook"}
{"timestamp":"2025-07-17T06:50:57.410402","level":"info","event":"   950K .......... .......... .......... .......... .......... 12% 42.7M 0s","logger":"airflow.task.hooks.airflow.providers.standard.hooks.subprocess.SubprocessHook"}
{"timestamp":"2025-07-17T06:50:57.411732","level":"info","event":"  1000K .......... .......... .......... .......... .......... 13% 34.6M 0s","logger":"airflow.task.hooks.airflow.providers.standard.hooks.subprocess.SubprocessHook"}
{"timestamp":"2025-07-17T06:50:57.412603","level":"info","event":"  1050K .......... .......... .......... .......... .......... 13% 55.2M 0s","logger":"airflow.task.hooks.airflow.providers.standard.hooks.subprocess.SubprocessHook"}
{"timestamp":"2025-07-17T06:50:57.414412","level":"info","event":"  1100K .......... .......... .......... .......... .......... 14% 26.6M 0s","logger":"airflow.task.hooks.airflow.providers.standard.hooks.subprocess.SubprocessHook"}
{"timestamp":"2025-07-17T06:50:57.416714","level":"info","event":"  1150K .......... .......... .......... .......... .......... 14% 21.0M 0s","logger":"airflow.task.hooks.airflow.providers.standard.hooks.subprocess.SubprocessHook"}
{"timestamp":"2025-07-17T06:50:57.418014","level":"info","event":"  1200K .......... .......... .......... .......... .......... 15% 43.1M 0s","logger":"airflow.task.hooks.airflow.providers.standard.hooks.subprocess.SubprocessHook"}
{"timestamp":"2025-07-17T06:50:57.418396","level":"info","event":"  1250K .......... .......... .......... .......... .......... 16% 89.2M 0s","logger":"airflow.task.hooks.airflow.providers.standard.hooks.subprocess.SubprocessHook"}
{"timestamp":"2025-07-17T06:50:57.419784","level":"info","event":"  1300K .......... .......... .......... .......... .......... 16% 36.5M 0s","logger":"airflow.task.hooks.airflow.providers.standard.hooks.subprocess.SubprocessHook"}
{"timestamp":"2025-07-17T06:50:57.420542","level":"info","event":"  1350K .......... .......... .......... .......... .......... 17% 59.2M 0s","logger":"airflow.task.hooks.airflow.providers.standard.hooks.subprocess.SubprocessHook"}
{"timestamp":"2025-07-17T06:50:57.421211","level":"info","event":"  1400K .......... .......... .......... .......... .......... 18% 84.8M 0s","logger":"airflow.task.hooks.airflow.providers.standard.hooks.subprocess.SubprocessHook"}
{"timestamp":"2025-07-17T06:50:57.421763","level":"info","event":"  1450K .......... .......... .......... .......... .......... 18% 81.2M 0s","logger":"airflow.task.hooks.airflow.providers.standard.hooks.subprocess.SubprocessHook"}
{"timestamp":"2025-07-17T06:50:57.423639","level":"info","event":"  1500K .......... .......... .......... .......... .......... 19% 25.6M 0s","logger":"airflow.task.hooks.airflow.providers.standard.hooks.subprocess.SubprocessHook"}
{"timestamp":"2025-07-17T06:50:57.424027","level":"info","event":"  1550K .......... .......... .......... .......... .......... 19%  150M 0s","logger":"airflow.task.hooks.airflow.providers.standard.hooks.subprocess.SubprocessHook"}
{"timestamp":"2025-07-17T06:50:57.425120","level":"info","event":"  1600K .......... .......... .......... .......... .......... 20% 43.8M 0s","logger":"airflow.task.hooks.airflow.providers.standard.hooks.subprocess.SubprocessHook"}
{"timestamp":"2025-07-17T06:50:57.425370","level":"info","event":"  1650K .......... .......... .......... .......... .......... 21%  161M 0s","logger":"airflow.task.hooks.airflow.providers.standard.hooks.subprocess.SubprocessHook"}
{"timestamp":"2025-07-17T06:50:57.426234","level":"info","event":"  1700K .......... .......... .......... .......... .......... 21% 59.3M 0s","logger":"airflow.task.hooks.airflow.providers.standard.hooks.subprocess.SubprocessHook"}
{"timestamp":"2025-07-17T06:50:57.427014","level":"info","event":"  1750K .......... .......... .......... .......... .......... 22% 62.0M 0s","logger":"airflow.task.hooks.airflow.providers.standard.hooks.subprocess.SubprocessHook"}
{"timestamp":"2025-07-17T06:50:57.427524","level":"info","event":"  1800K .......... .......... .......... .......... .......... 22% 91.6M 0s","logger":"airflow.task.hooks.airflow.providers.standard.hooks.subprocess.SubprocessHook"}
{"timestamp":"2025-07-17T06:50:57.429352","level":"info","event":"  1850K .......... .......... .......... .......... .......... 23% 27.4M 0s","logger":"airflow.task.hooks.airflow.providers.standard.hooks.subprocess.SubprocessHook"}
{"timestamp":"2025-07-17T06:50:57.429991","level":"info","event":"  1900K .......... .......... .......... .......... .......... 24% 73.7M 0s","logger":"airflow.task.hooks.airflow.providers.standard.hooks.subprocess.SubprocessHook"}
{"timestamp":"2025-07-17T06:50:57.430896","level":"info","event":"  1950K .......... .......... .......... .......... .......... 24% 60.3M 0s","logger":"airflow.task.hooks.airflow.providers.standard.hooks.subprocess.SubprocessHook"}
{"timestamp":"2025-07-17T06:50:57.431428","level":"info","event":"  2000K .......... .......... .......... .......... .......... 25% 80.2M 0s","logger":"airflow.task.hooks.airflow.providers.standard.hooks.subprocess.SubprocessHook"}
{"timestamp":"2025-07-17T06:50:57.431760","level":"info","event":"  2050K .......... .......... .......... .......... .......... 26%  147M 0s","logger":"airflow.task.hooks.airflow.providers.standard.hooks.subprocess.SubprocessHook"}
{"timestamp":"2025-07-17T06:50:57.432580","level":"info","event":"  2100K .......... .......... .......... .......... .......... 26% 59.2M 0s","logger":"airflow.task.hooks.airflow.providers.standard.hooks.subprocess.SubprocessHook"}
{"timestamp":"2025-07-17T06:50:57.433307","level":"info","event":"  2150K .......... .......... .......... .......... .......... 27% 66.6M 0s","logger":"airflow.task.hooks.airflow.providers.standard.hooks.subprocess.SubprocessHook"}
{"timestamp":"2025-07-17T06:50:57.433903","level":"info","event":"  2200K .......... .......... .......... .......... .......... 27% 77.4M 0s","logger":"airflow.task.hooks.airflow.providers.standard.hooks.subprocess.SubprocessHook"}
{"timestamp":"2025-07-17T06:50:57.435053","level":"info","event":"  2250K .......... .......... .......... .......... .......... 28% 43.3M 0s","logger":"airflow.task.hooks.airflow.providers.standard.hooks.subprocess.SubprocessHook"}
{"timestamp":"2025-07-17T06:50:57.461462","level":"info","event":"  2300K .......... .......... .......... .......... .......... 29% 1.86M 0s","logger":"airflow.task.hooks.airflow.providers.standard.hooks.subprocess.SubprocessHook"}
{"timestamp":"2025-07-17T06:50:57.461929","level":"info","event":"  2350K .......... .......... .......... .......... .......... 29% 86.2M 0s","logger":"airflow.task.hooks.airflow.providers.standard.hooks.subprocess.SubprocessHook"}
{"timestamp":"2025-07-17T06:50:57.462128","level":"info","event":"  2400K .......... .......... .......... .......... .......... 30%  222M 0s","logger":"airflow.task.hooks.airflow.providers.standard.hooks.subprocess.SubprocessHook"}
{"timestamp":"2025-07-17T06:50:57.462554","level":"info","event":"  2450K .......... .......... .......... .......... .......... 31%  122M 0s","logger":"airflow.task.hooks.airflow.providers.standard.hooks.subprocess.SubprocessHook"}
{"timestamp":"2025-07-17T06:50:57.462945","level":"info","event":"  2500K .......... .......... .......... .......... .......... 31%  147M 0s","logger":"airflow.task.hooks.airflow.providers.standard.hooks.subprocess.SubprocessHook"}
{"timestamp":"2025-07-17T06:50:57.463134","level":"info","event":"  2550K .......... .......... .......... .......... .......... 32%  169M 0s","logger":"airflow.task.hooks.airflow.providers.standard.hooks.subprocess.SubprocessHook"}
{"timestamp":"2025-07-17T06:50:57.463820","level":"info","event":"  2600K .......... .......... .......... .......... .......... 32% 94.6M 0s","logger":"airflow.task.hooks.airflow.providers.standard.hooks.subprocess.SubprocessHook"}
{"timestamp":"2025-07-17T06:50:57.464246","level":"info","event":"  2650K .......... .......... .......... .......... .......... 33% 81.7M 0s","logger":"airflow.task.hooks.airflow.providers.standard.hooks.subprocess.SubprocessHook"}
{"timestamp":"2025-07-17T06:50:57.464533","level":"info","event":"  2700K .......... .......... .......... .......... .......... 34%  180M 0s","logger":"airflow.task.hooks.airflow.providers.standard.hooks.subprocess.SubprocessHook"}
{"timestamp":"2025-07-17T06:50:57.465474","level":"info","event":"  2750K .......... .......... .......... .......... .......... 34% 55.5M 0s","logger":"airflow.task.hooks.airflow.providers.standard.hooks.subprocess.SubprocessHook"}
{"timestamp":"2025-07-17T06:50:57.465765","level":"info","event":"  2800K .......... .......... .......... .......... .......... 35%  148M 0s","logger":"airflow.task.hooks.airflow.providers.standard.hooks.subprocess.SubprocessHook"}
{"timestamp":"2025-07-17T06:50:57.466149","level":"info","event":"  2850K .......... .......... .......... .......... .......... 36%  122M 0s","logger":"airflow.task.hooks.airflow.providers.standard.hooks.subprocess.SubprocessHook"}
{"timestamp":"2025-07-17T06:50:57.466389","level":"info","event":"  2900K .......... .......... .......... .......... .......... 36%  221M 0s","logger":"airflow.task.hooks.airflow.providers.standard.hooks.subprocess.SubprocessHook"}
{"timestamp":"2025-07-17T06:50:57.466763","level":"info","event":"  2950K .......... .......... .......... .......... .......... 37%  118M 0s","logger":"airflow.task.hooks.airflow.providers.standard.hooks.subprocess.SubprocessHook"}
{"timestamp":"2025-07-17T06:50:57.467341","level":"info","event":"  3000K .......... .......... .......... .......... .......... 37% 87.6M 0s","logger":"airflow.task.hooks.airflow.providers.standard.hooks.subprocess.SubprocessHook"}
{"timestamp":"2025-07-17T06:50:57.467725","level":"info","event":"  3050K .......... .......... .......... .......... .......... 38%  198M 0s","logger":"airflow.task.hooks.airflow.providers.standard.hooks.subprocess.SubprocessHook"}
{"timestamp":"2025-07-17T06:50:57.468093","level":"info","event":"  3100K .......... .......... .......... .......... .......... 39%  108M 0s","logger":"airflow.task.hooks.airflow.providers.standard.hooks.subprocess.SubprocessHook"}
{"timestamp":"2025-07-17T06:50:57.468687","level":"info","event":"  3150K .......... .......... .......... .......... .......... 39% 81.1M 0s","logger":"airflow.task.hooks.airflow.providers.standard.hooks.subprocess.SubprocessHook"}
{"timestamp":"2025-07-17T06:50:57.470782","level":"info","event":"  3200K .......... .......... .......... .......... .......... 40% 29.1M 0s","logger":"airflow.task.hooks.airflow.providers.standard.hooks.subprocess.SubprocessHook"}
{"timestamp":"2025-07-17T06:50:57.471740","level":"info","event":"  3250K .......... .......... .......... .......... .......... 40% 37.8M 0s","logger":"airflow.task.hooks.airflow.providers.standard.hooks.subprocess.SubprocessHook"}
{"timestamp":"2025-07-17T06:50:57.473544","level":"info","event":"  3300K .......... .......... .......... .......... .......... 41% 37.9M 0s","logger":"airflow.task.hooks.airflow.providers.standard.hooks.subprocess.SubprocessHook"}
{"timestamp":"2025-07-17T06:50:57.477207","level":"info","event":"  3350K .......... .......... .......... .......... .......... 42% 12.3M 0s","logger":"airflow.task.hooks.airflow.providers.standard.hooks.subprocess.SubprocessHook"}
{"timestamp":"2025-07-17T06:50:57.477267","level":"info","event":"  3400K .......... .......... .......... .......... .......... 42%  182M 0s","logger":"airflow.task.hooks.airflow.providers.standard.hooks.subprocess.SubprocessHook"}
{"timestamp":"2025-07-17T06:50:57.478857","level":"info","event":"  3450K .......... .......... .......... .......... .......... 43% 50.6M 0s","logger":"airflow.task.hooks.airflow.providers.standard.hooks.subprocess.SubprocessHook"}
{"timestamp":"2025-07-17T06:50:57.479907","level":"info","event":"  3500K .......... .......... .......... .......... .......... 44% 30.8M 0s","logger":"airflow.task.hooks.airflow.providers.standard.hooks.subprocess.SubprocessHook"}
{"timestamp":"2025-07-17T06:50:57.483710","level":"info","event":"  3550K .......... .......... .......... .......... .......... 44% 15.9M 0s","logger":"airflow.task.hooks.airflow.providers.standard.hooks.subprocess.SubprocessHook"}
{"timestamp":"2025-07-17T06:50:57.483957","level":"info","event":"  3600K .......... .......... .......... .......... .......... 45% 69.5M 0s","logger":"airflow.task.hooks.airflow.providers.standard.hooks.subprocess.SubprocessHook"}
{"timestamp":"2025-07-17T06:50:57.484084","level":"info","event":"  3650K .......... .......... .......... .......... .......... 45%  241M 0s","logger":"airflow.task.hooks.airflow.providers.standard.hooks.subprocess.SubprocessHook"}
{"timestamp":"2025-07-17T06:50:57.484255","level":"info","event":"  3700K .......... .......... .......... .......... .......... 46%  226M 0s","logger":"airflow.task.hooks.airflow.providers.standard.hooks.subprocess.SubprocessHook"}
{"timestamp":"2025-07-17T06:50:57.484317","level":"info","event":"  3750K .......... .......... .......... .......... .......... 47%  178M 0s","logger":"airflow.task.hooks.airflow.providers.standard.hooks.subprocess.SubprocessHook"}
{"timestamp":"2025-07-17T06:50:57.484959","level":"info","event":"  3800K .......... .......... .......... .......... .......... 47% 97.7M 0s","logger":"airflow.task.hooks.airflow.providers.standard.hooks.subprocess.SubprocessHook"}
{"timestamp":"2025-07-17T06:50:57.485586","level":"info","event":"  3850K .......... .......... .......... .......... .......... 48% 51.9M 0s","logger":"airflow.task.hooks.airflow.providers.standard.hooks.subprocess.SubprocessHook"}
{"timestamp":"2025-07-17T06:50:57.485855","level":"info","event":"  3900K .......... .......... .......... .......... .......... 49%  171M 0s","logger":"airflow.task.hooks.airflow.providers.standard.hooks.subprocess.SubprocessHook"}
{"timestamp":"2025-07-17T06:50:57.486196","level":"info","event":"  3950K .......... .......... .......... .......... .......... 49%  147M 0s","logger":"airflow.task.hooks.airflow.providers.standard.hooks.subprocess.SubprocessHook"}
{"timestamp":"2025-07-17T06:50:57.486408","level":"info","event":"  4000K .......... .......... .......... .......... .......... 50%  221M 0s","logger":"airflow.task.hooks.airflow.providers.standard.hooks.subprocess.SubprocessHook"}
{"timestamp":"2025-07-17T06:50:57.486693","level":"info","event":"  4050K .......... .......... .......... .......... .......... 50%  206M 0s","logger":"airflow.task.hooks.airflow.providers.standard.hooks.subprocess.SubprocessHook"}
{"timestamp":"2025-07-17T06:50:57.486933","level":"info","event":"  4100K .......... .......... .......... .......... .......... 51%  197M 0s","logger":"airflow.task.hooks.airflow.providers.standard.hooks.subprocess.SubprocessHook"}
{"timestamp":"2025-07-17T06:50:57.487127","level":"info","event":"  4150K .......... .......... .......... .......... .......... 52%  198M 0s","logger":"airflow.task.hooks.airflow.providers.standard.hooks.subprocess.SubprocessHook"}
{"timestamp":"2025-07-17T06:50:57.487318","level":"info","event":"  4200K .......... .......... .......... .......... .......... 52%  237M 0s","logger":"airflow.task.hooks.airflow.providers.standard.hooks.subprocess.SubprocessHook"}
{"timestamp":"2025-07-17T06:50:57.487646","level":"info","event":"  4250K .......... .......... .......... .......... .......... 53%  168M 0s","logger":"airflow.task.hooks.airflow.providers.standard.hooks.subprocess.SubprocessHook"}
{"timestamp":"2025-07-17T06:50:57.487891","level":"info","event":"  4300K .......... .......... .......... .......... .......... 54%  220M 0s","logger":"airflow.task.hooks.airflow.providers.standard.hooks.subprocess.SubprocessHook"}
{"timestamp":"2025-07-17T06:50:57.488117","level":"info","event":"  4350K .......... .......... .......... .......... .......... 54%  185M 0s","logger":"airflow.task.hooks.airflow.providers.standard.hooks.subprocess.SubprocessHook"}
{"timestamp":"2025-07-17T06:50:57.488304","level":"info","event":"  4400K .......... .......... .......... .......... .......... 55%  245M 0s","logger":"airflow.task.hooks.airflow.providers.standard.hooks.subprocess.SubprocessHook"}
{"timestamp":"2025-07-17T06:50:57.488519","level":"info","event":"  4450K .......... .......... .......... .......... .......... 55%  273M 0s","logger":"airflow.task.hooks.airflow.providers.standard.hooks.subprocess.SubprocessHook"}
{"timestamp":"2025-07-17T06:50:57.488705","level":"info","event":"  4500K .......... .......... .......... .......... .......... 56%  231M 0s","logger":"airflow.task.hooks.airflow.providers.standard.hooks.subprocess.SubprocessHook"}
{"timestamp":"2025-07-17T06:50:57.489192","level":"info","event":"  4550K .......... .......... .......... .......... .......... 57%  208M 0s","logger":"airflow.task.hooks.airflow.providers.standard.hooks.subprocess.SubprocessHook"}
{"timestamp":"2025-07-17T06:50:57.489241","level":"info","event":"  4600K .......... .......... .......... .......... .......... 57%  282M 0s","logger":"airflow.task.hooks.airflow.providers.standard.hooks.subprocess.SubprocessHook"}
{"timestamp":"2025-07-17T06:50:57.489304","level":"info","event":"  4650K .......... .......... .......... .......... .......... 58%  300M 0s","logger":"airflow.task.hooks.airflow.providers.standard.hooks.subprocess.SubprocessHook"}
{"timestamp":"2025-07-17T06:50:57.489638","level":"info","event":"  4700K .......... .......... .......... .......... .......... 59%  141M 0s","logger":"airflow.task.hooks.airflow.providers.standard.hooks.subprocess.SubprocessHook"}
{"timestamp":"2025-07-17T06:50:57.490274","level":"info","event":"  4750K .......... .......... .......... .......... .......... 59% 81.2M 0s","logger":"airflow.task.hooks.airflow.providers.standard.hooks.subprocess.SubprocessHook"}
{"timestamp":"2025-07-17T06:50:57.490452","level":"info","event":"  4800K .......... .......... .......... .......... .......... 60%  232M 0s","logger":"airflow.task.hooks.airflow.providers.standard.hooks.subprocess.SubprocessHook"}
{"timestamp":"2025-07-17T06:50:57.490627","level":"info","event":"  4850K .......... .......... .......... .......... .......... 60%  246M 0s","logger":"airflow.task.hooks.airflow.providers.standard.hooks.subprocess.SubprocessHook"}
{"timestamp":"2025-07-17T06:50:57.490887","level":"info","event":"  4900K .......... .......... .......... .......... .......... 61%  198M 0s","logger":"airflow.task.hooks.airflow.providers.standard.hooks.subprocess.SubprocessHook"}
{"timestamp":"2025-07-17T06:50:57.491115","level":"info","event":"  4950K .......... .......... .......... .......... .......... 62%  210M 0s","logger":"airflow.task.hooks.airflow.providers.standard.hooks.subprocess.SubprocessHook"}
{"timestamp":"2025-07-17T06:50:57.491313","level":"info","event":"  5000K .......... .......... .......... .......... .......... 62%  222M 0s","logger":"airflow.task.hooks.airflow.providers.standard.hooks.subprocess.SubprocessHook"}
{"timestamp":"2025-07-17T06:50:57.491552","level":"info","event":"  5050K .......... .......... .......... .......... .......... 63%  224M 0s","logger":"airflow.task.hooks.airflow.providers.standard.hooks.subprocess.SubprocessHook"}
{"timestamp":"2025-07-17T06:50:57.492261","level":"info","event":"  5100K .......... .......... .......... .......... .......... 63% 70.6M 0s","logger":"airflow.task.hooks.airflow.providers.standard.hooks.subprocess.SubprocessHook"}
{"timestamp":"2025-07-17T06:50:57.493062","level":"info","event":"  5150K .......... .......... .......... .......... .......... 64% 63.2M 0s","logger":"airflow.task.hooks.airflow.providers.standard.hooks.subprocess.SubprocessHook"}
{"timestamp":"2025-07-17T06:50:57.493403","level":"info","event":"  5200K .......... .......... .......... .......... .......... 65%  185M 0s","logger":"airflow.task.hooks.airflow.providers.standard.hooks.subprocess.SubprocessHook"}
{"timestamp":"2025-07-17T06:50:57.493462","level":"info","event":"  5250K .......... .......... .......... .......... .......... 65%  280M 0s","logger":"airflow.task.hooks.airflow.providers.standard.hooks.subprocess.SubprocessHook"}
{"timestamp":"2025-07-17T06:50:57.494010","level":"info","event":"  5300K .......... .......... .......... .......... .......... 66%  114M 0s","logger":"airflow.task.hooks.airflow.providers.standard.hooks.subprocess.SubprocessHook"}
{"timestamp":"2025-07-17T06:50:57.494075","level":"info","event":"  5350K .......... .......... .......... .......... .......... 67%  238M 0s","logger":"airflow.task.hooks.airflow.providers.standard.hooks.subprocess.SubprocessHook"}
{"timestamp":"2025-07-17T06:50:57.494312","level":"info","event":"  5400K .......... .......... .......... .......... .......... 67%  230M 0s","logger":"airflow.task.hooks.airflow.providers.standard.hooks.subprocess.SubprocessHook"}
{"timestamp":"2025-07-17T06:50:57.494855","level":"info","event":"  5450K .......... .......... .......... .......... .......... 68% 98.4M 0s","logger":"airflow.task.hooks.airflow.providers.standard.hooks.subprocess.SubprocessHook"}
{"timestamp":"2025-07-17T06:50:57.495170","level":"info","event":"  5500K .......... .......... .......... .......... .......... 68%  130M 0s","logger":"airflow.task.hooks.airflow.providers.standard.hooks.subprocess.SubprocessHook"}
{"timestamp":"2025-07-17T06:50:57.496086","level":"info","event":"  5550K .......... .......... .......... .......... .......... 69% 57.4M 0s","logger":"airflow.task.hooks.airflow.providers.standard.hooks.subprocess.SubprocessHook"}
{"timestamp":"2025-07-17T06:50:57.496636","level":"info","event":"  5600K .......... .......... .......... .......... .......... 70%  131M 0s","logger":"airflow.task.hooks.airflow.providers.standard.hooks.subprocess.SubprocessHook"}
{"timestamp":"2025-07-17T06:50:57.496825","level":"info","event":"  5650K .......... .......... .......... .......... .......... 70%  180M 0s","logger":"airflow.task.hooks.airflow.providers.standard.hooks.subprocess.SubprocessHook"}
{"timestamp":"2025-07-17T06:50:57.497111","level":"info","event":"  5700K .......... .......... .......... .......... .......... 71%  134M 0s","logger":"airflow.task.hooks.airflow.providers.standard.hooks.subprocess.SubprocessHook"}
{"timestamp":"2025-07-17T06:50:57.497391","level":"info","event":"  5750K .......... .......... .......... .......... .......... 72%  157M 0s","logger":"airflow.task.hooks.airflow.providers.standard.hooks.subprocess.SubprocessHook"}
{"timestamp":"2025-07-17T06:50:57.497562","level":"info","event":"  5800K .......... .......... .......... .......... .......... 72%  218M 0s","logger":"airflow.task.hooks.airflow.providers.standard.hooks.subprocess.SubprocessHook"}
{"timestamp":"2025-07-17T06:50:57.498069","level":"info","event":"  5850K .......... .......... .......... .......... .......... 73% 93.4M 0s","logger":"airflow.task.hooks.airflow.providers.standard.hooks.subprocess.SubprocessHook"}
{"timestamp":"2025-07-17T06:50:57.499038","level":"info","event":"  5900K .......... .......... .......... .......... .......... 73% 60.9M 0s","logger":"airflow.task.hooks.airflow.providers.standard.hooks.subprocess.SubprocessHook"}
{"timestamp":"2025-07-17T06:50:57.499920","level":"info","event":"  5950K .......... .......... .......... .......... .......... 74% 53.1M 0s","logger":"airflow.task.hooks.airflow.providers.standard.hooks.subprocess.SubprocessHook"}
{"timestamp":"2025-07-17T06:50:57.501069","level":"info","event":"  6000K .......... .......... .......... .......... .......... 75% 55.0M 0s","logger":"airflow.task.hooks.airflow.providers.standard.hooks.subprocess.SubprocessHook"}
{"timestamp":"2025-07-17T06:50:57.501146","level":"info","event":"  6050K .......... .......... .......... .......... .......... 75%  161M 0s","logger":"airflow.task.hooks.airflow.providers.standard.hooks.subprocess.SubprocessHook"}
{"timestamp":"2025-07-17T06:50:57.503893","level":"info","event":"  6100K .......... .......... .......... .......... .......... 76% 19.8M 0s","logger":"airflow.task.hooks.airflow.providers.standard.hooks.subprocess.SubprocessHook"}
{"timestamp":"2025-07-17T06:50:57.505232","level":"info","event":"  6150K .......... .......... .......... .......... .......... 77% 37.1M 0s","logger":"airflow.task.hooks.airflow.providers.standard.hooks.subprocess.SubprocessHook"}
{"timestamp":"2025-07-17T06:50:57.505306","level":"info","event":"  6200K .......... .......... .......... .......... .......... 77%  208M 0s","logger":"airflow.task.hooks.airflow.providers.standard.hooks.subprocess.SubprocessHook"}
{"timestamp":"2025-07-17T06:50:57.505903","level":"info","event":"  6250K .......... .......... .......... .......... .......... 78% 58.3M 0s","logger":"airflow.task.hooks.airflow.providers.standard.hooks.subprocess.SubprocessHook"}
{"timestamp":"2025-07-17T06:50:57.506418","level":"info","event":"  6300K .......... .......... .......... .......... .......... 78% 99.4M 0s","logger":"airflow.task.hooks.airflow.providers.standard.hooks.subprocess.SubprocessHook"}
{"timestamp":"2025-07-17T06:50:57.506878","level":"info","event":"  6350K .......... .......... .......... .......... .......... 79%  108M 0s","logger":"airflow.task.hooks.airflow.providers.standard.hooks.subprocess.SubprocessHook"}
{"timestamp":"2025-07-17T06:50:57.507497","level":"info","event":"  6400K .......... .......... .......... .......... .......... 80%  239M 0s","logger":"airflow.task.hooks.airflow.providers.standard.hooks.subprocess.SubprocessHook"}
{"timestamp":"2025-07-17T06:50:57.507560","level":"info","event":"  6450K .......... .......... .......... .......... .......... 80% 88.2M 0s","logger":"airflow.task.hooks.airflow.providers.standard.hooks.subprocess.SubprocessHook"}
{"timestamp":"2025-07-17T06:50:57.508563","level":"info","event":"  6500K .......... .......... .......... .......... .......... 81% 80.2M 0s","logger":"airflow.task.hooks.airflow.providers.standard.hooks.subprocess.SubprocessHook"}
{"timestamp":"2025-07-17T06:50:57.509035","level":"info","event":"  6550K .......... .......... .......... .......... .......... 81% 61.5M 0s","logger":"airflow.task.hooks.airflow.providers.standard.hooks.subprocess.SubprocessHook"}
{"timestamp":"2025-07-17T06:50:57.509770","level":"info","event":"  6600K .......... .......... .......... .......... .......... 82% 86.0M 0s","logger":"airflow.task.hooks.airflow.providers.standard.hooks.subprocess.SubprocessHook"}
{"timestamp":"2025-07-17T06:50:57.513047","level":"info","event":"  6650K .......... .......... .......... .......... .......... 83% 14.1M 0s","logger":"airflow.task.hooks.airflow.providers.standard.hooks.subprocess.SubprocessHook"}
{"timestamp":"2025-07-17T06:50:57.513271","level":"info","event":"  6700K .......... .......... .......... .......... .......... 83%  222M 0s","logger":"airflow.task.hooks.airflow.providers.standard.hooks.subprocess.SubprocessHook"}
{"timestamp":"2025-07-17T06:50:57.513795","level":"info","event":"  6750K .......... .......... .......... .......... .......... 84% 85.3M 0s","logger":"airflow.task.hooks.airflow.providers.standard.hooks.subprocess.SubprocessHook"}
{"timestamp":"2025-07-17T06:50:57.514238","level":"info","event":"  6800K .......... .......... .......... .......... .......... 85%  211M 0s","logger":"airflow.task.hooks.airflow.providers.standard.hooks.subprocess.SubprocessHook"}
{"timestamp":"2025-07-17T06:50:57.514325","level":"info","event":"  6850K .......... .......... .......... .......... .......... 85%  211M 0s","logger":"airflow.task.hooks.airflow.providers.standard.hooks.subprocess.SubprocessHook"}
{"timestamp":"2025-07-17T06:50:57.514590","level":"info","event":"  6900K .......... .......... .......... .......... .......... 86%  137M 0s","logger":"airflow.task.hooks.airflow.providers.standard.hooks.subprocess.SubprocessHook"}
{"timestamp":"2025-07-17T06:50:57.515557","level":"info","event":"  6950K .......... .......... .......... .......... .......... 86% 55.7M 0s","logger":"airflow.task.hooks.airflow.providers.standard.hooks.subprocess.SubprocessHook"}
{"timestamp":"2025-07-17T06:50:57.516147","level":"info","event":"  7000K .......... .......... .......... .......... .......... 87% 78.2M 0s","logger":"airflow.task.hooks.airflow.providers.standard.hooks.subprocess.SubprocessHook"}
{"timestamp":"2025-07-17T06:50:57.516470","level":"info","event":"  7050K .......... .......... .......... .......... .......... 88%  151M 0s","logger":"airflow.task.hooks.airflow.providers.standard.hooks.subprocess.SubprocessHook"}
{"timestamp":"2025-07-17T06:50:57.517248","level":"info","event":"  7100K .......... .......... .......... .......... .......... 88% 65.5M 0s","logger":"airflow.task.hooks.airflow.providers.standard.hooks.subprocess.SubprocessHook"}
{"timestamp":"2025-07-17T06:50:57.517653","level":"info","event":"  7150K .......... .......... .......... .......... .......... 89%  104M 0s","logger":"airflow.task.hooks.airflow.providers.standard.hooks.subprocess.SubprocessHook"}
{"timestamp":"2025-07-17T06:50:57.518530","level":"info","event":"  7200K .......... .......... .......... .......... .......... 90% 56.4M 0s","logger":"airflow.task.hooks.airflow.providers.standard.hooks.subprocess.SubprocessHook"}
{"timestamp":"2025-07-17T06:50:57.520007","level":"info","event":"  7250K .......... .......... .......... .......... .......... 90% 38.8M 0s","logger":"airflow.task.hooks.airflow.providers.standard.hooks.subprocess.SubprocessHook"}
{"timestamp":"2025-07-17T06:50:57.522286","level":"info","event":"  7300K .......... .......... .......... .......... .......... 91% 22.0M 0s","logger":"airflow.task.hooks.airflow.providers.standard.hooks.subprocess.SubprocessHook"}
{"timestamp":"2025-07-17T06:50:57.524249","level":"info","event":"  7350K .......... .......... .......... .......... .......... 91% 22.3M 0s","logger":"airflow.task.hooks.airflow.providers.standard.hooks.subprocess.SubprocessHook"}
{"timestamp":"2025-07-17T06:50:57.524602","level":"info","event":"  7400K .......... .......... .......... .......... .......... 92%  113M 0s","logger":"airflow.task.hooks.airflow.providers.standard.hooks.subprocess.SubprocessHook"}
{"timestamp":"2025-07-17T06:50:57.524976","level":"info","event":"  7450K .......... .......... .......... .......... .......... 93%  154M 0s","logger":"airflow.task.hooks.airflow.providers.standard.hooks.subprocess.SubprocessHook"}
{"timestamp":"2025-07-17T06:50:57.525269","level":"info","event":"  7500K .......... .......... .......... .......... .......... 93%  138M 0s","logger":"airflow.task.hooks.airflow.providers.standard.hooks.subprocess.SubprocessHook"}
{"timestamp":"2025-07-17T06:50:57.525556","level":"info","event":"  7550K .......... .......... .......... .......... .......... 94%  159M 0s","logger":"airflow.task.hooks.airflow.providers.standard.hooks.subprocess.SubprocessHook"}
{"timestamp":"2025-07-17T06:50:57.525899","level":"info","event":"  7600K .......... .......... .......... .......... .......... 95%  160M 0s","logger":"airflow.task.hooks.airflow.providers.standard.hooks.subprocess.SubprocessHook"}
{"timestamp":"2025-07-17T06:50:57.528174","level":"info","event":"  7650K .......... .......... .......... .......... .......... 95% 21.4M 0s","logger":"airflow.task.hooks.airflow.providers.standard.hooks.subprocess.SubprocessHook"}
{"timestamp":"2025-07-17T06:50:57.529736","level":"info","event":"  7700K .......... .......... .......... .......... .......... 96% 32.3M 0s","logger":"airflow.task.hooks.airflow.providers.standard.hooks.subprocess.SubprocessHook"}
{"timestamp":"2025-07-17T06:50:57.531043","level":"info","event":"  7750K .......... .......... .......... .......... .......... 96% 55.1M 0s","logger":"airflow.task.hooks.airflow.providers.standard.hooks.subprocess.SubprocessHook"}
{"timestamp":"2025-07-17T06:50:57.533709","level":"info","event":"  7800K .......... .......... .......... .......... .......... 97% 39.2M 0s","logger":"airflow.task.hooks.airflow.providers.standard.hooks.subprocess.SubprocessHook"}
{"timestamp":"2025-07-17T06:50:57.533855","level":"info","event":"  7850K .......... .......... .......... .......... .......... 98% 25.9M 0s","logger":"airflow.task.hooks.airflow.providers.standard.hooks.subprocess.SubprocessHook"}
{"timestamp":"2025-07-17T06:50:57.534999","level":"info","event":"  7900K .......... .......... .......... .......... .......... 98%  156M 0s","logger":"airflow.task.hooks.airflow.providers.standard.hooks.subprocess.SubprocessHook"}
{"timestamp":"2025-07-17T06:50:57.535097","level":"info","event":"  7950K .......... .......... .......... .......... .......... 99% 52.1M 0s","logger":"airflow.task.hooks.airflow.providers.standard.hooks.subprocess.SubprocessHook"}
{"timestamp":"2025-07-17T06:50:57.535163","level":"info","event":"  8000K .......... .......... .......... .......... ........  100%  230M=0.2s","logger":"airflow.task.hooks.airflow.providers.standard.hooks.subprocess.SubprocessHook"}
{"timestamp":"2025-07-17T06:50:57.535233","level":"info","event":"","logger":"airflow.task.hooks.airflow.providers.standard.hooks.subprocess.SubprocessHook"}
{"timestamp":"2025-07-17T06:50:57.535286","level":"info","event":"2025-07-17 06:50:57 (45.3 MB/s) - ‘/opt/airflow/green_tripdata_2019-07.csv.gz’ saved [8242122/8242122]","logger":"airflow.task.hooks.airflow.providers.standard.hooks.subprocess.SubprocessHook"}
{"timestamp":"2025-07-17T06:50:57.535338","level":"info","event":"","logger":"airflow.task.hooks.airflow.providers.standard.hooks.subprocess.SubprocessHook"}
{"timestamp":"2025-07-17T06:50:57.969420","level":"info","event":"Command exited with return code 0","logger":"airflow.task.hooks.airflow.providers.standard.hooks.subprocess.SubprocessHook"}
{"timestamp":"2025-07-17T06:50:57.971873","level":"info","event":"Pushing xcom","ti":"RuntimeTaskInstance(id=UUID('01981726-80e6-79bd-a4c9-b351c9f8672b'), task_id='wget_trips_csvgz', dag_id='local_ingestion_pg_green', run_id='scheduled__2019-07-02T06:00:00+00:00', try_number=1, map_index=-1, hostname='3f7f1d329e72', context_carrier={}, task=<Task(BashOperator): wget_trips_csvgz>, bundle_instance=LocalDagBundle(name=dags-folder), max_tries=0, start_date=datetime.datetime(2025, 7, 17, 6, 50, 56, 288790, tzinfo=TzInfo(UTC)), end_date=None, state=<TaskInstanceState.RUNNING: 'running'>, is_mapped=False, rendered_map_index=None)","logger":"task"}
