{"timestamp":"2025-07-17T06:42:12.019873","level":"info","event":"DAG bundles loaded: dags-folder","logger":"airflow.dag_processing.bundles.manager.DagBundlesManager"}
{"timestamp":"2025-07-17T06:42:12.026228","level":"info","event":"Filling up the DagBag from /opt/airflow/dags/data_ingestion_localpg_dag.py","logger":"airflow.models.dagbag.DagBag"}
{"timestamp":"2025-07-17T06:42:12.783946","level":"info","event":"Tmp dir root location: /tmp","logger":"airflow.task.hooks.airflow.providers.standard.hooks.subprocess.SubprocessHook"}
{"timestamp":"2025-07-17T06:42:12.786808","level":"info","event":"Running command: ['/usr/bin/bash', '-c', 'wget https://github.com/DataTalksClub/nyc-tlc-data/releases/download/green/green_tripdata_2019-09.csv.gz -O /opt/airflow/green_tripdata_2019-09.csv.gz && gunzip -f /opt/airflow/green_tripdata_2019-09.csv.gz || rm -f /opt/airflow/green_tripdata_2019-09.csv.gz']","logger":"airflow.task.hooks.airflow.providers.standard.hooks.subprocess.SubprocessHook"}
{"timestamp":"2025-07-17T06:42:12.807179","level":"info","event":"Output:","logger":"airflow.task.hooks.airflow.providers.standard.hooks.subprocess.SubprocessHook"}
{"timestamp":"2025-07-17T06:42:12.825827","level":"info","event":"--2025-07-17 06:42:12--  https://github.com/DataTalksClub/nyc-tlc-data/releases/download/green/green_tripdata_2019-09.csv.gz","logger":"airflow.task.hooks.airflow.providers.standard.hooks.subprocess.SubprocessHook"}
{"timestamp":"2025-07-17T06:42:12.858496","level":"info","event":"Resolving github.com (github.com)... 20.205.243.166","logger":"airflow.task.hooks.airflow.providers.standard.hooks.subprocess.SubprocessHook"}
{"timestamp":"2025-07-17T06:42:12.867165","level":"info","event":"Connecting to github.com (github.com)|20.205.243.166|:443... connected.","logger":"airflow.task.hooks.airflow.providers.standard.hooks.subprocess.SubprocessHook"}
{"timestamp":"2025-07-17T06:42:13.316861","level":"info","event":"HTTP request sent, awaiting response... 302 Found","logger":"airflow.task.hooks.airflow.providers.standard.hooks.subprocess.SubprocessHook"}
{"timestamp":"2025-07-17T06:42:13.317160","level":"info","event":"Location: https://release-assets.githubusercontent.com/github-production-release-asset/513814948/b5af7693-2f26-4bd5-8854-75edeb650bae?sp=r&sv=2018-11-09&sr=b&spr=https&se=2025-07-17T07%3A31%3A24Z&rscd=attachment%3B+filename%3Dgreen_tripdata_2019-09.csv.gz&rsct=application%2Foctet-stream&skoid=96c2d410-5711-43a1-aedd-ab1947aa7ab0&sktid=398a6654-997b-47e9-b12b-9515b896b4de&skt=2025-07-17T06%3A30%3A29Z&ske=2025-07-17T07%3A31%3A24Z&sks=b&skv=2018-11-09&sig=YlKxJnCY3TZmFJ3c%2BR29P5zZbnnm4tWtl%2Bc9f%2BDISQU%3D&jwt=eyJ******&response-content-disposition=attachment%3B%20filename%3Dgreen_tripdata_2019-09.csv.gz&response-content-type=application%2Foctet-stream [following]","logger":"airflow.task.hooks.airflow.providers.standard.hooks.subprocess.SubprocessHook"}
{"timestamp":"2025-07-17T06:42:13.317284","level":"info","event":"--2025-07-17 06:42:13--  https://release-assets.githubusercontent.com/github-production-release-asset/513814948/b5af7693-2f26-4bd5-8854-75edeb650bae?sp=r&sv=2018-11-09&sr=b&spr=https&se=2025-07-17T07%3A31%3A24Z&rscd=attachment%3B+filename%3Dgreen_tripdata_2019-09.csv.gz&rsct=application%2Foctet-stream&skoid=96c2d410-5711-43a1-aedd-ab1947aa7ab0&sktid=398a6654-997b-47e9-b12b-9515b896b4de&skt=2025-07-17T06%3A30%3A29Z&ske=2025-07-17T07%3A31%3A24Z&sks=b&skv=2018-11-09&sig=YlKxJnCY3TZmFJ3c%2BR29P5zZbnnm4tWtl%2Bc9f%2BDISQU%3D&jwt=eyJ******&response-content-disposition=attachment%3B%20filename%3Dgreen_tripdata_2019-09.csv.gz&response-content-type=application%2Foctet-stream","logger":"airflow.task.hooks.airflow.providers.standard.hooks.subprocess.SubprocessHook"}
{"timestamp":"2025-07-17T06:42:13.339965","level":"info","event":"Resolving release-assets.githubusercontent.com (release-assets.githubusercontent.com)... 185.199.108.133, 185.199.109.133, 185.199.110.133, ...","logger":"airflow.task.hooks.airflow.providers.standard.hooks.subprocess.SubprocessHook"}
{"timestamp":"2025-07-17T06:42:13.349657","level":"info","event":"Connecting to release-assets.githubusercontent.com (release-assets.githubusercontent.com)|185.199.108.133|:443... connected.","logger":"airflow.task.hooks.airflow.providers.standard.hooks.subprocess.SubprocessHook"}
{"timestamp":"2025-07-17T06:42:13.623860","level":"info","event":"HTTP request sent, awaiting response... 200 OK","logger":"airflow.task.hooks.airflow.providers.standard.hooks.subprocess.SubprocessHook"}
{"timestamp":"2025-07-17T06:42:13.635758","level":"info","event":"Length: 7854533 (7.5M) [application/octet-stream]","logger":"airflow.task.hooks.airflow.providers.standard.hooks.subprocess.SubprocessHook"}
{"timestamp":"2025-07-17T06:42:13.637570","level":"info","event":"Saving to: ‘/opt/airflow/green_tripdata_2019-09.csv.gz’","logger":"airflow.task.hooks.airflow.providers.standard.hooks.subprocess.SubprocessHook"}
{"timestamp":"2025-07-17T06:42:13.637690","level":"info","event":"","logger":"airflow.task.hooks.airflow.providers.standard.hooks.subprocess.SubprocessHook"}
{"timestamp":"2025-07-17T06:42:13.654754","level":"info","event":"     0K .......... .......... .......... .......... ..........  0% 2.59M 3s","logger":"airflow.task.hooks.airflow.providers.standard.hooks.subprocess.SubprocessHook"}
{"timestamp":"2025-07-17T06:42:13.661599","level":"info","event":"    50K .......... .......... .......... .......... ..........  1% 9.32M 2s","logger":"airflow.task.hooks.airflow.providers.standard.hooks.subprocess.SubprocessHook"}
{"timestamp":"2025-07-17T06:42:13.670211","level":"info","event":"   100K .......... .......... .......... .......... ..........  1% 4.54M 2s","logger":"airflow.task.hooks.airflow.providers.standard.hooks.subprocess.SubprocessHook"}
{"timestamp":"2025-07-17T06:42:13.676379","level":"info","event":"   150K .......... .......... .......... .......... ..........  2% 8.61M 2s","logger":"airflow.task.hooks.airflow.providers.standard.hooks.subprocess.SubprocessHook"}
{"timestamp":"2025-07-17T06:42:13.692851","level":"info","event":"   200K .......... .......... .......... .......... ..........  3% 2.86M 2s","logger":"airflow.task.hooks.airflow.providers.standard.hooks.subprocess.SubprocessHook"}
{"timestamp":"2025-07-17T06:42:13.692988","level":"info","event":"   250K .......... .......... .......... .......... ..........  3%  151M 1s","logger":"airflow.task.hooks.airflow.providers.standard.hooks.subprocess.SubprocessHook"}
{"timestamp":"2025-07-17T06:42:13.695367","level":"info","event":"   300K .......... .......... .......... .......... ..........  4% 37.4M 1s","logger":"airflow.task.hooks.airflow.providers.standard.hooks.subprocess.SubprocessHook"}
{"timestamp":"2025-07-17T06:42:13.696296","level":"info","event":"   350K .......... .......... .......... .......... ..........  5% 25.2M 1s","logger":"airflow.task.hooks.airflow.providers.standard.hooks.subprocess.SubprocessHook"}
{"timestamp":"2025-07-17T06:42:13.697998","level":"info","event":"   400K .......... .......... .......... .......... ..........  5% 41.2M 1s","logger":"airflow.task.hooks.airflow.providers.standard.hooks.subprocess.SubprocessHook"}
{"timestamp":"2025-07-17T06:42:13.700314","level":"info","event":"   450K .......... .......... .......... .......... ..........  6% 20.3M 1s","logger":"airflow.task.hooks.airflow.providers.standard.hooks.subprocess.SubprocessHook"}
{"timestamp":"2025-07-17T06:42:13.700412","level":"info","event":"   500K .......... .......... .......... .......... ..........  7%  133M 1s","logger":"airflow.task.hooks.airflow.providers.standard.hooks.subprocess.SubprocessHook"}
{"timestamp":"2025-07-17T06:42:13.702062","level":"info","event":"   550K .......... .......... .......... .......... ..........  7% 29.2M 1s","logger":"airflow.task.hooks.airflow.providers.standard.hooks.subprocess.SubprocessHook"}
{"timestamp":"2025-07-17T06:42:13.703655","level":"info","event":"   600K .......... .......... .......... .......... ..........  8% 26.3M 1s","logger":"airflow.task.hooks.airflow.providers.standard.hooks.subprocess.SubprocessHook"}
{"timestamp":"2025-07-17T06:42:13.706353","level":"info","event":"   650K .......... .......... .......... .......... ..........  9% 25.0M 1s","logger":"airflow.task.hooks.airflow.providers.standard.hooks.subprocess.SubprocessHook"}
{"timestamp":"2025-07-17T06:42:13.706462","level":"info","event":"   700K .......... .......... .......... .......... ..........  9%  170M 1s","logger":"airflow.task.hooks.airflow.providers.standard.hooks.subprocess.SubprocessHook"}
{"timestamp":"2025-07-17T06:42:13.706530","level":"info","event":"   750K .......... .......... .......... .......... .......... 10%  136M 1s","logger":"airflow.task.hooks.airflow.providers.standard.hooks.subprocess.SubprocessHook"}
{"timestamp":"2025-07-17T06:42:13.706588","level":"info","event":"   800K .......... .......... .......... .......... .......... 11%  151M 1s","logger":"airflow.task.hooks.airflow.providers.standard.hooks.subprocess.SubprocessHook"}
{"timestamp":"2025-07-17T06:42:13.708638","level":"info","event":"   850K .......... .......... .......... .......... .......... 11% 39.4M 1s","logger":"airflow.task.hooks.airflow.providers.standard.hooks.subprocess.SubprocessHook"}
{"timestamp":"2025-07-17T06:42:13.708736","level":"info","event":"   900K .......... .......... .......... .......... .......... 12%  166M 1s","logger":"airflow.task.hooks.airflow.providers.standard.hooks.subprocess.SubprocessHook"}
{"timestamp":"2025-07-17T06:42:13.708782","level":"info","event":"   950K .......... .......... .......... .......... .......... 13%  163M 0s","logger":"airflow.task.hooks.airflow.providers.standard.hooks.subprocess.SubprocessHook"}
{"timestamp":"2025-07-17T06:42:13.708835","level":"info","event":"  1000K .......... .......... .......... .......... .......... 13%  166M 0s","logger":"airflow.task.hooks.airflow.providers.standard.hooks.subprocess.SubprocessHook"}
{"timestamp":"2025-07-17T06:42:13.709039","level":"info","event":"  1050K .......... .......... .......... .......... .......... 14%  161M 0s","logger":"airflow.task.hooks.airflow.providers.standard.hooks.subprocess.SubprocessHook"}
{"timestamp":"2025-07-17T06:42:13.709276","level":"info","event":"  1100K .......... .......... .......... .......... .......... 14%  205M 0s","logger":"airflow.task.hooks.airflow.providers.standard.hooks.subprocess.SubprocessHook"}
{"timestamp":"2025-07-17T06:42:13.712260","level":"info","event":"  1150K .......... .......... .......... .......... .......... 15% 21.0M 0s","logger":"airflow.task.hooks.airflow.providers.standard.hooks.subprocess.SubprocessHook"}
{"timestamp":"2025-07-17T06:42:13.712332","level":"info","event":"  1200K .......... .......... .......... .......... .......... 16%  176M 0s","logger":"airflow.task.hooks.airflow.providers.standard.hooks.subprocess.SubprocessHook"}
{"timestamp":"2025-07-17T06:42:13.712365","level":"info","event":"  1250K .......... .......... .......... .......... .......... 16%  181M 0s","logger":"airflow.task.hooks.airflow.providers.standard.hooks.subprocess.SubprocessHook"}
{"timestamp":"2025-07-17T06:42:13.712390","level":"info","event":"  1300K .......... .......... .......... .......... .......... 17%  198M 0s","logger":"airflow.task.hooks.airflow.providers.standard.hooks.subprocess.SubprocessHook"}
{"timestamp":"2025-07-17T06:42:13.713607","level":"info","event":"  1350K .......... .......... .......... .......... .......... 18% 53.6M 0s","logger":"airflow.task.hooks.airflow.providers.standard.hooks.subprocess.SubprocessHook"}
{"timestamp":"2025-07-17T06:42:13.713681","level":"info","event":"  1400K .......... .......... .......... .......... .......... 18%  168M 0s","logger":"airflow.task.hooks.airflow.providers.standard.hooks.subprocess.SubprocessHook"}
{"timestamp":"2025-07-17T06:42:13.719378","level":"info","event":"  1450K .......... .......... .......... .......... .......... 19% 9.33M 0s","logger":"airflow.task.hooks.airflow.providers.standard.hooks.subprocess.SubprocessHook"}
{"timestamp":"2025-07-17T06:42:13.719772","level":"info","event":"  1500K .......... .......... .......... .......... .......... 20% 79.2M 0s","logger":"airflow.task.hooks.airflow.providers.standard.hooks.subprocess.SubprocessHook"}
{"timestamp":"2025-07-17T06:42:13.721035","level":"info","event":"  1550K .......... .......... .......... .......... .......... 20% 30.8M 0s","logger":"airflow.task.hooks.airflow.providers.standard.hooks.subprocess.SubprocessHook"}
{"timestamp":"2025-07-17T06:42:13.721689","level":"info","event":"  1600K .......... .......... .......... .......... .......... 21%  144M 0s","logger":"airflow.task.hooks.airflow.providers.standard.hooks.subprocess.SubprocessHook"}
{"timestamp":"2025-07-17T06:42:13.721752","level":"info","event":"  1650K .......... .......... .......... .......... .......... 22%  177M 0s","logger":"airflow.task.hooks.airflow.providers.standard.hooks.subprocess.SubprocessHook"}
{"timestamp":"2025-07-17T06:42:13.722092","level":"info","event":"  1700K .......... .......... .......... .......... .......... 22%  153M 0s","logger":"airflow.task.hooks.airflow.providers.standard.hooks.subprocess.SubprocessHook"}
{"timestamp":"2025-07-17T06:42:13.722391","level":"info","event":"  1750K .......... .......... .......... .......... .......... 23%  118M 0s","logger":"airflow.task.hooks.airflow.providers.standard.hooks.subprocess.SubprocessHook"}
{"timestamp":"2025-07-17T06:42:13.723908","level":"info","event":"  1800K .......... .......... .......... .......... .......... 24% 35.2M 0s","logger":"airflow.task.hooks.airflow.providers.standard.hooks.subprocess.SubprocessHook"}
{"timestamp":"2025-07-17T06:42:13.724002","level":"info","event":"  1850K .......... .......... .......... .......... .......... 24%  197M 0s","logger":"airflow.task.hooks.airflow.providers.standard.hooks.subprocess.SubprocessHook"}
{"timestamp":"2025-07-17T06:42:13.726044","level":"info","event":"  1900K .......... .......... .......... .......... .......... 25% 27.1M 0s","logger":"airflow.task.hooks.airflow.providers.standard.hooks.subprocess.SubprocessHook"}
{"timestamp":"2025-07-17T06:42:13.728352","level":"info","event":"  1950K .......... .......... .......... .......... .......... 26% 33.9M 0s","logger":"airflow.task.hooks.airflow.providers.standard.hooks.subprocess.SubprocessHook"}
{"timestamp":"2025-07-17T06:42:13.728458","level":"info","event":"  2000K .......... .......... .......... .......... .......... 26% 43.0M 0s","logger":"airflow.task.hooks.airflow.providers.standard.hooks.subprocess.SubprocessHook"}
{"timestamp":"2025-07-17T06:42:13.736148","level":"info","event":"  2050K .......... .......... .......... .......... .......... 27% 6.75M 0s","logger":"airflow.task.hooks.airflow.providers.standard.hooks.subprocess.SubprocessHook"}
{"timestamp":"2025-07-17T06:42:13.737514","level":"info","event":"  2100K .......... .......... .......... .......... .......... 28% 50.5M 0s","logger":"airflow.task.hooks.airflow.providers.standard.hooks.subprocess.SubprocessHook"}
{"timestamp":"2025-07-17T06:42:13.738512","level":"info","event":"  2150K .......... .......... .......... .......... .......... 28% 47.2M 0s","logger":"airflow.task.hooks.airflow.providers.standard.hooks.subprocess.SubprocessHook"}
{"timestamp":"2025-07-17T06:42:13.741133","level":"info","event":"  2200K .......... .......... .......... .......... .......... 29% 21.7M 0s","logger":"airflow.task.hooks.airflow.providers.standard.hooks.subprocess.SubprocessHook"}
{"timestamp":"2025-07-17T06:42:13.742318","level":"info","event":"  2250K .......... .......... .......... .......... .......... 29% 27.2M 0s","logger":"airflow.task.hooks.airflow.providers.standard.hooks.subprocess.SubprocessHook"}
{"timestamp":"2025-07-17T06:42:13.745414","level":"info","event":"  2300K .......... .......... .......... .......... .......... 30% 23.7M 0s","logger":"airflow.task.hooks.airflow.providers.standard.hooks.subprocess.SubprocessHook"}
{"timestamp":"2025-07-17T06:42:13.745534","level":"info","event":"  2350K .......... .......... .......... .......... .......... 31% 41.3M 0s","logger":"airflow.task.hooks.airflow.providers.standard.hooks.subprocess.SubprocessHook"}
{"timestamp":"2025-07-17T06:42:13.749274","level":"info","event":"  2400K .......... .......... .......... .......... .......... 31% 22.6M 0s","logger":"airflow.task.hooks.airflow.providers.standard.hooks.subprocess.SubprocessHook"}
{"timestamp":"2025-07-17T06:42:13.750465","level":"info","event":"  2450K .......... .......... .......... .......... .......... 32% 16.2M 0s","logger":"airflow.task.hooks.airflow.providers.standard.hooks.subprocess.SubprocessHook"}
{"timestamp":"2025-07-17T06:42:13.751891","level":"info","event":"  2500K .......... .......... .......... .......... .......... 33% 60.3M 0s","logger":"airflow.task.hooks.airflow.providers.standard.hooks.subprocess.SubprocessHook"}
{"timestamp":"2025-07-17T06:42:13.753417","level":"info","event":"  2550K .......... .......... .......... .......... .......... 33% 21.5M 0s","logger":"airflow.task.hooks.airflow.providers.standard.hooks.subprocess.SubprocessHook"}
{"timestamp":"2025-07-17T06:42:13.756382","level":"info","event":"  2600K .......... .......... .......... .......... .......... 34% 19.0M 0s","logger":"airflow.task.hooks.airflow.providers.standard.hooks.subprocess.SubprocessHook"}
{"timestamp":"2025-07-17T06:42:13.756823","level":"info","event":"  2650K .......... .......... .......... .......... .......... 35% 69.5M 0s","logger":"airflow.task.hooks.airflow.providers.standard.hooks.subprocess.SubprocessHook"}
{"timestamp":"2025-07-17T06:42:13.756880","level":"info","event":"  2700K .......... .......... .......... .......... .......... 35%  191M 0s","logger":"airflow.task.hooks.airflow.providers.standard.hooks.subprocess.SubprocessHook"}
{"timestamp":"2025-07-17T06:42:13.756920","level":"info","event":"  2750K .......... .......... .......... .......... .......... 36%  168M 0s","logger":"airflow.task.hooks.airflow.providers.standard.hooks.subprocess.SubprocessHook"}
{"timestamp":"2025-07-17T06:42:13.757458","level":"info","event":"  2800K .......... .......... .......... .......... .......... 37%  170M 0s","logger":"airflow.task.hooks.airflow.providers.standard.hooks.subprocess.SubprocessHook"}
{"timestamp":"2025-07-17T06:42:13.757560","level":"info","event":"  2850K .......... .......... .......... .......... .......... 37%  201M 0s","logger":"airflow.task.hooks.airflow.providers.standard.hooks.subprocess.SubprocessHook"}
{"timestamp":"2025-07-17T06:42:13.757866","level":"info","event":"  2900K .......... .......... .......... .......... .......... 38%  202M 0s","logger":"airflow.task.hooks.airflow.providers.standard.hooks.subprocess.SubprocessHook"}
{"timestamp":"2025-07-17T06:42:13.759767","level":"info","event":"  2950K .......... .......... .......... .......... .......... 39% 37.1M 0s","logger":"airflow.task.hooks.airflow.providers.standard.hooks.subprocess.SubprocessHook"}
{"timestamp":"2025-07-17T06:42:13.760290","level":"info","event":"  3000K .......... .......... .......... .......... .......... 39% 40.1M 0s","logger":"airflow.task.hooks.airflow.providers.standard.hooks.subprocess.SubprocessHook"}
{"timestamp":"2025-07-17T06:42:13.760560","level":"info","event":"  3050K .......... .......... .......... .......... .......... 40%  165M 0s","logger":"airflow.task.hooks.airflow.providers.standard.hooks.subprocess.SubprocessHook"}
{"timestamp":"2025-07-17T06:42:13.760905","level":"info","event":"  3100K .......... .......... .......... .......... .......... 41%  149M 0s","logger":"airflow.task.hooks.airflow.providers.standard.hooks.subprocess.SubprocessHook"}
{"timestamp":"2025-07-17T06:42:13.762151","level":"info","event":"  3150K .......... .......... .......... .......... .......... 41%  138M 0s","logger":"airflow.task.hooks.airflow.providers.standard.hooks.subprocess.SubprocessHook"}
{"timestamp":"2025-07-17T06:42:13.762267","level":"info","event":"  3200K .......... .......... .......... .......... .......... 42%  157M 0s","logger":"airflow.task.hooks.airflow.providers.standard.hooks.subprocess.SubprocessHook"}
{"timestamp":"2025-07-17T06:42:13.762297","level":"info","event":"  3250K .......... .......... .......... .......... .......... 43%  219M 0s","logger":"airflow.task.hooks.airflow.providers.standard.hooks.subprocess.SubprocessHook"}
{"timestamp":"2025-07-17T06:42:13.763295","level":"info","event":"  3300K .......... .......... .......... .......... .......... 43% 35.1M 0s","logger":"airflow.task.hooks.airflow.providers.standard.hooks.subprocess.SubprocessHook"}
{"timestamp":"2025-07-17T06:42:13.763798","level":"info","event":"  3350K .......... .......... .......... .......... .......... 44% 80.4M 0s","logger":"airflow.task.hooks.airflow.providers.standard.hooks.subprocess.SubprocessHook"}
{"timestamp":"2025-07-17T06:42:13.764347","level":"info","event":"  3400K .......... .......... .......... .......... .......... 44%  104M 0s","logger":"airflow.task.hooks.airflow.providers.standard.hooks.subprocess.SubprocessHook"}
{"timestamp":"2025-07-17T06:42:13.764486","level":"info","event":"  3450K .......... .......... .......... .......... .......... 45%  223M 0s","logger":"airflow.task.hooks.airflow.providers.standard.hooks.subprocess.SubprocessHook"}
{"timestamp":"2025-07-17T06:42:13.765008","level":"info","event":"  3500K .......... .......... .......... .......... .......... 46%  160M 0s","logger":"airflow.task.hooks.airflow.providers.standard.hooks.subprocess.SubprocessHook"}
{"timestamp":"2025-07-17T06:42:13.767392","level":"info","event":"  3550K .......... .......... .......... .......... .......... 46% 21.4M 0s","logger":"airflow.task.hooks.airflow.providers.standard.hooks.subprocess.SubprocessHook"}
{"timestamp":"2025-07-17T06:42:13.767463","level":"info","event":"  3600K .......... .......... .......... .......... .......... 47%  142M 0s","logger":"airflow.task.hooks.airflow.providers.standard.hooks.subprocess.SubprocessHook"}
{"timestamp":"2025-07-17T06:42:13.767967","level":"info","event":"  3650K .......... .......... .......... .......... .......... 48%  182M 0s","logger":"airflow.task.hooks.airflow.providers.standard.hooks.subprocess.SubprocessHook"}
{"timestamp":"2025-07-17T06:42:13.768216","level":"info","event":"  3700K .......... .......... .......... .......... .......... 48%  174M 0s","logger":"airflow.task.hooks.airflow.providers.standard.hooks.subprocess.SubprocessHook"}
{"timestamp":"2025-07-17T06:42:13.770267","level":"info","event":"  3750K .......... .......... .......... .......... .......... 49% 31.6M 0s","logger":"airflow.task.hooks.airflow.providers.standard.hooks.subprocess.SubprocessHook"}
{"timestamp":"2025-07-17T06:42:13.770346","level":"info","event":"  3800K .......... .......... .......... .......... .......... 50%  133M 0s","logger":"airflow.task.hooks.airflow.providers.standard.hooks.subprocess.SubprocessHook"}
{"timestamp":"2025-07-17T06:42:13.770376","level":"info","event":"  3850K .......... .......... .......... .......... .......... 50%  142M 0s","logger":"airflow.task.hooks.airflow.providers.standard.hooks.subprocess.SubprocessHook"}
{"timestamp":"2025-07-17T06:42:13.771193","level":"info","event":"  3900K .......... .......... .......... .......... .......... 51% 99.0M 0s","logger":"airflow.task.hooks.airflow.providers.standard.hooks.subprocess.SubprocessHook"}
{"timestamp":"2025-07-17T06:42:13.771842","level":"info","event":"  3950K .......... .......... .......... .......... .......... 52% 51.8M 0s","logger":"airflow.task.hooks.airflow.providers.standard.hooks.subprocess.SubprocessHook"}
{"timestamp":"2025-07-17T06:42:13.771895","level":"info","event":"  4000K .......... .......... .......... .......... .......... 52%  189M 0s","logger":"airflow.task.hooks.airflow.providers.standard.hooks.subprocess.SubprocessHook"}
{"timestamp":"2025-07-17T06:42:13.775385","level":"info","event":"  4050K .......... .......... .......... .......... .......... 53% 14.4M 0s","logger":"airflow.task.hooks.airflow.providers.standard.hooks.subprocess.SubprocessHook"}
{"timestamp":"2025-07-17T06:42:13.776559","level":"info","event":"  4100K .......... .......... .......... .......... .......... 54% 52.8M 0s","logger":"airflow.task.hooks.airflow.providers.standard.hooks.subprocess.SubprocessHook"}
{"timestamp":"2025-07-17T06:42:13.776764","level":"info","event":"  4150K .......... .......... .......... .......... .......... 54% 98.9M 0s","logger":"airflow.task.hooks.airflow.providers.standard.hooks.subprocess.SubprocessHook"}
{"timestamp":"2025-07-17T06:42:13.777949","level":"info","event":"  4200K .......... .......... .......... .......... .......... 55% 42.2M 0s","logger":"airflow.task.hooks.airflow.providers.standard.hooks.subprocess.SubprocessHook"}
{"timestamp":"2025-07-17T06:42:13.778202","level":"info","event":"  4250K .......... .......... .......... .......... .......... 56%  191M 0s","logger":"airflow.task.hooks.airflow.providers.standard.hooks.subprocess.SubprocessHook"}
{"timestamp":"2025-07-17T06:42:13.779546","level":"info","event":"  4300K .......... .......... .......... .......... .......... 56% 35.5M 0s","logger":"airflow.task.hooks.airflow.providers.standard.hooks.subprocess.SubprocessHook"}
{"timestamp":"2025-07-17T06:42:13.780615","level":"info","event":"  4350K .......... .......... .......... .......... .......... 57%  146M 0s","logger":"airflow.task.hooks.airflow.providers.standard.hooks.subprocess.SubprocessHook"}
{"timestamp":"2025-07-17T06:42:13.781112","level":"info","event":"  4400K .......... .......... .......... .......... .......... 58%  216M 0s","logger":"airflow.task.hooks.airflow.providers.standard.hooks.subprocess.SubprocessHook"}
{"timestamp":"2025-07-17T06:42:13.783894","level":"info","event":"  4450K .......... .......... .......... .......... .......... 58% 14.5M 0s","logger":"airflow.task.hooks.airflow.providers.standard.hooks.subprocess.SubprocessHook"}
{"timestamp":"2025-07-17T06:42:13.784953","level":"info","event":"  4500K .......... .......... .......... .......... .......... 59% 54.0M 0s","logger":"airflow.task.hooks.airflow.providers.standard.hooks.subprocess.SubprocessHook"}
{"timestamp":"2025-07-17T06:42:13.785061","level":"info","event":"  4550K .......... .......... .......... .......... .......... 59% 80.3M 0s","logger":"airflow.task.hooks.airflow.providers.standard.hooks.subprocess.SubprocessHook"}
{"timestamp":"2025-07-17T06:42:13.785371","level":"info","event":"  4600K .......... .......... .......... .......... .......... 60%  189M 0s","logger":"airflow.task.hooks.airflow.providers.standard.hooks.subprocess.SubprocessHook"}
{"timestamp":"2025-07-17T06:42:13.785426","level":"info","event":"  4650K .......... .......... .......... .......... .......... 61%  206M 0s","logger":"airflow.task.hooks.airflow.providers.standard.hooks.subprocess.SubprocessHook"}
{"timestamp":"2025-07-17T06:42:13.785718","level":"info","event":"  4700K .......... .......... .......... .......... .......... 61%  204M 0s","logger":"airflow.task.hooks.airflow.providers.standard.hooks.subprocess.SubprocessHook"}
{"timestamp":"2025-07-17T06:42:13.787344","level":"info","event":"  4750K .......... .......... .......... .......... .......... 62% 37.7M 0s","logger":"airflow.task.hooks.airflow.providers.standard.hooks.subprocess.SubprocessHook"}
{"timestamp":"2025-07-17T06:42:13.787421","level":"info","event":"  4800K .......... .......... .......... .......... .......... 63%  208M 0s","logger":"airflow.task.hooks.airflow.providers.standard.hooks.subprocess.SubprocessHook"}
{"timestamp":"2025-07-17T06:42:13.787452","level":"info","event":"  4850K .......... .......... .......... .......... .......... 63%  174M 0s","logger":"airflow.task.hooks.airflow.providers.standard.hooks.subprocess.SubprocessHook"}
{"timestamp":"2025-07-17T06:42:13.788160","level":"info","event":"  4900K .......... .......... .......... .......... .......... 64%  103M 0s","logger":"airflow.task.hooks.airflow.providers.standard.hooks.subprocess.SubprocessHook"}
{"timestamp":"2025-07-17T06:42:13.788833","level":"info","event":"  4950K .......... .......... .......... .......... .......... 65% 97.7M 0s","logger":"airflow.task.hooks.airflow.providers.standard.hooks.subprocess.SubprocessHook"}
{"timestamp":"2025-07-17T06:42:13.789117","level":"info","event":"  5000K .......... .......... .......... .......... .......... 65% 72.6M 0s","logger":"airflow.task.hooks.airflow.providers.standard.hooks.subprocess.SubprocessHook"}
{"timestamp":"2025-07-17T06:42:13.789439","level":"info","event":"  5050K .......... .......... .......... .......... .......... 66%  144M 0s","logger":"airflow.task.hooks.airflow.providers.standard.hooks.subprocess.SubprocessHook"}
{"timestamp":"2025-07-17T06:42:13.789968","level":"info","event":"  5100K .......... .......... .......... .......... .......... 67%  103M 0s","logger":"airflow.task.hooks.airflow.providers.standard.hooks.subprocess.SubprocessHook"}
{"timestamp":"2025-07-17T06:42:13.791515","level":"info","event":"  5150K .......... .......... .......... .......... .......... 67% 32.6M 0s","logger":"airflow.task.hooks.airflow.providers.standard.hooks.subprocess.SubprocessHook"}
{"timestamp":"2025-07-17T06:42:13.792537","level":"info","event":"  5200K .......... .......... .......... .......... .......... 68% 66.6M 0s","logger":"airflow.task.hooks.airflow.providers.standard.hooks.subprocess.SubprocessHook"}
{"timestamp":"2025-07-17T06:42:13.793274","level":"info","event":"  5250K .......... .......... .......... .......... .......... 69% 51.3M 0s","logger":"airflow.task.hooks.airflow.providers.standard.hooks.subprocess.SubprocessHook"}
{"timestamp":"2025-07-17T06:42:13.794800","level":"info","event":"  5300K .......... .......... .......... .......... .......... 69% 49.4M 0s","logger":"airflow.task.hooks.airflow.providers.standard.hooks.subprocess.SubprocessHook"}
{"timestamp":"2025-07-17T06:42:13.795637","level":"info","event":"  5350K .......... .......... .......... .......... .......... 70% 34.9M 0s","logger":"airflow.task.hooks.airflow.providers.standard.hooks.subprocess.SubprocessHook"}
{"timestamp":"2025-07-17T06:42:13.798591","level":"info","event":"  5400K .......... .......... .......... .......... .......... 71% 18.8M 0s","logger":"airflow.task.hooks.airflow.providers.standard.hooks.subprocess.SubprocessHook"}
{"timestamp":"2025-07-17T06:42:13.800328","level":"info","event":"  5450K .......... .......... .......... .......... .......... 71% 26.1M 0s","logger":"airflow.task.hooks.airflow.providers.standard.hooks.subprocess.SubprocessHook"}
{"timestamp":"2025-07-17T06:42:13.800414","level":"info","event":"  5500K .......... .......... .......... .......... .......... 72%  178M 0s","logger":"airflow.task.hooks.airflow.providers.standard.hooks.subprocess.SubprocessHook"}
{"timestamp":"2025-07-17T06:42:13.801379","level":"info","event":"  5550K .......... .......... .......... .......... .......... 73% 45.5M 0s","logger":"airflow.task.hooks.airflow.providers.standard.hooks.subprocess.SubprocessHook"}
{"timestamp":"2025-07-17T06:42:13.803160","level":"info","event":"  5600K .......... .......... .......... .......... .......... 73% 34.1M 0s","logger":"airflow.task.hooks.airflow.providers.standard.hooks.subprocess.SubprocessHook"}
{"timestamp":"2025-07-17T06:42:13.803217","level":"info","event":"  5650K .......... .......... .......... .......... .......... 74%  184M 0s","logger":"airflow.task.hooks.airflow.providers.standard.hooks.subprocess.SubprocessHook"}
{"timestamp":"2025-07-17T06:42:13.803780","level":"info","event":"  5700K .......... .......... .......... .......... .......... 74% 66.0M 0s","logger":"airflow.task.hooks.airflow.providers.standard.hooks.subprocess.SubprocessHook"}
{"timestamp":"2025-07-17T06:42:13.804596","level":"info","event":"  5750K .......... .......... .......... .......... .......... 75% 59.7M 0s","logger":"airflow.task.hooks.airflow.providers.standard.hooks.subprocess.SubprocessHook"}
{"timestamp":"2025-07-17T06:42:13.806025","level":"info","event":"  5800K .......... .......... .......... .......... .......... 76% 41.9M 0s","logger":"airflow.task.hooks.airflow.providers.standard.hooks.subprocess.SubprocessHook"}
{"timestamp":"2025-07-17T06:42:13.808534","level":"info","event":"  5850K .......... .......... .......... .......... .......... 76% 21.9M 0s","logger":"airflow.task.hooks.airflow.providers.standard.hooks.subprocess.SubprocessHook"}
{"timestamp":"2025-07-17T06:42:13.808617","level":"info","event":"  5900K .......... .......... .......... .......... .......... 77% 86.1M 0s","logger":"airflow.task.hooks.airflow.providers.standard.hooks.subprocess.SubprocessHook"}
{"timestamp":"2025-07-17T06:42:13.810313","level":"info","event":"  5950K .......... .......... .......... .......... .......... 78% 27.9M 0s","logger":"airflow.task.hooks.airflow.providers.standard.hooks.subprocess.SubprocessHook"}
{"timestamp":"2025-07-17T06:42:13.810651","level":"info","event":"  6000K .......... .......... .......... .......... .......... 78%  211M 0s","logger":"airflow.task.hooks.airflow.providers.standard.hooks.subprocess.SubprocessHook"}
{"timestamp":"2025-07-17T06:42:13.811854","level":"info","event":"  6050K .......... .......... .......... .......... .......... 79% 42.2M 0s","logger":"airflow.task.hooks.airflow.providers.standard.hooks.subprocess.SubprocessHook"}
{"timestamp":"2025-07-17T06:42:13.812812","level":"info","event":"  6100K .......... .......... .......... .......... .......... 80% 62.1M 0s","logger":"airflow.task.hooks.airflow.providers.standard.hooks.subprocess.SubprocessHook"}
{"timestamp":"2025-07-17T06:42:13.815310","level":"info","event":"  6150K .......... .......... .......... .......... .......... 80% 25.4M 0s","logger":"airflow.task.hooks.airflow.providers.standard.hooks.subprocess.SubprocessHook"}
{"timestamp":"2025-07-17T06:42:13.815516","level":"info","event":"  6200K .......... .......... .......... .......... .......... 81%  106M 0s","logger":"airflow.task.hooks.airflow.providers.standard.hooks.subprocess.SubprocessHook"}
{"timestamp":"2025-07-17T06:42:13.816844","level":"info","event":"  6250K .......... .......... .......... .......... .......... 82% 24.9M 0s","logger":"airflow.task.hooks.airflow.providers.standard.hooks.subprocess.SubprocessHook"}
{"timestamp":"2025-07-17T06:42:13.817145","level":"info","event":"  6300K .......... .......... .......... .......... .......... 82%  173M 0s","logger":"airflow.task.hooks.airflow.providers.standard.hooks.subprocess.SubprocessHook"}
{"timestamp":"2025-07-17T06:42:13.818144","level":"info","event":"  6350K .......... .......... .......... .......... .......... 83% 58.9M 0s","logger":"airflow.task.hooks.airflow.providers.standard.hooks.subprocess.SubprocessHook"}
{"timestamp":"2025-07-17T06:42:13.818540","level":"info","event":"  6400K .......... .......... .......... .......... .......... 84% 91.2M 0s","logger":"airflow.task.hooks.airflow.providers.standard.hooks.subprocess.SubprocessHook"}
{"timestamp":"2025-07-17T06:42:13.820282","level":"info","event":"  6450K .......... .......... .......... .......... .......... 84% 35.1M 0s","logger":"airflow.task.hooks.airflow.providers.standard.hooks.subprocess.SubprocessHook"}
{"timestamp":"2025-07-17T06:42:13.822674","level":"info","event":"  6500K .......... .......... .......... .......... .......... 85% 19.4M 0s","logger":"airflow.task.hooks.airflow.providers.standard.hooks.subprocess.SubprocessHook"}
{"timestamp":"2025-07-17T06:42:13.823837","level":"info","event":"  6550K .......... .......... .......... .......... .......... 86% 35.1M 0s","logger":"airflow.task.hooks.airflow.providers.standard.hooks.subprocess.SubprocessHook"}
{"timestamp":"2025-07-17T06:42:13.825400","level":"info","event":"  6600K .......... .......... .......... .......... .......... 86% 54.8M 0s","logger":"airflow.task.hooks.airflow.providers.standard.hooks.subprocess.SubprocessHook"}
{"timestamp":"2025-07-17T06:42:13.827231","level":"info","event":"  6650K .......... .......... .......... .......... .......... 87% 22.3M 0s","logger":"airflow.task.hooks.airflow.providers.standard.hooks.subprocess.SubprocessHook"}
{"timestamp":"2025-07-17T06:42:13.827311","level":"info","event":"  6700K .......... .......... .......... .......... .......... 88%  205M 0s","logger":"airflow.task.hooks.airflow.providers.standard.hooks.subprocess.SubprocessHook"}
{"timestamp":"2025-07-17T06:42:13.828194","level":"info","event":"  6750K .......... .......... .......... .......... .......... 88% 57.7M 0s","logger":"airflow.task.hooks.airflow.providers.standard.hooks.subprocess.SubprocessHook"}
{"timestamp":"2025-07-17T06:42:13.828672","level":"info","event":"  6800K .......... .......... .......... .......... .......... 89% 68.5M 0s","logger":"airflow.task.hooks.airflow.providers.standard.hooks.subprocess.SubprocessHook"}
{"timestamp":"2025-07-17T06:42:13.829676","level":"info","event":"  6850K .......... .......... .......... .......... .......... 89% 55.4M 0s","logger":"airflow.task.hooks.airflow.providers.standard.hooks.subprocess.SubprocessHook"}
{"timestamp":"2025-07-17T06:42:13.831160","level":"info","event":"  6900K .......... .......... .......... .......... .......... 90% 33.5M 0s","logger":"airflow.task.hooks.airflow.providers.standard.hooks.subprocess.SubprocessHook"}
{"timestamp":"2025-07-17T06:42:13.832810","level":"info","event":"  6950K .......... .......... .......... .......... .......... 91% 27.7M 0s","logger":"airflow.task.hooks.airflow.providers.standard.hooks.subprocess.SubprocessHook"}
{"timestamp":"2025-07-17T06:42:13.833225","level":"info","event":"  7000K .......... .......... .......... .......... .......... 91%  123M 0s","logger":"airflow.task.hooks.airflow.providers.standard.hooks.subprocess.SubprocessHook"}
{"timestamp":"2025-07-17T06:42:13.833506","level":"info","event":"  7050K .......... .......... .......... .......... .......... 92%  150M 0s","logger":"airflow.task.hooks.airflow.providers.standard.hooks.subprocess.SubprocessHook"}
{"timestamp":"2025-07-17T06:42:13.833701","level":"info","event":"  7100K .......... .......... .......... .......... .......... 93%  219M 0s","logger":"airflow.task.hooks.airflow.providers.standard.hooks.subprocess.SubprocessHook"}
{"timestamp":"2025-07-17T06:42:13.835421","level":"info","event":"  7150K .......... .......... .......... .......... .......... 93% 34.4M 0s","logger":"airflow.task.hooks.airflow.providers.standard.hooks.subprocess.SubprocessHook"}
{"timestamp":"2025-07-17T06:42:13.836701","level":"info","event":"  7200K .......... .......... .......... .......... .......... 94% 33.7M 0s","logger":"airflow.task.hooks.airflow.providers.standard.hooks.subprocess.SubprocessHook"}
{"timestamp":"2025-07-17T06:42:13.836888","level":"info","event":"  7250K .......... .......... .......... .......... .......... 95%  133M 0s","logger":"airflow.task.hooks.airflow.providers.standard.hooks.subprocess.SubprocessHook"}
{"timestamp":"2025-07-17T06:42:13.846504","level":"info","event":"  7300K .......... .......... .......... .......... .......... 95% 5.44M 0s","logger":"airflow.task.hooks.airflow.providers.standard.hooks.subprocess.SubprocessHook"}
{"timestamp":"2025-07-17T06:42:13.848586","level":"info","event":"  7350K .......... .......... .......... .......... .......... 96% 19.1M 0s","logger":"airflow.task.hooks.airflow.providers.standard.hooks.subprocess.SubprocessHook"}
{"timestamp":"2025-07-17T06:42:13.850709","level":"info","event":"  7400K .......... .......... .......... .......... .......... 97% 26.7M 0s","logger":"airflow.task.hooks.airflow.providers.standard.hooks.subprocess.SubprocessHook"}
{"timestamp":"2025-07-17T06:42:13.851146","level":"info","event":"  7450K .......... .......... .......... .......... .......... 97% 68.0M 0s","logger":"airflow.task.hooks.airflow.providers.standard.hooks.subprocess.SubprocessHook"}
{"timestamp":"2025-07-17T06:42:13.853025","level":"info","event":"  7500K .......... .......... .......... .......... .......... 98% 33.1M 0s","logger":"airflow.task.hooks.airflow.providers.standard.hooks.subprocess.SubprocessHook"}
{"timestamp":"2025-07-17T06:42:13.853093","level":"info","event":"  7550K .......... .......... .......... .......... .......... 99%  150M 0s","logger":"airflow.task.hooks.airflow.providers.standard.hooks.subprocess.SubprocessHook"}
{"timestamp":"2025-07-17T06:42:13.853699","level":"info","event":"  7600K .......... .......... .......... .......... .......... 99% 54.5M 0s","logger":"airflow.task.hooks.airflow.providers.standard.hooks.subprocess.SubprocessHook"}
{"timestamp":"2025-07-17T06:42:13.853784","level":"info","event":"  7650K .......... ..........                                 100%  233M=0.2s","logger":"airflow.task.hooks.airflow.providers.standard.hooks.subprocess.SubprocessHook"}
{"timestamp":"2025-07-17T06:42:13.853833","level":"info","event":"","logger":"airflow.task.hooks.airflow.providers.standard.hooks.subprocess.SubprocessHook"}
{"timestamp":"2025-07-17T06:42:13.853999","level":"info","event":"2025-07-17 06:42:13 (34.2 MB/s) - ‘/opt/airflow/green_tripdata_2019-09.csv.gz’ saved [7854533/7854533]","logger":"airflow.task.hooks.airflow.providers.standard.hooks.subprocess.SubprocessHook"}
{"timestamp":"2025-07-17T06:42:13.854142","level":"info","event":"","logger":"airflow.task.hooks.airflow.providers.standard.hooks.subprocess.SubprocessHook"}
{"timestamp":"2025-07-17T06:42:14.541094","level":"info","event":"Command exited with return code 0","logger":"airflow.task.hooks.airflow.providers.standard.hooks.subprocess.SubprocessHook"}
{"timestamp":"2025-07-17T06:42:14.565247","level":"info","event":"Pushing xcom","ti":"RuntimeTaskInstance(id=UUID('0198171e-8018-780e-99d4-95e4fa46edcc'), task_id='wget_trips_csvgz', dag_id='local_ingestion_pg_green', run_id='scheduled__2019-09-02T06:00:00+00:00', try_number=1, map_index=-1, hostname='3f7f1d329e72', context_carrier={}, task=<Task(BashOperator): wget_trips_csvgz>, bundle_instance=LocalDagBundle(name=dags-folder), max_tries=0, start_date=datetime.datetime(2025, 7, 17, 6, 42, 11, 740680, tzinfo=TzInfo(UTC)), end_date=None, state=<TaskInstanceState.RUNNING: 'running'>, is_mapped=False, rendered_map_index=None)","logger":"task"}
{"timestamp":"2025-07-17T06:51:00.218302","level":"info","event":"DAG bundles loaded: dags-folder","logger":"airflow.dag_processing.bundles.manager.DagBundlesManager"}
{"timestamp":"2025-07-17T06:51:00.219077","level":"info","event":"Filling up the DagBag from /opt/airflow/dags/data_ingestion_localpg_dag.py","logger":"airflow.models.dagbag.DagBag"}
{"timestamp":"2025-07-17T06:51:01.314819","level":"info","event":"Tmp dir root location: /tmp","logger":"airflow.task.hooks.airflow.providers.standard.hooks.subprocess.SubprocessHook"}
{"timestamp":"2025-07-17T06:51:01.318084","level":"info","event":"Running command: ['/usr/bin/bash', '-c', 'wget https://github.com/DataTalksClub/nyc-tlc-data/releases/download/green/green_tripdata_2019-09.csv.gz -O /opt/airflow/green_tripdata_2019-09.csv.gz && gunzip -f /opt/airflow/green_tripdata_2019-09.csv.gz || rm -f /opt/airflow/green_tripdata_2019-09.csv.gz']","logger":"airflow.task.hooks.airflow.providers.standard.hooks.subprocess.SubprocessHook"}
{"timestamp":"2025-07-17T06:51:01.347076","level":"info","event":"Output:","logger":"airflow.task.hooks.airflow.providers.standard.hooks.subprocess.SubprocessHook"}
{"timestamp":"2025-07-17T06:51:01.353289","level":"info","event":"--2025-07-17 06:51:01--  https://github.com/DataTalksClub/nyc-tlc-data/releases/download/green/green_tripdata_2019-09.csv.gz","logger":"airflow.task.hooks.airflow.providers.standard.hooks.subprocess.SubprocessHook"}
{"timestamp":"2025-07-17T06:51:01.379536","level":"info","event":"Resolving github.com (github.com)... 20.205.243.166","logger":"airflow.task.hooks.airflow.providers.standard.hooks.subprocess.SubprocessHook"}
{"timestamp":"2025-07-17T06:51:01.390189","level":"info","event":"Connecting to github.com (github.com)|20.205.243.166|:443... connected.","logger":"airflow.task.hooks.airflow.providers.standard.hooks.subprocess.SubprocessHook"}
{"timestamp":"2025-07-17T06:51:01.743682","level":"info","event":"HTTP request sent, awaiting response... 302 Found","logger":"airflow.task.hooks.airflow.providers.standard.hooks.subprocess.SubprocessHook"}
{"timestamp":"2025-07-17T06:51:01.746077","level":"info","event":"Location: https://release-assets.githubusercontent.com/github-production-release-asset/513814948/b5af7693-2f26-4bd5-8854-75edeb650bae?sp=r&sv=2018-11-09&sr=b&spr=https&se=2025-07-17T07%3A46%3A20Z&rscd=attachment%3B+filename%3Dgreen_tripdata_2019-09.csv.gz&rsct=application%2Foctet-stream&skoid=96c2d410-5711-43a1-aedd-ab1947aa7ab0&sktid=398a6654-997b-47e9-b12b-9515b896b4de&skt=2025-07-17T06%3A45%3A46Z&ske=2025-07-17T07%3A46%3A20Z&sks=b&skv=2018-11-09&sig=d5FKUdqTlARiCrZFViqADo9rAZaYvqIUeoZHHylJCFo%3D&jwt=eyJ******&response-content-disposition=attachment%3B%20filename%3Dgreen_tripdata_2019-09.csv.gz&response-content-type=application%2Foctet-stream [following]","logger":"airflow.task.hooks.airflow.providers.standard.hooks.subprocess.SubprocessHook"}
{"timestamp":"2025-07-17T06:51:01.746233","level":"info","event":"--2025-07-17 06:51:01--  https://release-assets.githubusercontent.com/github-production-release-asset/513814948/b5af7693-2f26-4bd5-8854-75edeb650bae?sp=r&sv=2018-11-09&sr=b&spr=https&se=2025-07-17T07%3A46%3A20Z&rscd=attachment%3B+filename%3Dgreen_tripdata_2019-09.csv.gz&rsct=application%2Foctet-stream&skoid=96c2d410-5711-43a1-aedd-ab1947aa7ab0&sktid=398a6654-997b-47e9-b12b-9515b896b4de&skt=2025-07-17T06%3A45%3A46Z&ske=2025-07-17T07%3A46%3A20Z&sks=b&skv=2018-11-09&sig=d5FKUdqTlARiCrZFViqADo9rAZaYvqIUeoZHHylJCFo%3D&jwt=eyJ******&response-content-disposition=attachment%3B%20filename%3Dgreen_tripdata_2019-09.csv.gz&response-content-type=application%2Foctet-stream","logger":"airflow.task.hooks.airflow.providers.standard.hooks.subprocess.SubprocessHook"}
{"timestamp":"2025-07-17T06:51:01.764951","level":"info","event":"Resolving release-assets.githubusercontent.com (release-assets.githubusercontent.com)... 185.199.111.133, 185.199.108.133, 185.199.109.133, ...","logger":"airflow.task.hooks.airflow.providers.standard.hooks.subprocess.SubprocessHook"}
{"timestamp":"2025-07-17T06:51:01.783361","level":"info","event":"Connecting to release-assets.githubusercontent.com (release-assets.githubusercontent.com)|185.199.111.133|:443... connected.","logger":"airflow.task.hooks.airflow.providers.standard.hooks.subprocess.SubprocessHook"}
{"timestamp":"2025-07-17T06:51:01.814897","level":"info","event":"HTTP request sent, awaiting response... 200 OK","logger":"airflow.task.hooks.airflow.providers.standard.hooks.subprocess.SubprocessHook"}
{"timestamp":"2025-07-17T06:51:01.815679","level":"info","event":"Length: 7854533 (7.5M) [application/octet-stream]","logger":"airflow.task.hooks.airflow.providers.standard.hooks.subprocess.SubprocessHook"}
{"timestamp":"2025-07-17T06:51:01.815983","level":"info","event":"Saving to: ‘/opt/airflow/green_tripdata_2019-09.csv.gz’","logger":"airflow.task.hooks.airflow.providers.standard.hooks.subprocess.SubprocessHook"}
{"timestamp":"2025-07-17T06:51:01.818953","level":"info","event":"","logger":"airflow.task.hooks.airflow.providers.standard.hooks.subprocess.SubprocessHook"}
{"timestamp":"2025-07-17T06:51:01.833213","level":"info","event":"     0K .......... .......... .......... .......... ..........  0% 2.84M 3s","logger":"airflow.task.hooks.airflow.providers.standard.hooks.subprocess.SubprocessHook"}
{"timestamp":"2025-07-17T06:51:01.834905","level":"info","event":"    50K .......... .......... .......... .......... ..........  1% 18.3M 2s","logger":"airflow.task.hooks.airflow.providers.standard.hooks.subprocess.SubprocessHook"}
{"timestamp":"2025-07-17T06:51:01.842498","level":"info","event":"   100K .......... .......... .......... .......... ..........  1% 7.77M 1s","logger":"airflow.task.hooks.airflow.providers.standard.hooks.subprocess.SubprocessHook"}
{"timestamp":"2025-07-17T06:51:01.848317","level":"info","event":"   150K .......... .......... .......... .......... ..........  2% 6.72M 1s","logger":"airflow.task.hooks.airflow.providers.standard.hooks.subprocess.SubprocessHook"}
{"timestamp":"2025-07-17T06:51:01.849092","level":"info","event":"   200K .......... .......... .......... .......... ..........  3%  129M 1s","logger":"airflow.task.hooks.airflow.providers.standard.hooks.subprocess.SubprocessHook"}
{"timestamp":"2025-07-17T06:51:01.854213","level":"info","event":"   250K .......... .......... .......... .......... ..........  3% 10.3M 1s","logger":"airflow.task.hooks.airflow.providers.standard.hooks.subprocess.SubprocessHook"}
{"timestamp":"2025-07-17T06:51:01.854394","level":"info","event":"   300K .......... .......... .......... .......... ..........  4% 59.0M 1s","logger":"airflow.task.hooks.airflow.providers.standard.hooks.subprocess.SubprocessHook"}
{"timestamp":"2025-07-17T06:51:01.854838","level":"info","event":"   350K .......... .......... .......... .......... ..........  5% 77.2M 1s","logger":"airflow.task.hooks.airflow.providers.standard.hooks.subprocess.SubprocessHook"}
{"timestamp":"2025-07-17T06:51:01.860585","level":"info","event":"   400K .......... .......... .......... .......... ..........  5% 12.7M 1s","logger":"airflow.task.hooks.airflow.providers.standard.hooks.subprocess.SubprocessHook"}
{"timestamp":"2025-07-17T06:51:01.868747","level":"info","event":"   450K .......... .......... .......... .......... ..........  6% 5.04M 1s","logger":"airflow.task.hooks.airflow.providers.standard.hooks.subprocess.SubprocessHook"}
{"timestamp":"2025-07-17T06:51:01.868863","level":"info","event":"   500K .......... .......... .......... .......... ..........  7%  124M 1s","logger":"airflow.task.hooks.airflow.providers.standard.hooks.subprocess.SubprocessHook"}
{"timestamp":"2025-07-17T06:51:01.880719","level":"info","event":"   550K .......... .......... .......... .......... ..........  7% 7.47M 1s","logger":"airflow.task.hooks.airflow.providers.standard.hooks.subprocess.SubprocessHook"}
{"timestamp":"2025-07-17T06:51:01.882704","level":"info","event":"   600K .......... .......... .......... .......... ..........  8% 9.15M 1s","logger":"airflow.task.hooks.airflow.providers.standard.hooks.subprocess.SubprocessHook"}
{"timestamp":"2025-07-17T06:51:01.888455","level":"info","event":"   650K .......... .......... .......... .......... ..........  9% 17.6M 1s","logger":"airflow.task.hooks.airflow.providers.standard.hooks.subprocess.SubprocessHook"}
{"timestamp":"2025-07-17T06:51:01.888671","level":"info","event":"   700K .......... .......... .......... .......... ..........  9% 9.36M 1s","logger":"airflow.task.hooks.airflow.providers.standard.hooks.subprocess.SubprocessHook"}
{"timestamp":"2025-07-17T06:51:01.890585","level":"info","event":"   750K .......... .......... .......... .......... .......... 10% 26.4M 1s","logger":"airflow.task.hooks.airflow.providers.standard.hooks.subprocess.SubprocessHook"}
{"timestamp":"2025-07-17T06:51:01.891365","level":"info","event":"   800K .......... .......... .......... .......... .......... 11% 52.5M 1s","logger":"airflow.task.hooks.airflow.providers.standard.hooks.subprocess.SubprocessHook"}
{"timestamp":"2025-07-17T06:51:01.892095","level":"info","event":"   850K .......... .......... .......... .......... .......... 11%  132M 1s","logger":"airflow.task.hooks.airflow.providers.standard.hooks.subprocess.SubprocessHook"}
{"timestamp":"2025-07-17T06:51:01.892215","level":"info","event":"   900K .......... .......... .......... .......... .......... 12%  118M 1s","logger":"airflow.task.hooks.airflow.providers.standard.hooks.subprocess.SubprocessHook"}
{"timestamp":"2025-07-17T06:51:01.893071","level":"info","event":"   950K .......... .......... .......... .......... .......... 13% 92.5M 1s","logger":"airflow.task.hooks.airflow.providers.standard.hooks.subprocess.SubprocessHook"}
{"timestamp":"2025-07-17T06:51:01.893408","level":"info","event":"  1000K .......... .......... .......... .......... .......... 13%  130M 0s","logger":"airflow.task.hooks.airflow.providers.standard.hooks.subprocess.SubprocessHook"}
{"timestamp":"2025-07-17T06:51:01.893515","level":"info","event":"  1050K .......... .......... .......... .......... .......... 14%  154M 0s","logger":"airflow.task.hooks.airflow.providers.standard.hooks.subprocess.SubprocessHook"}
{"timestamp":"2025-07-17T06:51:01.893872","level":"info","event":"  1100K .......... .......... .......... .......... .......... 14%  164M 0s","logger":"airflow.task.hooks.airflow.providers.standard.hooks.subprocess.SubprocessHook"}
{"timestamp":"2025-07-17T06:51:01.898159","level":"info","event":"  1150K .......... .......... .......... .......... .......... 15% 11.6M 0s","logger":"airflow.task.hooks.airflow.providers.standard.hooks.subprocess.SubprocessHook"}
{"timestamp":"2025-07-17T06:51:01.898292","level":"info","event":"  1200K .......... .......... .......... .......... .......... 16%  149M 0s","logger":"airflow.task.hooks.airflow.providers.standard.hooks.subprocess.SubprocessHook"}
{"timestamp":"2025-07-17T06:51:01.900133","level":"info","event":"  1250K .......... .......... .......... .......... .......... 16% 26.3M 0s","logger":"airflow.task.hooks.airflow.providers.standard.hooks.subprocess.SubprocessHook"}
{"timestamp":"2025-07-17T06:51:01.900554","level":"info","event":"  1300K .......... .......... .......... .......... .......... 17%  125M 0s","logger":"airflow.task.hooks.airflow.providers.standard.hooks.subprocess.SubprocessHook"}
{"timestamp":"2025-07-17T06:51:01.901790","level":"info","event":"  1350K .......... .......... .......... .......... .......... 18% 44.1M 0s","logger":"airflow.task.hooks.airflow.providers.standard.hooks.subprocess.SubprocessHook"}
{"timestamp":"2025-07-17T06:51:01.903568","level":"info","event":"  1400K .......... .......... .......... .......... .......... 18% 51.6M 0s","logger":"airflow.task.hooks.airflow.providers.standard.hooks.subprocess.SubprocessHook"}
{"timestamp":"2025-07-17T06:51:01.903669","level":"info","event":"  1450K .......... .......... .......... .......... .......... 19%  163M 0s","logger":"airflow.task.hooks.airflow.providers.standard.hooks.subprocess.SubprocessHook"}
{"timestamp":"2025-07-17T06:51:01.903729","level":"info","event":"  1500K .......... .......... .......... .......... .......... 20%  167M 0s","logger":"airflow.task.hooks.airflow.providers.standard.hooks.subprocess.SubprocessHook"}
{"timestamp":"2025-07-17T06:51:01.903787","level":"info","event":"  1550K .......... .......... .......... .......... .......... 20%  134M 0s","logger":"airflow.task.hooks.airflow.providers.standard.hooks.subprocess.SubprocessHook"}
{"timestamp":"2025-07-17T06:51:01.908394","level":"info","event":"  1600K .......... .......... .......... .......... .......... 21% 11.6M 0s","logger":"airflow.task.hooks.airflow.providers.standard.hooks.subprocess.SubprocessHook"}
{"timestamp":"2025-07-17T06:51:01.909108","level":"info","event":"  1650K .......... .......... .......... .......... .......... 22% 42.5M 0s","logger":"airflow.task.hooks.airflow.providers.standard.hooks.subprocess.SubprocessHook"}
{"timestamp":"2025-07-17T06:51:01.926642","level":"info","event":"  1700K .......... .......... .......... .......... .......... 22% 2.90M 0s","logger":"airflow.task.hooks.airflow.providers.standard.hooks.subprocess.SubprocessHook"}
{"timestamp":"2025-07-17T06:51:01.927793","level":"info","event":"  1750K .......... .......... .......... .......... .......... 23% 29.3M 0s","logger":"airflow.task.hooks.airflow.providers.standard.hooks.subprocess.SubprocessHook"}
{"timestamp":"2025-07-17T06:51:01.941829","level":"info","event":"  1800K .......... .......... .......... .......... .......... 24% 3.53M 0s","logger":"airflow.task.hooks.airflow.providers.standard.hooks.subprocess.SubprocessHook"}
{"timestamp":"2025-07-17T06:51:01.944195","level":"info","event":"  1850K .......... .......... .......... .......... .......... 24% 26.0M 0s","logger":"airflow.task.hooks.airflow.providers.standard.hooks.subprocess.SubprocessHook"}
{"timestamp":"2025-07-17T06:51:01.944277","level":"info","event":"  1900K .......... .......... .......... .......... .......... 25%  103M 0s","logger":"airflow.task.hooks.airflow.providers.standard.hooks.subprocess.SubprocessHook"}
{"timestamp":"2025-07-17T06:51:01.944336","level":"info","event":"  1950K .......... .......... .......... .......... .......... 26% 77.2M 0s","logger":"airflow.task.hooks.airflow.providers.standard.hooks.subprocess.SubprocessHook"}
{"timestamp":"2025-07-17T06:51:01.945346","level":"info","event":"  2000K .......... .......... .......... .......... .......... 26%  131M 0s","logger":"airflow.task.hooks.airflow.providers.standard.hooks.subprocess.SubprocessHook"}
{"timestamp":"2025-07-17T06:51:01.970728","level":"info","event":"  2050K .......... .......... .......... .......... .......... 27% 1.93M 0s","logger":"airflow.task.hooks.airflow.providers.standard.hooks.subprocess.SubprocessHook"}
{"timestamp":"2025-07-17T06:51:01.970921","level":"info","event":"  2100K .......... .......... .......... .......... .......... 28%  134M 0s","logger":"airflow.task.hooks.airflow.providers.standard.hooks.subprocess.SubprocessHook"}
{"timestamp":"2025-07-17T06:51:01.984348","level":"info","event":"  2150K .......... .......... .......... .......... .......... 28% 4.07M 0s","logger":"airflow.task.hooks.airflow.providers.standard.hooks.subprocess.SubprocessHook"}
{"timestamp":"2025-07-17T06:51:01.984612","level":"info","event":"  2200K .......... .......... .......... .......... .......... 29% 31.1M 0s","logger":"airflow.task.hooks.airflow.providers.standard.hooks.subprocess.SubprocessHook"}
{"timestamp":"2025-07-17T06:51:01.984693","level":"info","event":"  2250K .......... .......... .......... .......... .......... 29%  121M 0s","logger":"airflow.task.hooks.airflow.providers.standard.hooks.subprocess.SubprocessHook"}
{"timestamp":"2025-07-17T06:51:01.987229","level":"info","event":"  2300K .......... .......... .......... .......... .......... 30% 37.2M 0s","logger":"airflow.task.hooks.airflow.providers.standard.hooks.subprocess.SubprocessHook"}
{"timestamp":"2025-07-17T06:51:01.987322","level":"info","event":"  2350K .......... .......... .......... .......... .......... 31%  176M 0s","logger":"airflow.task.hooks.airflow.providers.standard.hooks.subprocess.SubprocessHook"}
{"timestamp":"2025-07-17T06:51:01.987363","level":"info","event":"  2400K .......... .......... .......... .......... .......... 31%  149M 0s","logger":"airflow.task.hooks.airflow.providers.standard.hooks.subprocess.SubprocessHook"}
{"timestamp":"2025-07-17T06:51:01.988215","level":"info","event":"  2450K .......... .......... .......... .......... .......... 32%  151M 0s","logger":"airflow.task.hooks.airflow.providers.standard.hooks.subprocess.SubprocessHook"}
{"timestamp":"2025-07-17T06:51:01.988639","level":"info","event":"  2500K .......... .......... .......... .......... .......... 33%  198M 0s","logger":"airflow.task.hooks.airflow.providers.standard.hooks.subprocess.SubprocessHook"}
{"timestamp":"2025-07-17T06:51:01.991440","level":"info","event":"  2550K .......... .......... .......... .......... .......... 33% 18.9M 0s","logger":"airflow.task.hooks.airflow.providers.standard.hooks.subprocess.SubprocessHook"}
{"timestamp":"2025-07-17T06:51:01.996827","level":"info","event":"  2600K .......... .......... .......... .......... .......... 34% 8.94M 0s","logger":"airflow.task.hooks.airflow.providers.standard.hooks.subprocess.SubprocessHook"}
{"timestamp":"2025-07-17T06:51:01.997784","level":"info","event":"  2650K .......... .......... .......... .......... .......... 35% 17.3M 0s","logger":"airflow.task.hooks.airflow.providers.standard.hooks.subprocess.SubprocessHook"}
{"timestamp":"2025-07-17T06:51:01.997901","level":"info","event":"  2700K .......... .......... .......... .......... .......... 35%  123M 0s","logger":"airflow.task.hooks.airflow.providers.standard.hooks.subprocess.SubprocessHook"}
{"timestamp":"2025-07-17T06:51:01.998666","level":"info","event":"  2750K .......... .......... .......... .......... .......... 36% 98.6M 0s","logger":"airflow.task.hooks.airflow.providers.standard.hooks.subprocess.SubprocessHook"}
{"timestamp":"2025-07-17T06:51:01.998716","level":"info","event":"  2800K .......... .......... .......... .......... .......... 37%  152M 0s","logger":"airflow.task.hooks.airflow.providers.standard.hooks.subprocess.SubprocessHook"}
{"timestamp":"2025-07-17T06:51:01.999083","level":"info","event":"  2850K .......... .......... .......... .......... .......... 37%  148M 0s","logger":"airflow.task.hooks.airflow.providers.standard.hooks.subprocess.SubprocessHook"}
{"timestamp":"2025-07-17T06:51:01.999856","level":"info","event":"  2900K .......... .......... .......... .......... .......... 38%  164M 0s","logger":"airflow.task.hooks.airflow.providers.standard.hooks.subprocess.SubprocessHook"}
{"timestamp":"2025-07-17T06:51:01.999903","level":"info","event":"  2950K .......... .......... .......... .......... .......... 39%  158M 0s","logger":"airflow.task.hooks.airflow.providers.standard.hooks.subprocess.SubprocessHook"}
{"timestamp":"2025-07-17T06:51:02.000338","level":"info","event":"  3000K .......... .......... .......... .......... .......... 39%  100M 0s","logger":"airflow.task.hooks.airflow.providers.standard.hooks.subprocess.SubprocessHook"}
{"timestamp":"2025-07-17T06:51:02.000714","level":"info","event":"  3050K .......... .......... .......... .......... .......... 40%  158M 0s","logger":"airflow.task.hooks.airflow.providers.standard.hooks.subprocess.SubprocessHook"}
{"timestamp":"2025-07-17T06:51:02.005438","level":"info","event":"  3100K .......... .......... .......... .......... .......... 41% 10.6M 0s","logger":"airflow.task.hooks.airflow.providers.standard.hooks.subprocess.SubprocessHook"}
{"timestamp":"2025-07-17T06:51:02.006262","level":"info","event":"  3150K .......... .......... .......... .......... .......... 41% 45.2M 0s","logger":"airflow.task.hooks.airflow.providers.standard.hooks.subprocess.SubprocessHook"}
{"timestamp":"2025-07-17T06:51:02.007580","level":"info","event":"  3200K .......... .......... .......... .......... .......... 42% 47.2M 0s","logger":"airflow.task.hooks.airflow.providers.standard.hooks.subprocess.SubprocessHook"}
{"timestamp":"2025-07-17T06:51:02.008460","level":"info","event":"  3250K .......... .......... .......... .......... .......... 43%  135M 0s","logger":"airflow.task.hooks.airflow.providers.standard.hooks.subprocess.SubprocessHook"}
{"timestamp":"2025-07-17T06:51:02.037431","level":"info","event":"  3300K .......... .......... .......... .......... .......... 43% 1.64M 0s","logger":"airflow.task.hooks.airflow.providers.standard.hooks.subprocess.SubprocessHook"}
{"timestamp":"2025-07-17T06:51:02.045773","level":"info","event":"  3350K .......... .......... .......... .......... .......... 44% 5.78M 0s","logger":"airflow.task.hooks.airflow.providers.standard.hooks.subprocess.SubprocessHook"}
{"timestamp":"2025-07-17T06:51:02.051033","level":"info","event":"  3400K .......... .......... .......... .......... .......... 44% 9.21M 0s","logger":"airflow.task.hooks.airflow.providers.standard.hooks.subprocess.SubprocessHook"}
{"timestamp":"2025-07-17T06:51:02.060144","level":"info","event":"  3450K .......... .......... .......... .......... .......... 45% 5.71M 0s","logger":"airflow.task.hooks.airflow.providers.standard.hooks.subprocess.SubprocessHook"}
{"timestamp":"2025-07-17T06:51:02.082254","level":"info","event":"  3500K .......... .......... .......... .......... .......... 46% 2.16M 0s","logger":"airflow.task.hooks.airflow.providers.standard.hooks.subprocess.SubprocessHook"}
{"timestamp":"2025-07-17T06:51:02.099333","level":"info","event":"  3550K .......... .......... .......... .......... .......... 46% 2.87M 0s","logger":"airflow.task.hooks.airflow.providers.standard.hooks.subprocess.SubprocessHook"}
{"timestamp":"2025-07-17T06:51:02.110955","level":"info","event":"  3600K .......... .......... .......... .......... .......... 47% 4.34M 0s","logger":"airflow.task.hooks.airflow.providers.standard.hooks.subprocess.SubprocessHook"}
{"timestamp":"2025-07-17T06:51:02.119907","level":"info","event":"  3650K .......... .......... .......... .......... .......... 48% 5.24M 0s","logger":"airflow.task.hooks.airflow.providers.standard.hooks.subprocess.SubprocessHook"}
{"timestamp":"2025-07-17T06:51:02.129607","level":"info","event":"  3700K .......... .......... .......... .......... .......... 48% 4.98M 0s","logger":"airflow.task.hooks.airflow.providers.standard.hooks.subprocess.SubprocessHook"}
{"timestamp":"2025-07-17T06:51:02.136857","level":"info","event":"  3750K .......... .......... .......... .......... .......... 49% 6.74M 0s","logger":"airflow.task.hooks.airflow.providers.standard.hooks.subprocess.SubprocessHook"}
{"timestamp":"2025-07-17T06:51:02.144008","level":"info","event":"  3800K .......... .......... .......... .......... .......... 50% 7.53M 0s","logger":"airflow.task.hooks.airflow.providers.standard.hooks.subprocess.SubprocessHook"}
{"timestamp":"2025-07-17T06:51:02.144101","level":"info","event":"  3850K .......... .......... .......... .......... .......... 50% 94.9M 0s","logger":"airflow.task.hooks.airflow.providers.standard.hooks.subprocess.SubprocessHook"}
{"timestamp":"2025-07-17T06:51:02.144141","level":"info","event":"  3900K .......... .......... .......... .......... .......... 51%  145M 0s","logger":"airflow.task.hooks.airflow.providers.standard.hooks.subprocess.SubprocessHook"}
{"timestamp":"2025-07-17T06:51:02.144565","level":"info","event":"  3950K .......... .......... .......... .......... .......... 52%  147M 0s","logger":"airflow.task.hooks.airflow.providers.standard.hooks.subprocess.SubprocessHook"}
{"timestamp":"2025-07-17T06:51:02.144658","level":"info","event":"  4000K .......... .......... .......... .......... .......... 52%  184M 0s","logger":"airflow.task.hooks.airflow.providers.standard.hooks.subprocess.SubprocessHook"}
{"timestamp":"2025-07-17T06:51:02.145383","level":"info","event":"  4050K .......... .......... .......... .......... .......... 53%  175M 0s","logger":"airflow.task.hooks.airflow.providers.standard.hooks.subprocess.SubprocessHook"}
{"timestamp":"2025-07-17T06:51:02.145453","level":"info","event":"  4100K .......... .......... .......... .......... .......... 54%  184M 0s","logger":"airflow.task.hooks.airflow.providers.standard.hooks.subprocess.SubprocessHook"}
{"timestamp":"2025-07-17T06:51:02.145867","level":"info","event":"  4150K .......... .......... .......... .......... .......... 54%  133M 0s","logger":"airflow.task.hooks.airflow.providers.standard.hooks.subprocess.SubprocessHook"}
{"timestamp":"2025-07-17T06:51:02.145929","level":"info","event":"  4200K .......... .......... .......... .......... .......... 55%  165M 0s","logger":"airflow.task.hooks.airflow.providers.standard.hooks.subprocess.SubprocessHook"}
{"timestamp":"2025-07-17T06:51:02.146321","level":"info","event":"  4250K .......... .......... .......... .......... .......... 56%  208M 0s","logger":"airflow.task.hooks.airflow.providers.standard.hooks.subprocess.SubprocessHook"}
{"timestamp":"2025-07-17T06:51:02.146543","level":"info","event":"  4300K .......... .......... .......... .......... .......... 56%  196M 0s","logger":"airflow.task.hooks.airflow.providers.standard.hooks.subprocess.SubprocessHook"}
{"timestamp":"2025-07-17T06:51:02.147794","level":"info","event":"  4350K .......... .......... .......... .......... .......... 57% 49.8M 0s","logger":"airflow.task.hooks.airflow.providers.standard.hooks.subprocess.SubprocessHook"}
{"timestamp":"2025-07-17T06:51:02.149211","level":"info","event":"  4400K .......... .......... .......... .......... .......... 58% 37.3M 0s","logger":"airflow.task.hooks.airflow.providers.standard.hooks.subprocess.SubprocessHook"}
{"timestamp":"2025-07-17T06:51:02.150153","level":"info","event":"  4450K .......... .......... .......... .......... .......... 58% 51.0M 0s","logger":"airflow.task.hooks.airflow.providers.standard.hooks.subprocess.SubprocessHook"}
{"timestamp":"2025-07-17T06:51:02.150598","level":"info","event":"  4500K .......... .......... .......... .......... .......... 59% 66.1M 0s","logger":"airflow.task.hooks.airflow.providers.standard.hooks.subprocess.SubprocessHook"}
{"timestamp":"2025-07-17T06:51:02.151797","level":"info","event":"  4550K .......... .......... .......... .......... .......... 59% 39.2M 0s","logger":"airflow.task.hooks.airflow.providers.standard.hooks.subprocess.SubprocessHook"}
{"timestamp":"2025-07-17T06:51:02.152064","level":"info","event":"  4600K .......... .......... .......... .......... .......... 60%  117M 0s","logger":"airflow.task.hooks.airflow.providers.standard.hooks.subprocess.SubprocessHook"}
{"timestamp":"2025-07-17T06:51:02.154238","level":"info","event":"  4650K .......... .......... .......... .......... .......... 61% 27.4M 0s","logger":"airflow.task.hooks.airflow.providers.standard.hooks.subprocess.SubprocessHook"}
{"timestamp":"2025-07-17T06:51:02.154309","level":"info","event":"  4700K .......... .......... .......... .......... .......... 61%  128M 0s","logger":"airflow.task.hooks.airflow.providers.standard.hooks.subprocess.SubprocessHook"}
{"timestamp":"2025-07-17T06:51:02.155457","level":"info","event":"  4750K .......... .......... .......... .......... .......... 62%  149M 0s","logger":"airflow.task.hooks.airflow.providers.standard.hooks.subprocess.SubprocessHook"}
{"timestamp":"2025-07-17T06:51:02.155543","level":"info","event":"  4800K .......... .......... .......... .......... .......... 63%  232M 0s","logger":"airflow.task.hooks.airflow.providers.standard.hooks.subprocess.SubprocessHook"}
{"timestamp":"2025-07-17T06:51:02.155611","level":"info","event":"  4850K .......... .......... .......... .......... .......... 63%  186M 0s","logger":"airflow.task.hooks.airflow.providers.standard.hooks.subprocess.SubprocessHook"}
{"timestamp":"2025-07-17T06:51:02.155676","level":"info","event":"  4900K .......... .......... .......... .......... .......... 64%  222M 0s","logger":"airflow.task.hooks.airflow.providers.standard.hooks.subprocess.SubprocessHook"}
{"timestamp":"2025-07-17T06:51:02.155730","level":"info","event":"  4950K .......... .......... .......... .......... .......... 65%  235M 0s","logger":"airflow.task.hooks.airflow.providers.standard.hooks.subprocess.SubprocessHook"}
{"timestamp":"2025-07-17T06:51:02.157093","level":"info","event":"  5000K .......... .......... .......... .......... .......... 65% 63.3M 0s","logger":"airflow.task.hooks.airflow.providers.standard.hooks.subprocess.SubprocessHook"}
{"timestamp":"2025-07-17T06:51:02.157183","level":"info","event":"  5050K .......... .......... .......... .......... .......... 66%  191M 0s","logger":"airflow.task.hooks.airflow.providers.standard.hooks.subprocess.SubprocessHook"}
{"timestamp":"2025-07-17T06:51:02.157223","level":"info","event":"  5100K .......... .......... .......... .......... .......... 67%  196M 0s","logger":"airflow.task.hooks.airflow.providers.standard.hooks.subprocess.SubprocessHook"}
{"timestamp":"2025-07-17T06:51:02.157267","level":"info","event":"  5150K .......... .......... .......... .......... .......... 67%  148M 0s","logger":"airflow.task.hooks.airflow.providers.standard.hooks.subprocess.SubprocessHook"}
{"timestamp":"2025-07-17T06:51:02.157298","level":"info","event":"  5200K .......... .......... .......... .......... .......... 68%  175M 0s","logger":"airflow.task.hooks.airflow.providers.standard.hooks.subprocess.SubprocessHook"}
{"timestamp":"2025-07-17T06:51:02.157653","level":"info","event":"  5250K .......... .......... .......... .......... .......... 69%  206M 0s","logger":"airflow.task.hooks.airflow.providers.standard.hooks.subprocess.SubprocessHook"}
{"timestamp":"2025-07-17T06:51:02.191275","level":"info","event":"  5300K .......... .......... .......... .......... .......... 69% 1.46M 0s","logger":"airflow.task.hooks.airflow.providers.standard.hooks.subprocess.SubprocessHook"}
{"timestamp":"2025-07-17T06:51:02.202287","level":"info","event":"  5350K .......... .......... .......... .......... .......... 70% 4.49M 0s","logger":"airflow.task.hooks.airflow.providers.standard.hooks.subprocess.SubprocessHook"}
{"timestamp":"2025-07-17T06:51:02.205784","level":"info","event":"  5400K .......... .......... .......... .......... .......... 71% 31.4M 0s","logger":"airflow.task.hooks.airflow.providers.standard.hooks.subprocess.SubprocessHook"}
{"timestamp":"2025-07-17T06:51:02.205905","level":"info","event":"  5450K .......... .......... .......... .......... .......... 71%  153M 0s","logger":"airflow.task.hooks.airflow.providers.standard.hooks.subprocess.SubprocessHook"}
{"timestamp":"2025-07-17T06:51:02.205955","level":"info","event":"  5500K .......... .......... .......... .......... .......... 72%  155M 0s","logger":"airflow.task.hooks.airflow.providers.standard.hooks.subprocess.SubprocessHook"}
{"timestamp":"2025-07-17T06:51:02.206014","level":"info","event":"  5550K .......... .......... .......... .......... .......... 73%  153M 0s","logger":"airflow.task.hooks.airflow.providers.standard.hooks.subprocess.SubprocessHook"}
{"timestamp":"2025-07-17T06:51:02.206040","level":"info","event":"  5600K .......... .......... .......... .......... .......... 73%  228M 0s","logger":"airflow.task.hooks.airflow.providers.standard.hooks.subprocess.SubprocessHook"}
{"timestamp":"2025-07-17T06:51:02.206070","level":"info","event":"  5650K .......... .......... .......... .......... .......... 74%  225M 0s","logger":"airflow.task.hooks.airflow.providers.standard.hooks.subprocess.SubprocessHook"}
{"timestamp":"2025-07-17T06:51:02.206106","level":"info","event":"  5700K .......... .......... .......... .......... .......... 74%  185M 0s","logger":"airflow.task.hooks.airflow.providers.standard.hooks.subprocess.SubprocessHook"}
{"timestamp":"2025-07-17T06:51:02.206132","level":"info","event":"  5750K .......... .......... .......... .......... .......... 75%  201M 0s","logger":"airflow.task.hooks.airflow.providers.standard.hooks.subprocess.SubprocessHook"}
{"timestamp":"2025-07-17T06:51:02.206151","level":"info","event":"  5800K .......... .......... .......... .......... .......... 76% 85.2M 0s","logger":"airflow.task.hooks.airflow.providers.standard.hooks.subprocess.SubprocessHook"}
{"timestamp":"2025-07-17T06:51:02.207709","level":"info","event":"  5850K .......... .......... .......... .......... .......... 76%  111M 0s","logger":"airflow.task.hooks.airflow.providers.standard.hooks.subprocess.SubprocessHook"}
{"timestamp":"2025-07-17T06:51:02.207775","level":"info","event":"  5900K .......... .......... .......... .......... .......... 77%  209M 0s","logger":"airflow.task.hooks.airflow.providers.standard.hooks.subprocess.SubprocessHook"}
{"timestamp":"2025-07-17T06:51:02.207837","level":"info","event":"  5950K .......... .......... .......... .......... .......... 78%  179M 0s","logger":"airflow.task.hooks.airflow.providers.standard.hooks.subprocess.SubprocessHook"}
{"timestamp":"2025-07-17T06:51:02.207905","level":"info","event":"  6000K .......... .......... .......... .......... .......... 78%  191M 0s","logger":"airflow.task.hooks.airflow.providers.standard.hooks.subprocess.SubprocessHook"}
{"timestamp":"2025-07-17T06:51:02.207994","level":"info","event":"  6050K .......... .......... .......... .......... .......... 79%  165M 0s","logger":"airflow.task.hooks.airflow.providers.standard.hooks.subprocess.SubprocessHook"}
{"timestamp":"2025-07-17T06:51:02.208056","level":"info","event":"  6100K .......... .......... .......... .......... .......... 80%  251M 0s","logger":"airflow.task.hooks.airflow.providers.standard.hooks.subprocess.SubprocessHook"}
{"timestamp":"2025-07-17T06:51:02.208117","level":"info","event":"  6150K .......... .......... .......... .......... .......... 80%  218M 0s","logger":"airflow.task.hooks.airflow.providers.standard.hooks.subprocess.SubprocessHook"}
{"timestamp":"2025-07-17T06:51:02.208199","level":"info","event":"  6200K .......... .......... .......... .......... .......... 81%  114M 0s","logger":"airflow.task.hooks.airflow.providers.standard.hooks.subprocess.SubprocessHook"}
{"timestamp":"2025-07-17T06:51:02.209189","level":"info","event":"  6250K .......... .......... .......... .......... .......... 82%  167M 0s","logger":"airflow.task.hooks.airflow.providers.standard.hooks.subprocess.SubprocessHook"}
{"timestamp":"2025-07-17T06:51:02.209260","level":"info","event":"  6300K .......... .......... .......... .......... .......... 82%  190M 0s","logger":"airflow.task.hooks.airflow.providers.standard.hooks.subprocess.SubprocessHook"}
{"timestamp":"2025-07-17T06:51:02.209301","level":"info","event":"  6350K .......... .......... .......... .......... .......... 83%  156M 0s","logger":"airflow.task.hooks.airflow.providers.standard.hooks.subprocess.SubprocessHook"}
{"timestamp":"2025-07-17T06:51:02.209341","level":"info","event":"  6400K .......... .......... .......... .......... .......... 84%  198M 0s","logger":"airflow.task.hooks.airflow.providers.standard.hooks.subprocess.SubprocessHook"}
{"timestamp":"2025-07-17T06:51:02.211002","level":"info","event":"  6450K .......... .......... .......... .......... .......... 84%  221M 0s","logger":"airflow.task.hooks.airflow.providers.standard.hooks.subprocess.SubprocessHook"}
{"timestamp":"2025-07-17T06:51:02.211098","level":"info","event":"  6500K .......... .......... .......... .......... .......... 85%  241M 0s","logger":"airflow.task.hooks.airflow.providers.standard.hooks.subprocess.SubprocessHook"}
{"timestamp":"2025-07-17T06:51:02.211134","level":"info","event":"  6550K .......... .......... .......... .......... .......... 86%  203M 0s","logger":"airflow.task.hooks.airflow.providers.standard.hooks.subprocess.SubprocessHook"}
{"timestamp":"2025-07-17T06:51:02.211158","level":"info","event":"  6600K .......... .......... .......... .......... .......... 86%  251M 0s","logger":"airflow.task.hooks.airflow.providers.standard.hooks.subprocess.SubprocessHook"}
{"timestamp":"2025-07-17T06:51:02.211179","level":"info","event":"  6650K .......... .......... .......... .......... .......... 87%  234M 0s","logger":"airflow.task.hooks.airflow.providers.standard.hooks.subprocess.SubprocessHook"}
{"timestamp":"2025-07-17T06:51:02.211200","level":"info","event":"  6700K .......... .......... .......... .......... .......... 88%  234M 0s","logger":"airflow.task.hooks.airflow.providers.standard.hooks.subprocess.SubprocessHook"}
{"timestamp":"2025-07-17T06:51:02.211220","level":"info","event":"  6750K .......... .......... .......... .......... .......... 88%  180M 0s","logger":"airflow.task.hooks.airflow.providers.standard.hooks.subprocess.SubprocessHook"}
{"timestamp":"2025-07-17T06:51:02.211243","level":"info","event":"  6800K .......... .......... .......... .......... .......... 89%  196M 0s","logger":"airflow.task.hooks.airflow.providers.standard.hooks.subprocess.SubprocessHook"}
{"timestamp":"2025-07-17T06:51:02.211264","level":"info","event":"  6850K .......... .......... .......... .......... .......... 89%  259M 0s","logger":"airflow.task.hooks.airflow.providers.standard.hooks.subprocess.SubprocessHook"}
{"timestamp":"2025-07-17T06:51:02.212584","level":"info","event":"  6900K .......... .......... .......... .......... .......... 90%  149M 0s","logger":"airflow.task.hooks.airflow.providers.standard.hooks.subprocess.SubprocessHook"}
{"timestamp":"2025-07-17T06:51:02.212675","level":"info","event":"  6950K .......... .......... .......... .......... .......... 91% 66.9M 0s","logger":"airflow.task.hooks.airflow.providers.standard.hooks.subprocess.SubprocessHook"}
{"timestamp":"2025-07-17T06:51:02.212721","level":"info","event":"  7000K .......... .......... .......... .......... .......... 91%  171M 0s","logger":"airflow.task.hooks.airflow.providers.standard.hooks.subprocess.SubprocessHook"}
{"timestamp":"2025-07-17T06:51:02.217569","level":"info","event":"  7050K .......... .......... .......... .......... .......... 92% 20.5M 0s","logger":"airflow.task.hooks.airflow.providers.standard.hooks.subprocess.SubprocessHook"}
{"timestamp":"2025-07-17T06:51:02.217663","level":"info","event":"  7100K .......... .......... .......... .......... .......... 93% 70.4M 0s","logger":"airflow.task.hooks.airflow.providers.standard.hooks.subprocess.SubprocessHook"}
{"timestamp":"2025-07-17T06:51:02.217709","level":"info","event":"  7150K .......... .......... .......... .......... .......... 93%  134M 0s","logger":"airflow.task.hooks.airflow.providers.standard.hooks.subprocess.SubprocessHook"}
{"timestamp":"2025-07-17T06:51:02.217755","level":"info","event":"  7200K .......... .......... .......... .......... .......... 94%  191M 0s","logger":"airflow.task.hooks.airflow.providers.standard.hooks.subprocess.SubprocessHook"}
{"timestamp":"2025-07-17T06:51:02.217788","level":"info","event":"  7250K .......... .......... .......... .......... .......... 95%  216M 0s","logger":"airflow.task.hooks.airflow.providers.standard.hooks.subprocess.SubprocessHook"}
{"timestamp":"2025-07-17T06:51:02.217844","level":"info","event":"  7300K .......... .......... .......... .......... .......... 95%  220M 0s","logger":"airflow.task.hooks.airflow.providers.standard.hooks.subprocess.SubprocessHook"}
{"timestamp":"2025-07-17T06:51:02.219877","level":"info","event":"  7350K .......... .......... .......... .......... .......... 96% 24.4M 0s","logger":"airflow.task.hooks.airflow.providers.standard.hooks.subprocess.SubprocessHook"}
{"timestamp":"2025-07-17T06:51:02.219995","level":"info","event":"  7400K .......... .......... .......... .......... .......... 97% 65.2M 0s","logger":"airflow.task.hooks.airflow.providers.standard.hooks.subprocess.SubprocessHook"}
{"timestamp":"2025-07-17T06:51:02.220045","level":"info","event":"  7450K .......... .......... .......... .......... .......... 97%  136M 0s","logger":"airflow.task.hooks.airflow.providers.standard.hooks.subprocess.SubprocessHook"}
{"timestamp":"2025-07-17T06:51:02.220526","level":"info","event":"  7500K .......... .......... .......... .......... .......... 98%  126M 0s","logger":"airflow.task.hooks.airflow.providers.standard.hooks.subprocess.SubprocessHook"}
{"timestamp":"2025-07-17T06:51:02.220639","level":"info","event":"  7550K .......... .......... .......... .......... .......... 99%  136M 0s","logger":"airflow.task.hooks.airflow.providers.standard.hooks.subprocess.SubprocessHook"}
{"timestamp":"2025-07-17T06:51:02.221328","level":"info","event":"  7600K .......... .......... .......... .......... .......... 99%  137M 0s","logger":"airflow.task.hooks.airflow.providers.standard.hooks.subprocess.SubprocessHook"}
{"timestamp":"2025-07-17T06:51:02.221378","level":"info","event":"  7650K .......... ..........                                 100%  232M=0.4s","logger":"airflow.task.hooks.airflow.providers.standard.hooks.subprocess.SubprocessHook"}
{"timestamp":"2025-07-17T06:51:02.221466","level":"info","event":"","logger":"airflow.task.hooks.airflow.providers.standard.hooks.subprocess.SubprocessHook"}
{"timestamp":"2025-07-17T06:51:02.221532","level":"info","event":"2025-07-17 06:51:02 (18.4 MB/s) - ‘/opt/airflow/green_tripdata_2019-09.csv.gz’ saved [7854533/7854533]","logger":"airflow.task.hooks.airflow.providers.standard.hooks.subprocess.SubprocessHook"}
{"timestamp":"2025-07-17T06:51:02.221630","level":"info","event":"","logger":"airflow.task.hooks.airflow.providers.standard.hooks.subprocess.SubprocessHook"}
{"timestamp":"2025-07-17T06:51:03.037787","level":"info","event":"Command exited with return code 0","logger":"airflow.task.hooks.airflow.providers.standard.hooks.subprocess.SubprocessHook"}
{"timestamp":"2025-07-17T06:51:03.047696","level":"info","event":"Pushing xcom","ti":"RuntimeTaskInstance(id=UUID('01981726-8e9e-78a8-89e8-826182ce6378'), task_id='wget_trips_csvgz', dag_id='local_ingestion_pg_green', run_id='scheduled__2019-09-02T06:00:00+00:00', try_number=1, map_index=-1, hostname='3f7f1d329e72', context_carrier={}, task=<Task(BashOperator): wget_trips_csvgz>, bundle_instance=LocalDagBundle(name=dags-folder), max_tries=0, start_date=datetime.datetime(2025, 7, 17, 6, 50, 59, 846733, tzinfo=TzInfo(UTC)), end_date=None, state=<TaskInstanceState.RUNNING: 'running'>, is_mapped=False, rendered_map_index=None)","logger":"task"}
