{"timestamp":"2025-07-17T06:42:13.909785","level":"info","event":"DAG bundles loaded: dags-folder","logger":"airflow.dag_processing.bundles.manager.DagBundlesManager"}
{"timestamp":"2025-07-17T06:42:13.911934","level":"info","event":"Filling up the DagBag from /opt/airflow/dags/data_ingestion_localpg_dag.py","logger":"airflow.models.dagbag.DagBag"}
{"timestamp":"2025-07-17T06:42:14.740331","level":"info","event":"Tmp dir root location: /tmp","logger":"airflow.task.hooks.airflow.providers.standard.hooks.subprocess.SubprocessHook"}
{"timestamp":"2025-07-17T06:42:14.743202","level":"info","event":"Running command: ['/usr/bin/bash', '-c', 'wget https://github.com/DataTalksClub/nyc-tlc-data/releases/download/green/green_tripdata_2019-11.csv.gz -O /opt/airflow/green_tripdata_2019-11.csv.gz && gunzip -f /opt/airflow/green_tripdata_2019-11.csv.gz || rm -f /opt/airflow/green_tripdata_2019-11.csv.gz']","logger":"airflow.task.hooks.airflow.providers.standard.hooks.subprocess.SubprocessHook"}
{"timestamp":"2025-07-17T06:42:14.791948","level":"info","event":"Output:","logger":"airflow.task.hooks.airflow.providers.standard.hooks.subprocess.SubprocessHook"}
{"timestamp":"2025-07-17T06:42:14.822734","level":"info","event":"--2025-07-17 06:42:14--  https://github.com/DataTalksClub/nyc-tlc-data/releases/download/green/green_tripdata_2019-11.csv.gz","logger":"airflow.task.hooks.airflow.providers.standard.hooks.subprocess.SubprocessHook"}
{"timestamp":"2025-07-17T06:42:14.929049","level":"info","event":"Resolving github.com (github.com)... 20.205.243.166","logger":"airflow.task.hooks.airflow.providers.standard.hooks.subprocess.SubprocessHook"}
{"timestamp":"2025-07-17T06:42:14.941760","level":"info","event":"Connecting to github.com (github.com)|20.205.243.166|:443... connected.","logger":"airflow.task.hooks.airflow.providers.standard.hooks.subprocess.SubprocessHook"}
{"timestamp":"2025-07-17T06:42:15.290808","level":"info","event":"HTTP request sent, awaiting response... 302 Found","logger":"airflow.task.hooks.airflow.providers.standard.hooks.subprocess.SubprocessHook"}
{"timestamp":"2025-07-17T06:42:15.291107","level":"info","event":"Location: https://release-assets.githubusercontent.com/github-production-release-asset/513814948/1144f907-aace-4091-a7e6-4f7023d6d140?sp=r&sv=2018-11-09&sr=b&spr=https&se=2025-07-17T07%3A16%3A45Z&rscd=attachment%3B+filename%3Dgreen_tripdata_2019-11.csv.gz&rsct=application%2Foctet-stream&skoid=96c2d410-5711-43a1-aedd-ab1947aa7ab0&sktid=398a6654-997b-47e9-b12b-9515b896b4de&skt=2025-07-17T06%3A16%3A19Z&ske=2025-07-17T07%3A16%3A45Z&sks=b&skv=2018-11-09&sig=SPYxqBqBfVU8jnRu4Et%2BVHzx7G6j6ufe3gTWS1tv9qE%3D&jwt=eyJ******&response-content-disposition=attachment%3B%20filename%3Dgreen_tripdata_2019-11.csv.gz&response-content-type=application%2Foctet-stream [following]","logger":"airflow.task.hooks.airflow.providers.standard.hooks.subprocess.SubprocessHook"}
{"timestamp":"2025-07-17T06:42:15.291228","level":"info","event":"--2025-07-17 06:42:15--  https://release-assets.githubusercontent.com/github-production-release-asset/513814948/1144f907-aace-4091-a7e6-4f7023d6d140?sp=r&sv=2018-11-09&sr=b&spr=https&se=2025-07-17T07%3A16%3A45Z&rscd=attachment%3B+filename%3Dgreen_tripdata_2019-11.csv.gz&rsct=application%2Foctet-stream&skoid=96c2d410-5711-43a1-aedd-ab1947aa7ab0&sktid=398a6654-997b-47e9-b12b-9515b896b4de&skt=2025-07-17T06%3A16%3A19Z&ske=2025-07-17T07%3A16%3A45Z&sks=b&skv=2018-11-09&sig=SPYxqBqBfVU8jnRu4Et%2BVHzx7G6j6ufe3gTWS1tv9qE%3D&jwt=eyJ******&response-content-disposition=attachment%3B%20filename%3Dgreen_tripdata_2019-11.csv.gz&response-content-type=application%2Foctet-stream","logger":"airflow.task.hooks.airflow.providers.standard.hooks.subprocess.SubprocessHook"}
{"timestamp":"2025-07-17T06:42:15.296419","level":"info","event":"Resolving release-assets.githubusercontent.com (release-assets.githubusercontent.com)... 185.199.108.133, 185.199.109.133, 185.199.110.133, ...","logger":"airflow.task.hooks.airflow.providers.standard.hooks.subprocess.SubprocessHook"}
{"timestamp":"2025-07-17T06:42:15.303798","level":"info","event":"Connecting to release-assets.githubusercontent.com (release-assets.githubusercontent.com)|185.199.108.133|:443... connected.","logger":"airflow.task.hooks.airflow.providers.standard.hooks.subprocess.SubprocessHook"}
{"timestamp":"2025-07-17T06:42:16.105601","level":"info","event":"HTTP request sent, awaiting response... 200 OK","logger":"airflow.task.hooks.airflow.providers.standard.hooks.subprocess.SubprocessHook"}
{"timestamp":"2025-07-17T06:42:16.105792","level":"info","event":"Length: 7781029 (7.4M) [application/octet-stream]","logger":"airflow.task.hooks.airflow.providers.standard.hooks.subprocess.SubprocessHook"}
{"timestamp":"2025-07-17T06:42:16.105858","level":"info","event":"Saving to: ‘/opt/airflow/green_tripdata_2019-11.csv.gz’","logger":"airflow.task.hooks.airflow.providers.standard.hooks.subprocess.SubprocessHook"}
{"timestamp":"2025-07-17T06:42:16.106605","level":"info","event":"","logger":"airflow.task.hooks.airflow.providers.standard.hooks.subprocess.SubprocessHook"}
{"timestamp":"2025-07-17T06:42:16.189868","level":"info","event":"     0K .......... .......... .......... .......... ..........  0%  624K 12s","logger":"airflow.task.hooks.airflow.providers.standard.hooks.subprocess.SubprocessHook"}
{"timestamp":"2025-07-17T06:42:16.375282","level":"info","event":"    50K .......... .......... .......... .......... ..........  1%  266K 20s","logger":"airflow.task.hooks.airflow.providers.standard.hooks.subprocess.SubprocessHook"}
{"timestamp":"2025-07-17T06:42:16.426218","level":"info","event":"   100K .......... .......... .......... .......... ..........  1%  959K 16s","logger":"airflow.task.hooks.airflow.providers.standard.hooks.subprocess.SubprocessHook"}
{"timestamp":"2025-07-17T06:42:16.456697","level":"info","event":"   150K .......... .......... .......... .......... ..........  2% 1.61M 13s","logger":"airflow.task.hooks.airflow.providers.standard.hooks.subprocess.SubprocessHook"}
{"timestamp":"2025-07-17T06:42:16.585135","level":"info","event":"   200K .......... .......... .......... .......... ..........  3%  390K 14s","logger":"airflow.task.hooks.airflow.providers.standard.hooks.subprocess.SubprocessHook"}
{"timestamp":"2025-07-17T06:42:16.635967","level":"info","event":"   250K .......... .......... .......... .......... ..........  3%  979K 13s","logger":"airflow.task.hooks.airflow.providers.standard.hooks.subprocess.SubprocessHook"}
{"timestamp":"2025-07-17T06:42:16.654722","level":"info","event":"   300K .......... .......... .......... .......... ..........  4% 2.61M 11s","logger":"airflow.task.hooks.airflow.providers.standard.hooks.subprocess.SubprocessHook"}
{"timestamp":"2025-07-17T06:42:16.671481","level":"info","event":"   350K .......... .......... .......... .......... ..........  5% 3.34M 10s","logger":"airflow.task.hooks.airflow.providers.standard.hooks.subprocess.SubprocessHook"}
{"timestamp":"2025-07-17T06:42:16.691202","level":"info","event":"   400K .......... .......... .......... .......... ..........  5% 2.25M 9s","logger":"airflow.task.hooks.airflow.providers.standard.hooks.subprocess.SubprocessHook"}
{"timestamp":"2025-07-17T06:42:16.707639","level":"info","event":"   450K .......... .......... .......... .......... ..........  6% 2.95M 9s","logger":"airflow.task.hooks.airflow.providers.standard.hooks.subprocess.SubprocessHook"}
{"timestamp":"2025-07-17T06:42:16.724521","level":"info","event":"   500K .......... .......... .......... .......... ..........  7% 2.89M 8s","logger":"airflow.task.hooks.airflow.providers.standard.hooks.subprocess.SubprocessHook"}
{"timestamp":"2025-07-17T06:42:16.827166","level":"info","event":"   550K .......... .......... .......... .......... ..........  7%  486K 8s","logger":"airflow.task.hooks.airflow.providers.standard.hooks.subprocess.SubprocessHook"}
{"timestamp":"2025-07-17T06:42:16.859444","level":"info","event":"   600K .......... .......... .......... .......... ..........  8% 1.63M 8s","logger":"airflow.task.hooks.airflow.providers.standard.hooks.subprocess.SubprocessHook"}
{"timestamp":"2025-07-17T06:42:16.861605","level":"info","event":"   650K .......... .......... .......... .......... ..........  9% 11.7M 7s","logger":"airflow.task.hooks.airflow.providers.standard.hooks.subprocess.SubprocessHook"}
{"timestamp":"2025-07-17T06:42:16.869268","level":"info","event":"   700K .......... .......... .......... .......... ..........  9% 8.04M 7s","logger":"airflow.task.hooks.airflow.providers.standard.hooks.subprocess.SubprocessHook"}
{"timestamp":"2025-07-17T06:42:16.879471","level":"info","event":"   750K .......... .......... .......... .......... .......... 10% 4.20M 7s","logger":"airflow.task.hooks.airflow.providers.standard.hooks.subprocess.SubprocessHook"}
{"timestamp":"2025-07-17T06:42:16.889303","level":"info","event":"   800K .......... .......... .......... .......... .......... 11% 4.90M 6s","logger":"airflow.task.hooks.airflow.providers.standard.hooks.subprocess.SubprocessHook"}
{"timestamp":"2025-07-17T06:42:16.922807","level":"info","event":"   850K .......... .......... .......... .......... .......... 11% 1.48M 6s","logger":"airflow.task.hooks.airflow.providers.standard.hooks.subprocess.SubprocessHook"}
{"timestamp":"2025-07-17T06:42:16.923856","level":"info","event":"   900K .......... .......... .......... .......... .......... 12% 27.4M 6s","logger":"airflow.task.hooks.airflow.providers.standard.hooks.subprocess.SubprocessHook"}
{"timestamp":"2025-07-17T06:42:16.925898","level":"info","event":"   950K .......... .......... .......... .......... .......... 13% 21.1M 5s","logger":"airflow.task.hooks.airflow.providers.standard.hooks.subprocess.SubprocessHook"}
{"timestamp":"2025-07-17T06:42:16.936936","level":"info","event":"  1000K .......... .......... .......... .......... .......... 13% 4.47M 5s","logger":"airflow.task.hooks.airflow.providers.standard.hooks.subprocess.SubprocessHook"}
{"timestamp":"2025-07-17T06:42:16.945078","level":"info","event":"  1050K .......... .......... .......... .......... .......... 14% 5.93M 5s","logger":"airflow.task.hooks.airflow.providers.standard.hooks.subprocess.SubprocessHook"}
{"timestamp":"2025-07-17T06:42:16.953778","level":"info","event":"  1100K .......... .......... .......... .......... .......... 15% 5.61M 5s","logger":"airflow.task.hooks.airflow.providers.standard.hooks.subprocess.SubprocessHook"}
{"timestamp":"2025-07-17T06:42:16.966254","level":"info","event":"  1150K .......... .......... .......... .......... .......... 15% 3.94M 5s","logger":"airflow.task.hooks.airflow.providers.standard.hooks.subprocess.SubprocessHook"}
{"timestamp":"2025-07-17T06:42:16.973442","level":"info","event":"  1200K .......... .......... .......... .......... .......... 16% 6.74M 4s","logger":"airflow.task.hooks.airflow.providers.standard.hooks.subprocess.SubprocessHook"}
{"timestamp":"2025-07-17T06:42:17.053797","level":"info","event":"  1250K .......... .......... .......... .......... .......... 17%  623K 5s","logger":"airflow.task.hooks.airflow.providers.standard.hooks.subprocess.SubprocessHook"}
{"timestamp":"2025-07-17T06:42:17.062964","level":"info","event":"  1300K .......... .......... .......... .......... .......... 17% 5.26M 4s","logger":"airflow.task.hooks.airflow.providers.standard.hooks.subprocess.SubprocessHook"}
{"timestamp":"2025-07-17T06:42:17.072404","level":"info","event":"  1350K .......... .......... .......... .......... .......... 18% 5.29M 4s","logger":"airflow.task.hooks.airflow.providers.standard.hooks.subprocess.SubprocessHook"}
{"timestamp":"2025-07-17T06:42:17.079511","level":"info","event":"  1400K .......... .......... .......... .......... .......... 19% 6.83M 4s","logger":"airflow.task.hooks.airflow.providers.standard.hooks.subprocess.SubprocessHook"}
{"timestamp":"2025-07-17T06:42:17.088753","level":"info","event":"  1450K .......... .......... .......... .......... .......... 19% 5.22M 4s","logger":"airflow.task.hooks.airflow.providers.standard.hooks.subprocess.SubprocessHook"}
{"timestamp":"2025-07-17T06:42:17.103102","level":"info","event":"  1500K .......... .......... .......... .......... .......... 20% 3.72M 4s","logger":"airflow.task.hooks.airflow.providers.standard.hooks.subprocess.SubprocessHook"}
{"timestamp":"2025-07-17T06:42:17.107399","level":"info","event":"  1550K .......... .......... .......... .......... .......... 21% 11.0M 4s","logger":"airflow.task.hooks.airflow.providers.standard.hooks.subprocess.SubprocessHook"}
{"timestamp":"2025-07-17T06:42:17.109689","level":"info","event":"  1600K .......... .......... .......... .......... .......... 21% 16.4M 4s","logger":"airflow.task.hooks.airflow.providers.standard.hooks.subprocess.SubprocessHook"}
{"timestamp":"2025-07-17T06:42:17.116537","level":"info","event":"  1650K .......... .......... .......... .......... .......... 22% 7.95M 4s","logger":"airflow.task.hooks.airflow.providers.standard.hooks.subprocess.SubprocessHook"}
{"timestamp":"2025-07-17T06:42:17.122729","level":"info","event":"  1700K .......... .......... .......... .......... .......... 23% 7.56M 3s","logger":"airflow.task.hooks.airflow.providers.standard.hooks.subprocess.SubprocessHook"}
{"timestamp":"2025-07-17T06:42:17.128025","level":"info","event":"  1750K .......... .......... .......... .......... .......... 23% 8.29M 3s","logger":"airflow.task.hooks.airflow.providers.standard.hooks.subprocess.SubprocessHook"}
{"timestamp":"2025-07-17T06:42:17.136117","level":"info","event":"  1800K .......... .......... .......... .......... .......... 24% 7.90M 3s","logger":"airflow.task.hooks.airflow.providers.standard.hooks.subprocess.SubprocessHook"}
{"timestamp":"2025-07-17T06:42:17.140594","level":"info","event":"  1850K .......... .......... .......... .......... .......... 25% 8.60M 3s","logger":"airflow.task.hooks.airflow.providers.standard.hooks.subprocess.SubprocessHook"}
{"timestamp":"2025-07-17T06:42:17.146358","level":"info","event":"  1900K .......... .......... .......... .......... .......... 25% 7.30M 3s","logger":"airflow.task.hooks.airflow.providers.standard.hooks.subprocess.SubprocessHook"}
{"timestamp":"2025-07-17T06:42:17.150888","level":"info","event":"  1950K .......... .......... .......... .......... .......... 26% 11.1M 3s","logger":"airflow.task.hooks.airflow.providers.standard.hooks.subprocess.SubprocessHook"}
{"timestamp":"2025-07-17T06:42:17.157331","level":"info","event":"  2000K .......... .......... .......... .......... .......... 26% 7.36M 3s","logger":"airflow.task.hooks.airflow.providers.standard.hooks.subprocess.SubprocessHook"}
{"timestamp":"2025-07-17T06:42:17.163510","level":"info","event":"  2050K .......... .......... .......... .......... .......... 27% 8.18M 3s","logger":"airflow.task.hooks.airflow.providers.standard.hooks.subprocess.SubprocessHook"}
{"timestamp":"2025-07-17T06:42:17.168611","level":"info","event":"  2100K .......... .......... .......... .......... .......... 28% 9.38M 3s","logger":"airflow.task.hooks.airflow.providers.standard.hooks.subprocess.SubprocessHook"}
{"timestamp":"2025-07-17T06:42:17.176631","level":"info","event":"  2150K .......... .......... .......... .......... .......... 28% 7.52M 3s","logger":"airflow.task.hooks.airflow.providers.standard.hooks.subprocess.SubprocessHook"}
{"timestamp":"2025-07-17T06:42:17.179460","level":"info","event":"  2200K .......... .......... .......... .......... .......... 29% 11.5M 3s","logger":"airflow.task.hooks.airflow.providers.standard.hooks.subprocess.SubprocessHook"}
{"timestamp":"2025-07-17T06:42:17.187699","level":"info","event":"  2250K .......... .......... .......... .......... .......... 30% 6.87M 2s","logger":"airflow.task.hooks.airflow.providers.standard.hooks.subprocess.SubprocessHook"}
{"timestamp":"2025-07-17T06:42:17.188566","level":"info","event":"  2300K .......... .......... .......... .......... .......... 30% 24.6M 2s","logger":"airflow.task.hooks.airflow.providers.standard.hooks.subprocess.SubprocessHook"}
{"timestamp":"2025-07-17T06:42:17.194415","level":"info","event":"  2350K .......... .......... .......... .......... .......... 31% 8.85M 2s","logger":"airflow.task.hooks.airflow.providers.standard.hooks.subprocess.SubprocessHook"}
{"timestamp":"2025-07-17T06:42:17.198905","level":"info","event":"  2400K .......... .......... .......... .......... .......... 32% 9.74M 2s","logger":"airflow.task.hooks.airflow.providers.standard.hooks.subprocess.SubprocessHook"}
{"timestamp":"2025-07-17T06:42:17.201780","level":"info","event":"  2450K .......... .......... .......... .......... .......... 32% 17.2M 2s","logger":"airflow.task.hooks.airflow.providers.standard.hooks.subprocess.SubprocessHook"}
{"timestamp":"2025-07-17T06:42:17.210050","level":"info","event":"  2500K .......... .......... .......... .......... .......... 33% 7.14M 2s","logger":"airflow.task.hooks.airflow.providers.standard.hooks.subprocess.SubprocessHook"}
{"timestamp":"2025-07-17T06:42:17.283725","level":"info","event":"  2550K .......... .......... .......... .......... .......... 34%  666K 2s","logger":"airflow.task.hooks.airflow.providers.standard.hooks.subprocess.SubprocessHook"}
{"timestamp":"2025-07-17T06:42:17.293138","level":"info","event":"  2600K .......... .......... .......... .......... .......... 34% 5.97M 2s","logger":"airflow.task.hooks.airflow.providers.standard.hooks.subprocess.SubprocessHook"}
{"timestamp":"2025-07-17T06:42:17.294227","level":"info","event":"  2650K .......... .......... .......... .......... .......... 35% 26.1M 2s","logger":"airflow.task.hooks.airflow.providers.standard.hooks.subprocess.SubprocessHook"}
{"timestamp":"2025-07-17T06:42:17.297389","level":"info","event":"  2700K .......... .......... .......... .......... .......... 36% 14.1M 2s","logger":"airflow.task.hooks.airflow.providers.standard.hooks.subprocess.SubprocessHook"}
{"timestamp":"2025-07-17T06:42:17.304743","level":"info","event":"  2750K .......... .......... .......... .......... .......... 36% 8.71M 2s","logger":"airflow.task.hooks.airflow.providers.standard.hooks.subprocess.SubprocessHook"}
{"timestamp":"2025-07-17T06:42:17.308205","level":"info","event":"  2800K .......... .......... .......... .......... .......... 37% 18.2M 2s","logger":"airflow.task.hooks.airflow.providers.standard.hooks.subprocess.SubprocessHook"}
{"timestamp":"2025-07-17T06:42:17.311165","level":"info","event":"  2850K .......... .......... .......... .......... .......... 38% 9.04M 2s","logger":"airflow.task.hooks.airflow.providers.standard.hooks.subprocess.SubprocessHook"}
{"timestamp":"2025-07-17T06:42:17.316125","level":"info","event":"  2900K .......... .......... .......... .......... .......... 38% 9.35M 2s","logger":"airflow.task.hooks.airflow.providers.standard.hooks.subprocess.SubprocessHook"}
{"timestamp":"2025-07-17T06:42:17.316906","level":"info","event":"  2950K .......... .......... .......... .......... .......... 39% 51.0M 2s","logger":"airflow.task.hooks.airflow.providers.standard.hooks.subprocess.SubprocessHook"}
{"timestamp":"2025-07-17T06:42:17.323457","level":"info","event":"  3000K .......... .......... .......... .......... .......... 40% 7.99M 2s","logger":"airflow.task.hooks.airflow.providers.standard.hooks.subprocess.SubprocessHook"}
{"timestamp":"2025-07-17T06:42:17.325898","level":"info","event":"  3050K .......... .......... .......... .......... .......... 40% 17.5M 2s","logger":"airflow.task.hooks.airflow.providers.standard.hooks.subprocess.SubprocessHook"}
{"timestamp":"2025-07-17T06:42:17.337355","level":"info","event":"  3100K .......... .......... .......... .......... .......... 41% 10.5M 2s","logger":"airflow.task.hooks.airflow.providers.standard.hooks.subprocess.SubprocessHook"}
{"timestamp":"2025-07-17T06:42:17.337453","level":"info","event":"  3150K .......... .......... .......... .......... .......... 42% 7.93M 2s","logger":"airflow.task.hooks.airflow.providers.standard.hooks.subprocess.SubprocessHook"}
{"timestamp":"2025-07-17T06:42:17.340589","level":"info","event":"  3200K .......... .......... .......... .......... .......... 42% 15.8M 2s","logger":"airflow.task.hooks.airflow.providers.standard.hooks.subprocess.SubprocessHook"}
{"timestamp":"2025-07-17T06:42:17.343320","level":"info","event":"  3250K .......... .......... .......... .......... .......... 43% 13.7M 2s","logger":"airflow.task.hooks.airflow.providers.standard.hooks.subprocess.SubprocessHook"}
{"timestamp":"2025-07-17T06:42:17.348389","level":"info","event":"  3300K .......... .......... .......... .......... .......... 44% 12.4M 2s","logger":"airflow.task.hooks.airflow.providers.standard.hooks.subprocess.SubprocessHook"}
{"timestamp":"2025-07-17T06:42:17.348513","level":"info","event":"  3350K .......... .......... .......... .......... .......... 44% 58.5M 2s","logger":"airflow.task.hooks.airflow.providers.standard.hooks.subprocess.SubprocessHook"}
{"timestamp":"2025-07-17T06:42:17.355029","level":"info","event":"  3400K .......... .......... .......... .......... .......... 45% 7.92M 2s","logger":"airflow.task.hooks.airflow.providers.standard.hooks.subprocess.SubprocessHook"}
{"timestamp":"2025-07-17T06:42:17.357378","level":"info","event":"  3450K .......... .......... .......... .......... .......... 46% 16.5M 1s","logger":"airflow.task.hooks.airflow.providers.standard.hooks.subprocess.SubprocessHook"}
{"timestamp":"2025-07-17T06:42:17.364080","level":"info","event":"  3500K .......... .......... .......... .......... .......... 46% 7.48M 1s","logger":"airflow.task.hooks.airflow.providers.standard.hooks.subprocess.SubprocessHook"}
{"timestamp":"2025-07-17T06:42:17.364196","level":"info","event":"  3550K .......... .......... .......... .......... .......... 47%  168M 1s","logger":"airflow.task.hooks.airflow.providers.standard.hooks.subprocess.SubprocessHook"}
{"timestamp":"2025-07-17T06:42:17.366552","level":"info","event":"  3600K .......... .......... .......... .......... .......... 48% 19.8M 1s","logger":"airflow.task.hooks.airflow.providers.standard.hooks.subprocess.SubprocessHook"}
{"timestamp":"2025-07-17T06:42:17.367732","level":"info","event":"  3650K .......... .......... .......... .......... .......... 48% 42.9M 1s","logger":"airflow.task.hooks.airflow.providers.standard.hooks.subprocess.SubprocessHook"}
{"timestamp":"2025-07-17T06:42:17.367824","level":"info","event":"  3700K .......... .......... .......... .......... .......... 49%  209M 1s","logger":"airflow.task.hooks.airflow.providers.standard.hooks.subprocess.SubprocessHook"}
{"timestamp":"2025-07-17T06:42:17.369495","level":"info","event":"  3750K .......... .......... .......... .......... .......... 50% 30.5M 1s","logger":"airflow.task.hooks.airflow.providers.standard.hooks.subprocess.SubprocessHook"}
{"timestamp":"2025-07-17T06:42:17.372989","level":"info","event":"  3800K .......... .......... .......... .......... .......... 50% 18.9M 1s","logger":"airflow.task.hooks.airflow.providers.standard.hooks.subprocess.SubprocessHook"}
{"timestamp":"2025-07-17T06:42:17.376609","level":"info","event":"  3850K .......... .......... .......... .......... .......... 51% 11.6M 1s","logger":"airflow.task.hooks.airflow.providers.standard.hooks.subprocess.SubprocessHook"}
{"timestamp":"2025-07-17T06:42:17.379429","level":"info","event":"  3900K .......... .......... .......... .......... .......... 51% 15.6M 1s","logger":"airflow.task.hooks.airflow.providers.standard.hooks.subprocess.SubprocessHook"}
{"timestamp":"2025-07-17T06:42:17.388947","level":"info","event":"  3950K .......... .......... .......... .......... .......... 52% 5.52M 1s","logger":"airflow.task.hooks.airflow.providers.standard.hooks.subprocess.SubprocessHook"}
{"timestamp":"2025-07-17T06:42:17.389661","level":"info","event":"  4000K .......... .......... .......... .......... .......... 53% 34.7M 1s","logger":"airflow.task.hooks.airflow.providers.standard.hooks.subprocess.SubprocessHook"}
{"timestamp":"2025-07-17T06:42:17.393241","level":"info","event":"  4050K .......... .......... .......... .......... .......... 53% 14.7M 1s","logger":"airflow.task.hooks.airflow.providers.standard.hooks.subprocess.SubprocessHook"}
{"timestamp":"2025-07-17T06:42:17.393327","level":"info","event":"  4100K .......... .......... .......... .......... .......... 54%  196M 1s","logger":"airflow.task.hooks.airflow.providers.standard.hooks.subprocess.SubprocessHook"}
{"timestamp":"2025-07-17T06:42:17.398324","level":"info","event":"  4150K .......... .......... .......... .......... .......... 55% 10.2M 1s","logger":"airflow.task.hooks.airflow.providers.standard.hooks.subprocess.SubprocessHook"}
{"timestamp":"2025-07-17T06:42:17.405677","level":"info","event":"  4200K .......... .......... .......... .......... .......... 55% 6.70M 1s","logger":"airflow.task.hooks.airflow.providers.standard.hooks.subprocess.SubprocessHook"}
{"timestamp":"2025-07-17T06:42:17.406252","level":"info","event":"  4250K .......... .......... .......... .......... .......... 56% 63.2M 1s","logger":"airflow.task.hooks.airflow.providers.standard.hooks.subprocess.SubprocessHook"}
{"timestamp":"2025-07-17T06:42:17.407332","level":"info","event":"  4300K .......... .......... .......... .......... .......... 57% 42.4M 1s","logger":"airflow.task.hooks.airflow.providers.standard.hooks.subprocess.SubprocessHook"}
{"timestamp":"2025-07-17T06:42:17.407524","level":"info","event":"  4350K .......... .......... .......... .......... .......... 57%  193M 1s","logger":"airflow.task.hooks.airflow.providers.standard.hooks.subprocess.SubprocessHook"}
{"timestamp":"2025-07-17T06:42:17.415472","level":"info","event":"  4400K .......... .......... .......... .......... .......... 58% 6.68M 1s","logger":"airflow.task.hooks.airflow.providers.standard.hooks.subprocess.SubprocessHook"}
{"timestamp":"2025-07-17T06:42:17.415584","level":"info","event":"  4450K .......... .......... .......... .......... .......... 59%  197M 1s","logger":"airflow.task.hooks.airflow.providers.standard.hooks.subprocess.SubprocessHook"}
{"timestamp":"2025-07-17T06:42:17.422364","level":"info","event":"  4500K .......... .......... .......... .......... .......... 59% 8.16M 1s","logger":"airflow.task.hooks.airflow.providers.standard.hooks.subprocess.SubprocessHook"}
{"timestamp":"2025-07-17T06:42:17.422721","level":"info","event":"  4550K .......... .......... .......... .......... .......... 60% 29.8M 1s","logger":"airflow.task.hooks.airflow.providers.standard.hooks.subprocess.SubprocessHook"}
{"timestamp":"2025-07-17T06:42:17.471122","level":"info","event":"  4600K .......... .......... .......... .......... .......... 61% 1.09M 1s","logger":"airflow.task.hooks.airflow.providers.standard.hooks.subprocess.SubprocessHook"}
{"timestamp":"2025-07-17T06:42:17.471219","level":"info","event":"  4650K .......... .......... .......... .......... .......... 61%  139M 1s","logger":"airflow.task.hooks.airflow.providers.standard.hooks.subprocess.SubprocessHook"}
{"timestamp":"2025-07-17T06:42:17.471249","level":"info","event":"  4700K .......... .......... .......... .......... .......... 62% 41.3M 1s","logger":"airflow.task.hooks.airflow.providers.standard.hooks.subprocess.SubprocessHook"}
{"timestamp":"2025-07-17T06:42:17.471271","level":"info","event":"  4750K .......... .......... .......... .......... .......... 63% 58.7M 1s","logger":"airflow.task.hooks.airflow.providers.standard.hooks.subprocess.SubprocessHook"}
{"timestamp":"2025-07-17T06:42:17.471293","level":"info","event":"  4800K .......... .......... .......... .......... .......... 63%  184M 1s","logger":"airflow.task.hooks.airflow.providers.standard.hooks.subprocess.SubprocessHook"}
{"timestamp":"2025-07-17T06:42:17.471314","level":"info","event":"  4850K .......... .......... .......... .......... .......... 64%  160M 1s","logger":"airflow.task.hooks.airflow.providers.standard.hooks.subprocess.SubprocessHook"}
{"timestamp":"2025-07-17T06:42:17.471336","level":"info","event":"  4900K .......... .......... .......... .......... .......... 65%  127M 1s","logger":"airflow.task.hooks.airflow.providers.standard.hooks.subprocess.SubprocessHook"}
{"timestamp":"2025-07-17T06:42:17.471357","level":"info","event":"  4950K .......... .......... .......... .......... .......... 65%  167M 1s","logger":"airflow.task.hooks.airflow.providers.standard.hooks.subprocess.SubprocessHook"}
{"timestamp":"2025-07-17T06:42:17.473912","level":"info","event":"  5000K .......... .......... .......... .......... .......... 66%  214M 1s","logger":"airflow.task.hooks.airflow.providers.standard.hooks.subprocess.SubprocessHook"}
{"timestamp":"2025-07-17T06:42:17.474083","level":"info","event":"  5050K .......... .......... .......... .......... .......... 67% 50.1M 1s","logger":"airflow.task.hooks.airflow.providers.standard.hooks.subprocess.SubprocessHook"}
{"timestamp":"2025-07-17T06:42:17.474168","level":"info","event":"  5100K .......... .......... .......... .......... .......... 67%  150M 1s","logger":"airflow.task.hooks.airflow.providers.standard.hooks.subprocess.SubprocessHook"}
{"timestamp":"2025-07-17T06:42:17.474272","level":"info","event":"  5150K .......... .......... .......... .......... .......... 68%  154M 1s","logger":"airflow.task.hooks.airflow.providers.standard.hooks.subprocess.SubprocessHook"}
{"timestamp":"2025-07-17T06:42:17.474367","level":"info","event":"  5200K .......... .......... .......... .......... .......... 69%  174M 1s","logger":"airflow.task.hooks.airflow.providers.standard.hooks.subprocess.SubprocessHook"}
{"timestamp":"2025-07-17T06:42:17.521829","level":"info","event":"  5250K .......... .......... .......... .......... .......... 69% 1.00M 1s","logger":"airflow.task.hooks.airflow.providers.standard.hooks.subprocess.SubprocessHook"}
{"timestamp":"2025-07-17T06:42:17.525587","level":"info","event":"  5300K .......... .......... .......... .......... .......... 70% 13.6M 1s","logger":"airflow.task.hooks.airflow.providers.standard.hooks.subprocess.SubprocessHook"}
{"timestamp":"2025-07-17T06:42:17.526333","level":"info","event":"  5350K .......... .......... .......... .......... .......... 71% 54.3M 1s","logger":"airflow.task.hooks.airflow.providers.standard.hooks.subprocess.SubprocessHook"}
{"timestamp":"2025-07-17T06:42:17.530662","level":"info","event":"  5400K .......... .......... .......... .......... .......... 71% 12.3M 1s","logger":"airflow.task.hooks.airflow.providers.standard.hooks.subprocess.SubprocessHook"}
{"timestamp":"2025-07-17T06:42:17.530789","level":"info","event":"  5450K .......... .......... .......... .......... .......... 72%  247M 1s","logger":"airflow.task.hooks.airflow.providers.standard.hooks.subprocess.SubprocessHook"}
{"timestamp":"2025-07-17T06:42:17.532282","level":"info","event":"  5500K .......... .......... .......... .......... .......... 73% 26.5M 1s","logger":"airflow.task.hooks.airflow.providers.standard.hooks.subprocess.SubprocessHook"}
{"timestamp":"2025-07-17T06:42:17.533829","level":"info","event":"  5550K .......... .......... .......... .......... .......... 73% 30.9M 1s","logger":"airflow.task.hooks.airflow.providers.standard.hooks.subprocess.SubprocessHook"}
{"timestamp":"2025-07-17T06:42:17.549494","level":"info","event":"  5600K .......... .......... .......... .......... .......... 74% 3.19M 0s","logger":"airflow.task.hooks.airflow.providers.standard.hooks.subprocess.SubprocessHook"}
{"timestamp":"2025-07-17T06:42:17.549594","level":"info","event":"  5650K .......... .......... .......... .......... .......... 75%  188M 0s","logger":"airflow.task.hooks.airflow.providers.standard.hooks.subprocess.SubprocessHook"}
{"timestamp":"2025-07-17T06:42:17.555372","level":"info","event":"  5700K .......... .......... .......... .......... .......... 75% 10.9M 0s","logger":"airflow.task.hooks.airflow.providers.standard.hooks.subprocess.SubprocessHook"}
{"timestamp":"2025-07-17T06:42:17.555485","level":"info","event":"  5750K .......... .......... .......... .......... .......... 76% 68.4M 0s","logger":"airflow.task.hooks.airflow.providers.standard.hooks.subprocess.SubprocessHook"}
{"timestamp":"2025-07-17T06:42:17.555563","level":"info","event":"  5800K .......... .......... .......... .......... .......... 76%  236M 0s","logger":"airflow.task.hooks.airflow.providers.standard.hooks.subprocess.SubprocessHook"}
{"timestamp":"2025-07-17T06:42:17.555634","level":"info","event":"  5850K .......... .......... .......... .......... .......... 77%  208M 0s","logger":"airflow.task.hooks.airflow.providers.standard.hooks.subprocess.SubprocessHook"}
{"timestamp":"2025-07-17T06:42:17.555675","level":"info","event":"  5900K .......... .......... .......... .......... .......... 78%  289M 0s","logger":"airflow.task.hooks.airflow.providers.standard.hooks.subprocess.SubprocessHook"}
{"timestamp":"2025-07-17T06:42:17.555695","level":"info","event":"  5950K .......... .......... .......... .......... .......... 78%  292M 0s","logger":"airflow.task.hooks.airflow.providers.standard.hooks.subprocess.SubprocessHook"}
{"timestamp":"2025-07-17T06:42:17.558891","level":"info","event":"  6000K .......... .......... .......... .......... .......... 79% 15.2M 0s","logger":"airflow.task.hooks.airflow.providers.standard.hooks.subprocess.SubprocessHook"}
{"timestamp":"2025-07-17T06:42:17.560414","level":"info","event":"  6050K .......... .......... .......... .......... .......... 80% 46.2M 0s","logger":"airflow.task.hooks.airflow.providers.standard.hooks.subprocess.SubprocessHook"}
{"timestamp":"2025-07-17T06:42:17.560487","level":"info","event":"  6100K .......... .......... .......... .......... .......... 80%  241M 0s","logger":"airflow.task.hooks.airflow.providers.standard.hooks.subprocess.SubprocessHook"}
{"timestamp":"2025-07-17T06:42:17.560532","level":"info","event":"  6150K .......... .......... .......... .......... .......... 81%  218M 0s","logger":"airflow.task.hooks.airflow.providers.standard.hooks.subprocess.SubprocessHook"}
{"timestamp":"2025-07-17T06:42:17.560569","level":"info","event":"  6200K .......... .......... .......... .......... .......... 82%  267M 0s","logger":"airflow.task.hooks.airflow.providers.standard.hooks.subprocess.SubprocessHook"}
{"timestamp":"2025-07-17T06:42:17.561034","level":"info","event":"  6250K .......... .......... .......... .......... .......... 82% 88.2M 0s","logger":"airflow.task.hooks.airflow.providers.standard.hooks.subprocess.SubprocessHook"}
{"timestamp":"2025-07-17T06:42:17.565496","level":"info","event":"  6300K .......... .......... .......... .......... .......... 83% 10.6M 0s","logger":"airflow.task.hooks.airflow.providers.standard.hooks.subprocess.SubprocessHook"}
{"timestamp":"2025-07-17T06:42:17.565921","level":"info","event":"  6350K .......... .......... .......... .......... .......... 84%  143M 0s","logger":"airflow.task.hooks.airflow.providers.standard.hooks.subprocess.SubprocessHook"}
{"timestamp":"2025-07-17T06:42:17.566281","level":"info","event":"  6400K .......... .......... .......... .......... .......... 84% 95.2M 0s","logger":"airflow.task.hooks.airflow.providers.standard.hooks.subprocess.SubprocessHook"}
{"timestamp":"2025-07-17T06:42:17.567984","level":"info","event":"  6450K .......... .......... .......... .......... .......... 85% 29.0M 0s","logger":"airflow.task.hooks.airflow.providers.standard.hooks.subprocess.SubprocessHook"}
{"timestamp":"2025-07-17T06:42:17.571605","level":"info","event":"  6500K .......... .......... .......... .......... .......... 86% 16.9M 0s","logger":"airflow.task.hooks.airflow.providers.standard.hooks.subprocess.SubprocessHook"}
{"timestamp":"2025-07-17T06:42:17.571704","level":"info","event":"  6550K .......... .......... .......... .......... .......... 86% 50.6M 0s","logger":"airflow.task.hooks.airflow.providers.standard.hooks.subprocess.SubprocessHook"}
{"timestamp":"2025-07-17T06:42:17.573239","level":"info","event":"  6600K .......... .......... .......... .......... .......... 87% 33.9M 0s","logger":"airflow.task.hooks.airflow.providers.standard.hooks.subprocess.SubprocessHook"}
{"timestamp":"2025-07-17T06:42:17.574050","level":"info","event":"  6650K .......... .......... .......... .......... .......... 88% 56.2M 0s","logger":"airflow.task.hooks.airflow.providers.standard.hooks.subprocess.SubprocessHook"}
{"timestamp":"2025-07-17T06:42:17.579575","level":"info","event":"  6700K .......... .......... .......... .......... .......... 88% 9.91M 0s","logger":"airflow.task.hooks.airflow.providers.standard.hooks.subprocess.SubprocessHook"}
{"timestamp":"2025-07-17T06:42:17.580301","level":"info","event":"  6750K .......... .......... .......... .......... .......... 89% 37.3M 0s","logger":"airflow.task.hooks.airflow.providers.standard.hooks.subprocess.SubprocessHook"}
{"timestamp":"2025-07-17T06:42:17.580871","level":"info","event":"  6800K .......... .......... .......... .......... .......... 90% 86.0M 0s","logger":"airflow.task.hooks.airflow.providers.standard.hooks.subprocess.SubprocessHook"}
{"timestamp":"2025-07-17T06:42:17.583766","level":"info","event":"  6850K .......... .......... .......... .......... .......... 90% 19.0M 0s","logger":"airflow.task.hooks.airflow.providers.standard.hooks.subprocess.SubprocessHook"}
{"timestamp":"2025-07-17T06:42:17.585440","level":"info","event":"  6900K .......... .......... .......... .......... .......... 91% 29.0M 0s","logger":"airflow.task.hooks.airflow.providers.standard.hooks.subprocess.SubprocessHook"}
{"timestamp":"2025-07-17T06:42:17.585506","level":"info","event":"  6950K .......... .......... .......... .......... .......... 92%  239M 0s","logger":"airflow.task.hooks.airflow.providers.standard.hooks.subprocess.SubprocessHook"}
{"timestamp":"2025-07-17T06:42:17.586514","level":"info","event":"  7000K .......... .......... .......... .......... .......... 92% 42.0M 0s","logger":"airflow.task.hooks.airflow.providers.standard.hooks.subprocess.SubprocessHook"}
{"timestamp":"2025-07-17T06:42:17.590741","level":"info","event":"  7050K .......... .......... .......... .......... .......... 93% 12.3M 0s","logger":"airflow.task.hooks.airflow.providers.standard.hooks.subprocess.SubprocessHook"}
{"timestamp":"2025-07-17T06:42:17.590851","level":"info","event":"  7100K .......... .......... .......... .......... .......... 94%  230M 0s","logger":"airflow.task.hooks.airflow.providers.standard.hooks.subprocess.SubprocessHook"}
{"timestamp":"2025-07-17T06:42:17.595251","level":"info","event":"  7150K .......... .......... .......... .......... .......... 94% 11.9M 0s","logger":"airflow.task.hooks.airflow.providers.standard.hooks.subprocess.SubprocessHook"}
{"timestamp":"2025-07-17T06:42:17.595904","level":"info","event":"  7200K .......... .......... .......... .......... .......... 95% 57.3M 0s","logger":"airflow.task.hooks.airflow.providers.standard.hooks.subprocess.SubprocessHook"}
{"timestamp":"2025-07-17T06:42:17.598593","level":"info","event":"  7250K .......... .......... .......... .......... .......... 96% 17.6M 0s","logger":"airflow.task.hooks.airflow.providers.standard.hooks.subprocess.SubprocessHook"}
{"timestamp":"2025-07-17T06:42:17.598824","level":"info","event":"  7300K .......... .......... .......... .......... .......... 96%  120M 0s","logger":"airflow.task.hooks.airflow.providers.standard.hooks.subprocess.SubprocessHook"}
{"timestamp":"2025-07-17T06:42:17.599330","level":"info","event":"  7350K .......... .......... .......... .......... .......... 97% 94.0M 0s","logger":"airflow.task.hooks.airflow.providers.standard.hooks.subprocess.SubprocessHook"}
{"timestamp":"2025-07-17T06:42:17.600965","level":"info","event":"  7400K .......... .......... .......... .......... .......... 98% 31.8M 0s","logger":"airflow.task.hooks.airflow.providers.standard.hooks.subprocess.SubprocessHook"}
{"timestamp":"2025-07-17T06:42:17.602202","level":"info","event":"  7450K .......... .......... .......... .......... .......... 98% 41.6M 0s","logger":"airflow.task.hooks.airflow.providers.standard.hooks.subprocess.SubprocessHook"}
{"timestamp":"2025-07-17T06:42:17.603020","level":"info","event":"  7500K .......... .......... .......... .......... .......... 99% 55.8M 0s","logger":"airflow.task.hooks.airflow.providers.standard.hooks.subprocess.SubprocessHook"}
{"timestamp":"2025-07-17T06:42:17.606182","level":"info","event":"  7550K .......... .......... .......... .......... ........  100% 28.3M=1.5s","logger":"airflow.task.hooks.airflow.providers.standard.hooks.subprocess.SubprocessHook"}
{"timestamp":"2025-07-17T06:42:17.606286","level":"info","event":"","logger":"airflow.task.hooks.airflow.providers.standard.hooks.subprocess.SubprocessHook"}
{"timestamp":"2025-07-17T06:42:17.606396","level":"info","event":"2025-07-17 06:42:17 (4.95 MB/s) - ‘/opt/airflow/green_tripdata_2019-11.csv.gz’ saved [7781029/7781029]","logger":"airflow.task.hooks.airflow.providers.standard.hooks.subprocess.SubprocessHook"}
{"timestamp":"2025-07-17T06:42:17.606684","level":"info","event":"","logger":"airflow.task.hooks.airflow.providers.standard.hooks.subprocess.SubprocessHook"}
{"timestamp":"2025-07-17T06:42:18.095537","level":"info","event":"Command exited with return code 0","logger":"airflow.task.hooks.airflow.providers.standard.hooks.subprocess.SubprocessHook"}
{"timestamp":"2025-07-17T06:42:18.101222","level":"info","event":"Pushing xcom","ti":"RuntimeTaskInstance(id=UUID('0198171e-86c5-758a-a55d-32077e3c13e6'), task_id='wget_trips_csvgz', dag_id='local_ingestion_pg_green', run_id='scheduled__2019-11-02T06:00:00+00:00', try_number=1, map_index=-1, hostname='3f7f1d329e72', context_carrier={}, task=<Task(BashOperator): wget_trips_csvgz>, bundle_instance=LocalDagBundle(name=dags-folder), max_tries=0, start_date=datetime.datetime(2025, 7, 17, 6, 42, 13, 545969, tzinfo=TzInfo(UTC)), end_date=None, state=<TaskInstanceState.RUNNING: 'running'>, is_mapped=False, rendered_map_index=None)","logger":"task"}
{"timestamp":"2025-07-17T06:51:55.668749","level":"info","event":"DAG bundles loaded: dags-folder","logger":"airflow.dag_processing.bundles.manager.DagBundlesManager"}
{"timestamp":"2025-07-17T06:51:55.669596","level":"info","event":"Filling up the DagBag from /opt/airflow/dags/data_ingestion_localpg_dag.py","logger":"airflow.models.dagbag.DagBag"}
{"timestamp":"2025-07-17T06:51:56.023440","level":"info","event":"Tmp dir root location: /tmp","logger":"airflow.task.hooks.airflow.providers.standard.hooks.subprocess.SubprocessHook"}
{"timestamp":"2025-07-17T06:51:56.024460","level":"info","event":"Running command: ['/usr/bin/bash', '-c', 'wget https://github.com/DataTalksClub/nyc-tlc-data/releases/download/green/green_tripdata_2019-11.csv.gz -O /opt/airflow/green_tripdata_2019-11.csv.gz && gunzip -f /opt/airflow/green_tripdata_2019-11.csv.gz || rm -f /opt/airflow/green_tripdata_2019-11.csv.gz']","logger":"airflow.task.hooks.airflow.providers.standard.hooks.subprocess.SubprocessHook"}
{"timestamp":"2025-07-17T06:51:56.035742","level":"info","event":"Output:","logger":"airflow.task.hooks.airflow.providers.standard.hooks.subprocess.SubprocessHook"}
{"timestamp":"2025-07-17T06:51:56.041593","level":"info","event":"--2025-07-17 06:51:56--  https://github.com/DataTalksClub/nyc-tlc-data/releases/download/green/green_tripdata_2019-11.csv.gz","logger":"airflow.task.hooks.airflow.providers.standard.hooks.subprocess.SubprocessHook"}
{"timestamp":"2025-07-17T06:51:56.059278","level":"info","event":"Resolving github.com (github.com)... 20.205.243.166","logger":"airflow.task.hooks.airflow.providers.standard.hooks.subprocess.SubprocessHook"}
{"timestamp":"2025-07-17T06:51:56.067548","level":"info","event":"Connecting to github.com (github.com)|20.205.243.166|:443... connected.","logger":"airflow.task.hooks.airflow.providers.standard.hooks.subprocess.SubprocessHook"}
{"timestamp":"2025-07-17T06:51:56.391444","level":"info","event":"HTTP request sent, awaiting response... 302 Found","logger":"airflow.task.hooks.airflow.providers.standard.hooks.subprocess.SubprocessHook"}
{"timestamp":"2025-07-17T06:51:56.391619","level":"info","event":"Location: https://objects.githubusercontent.com/github-production-release-asset-2e65be/513814948/1144f907-aace-4091-a7e6-4f7023d6d140?X-Amz-Algorithm=AWS4-HMAC-SHA256&X-Amz-Credential=releaseassetproduction%2F20250717%2Fus-east-1%2Fs3%2Faws4_request&X-Amz-Date=20250717T065156Z&X-Amz-Expires=1800&X-Amz-Signature=fb3d83b5ff0471dabe4848409d91fe7f52d9069303855d9d41c318e7ce4f2a3e&X-Amz-SignedHeaders=host&response-content-disposition=attachment%3B%20filename%3Dgreen_tripdata_2019-11.csv.gz&response-content-type=application%2Foctet-stream [following]","logger":"airflow.task.hooks.airflow.providers.standard.hooks.subprocess.SubprocessHook"}
{"timestamp":"2025-07-17T06:51:56.391738","level":"info","event":"--2025-07-17 06:51:56--  https://objects.githubusercontent.com/github-production-release-asset-2e65be/513814948/1144f907-aace-4091-a7e6-4f7023d6d140?X-Amz-Algorithm=AWS4-HMAC-SHA256&X-Amz-Credential=releaseassetproduction%2F20250717%2Fus-east-1%2Fs3%2Faws4_request&X-Amz-Date=20250717T065156Z&X-Amz-Expires=1800&X-Amz-Signature=fb3d83b5ff0471dabe4848409d91fe7f52d9069303855d9d41c318e7ce4f2a3e&X-Amz-SignedHeaders=host&response-content-disposition=attachment%3B%20filename%3Dgreen_tripdata_2019-11.csv.gz&response-content-type=application%2Foctet-stream","logger":"airflow.task.hooks.airflow.providers.standard.hooks.subprocess.SubprocessHook"}
{"timestamp":"2025-07-17T06:51:56.396018","level":"info","event":"Resolving objects.githubusercontent.com (objects.githubusercontent.com)... 185.199.111.133, 185.199.108.133, 185.199.109.133, ...","logger":"airflow.task.hooks.airflow.providers.standard.hooks.subprocess.SubprocessHook"}
{"timestamp":"2025-07-17T06:51:56.403736","level":"info","event":"Connecting to objects.githubusercontent.com (objects.githubusercontent.com)|185.199.111.133|:443... connected.","logger":"airflow.task.hooks.airflow.providers.standard.hooks.subprocess.SubprocessHook"}
{"timestamp":"2025-07-17T06:51:57.624212","level":"info","event":"HTTP request sent, awaiting response... 200 OK","logger":"airflow.task.hooks.airflow.providers.standard.hooks.subprocess.SubprocessHook"}
{"timestamp":"2025-07-17T06:51:57.626339","level":"info","event":"Length: 7781029 (7.4M) [application/octet-stream]","logger":"airflow.task.hooks.airflow.providers.standard.hooks.subprocess.SubprocessHook"}
{"timestamp":"2025-07-17T06:51:57.626633","level":"info","event":"Saving to: ‘/opt/airflow/green_tripdata_2019-11.csv.gz’","logger":"airflow.task.hooks.airflow.providers.standard.hooks.subprocess.SubprocessHook"}
{"timestamp":"2025-07-17T06:51:57.627271","level":"info","event":"","logger":"airflow.task.hooks.airflow.providers.standard.hooks.subprocess.SubprocessHook"}
{"timestamp":"2025-07-17T06:51:57.627842","level":"info","event":"     0K .......... .......... .......... .......... ..........  0% 4.27M 2s","logger":"airflow.task.hooks.airflow.providers.standard.hooks.subprocess.SubprocessHook"}
{"timestamp":"2025-07-17T06:51:57.628088","level":"info","event":"    50K .......... .......... .......... .......... ..........  1% 16.6M 1s","logger":"airflow.task.hooks.airflow.providers.standard.hooks.subprocess.SubprocessHook"}
{"timestamp":"2025-07-17T06:51:57.630852","level":"info","event":"   100K .......... .......... .......... .......... ..........  1% 10.8M 1s","logger":"airflow.task.hooks.airflow.providers.standard.hooks.subprocess.SubprocessHook"}
{"timestamp":"2025-07-17T06:51:57.638327","level":"info","event":"   150K .......... .......... .......... .......... ..........  2% 7.40M 1s","logger":"airflow.task.hooks.airflow.providers.standard.hooks.subprocess.SubprocessHook"}
{"timestamp":"2025-07-17T06:51:57.638793","level":"info","event":"   200K .......... .......... .......... .......... ..........  3% 56.9M 1s","logger":"airflow.task.hooks.airflow.providers.standard.hooks.subprocess.SubprocessHook"}
{"timestamp":"2025-07-17T06:51:57.638944","level":"info","event":"   250K .......... .......... .......... .......... ..........  3% 67.7M 1s","logger":"airflow.task.hooks.airflow.providers.standard.hooks.subprocess.SubprocessHook"}
{"timestamp":"2025-07-17T06:51:57.640004","level":"info","event":"   300K .......... .......... .......... .......... ..........  4% 35.1M 1s","logger":"airflow.task.hooks.airflow.providers.standard.hooks.subprocess.SubprocessHook"}
{"timestamp":"2025-07-17T06:51:57.655180","level":"info","event":"   350K .......... .......... .......... .......... ..........  5% 3.85M 1s","logger":"airflow.task.hooks.airflow.providers.standard.hooks.subprocess.SubprocessHook"}
{"timestamp":"2025-07-17T06:51:57.655297","level":"info","event":"   400K .......... .......... .......... .......... ..........  5%  177M 1s","logger":"airflow.task.hooks.airflow.providers.standard.hooks.subprocess.SubprocessHook"}
{"timestamp":"2025-07-17T06:51:57.655408","level":"info","event":"   450K .......... .......... .......... .......... ..........  6%  110M 1s","logger":"airflow.task.hooks.airflow.providers.standard.hooks.subprocess.SubprocessHook"}
{"timestamp":"2025-07-17T06:51:57.655456","level":"info","event":"   500K .......... .......... .......... .......... ..........  7%  148M 1s","logger":"airflow.task.hooks.airflow.providers.standard.hooks.subprocess.SubprocessHook"}
{"timestamp":"2025-07-17T06:51:57.655482","level":"info","event":"   550K .......... .......... .......... .......... ..........  7%  176M 0s","logger":"airflow.task.hooks.airflow.providers.standard.hooks.subprocess.SubprocessHook"}
{"timestamp":"2025-07-17T06:51:57.655504","level":"info","event":"   600K .......... .......... .......... .......... ..........  8%  173M 0s","logger":"airflow.task.hooks.airflow.providers.standard.hooks.subprocess.SubprocessHook"}
{"timestamp":"2025-07-17T06:51:57.655540","level":"info","event":"   650K .......... .......... .......... .......... ..........  9%  199M 0s","logger":"airflow.task.hooks.airflow.providers.standard.hooks.subprocess.SubprocessHook"}
{"timestamp":"2025-07-17T06:51:57.655568","level":"info","event":"   700K .......... .......... .......... .......... ..........  9%  109M 0s","logger":"airflow.task.hooks.airflow.providers.standard.hooks.subprocess.SubprocessHook"}
{"timestamp":"2025-07-17T06:51:57.660926","level":"info","event":"   750K .......... .......... .......... .......... .......... 10% 9.94M 0s","logger":"airflow.task.hooks.airflow.providers.standard.hooks.subprocess.SubprocessHook"}
{"timestamp":"2025-07-17T06:51:57.663229","level":"info","event":"   800K .......... .......... .......... .......... .......... 11% 26.6M 0s","logger":"airflow.task.hooks.airflow.providers.standard.hooks.subprocess.SubprocessHook"}
{"timestamp":"2025-07-17T06:51:57.672414","level":"info","event":"   850K .......... .......... .......... .......... .......... 11% 6.18M 0s","logger":"airflow.task.hooks.airflow.providers.standard.hooks.subprocess.SubprocessHook"}
{"timestamp":"2025-07-17T06:51:57.683055","level":"info","event":"   900K .......... .......... .......... .......... .......... 12% 4.02M 0s","logger":"airflow.task.hooks.airflow.providers.standard.hooks.subprocess.SubprocessHook"}
{"timestamp":"2025-07-17T06:51:57.688606","level":"info","event":"   950K .......... .......... .......... .......... .......... 13% 9.46M 0s","logger":"airflow.task.hooks.airflow.providers.standard.hooks.subprocess.SubprocessHook"}
{"timestamp":"2025-07-17T06:51:57.692893","level":"info","event":"  1000K .......... .......... .......... .......... .......... 13% 14.8M 0s","logger":"airflow.task.hooks.airflow.providers.standard.hooks.subprocess.SubprocessHook"}
{"timestamp":"2025-07-17T06:51:57.697506","level":"info","event":"  1050K .......... .......... .......... .......... .......... 14% 7.88M 1s","logger":"airflow.task.hooks.airflow.providers.standard.hooks.subprocess.SubprocessHook"}
{"timestamp":"2025-07-17T06:51:57.711975","level":"info","event":"  1100K .......... .......... .......... .......... .......... 15% 3.83M 1s","logger":"airflow.task.hooks.airflow.providers.standard.hooks.subprocess.SubprocessHook"}
{"timestamp":"2025-07-17T06:51:57.713849","level":"info","event":"  1150K .......... .......... .......... .......... .......... 15% 31.0M 1s","logger":"airflow.task.hooks.airflow.providers.standard.hooks.subprocess.SubprocessHook"}
{"timestamp":"2025-07-17T06:51:57.716223","level":"info","event":"  1200K .......... .......... .......... .......... .......... 16% 9.37M 1s","logger":"airflow.task.hooks.airflow.providers.standard.hooks.subprocess.SubprocessHook"}
{"timestamp":"2025-07-17T06:51:57.716420","level":"info","event":"  1250K .......... .......... .......... .......... .......... 17%  105M 1s","logger":"airflow.task.hooks.airflow.providers.standard.hooks.subprocess.SubprocessHook"}
{"timestamp":"2025-07-17T06:51:57.717109","level":"info","event":"  1300K .......... .......... .......... .......... .......... 17%  211M 0s","logger":"airflow.task.hooks.airflow.providers.standard.hooks.subprocess.SubprocessHook"}
{"timestamp":"2025-07-17T06:51:57.717303","level":"info","event":"  1350K .......... .......... .......... .......... .......... 18%  185M 0s","logger":"airflow.task.hooks.airflow.providers.standard.hooks.subprocess.SubprocessHook"}
{"timestamp":"2025-07-17T06:51:57.717979","level":"info","event":"  1400K .......... .......... .......... .......... .......... 19% 62.7M 0s","logger":"airflow.task.hooks.airflow.providers.standard.hooks.subprocess.SubprocessHook"}
{"timestamp":"2025-07-17T06:51:57.721026","level":"info","event":"  1450K .......... .......... .......... .......... .......... 19% 22.1M 0s","logger":"airflow.task.hooks.airflow.providers.standard.hooks.subprocess.SubprocessHook"}
{"timestamp":"2025-07-17T06:51:57.722294","level":"info","event":"  1500K .......... .......... .......... .......... .......... 20% 34.8M 0s","logger":"airflow.task.hooks.airflow.providers.standard.hooks.subprocess.SubprocessHook"}
{"timestamp":"2025-07-17T06:51:57.722464","level":"info","event":"  1550K .......... .......... .......... .......... .......... 21% 89.6M 0s","logger":"airflow.task.hooks.airflow.providers.standard.hooks.subprocess.SubprocessHook"}
{"timestamp":"2025-07-17T06:51:57.722532","level":"info","event":"  1600K .......... .......... .......... .......... .......... 21% 96.8M 0s","logger":"airflow.task.hooks.airflow.providers.standard.hooks.subprocess.SubprocessHook"}
{"timestamp":"2025-07-17T06:51:57.723437","level":"info","event":"  1650K .......... .......... .......... .......... .......... 22%  148M 0s","logger":"airflow.task.hooks.airflow.providers.standard.hooks.subprocess.SubprocessHook"}
{"timestamp":"2025-07-17T06:51:57.723550","level":"info","event":"  1700K .......... .......... .......... .......... .......... 23%  135M 0s","logger":"airflow.task.hooks.airflow.providers.standard.hooks.subprocess.SubprocessHook"}
{"timestamp":"2025-07-17T06:51:57.730681","level":"info","event":"  1750K .......... .......... .......... .......... .......... 23% 8.65M 0s","logger":"airflow.task.hooks.airflow.providers.standard.hooks.subprocess.SubprocessHook"}
{"timestamp":"2025-07-17T06:51:57.732230","level":"info","event":"  1800K .......... .......... .......... .......... .......... 24% 24.7M 0s","logger":"airflow.task.hooks.airflow.providers.standard.hooks.subprocess.SubprocessHook"}
{"timestamp":"2025-07-17T06:51:57.733102","level":"info","event":"  1850K .......... .......... .......... .......... .......... 25% 41.3M 0s","logger":"airflow.task.hooks.airflow.providers.standard.hooks.subprocess.SubprocessHook"}
{"timestamp":"2025-07-17T06:51:57.734439","level":"info","event":"  1900K .......... .......... .......... .......... .......... 25% 27.7M 0s","logger":"airflow.task.hooks.airflow.providers.standard.hooks.subprocess.SubprocessHook"}
{"timestamp":"2025-07-17T06:51:57.735286","level":"info","event":"  1950K .......... .......... .......... .......... .......... 26% 33.4M 0s","logger":"airflow.task.hooks.airflow.providers.standard.hooks.subprocess.SubprocessHook"}
{"timestamp":"2025-07-17T06:51:57.736849","level":"info","event":"  2000K .......... .......... .......... .......... .......... 26% 34.7M 0s","logger":"airflow.task.hooks.airflow.providers.standard.hooks.subprocess.SubprocessHook"}
{"timestamp":"2025-07-17T06:51:57.737445","level":"info","event":"  2050K .......... .......... .......... .......... .......... 27% 71.3M 0s","logger":"airflow.task.hooks.airflow.providers.standard.hooks.subprocess.SubprocessHook"}
{"timestamp":"2025-07-17T06:51:57.738245","level":"info","event":"  2100K .......... .......... .......... .......... .......... 28%  109M 0s","logger":"airflow.task.hooks.airflow.providers.standard.hooks.subprocess.SubprocessHook"}
{"timestamp":"2025-07-17T06:51:57.740797","level":"info","event":"  2150K .......... .......... .......... .......... .......... 28% 21.6M 0s","logger":"airflow.task.hooks.airflow.providers.standard.hooks.subprocess.SubprocessHook"}
{"timestamp":"2025-07-17T06:51:57.741008","level":"info","event":"  2200K .......... .......... .......... .......... .......... 29% 87.4M 0s","logger":"airflow.task.hooks.airflow.providers.standard.hooks.subprocess.SubprocessHook"}
{"timestamp":"2025-07-17T06:51:57.741079","level":"info","event":"  2250K .......... .......... .......... .......... .......... 30%  241M 0s","logger":"airflow.task.hooks.airflow.providers.standard.hooks.subprocess.SubprocessHook"}
{"timestamp":"2025-07-17T06:51:57.744110","level":"info","event":"  2300K .......... .......... .......... .......... .......... 30% 17.3M 0s","logger":"airflow.task.hooks.airflow.providers.standard.hooks.subprocess.SubprocessHook"}
{"timestamp":"2025-07-17T06:51:57.746532","level":"info","event":"  2350K .......... .......... .......... .......... .......... 31% 23.2M 0s","logger":"airflow.task.hooks.airflow.providers.standard.hooks.subprocess.SubprocessHook"}
{"timestamp":"2025-07-17T06:51:57.746617","level":"info","event":"  2400K .......... .......... .......... .......... .......... 32% 79.0M 0s","logger":"airflow.task.hooks.airflow.providers.standard.hooks.subprocess.SubprocessHook"}
{"timestamp":"2025-07-17T06:51:57.750018","level":"info","event":"  2450K .......... .......... .......... .......... .......... 32% 55.1M 0s","logger":"airflow.task.hooks.airflow.providers.standard.hooks.subprocess.SubprocessHook"}
{"timestamp":"2025-07-17T06:51:57.750165","level":"info","event":"  2500K .......... .......... .......... .......... .......... 33% 46.3M 0s","logger":"airflow.task.hooks.airflow.providers.standard.hooks.subprocess.SubprocessHook"}
{"timestamp":"2025-07-17T06:51:57.751307","level":"info","event":"  2550K .......... .......... .......... .......... .......... 34% 97.9M 0s","logger":"airflow.task.hooks.airflow.providers.standard.hooks.subprocess.SubprocessHook"}
{"timestamp":"2025-07-17T06:51:57.751413","level":"info","event":"  2600K .......... .......... .......... .......... .......... 34% 19.4M 0s","logger":"airflow.task.hooks.airflow.providers.standard.hooks.subprocess.SubprocessHook"}
{"timestamp":"2025-07-17T06:51:57.751477","level":"info","event":"  2650K .......... .......... .......... .......... .......... 35%  153M 0s","logger":"airflow.task.hooks.airflow.providers.standard.hooks.subprocess.SubprocessHook"}
{"timestamp":"2025-07-17T06:51:57.751763","level":"info","event":"  2700K .......... .......... .......... .......... .......... 36%  130M 0s","logger":"airflow.task.hooks.airflow.providers.standard.hooks.subprocess.SubprocessHook"}
{"timestamp":"2025-07-17T06:51:57.752149","level":"info","event":"  2750K .......... .......... .......... .......... .......... 36%  156M 0s","logger":"airflow.task.hooks.airflow.providers.standard.hooks.subprocess.SubprocessHook"}
{"timestamp":"2025-07-17T06:51:57.756219","level":"info","event":"  2800K .......... .......... .......... .......... .......... 37% 16.5M 0s","logger":"airflow.task.hooks.airflow.providers.standard.hooks.subprocess.SubprocessHook"}
{"timestamp":"2025-07-17T06:51:57.763922","level":"info","event":"  2850K .......... .......... .......... .......... .......... 38% 6.36M 0s","logger":"airflow.task.hooks.airflow.providers.standard.hooks.subprocess.SubprocessHook"}
{"timestamp":"2025-07-17T06:51:57.764004","level":"info","event":"  2900K .......... .......... .......... .......... .......... 38%  152M 0s","logger":"airflow.task.hooks.airflow.providers.standard.hooks.subprocess.SubprocessHook"}
{"timestamp":"2025-07-17T06:51:57.768738","level":"info","event":"  2950K .......... .......... .......... .......... .......... 39% 9.40M 0s","logger":"airflow.task.hooks.airflow.providers.standard.hooks.subprocess.SubprocessHook"}
{"timestamp":"2025-07-17T06:51:57.771456","level":"info","event":"  3000K .......... .......... .......... .......... .......... 40% 18.1M 0s","logger":"airflow.task.hooks.airflow.providers.standard.hooks.subprocess.SubprocessHook"}
{"timestamp":"2025-07-17T06:51:57.774279","level":"info","event":"  3050K .......... .......... .......... .......... .......... 40% 27.1M 0s","logger":"airflow.task.hooks.airflow.providers.standard.hooks.subprocess.SubprocessHook"}
{"timestamp":"2025-07-17T06:51:57.774401","level":"info","event":"  3100K .......... .......... .......... .......... .......... 41%  126M 0s","logger":"airflow.task.hooks.airflow.providers.standard.hooks.subprocess.SubprocessHook"}
{"timestamp":"2025-07-17T06:51:57.774460","level":"info","event":"  3150K .......... .......... .......... .......... .......... 42%  159M 0s","logger":"airflow.task.hooks.airflow.providers.standard.hooks.subprocess.SubprocessHook"}
{"timestamp":"2025-07-17T06:51:57.774510","level":"info","event":"  3200K .......... .......... .......... .......... .......... 42%  143M 0s","logger":"airflow.task.hooks.airflow.providers.standard.hooks.subprocess.SubprocessHook"}
{"timestamp":"2025-07-17T06:51:57.774566","level":"info","event":"  3250K .......... .......... .......... .......... .......... 43%  152M 0s","logger":"airflow.task.hooks.airflow.providers.standard.hooks.subprocess.SubprocessHook"}
{"timestamp":"2025-07-17T06:51:57.774632","level":"info","event":"  3300K .......... .......... .......... .......... .......... 44%  119M 0s","logger":"airflow.task.hooks.airflow.providers.standard.hooks.subprocess.SubprocessHook"}
{"timestamp":"2025-07-17T06:51:57.774963","level":"info","event":"  3350K .......... .......... .......... .......... .......... 44%  152M 0s","logger":"airflow.task.hooks.airflow.providers.standard.hooks.subprocess.SubprocessHook"}
{"timestamp":"2025-07-17T06:51:57.775957","level":"info","event":"  3400K .......... .......... .......... .......... .......... 45%  146M 0s","logger":"airflow.task.hooks.airflow.providers.standard.hooks.subprocess.SubprocessHook"}
{"timestamp":"2025-07-17T06:51:57.775991","level":"info","event":"  3450K .......... .......... .......... .......... .......... 46%  128M 0s","logger":"airflow.task.hooks.airflow.providers.standard.hooks.subprocess.SubprocessHook"}
{"timestamp":"2025-07-17T06:51:57.777826","level":"info","event":"  3500K .......... .......... .......... .......... .......... 46% 46.2M 0s","logger":"airflow.task.hooks.airflow.providers.standard.hooks.subprocess.SubprocessHook"}
{"timestamp":"2025-07-17T06:51:57.782486","level":"info","event":"  3550K .......... .......... .......... .......... .......... 47% 9.76M 0s","logger":"airflow.task.hooks.airflow.providers.standard.hooks.subprocess.SubprocessHook"}
{"timestamp":"2025-07-17T06:51:57.782590","level":"info","event":"  3600K .......... .......... .......... .......... .......... 48% 75.4M 0s","logger":"airflow.task.hooks.airflow.providers.standard.hooks.subprocess.SubprocessHook"}
{"timestamp":"2025-07-17T06:51:57.784649","level":"info","event":"  3650K .......... .......... .......... .......... .......... 48% 44.9M 0s","logger":"airflow.task.hooks.airflow.providers.standard.hooks.subprocess.SubprocessHook"}
{"timestamp":"2025-07-17T06:51:57.785927","level":"info","event":"  3700K .......... .......... .......... .......... .......... 49%  166M 0s","logger":"airflow.task.hooks.airflow.providers.standard.hooks.subprocess.SubprocessHook"}
{"timestamp":"2025-07-17T06:51:57.786029","level":"info","event":"  3750K .......... .......... .......... .......... .......... 50%  169M 0s","logger":"airflow.task.hooks.airflow.providers.standard.hooks.subprocess.SubprocessHook"}
{"timestamp":"2025-07-17T06:51:57.786078","level":"info","event":"  3800K .......... .......... .......... .......... .......... 50%  181M 0s","logger":"airflow.task.hooks.airflow.providers.standard.hooks.subprocess.SubprocessHook"}
{"timestamp":"2025-07-17T06:51:57.786130","level":"info","event":"  3850K .......... .......... .......... .......... .......... 51%  161M 0s","logger":"airflow.task.hooks.airflow.providers.standard.hooks.subprocess.SubprocessHook"}
{"timestamp":"2025-07-17T06:51:57.790199","level":"info","event":"  3900K .......... .......... .......... .......... .......... 51% 9.84M 0s","logger":"airflow.task.hooks.airflow.providers.standard.hooks.subprocess.SubprocessHook"}
{"timestamp":"2025-07-17T06:51:57.790353","level":"info","event":"  3950K .......... .......... .......... .......... .......... 52% 69.0M 0s","logger":"airflow.task.hooks.airflow.providers.standard.hooks.subprocess.SubprocessHook"}
{"timestamp":"2025-07-17T06:51:57.798735","level":"info","event":"  4000K .......... .......... .......... .......... .......... 53% 12.3M 0s","logger":"airflow.task.hooks.airflow.providers.standard.hooks.subprocess.SubprocessHook"}
{"timestamp":"2025-07-17T06:51:57.798832","level":"info","event":"  4050K .......... .......... .......... .......... .......... 53% 48.3M 0s","logger":"airflow.task.hooks.airflow.providers.standard.hooks.subprocess.SubprocessHook"}
{"timestamp":"2025-07-17T06:51:57.798893","level":"info","event":"  4100K .......... .......... .......... .......... .......... 54% 59.1M 0s","logger":"airflow.task.hooks.airflow.providers.standard.hooks.subprocess.SubprocessHook"}
{"timestamp":"2025-07-17T06:51:57.798941","level":"info","event":"  4150K .......... .......... .......... .......... .......... 55% 35.4M 0s","logger":"airflow.task.hooks.airflow.providers.standard.hooks.subprocess.SubprocessHook"}
{"timestamp":"2025-07-17T06:51:57.798965","level":"info","event":"  4200K .......... .......... .......... .......... .......... 55% 42.2M 0s","logger":"airflow.task.hooks.airflow.providers.standard.hooks.subprocess.SubprocessHook"}
{"timestamp":"2025-07-17T06:51:57.804940","level":"info","event":"  4250K .......... .......... .......... .......... .......... 56% 8.90M 0s","logger":"airflow.task.hooks.airflow.providers.standard.hooks.subprocess.SubprocessHook"}
{"timestamp":"2025-07-17T06:51:57.809148","level":"info","event":"  4300K .......... .......... .......... .......... .......... 57% 11.2M 0s","logger":"airflow.task.hooks.airflow.providers.standard.hooks.subprocess.SubprocessHook"}
{"timestamp":"2025-07-17T06:51:57.809279","level":"info","event":"  4350K .......... .......... .......... .......... .......... 57%  132M 0s","logger":"airflow.task.hooks.airflow.providers.standard.hooks.subprocess.SubprocessHook"}
{"timestamp":"2025-07-17T06:51:57.810916","level":"info","event":"  4400K .......... .......... .......... .......... .......... 58% 23.3M 0s","logger":"airflow.task.hooks.airflow.providers.standard.hooks.subprocess.SubprocessHook"}
{"timestamp":"2025-07-17T06:51:57.812884","level":"info","event":"  4450K .......... .......... .......... .......... .......... 59% 33.6M 0s","logger":"airflow.task.hooks.airflow.providers.standard.hooks.subprocess.SubprocessHook"}
{"timestamp":"2025-07-17T06:51:57.812979","level":"info","event":"  4500K .......... .......... .......... .......... .......... 59%  129M 0s","logger":"airflow.task.hooks.airflow.providers.standard.hooks.subprocess.SubprocessHook"}
{"timestamp":"2025-07-17T06:51:57.813720","level":"info","event":"  4550K .......... .......... .......... .......... .......... 60% 83.3M 0s","logger":"airflow.task.hooks.airflow.providers.standard.hooks.subprocess.SubprocessHook"}
{"timestamp":"2025-07-17T06:51:57.815909","level":"info","event":"  4600K .......... .......... .......... .......... .......... 61% 92.9M 0s","logger":"airflow.task.hooks.airflow.providers.standard.hooks.subprocess.SubprocessHook"}
{"timestamp":"2025-07-17T06:51:57.815978","level":"info","event":"  4650K .......... .......... .......... .......... .......... 61%  146M 0s","logger":"airflow.task.hooks.airflow.providers.standard.hooks.subprocess.SubprocessHook"}
{"timestamp":"2025-07-17T06:51:57.816003","level":"info","event":"  4700K .......... .......... .......... .......... .......... 62%  137M 0s","logger":"airflow.task.hooks.airflow.providers.standard.hooks.subprocess.SubprocessHook"}
{"timestamp":"2025-07-17T06:51:57.816023","level":"info","event":"  4750K .......... .......... .......... .......... .......... 63%  179M 0s","logger":"airflow.task.hooks.airflow.providers.standard.hooks.subprocess.SubprocessHook"}
{"timestamp":"2025-07-17T06:51:57.816042","level":"info","event":"  4800K .......... .......... .......... .......... .......... 63%  182M 0s","logger":"airflow.task.hooks.airflow.providers.standard.hooks.subprocess.SubprocessHook"}
{"timestamp":"2025-07-17T06:51:57.818337","level":"info","event":"  4850K .......... .......... .......... .......... .......... 64%  155M 0s","logger":"airflow.task.hooks.airflow.providers.standard.hooks.subprocess.SubprocessHook"}
{"timestamp":"2025-07-17T06:51:57.818892","level":"info","event":"  4900K .......... .......... .......... .......... .......... 65%  197M 0s","logger":"airflow.task.hooks.airflow.providers.standard.hooks.subprocess.SubprocessHook"}
{"timestamp":"2025-07-17T06:51:57.824784","level":"info","event":"  4950K .......... .......... .......... .......... .......... 65% 32.4M 0s","logger":"airflow.task.hooks.airflow.providers.standard.hooks.subprocess.SubprocessHook"}
{"timestamp":"2025-07-17T06:51:57.824908","level":"info","event":"  5000K .......... .......... .......... .......... .......... 66% 36.1M 0s","logger":"airflow.task.hooks.airflow.providers.standard.hooks.subprocess.SubprocessHook"}
{"timestamp":"2025-07-17T06:51:57.824945","level":"info","event":"  5050K .......... .......... .......... .......... .......... 67% 32.0M 0s","logger":"airflow.task.hooks.airflow.providers.standard.hooks.subprocess.SubprocessHook"}
{"timestamp":"2025-07-17T06:51:57.825002","level":"info","event":"  5100K .......... .......... .......... .......... .......... 67% 36.7M 0s","logger":"airflow.task.hooks.airflow.providers.standard.hooks.subprocess.SubprocessHook"}
{"timestamp":"2025-07-17T06:51:57.825045","level":"info","event":"  5150K .......... .......... .......... .......... .......... 68%  120M 0s","logger":"airflow.task.hooks.airflow.providers.standard.hooks.subprocess.SubprocessHook"}
{"timestamp":"2025-07-17T06:51:57.825090","level":"info","event":"  5200K .......... .......... .......... .......... .......... 69% 47.1M 0s","logger":"airflow.task.hooks.airflow.providers.standard.hooks.subprocess.SubprocessHook"}
{"timestamp":"2025-07-17T06:51:57.825146","level":"info","event":"  5250K .......... .......... .......... .......... .......... 69%  179M 0s","logger":"airflow.task.hooks.airflow.providers.standard.hooks.subprocess.SubprocessHook"}
{"timestamp":"2025-07-17T06:51:57.825199","level":"info","event":"  5300K .......... .......... .......... .......... .......... 70% 47.7M 0s","logger":"airflow.task.hooks.airflow.providers.standard.hooks.subprocess.SubprocessHook"}
{"timestamp":"2025-07-17T06:51:57.825241","level":"info","event":"  5350K .......... .......... .......... .......... .......... 71%  163M 0s","logger":"airflow.task.hooks.airflow.providers.standard.hooks.subprocess.SubprocessHook"}
{"timestamp":"2025-07-17T06:51:57.825288","level":"info","event":"  5400K .......... .......... .......... .......... .......... 71%  163M 0s","logger":"airflow.task.hooks.airflow.providers.standard.hooks.subprocess.SubprocessHook"}
{"timestamp":"2025-07-17T06:51:57.825333","level":"info","event":"  5450K .......... .......... .......... .......... .......... 72%  178M 0s","logger":"airflow.task.hooks.airflow.providers.standard.hooks.subprocess.SubprocessHook"}
{"timestamp":"2025-07-17T06:51:57.826013","level":"info","event":"  5500K .......... .......... .......... .......... .......... 73%  155M 0s","logger":"airflow.task.hooks.airflow.providers.standard.hooks.subprocess.SubprocessHook"}
{"timestamp":"2025-07-17T06:51:57.827602","level":"info","event":"  5550K .......... .......... .......... .......... .......... 73% 28.3M 0s","logger":"airflow.task.hooks.airflow.providers.standard.hooks.subprocess.SubprocessHook"}
{"timestamp":"2025-07-17T06:51:57.827660","level":"info","event":"  5600K .......... .......... .......... .......... .......... 74%  148M 0s","logger":"airflow.task.hooks.airflow.providers.standard.hooks.subprocess.SubprocessHook"}
{"timestamp":"2025-07-17T06:51:57.829617","level":"info","event":"  5650K .......... .......... .......... .......... .......... 75% 82.9M 0s","logger":"airflow.task.hooks.airflow.providers.standard.hooks.subprocess.SubprocessHook"}
{"timestamp":"2025-07-17T06:51:57.830155","level":"info","event":"  5700K .......... .......... .......... .......... .......... 75%  131M 0s","logger":"airflow.task.hooks.airflow.providers.standard.hooks.subprocess.SubprocessHook"}
{"timestamp":"2025-07-17T06:51:57.830219","level":"info","event":"  5750K .......... .......... .......... .......... .......... 76%  165M 0s","logger":"airflow.task.hooks.airflow.providers.standard.hooks.subprocess.SubprocessHook"}
{"timestamp":"2025-07-17T06:51:57.830251","level":"info","event":"  5800K .......... .......... .......... .......... .......... 76% 82.6M 0s","logger":"airflow.task.hooks.airflow.providers.standard.hooks.subprocess.SubprocessHook"}
{"timestamp":"2025-07-17T06:51:57.830307","level":"info","event":"  5850K .......... .......... .......... .......... .......... 77%  167M 0s","logger":"airflow.task.hooks.airflow.providers.standard.hooks.subprocess.SubprocessHook"}
{"timestamp":"2025-07-17T06:51:57.830352","level":"info","event":"  5900K .......... .......... .......... .......... .......... 78%  130M 0s","logger":"airflow.task.hooks.airflow.providers.standard.hooks.subprocess.SubprocessHook"}
{"timestamp":"2025-07-17T06:51:57.830403","level":"info","event":"  5950K .......... .......... .......... .......... .......... 78% 89.0M 0s","logger":"airflow.task.hooks.airflow.providers.standard.hooks.subprocess.SubprocessHook"}
{"timestamp":"2025-07-17T06:51:57.831721","level":"info","event":"  6000K .......... .......... .......... .......... .......... 79%  160M 0s","logger":"airflow.task.hooks.airflow.providers.standard.hooks.subprocess.SubprocessHook"}
{"timestamp":"2025-07-17T06:51:57.833819","level":"info","event":"  6050K .......... .......... .......... .......... .......... 80% 23.3M 0s","logger":"airflow.task.hooks.airflow.providers.standard.hooks.subprocess.SubprocessHook"}
{"timestamp":"2025-07-17T06:51:57.834636","level":"info","event":"  6100K .......... .......... .......... .......... .......... 80% 33.7M 0s","logger":"airflow.task.hooks.airflow.providers.standard.hooks.subprocess.SubprocessHook"}
{"timestamp":"2025-07-17T06:51:57.836416","level":"info","event":"  6150K .......... .......... .......... .......... .......... 81% 70.2M 0s","logger":"airflow.task.hooks.airflow.providers.standard.hooks.subprocess.SubprocessHook"}
{"timestamp":"2025-07-17T06:51:57.836486","level":"info","event":"  6200K .......... .......... .......... .......... .......... 82%  176M 0s","logger":"airflow.task.hooks.airflow.providers.standard.hooks.subprocess.SubprocessHook"}
{"timestamp":"2025-07-17T06:51:57.837022","level":"info","event":"  6250K .......... .......... .......... .......... .......... 82% 26.9M 0s","logger":"airflow.task.hooks.airflow.providers.standard.hooks.subprocess.SubprocessHook"}
{"timestamp":"2025-07-17T06:51:57.837530","level":"info","event":"  6300K .......... .......... .......... .......... .......... 83%  128M 0s","logger":"airflow.task.hooks.airflow.providers.standard.hooks.subprocess.SubprocessHook"}
{"timestamp":"2025-07-17T06:51:57.841442","level":"info","event":"  6350K .......... .......... .......... .......... .......... 84% 13.8M 0s","logger":"airflow.task.hooks.airflow.providers.standard.hooks.subprocess.SubprocessHook"}
{"timestamp":"2025-07-17T06:51:57.842677","level":"info","event":"  6400K .......... .......... .......... .......... .......... 84% 46.4M 0s","logger":"airflow.task.hooks.airflow.providers.standard.hooks.subprocess.SubprocessHook"}
{"timestamp":"2025-07-17T06:51:57.845813","level":"info","event":"  6450K .......... .......... .......... .......... .......... 85% 21.4M 0s","logger":"airflow.task.hooks.airflow.providers.standard.hooks.subprocess.SubprocessHook"}
{"timestamp":"2025-07-17T06:51:57.847534","level":"info","event":"  6500K .......... .......... .......... .......... .......... 86% 15.6M 0s","logger":"airflow.task.hooks.airflow.providers.standard.hooks.subprocess.SubprocessHook"}
{"timestamp":"2025-07-17T06:51:57.847663","level":"info","event":"  6550K .......... .......... .......... .......... .......... 86%  182M 0s","logger":"airflow.task.hooks.airflow.providers.standard.hooks.subprocess.SubprocessHook"}
{"timestamp":"2025-07-17T06:51:57.848050","level":"info","event":"  6600K .......... .......... .......... .......... .......... 87%  154M 0s","logger":"airflow.task.hooks.airflow.providers.standard.hooks.subprocess.SubprocessHook"}
{"timestamp":"2025-07-17T06:51:57.848390","level":"info","event":"  6650K .......... .......... .......... .......... .......... 88%  135M 0s","logger":"airflow.task.hooks.airflow.providers.standard.hooks.subprocess.SubprocessHook"}
{"timestamp":"2025-07-17T06:51:57.855367","level":"info","event":"  6700K .......... .......... .......... .......... .......... 88% 7.28M 0s","logger":"airflow.task.hooks.airflow.providers.standard.hooks.subprocess.SubprocessHook"}
{"timestamp":"2025-07-17T06:51:57.855858","level":"info","event":"  6750K .......... .......... .......... .......... .......... 89% 63.9M 0s","logger":"airflow.task.hooks.airflow.providers.standard.hooks.subprocess.SubprocessHook"}
{"timestamp":"2025-07-17T06:51:57.857174","level":"info","event":"  6800K .......... .......... .......... .......... .......... 90% 41.9M 0s","logger":"airflow.task.hooks.airflow.providers.standard.hooks.subprocess.SubprocessHook"}
{"timestamp":"2025-07-17T06:51:57.858094","level":"info","event":"  6850K .......... .......... .......... .......... .......... 90% 55.1M 0s","logger":"airflow.task.hooks.airflow.providers.standard.hooks.subprocess.SubprocessHook"}
{"timestamp":"2025-07-17T06:51:57.859282","level":"info","event":"  6900K .......... .......... .......... .......... .......... 91% 35.9M 0s","logger":"airflow.task.hooks.airflow.providers.standard.hooks.subprocess.SubprocessHook"}
{"timestamp":"2025-07-17T06:51:57.859668","level":"info","event":"  6950K .......... .......... .......... .......... .......... 92%  149M 0s","logger":"airflow.task.hooks.airflow.providers.standard.hooks.subprocess.SubprocessHook"}
{"timestamp":"2025-07-17T06:51:57.859941","level":"info","event":"  7000K .......... .......... .......... .......... .......... 92%  137M 0s","logger":"airflow.task.hooks.airflow.providers.standard.hooks.subprocess.SubprocessHook"}
{"timestamp":"2025-07-17T06:51:57.860474","level":"info","event":"  7050K .......... .......... .......... .......... .......... 93%  125M 0s","logger":"airflow.task.hooks.airflow.providers.standard.hooks.subprocess.SubprocessHook"}
{"timestamp":"2025-07-17T06:51:57.861466","level":"info","event":"  7100K .......... .......... .......... .......... .......... 94% 42.9M 0s","logger":"airflow.task.hooks.airflow.providers.standard.hooks.subprocess.SubprocessHook"}
{"timestamp":"2025-07-17T06:51:57.869424","level":"info","event":"  7150K .......... .......... .......... .......... .......... 94% 6.51M 0s","logger":"airflow.task.hooks.airflow.providers.standard.hooks.subprocess.SubprocessHook"}
{"timestamp":"2025-07-17T06:51:57.870208","level":"info","event":"  7200K .......... .......... .......... .......... .......... 95% 38.3M 0s","logger":"airflow.task.hooks.airflow.providers.standard.hooks.subprocess.SubprocessHook"}
{"timestamp":"2025-07-17T06:51:57.870596","level":"info","event":"  7250K .......... .......... .......... .......... .......... 96%  120M 0s","logger":"airflow.task.hooks.airflow.providers.standard.hooks.subprocess.SubprocessHook"}
{"timestamp":"2025-07-17T06:51:57.871079","level":"info","event":"  7300K .......... .......... .......... .......... .......... 96%  122M 0s","logger":"airflow.task.hooks.airflow.providers.standard.hooks.subprocess.SubprocessHook"}
{"timestamp":"2025-07-17T06:51:57.871557","level":"info","event":"  7350K .......... .......... .......... .......... .......... 97% 83.2M 0s","logger":"airflow.task.hooks.airflow.providers.standard.hooks.subprocess.SubprocessHook"}
{"timestamp":"2025-07-17T06:51:57.872314","level":"info","event":"  7400K .......... .......... .......... .......... .......... 98%  166M 0s","logger":"airflow.task.hooks.airflow.providers.standard.hooks.subprocess.SubprocessHook"}
{"timestamp":"2025-07-17T06:51:57.872883","level":"info","event":"  7450K .......... .......... .......... .......... .......... 98% 56.5M 0s","logger":"airflow.task.hooks.airflow.providers.standard.hooks.subprocess.SubprocessHook"}
{"timestamp":"2025-07-17T06:51:57.874338","level":"info","event":"  7500K .......... .......... .......... .......... .......... 99% 37.6M 0s","logger":"airflow.task.hooks.airflow.providers.standard.hooks.subprocess.SubprocessHook"}
{"timestamp":"2025-07-17T06:51:57.874663","level":"info","event":"  7550K .......... .......... .......... .......... ........  100% 93.1M=0.3s","logger":"airflow.task.hooks.airflow.providers.standard.hooks.subprocess.SubprocessHook"}
{"timestamp":"2025-07-17T06:51:57.874908","level":"info","event":"","logger":"airflow.task.hooks.airflow.providers.standard.hooks.subprocess.SubprocessHook"}
{"timestamp":"2025-07-17T06:51:57.875084","level":"info","event":"2025-07-17 06:51:57 (28.2 MB/s) - ‘/opt/airflow/green_tripdata_2019-11.csv.gz’ saved [7781029/7781029]","logger":"airflow.task.hooks.airflow.providers.standard.hooks.subprocess.SubprocessHook"}
{"timestamp":"2025-07-17T06:51:57.875420","level":"info","event":"","logger":"airflow.task.hooks.airflow.providers.standard.hooks.subprocess.SubprocessHook"}
{"timestamp":"2025-07-17T06:51:58.395096","level":"info","event":"Command exited with return code 0","logger":"airflow.task.hooks.airflow.providers.standard.hooks.subprocess.SubprocessHook"}
{"timestamp":"2025-07-17T06:51:58.400484","level":"info","event":"Pushing xcom","ti":"RuntimeTaskInstance(id=UUID('01981727-677a-776b-b2a7-a28fea561294'), task_id='wget_trips_csvgz', dag_id='local_ingestion_pg_green', run_id='scheduled__2019-11-02T06:00:00+00:00', try_number=1, map_index=-1, hostname='3f7f1d329e72', context_carrier={}, task=<Task(BashOperator): wget_trips_csvgz>, bundle_instance=LocalDagBundle(name=dags-folder), max_tries=0, start_date=datetime.datetime(2025, 7, 17, 6, 51, 55, 273551, tzinfo=TzInfo(UTC)), end_date=None, state=<TaskInstanceState.RUNNING: 'running'>, is_mapped=False, rendered_map_index=None)","logger":"task"}
