{"timestamp":"2025-07-17T06:42:39.551727","level":"info","event":"DAG bundles loaded: dags-folder","logger":"airflow.dag_processing.bundles.manager.DagBundlesManager"}
{"timestamp":"2025-07-17T06:42:39.556954","level":"info","event":"Filling up the DagBag from /opt/airflow/dags/data_ingestion_localpg_dag.py","logger":"airflow.models.dagbag.DagBag"}
{"timestamp":"2025-07-17T06:42:39.990642","level":"info","event":"Tmp dir root location: /tmp","logger":"airflow.task.hooks.airflow.providers.standard.hooks.subprocess.SubprocessHook"}
{"timestamp":"2025-07-17T06:42:39.991760","level":"info","event":"Running command: ['/usr/bin/bash', '-c', 'wget https://github.com/DataTalksClub/nyc-tlc-data/releases/download/green/green_tripdata_2020-06.csv.gz -O /opt/airflow/green_tripdata_2020-06.csv.gz && gunzip -f /opt/airflow/green_tripdata_2020-06.csv.gz || rm -f /opt/airflow/green_tripdata_2020-06.csv.gz']","logger":"airflow.task.hooks.airflow.providers.standard.hooks.subprocess.SubprocessHook"}
{"timestamp":"2025-07-17T06:42:40.005147","level":"info","event":"Output:","logger":"airflow.task.hooks.airflow.providers.standard.hooks.subprocess.SubprocessHook"}
{"timestamp":"2025-07-17T06:42:40.011940","level":"info","event":"--2025-07-17 06:42:40--  https://github.com/DataTalksClub/nyc-tlc-data/releases/download/green/green_tripdata_2020-06.csv.gz","logger":"airflow.task.hooks.airflow.providers.standard.hooks.subprocess.SubprocessHook"}
{"timestamp":"2025-07-17T06:42:40.034076","level":"info","event":"Resolving github.com (github.com)... 20.205.243.166","logger":"airflow.task.hooks.airflow.providers.standard.hooks.subprocess.SubprocessHook"}
{"timestamp":"2025-07-17T06:42:40.041410","level":"info","event":"Connecting to github.com (github.com)|20.205.243.166|:443... connected.","logger":"airflow.task.hooks.airflow.providers.standard.hooks.subprocess.SubprocessHook"}
{"timestamp":"2025-07-17T06:42:40.368294","level":"info","event":"HTTP request sent, awaiting response... 302 Found","logger":"airflow.task.hooks.airflow.providers.standard.hooks.subprocess.SubprocessHook"}
{"timestamp":"2025-07-17T06:42:40.368500","level":"info","event":"Location: https://release-assets.githubusercontent.com/github-production-release-asset/513814948/87581eb0-de76-4112-9083-604df873c217?sp=r&sv=2018-11-09&sr=b&spr=https&se=2025-07-17T07%3A29%3A57Z&rscd=attachment%3B+filename%3Dgreen_tripdata_2020-06.csv.gz&rsct=application%2Foctet-stream&skoid=96c2d410-5711-43a1-aedd-ab1947aa7ab0&sktid=398a6654-997b-47e9-b12b-9515b896b4de&skt=2025-07-17T06%3A29%3A05Z&ske=2025-07-17T07%3A29%3A57Z&sks=b&skv=2018-11-09&sig=SqHTXxoSsw4o3y3CnqwxN7oSozXt3%2FEW0Ju0NrDUK5s%3D&jwt=eyJ******&response-content-disposition=attachment%3B%20filename%3Dgreen_tripdata_2020-06.csv.gz&response-content-type=application%2Foctet-stream [following]","logger":"airflow.task.hooks.airflow.providers.standard.hooks.subprocess.SubprocessHook"}
{"timestamp":"2025-07-17T06:42:40.368621","level":"info","event":"--2025-07-17 06:42:40--  https://release-assets.githubusercontent.com/github-production-release-asset/513814948/87581eb0-de76-4112-9083-604df873c217?sp=r&sv=2018-11-09&sr=b&spr=https&se=2025-07-17T07%3A29%3A57Z&rscd=attachment%3B+filename%3Dgreen_tripdata_2020-06.csv.gz&rsct=application%2Foctet-stream&skoid=96c2d410-5711-43a1-aedd-ab1947aa7ab0&sktid=398a6654-997b-47e9-b12b-9515b896b4de&skt=2025-07-17T06%3A29%3A05Z&ske=2025-07-17T07%3A29%3A57Z&sks=b&skv=2018-11-09&sig=SqHTXxoSsw4o3y3CnqwxN7oSozXt3%2FEW0Ju0NrDUK5s%3D&jwt=eyJ******&response-content-disposition=attachment%3B%20filename%3Dgreen_tripdata_2020-06.csv.gz&response-content-type=application%2Foctet-stream","logger":"airflow.task.hooks.airflow.providers.standard.hooks.subprocess.SubprocessHook"}
{"timestamp":"2025-07-17T06:42:40.375475","level":"info","event":"Resolving release-assets.githubusercontent.com (release-assets.githubusercontent.com)... 185.199.108.133, 185.199.109.133, 185.199.110.133, ...","logger":"airflow.task.hooks.airflow.providers.standard.hooks.subprocess.SubprocessHook"}
{"timestamp":"2025-07-17T06:42:40.385472","level":"info","event":"Connecting to release-assets.githubusercontent.com (release-assets.githubusercontent.com)|185.199.108.133|:443... connected.","logger":"airflow.task.hooks.airflow.providers.standard.hooks.subprocess.SubprocessHook"}
{"timestamp":"2025-07-17T06:42:40.701214","level":"info","event":"HTTP request sent, awaiting response... 200 OK","logger":"airflow.task.hooks.airflow.providers.standard.hooks.subprocess.SubprocessHook"}
{"timestamp":"2025-07-17T06:42:40.701423","level":"info","event":"Length: 1154353 (1.1M) [application/octet-stream]","logger":"airflow.task.hooks.airflow.providers.standard.hooks.subprocess.SubprocessHook"}
{"timestamp":"2025-07-17T06:42:40.701472","level":"info","event":"Saving to: ‘/opt/airflow/green_tripdata_2020-06.csv.gz’","logger":"airflow.task.hooks.airflow.providers.standard.hooks.subprocess.SubprocessHook"}
{"timestamp":"2025-07-17T06:42:40.702785","level":"info","event":"","logger":"airflow.task.hooks.airflow.providers.standard.hooks.subprocess.SubprocessHook"}
{"timestamp":"2025-07-17T06:42:40.718166","level":"info","event":"     0K .......... .......... .......... .......... ..........  4% 2.94M 0s","logger":"airflow.task.hooks.airflow.providers.standard.hooks.subprocess.SubprocessHook"}
{"timestamp":"2025-07-17T06:42:40.724894","level":"info","event":"    50K .......... .......... .......... .......... ..........  8% 6.90M 0s","logger":"airflow.task.hooks.airflow.providers.standard.hooks.subprocess.SubprocessHook"}
{"timestamp":"2025-07-17T06:42:40.728666","level":"info","event":"   100K .......... .......... .......... .......... .......... 13% 12.8M 0s","logger":"airflow.task.hooks.airflow.providers.standard.hooks.subprocess.SubprocessHook"}
{"timestamp":"2025-07-17T06:42:40.730515","level":"info","event":"   150K .......... .......... .......... .......... .......... 17% 25.7M 0s","logger":"airflow.task.hooks.airflow.providers.standard.hooks.subprocess.SubprocessHook"}
{"timestamp":"2025-07-17T06:42:40.732352","level":"info","event":"   200K .......... .......... .......... .......... .......... 22% 26.3M 0s","logger":"airflow.task.hooks.airflow.providers.standard.hooks.subprocess.SubprocessHook"}
{"timestamp":"2025-07-17T06:42:40.737999","level":"info","event":"   250K .......... .......... .......... .......... .......... 26% 8.74M 0s","logger":"airflow.task.hooks.airflow.providers.standard.hooks.subprocess.SubprocessHook"}
{"timestamp":"2025-07-17T06:42:40.739848","level":"info","event":"   300K .......... .......... .......... .......... .......... 31% 26.0M 0s","logger":"airflow.task.hooks.airflow.providers.standard.hooks.subprocess.SubprocessHook"}
{"timestamp":"2025-07-17T06:42:40.742725","level":"info","event":"   350K .......... .......... .......... .......... .......... 35% 17.5M 0s","logger":"airflow.task.hooks.airflow.providers.standard.hooks.subprocess.SubprocessHook"}
{"timestamp":"2025-07-17T06:42:40.743917","level":"info","event":"   400K .......... .......... .......... .......... .......... 39% 38.2M 0s","logger":"airflow.task.hooks.airflow.providers.standard.hooks.subprocess.SubprocessHook"}
{"timestamp":"2025-07-17T06:42:40.744167","level":"info","event":"   450K .......... .......... .......... .......... .......... 44%  186M 0s","logger":"airflow.task.hooks.airflow.providers.standard.hooks.subprocess.SubprocessHook"}
{"timestamp":"2025-07-17T06:42:40.747840","level":"info","event":"   500K .......... .......... .......... .......... .......... 48% 13.2M 0s","logger":"airflow.task.hooks.airflow.providers.standard.hooks.subprocess.SubprocessHook"}
{"timestamp":"2025-07-17T06:42:40.751517","level":"info","event":"   550K .......... .......... .......... .......... .......... 53% 13.4M 0s","logger":"airflow.task.hooks.airflow.providers.standard.hooks.subprocess.SubprocessHook"}
{"timestamp":"2025-07-17T06:42:40.752024","level":"info","event":"   600K .......... .......... .......... .......... .......... 57% 92.0M 0s","logger":"airflow.task.hooks.airflow.providers.standard.hooks.subprocess.SubprocessHook"}
{"timestamp":"2025-07-17T06:42:40.756972","level":"info","event":"   650K .......... .......... .......... .......... .......... 62% 10.2M 0s","logger":"airflow.task.hooks.airflow.providers.standard.hooks.subprocess.SubprocessHook"}
{"timestamp":"2025-07-17T06:42:40.757079","level":"info","event":"   700K .......... .......... .......... .......... .......... 66%  272M 0s","logger":"airflow.task.hooks.airflow.providers.standard.hooks.subprocess.SubprocessHook"}
{"timestamp":"2025-07-17T06:42:40.766847","level":"info","event":"   750K .......... .......... .......... .......... .......... 70% 6.09M 0s","logger":"airflow.task.hooks.airflow.providers.standard.hooks.subprocess.SubprocessHook"}
{"timestamp":"2025-07-17T06:42:40.767812","level":"info","event":"   800K .......... .......... .......... .......... .......... 75% 17.5M 0s","logger":"airflow.task.hooks.airflow.providers.standard.hooks.subprocess.SubprocessHook"}
{"timestamp":"2025-07-17T06:42:40.768009","level":"info","event":"   850K .......... .......... .......... .......... .......... 79%  204M 0s","logger":"airflow.task.hooks.airflow.providers.standard.hooks.subprocess.SubprocessHook"}
{"timestamp":"2025-07-17T06:42:40.769458","level":"info","event":"   900K .......... .......... .......... .......... .......... 84% 43.2M 0s","logger":"airflow.task.hooks.airflow.providers.standard.hooks.subprocess.SubprocessHook"}
{"timestamp":"2025-07-17T06:42:40.769803","level":"info","event":"   950K .......... .......... .......... .......... .......... 88%  123M 0s","logger":"airflow.task.hooks.airflow.providers.standard.hooks.subprocess.SubprocessHook"}
{"timestamp":"2025-07-17T06:42:40.770242","level":"info","event":"  1000K .......... .......... .......... .......... .......... 93% 81.0M 0s","logger":"airflow.task.hooks.airflow.providers.standard.hooks.subprocess.SubprocessHook"}
{"timestamp":"2025-07-17T06:42:40.770934","level":"info","event":"  1050K .......... .......... .......... .......... .......... 97% 67.9M 0s","logger":"airflow.task.hooks.airflow.providers.standard.hooks.subprocess.SubprocessHook"}
{"timestamp":"2025-07-17T06:42:40.771507","level":"info","event":"  1100K .......... .......... .......                         100% 62.6M=0.07s","logger":"airflow.task.hooks.airflow.providers.standard.hooks.subprocess.SubprocessHook"}
{"timestamp":"2025-07-17T06:42:40.771913","level":"info","event":"","logger":"airflow.task.hooks.airflow.providers.standard.hooks.subprocess.SubprocessHook"}
{"timestamp":"2025-07-17T06:42:40.772204","level":"info","event":"2025-07-17 06:42:40 (15.7 MB/s) - ‘/opt/airflow/green_tripdata_2020-06.csv.gz’ saved [1154353/1154353]","logger":"airflow.task.hooks.airflow.providers.standard.hooks.subprocess.SubprocessHook"}
{"timestamp":"2025-07-17T06:42:40.772334","level":"info","event":"","logger":"airflow.task.hooks.airflow.providers.standard.hooks.subprocess.SubprocessHook"}
{"timestamp":"2025-07-17T06:42:40.826080","level":"info","event":"Command exited with return code 0","logger":"airflow.task.hooks.airflow.providers.standard.hooks.subprocess.SubprocessHook"}
{"timestamp":"2025-07-17T06:42:40.827786","level":"info","event":"Pushing xcom","ti":"RuntimeTaskInstance(id=UUID('0198171e-eaab-7260-a5c0-5fae23cb52f3'), task_id='wget_trips_csvgz', dag_id='local_ingestion_pg_green', run_id='scheduled__2020-06-02T06:00:00+00:00', try_number=1, map_index=-1, hostname='3f7f1d329e72', context_carrier={}, task=<Task(BashOperator): wget_trips_csvgz>, bundle_instance=LocalDagBundle(name=dags-folder), max_tries=0, start_date=datetime.datetime(2025, 7, 17, 6, 42, 39, 132324, tzinfo=TzInfo(UTC)), end_date=None, state=<TaskInstanceState.RUNNING: 'running'>, is_mapped=False, rendered_map_index=None)","logger":"task"}
{"timestamp":"2025-07-17T06:54:28.426900","level":"info","event":"DAG bundles loaded: dags-folder","logger":"airflow.dag_processing.bundles.manager.DagBundlesManager"}
{"timestamp":"2025-07-17T06:54:28.427975","level":"info","event":"Filling up the DagBag from /opt/airflow/dags/data_ingestion_localpg_dag.py","logger":"airflow.models.dagbag.DagBag"}
{"timestamp":"2025-07-17T06:54:28.953057","level":"info","event":"Tmp dir root location: /tmp","logger":"airflow.task.hooks.airflow.providers.standard.hooks.subprocess.SubprocessHook"}
{"timestamp":"2025-07-17T06:54:28.955939","level":"info","event":"Running command: ['/usr/bin/bash', '-c', 'wget https://github.com/DataTalksClub/nyc-tlc-data/releases/download/green/green_tripdata_2020-06.csv.gz -O /opt/airflow/green_tripdata_2020-06.csv.gz && gunzip -f /opt/airflow/green_tripdata_2020-06.csv.gz || rm -f /opt/airflow/green_tripdata_2020-06.csv.gz']","logger":"airflow.task.hooks.airflow.providers.standard.hooks.subprocess.SubprocessHook"}
{"timestamp":"2025-07-17T06:54:28.977281","level":"info","event":"Output:","logger":"airflow.task.hooks.airflow.providers.standard.hooks.subprocess.SubprocessHook"}
{"timestamp":"2025-07-17T06:54:29.010096","level":"info","event":"--2025-07-17 06:54:29--  https://github.com/DataTalksClub/nyc-tlc-data/releases/download/green/green_tripdata_2020-06.csv.gz","logger":"airflow.task.hooks.airflow.providers.standard.hooks.subprocess.SubprocessHook"}
{"timestamp":"2025-07-17T06:54:29.085800","level":"info","event":"Resolving github.com (github.com)... 20.205.243.166","logger":"airflow.task.hooks.airflow.providers.standard.hooks.subprocess.SubprocessHook"}
{"timestamp":"2025-07-17T06:54:29.102233","level":"info","event":"Connecting to github.com (github.com)|20.205.243.166|:443... connected.","logger":"airflow.task.hooks.airflow.providers.standard.hooks.subprocess.SubprocessHook"}
{"timestamp":"2025-07-17T06:54:29.461036","level":"info","event":"HTTP request sent, awaiting response... 302 Found","logger":"airflow.task.hooks.airflow.providers.standard.hooks.subprocess.SubprocessHook"}
{"timestamp":"2025-07-17T06:54:29.461268","level":"info","event":"Location: https://release-assets.githubusercontent.com/github-production-release-asset/513814948/87581eb0-de76-4112-9083-604df873c217?sp=r&sv=2018-11-09&sr=b&spr=https&se=2025-07-17T07%3A44%3A46Z&rscd=attachment%3B+filename%3Dgreen_tripdata_2020-06.csv.gz&rsct=application%2Foctet-stream&skoid=96c2d410-5711-43a1-aedd-ab1947aa7ab0&sktid=398a6654-997b-47e9-b12b-9515b896b4de&skt=2025-07-17T06%3A44%3A11Z&ske=2025-07-17T07%3A44%3A46Z&sks=b&skv=2018-11-09&sig=Ejg7Omr%2Fadn6R9D%2FuRYlwBDwrsuxA61EmLD6Qd8y2dI%3D&jwt=eyJ******&response-content-disposition=attachment%3B%20filename%3Dgreen_tripdata_2020-06.csv.gz&response-content-type=application%2Foctet-stream [following]","logger":"airflow.task.hooks.airflow.providers.standard.hooks.subprocess.SubprocessHook"}
{"timestamp":"2025-07-17T06:54:29.461369","level":"info","event":"--2025-07-17 06:54:29--  https://release-assets.githubusercontent.com/github-production-release-asset/513814948/87581eb0-de76-4112-9083-604df873c217?sp=r&sv=2018-11-09&sr=b&spr=https&se=2025-07-17T07%3A44%3A46Z&rscd=attachment%3B+filename%3Dgreen_tripdata_2020-06.csv.gz&rsct=application%2Foctet-stream&skoid=96c2d410-5711-43a1-aedd-ab1947aa7ab0&sktid=398a6654-997b-47e9-b12b-9515b896b4de&skt=2025-07-17T06%3A44%3A11Z&ske=2025-07-17T07%3A44%3A46Z&sks=b&skv=2018-11-09&sig=Ejg7Omr%2Fadn6R9D%2FuRYlwBDwrsuxA61EmLD6Qd8y2dI%3D&jwt=eyJ******&response-content-disposition=attachment%3B%20filename%3Dgreen_tripdata_2020-06.csv.gz&response-content-type=application%2Foctet-stream","logger":"airflow.task.hooks.airflow.providers.standard.hooks.subprocess.SubprocessHook"}
{"timestamp":"2025-07-17T06:54:29.468332","level":"info","event":"Resolving release-assets.githubusercontent.com (release-assets.githubusercontent.com)... 185.199.111.133, 185.199.108.133, 185.199.109.133, ...","logger":"airflow.task.hooks.airflow.providers.standard.hooks.subprocess.SubprocessHook"}
{"timestamp":"2025-07-17T06:54:29.476467","level":"info","event":"Connecting to release-assets.githubusercontent.com (release-assets.githubusercontent.com)|185.199.111.133|:443... connected.","logger":"airflow.task.hooks.airflow.providers.standard.hooks.subprocess.SubprocessHook"}
{"timestamp":"2025-07-17T06:54:29.500393","level":"info","event":"HTTP request sent, awaiting response... 200 OK","logger":"airflow.task.hooks.airflow.providers.standard.hooks.subprocess.SubprocessHook"}
{"timestamp":"2025-07-17T06:54:29.500513","level":"info","event":"Length: 1154353 (1.1M) [application/octet-stream]","logger":"airflow.task.hooks.airflow.providers.standard.hooks.subprocess.SubprocessHook"}
{"timestamp":"2025-07-17T06:54:29.500550","level":"info","event":"Saving to: ‘/opt/airflow/green_tripdata_2020-06.csv.gz’","logger":"airflow.task.hooks.airflow.providers.standard.hooks.subprocess.SubprocessHook"}
{"timestamp":"2025-07-17T06:54:29.500640","level":"info","event":"","logger":"airflow.task.hooks.airflow.providers.standard.hooks.subprocess.SubprocessHook"}
{"timestamp":"2025-07-17T06:54:29.507321","level":"info","event":"     0K .......... .......... .......... .......... ..........  4% 7.13M 0s","logger":"airflow.task.hooks.airflow.providers.standard.hooks.subprocess.SubprocessHook"}
{"timestamp":"2025-07-17T06:54:29.513514","level":"info","event":"    50K .......... .......... .......... .......... ..........  8% 7.99M 0s","logger":"airflow.task.hooks.airflow.providers.standard.hooks.subprocess.SubprocessHook"}
{"timestamp":"2025-07-17T06:54:29.520592","level":"info","event":"   100K .......... .......... .......... .......... .......... 13% 6.84M 0s","logger":"airflow.task.hooks.airflow.providers.standard.hooks.subprocess.SubprocessHook"}
{"timestamp":"2025-07-17T06:54:29.520725","level":"info","event":"   150K .......... .......... .......... .......... .......... 17%  185M 0s","logger":"airflow.task.hooks.airflow.providers.standard.hooks.subprocess.SubprocessHook"}
{"timestamp":"2025-07-17T06:54:29.522372","level":"info","event":"   200K .......... .......... .......... .......... .......... 22% 30.8M 0s","logger":"airflow.task.hooks.airflow.providers.standard.hooks.subprocess.SubprocessHook"}
{"timestamp":"2025-07-17T06:54:29.525816","level":"info","event":"   250K .......... .......... .......... .......... .......... 26% 30.9M 0s","logger":"airflow.task.hooks.airflow.providers.standard.hooks.subprocess.SubprocessHook"}
{"timestamp":"2025-07-17T06:54:29.527037","level":"info","event":"   300K .......... .......... .......... .......... .......... 31% 17.4M 0s","logger":"airflow.task.hooks.airflow.providers.standard.hooks.subprocess.SubprocessHook"}
{"timestamp":"2025-07-17T06:54:29.527647","level":"info","event":"   350K .......... .......... .......... .......... .......... 35%  104M 0s","logger":"airflow.task.hooks.airflow.providers.standard.hooks.subprocess.SubprocessHook"}
{"timestamp":"2025-07-17T06:54:29.528796","level":"info","event":"   400K .......... .......... .......... .......... .......... 39% 35.4M 0s","logger":"airflow.task.hooks.airflow.providers.standard.hooks.subprocess.SubprocessHook"}
{"timestamp":"2025-07-17T06:54:29.530063","level":"info","event":"   450K .......... .......... .......... .......... .......... 44% 35.1M 0s","logger":"airflow.task.hooks.airflow.providers.standard.hooks.subprocess.SubprocessHook"}
{"timestamp":"2025-07-17T06:54:29.531372","level":"info","event":"   500K .......... .......... .......... .......... .......... 48% 37.9M 0s","logger":"airflow.task.hooks.airflow.providers.standard.hooks.subprocess.SubprocessHook"}
{"timestamp":"2025-07-17T06:54:29.533147","level":"info","event":"   550K .......... .......... .......... .......... .......... 53% 28.1M 0s","logger":"airflow.task.hooks.airflow.providers.standard.hooks.subprocess.SubprocessHook"}
{"timestamp":"2025-07-17T06:54:29.535082","level":"info","event":"   600K .......... .......... .......... .......... .......... 57% 27.8M 0s","logger":"airflow.task.hooks.airflow.providers.standard.hooks.subprocess.SubprocessHook"}
{"timestamp":"2025-07-17T06:54:29.536204","level":"info","event":"   650K .......... .......... .......... .......... .......... 62% 33.4M 0s","logger":"airflow.task.hooks.airflow.providers.standard.hooks.subprocess.SubprocessHook"}
{"timestamp":"2025-07-17T06:54:29.538197","level":"info","event":"   700K .......... .......... .......... .......... .......... 66% 24.8M 0s","logger":"airflow.task.hooks.airflow.providers.standard.hooks.subprocess.SubprocessHook"}
{"timestamp":"2025-07-17T06:54:29.539002","level":"info","event":"   750K .......... .......... .......... .......... .......... 70% 61.9M 0s","logger":"airflow.task.hooks.airflow.providers.standard.hooks.subprocess.SubprocessHook"}
{"timestamp":"2025-07-17T06:54:29.539460","level":"info","event":"   800K .......... .......... .......... .......... .......... 75% 95.2M 0s","logger":"airflow.task.hooks.airflow.providers.standard.hooks.subprocess.SubprocessHook"}
{"timestamp":"2025-07-17T06:54:29.540037","level":"info","event":"   850K .......... .......... .......... .......... .......... 79% 91.5M 0s","logger":"airflow.task.hooks.airflow.providers.standard.hooks.subprocess.SubprocessHook"}
{"timestamp":"2025-07-17T06:54:29.542567","level":"info","event":"   900K .......... .......... .......... .......... .......... 84% 19.2M 0s","logger":"airflow.task.hooks.airflow.providers.standard.hooks.subprocess.SubprocessHook"}
{"timestamp":"2025-07-17T06:54:29.544696","level":"info","event":"   950K .......... .......... .......... .......... .......... 88% 23.4M 0s","logger":"airflow.task.hooks.airflow.providers.standard.hooks.subprocess.SubprocessHook"}
{"timestamp":"2025-07-17T06:54:29.545335","level":"info","event":"  1000K .......... .......... .......... .......... .......... 93% 73.6M 0s","logger":"airflow.task.hooks.airflow.providers.standard.hooks.subprocess.SubprocessHook"}
{"timestamp":"2025-07-17T06:54:29.547492","level":"info","event":"  1050K .......... .......... .......... .......... .......... 97% 26.8M 0s","logger":"airflow.task.hooks.airflow.providers.standard.hooks.subprocess.SubprocessHook"}
{"timestamp":"2025-07-17T06:54:29.548139","level":"info","event":"  1100K .......... .......... .......                         100% 36.6M=0.05s","logger":"airflow.task.hooks.airflow.providers.standard.hooks.subprocess.SubprocessHook"}
{"timestamp":"2025-07-17T06:54:29.548282","level":"info","event":"","logger":"airflow.task.hooks.airflow.providers.standard.hooks.subprocess.SubprocessHook"}
{"timestamp":"2025-07-17T06:54:29.548342","level":"info","event":"2025-07-17 06:54:29 (23.2 MB/s) - ‘/opt/airflow/green_tripdata_2020-06.csv.gz’ saved [1154353/1154353]","logger":"airflow.task.hooks.airflow.providers.standard.hooks.subprocess.SubprocessHook"}
{"timestamp":"2025-07-17T06:54:29.548416","level":"info","event":"","logger":"airflow.task.hooks.airflow.providers.standard.hooks.subprocess.SubprocessHook"}
{"timestamp":"2025-07-17T06:54:29.630207","level":"info","event":"Command exited with return code 0","logger":"airflow.task.hooks.airflow.providers.standard.hooks.subprocess.SubprocessHook"}
{"timestamp":"2025-07-17T06:54:29.632534","level":"info","event":"Pushing xcom","ti":"RuntimeTaskInstance(id=UUID('01981729-bb77-7c9b-848c-679908efa317'), task_id='wget_trips_csvgz', dag_id='local_ingestion_pg_green', run_id='scheduled__2020-06-02T06:00:00+00:00', try_number=1, map_index=-1, hostname='3f7f1d329e72', context_carrier={}, task=<Task(BashOperator): wget_trips_csvgz>, bundle_instance=LocalDagBundle(name=dags-folder), max_tries=0, start_date=datetime.datetime(2025, 7, 17, 6, 54, 28, 38081, tzinfo=TzInfo(UTC)), end_date=None, state=<TaskInstanceState.RUNNING: 'running'>, is_mapped=False, rendered_map_index=None)","logger":"task"}
