{"timestamp":"2025-07-13T15:49:48.923145","level":"info","event":"DAG bundles loaded: dags-folder","logger":"airflow.dag_processing.bundles.manager.DagBundlesManager"}
{"timestamp":"2025-07-13T15:49:48.928170","level":"info","event":"Filling up the DagBag from /opt/airflow/dags/data_ingestion_localpg_dag.py","logger":"airflow.models.dagbag.DagBag"}
{"timestamp":"2025-07-13T15:49:48.955284","level":"info","event":"Tmp dir root location: /tmp","logger":"airflow.task.hooks.airflow.providers.standard.hooks.subprocess.SubprocessHook"}
{"timestamp":"2025-07-13T15:49:48.955945","level":"info","event":"Running command: ['/usr/bin/bash', '-c', \"wget https://github.com/DataTalksClub/nyc-tlc-data/releases/download/yellow/yellow_tripdata_2025-02.csv.gz -O /opt/airflow/yellow_tripdata_2025-02.csv.gz && gunzip -f yellow_tripdata_2025-02.csv.gz || echo 'invalid folder download link'\"]","logger":"airflow.task.hooks.airflow.providers.standard.hooks.subprocess.SubprocessHook"}
{"timestamp":"2025-07-13T15:49:48.973668","level":"info","event":"Output:","logger":"airflow.task.hooks.airflow.providers.standard.hooks.subprocess.SubprocessHook"}
{"timestamp":"2025-07-13T15:49:48.992607","level":"info","event":"--2025-07-13 15:49:48--  https://github.com/DataTalksClub/nyc-tlc-data/releases/download/yellow/yellow_tripdata_2025-02.csv.gz","logger":"airflow.task.hooks.airflow.providers.standard.hooks.subprocess.SubprocessHook"}
{"timestamp":"2025-07-13T15:49:49.073837","level":"info","event":"Resolving github.com (github.com)... 20.205.243.166","logger":"airflow.task.hooks.airflow.providers.standard.hooks.subprocess.SubprocessHook"}
{"timestamp":"2025-07-13T15:49:49.083420","level":"info","event":"Connecting to github.com (github.com)|20.205.243.166|:443... connected.","logger":"airflow.task.hooks.airflow.providers.standard.hooks.subprocess.SubprocessHook"}
{"timestamp":"2025-07-13T15:49:49.401362","level":"info","event":"HTTP request sent, awaiting response... 404 Not Found","logger":"airflow.task.hooks.airflow.providers.standard.hooks.subprocess.SubprocessHook"}
{"timestamp":"2025-07-13T15:49:49.401511","level":"info","event":"2025-07-13 15:49:49 ERROR 404: Not Found.","logger":"airflow.task.hooks.airflow.providers.standard.hooks.subprocess.SubprocessHook"}
{"timestamp":"2025-07-13T15:49:49.401579","level":"info","event":"","logger":"airflow.task.hooks.airflow.providers.standard.hooks.subprocess.SubprocessHook"}
{"timestamp":"2025-07-13T15:49:49.402893","level":"info","event":"invalid folder download link","logger":"airflow.task.hooks.airflow.providers.standard.hooks.subprocess.SubprocessHook"}
{"timestamp":"2025-07-13T15:49:49.403140","level":"info","event":"Command exited with return code 0","logger":"airflow.task.hooks.airflow.providers.standard.hooks.subprocess.SubprocessHook"}
{"timestamp":"2025-07-13T15:49:49.403724","level":"info","event":"Pushing xcom","ti":"RuntimeTaskInstance(id=UUID('0198047a-6a83-7716-b074-851b1d29e62f'), task_id='wget_trips_csvgz', dag_id='local_ingestion_pg', run_id='scheduled__2025-02-02T06:00:00+00:00', try_number=1, map_index=-1, hostname='bcfb6bdbe20d', context_carrier={}, task=<Task(BashOperator): wget_trips_csvgz>, bundle_instance=LocalDagBundle(name=dags-folder), max_tries=0, start_date=datetime.datetime(2025, 7, 13, 15, 49, 48, 569522, tzinfo=TzInfo(UTC)), end_date=None, state=<TaskInstanceState.RUNNING: 'running'>, is_mapped=False, rendered_map_index=None)","logger":"task"}
{"timestamp":"2025-07-13T16:07:57.154972","level":"info","event":"DAG bundles loaded: dags-folder","logger":"airflow.dag_processing.bundles.manager.DagBundlesManager"}
{"timestamp":"2025-07-13T16:07:57.155567","level":"info","event":"Filling up the DagBag from /opt/airflow/dags/data_ingestion_localpg_dag.py","logger":"airflow.models.dagbag.DagBag"}
{"timestamp":"2025-07-13T16:07:57.434859","level":"info","event":"Tmp dir root location: /tmp","logger":"airflow.task.hooks.airflow.providers.standard.hooks.subprocess.SubprocessHook"}
{"timestamp":"2025-07-13T16:07:57.444878","level":"info","event":"Running command: ['/usr/bin/bash', '-c', \"wget https://github.com/DataTalksClub/nyc-tlc-data/releases/download/yellow/yellow_tripdata_2025-02.csv.gz -O /opt/airflow/yellow_tripdata_2025-02.csv.gz && gunzip -f /opt/airflow/yellow_tripdata_2025-02.csv.gz || echo 'invalid folder download link'\"]","logger":"airflow.task.hooks.airflow.providers.standard.hooks.subprocess.SubprocessHook"}
{"timestamp":"2025-07-13T16:07:57.462599","level":"info","event":"Output:","logger":"airflow.task.hooks.airflow.providers.standard.hooks.subprocess.SubprocessHook"}
{"timestamp":"2025-07-13T16:07:57.489885","level":"info","event":"--2025-07-13 16:07:57--  https://github.com/DataTalksClub/nyc-tlc-data/releases/download/yellow/yellow_tripdata_2025-02.csv.gz","logger":"airflow.task.hooks.airflow.providers.standard.hooks.subprocess.SubprocessHook"}
{"timestamp":"2025-07-13T16:07:57.510015","level":"info","event":"Resolving github.com (github.com)... 20.205.243.166","logger":"airflow.task.hooks.airflow.providers.standard.hooks.subprocess.SubprocessHook"}
{"timestamp":"2025-07-13T16:07:57.521951","level":"info","event":"Connecting to github.com (github.com)|20.205.243.166|:443... connected.","logger":"airflow.task.hooks.airflow.providers.standard.hooks.subprocess.SubprocessHook"}
{"timestamp":"2025-07-13T16:07:57.825586","level":"info","event":"HTTP request sent, awaiting response... 404 Not Found","logger":"airflow.task.hooks.airflow.providers.standard.hooks.subprocess.SubprocessHook"}
{"timestamp":"2025-07-13T16:07:57.825775","level":"info","event":"2025-07-13 16:07:57 ERROR 404: Not Found.","logger":"airflow.task.hooks.airflow.providers.standard.hooks.subprocess.SubprocessHook"}
{"timestamp":"2025-07-13T16:07:57.825847","level":"info","event":"","logger":"airflow.task.hooks.airflow.providers.standard.hooks.subprocess.SubprocessHook"}
{"timestamp":"2025-07-13T16:07:57.827710","level":"info","event":"invalid folder download link","logger":"airflow.task.hooks.airflow.providers.standard.hooks.subprocess.SubprocessHook"}
{"timestamp":"2025-07-13T16:07:57.828194","level":"info","event":"Command exited with return code 0","logger":"airflow.task.hooks.airflow.providers.standard.hooks.subprocess.SubprocessHook"}
{"timestamp":"2025-07-13T16:07:57.828995","level":"info","event":"Pushing xcom","ti":"RuntimeTaskInstance(id=UUID('0198048b-06e7-72ce-a430-3c2a1f2ab0fd'), task_id='wget_trips_csvgz', dag_id='local_ingestion_pg', run_id='scheduled__2025-02-02T06:00:00+00:00', try_number=1, map_index=-1, hostname='890ba30a36b0', context_carrier={}, task=<Task(BashOperator): wget_trips_csvgz>, bundle_instance=LocalDagBundle(name=dags-folder), max_tries=0, start_date=datetime.datetime(2025, 7, 13, 16, 7, 57, 2162, tzinfo=TzInfo(UTC)), end_date=None, state=<TaskInstanceState.RUNNING: 'running'>, is_mapped=False, rendered_map_index=None)","logger":"task"}
{"timestamp":"2025-07-13T16:38:44.254460","level":"info","event":"DAG bundles loaded: dags-folder","logger":"airflow.dag_processing.bundles.manager.DagBundlesManager"}
{"timestamp":"2025-07-13T16:38:44.260384","level":"info","event":"Filling up the DagBag from /opt/airflow/dags/data_ingestion_localpg_dag.py","logger":"airflow.models.dagbag.DagBag"}
{"timestamp":"2025-07-13T16:38:45.562666","level":"info","event":"Tmp dir root location: /tmp","logger":"airflow.task.hooks.airflow.providers.standard.hooks.subprocess.SubprocessHook"}
{"timestamp":"2025-07-13T16:38:45.565315","level":"info","event":"Running command: ['/usr/bin/bash', '-c', 'wget https://github.com/DataTalksClub/nyc-tlc-data/releases/download/yellow/yellow_tripdata_2025-02.csv.gz -O /opt/airflow/yellow_tripdata_2025-02.csv.gz && gunzip -f /opt/airflow/yellow_tripdata_2025-02.csv.gz || rm -f /opt/airflow/yellow_tripdata_2025-02.csv.gz']","logger":"airflow.task.hooks.airflow.providers.standard.hooks.subprocess.SubprocessHook"}
{"timestamp":"2025-07-13T16:38:45.628946","level":"info","event":"Output:","logger":"airflow.task.hooks.airflow.providers.standard.hooks.subprocess.SubprocessHook"}
{"timestamp":"2025-07-13T16:38:45.656897","level":"info","event":"--2025-07-13 16:38:45--  https://github.com/DataTalksClub/nyc-tlc-data/releases/download/yellow/yellow_tripdata_2025-02.csv.gz","logger":"airflow.task.hooks.airflow.providers.standard.hooks.subprocess.SubprocessHook"}
{"timestamp":"2025-07-13T16:38:45.698400","level":"info","event":"Resolving github.com (github.com)... 20.205.243.166","logger":"airflow.task.hooks.airflow.providers.standard.hooks.subprocess.SubprocessHook"}
{"timestamp":"2025-07-13T16:38:45.709861","level":"info","event":"Connecting to github.com (github.com)|20.205.243.166|:443... connected.","logger":"airflow.task.hooks.airflow.providers.standard.hooks.subprocess.SubprocessHook"}
{"timestamp":"2025-07-13T16:38:46.300648","level":"info","event":"HTTP request sent, awaiting response... 404 Not Found","logger":"airflow.task.hooks.airflow.providers.standard.hooks.subprocess.SubprocessHook"}
{"timestamp":"2025-07-13T16:38:46.301962","level":"info","event":"2025-07-13 16:38:46 ERROR 404: Not Found.","logger":"airflow.task.hooks.airflow.providers.standard.hooks.subprocess.SubprocessHook"}
{"timestamp":"2025-07-13T16:38:46.302305","level":"info","event":"","logger":"airflow.task.hooks.airflow.providers.standard.hooks.subprocess.SubprocessHook"}
{"timestamp":"2025-07-13T16:38:46.328069","level":"info","event":"Command exited with return code 0","logger":"airflow.task.hooks.airflow.providers.standard.hooks.subprocess.SubprocessHook"}
{"timestamp":"2025-07-13T16:38:46.334653","level":"info","event":"Pushing xcom","ti":"RuntimeTaskInstance(id=UUID('019804a7-2ea2-7184-a3bc-6bd468124f2b'), task_id='wget_trips_csvgz', dag_id='local_ingestion_pg', run_id='scheduled__2025-02-02T06:00:00+00:00', try_number=1, map_index=-1, hostname='890ba30a36b0', context_carrier={}, task=<Task(BashOperator): wget_trips_csvgz>, bundle_instance=LocalDagBundle(name=dags-folder), max_tries=0, start_date=datetime.datetime(2025, 7, 13, 16, 38, 43, 101322, tzinfo=TzInfo(UTC)), end_date=None, state=<TaskInstanceState.RUNNING: 'running'>, is_mapped=False, rendered_map_index=None)","logger":"task"}
