{"timestamp":"2025-07-17T08:33:21.655734","level":"info","event":"DAG bundles loaded: dags-folder","logger":"airflow.dag_processing.bundles.manager.DagBundlesManager"}
{"timestamp":"2025-07-17T08:33:21.656743","level":"info","event":"Filling up the DagBag from /opt/airflow/dags/data_ingestion_localpg_dag.py","logger":"airflow.models.dagbag.DagBag"}
{"timestamp":"2025-07-17T08:33:22.043700","level":"info","event":"Tmp dir root location: /tmp","logger":"airflow.task.hooks.airflow.providers.standard.hooks.subprocess.SubprocessHook"}
{"timestamp":"2025-07-17T08:33:22.046059","level":"info","event":"Running command: ['/usr/bin/bash', '-c', 'wget https://github.com/DataTalksClub/nyc-tlc-data/releases/download/yellow/yellow_tripdata_2020-04.csv.gz -O /opt/airflow/yellow_tripdata_2020-04.csv.gz && gunzip -f /opt/airflow/yellow_tripdata_2020-04.csv.gz || rm -f /opt/airflow/yellow_tripdata_2020-04.csv.gz']","logger":"airflow.task.hooks.airflow.providers.standard.hooks.subprocess.SubprocessHook"}
{"timestamp":"2025-07-17T08:33:22.060599","level":"info","event":"Output:","logger":"airflow.task.hooks.airflow.providers.standard.hooks.subprocess.SubprocessHook"}
{"timestamp":"2025-07-17T08:33:22.069460","level":"info","event":"--2025-07-17 08:33:22--  https://github.com/DataTalksClub/nyc-tlc-data/releases/download/yellow/yellow_tripdata_2020-04.csv.gz","logger":"airflow.task.hooks.airflow.providers.standard.hooks.subprocess.SubprocessHook"}
{"timestamp":"2025-07-17T08:33:22.096287","level":"info","event":"Resolving github.com (github.com)... 20.205.243.166","logger":"airflow.task.hooks.airflow.providers.standard.hooks.subprocess.SubprocessHook"}
{"timestamp":"2025-07-17T08:33:22.107846","level":"info","event":"Connecting to github.com (github.com)|20.205.243.166|:443... connected.","logger":"airflow.task.hooks.airflow.providers.standard.hooks.subprocess.SubprocessHook"}
{"timestamp":"2025-07-17T08:33:22.435013","level":"info","event":"HTTP request sent, awaiting response... 302 Found","logger":"airflow.task.hooks.airflow.providers.standard.hooks.subprocess.SubprocessHook"}
{"timestamp":"2025-07-17T08:33:22.435149","level":"info","event":"Location: https://release-assets.githubusercontent.com/github-production-release-asset/513814948/3a5b385e-7c0e-40bc-a73e-ae68a584a73a?sp=r&sv=2018-11-09&sr=b&spr=https&se=2025-07-17T09%3A23%3A29Z&rscd=attachment%3B+filename%3Dyellow_tripdata_2020-04.csv.gz&rsct=application%2Foctet-stream&skoid=96c2d410-5711-43a1-aedd-ab1947aa7ab0&sktid=398a6654-997b-47e9-b12b-9515b896b4de&skt=2025-07-17T08%3A22%3A30Z&ske=2025-07-17T09%3A23%3A29Z&sks=b&skv=2018-11-09&sig=jDyVss1VdBQal5w97VRKKCp7EgXfyDXfG%2BJlgchWGPU%3D&jwt=eyJ******&response-content-disposition=attachment%3B%20filename%3Dyellow_tripdata_2020-04.csv.gz&response-content-type=application%2Foctet-stream [following]","logger":"airflow.task.hooks.airflow.providers.standard.hooks.subprocess.SubprocessHook"}
{"timestamp":"2025-07-17T08:33:22.435218","level":"info","event":"--2025-07-17 08:33:22--  https://release-assets.githubusercontent.com/github-production-release-asset/513814948/3a5b385e-7c0e-40bc-a73e-ae68a584a73a?sp=r&sv=2018-11-09&sr=b&spr=https&se=2025-07-17T09%3A23%3A29Z&rscd=attachment%3B+filename%3Dyellow_tripdata_2020-04.csv.gz&rsct=application%2Foctet-stream&skoid=96c2d410-5711-43a1-aedd-ab1947aa7ab0&sktid=398a6654-997b-47e9-b12b-9515b896b4de&skt=2025-07-17T08%3A22%3A30Z&ske=2025-07-17T09%3A23%3A29Z&sks=b&skv=2018-11-09&sig=jDyVss1VdBQal5w97VRKKCp7EgXfyDXfG%2BJlgchWGPU%3D&jwt=eyJ******&response-content-disposition=attachment%3B%20filename%3Dyellow_tripdata_2020-04.csv.gz&response-content-type=application%2Foctet-stream","logger":"airflow.task.hooks.airflow.providers.standard.hooks.subprocess.SubprocessHook"}
{"timestamp":"2025-07-17T08:33:22.455794","level":"info","event":"Resolving release-assets.githubusercontent.com (release-assets.githubusercontent.com)... 185.199.108.133, 185.199.109.133, 185.199.110.133, ...","logger":"airflow.task.hooks.airflow.providers.standard.hooks.subprocess.SubprocessHook"}
{"timestamp":"2025-07-17T08:33:22.463652","level":"info","event":"Connecting to release-assets.githubusercontent.com (release-assets.githubusercontent.com)|185.199.108.133|:443... connected.","logger":"airflow.task.hooks.airflow.providers.standard.hooks.subprocess.SubprocessHook"}
{"timestamp":"2025-07-17T08:33:22.728137","level":"info","event":"HTTP request sent, awaiting response... 200 OK","logger":"airflow.task.hooks.airflow.providers.standard.hooks.subprocess.SubprocessHook"}
{"timestamp":"2025-07-17T08:33:22.728493","level":"info","event":"Length: 4429528 (4.2M) [application/octet-stream]","logger":"airflow.task.hooks.airflow.providers.standard.hooks.subprocess.SubprocessHook"}
{"timestamp":"2025-07-17T08:33:22.728604","level":"info","event":"Saving to: ‘/opt/airflow/yellow_tripdata_2020-04.csv.gz’","logger":"airflow.task.hooks.airflow.providers.standard.hooks.subprocess.SubprocessHook"}
{"timestamp":"2025-07-17T08:33:22.730634","level":"info","event":"","logger":"airflow.task.hooks.airflow.providers.standard.hooks.subprocess.SubprocessHook"}
{"timestamp":"2025-07-17T08:33:22.736423","level":"info","event":"     0K .......... .......... .......... .......... ..........  1% 5.44M 1s","logger":"airflow.task.hooks.airflow.providers.standard.hooks.subprocess.SubprocessHook"}
{"timestamp":"2025-07-17T08:33:22.740626","level":"info","event":"    50K .......... .......... .......... .......... ..........  2% 11.6M 1s","logger":"airflow.task.hooks.airflow.providers.standard.hooks.subprocess.SubprocessHook"}
{"timestamp":"2025-07-17T08:33:22.745720","level":"info","event":"   100K .......... .......... .......... .......... ..........  3% 9.53M 1s","logger":"airflow.task.hooks.airflow.providers.standard.hooks.subprocess.SubprocessHook"}
{"timestamp":"2025-07-17T08:33:22.747156","level":"info","event":"   150K .......... .......... .......... .......... ..........  4% 33.4M 0s","logger":"airflow.task.hooks.airflow.providers.standard.hooks.subprocess.SubprocessHook"}
{"timestamp":"2025-07-17T08:33:22.748861","level":"info","event":"   200K .......... .......... .......... .......... ..........  5% 27.8M 0s","logger":"airflow.task.hooks.airflow.providers.standard.hooks.subprocess.SubprocessHook"}
{"timestamp":"2025-07-17T08:33:22.754045","level":"info","event":"   250K .......... .......... .......... .......... ..........  6% 10.4M 0s","logger":"airflow.task.hooks.airflow.providers.standard.hooks.subprocess.SubprocessHook"}
{"timestamp":"2025-07-17T08:33:22.755001","level":"info","event":"   300K .......... .......... .......... .......... ..........  8% 37.4M 0s","logger":"airflow.task.hooks.airflow.providers.standard.hooks.subprocess.SubprocessHook"}
{"timestamp":"2025-07-17T08:33:22.756721","level":"info","event":"   350K .......... .......... .......... .......... ..........  9% 26.7M 0s","logger":"airflow.task.hooks.airflow.providers.standard.hooks.subprocess.SubprocessHook"}
{"timestamp":"2025-07-17T08:33:22.757073","level":"info","event":"   400K .......... .......... .......... .......... .......... 10%  130M 0s","logger":"airflow.task.hooks.airflow.providers.standard.hooks.subprocess.SubprocessHook"}
{"timestamp":"2025-07-17T08:33:22.757954","level":"info","event":"   450K .......... .......... .......... .......... .......... 11% 60.8M 0s","logger":"airflow.task.hooks.airflow.providers.standard.hooks.subprocess.SubprocessHook"}
{"timestamp":"2025-07-17T08:33:22.760843","level":"info","event":"   500K .......... .......... .......... .......... .......... 12% 16.8M 0s","logger":"airflow.task.hooks.airflow.providers.standard.hooks.subprocess.SubprocessHook"}
{"timestamp":"2025-07-17T08:33:22.761385","level":"info","event":"   550K .......... .......... .......... .......... .......... 13% 79.1M 0s","logger":"airflow.task.hooks.airflow.providers.standard.hooks.subprocess.SubprocessHook"}
{"timestamp":"2025-07-17T08:33:22.767319","level":"info","event":"   600K .......... .......... .......... .......... .......... 15% 8.38M 0s","logger":"airflow.task.hooks.airflow.providers.standard.hooks.subprocess.SubprocessHook"}
{"timestamp":"2025-07-17T08:33:22.768651","level":"info","event":"   650K .......... .......... .......... .......... .......... 16% 34.9M 0s","logger":"airflow.task.hooks.airflow.providers.standard.hooks.subprocess.SubprocessHook"}
{"timestamp":"2025-07-17T08:33:22.770418","level":"info","event":"   700K .......... .......... .......... .......... .......... 17% 45.9M 0s","logger":"airflow.task.hooks.airflow.providers.standard.hooks.subprocess.SubprocessHook"}
{"timestamp":"2025-07-17T08:33:22.770687","level":"info","event":"   750K .......... .......... .......... .......... .......... 18% 49.0M 0s","logger":"airflow.task.hooks.airflow.providers.standard.hooks.subprocess.SubprocessHook"}
{"timestamp":"2025-07-17T08:33:22.772344","level":"info","event":"   800K .......... .......... .......... .......... .......... 19% 29.8M 0s","logger":"airflow.task.hooks.airflow.providers.standard.hooks.subprocess.SubprocessHook"}
{"timestamp":"2025-07-17T08:33:22.772714","level":"info","event":"   850K .......... .......... .......... .......... .......... 20%  138M 0s","logger":"airflow.task.hooks.airflow.providers.standard.hooks.subprocess.SubprocessHook"}
{"timestamp":"2025-07-17T08:33:22.776979","level":"info","event":"   900K .......... .......... .......... .......... .......... 21% 12.8M 0s","logger":"airflow.task.hooks.airflow.providers.standard.hooks.subprocess.SubprocessHook"}
{"timestamp":"2025-07-17T08:33:22.777572","level":"info","event":"   950K .......... .......... .......... .......... .......... 23% 44.9M 0s","logger":"airflow.task.hooks.airflow.providers.standard.hooks.subprocess.SubprocessHook"}
{"timestamp":"2025-07-17T08:33:22.778509","level":"info","event":"  1000K .......... .......... .......... .......... .......... 24% 52.3M 0s","logger":"airflow.task.hooks.airflow.providers.standard.hooks.subprocess.SubprocessHook"}
{"timestamp":"2025-07-17T08:33:22.780645","level":"info","event":"  1050K .......... .......... .......... .......... .......... 25% 23.3M 0s","logger":"airflow.task.hooks.airflow.providers.standard.hooks.subprocess.SubprocessHook"}
{"timestamp":"2025-07-17T08:33:22.781379","level":"info","event":"  1100K .......... .......... .......... .......... .......... 26% 67.1M 0s","logger":"airflow.task.hooks.airflow.providers.standard.hooks.subprocess.SubprocessHook"}
{"timestamp":"2025-07-17T08:33:22.782883","level":"info","event":"  1150K .......... .......... .......... .......... .......... 27% 31.4M 0s","logger":"airflow.task.hooks.airflow.providers.standard.hooks.subprocess.SubprocessHook"}
{"timestamp":"2025-07-17T08:33:22.784009","level":"info","event":"  1200K .......... .......... .......... .......... .......... 28% 43.9M 0s","logger":"airflow.task.hooks.airflow.providers.standard.hooks.subprocess.SubprocessHook"}
{"timestamp":"2025-07-17T08:33:22.784596","level":"info","event":"  1250K .......... .......... .......... .......... .......... 30% 83.8M 0s","logger":"airflow.task.hooks.airflow.providers.standard.hooks.subprocess.SubprocessHook"}
{"timestamp":"2025-07-17T08:33:22.785331","level":"info","event":"  1300K .......... .......... .......... .......... .......... 31% 70.8M 0s","logger":"airflow.task.hooks.airflow.providers.standard.hooks.subprocess.SubprocessHook"}
{"timestamp":"2025-07-17T08:33:22.785922","level":"info","event":"  1350K .......... .......... .......... .......... .......... 32% 77.7M 0s","logger":"airflow.task.hooks.airflow.providers.standard.hooks.subprocess.SubprocessHook"}
{"timestamp":"2025-07-17T08:33:22.788519","level":"info","event":"  1400K .......... .......... .......... .......... .......... 33% 18.8M 0s","logger":"airflow.task.hooks.airflow.providers.standard.hooks.subprocess.SubprocessHook"}
{"timestamp":"2025-07-17T08:33:22.788858","level":"info","event":"  1450K .......... .......... .......... .......... .......... 34%  139M 0s","logger":"airflow.task.hooks.airflow.providers.standard.hooks.subprocess.SubprocessHook"}
{"timestamp":"2025-07-17T08:33:22.789402","level":"info","event":"  1500K .......... .......... .......... .......... .......... 35%  104M 0s","logger":"airflow.task.hooks.airflow.providers.standard.hooks.subprocess.SubprocessHook"}
{"timestamp":"2025-07-17T08:33:22.789894","level":"info","event":"  1550K .......... .......... .......... .......... .......... 36% 82.1M 0s","logger":"airflow.task.hooks.airflow.providers.standard.hooks.subprocess.SubprocessHook"}
{"timestamp":"2025-07-17T08:33:22.791513","level":"info","event":"  1600K .......... .......... .......... .......... .......... 38% 30.4M 0s","logger":"airflow.task.hooks.airflow.providers.standard.hooks.subprocess.SubprocessHook"}
{"timestamp":"2025-07-17T08:33:22.792079","level":"info","event":"  1650K .......... .......... .......... .......... .......... 39% 90.1M 0s","logger":"airflow.task.hooks.airflow.providers.standard.hooks.subprocess.SubprocessHook"}
{"timestamp":"2025-07-17T08:33:22.792919","level":"info","event":"  1700K .......... .......... .......... .......... .......... 40% 72.2M 0s","logger":"airflow.task.hooks.airflow.providers.standard.hooks.subprocess.SubprocessHook"}
{"timestamp":"2025-07-17T08:33:22.794201","level":"info","event":"  1750K .......... .......... .......... .......... .......... 41% 34.1M 0s","logger":"airflow.task.hooks.airflow.providers.standard.hooks.subprocess.SubprocessHook"}
{"timestamp":"2025-07-17T08:33:22.796308","level":"info","event":"  1800K .......... .......... .......... .......... .......... 42% 23.2M 0s","logger":"airflow.task.hooks.airflow.providers.standard.hooks.subprocess.SubprocessHook"}
{"timestamp":"2025-07-17T08:33:22.796588","level":"info","event":"  1850K .......... .......... .......... .......... .......... 43%  147M 0s","logger":"airflow.task.hooks.airflow.providers.standard.hooks.subprocess.SubprocessHook"}
{"timestamp":"2025-07-17T08:33:22.797732","level":"info","event":"  1900K .......... .......... .......... .......... .......... 45% 52.6M 0s","logger":"airflow.task.hooks.airflow.providers.standard.hooks.subprocess.SubprocessHook"}
{"timestamp":"2025-07-17T08:33:22.798305","level":"info","event":"  1950K .......... .......... .......... .......... .......... 46% 61.5M 0s","logger":"airflow.task.hooks.airflow.providers.standard.hooks.subprocess.SubprocessHook"}
{"timestamp":"2025-07-17T08:33:22.800061","level":"info","event":"  2000K .......... .......... .......... .......... .......... 47% 30.4M 0s","logger":"airflow.task.hooks.airflow.providers.standard.hooks.subprocess.SubprocessHook"}
{"timestamp":"2025-07-17T08:33:22.800227","level":"info","event":"  2050K .......... .......... .......... .......... .......... 48%  182M 0s","logger":"airflow.task.hooks.airflow.providers.standard.hooks.subprocess.SubprocessHook"}
{"timestamp":"2025-07-17T08:33:22.802635","level":"info","event":"  2100K .......... .......... .......... .......... .......... 49% 20.6M 0s","logger":"airflow.task.hooks.airflow.providers.standard.hooks.subprocess.SubprocessHook"}
{"timestamp":"2025-07-17T08:33:22.803971","level":"info","event":"  2150K .......... .......... .......... .......... .......... 50% 34.5M 0s","logger":"airflow.task.hooks.airflow.providers.standard.hooks.subprocess.SubprocessHook"}
{"timestamp":"2025-07-17T08:33:22.804906","level":"info","event":"  2200K .......... .......... .......... .......... .......... 52% 53.1M 0s","logger":"airflow.task.hooks.airflow.providers.standard.hooks.subprocess.SubprocessHook"}
{"timestamp":"2025-07-17T08:33:22.805803","level":"info","event":"  2250K .......... .......... .......... .......... .......... 53% 55.0M 0s","logger":"airflow.task.hooks.airflow.providers.standard.hooks.subprocess.SubprocessHook"}
{"timestamp":"2025-07-17T08:33:22.808515","level":"info","event":"  2300K .......... .......... .......... .......... .......... 54% 30.0M 0s","logger":"airflow.task.hooks.airflow.providers.standard.hooks.subprocess.SubprocessHook"}
{"timestamp":"2025-07-17T08:33:22.808746","level":"info","event":"  2350K .......... .......... .......... .......... .......... 55% 42.2M 0s","logger":"airflow.task.hooks.airflow.providers.standard.hooks.subprocess.SubprocessHook"}
{"timestamp":"2025-07-17T08:33:22.809722","level":"info","event":"  2400K .......... .......... .......... .......... .......... 56% 52.1M 0s","logger":"airflow.task.hooks.airflow.providers.standard.hooks.subprocess.SubprocessHook"}
{"timestamp":"2025-07-17T08:33:22.811668","level":"info","event":"  2450K .......... .......... .......... .......... .......... 57% 23.2M 0s","logger":"airflow.task.hooks.airflow.providers.standard.hooks.subprocess.SubprocessHook"}
{"timestamp":"2025-07-17T08:33:22.812142","level":"info","event":"  2500K .......... .......... .......... .......... .......... 58%  215M 0s","logger":"airflow.task.hooks.airflow.providers.standard.hooks.subprocess.SubprocessHook"}
{"timestamp":"2025-07-17T08:33:22.813568","level":"info","event":"  2550K .......... .......... .......... .......... .......... 60% 46.1M 0s","logger":"airflow.task.hooks.airflow.providers.standard.hooks.subprocess.SubprocessHook"}
{"timestamp":"2025-07-17T08:33:22.813655","level":"info","event":"  2600K .......... .......... .......... .......... .......... 61% 63.6M 0s","logger":"airflow.task.hooks.airflow.providers.standard.hooks.subprocess.SubprocessHook"}
{"timestamp":"2025-07-17T08:33:22.815845","level":"info","event":"  2650K .......... .......... .......... .......... .......... 62% 24.6M 0s","logger":"airflow.task.hooks.airflow.providers.standard.hooks.subprocess.SubprocessHook"}
{"timestamp":"2025-07-17T08:33:22.816213","level":"info","event":"  2700K .......... .......... .......... .......... .......... 63% 99.4M 0s","logger":"airflow.task.hooks.airflow.providers.standard.hooks.subprocess.SubprocessHook"}
{"timestamp":"2025-07-17T08:33:22.817555","level":"info","event":"  2750K .......... .......... .......... .......... .......... 64% 36.2M 0s","logger":"airflow.task.hooks.airflow.providers.standard.hooks.subprocess.SubprocessHook"}
{"timestamp":"2025-07-17T08:33:22.818534","level":"info","event":"  2800K .......... .......... .......... .......... .......... 65% 50.4M 0s","logger":"airflow.task.hooks.airflow.providers.standard.hooks.subprocess.SubprocessHook"}
{"timestamp":"2025-07-17T08:33:22.819039","level":"info","event":"  2850K .......... .......... .......... .......... .......... 67% 86.9M 0s","logger":"airflow.task.hooks.airflow.providers.standard.hooks.subprocess.SubprocessHook"}
{"timestamp":"2025-07-17T08:33:22.820338","level":"info","event":"  2900K .......... .......... .......... .......... .......... 68% 38.2M 0s","logger":"airflow.task.hooks.airflow.providers.standard.hooks.subprocess.SubprocessHook"}
{"timestamp":"2025-07-17T08:33:22.821020","level":"info","event":"  2950K .......... .......... .......... .......... .......... 69% 72.4M 0s","logger":"airflow.task.hooks.airflow.providers.standard.hooks.subprocess.SubprocessHook"}
{"timestamp":"2025-07-17T08:33:22.823269","level":"info","event":"  3000K .......... .......... .......... .......... .......... 70% 23.2M 0s","logger":"airflow.task.hooks.airflow.providers.standard.hooks.subprocess.SubprocessHook"}
{"timestamp":"2025-07-17T08:33:22.824098","level":"info","event":"  3050K .......... .......... .......... .......... .......... 71% 52.1M 0s","logger":"airflow.task.hooks.airflow.providers.standard.hooks.subprocess.SubprocessHook"}
{"timestamp":"2025-07-17T08:33:22.824562","level":"info","event":"  3100K .......... .......... .......... .......... .......... 72%  132M 0s","logger":"airflow.task.hooks.airflow.providers.standard.hooks.subprocess.SubprocessHook"}
{"timestamp":"2025-07-17T08:33:22.825773","level":"info","event":"  3150K .......... .......... .......... .......... .......... 73% 35.7M 0s","logger":"airflow.task.hooks.airflow.providers.standard.hooks.subprocess.SubprocessHook"}
{"timestamp":"2025-07-17T08:33:22.827334","level":"info","event":"  3200K .......... .......... .......... .......... .......... 75% 38.8M 0s","logger":"airflow.task.hooks.airflow.providers.standard.hooks.subprocess.SubprocessHook"}
{"timestamp":"2025-07-17T08:33:22.827608","level":"info","event":"  3250K .......... .......... .......... .......... .......... 76% 95.5M 0s","logger":"airflow.task.hooks.airflow.providers.standard.hooks.subprocess.SubprocessHook"}
{"timestamp":"2025-07-17T08:33:22.828844","level":"info","event":"  3300K .......... .......... .......... .......... .......... 77% 40.2M 0s","logger":"airflow.task.hooks.airflow.providers.standard.hooks.subprocess.SubprocessHook"}
{"timestamp":"2025-07-17T08:33:22.829995","level":"info","event":"  3350K .......... .......... .......... .......... .......... 78% 43.4M 0s","logger":"airflow.task.hooks.airflow.providers.standard.hooks.subprocess.SubprocessHook"}
{"timestamp":"2025-07-17T08:33:22.830934","level":"info","event":"  3400K .......... .......... .......... .......... .......... 79% 47.0M 0s","logger":"airflow.task.hooks.airflow.providers.standard.hooks.subprocess.SubprocessHook"}
{"timestamp":"2025-07-17T08:33:22.832202","level":"info","event":"  3450K .......... .......... .......... .......... .......... 80% 40.7M 0s","logger":"airflow.task.hooks.airflow.providers.standard.hooks.subprocess.SubprocessHook"}
{"timestamp":"2025-07-17T08:33:22.832611","level":"info","event":"  3500K .......... .......... .......... .......... .......... 82%  148M 0s","logger":"airflow.task.hooks.airflow.providers.standard.hooks.subprocess.SubprocessHook"}
{"timestamp":"2025-07-17T08:33:22.833491","level":"info","event":"  3550K .......... .......... .......... .......... .......... 83% 51.5M 0s","logger":"airflow.task.hooks.airflow.providers.standard.hooks.subprocess.SubprocessHook"}
{"timestamp":"2025-07-17T08:33:22.835608","level":"info","event":"  3600K .......... .......... .......... .......... .......... 84% 24.4M 0s","logger":"airflow.task.hooks.airflow.providers.standard.hooks.subprocess.SubprocessHook"}
{"timestamp":"2025-07-17T08:33:22.836988","level":"info","event":"  3650K .......... .......... .......... .......... .......... 85% 33.1M 0s","logger":"airflow.task.hooks.airflow.providers.standard.hooks.subprocess.SubprocessHook"}
{"timestamp":"2025-07-17T08:33:22.837905","level":"info","event":"  3700K .......... .......... .......... .......... .......... 86% 50.8M 0s","logger":"airflow.task.hooks.airflow.providers.standard.hooks.subprocess.SubprocessHook"}
{"timestamp":"2025-07-17T08:33:22.838919","level":"info","event":"  3750K .......... .......... .......... .......... .......... 87% 46.6M 0s","logger":"airflow.task.hooks.airflow.providers.standard.hooks.subprocess.SubprocessHook"}
{"timestamp":"2025-07-17T08:33:22.839480","level":"info","event":"  3800K .......... .......... .......... .......... .......... 89%  167M 0s","logger":"airflow.task.hooks.airflow.providers.standard.hooks.subprocess.SubprocessHook"}
{"timestamp":"2025-07-17T08:33:22.840013","level":"info","event":"  3850K .......... .......... .......... .......... .......... 90% 57.4M 0s","logger":"airflow.task.hooks.airflow.providers.standard.hooks.subprocess.SubprocessHook"}
{"timestamp":"2025-07-17T08:33:22.842558","level":"info","event":"  3900K .......... .......... .......... .......... .......... 91% 84.4M 0s","logger":"airflow.task.hooks.airflow.providers.standard.hooks.subprocess.SubprocessHook"}
{"timestamp":"2025-07-17T08:33:22.843697","level":"info","event":"  3950K .......... .......... .......... .......... .......... 92% 15.8M 0s","logger":"airflow.task.hooks.airflow.providers.standard.hooks.subprocess.SubprocessHook"}
{"timestamp":"2025-07-17T08:33:22.844495","level":"info","event":"  4000K .......... .......... .......... .......... .......... 93% 63.5M 0s","logger":"airflow.task.hooks.airflow.providers.standard.hooks.subprocess.SubprocessHook"}
{"timestamp":"2025-07-17T08:33:22.844660","level":"info","event":"  4050K .......... .......... .......... .......... .......... 94%  263M 0s","logger":"airflow.task.hooks.airflow.providers.standard.hooks.subprocess.SubprocessHook"}
{"timestamp":"2025-07-17T08:33:22.845510","level":"info","event":"  4100K .......... .......... .......... .......... .......... 95% 57.9M 0s","logger":"airflow.task.hooks.airflow.providers.standard.hooks.subprocess.SubprocessHook"}
{"timestamp":"2025-07-17T08:33:22.846852","level":"info","event":"  4150K .......... .......... .......... .......... .......... 97% 36.8M 0s","logger":"airflow.task.hooks.airflow.providers.standard.hooks.subprocess.SubprocessHook"}
{"timestamp":"2025-07-17T08:33:22.848804","level":"info","event":"  4200K .......... .......... .......... .......... .......... 98% 24.8M 0s","logger":"airflow.task.hooks.airflow.providers.standard.hooks.subprocess.SubprocessHook"}
{"timestamp":"2025-07-17T08:33:22.850081","level":"info","event":"  4250K .......... .......... .......... .......... .......... 99% 41.5M 0s","logger":"airflow.task.hooks.airflow.providers.standard.hooks.subprocess.SubprocessHook"}
{"timestamp":"2025-07-17T08:33:22.850472","level":"info","event":"  4300K .......... .......... .....                           100% 50.4M=0.1s","logger":"airflow.task.hooks.airflow.providers.standard.hooks.subprocess.SubprocessHook"}
{"timestamp":"2025-07-17T08:33:22.850569","level":"info","event":"","logger":"airflow.task.hooks.airflow.providers.standard.hooks.subprocess.SubprocessHook"}
{"timestamp":"2025-07-17T08:33:22.850614","level":"info","event":"2025-07-17 08:33:22 (34.3 MB/s) - ‘/opt/airflow/yellow_tripdata_2020-04.csv.gz’ saved [4429528/4429528]","logger":"airflow.task.hooks.airflow.providers.standard.hooks.subprocess.SubprocessHook"}
{"timestamp":"2025-07-17T08:33:22.850677","level":"info","event":"","logger":"airflow.task.hooks.airflow.providers.standard.hooks.subprocess.SubprocessHook"}
{"timestamp":"2025-07-17T08:33:23.048689","level":"info","event":"Command exited with return code 0","logger":"airflow.task.hooks.airflow.providers.standard.hooks.subprocess.SubprocessHook"}
{"timestamp":"2025-07-17T08:33:23.049724","level":"info","event":"Pushing xcom","ti":"RuntimeTaskInstance(id=UUID('01981784-4365-75ec-a1cc-78511ca61f97'), task_id='wget_trips_csvgz', dag_id='local_ingestion_pg_yellow', run_id='scheduled__2020-04-02T06:00:00+00:00', try_number=3, map_index=-1, hostname='3f7f1d329e72', context_carrier={}, task=<Task(BashOperator): wget_trips_csvgz>, bundle_instance=LocalDagBundle(name=dags-folder), max_tries=2, start_date=datetime.datetime(2025, 7, 17, 8, 33, 21, 430778, tzinfo=TzInfo(UTC)), end_date=None, state=<TaskInstanceState.RUNNING: 'running'>, is_mapped=False, rendered_map_index=None)","logger":"task"}
