{"timestamp":"2025-07-17T06:28:46.868847","level":"info","event":"DAG bundles loaded: dags-folder","logger":"airflow.dag_processing.bundles.manager.DagBundlesManager"}
{"timestamp":"2025-07-17T06:28:46.869669","level":"info","event":"Filling up the DagBag from /opt/airflow/dags/data_ingestion_localpg_dag.py","logger":"airflow.models.dagbag.DagBag"}
{"timestamp":"2025-07-17T06:28:47.246545","level":"info","event":"Tmp dir root location: /tmp","logger":"airflow.task.hooks.airflow.providers.standard.hooks.subprocess.SubprocessHook"}
{"timestamp":"2025-07-17T06:28:47.249378","level":"info","event":"Running command: ['/usr/bin/bash', '-c', 'wget https://github.com/DataTalksClub/nyc-tlc-data/releases/download/yellow/yellow_tripdata_2020-04.csv.gz -O /opt/airflow/yellow_tripdata_2020-04.csv.gz && gunzip -f /opt/airflow/yellow_tripdata_2020-04.csv.gz || rm -f /opt/airflow/yellow_tripdata_2020-04.csv.gz']","logger":"airflow.task.hooks.airflow.providers.standard.hooks.subprocess.SubprocessHook"}
{"timestamp":"2025-07-17T06:28:47.267610","level":"info","event":"Output:","logger":"airflow.task.hooks.airflow.providers.standard.hooks.subprocess.SubprocessHook"}
{"timestamp":"2025-07-17T06:28:47.306887","level":"info","event":"--2025-07-17 06:28:47--  https://github.com/DataTalksClub/nyc-tlc-data/releases/download/yellow/yellow_tripdata_2020-04.csv.gz","logger":"airflow.task.hooks.airflow.providers.standard.hooks.subprocess.SubprocessHook"}
{"timestamp":"2025-07-17T06:28:47.368454","level":"info","event":"Resolving github.com (github.com)... 20.205.243.166","logger":"airflow.task.hooks.airflow.providers.standard.hooks.subprocess.SubprocessHook"}
{"timestamp":"2025-07-17T06:28:47.379789","level":"info","event":"Connecting to github.com (github.com)|20.205.243.166|:443... connected.","logger":"airflow.task.hooks.airflow.providers.standard.hooks.subprocess.SubprocessHook"}
{"timestamp":"2025-07-17T06:28:47.726398","level":"info","event":"HTTP request sent, awaiting response... 302 Found","logger":"airflow.task.hooks.airflow.providers.standard.hooks.subprocess.SubprocessHook"}
{"timestamp":"2025-07-17T06:28:47.726596","level":"info","event":"Location: https://release-assets.githubusercontent.com/github-production-release-asset/513814948/3a5b385e-7c0e-40bc-a73e-ae68a584a73a?sp=r&sv=2018-11-09&sr=b&spr=https&se=2025-07-17T07%3A02%3A24Z&rscd=attachment%3B+filename%3Dyellow_tripdata_2020-04.csv.gz&rsct=application%2Foctet-stream&skoid=96c2d410-5711-43a1-aedd-ab1947aa7ab0&sktid=398a6654-997b-47e9-b12b-9515b896b4de&skt=2025-07-17T06%3A02%3A00Z&ske=2025-07-17T07%3A02%3A24Z&sks=b&skv=2018-11-09&sig=n1BzYeR2zsunFnKKiJ%2FhRNreNboxI8ti40aFNieJlJ4%3D&jwt=eyJ******&response-content-disposition=attachment%3B%20filename%3Dyellow_tripdata_2020-04.csv.gz&response-content-type=application%2Foctet-stream [following]","logger":"airflow.task.hooks.airflow.providers.standard.hooks.subprocess.SubprocessHook"}
{"timestamp":"2025-07-17T06:28:47.726705","level":"info","event":"--2025-07-17 06:28:47--  https://release-assets.githubusercontent.com/github-production-release-asset/513814948/3a5b385e-7c0e-40bc-a73e-ae68a584a73a?sp=r&sv=2018-11-09&sr=b&spr=https&se=2025-07-17T07%3A02%3A24Z&rscd=attachment%3B+filename%3Dyellow_tripdata_2020-04.csv.gz&rsct=application%2Foctet-stream&skoid=96c2d410-5711-43a1-aedd-ab1947aa7ab0&sktid=398a6654-997b-47e9-b12b-9515b896b4de&skt=2025-07-17T06%3A02%3A00Z&ske=2025-07-17T07%3A02%3A24Z&sks=b&skv=2018-11-09&sig=n1BzYeR2zsunFnKKiJ%2FhRNreNboxI8ti40aFNieJlJ4%3D&jwt=eyJ******&response-content-disposition=attachment%3B%20filename%3Dyellow_tripdata_2020-04.csv.gz&response-content-type=application%2Foctet-stream","logger":"airflow.task.hooks.airflow.providers.standard.hooks.subprocess.SubprocessHook"}
{"timestamp":"2025-07-17T06:28:47.751096","level":"info","event":"Resolving release-assets.githubusercontent.com (release-assets.githubusercontent.com)... 185.199.108.133, 185.199.109.133, 185.199.110.133, ...","logger":"airflow.task.hooks.airflow.providers.standard.hooks.subprocess.SubprocessHook"}
{"timestamp":"2025-07-17T06:28:47.767093","level":"info","event":"Connecting to release-assets.githubusercontent.com (release-assets.githubusercontent.com)|185.199.108.133|:443... connected.","logger":"airflow.task.hooks.airflow.providers.standard.hooks.subprocess.SubprocessHook"}
{"timestamp":"2025-07-17T06:28:48.075326","level":"info","event":"HTTP request sent, awaiting response... 200 OK","logger":"airflow.task.hooks.airflow.providers.standard.hooks.subprocess.SubprocessHook"}
{"timestamp":"2025-07-17T06:28:48.075678","level":"info","event":"Length: 4429528 (4.2M) [application/octet-stream]","logger":"airflow.task.hooks.airflow.providers.standard.hooks.subprocess.SubprocessHook"}
{"timestamp":"2025-07-17T06:28:48.075740","level":"info","event":"Saving to: ‘/opt/airflow/yellow_tripdata_2020-04.csv.gz’","logger":"airflow.task.hooks.airflow.providers.standard.hooks.subprocess.SubprocessHook"}
{"timestamp":"2025-07-17T06:28:48.079714","level":"info","event":"","logger":"airflow.task.hooks.airflow.providers.standard.hooks.subprocess.SubprocessHook"}
{"timestamp":"2025-07-17T06:28:48.085052","level":"info","event":"     0K .......... .......... .......... .......... ..........  1% 4.90M 1s","logger":"airflow.task.hooks.airflow.providers.standard.hooks.subprocess.SubprocessHook"}
{"timestamp":"2025-07-17T06:28:48.096395","level":"info","event":"    50K .......... .......... .......... .......... ..........  2% 4.66M 1s","logger":"airflow.task.hooks.airflow.providers.standard.hooks.subprocess.SubprocessHook"}
{"timestamp":"2025-07-17T06:28:48.103305","level":"info","event":"   100K .......... .......... .......... .......... ..........  3% 9.76M 1s","logger":"airflow.task.hooks.airflow.providers.standard.hooks.subprocess.SubprocessHook"}
{"timestamp":"2025-07-17T06:28:48.107064","level":"info","event":"   150K .......... .......... .......... .......... ..........  4% 8.21M 1s","logger":"airflow.task.hooks.airflow.providers.standard.hooks.subprocess.SubprocessHook"}
{"timestamp":"2025-07-17T06:28:48.109613","level":"info","event":"   200K .......... .......... .......... .......... ..........  5% 17.4M 1s","logger":"airflow.task.hooks.airflow.providers.standard.hooks.subprocess.SubprocessHook"}
{"timestamp":"2025-07-17T06:28:48.109856","level":"info","event":"   250K .......... .......... .......... .......... ..........  6%  122M 0s","logger":"airflow.task.hooks.airflow.providers.standard.hooks.subprocess.SubprocessHook"}
{"timestamp":"2025-07-17T06:28:48.110389","level":"info","event":"   300K .......... .......... .......... .......... ..........  8%  193M 0s","logger":"airflow.task.hooks.airflow.providers.standard.hooks.subprocess.SubprocessHook"}
{"timestamp":"2025-07-17T06:28:48.112900","level":"info","event":"   350K .......... .......... .......... .......... ..........  9% 22.0M 0s","logger":"airflow.task.hooks.airflow.providers.standard.hooks.subprocess.SubprocessHook"}
{"timestamp":"2025-07-17T06:28:48.114712","level":"info","event":"   400K .......... .......... .......... .......... .......... 10% 28.8M 0s","logger":"airflow.task.hooks.airflow.providers.standard.hooks.subprocess.SubprocessHook"}
{"timestamp":"2025-07-17T06:28:48.119521","level":"info","event":"   450K .......... .......... .......... .......... .......... 11% 9.41M 0s","logger":"airflow.task.hooks.airflow.providers.standard.hooks.subprocess.SubprocessHook"}
{"timestamp":"2025-07-17T06:28:48.120730","level":"info","event":"   500K .......... .......... .......... .......... .......... 12% 32.0M 0s","logger":"airflow.task.hooks.airflow.providers.standard.hooks.subprocess.SubprocessHook"}
{"timestamp":"2025-07-17T06:28:48.120798","level":"info","event":"   550K .......... .......... .......... .......... .......... 13%  242M 0s","logger":"airflow.task.hooks.airflow.providers.standard.hooks.subprocess.SubprocessHook"}
{"timestamp":"2025-07-17T06:28:48.122887","level":"info","event":"   600K .......... .......... .......... .......... .......... 15% 25.6M 0s","logger":"airflow.task.hooks.airflow.providers.standard.hooks.subprocess.SubprocessHook"}
{"timestamp":"2025-07-17T06:28:48.123084","level":"info","event":"   650K .......... .......... .......... .......... .......... 16%  146M 0s","logger":"airflow.task.hooks.airflow.providers.standard.hooks.subprocess.SubprocessHook"}
{"timestamp":"2025-07-17T06:28:48.124141","level":"info","event":"   700K .......... .......... .......... .......... .......... 17% 45.5M 0s","logger":"airflow.task.hooks.airflow.providers.standard.hooks.subprocess.SubprocessHook"}
{"timestamp":"2025-07-17T06:28:48.125204","level":"info","event":"   750K .......... .......... .......... .......... .......... 18%  145M 0s","logger":"airflow.task.hooks.airflow.providers.standard.hooks.subprocess.SubprocessHook"}
{"timestamp":"2025-07-17T06:28:48.130107","level":"info","event":"   800K .......... .......... .......... .......... .......... 19% 14.3M 0s","logger":"airflow.task.hooks.airflow.providers.standard.hooks.subprocess.SubprocessHook"}
{"timestamp":"2025-07-17T06:28:48.140108","level":"info","event":"   850K .......... .......... .......... .......... .......... 20% 4.32M 0s","logger":"airflow.task.hooks.airflow.providers.standard.hooks.subprocess.SubprocessHook"}
{"timestamp":"2025-07-17T06:28:48.141242","level":"info","event":"   900K .......... .......... .......... .......... .......... 21%  234M 0s","logger":"airflow.task.hooks.airflow.providers.standard.hooks.subprocess.SubprocessHook"}
{"timestamp":"2025-07-17T06:28:48.141351","level":"info","event":"   950K .......... .......... .......... .......... .......... 23%  167M 0s","logger":"airflow.task.hooks.airflow.providers.standard.hooks.subprocess.SubprocessHook"}
{"timestamp":"2025-07-17T06:28:48.143120","level":"info","event":"  1000K .......... .......... .......... .......... .......... 24% 16.5M 0s","logger":"airflow.task.hooks.airflow.providers.standard.hooks.subprocess.SubprocessHook"}
{"timestamp":"2025-07-17T06:28:48.143857","level":"info","event":"  1050K .......... .......... .......... .......... .......... 25% 50.0M 0s","logger":"airflow.task.hooks.airflow.providers.standard.hooks.subprocess.SubprocessHook"}
{"timestamp":"2025-07-17T06:28:48.144434","level":"info","event":"  1100K .......... .......... .......... .......... .......... 26%  207M 0s","logger":"airflow.task.hooks.airflow.providers.standard.hooks.subprocess.SubprocessHook"}
{"timestamp":"2025-07-17T06:28:48.145866","level":"info","event":"  1150K .......... .......... .......... .......... .......... 27% 25.3M 0s","logger":"airflow.task.hooks.airflow.providers.standard.hooks.subprocess.SubprocessHook"}
{"timestamp":"2025-07-17T06:28:48.152123","level":"info","event":"  1200K .......... .......... .......... .......... .......... 28% 8.79M 0s","logger":"airflow.task.hooks.airflow.providers.standard.hooks.subprocess.SubprocessHook"}
{"timestamp":"2025-07-17T06:28:48.164956","level":"info","event":"  1250K .......... .......... .......... .......... .......... 30% 4.39M 0s","logger":"airflow.task.hooks.airflow.providers.standard.hooks.subprocess.SubprocessHook"}
{"timestamp":"2025-07-17T06:28:48.165150","level":"info","event":"  1300K .......... .......... .......... .......... .......... 31% 61.8M 0s","logger":"airflow.task.hooks.airflow.providers.standard.hooks.subprocess.SubprocessHook"}
{"timestamp":"2025-07-17T06:28:48.166476","level":"info","event":"  1350K .......... .......... .......... .......... .......... 32% 15.0M 0s","logger":"airflow.task.hooks.airflow.providers.standard.hooks.subprocess.SubprocessHook"}
{"timestamp":"2025-07-17T06:28:48.166650","level":"info","event":"  1400K .......... .......... .......... .......... .......... 33%  204M 0s","logger":"airflow.task.hooks.airflow.providers.standard.hooks.subprocess.SubprocessHook"}
{"timestamp":"2025-07-17T06:28:48.172396","level":"info","event":"  1450K .......... .......... .......... .......... .......... 34% 10.6M 0s","logger":"airflow.task.hooks.airflow.providers.standard.hooks.subprocess.SubprocessHook"}
{"timestamp":"2025-07-17T06:28:48.175632","level":"info","event":"  1500K .......... .......... .......... .......... .......... 35% 27.4M 0s","logger":"airflow.task.hooks.airflow.providers.standard.hooks.subprocess.SubprocessHook"}
{"timestamp":"2025-07-17T06:28:48.176103","level":"info","event":"  1550K .......... .......... .......... .......... .......... 36%  142M 0s","logger":"airflow.task.hooks.airflow.providers.standard.hooks.subprocess.SubprocessHook"}
{"timestamp":"2025-07-17T06:28:48.178454","level":"info","event":"  1600K .......... .......... .......... .......... .......... 38% 15.0M 0s","logger":"airflow.task.hooks.airflow.providers.standard.hooks.subprocess.SubprocessHook"}
{"timestamp":"2025-07-17T06:28:48.182249","level":"info","event":"  1650K .......... .......... .......... .......... .......... 39% 18.4M 0s","logger":"airflow.task.hooks.airflow.providers.standard.hooks.subprocess.SubprocessHook"}
{"timestamp":"2025-07-17T06:28:48.183564","level":"info","event":"  1700K .......... .......... .......... .......... .......... 40% 12.8M 0s","logger":"airflow.task.hooks.airflow.providers.standard.hooks.subprocess.SubprocessHook"}
{"timestamp":"2025-07-17T06:28:48.186970","level":"info","event":"  1750K .......... .......... .......... .......... .......... 41% 30.4M 0s","logger":"airflow.task.hooks.airflow.providers.standard.hooks.subprocess.SubprocessHook"}
{"timestamp":"2025-07-17T06:28:48.194935","level":"info","event":"  1800K .......... .......... .......... .......... .......... 42% 5.03M 0s","logger":"airflow.task.hooks.airflow.providers.standard.hooks.subprocess.SubprocessHook"}
{"timestamp":"2025-07-17T06:28:48.197688","level":"info","event":"  1850K .......... .......... .......... .......... .......... 43% 55.8M 0s","logger":"airflow.task.hooks.airflow.providers.standard.hooks.subprocess.SubprocessHook"}
{"timestamp":"2025-07-17T06:28:48.197848","level":"info","event":"  1900K .......... .......... .......... .......... .......... 45% 20.1M 0s","logger":"airflow.task.hooks.airflow.providers.standard.hooks.subprocess.SubprocessHook"}
{"timestamp":"2025-07-17T06:28:48.201164","level":"info","event":"  1950K .......... .......... .......... .......... .......... 46% 15.4M 0s","logger":"airflow.task.hooks.airflow.providers.standard.hooks.subprocess.SubprocessHook"}
{"timestamp":"2025-07-17T06:28:48.201932","level":"info","event":"  2000K .......... .......... .......... .......... .......... 47% 60.7M 0s","logger":"airflow.task.hooks.airflow.providers.standard.hooks.subprocess.SubprocessHook"}
{"timestamp":"2025-07-17T06:28:48.202322","level":"info","event":"  2050K .......... .......... .......... .......... .......... 48% 79.3M 0s","logger":"airflow.task.hooks.airflow.providers.standard.hooks.subprocess.SubprocessHook"}
{"timestamp":"2025-07-17T06:28:48.202777","level":"info","event":"  2100K .......... .......... .......... .......... .......... 49%  132M 0s","logger":"airflow.task.hooks.airflow.providers.standard.hooks.subprocess.SubprocessHook"}
{"timestamp":"2025-07-17T06:28:48.204011","level":"info","event":"  2150K .......... .......... .......... .......... .......... 50% 39.0M 0s","logger":"airflow.task.hooks.airflow.providers.standard.hooks.subprocess.SubprocessHook"}
{"timestamp":"2025-07-17T06:28:48.208681","level":"info","event":"  2200K .......... .......... .......... .......... .......... 52% 11.8M 0s","logger":"airflow.task.hooks.airflow.providers.standard.hooks.subprocess.SubprocessHook"}
{"timestamp":"2025-07-17T06:28:48.210157","level":"info","event":"  2250K .......... .......... .......... .......... .......... 53% 27.4M 0s","logger":"airflow.task.hooks.airflow.providers.standard.hooks.subprocess.SubprocessHook"}
{"timestamp":"2025-07-17T06:28:48.213740","level":"info","event":"  2300K .......... .......... .......... .......... .......... 54% 14.0M 0s","logger":"airflow.task.hooks.airflow.providers.standard.hooks.subprocess.SubprocessHook"}
{"timestamp":"2025-07-17T06:28:48.214096","level":"info","event":"  2350K .......... .......... .......... .......... .......... 55% 75.3M 0s","logger":"airflow.task.hooks.airflow.providers.standard.hooks.subprocess.SubprocessHook"}
{"timestamp":"2025-07-17T06:28:48.219288","level":"info","event":"  2400K .......... .......... .......... .......... .......... 56% 10.9M 0s","logger":"airflow.task.hooks.airflow.providers.standard.hooks.subprocess.SubprocessHook"}
{"timestamp":"2025-07-17T06:28:48.222485","level":"info","event":"  2450K .......... .......... .......... .......... .......... 57% 12.8M 0s","logger":"airflow.task.hooks.airflow.providers.standard.hooks.subprocess.SubprocessHook"}
{"timestamp":"2025-07-17T06:28:48.236532","level":"info","event":"  2500K .......... .......... .......... .......... .......... 58% 4.41M 0s","logger":"airflow.task.hooks.airflow.providers.standard.hooks.subprocess.SubprocessHook"}
{"timestamp":"2025-07-17T06:28:48.240562","level":"info","event":"  2550K .......... .......... .......... .......... .......... 60% 8.42M 0s","logger":"airflow.task.hooks.airflow.providers.standard.hooks.subprocess.SubprocessHook"}
{"timestamp":"2025-07-17T06:28:48.241784","level":"info","event":"  2600K .......... .......... .......... .......... .......... 61% 35.0M 0s","logger":"airflow.task.hooks.airflow.providers.standard.hooks.subprocess.SubprocessHook"}
{"timestamp":"2025-07-17T06:28:48.242679","level":"info","event":"  2650K .......... .......... .......... .......... .......... 62% 25.4M 0s","logger":"airflow.task.hooks.airflow.providers.standard.hooks.subprocess.SubprocessHook"}
{"timestamp":"2025-07-17T06:28:48.243615","level":"info","event":"  2700K .......... .......... .......... .......... .......... 63% 57.8M 0s","logger":"airflow.task.hooks.airflow.providers.standard.hooks.subprocess.SubprocessHook"}
{"timestamp":"2025-07-17T06:28:48.245568","level":"info","event":"  2750K .......... .......... .......... .......... .......... 64% 24.7M 0s","logger":"airflow.task.hooks.airflow.providers.standard.hooks.subprocess.SubprocessHook"}
{"timestamp":"2025-07-17T06:28:48.248312","level":"info","event":"  2800K .......... .......... .......... .......... .......... 65% 19.3M 0s","logger":"airflow.task.hooks.airflow.providers.standard.hooks.subprocess.SubprocessHook"}
{"timestamp":"2025-07-17T06:28:48.249805","level":"info","event":"  2850K .......... .......... .......... .......... .......... 67% 45.3M 0s","logger":"airflow.task.hooks.airflow.providers.standard.hooks.subprocess.SubprocessHook"}
{"timestamp":"2025-07-17T06:28:48.253903","level":"info","event":"  2900K .......... .......... .......... .......... .......... 68% 39.5M 0s","logger":"airflow.task.hooks.airflow.providers.standard.hooks.subprocess.SubprocessHook"}
{"timestamp":"2025-07-17T06:28:48.255814","level":"info","event":"  2950K .......... .......... .......... .......... .......... 69% 9.53M 0s","logger":"airflow.task.hooks.airflow.providers.standard.hooks.subprocess.SubprocessHook"}
{"timestamp":"2025-07-17T06:28:48.263011","level":"info","event":"  3000K .......... .......... .......... .......... .......... 70% 11.2M 0s","logger":"airflow.task.hooks.airflow.providers.standard.hooks.subprocess.SubprocessHook"}
{"timestamp":"2025-07-17T06:28:48.263610","level":"info","event":"  3050K .......... .......... .......... .......... .......... 71% 20.6M 0s","logger":"airflow.task.hooks.airflow.providers.standard.hooks.subprocess.SubprocessHook"}
{"timestamp":"2025-07-17T06:28:48.268210","level":"info","event":"  3100K .......... .......... .......... .......... .......... 72% 9.02M 0s","logger":"airflow.task.hooks.airflow.providers.standard.hooks.subprocess.SubprocessHook"}
{"timestamp":"2025-07-17T06:28:48.274738","level":"info","event":"  3150K .......... .......... .......... .......... .......... 73% 8.39M 0s","logger":"airflow.task.hooks.airflow.providers.standard.hooks.subprocess.SubprocessHook"}
{"timestamp":"2025-07-17T06:28:48.275544","level":"info","event":"  3200K .......... .......... .......... .......... .......... 75% 28.8M 0s","logger":"airflow.task.hooks.airflow.providers.standard.hooks.subprocess.SubprocessHook"}
{"timestamp":"2025-07-17T06:28:48.294107","level":"info","event":"  3250K .......... .......... .......... .......... .......... 76% 4.11M 0s","logger":"airflow.task.hooks.airflow.providers.standard.hooks.subprocess.SubprocessHook"}
{"timestamp":"2025-07-17T06:28:48.294265","level":"info","event":"  3300K .......... .......... .......... .......... .......... 77% 8.20M 0s","logger":"airflow.task.hooks.airflow.providers.standard.hooks.subprocess.SubprocessHook"}
{"timestamp":"2025-07-17T06:28:48.294293","level":"info","event":"  3350K .......... .......... .......... .......... .......... 78%  107M 0s","logger":"airflow.task.hooks.airflow.providers.standard.hooks.subprocess.SubprocessHook"}
{"timestamp":"2025-07-17T06:28:48.296963","level":"info","event":"  3400K .......... .......... .......... .......... .......... 79% 15.1M 0s","logger":"airflow.task.hooks.airflow.providers.standard.hooks.subprocess.SubprocessHook"}
{"timestamp":"2025-07-17T06:28:48.297064","level":"info","event":"  3450K .......... .......... .......... .......... .......... 80%  130M 0s","logger":"airflow.task.hooks.airflow.providers.standard.hooks.subprocess.SubprocessHook"}
{"timestamp":"2025-07-17T06:28:48.298031","level":"info","event":"  3500K .......... .......... .......... .......... .......... 82% 49.7M 0s","logger":"airflow.task.hooks.airflow.providers.standard.hooks.subprocess.SubprocessHook"}
{"timestamp":"2025-07-17T06:28:48.300166","level":"info","event":"  3550K .......... .......... .......... .......... .......... 83% 38.1M 0s","logger":"airflow.task.hooks.airflow.providers.standard.hooks.subprocess.SubprocessHook"}
{"timestamp":"2025-07-17T06:28:48.304334","level":"info","event":"  3600K .......... .......... .......... .......... .......... 84% 29.6M 0s","logger":"airflow.task.hooks.airflow.providers.standard.hooks.subprocess.SubprocessHook"}
{"timestamp":"2025-07-17T06:28:48.304461","level":"info","event":"  3650K .......... .......... .......... .......... .......... 85% 23.6M 0s","logger":"airflow.task.hooks.airflow.providers.standard.hooks.subprocess.SubprocessHook"}
{"timestamp":"2025-07-17T06:28:48.304522","level":"info","event":"  3700K .......... .......... .......... .......... .......... 86% 60.4M 0s","logger":"airflow.task.hooks.airflow.providers.standard.hooks.subprocess.SubprocessHook"}
{"timestamp":"2025-07-17T06:28:48.310842","level":"info","event":"  3750K .......... .......... .......... .......... .......... 87% 8.08M 0s","logger":"airflow.task.hooks.airflow.providers.standard.hooks.subprocess.SubprocessHook"}
{"timestamp":"2025-07-17T06:28:48.311644","level":"info","event":"  3800K .......... .......... .......... .......... .......... 89% 27.7M 0s","logger":"airflow.task.hooks.airflow.providers.standard.hooks.subprocess.SubprocessHook"}
{"timestamp":"2025-07-17T06:28:48.313367","level":"info","event":"  3850K .......... .......... .......... .......... .......... 90% 28.4M 0s","logger":"airflow.task.hooks.airflow.providers.standard.hooks.subprocess.SubprocessHook"}
{"timestamp":"2025-07-17T06:28:48.315309","level":"info","event":"  3900K .......... .......... .......... .......... .......... 91% 37.8M 0s","logger":"airflow.task.hooks.airflow.providers.standard.hooks.subprocess.SubprocessHook"}
{"timestamp":"2025-07-17T06:28:48.316700","level":"info","event":"  3950K .......... .......... .......... .......... .......... 92% 74.8M 0s","logger":"airflow.task.hooks.airflow.providers.standard.hooks.subprocess.SubprocessHook"}
{"timestamp":"2025-07-17T06:28:48.320035","level":"info","event":"  4000K .......... .......... .......... .......... .......... 93% 14.3M 0s","logger":"airflow.task.hooks.airflow.providers.standard.hooks.subprocess.SubprocessHook"}
{"timestamp":"2025-07-17T06:28:48.327572","level":"info","event":"  4050K .......... .......... .......... .......... .......... 94% 11.3M 0s","logger":"airflow.task.hooks.airflow.providers.standard.hooks.subprocess.SubprocessHook"}
{"timestamp":"2025-07-17T06:28:48.330416","level":"info","event":"  4100K .......... .......... .......... .......... .......... 95% 8.74M 0s","logger":"airflow.task.hooks.airflow.providers.standard.hooks.subprocess.SubprocessHook"}
{"timestamp":"2025-07-17T06:28:48.332472","level":"info","event":"  4150K .......... .......... .......... .......... .......... 97% 12.9M 0s","logger":"airflow.task.hooks.airflow.providers.standard.hooks.subprocess.SubprocessHook"}
{"timestamp":"2025-07-17T06:28:48.333971","level":"info","event":"  4200K .......... .......... .......... .......... .......... 98% 40.3M 0s","logger":"airflow.task.hooks.airflow.providers.standard.hooks.subprocess.SubprocessHook"}
{"timestamp":"2025-07-17T06:28:48.334531","level":"info","event":"  4250K .......... .......... .......... .......... .......... 99% 53.7M 0s","logger":"airflow.task.hooks.airflow.providers.standard.hooks.subprocess.SubprocessHook"}
{"timestamp":"2025-07-17T06:28:48.335631","level":"info","event":"  4300K .......... .......... .....                           100% 42.8M=0.3s","logger":"airflow.task.hooks.airflow.providers.standard.hooks.subprocess.SubprocessHook"}
{"timestamp":"2025-07-17T06:28:48.335886","level":"info","event":"","logger":"airflow.task.hooks.airflow.providers.standard.hooks.subprocess.SubprocessHook"}
{"timestamp":"2025-07-17T06:28:48.336079","level":"info","event":"2025-07-17 06:28:48 (16.3 MB/s) - ‘/opt/airflow/yellow_tripdata_2020-04.csv.gz’ saved [4429528/4429528]","logger":"airflow.task.hooks.airflow.providers.standard.hooks.subprocess.SubprocessHook"}
{"timestamp":"2025-07-17T06:28:48.337022","level":"info","event":"","logger":"airflow.task.hooks.airflow.providers.standard.hooks.subprocess.SubprocessHook"}
{"timestamp":"2025-07-17T06:28:48.666388","level":"info","event":"Command exited with return code 0","logger":"airflow.task.hooks.airflow.providers.standard.hooks.subprocess.SubprocessHook"}
{"timestamp":"2025-07-17T06:28:48.672738","level":"info","event":"Pushing xcom","ti":"RuntimeTaskInstance(id=UUID('01981712-3665-7d93-bb65-3c4a1254579b'), task_id='wget_trips_csvgz', dag_id='local_ingestion_pg_yellow', run_id='scheduled__2020-04-02T06:00:00+00:00', try_number=1, map_index=-1, hostname='3f7f1d329e72', context_carrier={}, task=<Task(BashOperator): wget_trips_csvgz>, bundle_instance=LocalDagBundle(name=dags-folder), max_tries=0, start_date=datetime.datetime(2025, 7, 17, 6, 28, 46, 569030, tzinfo=TzInfo(UTC)), end_date=None, state=<TaskInstanceState.RUNNING: 'running'>, is_mapped=False, rendered_map_index=None)","logger":"task"}
{"timestamp":"2025-07-17T07:55:12.889724","level":"info","event":"DAG bundles loaded: dags-folder","logger":"airflow.dag_processing.bundles.manager.DagBundlesManager"}
{"timestamp":"2025-07-17T07:55:12.891457","level":"info","event":"Filling up the DagBag from /opt/airflow/dags/data_ingestion_localpg_dag.py","logger":"airflow.models.dagbag.DagBag"}
{"timestamp":"2025-07-17T07:55:14.072157","level":"info","event":"Tmp dir root location: /tmp","logger":"airflow.task.hooks.airflow.providers.standard.hooks.subprocess.SubprocessHook"}
{"timestamp":"2025-07-17T07:55:14.086533","level":"info","event":"Running command: ['/usr/bin/bash', '-c', 'wget https://github.com/DataTalksClub/nyc-tlc-data/releases/download/green/yellow_tripdata_2020-04.csv.gz -O /opt/airflow/yellow_tripdata_2020-04.csv.gz && gunzip -f /opt/airflow/yellow_tripdata_2020-04.csv.gz || rm -f /opt/airflow/yellow_tripdata_2020-04.csv.gz']","logger":"airflow.task.hooks.airflow.providers.standard.hooks.subprocess.SubprocessHook"}
{"timestamp":"2025-07-17T07:55:14.138149","level":"info","event":"Output:","logger":"airflow.task.hooks.airflow.providers.standard.hooks.subprocess.SubprocessHook"}
{"timestamp":"2025-07-17T07:55:14.161816","level":"info","event":"--2025-07-17 07:55:14--  https://github.com/DataTalksClub/nyc-tlc-data/releases/download/green/yellow_tripdata_2020-04.csv.gz","logger":"airflow.task.hooks.airflow.providers.standard.hooks.subprocess.SubprocessHook"}
{"timestamp":"2025-07-17T07:55:14.229538","level":"info","event":"Resolving github.com (github.com)... 20.205.243.166","logger":"airflow.task.hooks.airflow.providers.standard.hooks.subprocess.SubprocessHook"}
{"timestamp":"2025-07-17T07:55:14.241112","level":"info","event":"Connecting to github.com (github.com)|20.205.243.166|:443... connected.","logger":"airflow.task.hooks.airflow.providers.standard.hooks.subprocess.SubprocessHook"}
{"timestamp":"2025-07-17T07:55:14.576322","level":"info","event":"HTTP request sent, awaiting response... 404 Not Found","logger":"airflow.task.hooks.airflow.providers.standard.hooks.subprocess.SubprocessHook"}
{"timestamp":"2025-07-17T07:55:14.576504","level":"info","event":"2025-07-17 07:55:14 ERROR 404: Not Found.","logger":"airflow.task.hooks.airflow.providers.standard.hooks.subprocess.SubprocessHook"}
{"timestamp":"2025-07-17T07:55:14.576573","level":"info","event":"","logger":"airflow.task.hooks.airflow.providers.standard.hooks.subprocess.SubprocessHook"}
{"timestamp":"2025-07-17T07:55:14.579682","level":"info","event":"Command exited with return code 0","logger":"airflow.task.hooks.airflow.providers.standard.hooks.subprocess.SubprocessHook"}
{"timestamp":"2025-07-17T07:55:14.581379","level":"info","event":"Pushing xcom","ti":"RuntimeTaskInstance(id=UUID('01981761-574e-7033-84f6-2c980d45bebc'), task_id='wget_trips_csvgz', dag_id='local_ingestion_pg_yellow', run_id='scheduled__2020-04-02T06:00:00+00:00', try_number=1, map_index=-1, hostname='3f7f1d329e72', context_carrier={}, task=<Task(BashOperator): wget_trips_csvgz>, bundle_instance=LocalDagBundle(name=dags-folder), max_tries=0, start_date=datetime.datetime(2025, 7, 17, 7, 55, 12, 370047, tzinfo=TzInfo(UTC)), end_date=None, state=<TaskInstanceState.RUNNING: 'running'>, is_mapped=False, rendered_map_index=None)","logger":"task"}
