{"timestamp":"2025-07-17T06:42:39.705055","level":"info","event":"DAG bundles loaded: dags-folder","logger":"airflow.dag_processing.bundles.manager.DagBundlesManager"}
{"timestamp":"2025-07-17T06:42:39.705875","level":"info","event":"Filling up the DagBag from /opt/airflow/dags/data_ingestion_localpg_dag.py","logger":"airflow.models.dagbag.DagBag"}
{"timestamp":"2025-07-17T06:42:40.049703","level":"info","event":"Tmp dir root location: /tmp","logger":"airflow.task.hooks.airflow.providers.standard.hooks.subprocess.SubprocessHook"}
{"timestamp":"2025-07-17T06:42:40.050825","level":"info","event":"Running command: ['/usr/bin/bash', '-c', 'wget https://github.com/DataTalksClub/nyc-tlc-data/releases/download/green/green_tripdata_2020-08.csv.gz -O /opt/airflow/green_tripdata_2020-08.csv.gz && gunzip -f /opt/airflow/green_tripdata_2020-08.csv.gz || rm -f /opt/airflow/green_tripdata_2020-08.csv.gz']","logger":"airflow.task.hooks.airflow.providers.standard.hooks.subprocess.SubprocessHook"}
{"timestamp":"2025-07-17T06:42:40.062301","level":"info","event":"Output:","logger":"airflow.task.hooks.airflow.providers.standard.hooks.subprocess.SubprocessHook"}
{"timestamp":"2025-07-17T06:42:40.066215","level":"info","event":"--2025-07-17 06:42:40--  https://github.com/DataTalksClub/nyc-tlc-data/releases/download/green/green_tripdata_2020-08.csv.gz","logger":"airflow.task.hooks.airflow.providers.standard.hooks.subprocess.SubprocessHook"}
{"timestamp":"2025-07-17T06:42:40.078890","level":"info","event":"Resolving github.com (github.com)... 20.205.243.166","logger":"airflow.task.hooks.airflow.providers.standard.hooks.subprocess.SubprocessHook"}
{"timestamp":"2025-07-17T06:42:40.086627","level":"info","event":"Connecting to github.com (github.com)|20.205.243.166|:443... connected.","logger":"airflow.task.hooks.airflow.providers.standard.hooks.subprocess.SubprocessHook"}
{"timestamp":"2025-07-17T06:42:40.417644","level":"info","event":"HTTP request sent, awaiting response... 302 Found","logger":"airflow.task.hooks.airflow.providers.standard.hooks.subprocess.SubprocessHook"}
{"timestamp":"2025-07-17T06:42:40.417897","level":"info","event":"Location: https://release-assets.githubusercontent.com/github-production-release-asset/513814948/9876ad5e-69eb-4a58-a960-4c091b93221e?sp=r&sv=2018-11-09&sr=b&spr=https&se=2025-07-17T07%3A31%3A14Z&rscd=attachment%3B+filename%3Dgreen_tripdata_2020-08.csv.gz&rsct=application%2Foctet-stream&skoid=96c2d410-5711-43a1-aedd-ab1947aa7ab0&sktid=398a6654-997b-47e9-b12b-9515b896b4de&skt=2025-07-17T06%3A30%3A41Z&ske=2025-07-17T07%3A31%3A14Z&sks=b&skv=2018-11-09&sig=FZhFdLRU2bAKn8KSTVWdYE1ATZkHme5%2BswS5Wig0uJM%3D&jwt=eyJ******&response-content-disposition=attachment%3B%20filename%3Dgreen_tripdata_2020-08.csv.gz&response-content-type=application%2Foctet-stream [following]","logger":"airflow.task.hooks.airflow.providers.standard.hooks.subprocess.SubprocessHook"}
{"timestamp":"2025-07-17T06:42:40.417997","level":"info","event":"--2025-07-17 06:42:40--  https://release-assets.githubusercontent.com/github-production-release-asset/513814948/9876ad5e-69eb-4a58-a960-4c091b93221e?sp=r&sv=2018-11-09&sr=b&spr=https&se=2025-07-17T07%3A31%3A14Z&rscd=attachment%3B+filename%3Dgreen_tripdata_2020-08.csv.gz&rsct=application%2Foctet-stream&skoid=96c2d410-5711-43a1-aedd-ab1947aa7ab0&sktid=398a6654-997b-47e9-b12b-9515b896b4de&skt=2025-07-17T06%3A30%3A41Z&ske=2025-07-17T07%3A31%3A14Z&sks=b&skv=2018-11-09&sig=FZhFdLRU2bAKn8KSTVWdYE1ATZkHme5%2BswS5Wig0uJM%3D&jwt=eyJ******&response-content-disposition=attachment%3B%20filename%3Dgreen_tripdata_2020-08.csv.gz&response-content-type=application%2Foctet-stream","logger":"airflow.task.hooks.airflow.providers.standard.hooks.subprocess.SubprocessHook"}
{"timestamp":"2025-07-17T06:42:40.422220","level":"info","event":"Resolving release-assets.githubusercontent.com (release-assets.githubusercontent.com)... 185.199.108.133, 185.199.109.133, 185.199.110.133, ...","logger":"airflow.task.hooks.airflow.providers.standard.hooks.subprocess.SubprocessHook"}
{"timestamp":"2025-07-17T06:42:40.433426","level":"info","event":"Connecting to release-assets.githubusercontent.com (release-assets.githubusercontent.com)|185.199.108.133|:443... connected.","logger":"airflow.task.hooks.airflow.providers.standard.hooks.subprocess.SubprocessHook"}
{"timestamp":"2025-07-17T06:42:40.698745","level":"info","event":"HTTP request sent, awaiting response... 200 OK","logger":"airflow.task.hooks.airflow.providers.standard.hooks.subprocess.SubprocessHook"}
{"timestamp":"2025-07-17T06:42:40.698967","level":"info","event":"Length: 1471367 (1.4M) [application/octet-stream]","logger":"airflow.task.hooks.airflow.providers.standard.hooks.subprocess.SubprocessHook"}
{"timestamp":"2025-07-17T06:42:40.699037","level":"info","event":"Saving to: ‘/opt/airflow/green_tripdata_2020-08.csv.gz’","logger":"airflow.task.hooks.airflow.providers.standard.hooks.subprocess.SubprocessHook"}
{"timestamp":"2025-07-17T06:42:40.701046","level":"info","event":"","logger":"airflow.task.hooks.airflow.providers.standard.hooks.subprocess.SubprocessHook"}
{"timestamp":"2025-07-17T06:42:40.715139","level":"info","event":"     0K .......... .......... .......... .......... ..........  3% 3.05M 0s","logger":"airflow.task.hooks.airflow.providers.standard.hooks.subprocess.SubprocessHook"}
{"timestamp":"2025-07-17T06:42:40.724827","level":"info","event":"    50K .......... .......... .......... .......... ..........  6% 5.12M 0s","logger":"airflow.task.hooks.airflow.providers.standard.hooks.subprocess.SubprocessHook"}
{"timestamp":"2025-07-17T06:42:40.725239","level":"info","event":"   100K .......... .......... .......... .......... .......... 10% 58.5M 0s","logger":"airflow.task.hooks.airflow.providers.standard.hooks.subprocess.SubprocessHook"}
{"timestamp":"2025-07-17T06:42:40.728661","level":"info","event":"   150K .......... .......... .......... .......... .......... 13% 13.9M 0s","logger":"airflow.task.hooks.airflow.providers.standard.hooks.subprocess.SubprocessHook"}
{"timestamp":"2025-07-17T06:42:40.734285","level":"info","event":"   200K .......... .......... .......... .......... .......... 17% 8.68M 0s","logger":"airflow.task.hooks.airflow.providers.standard.hooks.subprocess.SubprocessHook"}
{"timestamp":"2025-07-17T06:42:40.740158","level":"info","event":"   250K .......... .......... .......... .......... .......... 20% 23.3M 0s","logger":"airflow.task.hooks.airflow.providers.standard.hooks.subprocess.SubprocessHook"}
{"timestamp":"2025-07-17T06:42:40.746752","level":"info","event":"   300K .......... .......... .......... .......... .......... 24% 4.73M 0s","logger":"airflow.task.hooks.airflow.providers.standard.hooks.subprocess.SubprocessHook"}
{"timestamp":"2025-07-17T06:42:40.757051","level":"info","event":"   350K .......... .......... .......... .......... .......... 27% 4.77M 0s","logger":"airflow.task.hooks.airflow.providers.standard.hooks.subprocess.SubprocessHook"}
{"timestamp":"2025-07-17T06:42:40.773780","level":"info","event":"   400K .......... .......... .......... .......... .......... 31% 2.99M 0s","logger":"airflow.task.hooks.airflow.providers.standard.hooks.subprocess.SubprocessHook"}
{"timestamp":"2025-07-17T06:42:40.774580","level":"info","event":"   450K .......... .......... .......... .......... .......... 34% 56.2M 0s","logger":"airflow.task.hooks.airflow.providers.standard.hooks.subprocess.SubprocessHook"}
{"timestamp":"2025-07-17T06:42:40.776079","level":"info","event":"   500K .......... .......... .......... .......... .......... 38% 27.6M 0s","logger":"airflow.task.hooks.airflow.providers.standard.hooks.subprocess.SubprocessHook"}
{"timestamp":"2025-07-17T06:42:40.776816","level":"info","event":"   550K .......... .......... .......... .......... .......... 41% 65.9M 0s","logger":"airflow.task.hooks.airflow.providers.standard.hooks.subprocess.SubprocessHook"}
{"timestamp":"2025-07-17T06:42:40.783077","level":"info","event":"   600K .......... .......... .......... .......... .......... 45% 7.79M 0s","logger":"airflow.task.hooks.airflow.providers.standard.hooks.subprocess.SubprocessHook"}
{"timestamp":"2025-07-17T06:42:40.795356","level":"info","event":"   650K .......... .......... .......... .......... .......... 48% 5.84M 0s","logger":"airflow.task.hooks.airflow.providers.standard.hooks.subprocess.SubprocessHook"}
{"timestamp":"2025-07-17T06:42:40.796456","level":"info","event":"   700K .......... .......... .......... .......... .......... 52% 9.58M 0s","logger":"airflow.task.hooks.airflow.providers.standard.hooks.subprocess.SubprocessHook"}
{"timestamp":"2025-07-17T06:42:40.799971","level":"info","event":"   750K .......... .......... .......... .......... .......... 55% 13.6M 0s","logger":"airflow.task.hooks.airflow.providers.standard.hooks.subprocess.SubprocessHook"}
{"timestamp":"2025-07-17T06:42:40.810218","level":"info","event":"   800K .......... .......... .......... .......... .......... 59% 4.77M 0s","logger":"airflow.task.hooks.airflow.providers.standard.hooks.subprocess.SubprocessHook"}
{"timestamp":"2025-07-17T06:42:40.814962","level":"info","event":"   850K .......... .......... .......... .......... .......... 62% 10.3M 0s","logger":"airflow.task.hooks.airflow.providers.standard.hooks.subprocess.SubprocessHook"}
{"timestamp":"2025-07-17T06:42:40.820033","level":"info","event":"   900K .......... .......... .......... .......... .......... 66% 9.60M 0s","logger":"airflow.task.hooks.airflow.providers.standard.hooks.subprocess.SubprocessHook"}
{"timestamp":"2025-07-17T06:42:40.837887","level":"info","event":"   950K .......... .......... .......... .......... .......... 69% 2.77M 0s","logger":"airflow.task.hooks.airflow.providers.standard.hooks.subprocess.SubprocessHook"}
{"timestamp":"2025-07-17T06:42:40.856893","level":"info","event":"  1000K .......... .......... .......... .......... .......... 73% 2.56M 0s","logger":"airflow.task.hooks.airflow.providers.standard.hooks.subprocess.SubprocessHook"}
{"timestamp":"2025-07-17T06:42:40.857798","level":"info","event":"  1050K .......... .......... .......... .......... .......... 76% 50.2M 0s","logger":"airflow.task.hooks.airflow.providers.standard.hooks.subprocess.SubprocessHook"}
{"timestamp":"2025-07-17T06:42:40.863088","level":"info","event":"  1100K .......... .......... .......... .......... .......... 80% 9.81M 0s","logger":"airflow.task.hooks.airflow.providers.standard.hooks.subprocess.SubprocessHook"}
{"timestamp":"2025-07-17T06:42:40.869559","level":"info","event":"  1150K .......... .......... .......... .......... .......... 83% 7.35M 0s","logger":"airflow.task.hooks.airflow.providers.standard.hooks.subprocess.SubprocessHook"}
{"timestamp":"2025-07-17T06:42:40.869711","level":"info","event":"  1200K .......... .......... .......... .......... .......... 86%  223M 0s","logger":"airflow.task.hooks.airflow.providers.standard.hooks.subprocess.SubprocessHook"}
{"timestamp":"2025-07-17T06:42:40.870208","level":"info","event":"  1250K .......... .......... .......... .......... .......... 90% 86.3M 0s","logger":"airflow.task.hooks.airflow.providers.standard.hooks.subprocess.SubprocessHook"}
{"timestamp":"2025-07-17T06:42:40.870354","level":"info","event":"  1300K .......... .......... .......... .......... .......... 93%  189M 0s","logger":"airflow.task.hooks.airflow.providers.standard.hooks.subprocess.SubprocessHook"}
{"timestamp":"2025-07-17T06:42:40.876130","level":"info","event":"  1350K .......... .......... .......... .......... .......... 97% 8.57M 0s","logger":"airflow.task.hooks.airflow.providers.standard.hooks.subprocess.SubprocessHook"}
{"timestamp":"2025-07-17T06:42:40.880431","level":"info","event":"  1400K .......... .......... .......... ......               100% 8.30M=0.2s","logger":"airflow.task.hooks.airflow.providers.standard.hooks.subprocess.SubprocessHook"}
{"timestamp":"2025-07-17T06:42:40.880516","level":"info","event":"","logger":"airflow.task.hooks.airflow.providers.standard.hooks.subprocess.SubprocessHook"}
{"timestamp":"2025-07-17T06:42:40.880561","level":"info","event":"2025-07-17 06:42:40 (7.73 MB/s) - ‘/opt/airflow/green_tripdata_2020-08.csv.gz’ saved [1471367/1471367]","logger":"airflow.task.hooks.airflow.providers.standard.hooks.subprocess.SubprocessHook"}
{"timestamp":"2025-07-17T06:42:40.880610","level":"info","event":"","logger":"airflow.task.hooks.airflow.providers.standard.hooks.subprocess.SubprocessHook"}
{"timestamp":"2025-07-17T06:42:40.922000","level":"info","event":"Command exited with return code 0","logger":"airflow.task.hooks.airflow.providers.standard.hooks.subprocess.SubprocessHook"}
{"timestamp":"2025-07-17T06:42:40.922809","level":"info","event":"Pushing xcom","ti":"RuntimeTaskInstance(id=UUID('0198171e-eb6c-7232-a422-054649f1d2ba'), task_id='wget_trips_csvgz', dag_id='local_ingestion_pg_green', run_id='scheduled__2020-08-02T06:00:00+00:00', try_number=1, map_index=-1, hostname='3f7f1d329e72', context_carrier={}, task=<Task(BashOperator): wget_trips_csvgz>, bundle_instance=LocalDagBundle(name=dags-folder), max_tries=0, start_date=datetime.datetime(2025, 7, 17, 6, 42, 39, 364139, tzinfo=TzInfo(UTC)), end_date=None, state=<TaskInstanceState.RUNNING: 'running'>, is_mapped=False, rendered_map_index=None)","logger":"task"}
{"timestamp":"2025-07-17T06:54:36.158596","level":"info","event":"DAG bundles loaded: dags-folder","logger":"airflow.dag_processing.bundles.manager.DagBundlesManager"}
{"timestamp":"2025-07-17T06:54:36.159391","level":"info","event":"Filling up the DagBag from /opt/airflow/dags/data_ingestion_localpg_dag.py","logger":"airflow.models.dagbag.DagBag"}
{"timestamp":"2025-07-17T06:54:36.473560","level":"info","event":"Tmp dir root location: /tmp","logger":"airflow.task.hooks.airflow.providers.standard.hooks.subprocess.SubprocessHook"}
{"timestamp":"2025-07-17T06:54:36.474573","level":"info","event":"Running command: ['/usr/bin/bash', '-c', 'wget https://github.com/DataTalksClub/nyc-tlc-data/releases/download/green/green_tripdata_2020-08.csv.gz -O /opt/airflow/green_tripdata_2020-08.csv.gz && gunzip -f /opt/airflow/green_tripdata_2020-08.csv.gz || rm -f /opt/airflow/green_tripdata_2020-08.csv.gz']","logger":"airflow.task.hooks.airflow.providers.standard.hooks.subprocess.SubprocessHook"}
{"timestamp":"2025-07-17T06:54:36.489452","level":"info","event":"Output:","logger":"airflow.task.hooks.airflow.providers.standard.hooks.subprocess.SubprocessHook"}
{"timestamp":"2025-07-17T06:54:36.494730","level":"info","event":"--2025-07-17 06:54:36--  https://github.com/DataTalksClub/nyc-tlc-data/releases/download/green/green_tripdata_2020-08.csv.gz","logger":"airflow.task.hooks.airflow.providers.standard.hooks.subprocess.SubprocessHook"}
{"timestamp":"2025-07-17T06:54:36.512430","level":"info","event":"Resolving github.com (github.com)... 20.205.243.166","logger":"airflow.task.hooks.airflow.providers.standard.hooks.subprocess.SubprocessHook"}
{"timestamp":"2025-07-17T06:54:36.524037","level":"info","event":"Connecting to github.com (github.com)|20.205.243.166|:443... connected.","logger":"airflow.task.hooks.airflow.providers.standard.hooks.subprocess.SubprocessHook"}
{"timestamp":"2025-07-17T06:54:36.865501","level":"info","event":"HTTP request sent, awaiting response... 302 Found","logger":"airflow.task.hooks.airflow.providers.standard.hooks.subprocess.SubprocessHook"}
{"timestamp":"2025-07-17T06:54:36.865707","level":"info","event":"Location: https://release-assets.githubusercontent.com/github-production-release-asset/513814948/9876ad5e-69eb-4a58-a960-4c091b93221e?sp=r&sv=2018-11-09&sr=b&spr=https&se=2025-07-17T07%3A43%3A49Z&rscd=attachment%3B+filename%3Dgreen_tripdata_2020-08.csv.gz&rsct=application%2Foctet-stream&skoid=96c2d410-5711-43a1-aedd-ab1947aa7ab0&sktid=398a6654-997b-47e9-b12b-9515b896b4de&skt=2025-07-17T06%3A43%3A32Z&ske=2025-07-17T07%3A43%3A49Z&sks=b&skv=2018-11-09&sig=SJf3cpUE8kYTsf%2FMMBk0Db7ZNtzbOpk190gbseuVsQ4%3D&jwt=eyJ******&response-content-disposition=attachment%3B%20filename%3Dgreen_tripdata_2020-08.csv.gz&response-content-type=application%2Foctet-stream [following]","logger":"airflow.task.hooks.airflow.providers.standard.hooks.subprocess.SubprocessHook"}
{"timestamp":"2025-07-17T06:54:36.865804","level":"info","event":"--2025-07-17 06:54:36--  https://release-assets.githubusercontent.com/github-production-release-asset/513814948/9876ad5e-69eb-4a58-a960-4c091b93221e?sp=r&sv=2018-11-09&sr=b&spr=https&se=2025-07-17T07%3A43%3A49Z&rscd=attachment%3B+filename%3Dgreen_tripdata_2020-08.csv.gz&rsct=application%2Foctet-stream&skoid=96c2d410-5711-43a1-aedd-ab1947aa7ab0&sktid=398a6654-997b-47e9-b12b-9515b896b4de&skt=2025-07-17T06%3A43%3A32Z&ske=2025-07-17T07%3A43%3A49Z&sks=b&skv=2018-11-09&sig=SJf3cpUE8kYTsf%2FMMBk0Db7ZNtzbOpk190gbseuVsQ4%3D&jwt=eyJ******&response-content-disposition=attachment%3B%20filename%3Dgreen_tripdata_2020-08.csv.gz&response-content-type=application%2Foctet-stream","logger":"airflow.task.hooks.airflow.providers.standard.hooks.subprocess.SubprocessHook"}
{"timestamp":"2025-07-17T06:54:36.877338","level":"info","event":"Resolving release-assets.githubusercontent.com (release-assets.githubusercontent.com)... 185.199.111.133, 185.199.108.133, 185.199.109.133, ...","logger":"airflow.task.hooks.airflow.providers.standard.hooks.subprocess.SubprocessHook"}
{"timestamp":"2025-07-17T06:54:36.884341","level":"info","event":"Connecting to release-assets.githubusercontent.com (release-assets.githubusercontent.com)|185.199.111.133|:443... connected.","logger":"airflow.task.hooks.airflow.providers.standard.hooks.subprocess.SubprocessHook"}
{"timestamp":"2025-07-17T06:54:36.913206","level":"info","event":"HTTP request sent, awaiting response... 200 OK","logger":"airflow.task.hooks.airflow.providers.standard.hooks.subprocess.SubprocessHook"}
{"timestamp":"2025-07-17T06:54:36.913531","level":"info","event":"Length: 1471367 (1.4M) [application/octet-stream]","logger":"airflow.task.hooks.airflow.providers.standard.hooks.subprocess.SubprocessHook"}
{"timestamp":"2025-07-17T06:54:36.913590","level":"info","event":"Saving to: ‘/opt/airflow/green_tripdata_2020-08.csv.gz’","logger":"airflow.task.hooks.airflow.providers.standard.hooks.subprocess.SubprocessHook"}
{"timestamp":"2025-07-17T06:54:36.913738","level":"info","event":"","logger":"airflow.task.hooks.airflow.providers.standard.hooks.subprocess.SubprocessHook"}
{"timestamp":"2025-07-17T06:54:36.925505","level":"info","event":"     0K .......... .......... .......... .......... ..........  3% 4.22M 0s","logger":"airflow.task.hooks.airflow.providers.standard.hooks.subprocess.SubprocessHook"}
{"timestamp":"2025-07-17T06:54:36.930327","level":"info","event":"    50K .......... .......... .......... .......... ..........  6% 9.72M 0s","logger":"airflow.task.hooks.airflow.providers.standard.hooks.subprocess.SubprocessHook"}
{"timestamp":"2025-07-17T06:54:36.934858","level":"info","event":"   100K .......... .......... .......... .......... .......... 10% 9.82M 0s","logger":"airflow.task.hooks.airflow.providers.standard.hooks.subprocess.SubprocessHook"}
{"timestamp":"2025-07-17T06:54:36.937387","level":"info","event":"   150K .......... .......... .......... .......... .......... 13% 18.4M 0s","logger":"airflow.task.hooks.airflow.providers.standard.hooks.subprocess.SubprocessHook"}
{"timestamp":"2025-07-17T06:54:36.940452","level":"info","event":"   200K .......... .......... .......... .......... .......... 17% 16.8M 0s","logger":"airflow.task.hooks.airflow.providers.standard.hooks.subprocess.SubprocessHook"}
{"timestamp":"2025-07-17T06:54:36.949726","level":"info","event":"   250K .......... .......... .......... .......... .......... 20% 5.17M 0s","logger":"airflow.task.hooks.airflow.providers.standard.hooks.subprocess.SubprocessHook"}
{"timestamp":"2025-07-17T06:54:36.951119","level":"info","event":"   300K .......... .......... .......... .......... .......... 24% 60.5M 0s","logger":"airflow.task.hooks.airflow.providers.standard.hooks.subprocess.SubprocessHook"}
{"timestamp":"2025-07-17T06:54:36.951931","level":"info","event":"   350K .......... .......... .......... .......... .......... 27% 34.0M 0s","logger":"airflow.task.hooks.airflow.providers.standard.hooks.subprocess.SubprocessHook"}
{"timestamp":"2025-07-17T06:54:36.955539","level":"info","event":"   400K .......... .......... .......... .......... .......... 31% 14.4M 0s","logger":"airflow.task.hooks.airflow.providers.standard.hooks.subprocess.SubprocessHook"}
{"timestamp":"2025-07-17T06:54:36.956152","level":"info","event":"   450K .......... .......... .......... .......... .......... 34% 57.4M 0s","logger":"airflow.task.hooks.airflow.providers.standard.hooks.subprocess.SubprocessHook"}
{"timestamp":"2025-07-17T06:54:36.970488","level":"info","event":"   500K .......... .......... .......... .......... .......... 38% 3.45M 0s","logger":"airflow.task.hooks.airflow.providers.standard.hooks.subprocess.SubprocessHook"}
{"timestamp":"2025-07-17T06:54:36.971177","level":"info","event":"   550K .......... .......... .......... .......... .......... 41% 61.3M 0s","logger":"airflow.task.hooks.airflow.providers.standard.hooks.subprocess.SubprocessHook"}
{"timestamp":"2025-07-17T06:54:36.971561","level":"info","event":"   600K .......... .......... .......... .......... .......... 45%  146M 0s","logger":"airflow.task.hooks.airflow.providers.standard.hooks.subprocess.SubprocessHook"}
{"timestamp":"2025-07-17T06:54:36.975381","level":"info","event":"   650K .......... .......... .......... .......... .......... 48% 22.1M 0s","logger":"airflow.task.hooks.airflow.providers.standard.hooks.subprocess.SubprocessHook"}
{"timestamp":"2025-07-17T06:54:36.975477","level":"info","event":"   700K .......... .......... .......... .......... .......... 52%  110M 0s","logger":"airflow.task.hooks.airflow.providers.standard.hooks.subprocess.SubprocessHook"}
{"timestamp":"2025-07-17T06:54:36.979069","level":"info","event":"   750K .......... .......... .......... .......... .......... 55% 10.6M 0s","logger":"airflow.task.hooks.airflow.providers.standard.hooks.subprocess.SubprocessHook"}
{"timestamp":"2025-07-17T06:54:36.979151","level":"info","event":"   800K .......... .......... .......... .......... .......... 59%  188M 0s","logger":"airflow.task.hooks.airflow.providers.standard.hooks.subprocess.SubprocessHook"}
{"timestamp":"2025-07-17T06:54:36.979890","level":"info","event":"   850K .......... .......... .......... .......... .......... 62% 57.9M 0s","logger":"airflow.task.hooks.airflow.providers.standard.hooks.subprocess.SubprocessHook"}
{"timestamp":"2025-07-17T06:54:36.980202","level":"info","event":"   900K .......... .......... .......... .......... .......... 66%  146M 0s","logger":"airflow.task.hooks.airflow.providers.standard.hooks.subprocess.SubprocessHook"}
{"timestamp":"2025-07-17T06:54:36.987238","level":"info","event":"   950K .......... .......... .......... .......... .......... 69% 7.01M 0s","logger":"airflow.task.hooks.airflow.providers.standard.hooks.subprocess.SubprocessHook"}
{"timestamp":"2025-07-17T06:54:36.991679","level":"info","event":"  1000K .......... .......... .......... .......... .......... 73% 19.0M 0s","logger":"airflow.task.hooks.airflow.providers.standard.hooks.subprocess.SubprocessHook"}
{"timestamp":"2025-07-17T06:54:36.996284","level":"info","event":"  1050K .......... .......... .......... .......... .......... 76% 7.62M 0s","logger":"airflow.task.hooks.airflow.providers.standard.hooks.subprocess.SubprocessHook"}
{"timestamp":"2025-07-17T06:54:36.997965","level":"info","event":"  1100K .......... .......... .......... .......... .......... 80% 49.9M 0s","logger":"airflow.task.hooks.airflow.providers.standard.hooks.subprocess.SubprocessHook"}
{"timestamp":"2025-07-17T06:54:37.001030","level":"info","event":"  1150K .......... .......... .......... .......... .......... 83% 12.8M 0s","logger":"airflow.task.hooks.airflow.providers.standard.hooks.subprocess.SubprocessHook"}
{"timestamp":"2025-07-17T06:54:37.001727","level":"info","event":"  1200K .......... .......... .......... .......... .......... 86% 57.7M 0s","logger":"airflow.task.hooks.airflow.providers.standard.hooks.subprocess.SubprocessHook"}
{"timestamp":"2025-07-17T06:54:37.005419","level":"info","event":"  1250K .......... .......... .......... .......... .......... 90% 14.4M 0s","logger":"airflow.task.hooks.airflow.providers.standard.hooks.subprocess.SubprocessHook"}
{"timestamp":"2025-07-17T06:54:37.005863","level":"info","event":"  1300K .......... .......... .......... .......... .......... 93% 71.2M 0s","logger":"airflow.task.hooks.airflow.providers.standard.hooks.subprocess.SubprocessHook"}
{"timestamp":"2025-07-17T06:54:37.010512","level":"info","event":"  1350K .......... .......... .......... .......... .......... 97% 10.5M 0s","logger":"airflow.task.hooks.airflow.providers.standard.hooks.subprocess.SubprocessHook"}
{"timestamp":"2025-07-17T06:54:37.010622","level":"info","event":"  1400K .......... .......... .......... ......               100%  293M=0.1s","logger":"airflow.task.hooks.airflow.providers.standard.hooks.subprocess.SubprocessHook"}
{"timestamp":"2025-07-17T06:54:37.010689","level":"info","event":"","logger":"airflow.task.hooks.airflow.providers.standard.hooks.subprocess.SubprocessHook"}
{"timestamp":"2025-07-17T06:54:37.010954","level":"info","event":"2025-07-17 06:54:37 (14.4 MB/s) - ‘/opt/airflow/green_tripdata_2020-08.csv.gz’ saved [1471367/1471367]","logger":"airflow.task.hooks.airflow.providers.standard.hooks.subprocess.SubprocessHook"}
{"timestamp":"2025-07-17T06:54:37.011095","level":"info","event":"","logger":"airflow.task.hooks.airflow.providers.standard.hooks.subprocess.SubprocessHook"}
{"timestamp":"2025-07-17T06:54:37.100704","level":"info","event":"Command exited with return code 0","logger":"airflow.task.hooks.airflow.providers.standard.hooks.subprocess.SubprocessHook"}
{"timestamp":"2025-07-17T06:54:37.101640","level":"info","event":"Pushing xcom","ti":"RuntimeTaskInstance(id=UUID('01981729-da49-772d-8b6f-1483444c6b30'), task_id='wget_trips_csvgz', dag_id='local_ingestion_pg_green', run_id='scheduled__2020-08-02T06:00:00+00:00', try_number=1, map_index=-1, hostname='3f7f1d329e72', context_carrier={}, task=<Task(BashOperator): wget_trips_csvgz>, bundle_instance=LocalDagBundle(name=dags-folder), max_tries=0, start_date=datetime.datetime(2025, 7, 17, 6, 54, 35, 910726, tzinfo=TzInfo(UTC)), end_date=None, state=<TaskInstanceState.RUNNING: 'running'>, is_mapped=False, rendered_map_index=None)","logger":"task"}
