{"timestamp":"2025-07-17T06:42:46.794047","level":"info","event":"DAG bundles loaded: dags-folder","logger":"airflow.dag_processing.bundles.manager.DagBundlesManager"}
{"timestamp":"2025-07-17T06:42:46.795545","level":"info","event":"Filling up the DagBag from /opt/airflow/dags/data_ingestion_localpg_dag.py","logger":"airflow.models.dagbag.DagBag"}
{"timestamp":"2025-07-17T06:42:47.152525","level":"info","event":"Tmp dir root location: /tmp","logger":"airflow.task.hooks.airflow.providers.standard.hooks.subprocess.SubprocessHook"}
{"timestamp":"2025-07-17T06:42:47.154358","level":"info","event":"Running command: ['/usr/bin/bash', '-c', 'wget https://github.com/DataTalksClub/nyc-tlc-data/releases/download/green/green_tripdata_2020-10.csv.gz -O /opt/airflow/green_tripdata_2020-10.csv.gz && gunzip -f /opt/airflow/green_tripdata_2020-10.csv.gz || rm -f /opt/airflow/green_tripdata_2020-10.csv.gz']","logger":"airflow.task.hooks.airflow.providers.standard.hooks.subprocess.SubprocessHook"}
{"timestamp":"2025-07-17T06:42:47.169003","level":"info","event":"Output:","logger":"airflow.task.hooks.airflow.providers.standard.hooks.subprocess.SubprocessHook"}
{"timestamp":"2025-07-17T06:42:47.180595","level":"info","event":"--2025-07-17 06:42:47--  https://github.com/DataTalksClub/nyc-tlc-data/releases/download/green/green_tripdata_2020-10.csv.gz","logger":"airflow.task.hooks.airflow.providers.standard.hooks.subprocess.SubprocessHook"}
{"timestamp":"2025-07-17T06:42:47.205162","level":"info","event":"Resolving github.com (github.com)... 20.205.243.166","logger":"airflow.task.hooks.airflow.providers.standard.hooks.subprocess.SubprocessHook"}
{"timestamp":"2025-07-17T06:42:47.215002","level":"info","event":"Connecting to github.com (github.com)|20.205.243.166|:443... connected.","logger":"airflow.task.hooks.airflow.providers.standard.hooks.subprocess.SubprocessHook"}
{"timestamp":"2025-07-17T06:42:47.615379","level":"info","event":"HTTP request sent, awaiting response... 302 Found","logger":"airflow.task.hooks.airflow.providers.standard.hooks.subprocess.SubprocessHook"}
{"timestamp":"2025-07-17T06:42:47.615534","level":"info","event":"Location: https://objects.githubusercontent.com/github-production-release-asset-2e65be/513814948/b94c0bd2-e629-406d-aecf-d4e2c0412807?X-Amz-Algorithm=AWS4-HMAC-SHA256&X-Amz-Credential=releaseassetproduction%2F20250717%2Fus-east-1%2Fs3%2Faws4_request&X-Amz-Date=20250717T064247Z&X-Amz-Expires=1800&X-Amz-Signature=e572f19219a4e8f75020a2a3ec93adf8fee22337e37b28e1dc0a871f6d88e6e7&X-Amz-SignedHeaders=host&response-content-disposition=attachment%3B%20filename%3Dgreen_tripdata_2020-10.csv.gz&response-content-type=application%2Foctet-stream [following]","logger":"airflow.task.hooks.airflow.providers.standard.hooks.subprocess.SubprocessHook"}
{"timestamp":"2025-07-17T06:42:47.615605","level":"info","event":"--2025-07-17 06:42:47--  https://objects.githubusercontent.com/github-production-release-asset-2e65be/513814948/b94c0bd2-e629-406d-aecf-d4e2c0412807?X-Amz-Algorithm=AWS4-HMAC-SHA256&X-Amz-Credential=releaseassetproduction%2F20250717%2Fus-east-1%2Fs3%2Faws4_request&X-Amz-Date=20250717T064247Z&X-Amz-Expires=1800&X-Amz-Signature=e572f19219a4e8f75020a2a3ec93adf8fee22337e37b28e1dc0a871f6d88e6e7&X-Amz-SignedHeaders=host&response-content-disposition=attachment%3B%20filename%3Dgreen_tripdata_2020-10.csv.gz&response-content-type=application%2Foctet-stream","logger":"airflow.task.hooks.airflow.providers.standard.hooks.subprocess.SubprocessHook"}
{"timestamp":"2025-07-17T06:42:47.626749","level":"info","event":"Resolving objects.githubusercontent.com (objects.githubusercontent.com)... 185.199.111.133, 185.199.108.133, 185.199.109.133, ...","logger":"airflow.task.hooks.airflow.providers.standard.hooks.subprocess.SubprocessHook"}
{"timestamp":"2025-07-17T06:42:47.635126","level":"info","event":"Connecting to objects.githubusercontent.com (objects.githubusercontent.com)|185.199.111.133|:443... connected.","logger":"airflow.task.hooks.airflow.providers.standard.hooks.subprocess.SubprocessHook"}
{"timestamp":"2025-07-17T06:42:48.195444","level":"info","event":"HTTP request sent, awaiting response... 200 OK","logger":"airflow.task.hooks.airflow.providers.standard.hooks.subprocess.SubprocessHook"}
{"timestamp":"2025-07-17T06:42:48.195707","level":"info","event":"Length: 1709547 (1.6M) [application/octet-stream]","logger":"airflow.task.hooks.airflow.providers.standard.hooks.subprocess.SubprocessHook"}
{"timestamp":"2025-07-17T06:42:48.195823","level":"info","event":"Saving to: ‘/opt/airflow/green_tripdata_2020-10.csv.gz’","logger":"airflow.task.hooks.airflow.providers.standard.hooks.subprocess.SubprocessHook"}
{"timestamp":"2025-07-17T06:42:48.195948","level":"info","event":"","logger":"airflow.task.hooks.airflow.providers.standard.hooks.subprocess.SubprocessHook"}
{"timestamp":"2025-07-17T06:42:48.208277","level":"info","event":"     0K .......... .......... .......... .......... ..........  2% 3.80M 0s","logger":"airflow.task.hooks.airflow.providers.standard.hooks.subprocess.SubprocessHook"}
{"timestamp":"2025-07-17T06:42:48.211562","level":"info","event":"    50K .......... .......... .......... .......... ..........  5% 14.8M 0s","logger":"airflow.task.hooks.airflow.providers.standard.hooks.subprocess.SubprocessHook"}
{"timestamp":"2025-07-17T06:42:48.219624","level":"info","event":"   100K .......... .......... .......... .......... ..........  8% 6.00M 0s","logger":"airflow.task.hooks.airflow.providers.standard.hooks.subprocess.SubprocessHook"}
{"timestamp":"2025-07-17T06:42:48.221465","level":"info","event":"   150K .......... .......... .......... .......... .......... 11% 26.2M 0s","logger":"airflow.task.hooks.airflow.providers.standard.hooks.subprocess.SubprocessHook"}
{"timestamp":"2025-07-17T06:42:48.223143","level":"info","event":"   200K .......... .......... .......... .......... .......... 14% 29.4M 0s","logger":"airflow.task.hooks.airflow.providers.standard.hooks.subprocess.SubprocessHook"}
{"timestamp":"2025-07-17T06:42:48.227512","level":"info","event":"   250K .......... .......... .......... .......... .......... 17% 11.3M 0s","logger":"airflow.task.hooks.airflow.providers.standard.hooks.subprocess.SubprocessHook"}
{"timestamp":"2025-07-17T06:42:48.233797","level":"info","event":"   300K .......... .......... .......... .......... .......... 20% 7.78M 0s","logger":"airflow.task.hooks.airflow.providers.standard.hooks.subprocess.SubprocessHook"}
{"timestamp":"2025-07-17T06:42:48.238484","level":"info","event":"   350K .......... .......... .......... .......... .......... 23% 10.4M 0s","logger":"airflow.task.hooks.airflow.providers.standard.hooks.subprocess.SubprocessHook"}
{"timestamp":"2025-07-17T06:42:48.238927","level":"info","event":"   400K .......... .......... .......... .......... .......... 26%  123M 0s","logger":"airflow.task.hooks.airflow.providers.standard.hooks.subprocess.SubprocessHook"}
{"timestamp":"2025-07-17T06:42:48.240305","level":"info","event":"   450K .......... .......... .......... .......... .......... 29% 35.7M 0s","logger":"airflow.task.hooks.airflow.providers.standard.hooks.subprocess.SubprocessHook"}
{"timestamp":"2025-07-17T06:42:48.248658","level":"info","event":"   500K .......... .......... .......... .......... .......... 32% 5.82M 0s","logger":"airflow.task.hooks.airflow.providers.standard.hooks.subprocess.SubprocessHook"}
{"timestamp":"2025-07-17T06:42:48.256974","level":"info","event":"   550K .......... .......... .......... .......... .......... 35% 5.92M 0s","logger":"airflow.task.hooks.airflow.providers.standard.hooks.subprocess.SubprocessHook"}
{"timestamp":"2025-07-17T06:42:48.258965","level":"info","event":"   600K .......... .......... .......... .......... .......... 38% 25.0M 0s","logger":"airflow.task.hooks.airflow.providers.standard.hooks.subprocess.SubprocessHook"}
{"timestamp":"2025-07-17T06:42:48.259237","level":"info","event":"   650K .......... .......... .......... .......... .......... 41%  103M 0s","logger":"airflow.task.hooks.airflow.providers.standard.hooks.subprocess.SubprocessHook"}
{"timestamp":"2025-07-17T06:42:48.259693","level":"info","event":"   700K .......... .......... .......... .......... .......... 44%  154M 0s","logger":"airflow.task.hooks.airflow.providers.standard.hooks.subprocess.SubprocessHook"}
{"timestamp":"2025-07-17T06:42:48.273384","level":"info","event":"   750K .......... .......... .......... .......... .......... 47% 3.60M 0s","logger":"airflow.task.hooks.airflow.providers.standard.hooks.subprocess.SubprocessHook"}
{"timestamp":"2025-07-17T06:42:48.273991","level":"info","event":"   800K .......... .......... .......... .......... .......... 50% 63.7M 0s","logger":"airflow.task.hooks.airflow.providers.standard.hooks.subprocess.SubprocessHook"}
{"timestamp":"2025-07-17T06:42:48.275082","level":"info","event":"   850K .......... .......... .......... .......... .......... 53% 43.2M 0s","logger":"airflow.task.hooks.airflow.providers.standard.hooks.subprocess.SubprocessHook"}
{"timestamp":"2025-07-17T06:42:48.275768","level":"info","event":"   900K .......... .......... .......... .......... .......... 56% 71.2M 0s","logger":"airflow.task.hooks.airflow.providers.standard.hooks.subprocess.SubprocessHook"}
{"timestamp":"2025-07-17T06:42:48.277332","level":"info","event":"   950K .......... .......... .......... .......... .......... 59% 31.6M 0s","logger":"airflow.task.hooks.airflow.providers.standard.hooks.subprocess.SubprocessHook"}
{"timestamp":"2025-07-17T06:42:48.285869","level":"info","event":"  1000K .......... .......... .......... .......... .......... 62% 5.73M 0s","logger":"airflow.task.hooks.airflow.providers.standard.hooks.subprocess.SubprocessHook"}
{"timestamp":"2025-07-17T06:42:48.297097","level":"info","event":"  1050K .......... .......... .......... .......... .......... 65% 4.34M 0s","logger":"airflow.task.hooks.airflow.providers.standard.hooks.subprocess.SubprocessHook"}
{"timestamp":"2025-07-17T06:42:48.297846","level":"info","event":"  1100K .......... .......... .......... .......... .......... 68% 72.6M 0s","logger":"airflow.task.hooks.airflow.providers.standard.hooks.subprocess.SubprocessHook"}
{"timestamp":"2025-07-17T06:42:48.298343","level":"info","event":"  1150K .......... .......... .......... .......... .......... 71% 80.0M 0s","logger":"airflow.task.hooks.airflow.providers.standard.hooks.subprocess.SubprocessHook"}
{"timestamp":"2025-07-17T06:42:48.298625","level":"info","event":"  1200K .......... .......... .......... .......... .......... 74%  148M 0s","logger":"airflow.task.hooks.airflow.providers.standard.hooks.subprocess.SubprocessHook"}
{"timestamp":"2025-07-17T06:42:48.298929","level":"info","event":"  1250K .......... .......... .......... .......... .......... 77%  205M 0s","logger":"airflow.task.hooks.airflow.providers.standard.hooks.subprocess.SubprocessHook"}
{"timestamp":"2025-07-17T06:42:48.328009","level":"info","event":"  1300K .......... .......... .......... .......... .......... 80% 1.69M 0s","logger":"airflow.task.hooks.airflow.providers.standard.hooks.subprocess.SubprocessHook"}
{"timestamp":"2025-07-17T06:42:48.328125","level":"info","event":"  1350K .......... .......... .......... .......... .......... 83%  147M 0s","logger":"airflow.task.hooks.airflow.providers.standard.hooks.subprocess.SubprocessHook"}
{"timestamp":"2025-07-17T06:42:48.328567","level":"info","event":"  1400K .......... .......... .......... .......... .......... 86%  111M 0s","logger":"airflow.task.hooks.airflow.providers.standard.hooks.subprocess.SubprocessHook"}
{"timestamp":"2025-07-17T06:42:48.329068","level":"info","event":"  1450K .......... .......... .......... .......... .......... 89%  125M 0s","logger":"airflow.task.hooks.airflow.providers.standard.hooks.subprocess.SubprocessHook"}
{"timestamp":"2025-07-17T06:42:48.329158","level":"info","event":"  1500K .......... .......... .......... .......... .......... 92%  207M 0s","logger":"airflow.task.hooks.airflow.providers.standard.hooks.subprocess.SubprocessHook"}
{"timestamp":"2025-07-17T06:42:48.329472","level":"info","event":"  1550K .......... .......... .......... .......... .......... 95%  215M 0s","logger":"airflow.task.hooks.airflow.providers.standard.hooks.subprocess.SubprocessHook"}
{"timestamp":"2025-07-17T06:42:48.329541","level":"info","event":"  1600K .......... .......... .......... .......... .......... 98%  235M 0s","logger":"airflow.task.hooks.airflow.providers.standard.hooks.subprocess.SubprocessHook"}
{"timestamp":"2025-07-17T06:42:48.329595","level":"info","event":"  1650K .......... .........                                  100%  497M=0.1s","logger":"airflow.task.hooks.airflow.providers.standard.hooks.subprocess.SubprocessHook"}
{"timestamp":"2025-07-17T06:42:48.329648","level":"info","event":"","logger":"airflow.task.hooks.airflow.providers.standard.hooks.subprocess.SubprocessHook"}
{"timestamp":"2025-07-17T06:42:48.329724","level":"info","event":"2025-07-17 06:42:48 (12.1 MB/s) - ‘/opt/airflow/green_tripdata_2020-10.csv.gz’ saved [1709547/1709547]","logger":"airflow.task.hooks.airflow.providers.standard.hooks.subprocess.SubprocessHook"}
{"timestamp":"2025-07-17T06:42:48.329923","level":"info","event":"","logger":"airflow.task.hooks.airflow.providers.standard.hooks.subprocess.SubprocessHook"}
{"timestamp":"2025-07-17T06:42:48.386503","level":"info","event":"Command exited with return code 0","logger":"airflow.task.hooks.airflow.providers.standard.hooks.subprocess.SubprocessHook"}
{"timestamp":"2025-07-17T06:42:48.387552","level":"info","event":"Pushing xcom","ti":"RuntimeTaskInstance(id=UUID('0198171f-07dc-757b-8140-e7ff1fe2c5c9'), task_id='wget_trips_csvgz', dag_id='local_ingestion_pg_green', run_id='scheduled__2020-10-02T06:00:00+00:00', try_number=1, map_index=-1, hostname='3f7f1d329e72', context_carrier={}, task=<Task(BashOperator): wget_trips_csvgz>, bundle_instance=LocalDagBundle(name=dags-folder), max_tries=0, start_date=datetime.datetime(2025, 7, 17, 6, 42, 46, 516920, tzinfo=TzInfo(UTC)), end_date=None, state=<TaskInstanceState.RUNNING: 'running'>, is_mapped=False, rendered_map_index=None)","logger":"task"}
{"timestamp":"2025-07-17T06:54:54.471075","level":"info","event":"DAG bundles loaded: dags-folder","logger":"airflow.dag_processing.bundles.manager.DagBundlesManager"}
{"timestamp":"2025-07-17T06:54:54.471960","level":"info","event":"Filling up the DagBag from /opt/airflow/dags/data_ingestion_localpg_dag.py","logger":"airflow.models.dagbag.DagBag"}
{"timestamp":"2025-07-17T06:54:54.894168","level":"info","event":"Tmp dir root location: /tmp","logger":"airflow.task.hooks.airflow.providers.standard.hooks.subprocess.SubprocessHook"}
{"timestamp":"2025-07-17T06:54:54.896750","level":"info","event":"Running command: ['/usr/bin/bash', '-c', 'wget https://github.com/DataTalksClub/nyc-tlc-data/releases/download/green/green_tripdata_2020-10.csv.gz -O /opt/airflow/green_tripdata_2020-10.csv.gz && gunzip -f /opt/airflow/green_tripdata_2020-10.csv.gz || rm -f /opt/airflow/green_tripdata_2020-10.csv.gz']","logger":"airflow.task.hooks.airflow.providers.standard.hooks.subprocess.SubprocessHook"}
{"timestamp":"2025-07-17T06:54:54.910314","level":"info","event":"Output:","logger":"airflow.task.hooks.airflow.providers.standard.hooks.subprocess.SubprocessHook"}
{"timestamp":"2025-07-17T06:54:54.924093","level":"info","event":"--2025-07-17 06:54:54--  https://github.com/DataTalksClub/nyc-tlc-data/releases/download/green/green_tripdata_2020-10.csv.gz","logger":"airflow.task.hooks.airflow.providers.standard.hooks.subprocess.SubprocessHook"}
{"timestamp":"2025-07-17T06:54:54.958556","level":"info","event":"Resolving github.com (github.com)... 20.205.243.166","logger":"airflow.task.hooks.airflow.providers.standard.hooks.subprocess.SubprocessHook"}
{"timestamp":"2025-07-17T06:54:54.970153","level":"info","event":"Connecting to github.com (github.com)|20.205.243.166|:443... connected.","logger":"airflow.task.hooks.airflow.providers.standard.hooks.subprocess.SubprocessHook"}
{"timestamp":"2025-07-17T06:54:55.325142","level":"info","event":"HTTP request sent, awaiting response... 302 Found","logger":"airflow.task.hooks.airflow.providers.standard.hooks.subprocess.SubprocessHook"}
{"timestamp":"2025-07-17T06:54:55.325364","level":"info","event":"Location: https://release-assets.githubusercontent.com/github-production-release-asset/513814948/b94c0bd2-e629-406d-aecf-d4e2c0412807?sp=r&sv=2018-11-09&sr=b&spr=https&se=2025-07-17T07%3A43%3A14Z&rscd=attachment%3B+filename%3Dgreen_tripdata_2020-10.csv.gz&rsct=application%2Foctet-stream&skoid=96c2d410-5711-43a1-aedd-ab1947aa7ab0&sktid=398a6654-997b-47e9-b12b-9515b896b4de&skt=2025-07-17T06%3A42%3A33Z&ske=2025-07-17T07%3A43%3A14Z&sks=b&skv=2018-11-09&sig=CAKGpDJUjPL%2FN9ZxIiLWuyD%2BAqBFrJnbJrIqhQdIz%2B8%3D&jwt=eyJ******&response-content-disposition=attachment%3B%20filename%3Dgreen_tripdata_2020-10.csv.gz&response-content-type=application%2Foctet-stream [following]","logger":"airflow.task.hooks.airflow.providers.standard.hooks.subprocess.SubprocessHook"}
{"timestamp":"2025-07-17T06:54:55.326670","level":"info","event":"--2025-07-17 06:54:55--  https://release-assets.githubusercontent.com/github-production-release-asset/513814948/b94c0bd2-e629-406d-aecf-d4e2c0412807?sp=r&sv=2018-11-09&sr=b&spr=https&se=2025-07-17T07%3A43%3A14Z&rscd=attachment%3B+filename%3Dgreen_tripdata_2020-10.csv.gz&rsct=application%2Foctet-stream&skoid=96c2d410-5711-43a1-aedd-ab1947aa7ab0&sktid=398a6654-997b-47e9-b12b-9515b896b4de&skt=2025-07-17T06%3A42%3A33Z&ske=2025-07-17T07%3A43%3A14Z&sks=b&skv=2018-11-09&sig=CAKGpDJUjPL%2FN9ZxIiLWuyD%2BAqBFrJnbJrIqhQdIz%2B8%3D&jwt=eyJ******&response-content-disposition=attachment%3B%20filename%3Dgreen_tripdata_2020-10.csv.gz&response-content-type=application%2Foctet-stream","logger":"airflow.task.hooks.airflow.providers.standard.hooks.subprocess.SubprocessHook"}
{"timestamp":"2025-07-17T06:54:55.332837","level":"info","event":"Resolving release-assets.githubusercontent.com (release-assets.githubusercontent.com)... 185.199.111.133, 185.199.108.133, 185.199.109.133, ...","logger":"airflow.task.hooks.airflow.providers.standard.hooks.subprocess.SubprocessHook"}
{"timestamp":"2025-07-17T06:54:55.339954","level":"info","event":"Connecting to release-assets.githubusercontent.com (release-assets.githubusercontent.com)|185.199.111.133|:443... connected.","logger":"airflow.task.hooks.airflow.providers.standard.hooks.subprocess.SubprocessHook"}
{"timestamp":"2025-07-17T06:54:55.602498","level":"info","event":"HTTP request sent, awaiting response... 200 OK","logger":"airflow.task.hooks.airflow.providers.standard.hooks.subprocess.SubprocessHook"}
{"timestamp":"2025-07-17T06:54:55.602644","level":"info","event":"Length: 1709547 (1.6M) [application/octet-stream]","logger":"airflow.task.hooks.airflow.providers.standard.hooks.subprocess.SubprocessHook"}
{"timestamp":"2025-07-17T06:54:55.602711","level":"info","event":"Saving to: ‘/opt/airflow/green_tripdata_2020-10.csv.gz’","logger":"airflow.task.hooks.airflow.providers.standard.hooks.subprocess.SubprocessHook"}
{"timestamp":"2025-07-17T06:54:55.604079","level":"info","event":"","logger":"airflow.task.hooks.airflow.providers.standard.hooks.subprocess.SubprocessHook"}
{"timestamp":"2025-07-17T06:54:55.620016","level":"info","event":"     0K .......... .......... .......... .......... ..........  2% 2.82M 1s","logger":"airflow.task.hooks.airflow.providers.standard.hooks.subprocess.SubprocessHook"}
{"timestamp":"2025-07-17T06:54:55.620134","level":"info","event":"    50K .......... .......... .......... .......... ..........  5%  228M 0s","logger":"airflow.task.hooks.airflow.providers.standard.hooks.subprocess.SubprocessHook"}
{"timestamp":"2025-07-17T06:54:55.621357","level":"info","event":"   100K .......... .......... .......... .......... ..........  8% 40.4M 0s","logger":"airflow.task.hooks.airflow.providers.standard.hooks.subprocess.SubprocessHook"}
{"timestamp":"2025-07-17T06:54:55.626632","level":"info","event":"   150K .......... .......... .......... .......... .......... 11% 9.86M 0s","logger":"airflow.task.hooks.airflow.providers.standard.hooks.subprocess.SubprocessHook"}
{"timestamp":"2025-07-17T06:54:55.629778","level":"info","event":"   200K .......... .......... .......... .......... .......... 14% 14.6M 0s","logger":"airflow.task.hooks.airflow.providers.standard.hooks.subprocess.SubprocessHook"}
{"timestamp":"2025-07-17T06:54:55.632196","level":"info","event":"   250K .......... .......... .......... .......... .......... 17% 20.6M 0s","logger":"airflow.task.hooks.airflow.providers.standard.hooks.subprocess.SubprocessHook"}
{"timestamp":"2025-07-17T06:54:55.633086","level":"info","event":"   300K .......... .......... .......... .......... .......... 20% 55.9M 0s","logger":"airflow.task.hooks.airflow.providers.standard.hooks.subprocess.SubprocessHook"}
{"timestamp":"2025-07-17T06:54:55.634760","level":"info","event":"   350K .......... .......... .......... .......... .......... 23% 27.0M 0s","logger":"airflow.task.hooks.airflow.providers.standard.hooks.subprocess.SubprocessHook"}
{"timestamp":"2025-07-17T06:54:55.636033","level":"info","event":"   400K .......... .......... .......... .......... .......... 26% 36.3M 0s","logger":"airflow.task.hooks.airflow.providers.standard.hooks.subprocess.SubprocessHook"}
{"timestamp":"2025-07-17T06:54:55.644361","level":"info","event":"   450K .......... .......... .......... .......... .......... 29% 5.97M 0s","logger":"airflow.task.hooks.airflow.providers.standard.hooks.subprocess.SubprocessHook"}
{"timestamp":"2025-07-17T06:54:55.644614","level":"info","event":"   500K .......... .......... .......... .......... .......... 32%  117M 0s","logger":"airflow.task.hooks.airflow.providers.standard.hooks.subprocess.SubprocessHook"}
{"timestamp":"2025-07-17T06:54:55.645181","level":"info","event":"   550K .......... .......... .......... .......... .......... 35% 91.2M 0s","logger":"airflow.task.hooks.airflow.providers.standard.hooks.subprocess.SubprocessHook"}
{"timestamp":"2025-07-17T06:54:55.650434","level":"info","event":"   600K .......... .......... .......... .......... .......... 38% 9.41M 0s","logger":"airflow.task.hooks.airflow.providers.standard.hooks.subprocess.SubprocessHook"}
{"timestamp":"2025-07-17T06:54:55.652934","level":"info","event":"   650K .......... .......... .......... .......... .......... 41% 18.9M 0s","logger":"airflow.task.hooks.airflow.providers.standard.hooks.subprocess.SubprocessHook"}
{"timestamp":"2025-07-17T06:54:55.657316","level":"info","event":"   700K .......... .......... .......... .......... .......... 44% 12.8M 0s","logger":"airflow.task.hooks.airflow.providers.standard.hooks.subprocess.SubprocessHook"}
{"timestamp":"2025-07-17T06:54:55.659704","level":"info","event":"   750K .......... .......... .......... .......... .......... 47% 16.4M 0s","logger":"airflow.task.hooks.airflow.providers.standard.hooks.subprocess.SubprocessHook"}
{"timestamp":"2025-07-17T06:54:55.669563","level":"info","event":"   800K .......... .......... .......... .......... .......... 50% 7.20M 0s","logger":"airflow.task.hooks.airflow.providers.standard.hooks.subprocess.SubprocessHook"}
{"timestamp":"2025-07-17T06:54:55.669696","level":"info","event":"   850K .......... .......... .......... .......... .......... 53% 15.8M 0s","logger":"airflow.task.hooks.airflow.providers.standard.hooks.subprocess.SubprocessHook"}
{"timestamp":"2025-07-17T06:54:55.671060","level":"info","event":"   900K .......... .......... .......... .......... .......... 56% 35.2M 0s","logger":"airflow.task.hooks.airflow.providers.standard.hooks.subprocess.SubprocessHook"}
{"timestamp":"2025-07-17T06:54:55.673800","level":"info","event":"   950K .......... .......... .......... .......... .......... 59% 17.8M 0s","logger":"airflow.task.hooks.airflow.providers.standard.hooks.subprocess.SubprocessHook"}
{"timestamp":"2025-07-17T06:54:55.677033","level":"info","event":"  1000K .......... .......... .......... .......... .......... 62% 14.9M 0s","logger":"airflow.task.hooks.airflow.providers.standard.hooks.subprocess.SubprocessHook"}
{"timestamp":"2025-07-17T06:54:55.682200","level":"info","event":"  1050K .......... .......... .......... .......... .......... 65% 9.52M 0s","logger":"airflow.task.hooks.airflow.providers.standard.hooks.subprocess.SubprocessHook"}
{"timestamp":"2025-07-17T06:54:55.683443","level":"info","event":"  1100K .......... .......... .......... .......... .......... 68% 36.8M 0s","logger":"airflow.task.hooks.airflow.providers.standard.hooks.subprocess.SubprocessHook"}
{"timestamp":"2025-07-17T06:54:55.688189","level":"info","event":"  1150K .......... .......... .......... .......... .......... 71% 10.4M 0s","logger":"airflow.task.hooks.airflow.providers.standard.hooks.subprocess.SubprocessHook"}
{"timestamp":"2025-07-17T06:54:55.694176","level":"info","event":"  1200K .......... .......... .......... .......... .......... 74% 8.27M 0s","logger":"airflow.task.hooks.airflow.providers.standard.hooks.subprocess.SubprocessHook"}
{"timestamp":"2025-07-17T06:54:55.695823","level":"info","event":"  1250K .......... .......... .......... .......... .......... 77% 27.9M 0s","logger":"airflow.task.hooks.airflow.providers.standard.hooks.subprocess.SubprocessHook"}
{"timestamp":"2025-07-17T06:54:55.698566","level":"info","event":"  1300K .......... .......... .......... .......... .......... 80% 18.0M 0s","logger":"airflow.task.hooks.airflow.providers.standard.hooks.subprocess.SubprocessHook"}
{"timestamp":"2025-07-17T06:54:55.700648","level":"info","event":"  1350K .......... .......... .......... .......... .......... 83% 22.3M 0s","logger":"airflow.task.hooks.airflow.providers.standard.hooks.subprocess.SubprocessHook"}
{"timestamp":"2025-07-17T06:54:55.709542","level":"info","event":"  1400K .......... .......... .......... .......... .......... 86% 5.60M 0s","logger":"airflow.task.hooks.airflow.providers.standard.hooks.subprocess.SubprocessHook"}
{"timestamp":"2025-07-17T06:54:55.710433","level":"info","event":"  1450K .......... .......... .......... .......... .......... 89% 47.8M 0s","logger":"airflow.task.hooks.airflow.providers.standard.hooks.subprocess.SubprocessHook"}
{"timestamp":"2025-07-17T06:54:55.711032","level":"info","event":"  1500K .......... .......... .......... .......... .......... 92% 74.1M 0s","logger":"airflow.task.hooks.airflow.providers.standard.hooks.subprocess.SubprocessHook"}
{"timestamp":"2025-07-17T06:54:55.719118","level":"info","event":"  1550K .......... .......... .......... .......... .......... 95% 6.15M 0s","logger":"airflow.task.hooks.airflow.providers.standard.hooks.subprocess.SubprocessHook"}
{"timestamp":"2025-07-17T06:54:55.719651","level":"info","event":"  1600K .......... .......... .......... .......... .......... 98% 73.8M 0s","logger":"airflow.task.hooks.airflow.providers.standard.hooks.subprocess.SubprocessHook"}
{"timestamp":"2025-07-17T06:54:55.719728","level":"info","event":"  1650K .......... .........                                  100%  410M=0.1s","logger":"airflow.task.hooks.airflow.providers.standard.hooks.subprocess.SubprocessHook"}
{"timestamp":"2025-07-17T06:54:55.719775","level":"info","event":"","logger":"airflow.task.hooks.airflow.providers.standard.hooks.subprocess.SubprocessHook"}
{"timestamp":"2025-07-17T06:54:55.719852","level":"info","event":"2025-07-17 06:54:55 (13.9 MB/s) - ‘/opt/airflow/green_tripdata_2020-10.csv.gz’ saved [1709547/1709547]","logger":"airflow.task.hooks.airflow.providers.standard.hooks.subprocess.SubprocessHook"}
{"timestamp":"2025-07-17T06:54:55.719928","level":"info","event":"","logger":"airflow.task.hooks.airflow.providers.standard.hooks.subprocess.SubprocessHook"}
{"timestamp":"2025-07-17T06:54:55.802147","level":"info","event":"Command exited with return code 0","logger":"airflow.task.hooks.airflow.providers.standard.hooks.subprocess.SubprocessHook"}
{"timestamp":"2025-07-17T06:54:55.803470","level":"info","event":"Pushing xcom","ti":"RuntimeTaskInstance(id=UUID('0198172a-2192-78ef-a644-4996fb94bdba'), task_id='wget_trips_csvgz', dag_id='local_ingestion_pg_green', run_id='scheduled__2020-10-02T06:00:00+00:00', try_number=1, map_index=-1, hostname='3f7f1d329e72', context_carrier={}, task=<Task(BashOperator): wget_trips_csvgz>, bundle_instance=LocalDagBundle(name=dags-folder), max_tries=0, start_date=datetime.datetime(2025, 7, 17, 6, 54, 54, 8692, tzinfo=TzInfo(UTC)), end_date=None, state=<TaskInstanceState.RUNNING: 'running'>, is_mapped=False, rendered_map_index=None)","logger":"task"}
