{"timestamp":"2025-07-17T06:42:39.621460","level":"info","event":"DAG bundles loaded: dags-folder","logger":"airflow.dag_processing.bundles.manager.DagBundlesManager"}
{"timestamp":"2025-07-17T06:42:39.622335","level":"info","event":"Filling up the DagBag from /opt/airflow/dags/data_ingestion_localpg_dag.py","logger":"airflow.models.dagbag.DagBag"}
{"timestamp":"2025-07-17T06:42:39.985864","level":"info","event":"Tmp dir root location: /tmp","logger":"airflow.task.hooks.airflow.providers.standard.hooks.subprocess.SubprocessHook"}
{"timestamp":"2025-07-17T06:42:39.987888","level":"info","event":"Running command: ['/usr/bin/bash', '-c', 'wget https://github.com/DataTalksClub/nyc-tlc-data/releases/download/green/green_tripdata_2020-07.csv.gz -O /opt/airflow/green_tripdata_2020-07.csv.gz && gunzip -f /opt/airflow/green_tripdata_2020-07.csv.gz || rm -f /opt/airflow/green_tripdata_2020-07.csv.gz']","logger":"airflow.task.hooks.airflow.providers.standard.hooks.subprocess.SubprocessHook"}
{"timestamp":"2025-07-17T06:42:40.001093","level":"info","event":"Output:","logger":"airflow.task.hooks.airflow.providers.standard.hooks.subprocess.SubprocessHook"}
{"timestamp":"2025-07-17T06:42:40.012601","level":"info","event":"--2025-07-17 06:42:40--  https://github.com/DataTalksClub/nyc-tlc-data/releases/download/green/green_tripdata_2020-07.csv.gz","logger":"airflow.task.hooks.airflow.providers.standard.hooks.subprocess.SubprocessHook"}
{"timestamp":"2025-07-17T06:42:40.034491","level":"info","event":"Resolving github.com (github.com)... 20.205.243.166","logger":"airflow.task.hooks.airflow.providers.standard.hooks.subprocess.SubprocessHook"}
{"timestamp":"2025-07-17T06:42:40.042648","level":"info","event":"Connecting to github.com (github.com)|20.205.243.166|:443... connected.","logger":"airflow.task.hooks.airflow.providers.standard.hooks.subprocess.SubprocessHook"}
{"timestamp":"2025-07-17T06:42:40.378506","level":"info","event":"HTTP request sent, awaiting response... 302 Found","logger":"airflow.task.hooks.airflow.providers.standard.hooks.subprocess.SubprocessHook"}
{"timestamp":"2025-07-17T06:42:40.378599","level":"info","event":"Location: https://release-assets.githubusercontent.com/github-production-release-asset/513814948/f241e232-104f-4fbd-9354-5c4f7a8c7f59?sp=r&sv=2018-11-09&sr=b&spr=https&se=2025-07-17T07%3A28%3A16Z&rscd=attachment%3B+filename%3Dgreen_tripdata_2020-07.csv.gz&rsct=application%2Foctet-stream&skoid=96c2d410-5711-43a1-aedd-ab1947aa7ab0&sktid=398a6654-997b-47e9-b12b-9515b896b4de&skt=2025-07-17T06%3A27%3A27Z&ske=2025-07-17T07%3A28%3A16Z&sks=b&skv=2018-11-09&sig=oMLKipkh21oBEVXaQQG7avPDcX0g7BGhOBqO3q0mhik%3D&jwt=eyJ******&response-content-disposition=attachment%3B%20filename%3Dgreen_tripdata_2020-07.csv.gz&response-content-type=application%2Foctet-stream [following]","logger":"airflow.task.hooks.airflow.providers.standard.hooks.subprocess.SubprocessHook"}
{"timestamp":"2025-07-17T06:42:40.378678","level":"info","event":"--2025-07-17 06:42:40--  https://release-assets.githubusercontent.com/github-production-release-asset/513814948/f241e232-104f-4fbd-9354-5c4f7a8c7f59?sp=r&sv=2018-11-09&sr=b&spr=https&se=2025-07-17T07%3A28%3A16Z&rscd=attachment%3B+filename%3Dgreen_tripdata_2020-07.csv.gz&rsct=application%2Foctet-stream&skoid=96c2d410-5711-43a1-aedd-ab1947aa7ab0&sktid=398a6654-997b-47e9-b12b-9515b896b4de&skt=2025-07-17T06%3A27%3A27Z&ske=2025-07-17T07%3A28%3A16Z&sks=b&skv=2018-11-09&sig=oMLKipkh21oBEVXaQQG7avPDcX0g7BGhOBqO3q0mhik%3D&jwt=eyJ******&response-content-disposition=attachment%3B%20filename%3Dgreen_tripdata_2020-07.csv.gz&response-content-type=application%2Foctet-stream","logger":"airflow.task.hooks.airflow.providers.standard.hooks.subprocess.SubprocessHook"}
{"timestamp":"2025-07-17T06:42:40.382233","level":"info","event":"Resolving release-assets.githubusercontent.com (release-assets.githubusercontent.com)... 185.199.108.133, 185.199.109.133, 185.199.110.133, ...","logger":"airflow.task.hooks.airflow.providers.standard.hooks.subprocess.SubprocessHook"}
{"timestamp":"2025-07-17T06:42:40.389484","level":"info","event":"Connecting to release-assets.githubusercontent.com (release-assets.githubusercontent.com)|185.199.108.133|:443... connected.","logger":"airflow.task.hooks.airflow.providers.standard.hooks.subprocess.SubprocessHook"}
{"timestamp":"2025-07-17T06:42:40.795565","level":"info","event":"HTTP request sent, awaiting response... 200 OK","logger":"airflow.task.hooks.airflow.providers.standard.hooks.subprocess.SubprocessHook"}
{"timestamp":"2025-07-17T06:42:40.795781","level":"info","event":"Length: 1307389 (1.2M) [application/octet-stream]","logger":"airflow.task.hooks.airflow.providers.standard.hooks.subprocess.SubprocessHook"}
{"timestamp":"2025-07-17T06:42:40.795889","level":"info","event":"Saving to: ‘/opt/airflow/green_tripdata_2020-07.csv.gz’","logger":"airflow.task.hooks.airflow.providers.standard.hooks.subprocess.SubprocessHook"}
{"timestamp":"2025-07-17T06:42:40.795985","level":"info","event":"","logger":"airflow.task.hooks.airflow.providers.standard.hooks.subprocess.SubprocessHook"}
{"timestamp":"2025-07-17T06:42:40.799791","level":"info","event":"     0K .......... .......... .......... .......... ..........  3% 10.3M 0s","logger":"airflow.task.hooks.airflow.providers.standard.hooks.subprocess.SubprocessHook"}
{"timestamp":"2025-07-17T06:42:40.802983","level":"info","event":"    50K .......... .......... .......... .......... ..........  7% 15.3M 0s","logger":"airflow.task.hooks.airflow.providers.standard.hooks.subprocess.SubprocessHook"}
{"timestamp":"2025-07-17T06:42:40.810451","level":"info","event":"   100K .......... .......... .......... .......... .......... 11% 6.56M 0s","logger":"airflow.task.hooks.airflow.providers.standard.hooks.subprocess.SubprocessHook"}
{"timestamp":"2025-07-17T06:42:40.813853","level":"info","event":"   150K .......... .......... .......... .......... .......... 15% 14.1M 0s","logger":"airflow.task.hooks.airflow.providers.standard.hooks.subprocess.SubprocessHook"}
{"timestamp":"2025-07-17T06:42:40.814273","level":"info","event":"   200K .......... .......... .......... .......... .......... 19%  108M 0s","logger":"airflow.task.hooks.airflow.providers.standard.hooks.subprocess.SubprocessHook"}
{"timestamp":"2025-07-17T06:42:40.814679","level":"info","event":"   250K .......... .......... .......... .......... .......... 23%  124M 0s","logger":"airflow.task.hooks.airflow.providers.standard.hooks.subprocess.SubprocessHook"}
{"timestamp":"2025-07-17T06:42:40.822070","level":"info","event":"   300K .......... .......... .......... .......... .......... 27% 6.64M 0s","logger":"airflow.task.hooks.airflow.providers.standard.hooks.subprocess.SubprocessHook"}
{"timestamp":"2025-07-17T06:42:40.823475","level":"info","event":"   350K .......... .......... .......... .......... .......... 31% 33.8M 0s","logger":"airflow.task.hooks.airflow.providers.standard.hooks.subprocess.SubprocessHook"}
{"timestamp":"2025-07-17T06:42:40.826676","level":"info","event":"   400K .......... .......... .......... .......... .......... 35% 15.5M 0s","logger":"airflow.task.hooks.airflow.providers.standard.hooks.subprocess.SubprocessHook"}
{"timestamp":"2025-07-17T06:42:40.835509","level":"info","event":"   450K .......... .......... .......... .......... .......... 39% 5.61M 0s","logger":"airflow.task.hooks.airflow.providers.standard.hooks.subprocess.SubprocessHook"}
{"timestamp":"2025-07-17T06:42:40.836830","level":"info","event":"   500K .......... .......... .......... .......... .......... 43% 32.4M 0s","logger":"airflow.task.hooks.airflow.providers.standard.hooks.subprocess.SubprocessHook"}
{"timestamp":"2025-07-17T06:42:40.839521","level":"info","event":"   550K .......... .......... .......... .......... .......... 46% 18.8M 0s","logger":"airflow.task.hooks.airflow.providers.standard.hooks.subprocess.SubprocessHook"}
{"timestamp":"2025-07-17T06:42:40.841864","level":"info","event":"   600K .......... .......... .......... .......... .......... 50% 20.3M 0s","logger":"airflow.task.hooks.airflow.providers.standard.hooks.subprocess.SubprocessHook"}
{"timestamp":"2025-07-17T06:42:40.854821","level":"info","event":"   650K .......... .......... .......... .......... .......... 54% 3.79M 0s","logger":"airflow.task.hooks.airflow.providers.standard.hooks.subprocess.SubprocessHook"}
{"timestamp":"2025-07-17T06:42:40.856806","level":"info","event":"   700K .......... .......... .......... .......... .......... 58% 25.4M 0s","logger":"airflow.task.hooks.airflow.providers.standard.hooks.subprocess.SubprocessHook"}
{"timestamp":"2025-07-17T06:42:40.856877","level":"info","event":"   750K .......... .......... .......... .......... .......... 62%  193M 0s","logger":"airflow.task.hooks.airflow.providers.standard.hooks.subprocess.SubprocessHook"}
{"timestamp":"2025-07-17T06:42:40.857334","level":"info","event":"   800K .......... .......... .......... .......... .......... 66%  115M 0s","logger":"airflow.task.hooks.airflow.providers.standard.hooks.subprocess.SubprocessHook"}
{"timestamp":"2025-07-17T06:42:40.857763","level":"info","event":"   850K .......... .......... .......... .......... .......... 70%  136M 0s","logger":"airflow.task.hooks.airflow.providers.standard.hooks.subprocess.SubprocessHook"}
{"timestamp":"2025-07-17T06:42:40.863083","level":"info","event":"   900K .......... .......... .......... .......... .......... 74% 9.77M 0s","logger":"airflow.task.hooks.airflow.providers.standard.hooks.subprocess.SubprocessHook"}
{"timestamp":"2025-07-17T06:42:40.863163","level":"info","event":"   950K .......... .......... .......... .......... .......... 78%  136M 0s","logger":"airflow.task.hooks.airflow.providers.standard.hooks.subprocess.SubprocessHook"}
{"timestamp":"2025-07-17T06:42:40.863473","level":"info","event":"  1000K .......... .......... .......... .......... .......... 82%  122M 0s","logger":"airflow.task.hooks.airflow.providers.standard.hooks.subprocess.SubprocessHook"}
{"timestamp":"2025-07-17T06:42:40.863953","level":"info","event":"  1050K .......... .......... .......... .......... .......... 86% 97.9M 0s","logger":"airflow.task.hooks.airflow.providers.standard.hooks.subprocess.SubprocessHook"}
{"timestamp":"2025-07-17T06:42:40.864764","level":"info","event":"  1100K .......... .......... .......... .......... .......... 90% 58.6M 0s","logger":"airflow.task.hooks.airflow.providers.standard.hooks.subprocess.SubprocessHook"}
{"timestamp":"2025-07-17T06:42:40.865143","level":"info","event":"  1150K .......... .......... .......... .......... .......... 93%  144M 0s","logger":"airflow.task.hooks.airflow.providers.standard.hooks.subprocess.SubprocessHook"}
{"timestamp":"2025-07-17T06:42:40.868141","level":"info","event":"  1200K .......... .......... .......... .......... .......... 97% 16.1M 0s","logger":"airflow.task.hooks.airflow.providers.standard.hooks.subprocess.SubprocessHook"}
{"timestamp":"2025-07-17T06:42:40.868359","level":"info","event":"  1250K .......... .......... ......                          100%  140M=0.07s","logger":"airflow.task.hooks.airflow.providers.standard.hooks.subprocess.SubprocessHook"}
{"timestamp":"2025-07-17T06:42:40.868407","level":"info","event":"","logger":"airflow.task.hooks.airflow.providers.standard.hooks.subprocess.SubprocessHook"}
{"timestamp":"2025-07-17T06:42:40.868485","level":"info","event":"2025-07-17 06:42:40 (17.0 MB/s) - ‘/opt/airflow/green_tripdata_2020-07.csv.gz’ saved [1307389/1307389]","logger":"airflow.task.hooks.airflow.providers.standard.hooks.subprocess.SubprocessHook"}
{"timestamp":"2025-07-17T06:42:40.868540","level":"info","event":"","logger":"airflow.task.hooks.airflow.providers.standard.hooks.subprocess.SubprocessHook"}
{"timestamp":"2025-07-17T06:42:40.909680","level":"info","event":"Command exited with return code 0","logger":"airflow.task.hooks.airflow.providers.standard.hooks.subprocess.SubprocessHook"}
{"timestamp":"2025-07-17T06:42:40.910596","level":"info","event":"Pushing xcom","ti":"RuntimeTaskInstance(id=UUID('0198171e-eb24-7a0d-aa68-767bb93bb113'), task_id='wget_trips_csvgz', dag_id='local_ingestion_pg_green', run_id='scheduled__2020-07-02T06:00:00+00:00', try_number=1, map_index=-1, hostname='3f7f1d329e72', context_carrier={}, task=<Task(BashOperator): wget_trips_csvgz>, bundle_instance=LocalDagBundle(name=dags-folder), max_tries=0, start_date=datetime.datetime(2025, 7, 17, 6, 42, 39, 246941, tzinfo=TzInfo(UTC)), end_date=None, state=<TaskInstanceState.RUNNING: 'running'>, is_mapped=False, rendered_map_index=None)","logger":"task"}
{"timestamp":"2025-07-17T06:54:36.158581","level":"info","event":"DAG bundles loaded: dags-folder","logger":"airflow.dag_processing.bundles.manager.DagBundlesManager"}
{"timestamp":"2025-07-17T06:54:36.159418","level":"info","event":"Filling up the DagBag from /opt/airflow/dags/data_ingestion_localpg_dag.py","logger":"airflow.models.dagbag.DagBag"}
{"timestamp":"2025-07-17T06:54:36.456800","level":"info","event":"Tmp dir root location: /tmp","logger":"airflow.task.hooks.airflow.providers.standard.hooks.subprocess.SubprocessHook"}
{"timestamp":"2025-07-17T06:54:36.458638","level":"info","event":"Running command: ['/usr/bin/bash', '-c', 'wget https://github.com/DataTalksClub/nyc-tlc-data/releases/download/green/green_tripdata_2020-07.csv.gz -O /opt/airflow/green_tripdata_2020-07.csv.gz && gunzip -f /opt/airflow/green_tripdata_2020-07.csv.gz || rm -f /opt/airflow/green_tripdata_2020-07.csv.gz']","logger":"airflow.task.hooks.airflow.providers.standard.hooks.subprocess.SubprocessHook"}
{"timestamp":"2025-07-17T06:54:36.479723","level":"info","event":"Output:","logger":"airflow.task.hooks.airflow.providers.standard.hooks.subprocess.SubprocessHook"}
{"timestamp":"2025-07-17T06:54:36.489511","level":"info","event":"--2025-07-17 06:54:36--  https://github.com/DataTalksClub/nyc-tlc-data/releases/download/green/green_tripdata_2020-07.csv.gz","logger":"airflow.task.hooks.airflow.providers.standard.hooks.subprocess.SubprocessHook"}
{"timestamp":"2025-07-17T06:54:36.512713","level":"info","event":"Resolving github.com (github.com)... 20.205.243.166","logger":"airflow.task.hooks.airflow.providers.standard.hooks.subprocess.SubprocessHook"}
{"timestamp":"2025-07-17T06:54:36.523964","level":"info","event":"Connecting to github.com (github.com)|20.205.243.166|:443... connected.","logger":"airflow.task.hooks.airflow.providers.standard.hooks.subprocess.SubprocessHook"}
{"timestamp":"2025-07-17T06:54:36.870982","level":"info","event":"HTTP request sent, awaiting response... 302 Found","logger":"airflow.task.hooks.airflow.providers.standard.hooks.subprocess.SubprocessHook"}
{"timestamp":"2025-07-17T06:54:36.871105","level":"info","event":"Location: https://release-assets.githubusercontent.com/github-production-release-asset/513814948/f241e232-104f-4fbd-9354-5c4f7a8c7f59?sp=r&sv=2018-11-09&sr=b&spr=https&se=2025-07-17T07%3A43%3A18Z&rscd=attachment%3B+filename%3Dgreen_tripdata_2020-07.csv.gz&rsct=application%2Foctet-stream&skoid=96c2d410-5711-43a1-aedd-ab1947aa7ab0&sktid=398a6654-997b-47e9-b12b-9515b896b4de&skt=2025-07-17T06%3A43%3A15Z&ske=2025-07-17T07%3A43%3A18Z&sks=b&skv=2018-11-09&sig=jotrz9mQzNhkpkFhBgf5bZ6ER8c%2Ft5OaHNS8VwfB9NU%3D&jwt=eyJ******&response-content-disposition=attachment%3B%20filename%3Dgreen_tripdata_2020-07.csv.gz&response-content-type=application%2Foctet-stream [following]","logger":"airflow.task.hooks.airflow.providers.standard.hooks.subprocess.SubprocessHook"}
{"timestamp":"2025-07-17T06:54:36.871567","level":"info","event":"--2025-07-17 06:54:36--  https://release-assets.githubusercontent.com/github-production-release-asset/513814948/f241e232-104f-4fbd-9354-5c4f7a8c7f59?sp=r&sv=2018-11-09&sr=b&spr=https&se=2025-07-17T07%3A43%3A18Z&rscd=attachment%3B+filename%3Dgreen_tripdata_2020-07.csv.gz&rsct=application%2Foctet-stream&skoid=96c2d410-5711-43a1-aedd-ab1947aa7ab0&sktid=398a6654-997b-47e9-b12b-9515b896b4de&skt=2025-07-17T06%3A43%3A15Z&ske=2025-07-17T07%3A43%3A18Z&sks=b&skv=2018-11-09&sig=jotrz9mQzNhkpkFhBgf5bZ6ER8c%2Ft5OaHNS8VwfB9NU%3D&jwt=eyJ******&response-content-disposition=attachment%3B%20filename%3Dgreen_tripdata_2020-07.csv.gz&response-content-type=application%2Foctet-stream","logger":"airflow.task.hooks.airflow.providers.standard.hooks.subprocess.SubprocessHook"}
{"timestamp":"2025-07-17T06:54:36.881277","level":"info","event":"Resolving release-assets.githubusercontent.com (release-assets.githubusercontent.com)... 185.199.111.133, 185.199.108.133, 185.199.109.133, ...","logger":"airflow.task.hooks.airflow.providers.standard.hooks.subprocess.SubprocessHook"}
{"timestamp":"2025-07-17T06:54:36.888548","level":"info","event":"Connecting to release-assets.githubusercontent.com (release-assets.githubusercontent.com)|185.199.111.133|:443... connected.","logger":"airflow.task.hooks.airflow.providers.standard.hooks.subprocess.SubprocessHook"}
{"timestamp":"2025-07-17T06:54:36.913586","level":"info","event":"HTTP request sent, awaiting response... 200 OK","logger":"airflow.task.hooks.airflow.providers.standard.hooks.subprocess.SubprocessHook"}
{"timestamp":"2025-07-17T06:54:36.913701","level":"info","event":"Length: 1307389 (1.2M) [application/octet-stream]","logger":"airflow.task.hooks.airflow.providers.standard.hooks.subprocess.SubprocessHook"}
{"timestamp":"2025-07-17T06:54:36.913745","level":"info","event":"Saving to: ‘/opt/airflow/green_tripdata_2020-07.csv.gz’","logger":"airflow.task.hooks.airflow.providers.standard.hooks.subprocess.SubprocessHook"}
{"timestamp":"2025-07-17T06:54:36.913818","level":"info","event":"","logger":"airflow.task.hooks.airflow.providers.standard.hooks.subprocess.SubprocessHook"}
{"timestamp":"2025-07-17T06:54:36.927031","level":"info","event":"     0K .......... .......... .......... .......... ..........  3% 3.65M 0s","logger":"airflow.task.hooks.airflow.providers.standard.hooks.subprocess.SubprocessHook"}
{"timestamp":"2025-07-17T06:54:36.930587","level":"info","event":"    50K .......... .......... .......... .......... ..........  7% 14.7M 0s","logger":"airflow.task.hooks.airflow.providers.standard.hooks.subprocess.SubprocessHook"}
{"timestamp":"2025-07-17T06:54:36.935110","level":"info","event":"   100K .......... .......... .......... .......... .......... 11% 10.3M 0s","logger":"airflow.task.hooks.airflow.providers.standard.hooks.subprocess.SubprocessHook"}
{"timestamp":"2025-07-17T06:54:36.939379","level":"info","event":"   150K .......... .......... .......... .......... .......... 15% 11.7M 0s","logger":"airflow.task.hooks.airflow.providers.standard.hooks.subprocess.SubprocessHook"}
{"timestamp":"2025-07-17T06:54:36.942025","level":"info","event":"   200K .......... .......... .......... .......... .......... 19% 17.7M 0s","logger":"airflow.task.hooks.airflow.providers.standard.hooks.subprocess.SubprocessHook"}
{"timestamp":"2025-07-17T06:54:36.943012","level":"info","event":"   250K .......... .......... .......... .......... .......... 23% 48.2M 0s","logger":"airflow.task.hooks.airflow.providers.standard.hooks.subprocess.SubprocessHook"}
{"timestamp":"2025-07-17T06:54:36.952403","level":"info","event":"   300K .......... .......... .......... .......... .......... 27% 5.29M 0s","logger":"airflow.task.hooks.airflow.providers.standard.hooks.subprocess.SubprocessHook"}
{"timestamp":"2025-07-17T06:54:36.953281","level":"info","event":"   350K .......... .......... .......... .......... .......... 31% 65.3M 0s","logger":"airflow.task.hooks.airflow.providers.standard.hooks.subprocess.SubprocessHook"}
{"timestamp":"2025-07-17T06:54:36.955689","level":"info","event":"   400K .......... .......... .......... .......... .......... 35% 18.5M 0s","logger":"airflow.task.hooks.airflow.providers.standard.hooks.subprocess.SubprocessHook"}
{"timestamp":"2025-07-17T06:54:36.957108","level":"info","event":"   450K .......... .......... .......... .......... .......... 39% 33.8M 0s","logger":"airflow.task.hooks.airflow.providers.standard.hooks.subprocess.SubprocessHook"}
{"timestamp":"2025-07-17T06:54:36.958643","level":"info","event":"   500K .......... .......... .......... .......... .......... 43% 34.5M 0s","logger":"airflow.task.hooks.airflow.providers.standard.hooks.subprocess.SubprocessHook"}
{"timestamp":"2025-07-17T06:54:36.959969","level":"info","event":"   550K .......... .......... .......... .......... .......... 46% 33.8M 0s","logger":"airflow.task.hooks.airflow.providers.standard.hooks.subprocess.SubprocessHook"}
{"timestamp":"2025-07-17T06:54:36.963594","level":"info","event":"   600K .......... .......... .......... .......... .......... 50% 13.5M 0s","logger":"airflow.task.hooks.airflow.providers.standard.hooks.subprocess.SubprocessHook"}
{"timestamp":"2025-07-17T06:54:36.969206","level":"info","event":"   650K .......... .......... .......... .......... .......... 54% 8.72M 0s","logger":"airflow.task.hooks.airflow.providers.standard.hooks.subprocess.SubprocessHook"}
{"timestamp":"2025-07-17T06:54:36.969452","level":"info","event":"   700K .......... .......... .......... .......... .......... 58%  191M 0s","logger":"airflow.task.hooks.airflow.providers.standard.hooks.subprocess.SubprocessHook"}
{"timestamp":"2025-07-17T06:54:36.970152","level":"info","event":"   750K .......... .......... .......... .......... .......... 62% 76.4M 0s","logger":"airflow.task.hooks.airflow.providers.standard.hooks.subprocess.SubprocessHook"}
{"timestamp":"2025-07-17T06:54:36.971109","level":"info","event":"   800K .......... .......... .......... .......... .......... 66% 49.2M 0s","logger":"airflow.task.hooks.airflow.providers.standard.hooks.subprocess.SubprocessHook"}
{"timestamp":"2025-07-17T06:54:36.973839","level":"info","event":"   850K .......... .......... .......... .......... .......... 70% 19.0M 0s","logger":"airflow.task.hooks.airflow.providers.standard.hooks.subprocess.SubprocessHook"}
{"timestamp":"2025-07-17T06:54:36.977035","level":"info","event":"   900K .......... .......... .......... .......... .......... 74% 15.4M 0s","logger":"airflow.task.hooks.airflow.providers.standard.hooks.subprocess.SubprocessHook"}
{"timestamp":"2025-07-17T06:54:36.978676","level":"info","event":"   950K .......... .......... .......... .......... .......... 78% 25.6M 0s","logger":"airflow.task.hooks.airflow.providers.standard.hooks.subprocess.SubprocessHook"}
{"timestamp":"2025-07-17T06:54:36.978953","level":"info","event":"  1000K .......... .......... .......... .......... .......... 82%  154M 0s","logger":"airflow.task.hooks.airflow.providers.standard.hooks.subprocess.SubprocessHook"}
{"timestamp":"2025-07-17T06:54:36.979757","level":"info","event":"  1050K .......... .......... .......... .......... .......... 86% 68.1M 0s","logger":"airflow.task.hooks.airflow.providers.standard.hooks.subprocess.SubprocessHook"}
{"timestamp":"2025-07-17T06:54:36.980159","level":"info","event":"  1100K .......... .......... .......... .......... .......... 90%  181M 0s","logger":"airflow.task.hooks.airflow.providers.standard.hooks.subprocess.SubprocessHook"}
{"timestamp":"2025-07-17T06:54:36.986080","level":"info","event":"  1150K .......... .......... .......... .......... .......... 93% 8.18M 0s","logger":"airflow.task.hooks.airflow.providers.standard.hooks.subprocess.SubprocessHook"}
{"timestamp":"2025-07-17T06:54:36.987101","level":"info","event":"  1200K .......... .......... .......... .......... .......... 97% 48.7M 0s","logger":"airflow.task.hooks.airflow.providers.standard.hooks.subprocess.SubprocessHook"}
{"timestamp":"2025-07-17T06:54:36.987214","level":"info","event":"  1250K .......... .......... ......                          100%  390M=0.07s","logger":"airflow.task.hooks.airflow.providers.standard.hooks.subprocess.SubprocessHook"}
{"timestamp":"2025-07-17T06:54:36.987268","level":"info","event":"","logger":"airflow.task.hooks.airflow.providers.standard.hooks.subprocess.SubprocessHook"}
{"timestamp":"2025-07-17T06:54:36.987309","level":"info","event":"2025-07-17 06:54:36 (17.0 MB/s) - ‘/opt/airflow/green_tripdata_2020-07.csv.gz’ saved [1307389/1307389]","logger":"airflow.task.hooks.airflow.providers.standard.hooks.subprocess.SubprocessHook"}
{"timestamp":"2025-07-17T06:54:36.987369","level":"info","event":"","logger":"airflow.task.hooks.airflow.providers.standard.hooks.subprocess.SubprocessHook"}
{"timestamp":"2025-07-17T06:54:37.072773","level":"info","event":"Command exited with return code 0","logger":"airflow.task.hooks.airflow.providers.standard.hooks.subprocess.SubprocessHook"}
{"timestamp":"2025-07-17T06:54:37.074093","level":"info","event":"Pushing xcom","ti":"RuntimeTaskInstance(id=UUID('01981729-d9f0-75c7-ab91-01807e8445c2'), task_id='wget_trips_csvgz', dag_id='local_ingestion_pg_green', run_id='scheduled__2020-07-02T06:00:00+00:00', try_number=1, map_index=-1, hostname='3f7f1d329e72', context_carrier={}, task=<Task(BashOperator): wget_trips_csvgz>, bundle_instance=LocalDagBundle(name=dags-folder), max_tries=0, start_date=datetime.datetime(2025, 7, 17, 6, 54, 35, 682853, tzinfo=TzInfo(UTC)), end_date=None, state=<TaskInstanceState.RUNNING: 'running'>, is_mapped=False, rendered_map_index=None)","logger":"task"}
