{"timestamp":"2025-07-17T06:42:46.953972","level":"info","event":"DAG bundles loaded: dags-folder","logger":"airflow.dag_processing.bundles.manager.DagBundlesManager"}
{"timestamp":"2025-07-17T06:42:46.954773","level":"info","event":"Filling up the DagBag from /opt/airflow/dags/data_ingestion_localpg_dag.py","logger":"airflow.models.dagbag.DagBag"}
{"timestamp":"2025-07-17T06:42:47.221180","level":"info","event":"Tmp dir root location: /tmp","logger":"airflow.task.hooks.airflow.providers.standard.hooks.subprocess.SubprocessHook"}
{"timestamp":"2025-07-17T06:42:47.222088","level":"info","event":"Running command: ['/usr/bin/bash', '-c', 'wget https://github.com/DataTalksClub/nyc-tlc-data/releases/download/green/green_tripdata_2020-11.csv.gz -O /opt/airflow/green_tripdata_2020-11.csv.gz && gunzip -f /opt/airflow/green_tripdata_2020-11.csv.gz || rm -f /opt/airflow/green_tripdata_2020-11.csv.gz']","logger":"airflow.task.hooks.airflow.providers.standard.hooks.subprocess.SubprocessHook"}
{"timestamp":"2025-07-17T06:42:47.232257","level":"info","event":"Output:","logger":"airflow.task.hooks.airflow.providers.standard.hooks.subprocess.SubprocessHook"}
{"timestamp":"2025-07-17T06:42:47.236072","level":"info","event":"--2025-07-17 06:42:47--  https://github.com/DataTalksClub/nyc-tlc-data/releases/download/green/green_tripdata_2020-11.csv.gz","logger":"airflow.task.hooks.airflow.providers.standard.hooks.subprocess.SubprocessHook"}
{"timestamp":"2025-07-17T06:42:47.250896","level":"info","event":"Resolving github.com (github.com)... 20.205.243.166","logger":"airflow.task.hooks.airflow.providers.standard.hooks.subprocess.SubprocessHook"}
{"timestamp":"2025-07-17T06:42:47.259406","level":"info","event":"Connecting to github.com (github.com)|20.205.243.166|:443... connected.","logger":"airflow.task.hooks.airflow.providers.standard.hooks.subprocess.SubprocessHook"}
{"timestamp":"2025-07-17T06:42:47.615402","level":"info","event":"HTTP request sent, awaiting response... 302 Found","logger":"airflow.task.hooks.airflow.providers.standard.hooks.subprocess.SubprocessHook"}
{"timestamp":"2025-07-17T06:42:47.615528","level":"info","event":"Location: https://release-assets.githubusercontent.com/github-production-release-asset/513814948/3561e36c-77da-48e2-bec6-c458ccd88398?sp=r&sv=2018-11-09&sr=b&spr=https&se=2025-07-17T07%3A32%3A09Z&rscd=attachment%3B+filename%3Dgreen_tripdata_2020-11.csv.gz&rsct=application%2Foctet-stream&skoid=96c2d410-5711-43a1-aedd-ab1947aa7ab0&sktid=398a6654-997b-47e9-b12b-9515b896b4de&skt=2025-07-17T06%3A31%3A46Z&ske=2025-07-17T07%3A32%3A09Z&sks=b&skv=2018-11-09&sig=2S6sNuX70zaO6kGuD5xJnZV1fZXkoCrnDDRUvRw0cPo%3D&jwt=eyJ******&response-content-disposition=attachment%3B%20filename%3Dgreen_tripdata_2020-11.csv.gz&response-content-type=application%2Foctet-stream [following]","logger":"airflow.task.hooks.airflow.providers.standard.hooks.subprocess.SubprocessHook"}
{"timestamp":"2025-07-17T06:42:47.615624","level":"info","event":"--2025-07-17 06:42:47--  https://release-assets.githubusercontent.com/github-production-release-asset/513814948/3561e36c-77da-48e2-bec6-c458ccd88398?sp=r&sv=2018-11-09&sr=b&spr=https&se=2025-07-17T07%3A32%3A09Z&rscd=attachment%3B+filename%3Dgreen_tripdata_2020-11.csv.gz&rsct=application%2Foctet-stream&skoid=96c2d410-5711-43a1-aedd-ab1947aa7ab0&sktid=398a6654-997b-47e9-b12b-9515b896b4de&skt=2025-07-17T06%3A31%3A46Z&ske=2025-07-17T07%3A32%3A09Z&sks=b&skv=2018-11-09&sig=2S6sNuX70zaO6kGuD5xJnZV1fZXkoCrnDDRUvRw0cPo%3D&jwt=eyJ******&response-content-disposition=attachment%3B%20filename%3Dgreen_tripdata_2020-11.csv.gz&response-content-type=application%2Foctet-stream","logger":"airflow.task.hooks.airflow.providers.standard.hooks.subprocess.SubprocessHook"}
{"timestamp":"2025-07-17T06:42:47.626830","level":"info","event":"Resolving release-assets.githubusercontent.com (release-assets.githubusercontent.com)... 185.199.108.133, 185.199.109.133, 185.199.110.133, ...","logger":"airflow.task.hooks.airflow.providers.standard.hooks.subprocess.SubprocessHook"}
{"timestamp":"2025-07-17T06:42:47.634291","level":"info","event":"Connecting to release-assets.githubusercontent.com (release-assets.githubusercontent.com)|185.199.108.133|:443... connected.","logger":"airflow.task.hooks.airflow.providers.standard.hooks.subprocess.SubprocessHook"}
{"timestamp":"2025-07-17T06:42:47.905861","level":"info","event":"HTTP request sent, awaiting response... 200 OK","logger":"airflow.task.hooks.airflow.providers.standard.hooks.subprocess.SubprocessHook"}
{"timestamp":"2025-07-17T06:42:47.906422","level":"info","event":"Length: 1573495 (1.5M) [application/octet-stream]","logger":"airflow.task.hooks.airflow.providers.standard.hooks.subprocess.SubprocessHook"}
{"timestamp":"2025-07-17T06:42:47.906592","level":"info","event":"Saving to: ‘/opt/airflow/green_tripdata_2020-11.csv.gz’","logger":"airflow.task.hooks.airflow.providers.standard.hooks.subprocess.SubprocessHook"}
{"timestamp":"2025-07-17T06:42:47.922140","level":"info","event":"","logger":"airflow.task.hooks.airflow.providers.standard.hooks.subprocess.SubprocessHook"}
{"timestamp":"2025-07-17T06:42:47.988839","level":"info","event":"     0K .......... .......... .......... .......... ..........  3%  605K 2s","logger":"airflow.task.hooks.airflow.providers.standard.hooks.subprocess.SubprocessHook"}
{"timestamp":"2025-07-17T06:42:48.179723","level":"info","event":"    50K .......... .......... .......... .......... ..........  6%  262K 4s","logger":"airflow.task.hooks.airflow.providers.standard.hooks.subprocess.SubprocessHook"}
{"timestamp":"2025-07-17T06:42:48.232506","level":"info","event":"   100K .......... .......... .......... .......... ..........  9%  946K 3s","logger":"airflow.task.hooks.airflow.providers.standard.hooks.subprocess.SubprocessHook"}
{"timestamp":"2025-07-17T06:42:48.297210","level":"info","event":"   150K .......... .......... .......... .......... .......... 13%  774K 3s","logger":"airflow.task.hooks.airflow.providers.standard.hooks.subprocess.SubprocessHook"}
{"timestamp":"2025-07-17T06:42:48.389126","level":"info","event":"   200K .......... .......... .......... .......... .......... 16%  543K 2s","logger":"airflow.task.hooks.airflow.providers.standard.hooks.subprocess.SubprocessHook"}
{"timestamp":"2025-07-17T06:42:48.430664","level":"info","event":"   250K .......... .......... .......... .......... .......... 19% 1.69M 2s","logger":"airflow.task.hooks.airflow.providers.standard.hooks.subprocess.SubprocessHook"}
{"timestamp":"2025-07-17T06:42:48.457017","level":"info","event":"   300K .......... .......... .......... .......... .......... 22% 1.25M 2s","logger":"airflow.task.hooks.airflow.providers.standard.hooks.subprocess.SubprocessHook"}
{"timestamp":"2025-07-17T06:42:48.479044","level":"info","event":"   350K .......... .......... .......... .......... .......... 26% 2.22M 2s","logger":"airflow.task.hooks.airflow.providers.standard.hooks.subprocess.SubprocessHook"}
{"timestamp":"2025-07-17T06:42:48.507975","level":"info","event":"   400K .......... .......... .......... .......... .......... 29% 1.69M 1s","logger":"airflow.task.hooks.airflow.providers.standard.hooks.subprocess.SubprocessHook"}
{"timestamp":"2025-07-17T06:42:48.522488","level":"info","event":"   450K .......... .......... .......... .......... .......... 32% 3.55M 1s","logger":"airflow.task.hooks.airflow.providers.standard.hooks.subprocess.SubprocessHook"}
{"timestamp":"2025-07-17T06:42:48.537677","level":"info","event":"   500K .......... .......... .......... .......... .......... 35% 3.05M 1s","logger":"airflow.task.hooks.airflow.providers.standard.hooks.subprocess.SubprocessHook"}
{"timestamp":"2025-07-17T06:42:48.639957","level":"info","event":"   550K .......... .......... .......... .......... .......... 39%  497K 1s","logger":"airflow.task.hooks.airflow.providers.standard.hooks.subprocess.SubprocessHook"}
{"timestamp":"2025-07-17T06:42:48.649573","level":"info","event":"   600K .......... .......... .......... .......... .......... 42% 4.37M 1s","logger":"airflow.task.hooks.airflow.providers.standard.hooks.subprocess.SubprocessHook"}
{"timestamp":"2025-07-17T06:42:48.670335","level":"info","event":"   650K .......... .......... .......... .......... .......... 45% 3.07M 1s","logger":"airflow.task.hooks.airflow.providers.standard.hooks.subprocess.SubprocessHook"}
{"timestamp":"2025-07-17T06:42:48.685562","level":"info","event":"   700K .......... .......... .......... .......... .......... 48% 2.44M 1s","logger":"airflow.task.hooks.airflow.providers.standard.hooks.subprocess.SubprocessHook"}
{"timestamp":"2025-07-17T06:42:48.697538","level":"info","event":"   750K .......... .......... .......... .......... .......... 52% 4.11M 1s","logger":"airflow.task.hooks.airflow.providers.standard.hooks.subprocess.SubprocessHook"}
{"timestamp":"2025-07-17T06:42:48.713724","level":"info","event":"   800K .......... .......... .......... .......... .......... 55% 3.02M 1s","logger":"airflow.task.hooks.airflow.providers.standard.hooks.subprocess.SubprocessHook"}
{"timestamp":"2025-07-17T06:42:48.721753","level":"info","event":"   850K .......... .......... .......... .......... .......... 58% 5.97M 1s","logger":"airflow.task.hooks.airflow.providers.standard.hooks.subprocess.SubprocessHook"}
{"timestamp":"2025-07-17T06:42:48.733709","level":"info","event":"   900K .......... .......... .......... .......... .......... 61% 4.05M 1s","logger":"airflow.task.hooks.airflow.providers.standard.hooks.subprocess.SubprocessHook"}
{"timestamp":"2025-07-17T06:42:48.748059","level":"info","event":"   950K .......... .......... .......... .......... .......... 65% 3.45M 0s","logger":"airflow.task.hooks.airflow.providers.standard.hooks.subprocess.SubprocessHook"}
{"timestamp":"2025-07-17T06:42:48.760827","level":"info","event":"  1000K .......... .......... .......... .......... .......... 68% 3.80M 0s","logger":"airflow.task.hooks.airflow.providers.standard.hooks.subprocess.SubprocessHook"}
{"timestamp":"2025-07-17T06:42:48.772235","level":"info","event":"  1050K .......... .......... .......... .......... .......... 71% 5.09M 0s","logger":"airflow.task.hooks.airflow.providers.standard.hooks.subprocess.SubprocessHook"}
{"timestamp":"2025-07-17T06:42:48.782426","level":"info","event":"  1100K .......... .......... .......... .......... .......... 74% 4.05M 0s","logger":"airflow.task.hooks.airflow.providers.standard.hooks.subprocess.SubprocessHook"}
{"timestamp":"2025-07-17T06:42:48.792893","level":"info","event":"  1150K .......... .......... .......... .......... .......... 78% 4.70M 0s","logger":"airflow.task.hooks.airflow.providers.standard.hooks.subprocess.SubprocessHook"}
{"timestamp":"2025-07-17T06:42:48.798895","level":"info","event":"  1200K .......... .......... .......... .......... .......... 81% 7.96M 0s","logger":"airflow.task.hooks.airflow.providers.standard.hooks.subprocess.SubprocessHook"}
{"timestamp":"2025-07-17T06:42:48.878027","level":"info","event":"  1250K .......... .......... .......... .......... .......... 84%  633K 0s","logger":"airflow.task.hooks.airflow.providers.standard.hooks.subprocess.SubprocessHook"}
{"timestamp":"2025-07-17T06:42:48.889816","level":"info","event":"  1300K .......... .......... .......... .......... .......... 87% 4.16M 0s","logger":"airflow.task.hooks.airflow.providers.standard.hooks.subprocess.SubprocessHook"}
{"timestamp":"2025-07-17T06:42:48.895938","level":"info","event":"  1350K .......... .......... .......... .......... .......... 91% 9.80M 0s","logger":"airflow.task.hooks.airflow.providers.standard.hooks.subprocess.SubprocessHook"}
{"timestamp":"2025-07-17T06:42:48.905490","level":"info","event":"  1400K .......... .......... .......... .......... .......... 94% 4.83M 0s","logger":"airflow.task.hooks.airflow.providers.standard.hooks.subprocess.SubprocessHook"}
{"timestamp":"2025-07-17T06:42:48.919040","level":"info","event":"  1450K .......... .......... .......... .......... .......... 97% 3.59M 0s","logger":"airflow.task.hooks.airflow.providers.standard.hooks.subprocess.SubprocessHook"}
{"timestamp":"2025-07-17T06:42:48.919215","level":"info","event":"  1500K .......... .......... .......... ......               100% 37.4M=1.0s","logger":"airflow.task.hooks.airflow.providers.standard.hooks.subprocess.SubprocessHook"}
{"timestamp":"2025-07-17T06:42:48.919308","level":"info","event":"","logger":"airflow.task.hooks.airflow.providers.standard.hooks.subprocess.SubprocessHook"}
{"timestamp":"2025-07-17T06:42:48.919367","level":"info","event":"2025-07-17 06:42:48 (1.48 MB/s) - ‘/opt/airflow/green_tripdata_2020-11.csv.gz’ saved [1573495/1573495]","logger":"airflow.task.hooks.airflow.providers.standard.hooks.subprocess.SubprocessHook"}
{"timestamp":"2025-07-17T06:42:48.919486","level":"info","event":"","logger":"airflow.task.hooks.airflow.providers.standard.hooks.subprocess.SubprocessHook"}
{"timestamp":"2025-07-17T06:42:49.044324","level":"info","event":"Command exited with return code 0","logger":"airflow.task.hooks.airflow.providers.standard.hooks.subprocess.SubprocessHook"}
{"timestamp":"2025-07-17T06:42:49.047627","level":"info","event":"Pushing xcom","ti":"RuntimeTaskInstance(id=UUID('0198171f-082e-7960-a4b8-4a1620c18e60'), task_id='wget_trips_csvgz', dag_id='local_ingestion_pg_green', run_id='scheduled__2020-11-02T06:00:00+00:00', try_number=1, map_index=-1, hostname='3f7f1d329e72', context_carrier={}, task=<Task(BashOperator): wget_trips_csvgz>, bundle_instance=LocalDagBundle(name=dags-folder), max_tries=0, start_date=datetime.datetime(2025, 7, 17, 6, 42, 46, 692556, tzinfo=TzInfo(UTC)), end_date=None, state=<TaskInstanceState.RUNNING: 'running'>, is_mapped=False, rendered_map_index=None)","logger":"task"}
{"timestamp":"2025-07-17T06:54:54.558039","level":"info","event":"DAG bundles loaded: dags-folder","logger":"airflow.dag_processing.bundles.manager.DagBundlesManager"}
{"timestamp":"2025-07-17T06:54:54.558927","level":"info","event":"Filling up the DagBag from /opt/airflow/dags/data_ingestion_localpg_dag.py","logger":"airflow.models.dagbag.DagBag"}
{"timestamp":"2025-07-17T06:54:54.913280","level":"info","event":"Tmp dir root location: /tmp","logger":"airflow.task.hooks.airflow.providers.standard.hooks.subprocess.SubprocessHook"}
{"timestamp":"2025-07-17T06:54:54.916808","level":"info","event":"Running command: ['/usr/bin/bash', '-c', 'wget https://github.com/DataTalksClub/nyc-tlc-data/releases/download/green/green_tripdata_2020-11.csv.gz -O /opt/airflow/green_tripdata_2020-11.csv.gz && gunzip -f /opt/airflow/green_tripdata_2020-11.csv.gz || rm -f /opt/airflow/green_tripdata_2020-11.csv.gz']","logger":"airflow.task.hooks.airflow.providers.standard.hooks.subprocess.SubprocessHook"}
{"timestamp":"2025-07-17T06:54:54.934770","level":"info","event":"Output:","logger":"airflow.task.hooks.airflow.providers.standard.hooks.subprocess.SubprocessHook"}
{"timestamp":"2025-07-17T06:54:54.937943","level":"info","event":"--2025-07-17 06:54:54--  https://github.com/DataTalksClub/nyc-tlc-data/releases/download/green/green_tripdata_2020-11.csv.gz","logger":"airflow.task.hooks.airflow.providers.standard.hooks.subprocess.SubprocessHook"}
{"timestamp":"2025-07-17T06:54:54.958560","level":"info","event":"Resolving github.com (github.com)... 20.205.243.166","logger":"airflow.task.hooks.airflow.providers.standard.hooks.subprocess.SubprocessHook"}
{"timestamp":"2025-07-17T06:54:54.970295","level":"info","event":"Connecting to github.com (github.com)|20.205.243.166|:443... connected.","logger":"airflow.task.hooks.airflow.providers.standard.hooks.subprocess.SubprocessHook"}
{"timestamp":"2025-07-17T06:54:55.311705","level":"info","event":"HTTP request sent, awaiting response... 302 Found","logger":"airflow.task.hooks.airflow.providers.standard.hooks.subprocess.SubprocessHook"}
{"timestamp":"2025-07-17T06:54:55.311879","level":"info","event":"Location: https://objects.githubusercontent.com/github-production-release-asset-2e65be/513814948/3561e36c-77da-48e2-bec6-c458ccd88398?X-Amz-Algorithm=AWS4-HMAC-SHA256&X-Amz-Credential=releaseassetproduction%2F20250717%2Fus-east-1%2Fs3%2Faws4_request&X-Amz-Date=20250717T065455Z&X-Amz-Expires=1800&X-Amz-Signature=33b94d7a0cc1a65a88050e97273aeb728d08e9245fc7b58c4d214a41d6fce785&X-Amz-SignedHeaders=host&response-content-disposition=attachment%3B%20filename%3Dgreen_tripdata_2020-11.csv.gz&response-content-type=application%2Foctet-stream [following]","logger":"airflow.task.hooks.airflow.providers.standard.hooks.subprocess.SubprocessHook"}
{"timestamp":"2025-07-17T06:54:55.311984","level":"info","event":"--2025-07-17 06:54:55--  https://objects.githubusercontent.com/github-production-release-asset-2e65be/513814948/3561e36c-77da-48e2-bec6-c458ccd88398?X-Amz-Algorithm=AWS4-HMAC-SHA256&X-Amz-Credential=releaseassetproduction%2F20250717%2Fus-east-1%2Fs3%2Faws4_request&X-Amz-Date=20250717T065455Z&X-Amz-Expires=1800&X-Amz-Signature=33b94d7a0cc1a65a88050e97273aeb728d08e9245fc7b58c4d214a41d6fce785&X-Amz-SignedHeaders=host&response-content-disposition=attachment%3B%20filename%3Dgreen_tripdata_2020-11.csv.gz&response-content-type=application%2Foctet-stream","logger":"airflow.task.hooks.airflow.providers.standard.hooks.subprocess.SubprocessHook"}
{"timestamp":"2025-07-17T06:54:55.330677","level":"info","event":"Resolving objects.githubusercontent.com (objects.githubusercontent.com)... 185.199.111.133, 185.199.108.133, 185.199.109.133, ...","logger":"airflow.task.hooks.airflow.providers.standard.hooks.subprocess.SubprocessHook"}
{"timestamp":"2025-07-17T06:54:55.337885","level":"info","event":"Connecting to objects.githubusercontent.com (objects.githubusercontent.com)|185.199.111.133|:443... connected.","logger":"airflow.task.hooks.airflow.providers.standard.hooks.subprocess.SubprocessHook"}
{"timestamp":"2025-07-17T06:54:55.839048","level":"info","event":"HTTP request sent, awaiting response... 200 OK","logger":"airflow.task.hooks.airflow.providers.standard.hooks.subprocess.SubprocessHook"}
{"timestamp":"2025-07-17T06:54:55.839218","level":"info","event":"Length: 1573495 (1.5M) [application/octet-stream]","logger":"airflow.task.hooks.airflow.providers.standard.hooks.subprocess.SubprocessHook"}
{"timestamp":"2025-07-17T06:54:55.839286","level":"info","event":"Saving to: ‘/opt/airflow/green_tripdata_2020-11.csv.gz’","logger":"airflow.task.hooks.airflow.providers.standard.hooks.subprocess.SubprocessHook"}
{"timestamp":"2025-07-17T06:54:55.841530","level":"info","event":"","logger":"airflow.task.hooks.airflow.providers.standard.hooks.subprocess.SubprocessHook"}
{"timestamp":"2025-07-17T06:54:55.855366","level":"info","event":"     0K .......... .......... .......... .......... ..........  3% 3.20M 0s","logger":"airflow.task.hooks.airflow.providers.standard.hooks.subprocess.SubprocessHook"}
{"timestamp":"2025-07-17T06:54:55.857926","level":"info","event":"    50K .......... .......... .......... .......... ..........  6% 18.9M 0s","logger":"airflow.task.hooks.airflow.providers.standard.hooks.subprocess.SubprocessHook"}
{"timestamp":"2025-07-17T06:54:55.859558","level":"info","event":"   100K .......... .......... .......... .......... ..........  9% 18.2M 0s","logger":"airflow.task.hooks.airflow.providers.standard.hooks.subprocess.SubprocessHook"}
{"timestamp":"2025-07-17T06:54:55.860845","level":"info","event":"   150K .......... .......... .......... .......... .......... 13% 39.9M 0s","logger":"airflow.task.hooks.airflow.providers.standard.hooks.subprocess.SubprocessHook"}
{"timestamp":"2025-07-17T06:54:55.864366","level":"info","event":"   200K .......... .......... .......... .......... .......... 16% 13.8M 0s","logger":"airflow.task.hooks.airflow.providers.standard.hooks.subprocess.SubprocessHook"}
{"timestamp":"2025-07-17T06:54:55.868668","level":"info","event":"   250K .......... .......... .......... .......... .......... 19% 65.9M 0s","logger":"airflow.task.hooks.airflow.providers.standard.hooks.subprocess.SubprocessHook"}
{"timestamp":"2025-07-17T06:54:55.870377","level":"info","event":"   300K .......... .......... .......... .......... .......... 22% 9.40M 0s","logger":"airflow.task.hooks.airflow.providers.standard.hooks.subprocess.SubprocessHook"}
{"timestamp":"2025-07-17T06:54:55.871164","level":"info","event":"   350K .......... .......... .......... .......... .......... 26% 71.6M 0s","logger":"airflow.task.hooks.airflow.providers.standard.hooks.subprocess.SubprocessHook"}
{"timestamp":"2025-07-17T06:54:55.872614","level":"info","event":"   400K .......... .......... .......... .......... .......... 29% 30.0M 0s","logger":"airflow.task.hooks.airflow.providers.standard.hooks.subprocess.SubprocessHook"}
{"timestamp":"2025-07-17T06:54:55.872869","level":"info","event":"   450K .......... .......... .......... .......... .......... 32%  192M 0s","logger":"airflow.task.hooks.airflow.providers.standard.hooks.subprocess.SubprocessHook"}
{"timestamp":"2025-07-17T06:54:55.873888","level":"info","event":"   500K .......... .......... .......... .......... .......... 35% 52.1M 0s","logger":"airflow.task.hooks.airflow.providers.standard.hooks.subprocess.SubprocessHook"}
{"timestamp":"2025-07-17T06:54:55.874316","level":"info","event":"   550K .......... .......... .......... .......... .......... 39% 84.4M 0s","logger":"airflow.task.hooks.airflow.providers.standard.hooks.subprocess.SubprocessHook"}
{"timestamp":"2025-07-17T06:54:55.880822","level":"info","event":"   600K .......... .......... .......... .......... .......... 42% 7.71M 0s","logger":"airflow.task.hooks.airflow.providers.standard.hooks.subprocess.SubprocessHook"}
{"timestamp":"2025-07-17T06:54:55.882085","level":"info","event":"   650K .......... .......... .......... .......... .......... 45%  207M 0s","logger":"airflow.task.hooks.airflow.providers.standard.hooks.subprocess.SubprocessHook"}
{"timestamp":"2025-07-17T06:54:55.884215","level":"info","event":"   700K .......... .......... .......... .......... .......... 48% 18.5M 0s","logger":"airflow.task.hooks.airflow.providers.standard.hooks.subprocess.SubprocessHook"}
{"timestamp":"2025-07-17T06:54:55.886050","level":"info","event":"   750K .......... .......... .......... .......... .......... 52% 19.7M 0s","logger":"airflow.task.hooks.airflow.providers.standard.hooks.subprocess.SubprocessHook"}
{"timestamp":"2025-07-17T06:54:55.886342","level":"info","event":"   800K .......... .......... .......... .......... .......... 55%  242M 0s","logger":"airflow.task.hooks.airflow.providers.standard.hooks.subprocess.SubprocessHook"}
{"timestamp":"2025-07-17T06:54:55.886463","level":"info","event":"   850K .......... .......... .......... .......... .......... 58%  189M 0s","logger":"airflow.task.hooks.airflow.providers.standard.hooks.subprocess.SubprocessHook"}
{"timestamp":"2025-07-17T06:54:55.886687","level":"info","event":"   900K .......... .......... .......... .......... .......... 61%  207M 0s","logger":"airflow.task.hooks.airflow.providers.standard.hooks.subprocess.SubprocessHook"}
{"timestamp":"2025-07-17T06:54:55.886945","level":"info","event":"   950K .......... .......... .......... .......... .......... 65%  180M 0s","logger":"airflow.task.hooks.airflow.providers.standard.hooks.subprocess.SubprocessHook"}
{"timestamp":"2025-07-17T06:54:55.887515","level":"info","event":"  1000K .......... .......... .......... .......... .......... 68% 86.4M 0s","logger":"airflow.task.hooks.airflow.providers.standard.hooks.subprocess.SubprocessHook"}
{"timestamp":"2025-07-17T06:54:55.888095","level":"info","event":"  1050K .......... .......... .......... .......... .......... 71%  120M 0s","logger":"airflow.task.hooks.airflow.providers.standard.hooks.subprocess.SubprocessHook"}
{"timestamp":"2025-07-17T06:54:55.888442","level":"info","event":"  1100K .......... .......... .......... .......... .......... 74%  106M 0s","logger":"airflow.task.hooks.airflow.providers.standard.hooks.subprocess.SubprocessHook"}
{"timestamp":"2025-07-17T06:54:55.888974","level":"info","event":"  1150K .......... .......... .......... .......... .......... 78% 92.5M 0s","logger":"airflow.task.hooks.airflow.providers.standard.hooks.subprocess.SubprocessHook"}
{"timestamp":"2025-07-17T06:54:55.893558","level":"info","event":"  1200K .......... .......... .......... .......... .......... 81% 10.8M 0s","logger":"airflow.task.hooks.airflow.providers.standard.hooks.subprocess.SubprocessHook"}
{"timestamp":"2025-07-17T06:54:55.895359","level":"info","event":"  1250K .......... .......... .......... .......... .......... 84% 25.7M 0s","logger":"airflow.task.hooks.airflow.providers.standard.hooks.subprocess.SubprocessHook"}
{"timestamp":"2025-07-17T06:54:55.895643","level":"info","event":"  1300K .......... .......... .......... .......... .......... 87%  188M 0s","logger":"airflow.task.hooks.airflow.providers.standard.hooks.subprocess.SubprocessHook"}
{"timestamp":"2025-07-17T06:54:55.897868","level":"info","event":"  1350K .......... .......... .......... .......... .......... 91% 22.0M 0s","logger":"airflow.task.hooks.airflow.providers.standard.hooks.subprocess.SubprocessHook"}
{"timestamp":"2025-07-17T06:54:55.898235","level":"info","event":"  1400K .......... .......... .......... .......... .......... 94%  119M 0s","logger":"airflow.task.hooks.airflow.providers.standard.hooks.subprocess.SubprocessHook"}
{"timestamp":"2025-07-17T06:54:55.899488","level":"info","event":"  1450K .......... .......... .......... .......... .......... 97% 42.7M 0s","logger":"airflow.task.hooks.airflow.providers.standard.hooks.subprocess.SubprocessHook"}
{"timestamp":"2025-07-17T06:54:55.899691","level":"info","event":"  1500K .......... .......... .......... ......               100%  122M=0.06s","logger":"airflow.task.hooks.airflow.providers.standard.hooks.subprocess.SubprocessHook"}
{"timestamp":"2025-07-17T06:54:55.899776","level":"info","event":"","logger":"airflow.task.hooks.airflow.providers.standard.hooks.subprocess.SubprocessHook"}
{"timestamp":"2025-07-17T06:54:55.899837","level":"info","event":"2025-07-17 06:54:55 (24.7 MB/s) - ‘/opt/airflow/green_tripdata_2020-11.csv.gz’ saved [1573495/1573495]","logger":"airflow.task.hooks.airflow.providers.standard.hooks.subprocess.SubprocessHook"}
{"timestamp":"2025-07-17T06:54:55.899918","level":"info","event":"","logger":"airflow.task.hooks.airflow.providers.standard.hooks.subprocess.SubprocessHook"}
{"timestamp":"2025-07-17T06:54:55.967146","level":"info","event":"Command exited with return code 0","logger":"airflow.task.hooks.airflow.providers.standard.hooks.subprocess.SubprocessHook"}
{"timestamp":"2025-07-17T06:54:55.968113","level":"info","event":"Pushing xcom","ti":"RuntimeTaskInstance(id=UUID('0198172a-21f4-7318-8e4c-14a20e5f069d'), task_id='wget_trips_csvgz', dag_id='local_ingestion_pg_green', run_id='scheduled__2020-11-02T06:00:00+00:00', try_number=1, map_index=-1, hostname='3f7f1d329e72', context_carrier={}, task=<Task(BashOperator): wget_trips_csvgz>, bundle_instance=LocalDagBundle(name=dags-folder), max_tries=0, start_date=datetime.datetime(2025, 7, 17, 6, 54, 54, 152046, tzinfo=TzInfo(UTC)), end_date=None, state=<TaskInstanceState.RUNNING: 'running'>, is_mapped=False, rendered_map_index=None)","logger":"task"}
