{"timestamp":"2025-07-13T18:39:26.630815","level":"info","event":"DAG bundles loaded: dags-folder","logger":"airflow.dag_processing.bundles.manager.DagBundlesManager"}
{"timestamp":"2025-07-13T18:39:26.631696","level":"info","event":"Filling up the DagBag from /opt/airflow/dags/data_ingestion_gcs_dag.py","logger":"airflow.models.dagbag.DagBag"}
{"timestamp":"2025-07-13T18:39:30.303994","level":"info","event":"Tmp dir root location: /tmp","logger":"airflow.task.hooks.airflow.providers.standard.hooks.subprocess.SubprocessHook"}
{"timestamp":"2025-07-13T18:39:30.330822","level":"info","event":"Running command: ['/usr/bin/bash', '-c', 'echo https://github.com/DataTalksClub/nyc-tlc-data/releases/download/green/green_tripdata_2019-07.csv.gz && wget --no-verbose https://github.com/DataTalksClub/nyc-tlc-data/releases/download/green/green_tripdata_2019-07.csv.gz -O /opt/airflow/green_tripdata_2019-07.csv.gz && gunzip -f /opt/airflow/green_tripdata_2019-07.csv.gz']","logger":"airflow.task.hooks.airflow.providers.standard.hooks.subprocess.SubprocessHook"}
{"timestamp":"2025-07-13T18:39:30.398430","level":"info","event":"Output:","logger":"airflow.task.hooks.airflow.providers.standard.hooks.subprocess.SubprocessHook"}
{"timestamp":"2025-07-13T18:39:30.408227","level":"info","event":"https://github.com/DataTalksClub/nyc-tlc-data/releases/download/green/green_tripdata_2019-07.csv.gz","logger":"airflow.task.hooks.airflow.providers.standard.hooks.subprocess.SubprocessHook"}
{"timestamp":"2025-07-13T18:39:32.797807","level":"info","event":"2025-07-13 18:39:32 URL:https://objects.githubusercontent.com/github-production-release-asset-2e65be/513814948/ff39d7b6-a867-4007-b05e-2b9044d2e1c9?X-Amz-Algorithm=AWS4-HMAC-SHA256&X-Amz-Credential=releaseassetproduction%2F20250713%2Fus-east-1%2Fs3%2Faws4_request&X-Amz-Date=20250713T183930Z&X-Amz-Expires=1800&X-Amz-Signature=6250c957d4ff3f2073dc0bdce4bf780876ff94534be7d5afe9c410871d887ec7&X-Amz-SignedHeaders=host&response-content-disposition=attachment%3B%20filename%3Dgreen_tripdata_2019-07.csv.gz&response-content-type=application%2Foctet-stream [8242122/8242122] -> \"/opt/airflow/green_tripdata_2019-07.csv.gz\" [1]","logger":"airflow.task.hooks.airflow.providers.standard.hooks.subprocess.SubprocessHook"}
{"timestamp":"2025-07-13T18:39:33.322695","level":"info","event":"Command exited with return code 0","logger":"airflow.task.hooks.airflow.providers.standard.hooks.subprocess.SubprocessHook"}
{"timestamp":"2025-07-13T18:39:33.327602","level":"info","event":"Pushing xcom","ti":"RuntimeTaskInstance(id=UUID('01980515-b6bb-7bb0-9cd1-9059e40b3b17'), task_id='download_dataset_task', dag_id='upload_gcs_greentrips', run_id='scheduled__2019-07-02T06:00:00+00:00', try_number=1, map_index=-1, hostname='fb7e26a7e74c', context_carrier={}, task=<Task(BashOperator): download_dataset_task>, bundle_instance=LocalDagBundle(name=dags-folder), max_tries=0, start_date=datetime.datetime(2025, 7, 13, 18, 39, 26, 70970, tzinfo=TzInfo(UTC)), end_date=None, state=<TaskInstanceState.RUNNING: 'running'>, is_mapped=False, rendered_map_index=None)","logger":"task"}
{"timestamp":"2025-07-17T08:54:26.743366","level":"info","event":"DAG bundles loaded: dags-folder","logger":"airflow.dag_processing.bundles.manager.DagBundlesManager"}
{"timestamp":"2025-07-17T08:54:26.744042","level":"info","event":"Filling up the DagBag from /opt/airflow/dags/data_ingestion_gcs_dag.py","logger":"airflow.models.dagbag.DagBag"}
{"timestamp":"2025-07-17T08:54:28.392934","level":"info","event":"Tmp dir root location: /tmp","logger":"airflow.task.hooks.airflow.providers.standard.hooks.subprocess.SubprocessHook"}
{"timestamp":"2025-07-17T08:54:28.395670","level":"info","event":"Running command: ['/usr/bin/bash', '-c', \"echo https://github.com/DataTalksClub/nyc-tlc-data/releases/download/green/green_tripdata_2019-07.csv.gz && wget --no-verbose https://github.com/DataTalksClub/nyc-tlc-data/releases/download/green/green_tripdata_2019-07.csv.gz -O /opt/airflow/green_tripdata_2019-07.csv.gz && gunzip -f /opt/airflow/green_tripdata_2019-07.csv.gz || echo 'invalid link or file not in gz format' && wget https://github.com/DataTalksClub/nyc-tlc-data/releases/download/green/green_tripdata_2019-07.csv.gz -O /opt/airflow/green_tripdata_2019-07.csv\"]","logger":"airflow.task.hooks.airflow.providers.standard.hooks.subprocess.SubprocessHook"}
{"timestamp":"2025-07-17T08:54:28.461008","level":"info","event":"Output:","logger":"airflow.task.hooks.airflow.providers.standard.hooks.subprocess.SubprocessHook"}
{"timestamp":"2025-07-17T08:54:28.468949","level":"info","event":"https://github.com/DataTalksClub/nyc-tlc-data/releases/download/green/green_tripdata_2019-07.csv.gz","logger":"airflow.task.hooks.airflow.providers.standard.hooks.subprocess.SubprocessHook"}
{"timestamp":"2025-07-17T08:54:29.770175","level":"info","event":"2025-07-17 08:54:29 URL:https://release-assets.githubusercontent.com/github-production-release-asset/513814948/ff39d7b6-a867-4007-b05e-2b9044d2e1c9?sp=r&sv=2018-11-09&sr=b&spr=https&se=2025-07-17T09%3A51%3A11Z&rscd=attachment%3B+filename%3Dgreen_tripdata_2019-07.csv.gz&rsct=application%2Foctet-stream&skoid=96c2d410-5711-43a1-aedd-ab1947aa7ab0&sktid=398a6654-997b-47e9-b12b-9515b896b4de&skt=2025-07-17T08%3A50%3A25Z&ske=2025-07-17T09%3A51%3A11Z&sks=b&skv=2018-11-09&sig=%2Bzuq5xnsC87mO0Le0W6CRl5jwYyyVsbPTnjSSsP3WAY%3D&jwt=eyJ******&response-content-disposition=attachment%3B%20filename%3Dgreen_tripdata_2019-07.csv.gz&response-content-type=application%2Foctet-stream [8242122/8242122] -> \"/opt/airflow/green_tripdata_2019-07.csv.gz\" [1]","logger":"airflow.task.hooks.airflow.providers.standard.hooks.subprocess.SubprocessHook"}
{"timestamp":"2025-07-17T08:54:30.034336","level":"info","event":"--2025-07-17 08:54:30--  https://github.com/DataTalksClub/nyc-tlc-data/releases/download/green/green_tripdata_2019-07.csv.gz","logger":"airflow.task.hooks.airflow.providers.standard.hooks.subprocess.SubprocessHook"}
{"timestamp":"2025-07-17T08:54:30.062520","level":"info","event":"Resolving github.com (github.com)... 20.205.243.166","logger":"airflow.task.hooks.airflow.providers.standard.hooks.subprocess.SubprocessHook"}
{"timestamp":"2025-07-17T08:54:30.092967","level":"info","event":"Connecting to github.com (github.com)|20.205.243.166|:443... connected.","logger":"airflow.task.hooks.airflow.providers.standard.hooks.subprocess.SubprocessHook"}
{"timestamp":"2025-07-17T08:54:30.173684","level":"info","event":"HTTP request sent, awaiting response... 302 Found","logger":"airflow.task.hooks.airflow.providers.standard.hooks.subprocess.SubprocessHook"}
{"timestamp":"2025-07-17T08:54:30.173870","level":"info","event":"Location: https://release-assets.githubusercontent.com/github-production-release-asset/513814948/ff39d7b6-a867-4007-b05e-2b9044d2e1c9?sp=r&sv=2018-11-09&sr=b&spr=https&se=2025-07-17T09%3A51%3A11Z&rscd=attachment%3B+filename%3Dgreen_tripdata_2019-07.csv.gz&rsct=application%2Foctet-stream&skoid=96c2d410-5711-43a1-aedd-ab1947aa7ab0&sktid=398a6654-997b-47e9-b12b-9515b896b4de&skt=2025-07-17T08%3A50%3A25Z&ske=2025-07-17T09%3A51%3A11Z&sks=b&skv=2018-11-09&sig=%2Bzuq5xnsC87mO0Le0W6CRl5jwYyyVsbPTnjSSsP3WAY%3D&jwt=eyJ******&response-content-disposition=attachment%3B%20filename%3Dgreen_tripdata_2019-07.csv.gz&response-content-type=application%2Foctet-stream [following]","logger":"airflow.task.hooks.airflow.providers.standard.hooks.subprocess.SubprocessHook"}
{"timestamp":"2025-07-17T08:54:30.174025","level":"info","event":"--2025-07-17 08:54:30--  https://release-assets.githubusercontent.com/github-production-release-asset/513814948/ff39d7b6-a867-4007-b05e-2b9044d2e1c9?sp=r&sv=2018-11-09&sr=b&spr=https&se=2025-07-17T09%3A51%3A11Z&rscd=attachment%3B+filename%3Dgreen_tripdata_2019-07.csv.gz&rsct=application%2Foctet-stream&skoid=96c2d410-5711-43a1-aedd-ab1947aa7ab0&sktid=398a6654-997b-47e9-b12b-9515b896b4de&skt=2025-07-17T08%3A50%3A25Z&ske=2025-07-17T09%3A51%3A11Z&sks=b&skv=2018-11-09&sig=%2Bzuq5xnsC87mO0Le0W6CRl5jwYyyVsbPTnjSSsP3WAY%3D&jwt=eyJ******&response-content-disposition=attachment%3B%20filename%3Dgreen_tripdata_2019-07.csv.gz&response-content-type=application%2Foctet-stream","logger":"airflow.task.hooks.airflow.providers.standard.hooks.subprocess.SubprocessHook"}
{"timestamp":"2025-07-17T08:54:30.181319","level":"info","event":"Resolving release-assets.githubusercontent.com (release-assets.githubusercontent.com)... 185.199.109.133, 185.199.110.133, 185.199.111.133, ...","logger":"airflow.task.hooks.airflow.providers.standard.hooks.subprocess.SubprocessHook"}
{"timestamp":"2025-07-17T08:54:30.189018","level":"info","event":"Connecting to release-assets.githubusercontent.com (release-assets.githubusercontent.com)|185.199.109.133|:443... connected.","logger":"airflow.task.hooks.airflow.providers.standard.hooks.subprocess.SubprocessHook"}
{"timestamp":"2025-07-17T08:54:30.217339","level":"info","event":"HTTP request sent, awaiting response... 200 OK","logger":"airflow.task.hooks.airflow.providers.standard.hooks.subprocess.SubprocessHook"}
{"timestamp":"2025-07-17T08:54:30.217423","level":"info","event":"Length: 8242122 (7.9M) [application/octet-stream]","logger":"airflow.task.hooks.airflow.providers.standard.hooks.subprocess.SubprocessHook"}
{"timestamp":"2025-07-17T08:54:30.217469","level":"info","event":"Saving to: ‘/opt/airflow/green_tripdata_2019-07.csv’","logger":"airflow.task.hooks.airflow.providers.standard.hooks.subprocess.SubprocessHook"}
{"timestamp":"2025-07-17T08:54:30.218886","level":"info","event":"","logger":"airflow.task.hooks.airflow.providers.standard.hooks.subprocess.SubprocessHook"}
{"timestamp":"2025-07-17T08:54:30.233005","level":"info","event":"     0K .......... .......... .......... .......... ..........  0% 3.13M 2s","logger":"airflow.task.hooks.airflow.providers.standard.hooks.subprocess.SubprocessHook"}
{"timestamp":"2025-07-17T08:54:30.238620","level":"info","event":"    50K .......... .......... .......... .......... ..........  1% 8.63M 2s","logger":"airflow.task.hooks.airflow.providers.standard.hooks.subprocess.SubprocessHook"}
{"timestamp":"2025-07-17T08:54:30.250300","level":"info","event":"   100K .......... .......... .......... .......... ..........  1% 4.17M 2s","logger":"airflow.task.hooks.airflow.providers.standard.hooks.subprocess.SubprocessHook"}
{"timestamp":"2025-07-17T08:54:30.262091","level":"info","event":"   150K .......... .......... .......... .......... ..........  2% 4.24M 2s","logger":"airflow.task.hooks.airflow.providers.standard.hooks.subprocess.SubprocessHook"}
{"timestamp":"2025-07-17T08:54:30.267728","level":"info","event":"   200K .......... .......... .......... .......... ..........  3% 8.30M 2s","logger":"airflow.task.hooks.airflow.providers.standard.hooks.subprocess.SubprocessHook"}
{"timestamp":"2025-07-17T08:54:30.278907","level":"info","event":"   250K .......... .......... .......... .......... ..........  3% 4.40M 2s","logger":"airflow.task.hooks.airflow.providers.standard.hooks.subprocess.SubprocessHook"}
{"timestamp":"2025-07-17T08:54:30.282404","level":"info","event":"   300K .......... .......... .......... .......... ..........  4% 13.7M 1s","logger":"airflow.task.hooks.airflow.providers.standard.hooks.subprocess.SubprocessHook"}
{"timestamp":"2025-07-17T08:54:30.287743","level":"info","event":"   350K .......... .......... .......... .......... ..........  4% 9.17M 1s","logger":"airflow.task.hooks.airflow.providers.standard.hooks.subprocess.SubprocessHook"}
{"timestamp":"2025-07-17T08:54:30.294097","level":"info","event":"   400K .......... .......... .......... .......... ..........  5% 7.66M 1s","logger":"airflow.task.hooks.airflow.providers.standard.hooks.subprocess.SubprocessHook"}
{"timestamp":"2025-07-17T08:54:30.297036","level":"info","event":"   450K .......... .......... .......... .......... ..........  6% 16.9M 1s","logger":"airflow.task.hooks.airflow.providers.standard.hooks.subprocess.SubprocessHook"}
{"timestamp":"2025-07-17T08:54:30.299069","level":"info","event":"   500K .......... .......... .......... .......... ..........  6% 23.7M 1s","logger":"airflow.task.hooks.airflow.providers.standard.hooks.subprocess.SubprocessHook"}
{"timestamp":"2025-07-17T08:54:30.302992","level":"info","event":"   550K .......... .......... .......... .......... ..........  7% 12.3M 1s","logger":"airflow.task.hooks.airflow.providers.standard.hooks.subprocess.SubprocessHook"}
{"timestamp":"2025-07-17T08:54:30.307205","level":"info","event":"   600K .......... .......... .......... .......... ..........  8% 11.5M 1s","logger":"airflow.task.hooks.airflow.providers.standard.hooks.subprocess.SubprocessHook"}
{"timestamp":"2025-07-17T08:54:30.309363","level":"info","event":"   650K .......... .......... .......... .......... ..........  8% 22.7M 1s","logger":"airflow.task.hooks.airflow.providers.standard.hooks.subprocess.SubprocessHook"}
{"timestamp":"2025-07-17T08:54:30.311011","level":"info","event":"   700K .......... .......... .......... .......... ..........  9% 29.0M 1s","logger":"airflow.task.hooks.airflow.providers.standard.hooks.subprocess.SubprocessHook"}
{"timestamp":"2025-07-17T08:54:30.323398","level":"info","event":"   750K .......... .......... .......... .......... ..........  9% 3.96M 1s","logger":"airflow.task.hooks.airflow.providers.standard.hooks.subprocess.SubprocessHook"}
{"timestamp":"2025-07-17T08:54:30.324197","level":"info","event":"   800K .......... .......... .......... .......... .......... 10% 59.2M 1s","logger":"airflow.task.hooks.airflow.providers.standard.hooks.subprocess.SubprocessHook"}
{"timestamp":"2025-07-17T08:54:30.328365","level":"info","event":"   850K .......... .......... .......... .......... .......... 11% 12.1M 1s","logger":"airflow.task.hooks.airflow.providers.standard.hooks.subprocess.SubprocessHook"}
{"timestamp":"2025-07-17T08:54:30.330295","level":"info","event":"   900K .......... .......... .......... .......... .......... 11% 25.1M 1s","logger":"airflow.task.hooks.airflow.providers.standard.hooks.subprocess.SubprocessHook"}
{"timestamp":"2025-07-17T08:54:30.330951","level":"info","event":"   950K .......... .......... .......... .......... .......... 12% 67.6M 1s","logger":"airflow.task.hooks.airflow.providers.standard.hooks.subprocess.SubprocessHook"}
{"timestamp":"2025-07-17T08:54:30.334492","level":"info","event":"  1000K .......... .......... .......... .......... .......... 13% 13.6M 1s","logger":"airflow.task.hooks.airflow.providers.standard.hooks.subprocess.SubprocessHook"}
{"timestamp":"2025-07-17T08:54:30.338269","level":"info","event":"  1050K .......... .......... .......... .......... .......... 13% 13.0M 1s","logger":"airflow.task.hooks.airflow.providers.standard.hooks.subprocess.SubprocessHook"}
{"timestamp":"2025-07-17T08:54:30.341310","level":"info","event":"  1100K .......... .......... .......... .......... .......... 14% 16.0M 1s","logger":"airflow.task.hooks.airflow.providers.standard.hooks.subprocess.SubprocessHook"}
{"timestamp":"2025-07-17T08:54:30.345036","level":"info","event":"  1150K .......... .......... .......... .......... .......... 14% 13.3M 1s","logger":"airflow.task.hooks.airflow.providers.standard.hooks.subprocess.SubprocessHook"}
{"timestamp":"2025-07-17T08:54:30.347098","level":"info","event":"  1200K .......... .......... .......... .......... .......... 15% 23.2M 1s","logger":"airflow.task.hooks.airflow.providers.standard.hooks.subprocess.SubprocessHook"}
{"timestamp":"2025-07-17T08:54:30.348985","level":"info","event":"  1250K .......... .......... .......... .......... .......... 16% 25.3M 1s","logger":"airflow.task.hooks.airflow.providers.standard.hooks.subprocess.SubprocessHook"}
{"timestamp":"2025-07-17T08:54:30.354246","level":"info","event":"  1300K .......... .......... .......... .......... .......... 16% 9.46M 1s","logger":"airflow.task.hooks.airflow.providers.standard.hooks.subprocess.SubprocessHook"}
{"timestamp":"2025-07-17T08:54:30.357352","level":"info","event":"  1350K .......... .......... .......... .......... .......... 17% 15.5M 1s","logger":"airflow.task.hooks.airflow.providers.standard.hooks.subprocess.SubprocessHook"}
{"timestamp":"2025-07-17T08:54:30.360127","level":"info","event":"  1400K .......... .......... .......... .......... .......... 18% 17.4M 1s","logger":"airflow.task.hooks.airflow.providers.standard.hooks.subprocess.SubprocessHook"}
{"timestamp":"2025-07-17T08:54:30.365281","level":"info","event":"  1450K .......... .......... .......... .......... .......... 18% 9.52M 1s","logger":"airflow.task.hooks.airflow.providers.standard.hooks.subprocess.SubprocessHook"}
{"timestamp":"2025-07-17T08:54:30.368789","level":"info","event":"  1500K .......... .......... .......... .......... .......... 19% 14.2M 1s","logger":"airflow.task.hooks.airflow.providers.standard.hooks.subprocess.SubprocessHook"}
{"timestamp":"2025-07-17T08:54:30.371673","level":"info","event":"  1550K .......... .......... .......... .......... .......... 19% 16.7M 1s","logger":"airflow.task.hooks.airflow.providers.standard.hooks.subprocess.SubprocessHook"}
{"timestamp":"2025-07-17T08:54:30.373590","level":"info","event":"  1600K .......... .......... .......... .......... .......... 20% 25.0M 1s","logger":"airflow.task.hooks.airflow.providers.standard.hooks.subprocess.SubprocessHook"}
{"timestamp":"2025-07-17T08:54:30.375517","level":"info","event":"  1650K .......... .......... .......... .......... .......... 21% 24.8M 1s","logger":"airflow.task.hooks.airflow.providers.standard.hooks.subprocess.SubprocessHook"}
{"timestamp":"2025-07-17T08:54:30.380409","level":"info","event":"  1700K .......... .......... .......... .......... .......... 21% 10.2M 1s","logger":"airflow.task.hooks.airflow.providers.standard.hooks.subprocess.SubprocessHook"}
{"timestamp":"2025-07-17T08:54:30.385486","level":"info","event":"  1750K .......... .......... .......... .......... .......... 22% 9.81M 1s","logger":"airflow.task.hooks.airflow.providers.standard.hooks.subprocess.SubprocessHook"}
{"timestamp":"2025-07-17T08:54:30.387681","level":"info","event":"  1800K .......... .......... .......... .......... .......... 22% 21.1M 1s","logger":"airflow.task.hooks.airflow.providers.standard.hooks.subprocess.SubprocessHook"}
{"timestamp":"2025-07-17T08:54:30.392051","level":"info","event":"  1850K .......... .......... .......... .......... .......... 23% 11.2M 1s","logger":"airflow.task.hooks.airflow.providers.standard.hooks.subprocess.SubprocessHook"}
{"timestamp":"2025-07-17T08:54:30.394099","level":"info","event":"  1900K .......... .......... .......... .......... .......... 24% 23.7M 1s","logger":"airflow.task.hooks.airflow.providers.standard.hooks.subprocess.SubprocessHook"}
{"timestamp":"2025-07-17T08:54:30.398207","level":"info","event":"  1950K .......... .......... .......... .......... .......... 24% 11.8M 1s","logger":"airflow.task.hooks.airflow.providers.standard.hooks.subprocess.SubprocessHook"}
{"timestamp":"2025-07-17T08:54:30.402479","level":"info","event":"  2000K .......... .......... .......... .......... .......... 25% 11.4M 1s","logger":"airflow.task.hooks.airflow.providers.standard.hooks.subprocess.SubprocessHook"}
{"timestamp":"2025-07-17T08:54:30.406595","level":"info","event":"  2050K .......... .......... .......... .......... .......... 26% 11.9M 1s","logger":"airflow.task.hooks.airflow.providers.standard.hooks.subprocess.SubprocessHook"}
{"timestamp":"2025-07-17T08:54:30.414562","level":"info","event":"  2100K .......... .......... .......... .......... .......... 26% 8.30M 1s","logger":"airflow.task.hooks.airflow.providers.standard.hooks.subprocess.SubprocessHook"}
{"timestamp":"2025-07-17T08:54:30.417558","level":"info","event":"  2150K .......... .......... .......... .......... .......... 27% 9.52M 1s","logger":"airflow.task.hooks.airflow.providers.standard.hooks.subprocess.SubprocessHook"}
{"timestamp":"2025-07-17T08:54:30.420524","level":"info","event":"  2200K .......... .......... .......... .......... .......... 27% 16.8M 1s","logger":"airflow.task.hooks.airflow.providers.standard.hooks.subprocess.SubprocessHook"}
{"timestamp":"2025-07-17T08:54:30.423383","level":"info","event":"  2250K .......... .......... .......... .......... .......... 28% 16.9M 1s","logger":"airflow.task.hooks.airflow.providers.standard.hooks.subprocess.SubprocessHook"}
{"timestamp":"2025-07-17T08:54:30.427323","level":"info","event":"  2300K .......... .......... .......... .......... .......... 29% 12.6M 1s","logger":"airflow.task.hooks.airflow.providers.standard.hooks.subprocess.SubprocessHook"}
{"timestamp":"2025-07-17T08:54:30.432008","level":"info","event":"  2350K .......... .......... .......... .......... .......... 29% 10.3M 1s","logger":"airflow.task.hooks.airflow.providers.standard.hooks.subprocess.SubprocessHook"}
{"timestamp":"2025-07-17T08:54:30.433821","level":"info","event":"  2400K .......... .......... .......... .......... .......... 30% 26.7M 0s","logger":"airflow.task.hooks.airflow.providers.standard.hooks.subprocess.SubprocessHook"}
{"timestamp":"2025-07-17T08:54:30.434695","level":"info","event":"  2450K .......... .......... .......... .......... .......... 31% 58.7M 0s","logger":"airflow.task.hooks.airflow.providers.standard.hooks.subprocess.SubprocessHook"}
{"timestamp":"2025-07-17T08:54:30.437209","level":"info","event":"  2500K .......... .......... .......... .......... .......... 31% 19.8M 0s","logger":"airflow.task.hooks.airflow.providers.standard.hooks.subprocess.SubprocessHook"}
{"timestamp":"2025-07-17T08:54:30.437554","level":"info","event":"  2550K .......... .......... .......... .......... .......... 32%  157M 0s","logger":"airflow.task.hooks.airflow.providers.standard.hooks.subprocess.SubprocessHook"}
{"timestamp":"2025-07-17T08:54:30.438294","level":"info","event":"  2600K .......... .......... .......... .......... .......... 32% 61.3M 0s","logger":"airflow.task.hooks.airflow.providers.standard.hooks.subprocess.SubprocessHook"}
{"timestamp":"2025-07-17T08:54:30.439317","level":"info","event":"  2650K .......... .......... .......... .......... .......... 33% 46.8M 0s","logger":"airflow.task.hooks.airflow.providers.standard.hooks.subprocess.SubprocessHook"}
{"timestamp":"2025-07-17T08:54:30.440298","level":"info","event":"  2700K .......... .......... .......... .......... .......... 34% 49.3M 0s","logger":"airflow.task.hooks.airflow.providers.standard.hooks.subprocess.SubprocessHook"}
{"timestamp":"2025-07-17T08:54:30.441123","level":"info","event":"  2750K .......... .......... .......... .......... .......... 34% 59.2M 0s","logger":"airflow.task.hooks.airflow.providers.standard.hooks.subprocess.SubprocessHook"}
{"timestamp":"2025-07-17T08:54:30.442135","level":"info","event":"  2800K .......... .......... .......... .......... .......... 35% 47.1M 0s","logger":"airflow.task.hooks.airflow.providers.standard.hooks.subprocess.SubprocessHook"}
{"timestamp":"2025-07-17T08:54:30.442880","level":"info","event":"  2850K .......... .......... .......... .......... .......... 36% 64.4M 0s","logger":"airflow.task.hooks.airflow.providers.standard.hooks.subprocess.SubprocessHook"}
{"timestamp":"2025-07-17T08:54:30.443953","level":"info","event":"  2900K .......... .......... .......... .......... .......... 36% 46.8M 0s","logger":"airflow.task.hooks.airflow.providers.standard.hooks.subprocess.SubprocessHook"}
{"timestamp":"2025-07-17T08:54:30.451221","level":"info","event":"  2950K .......... .......... .......... .......... .......... 37% 6.75M 0s","logger":"airflow.task.hooks.airflow.providers.standard.hooks.subprocess.SubprocessHook"}
{"timestamp":"2025-07-17T08:54:30.452178","level":"info","event":"  3000K .......... .......... .......... .......... .......... 37% 50.9M 0s","logger":"airflow.task.hooks.airflow.providers.standard.hooks.subprocess.SubprocessHook"}
{"timestamp":"2025-07-17T08:54:30.454152","level":"info","event":"  3050K .......... .......... .......... .......... .......... 38% 28.2M 0s","logger":"airflow.task.hooks.airflow.providers.standard.hooks.subprocess.SubprocessHook"}
{"timestamp":"2025-07-17T08:54:30.455682","level":"info","event":"  3100K .......... .......... .......... .......... .......... 39% 27.5M 0s","logger":"airflow.task.hooks.airflow.providers.standard.hooks.subprocess.SubprocessHook"}
{"timestamp":"2025-07-17T08:54:30.457136","level":"info","event":"  3150K .......... .......... .......... .......... .......... 39% 35.5M 0s","logger":"airflow.task.hooks.airflow.providers.standard.hooks.subprocess.SubprocessHook"}
{"timestamp":"2025-07-17T08:54:30.458402","level":"info","event":"  3200K .......... .......... .......... .......... .......... 40% 37.0M 0s","logger":"airflow.task.hooks.airflow.providers.standard.hooks.subprocess.SubprocessHook"}
{"timestamp":"2025-07-17T08:54:30.459766","level":"info","event":"  3250K .......... .......... .......... .......... .......... 40% 35.6M 0s","logger":"airflow.task.hooks.airflow.providers.standard.hooks.subprocess.SubprocessHook"}
{"timestamp":"2025-07-17T08:54:30.460371","level":"info","event":"  3300K .......... .......... .......... .......... .......... 41% 71.5M 0s","logger":"airflow.task.hooks.airflow.providers.standard.hooks.subprocess.SubprocessHook"}
{"timestamp":"2025-07-17T08:54:30.462110","level":"info","event":"  3350K .......... .......... .......... .......... .......... 42% 29.8M 0s","logger":"airflow.task.hooks.airflow.providers.standard.hooks.subprocess.SubprocessHook"}
{"timestamp":"2025-07-17T08:54:30.464208","level":"info","event":"  3400K .......... .......... .......... .......... .......... 42% 23.2M 0s","logger":"airflow.task.hooks.airflow.providers.standard.hooks.subprocess.SubprocessHook"}
{"timestamp":"2025-07-17T08:54:30.465375","level":"info","event":"  3450K .......... .......... .......... .......... .......... 43% 47.0M 0s","logger":"airflow.task.hooks.airflow.providers.standard.hooks.subprocess.SubprocessHook"}
{"timestamp":"2025-07-17T08:54:30.465811","level":"info","event":"  3500K .......... .......... .......... .......... .......... 44%  112M 0s","logger":"airflow.task.hooks.airflow.providers.standard.hooks.subprocess.SubprocessHook"}
{"timestamp":"2025-07-17T08:54:30.467031","level":"info","event":"  3550K .......... .......... .......... .......... .......... 44% 35.1M 0s","logger":"airflow.task.hooks.airflow.providers.standard.hooks.subprocess.SubprocessHook"}
{"timestamp":"2025-07-17T08:54:30.467818","level":"info","event":"  3600K .......... .......... .......... .......... .......... 45% 63.7M 0s","logger":"airflow.task.hooks.airflow.providers.standard.hooks.subprocess.SubprocessHook"}
{"timestamp":"2025-07-17T08:54:30.470250","level":"info","event":"  3650K .......... .......... .......... .......... .......... 45% 19.9M 0s","logger":"airflow.task.hooks.airflow.providers.standard.hooks.subprocess.SubprocessHook"}
{"timestamp":"2025-07-17T08:54:30.470906","level":"info","event":"  3700K .......... .......... .......... .......... .......... 46% 69.8M 0s","logger":"airflow.task.hooks.airflow.providers.standard.hooks.subprocess.SubprocessHook"}
{"timestamp":"2025-07-17T08:54:30.472476","level":"info","event":"  3750K .......... .......... .......... .......... .......... 47% 32.5M 0s","logger":"airflow.task.hooks.airflow.providers.standard.hooks.subprocess.SubprocessHook"}
{"timestamp":"2025-07-17T08:54:30.472980","level":"info","event":"  3800K .......... .......... .......... .......... .......... 47% 93.3M 0s","logger":"airflow.task.hooks.airflow.providers.standard.hooks.subprocess.SubprocessHook"}
{"timestamp":"2025-07-17T08:54:30.476005","level":"info","event":"  3850K .......... .......... .......... .......... .......... 48% 18.0M 0s","logger":"airflow.task.hooks.airflow.providers.standard.hooks.subprocess.SubprocessHook"}
{"timestamp":"2025-07-17T08:54:30.476218","level":"info","event":"  3900K .......... .......... .......... .......... .......... 49%  163M 0s","logger":"airflow.task.hooks.airflow.providers.standard.hooks.subprocess.SubprocessHook"}
{"timestamp":"2025-07-17T08:54:30.479630","level":"info","event":"  3950K .......... .......... .......... .......... .......... 49% 14.0M 0s","logger":"airflow.task.hooks.airflow.providers.standard.hooks.subprocess.SubprocessHook"}
{"timestamp":"2025-07-17T08:54:30.480001","level":"info","event":"  4000K .......... .......... .......... .......... .......... 50%  115M 0s","logger":"airflow.task.hooks.airflow.providers.standard.hooks.subprocess.SubprocessHook"}
{"timestamp":"2025-07-17T08:54:30.481667","level":"info","event":"  4050K .......... .......... .......... .......... .......... 50% 30.8M 0s","logger":"airflow.task.hooks.airflow.providers.standard.hooks.subprocess.SubprocessHook"}
{"timestamp":"2025-07-17T08:54:30.485500","level":"info","event":"  4100K .......... .......... .......... .......... .......... 51% 32.6M 0s","logger":"airflow.task.hooks.airflow.providers.standard.hooks.subprocess.SubprocessHook"}
{"timestamp":"2025-07-17T08:54:30.485739","level":"info","event":"  4150K .......... .......... .......... .......... .......... 52% 19.4M 0s","logger":"airflow.task.hooks.airflow.providers.standard.hooks.subprocess.SubprocessHook"}
{"timestamp":"2025-07-17T08:54:30.486540","level":"info","event":"  4200K .......... .......... .......... .......... .......... 52% 89.8M 0s","logger":"airflow.task.hooks.airflow.providers.standard.hooks.subprocess.SubprocessHook"}
{"timestamp":"2025-07-17T08:54:30.487058","level":"info","event":"  4250K .......... .......... .......... .......... .......... 53% 51.2M 0s","logger":"airflow.task.hooks.airflow.providers.standard.hooks.subprocess.SubprocessHook"}
{"timestamp":"2025-07-17T08:54:30.487247","level":"info","event":"  4300K .......... .......... .......... .......... .......... 54%  220M 0s","logger":"airflow.task.hooks.airflow.providers.standard.hooks.subprocess.SubprocessHook"}
{"timestamp":"2025-07-17T08:54:30.487660","level":"info","event":"  4350K .......... .......... .......... .......... .......... 54%  103M 0s","logger":"airflow.task.hooks.airflow.providers.standard.hooks.subprocess.SubprocessHook"}
{"timestamp":"2025-07-17T08:54:30.488044","level":"info","event":"  4400K .......... .......... .......... .......... .......... 55%  143M 0s","logger":"airflow.task.hooks.airflow.providers.standard.hooks.subprocess.SubprocessHook"}
{"timestamp":"2025-07-17T08:54:30.488297","level":"info","event":"  4450K .......... .......... .......... .......... .......... 55%  197M 0s","logger":"airflow.task.hooks.airflow.providers.standard.hooks.subprocess.SubprocessHook"}
{"timestamp":"2025-07-17T08:54:30.488953","level":"info","event":"  4500K .......... .......... .......... .......... .......... 56% 99.1M 0s","logger":"airflow.task.hooks.airflow.providers.standard.hooks.subprocess.SubprocessHook"}
{"timestamp":"2025-07-17T08:54:30.489989","level":"info","event":"  4550K .......... .......... .......... .......... .......... 57% 42.6M 0s","logger":"airflow.task.hooks.airflow.providers.standard.hooks.subprocess.SubprocessHook"}
{"timestamp":"2025-07-17T08:54:30.493356","level":"info","event":"  4600K .......... .......... .......... .......... .......... 57% 14.5M 0s","logger":"airflow.task.hooks.airflow.providers.standard.hooks.subprocess.SubprocessHook"}
{"timestamp":"2025-07-17T08:54:30.494003","level":"info","event":"  4650K .......... .......... .......... .......... .......... 58% 69.1M 0s","logger":"airflow.task.hooks.airflow.providers.standard.hooks.subprocess.SubprocessHook"}
{"timestamp":"2025-07-17T08:54:30.495414","level":"info","event":"  4700K .......... .......... .......... .......... .......... 59% 37.3M 0s","logger":"airflow.task.hooks.airflow.providers.standard.hooks.subprocess.SubprocessHook"}
{"timestamp":"2025-07-17T08:54:30.496111","level":"info","event":"  4750K .......... .......... .......... .......... .......... 59% 58.9M 0s","logger":"airflow.task.hooks.airflow.providers.standard.hooks.subprocess.SubprocessHook"}
{"timestamp":"2025-07-17T08:54:30.496750","level":"info","event":"  4800K .......... .......... .......... .......... .......... 60% 76.9M 0s","logger":"airflow.task.hooks.airflow.providers.standard.hooks.subprocess.SubprocessHook"}
{"timestamp":"2025-07-17T08:54:30.497692","level":"info","event":"  4850K .......... .......... .......... .......... .......... 60% 52.3M 0s","logger":"airflow.task.hooks.airflow.providers.standard.hooks.subprocess.SubprocessHook"}
{"timestamp":"2025-07-17T08:54:30.498602","level":"info","event":"  4900K .......... .......... .......... .......... .......... 61% 54.6M 0s","logger":"airflow.task.hooks.airflow.providers.standard.hooks.subprocess.SubprocessHook"}
{"timestamp":"2025-07-17T08:54:30.500951","level":"info","event":"  4950K .......... .......... .......... .......... .......... 62% 21.7M 0s","logger":"airflow.task.hooks.airflow.providers.standard.hooks.subprocess.SubprocessHook"}
{"timestamp":"2025-07-17T08:54:30.501566","level":"info","event":"  5000K .......... .......... .......... .......... .......... 62% 70.3M 0s","logger":"airflow.task.hooks.airflow.providers.standard.hooks.subprocess.SubprocessHook"}
{"timestamp":"2025-07-17T08:54:30.502543","level":"info","event":"  5050K .......... .......... .......... .......... .......... 63% 48.7M 0s","logger":"airflow.task.hooks.airflow.providers.standard.hooks.subprocess.SubprocessHook"}
{"timestamp":"2025-07-17T08:54:30.503743","level":"info","event":"  5100K .......... .......... .......... .......... .......... 63% 41.8M 0s","logger":"airflow.task.hooks.airflow.providers.standard.hooks.subprocess.SubprocessHook"}
{"timestamp":"2025-07-17T08:54:30.504387","level":"info","event":"  5150K .......... .......... .......... .......... .......... 64% 75.1M 0s","logger":"airflow.task.hooks.airflow.providers.standard.hooks.subprocess.SubprocessHook"}
{"timestamp":"2025-07-17T08:54:30.506534","level":"info","event":"  5200K .......... .......... .......... .......... .......... 65% 22.6M 0s","logger":"airflow.task.hooks.airflow.providers.standard.hooks.subprocess.SubprocessHook"}
{"timestamp":"2025-07-17T08:54:30.506757","level":"info","event":"  5250K .......... .......... .......... .......... .......... 65%  178M 0s","logger":"airflow.task.hooks.airflow.providers.standard.hooks.subprocess.SubprocessHook"}
{"timestamp":"2025-07-17T08:54:30.507811","level":"info","event":"  5300K .......... .......... .......... .......... .......... 66% 49.8M 0s","logger":"airflow.task.hooks.airflow.providers.standard.hooks.subprocess.SubprocessHook"}
{"timestamp":"2025-07-17T08:54:30.508794","level":"info","event":"  5350K .......... .......... .......... .......... .......... 67% 48.5M 0s","logger":"airflow.task.hooks.airflow.providers.standard.hooks.subprocess.SubprocessHook"}
{"timestamp":"2025-07-17T08:54:30.510031","level":"info","event":"  5400K .......... .......... .......... .......... .......... 67% 39.7M 0s","logger":"airflow.task.hooks.airflow.providers.standard.hooks.subprocess.SubprocessHook"}
{"timestamp":"2025-07-17T08:54:30.512242","level":"info","event":"  5450K .......... .......... .......... .......... .......... 68% 25.0M 0s","logger":"airflow.task.hooks.airflow.providers.standard.hooks.subprocess.SubprocessHook"}
{"timestamp":"2025-07-17T08:54:30.512547","level":"info","event":"  5500K .......... .......... .......... .......... .......... 68% 81.8M 0s","logger":"airflow.task.hooks.airflow.providers.standard.hooks.subprocess.SubprocessHook"}
{"timestamp":"2025-07-17T08:54:30.513253","level":"info","event":"  5550K .......... .......... .......... .......... .......... 69% 70.3M 0s","logger":"airflow.task.hooks.airflow.providers.standard.hooks.subprocess.SubprocessHook"}
{"timestamp":"2025-07-17T08:54:30.514246","level":"info","event":"  5600K .......... .......... .......... .......... .......... 70% 50.2M 0s","logger":"airflow.task.hooks.airflow.providers.standard.hooks.subprocess.SubprocessHook"}
{"timestamp":"2025-07-17T08:54:30.516091","level":"info","event":"  5650K .......... .......... .......... .......... .......... 70% 26.3M 0s","logger":"airflow.task.hooks.airflow.providers.standard.hooks.subprocess.SubprocessHook"}
{"timestamp":"2025-07-17T08:54:30.516646","level":"info","event":"  5700K .......... .......... .......... .......... .......... 71% 91.7M 0s","logger":"airflow.task.hooks.airflow.providers.standard.hooks.subprocess.SubprocessHook"}
{"timestamp":"2025-07-17T08:54:30.517476","level":"info","event":"  5750K .......... .......... .......... .......... .......... 72% 58.5M 0s","logger":"airflow.task.hooks.airflow.providers.standard.hooks.subprocess.SubprocessHook"}
{"timestamp":"2025-07-17T08:54:30.519677","level":"info","event":"  5800K .......... .......... .......... .......... .......... 72% 39.9M 0s","logger":"airflow.task.hooks.airflow.providers.standard.hooks.subprocess.SubprocessHook"}
{"timestamp":"2025-07-17T08:54:30.520172","level":"info","event":"  5850K .......... .......... .......... .......... .......... 73% 33.7M 0s","logger":"airflow.task.hooks.airflow.providers.standard.hooks.subprocess.SubprocessHook"}
{"timestamp":"2025-07-17T08:54:30.521639","level":"info","event":"  5900K .......... .......... .......... .......... .......... 73% 32.9M 0s","logger":"airflow.task.hooks.airflow.providers.standard.hooks.subprocess.SubprocessHook"}
{"timestamp":"2025-07-17T08:54:30.522177","level":"info","event":"  5950K .......... .......... .......... .......... .......... 74% 90.5M 0s","logger":"airflow.task.hooks.airflow.providers.standard.hooks.subprocess.SubprocessHook"}
{"timestamp":"2025-07-17T08:54:30.522795","level":"info","event":"  6000K .......... .......... .......... .......... .......... 75% 78.3M 0s","logger":"airflow.task.hooks.airflow.providers.standard.hooks.subprocess.SubprocessHook"}
{"timestamp":"2025-07-17T08:54:30.523872","level":"info","event":"  6050K .......... .......... .......... .......... .......... 75% 44.0M 0s","logger":"airflow.task.hooks.airflow.providers.standard.hooks.subprocess.SubprocessHook"}
{"timestamp":"2025-07-17T08:54:30.526159","level":"info","event":"  6100K .......... .......... .......... .......... .......... 76% 22.0M 0s","logger":"airflow.task.hooks.airflow.providers.standard.hooks.subprocess.SubprocessHook"}
{"timestamp":"2025-07-17T08:54:30.526458","level":"info","event":"  6150K .......... .......... .......... .......... .......... 77%  121M 0s","logger":"airflow.task.hooks.airflow.providers.standard.hooks.subprocess.SubprocessHook"}
{"timestamp":"2025-07-17T08:54:30.527792","level":"info","event":"  6200K .......... .......... .......... .......... .......... 77% 60.5M 0s","logger":"airflow.task.hooks.airflow.providers.standard.hooks.subprocess.SubprocessHook"}
{"timestamp":"2025-07-17T08:54:30.528592","level":"info","event":"  6250K .......... .......... .......... .......... .......... 78% 37.6M 0s","logger":"airflow.task.hooks.airflow.providers.standard.hooks.subprocess.SubprocessHook"}
{"timestamp":"2025-07-17T08:54:30.530097","level":"info","event":"  6300K .......... .......... .......... .......... .......... 78% 39.3M 0s","logger":"airflow.task.hooks.airflow.providers.standard.hooks.subprocess.SubprocessHook"}
{"timestamp":"2025-07-17T08:54:30.530865","level":"info","event":"  6350K .......... .......... .......... .......... .......... 79% 49.9M 0s","logger":"airflow.task.hooks.airflow.providers.standard.hooks.subprocess.SubprocessHook"}
{"timestamp":"2025-07-17T08:54:30.531476","level":"info","event":"  6400K .......... .......... .......... .......... .......... 80% 74.9M 0s","logger":"airflow.task.hooks.airflow.providers.standard.hooks.subprocess.SubprocessHook"}
{"timestamp":"2025-07-17T08:54:30.532872","level":"info","event":"  6450K .......... .......... .......... .......... .......... 80% 35.6M 0s","logger":"airflow.task.hooks.airflow.providers.standard.hooks.subprocess.SubprocessHook"}
{"timestamp":"2025-07-17T08:54:30.533476","level":"info","event":"  6500K .......... .......... .......... .......... .......... 81% 79.9M 0s","logger":"airflow.task.hooks.airflow.providers.standard.hooks.subprocess.SubprocessHook"}
{"timestamp":"2025-07-17T08:54:30.534628","level":"info","event":"  6550K .......... .......... .......... .......... .......... 81% 43.1M 0s","logger":"airflow.task.hooks.airflow.providers.standard.hooks.subprocess.SubprocessHook"}
{"timestamp":"2025-07-17T08:54:30.535200","level":"info","event":"  6600K .......... .......... .......... .......... .......... 82% 85.2M 0s","logger":"airflow.task.hooks.airflow.providers.standard.hooks.subprocess.SubprocessHook"}
{"timestamp":"2025-07-17T08:54:30.537271","level":"info","event":"  6650K .......... .......... .......... .......... .......... 83% 23.7M 0s","logger":"airflow.task.hooks.airflow.providers.standard.hooks.subprocess.SubprocessHook"}
{"timestamp":"2025-07-17T08:54:30.538003","level":"info","event":"  6700K .......... .......... .......... .......... .......... 83%  103M 0s","logger":"airflow.task.hooks.airflow.providers.standard.hooks.subprocess.SubprocessHook"}
{"timestamp":"2025-07-17T08:54:30.540732","level":"info","event":"  6750K .......... .......... .......... .......... .......... 84% 16.5M 0s","logger":"airflow.task.hooks.airflow.providers.standard.hooks.subprocess.SubprocessHook"}
{"timestamp":"2025-07-17T08:54:30.542059","level":"info","event":"  6800K .......... .......... .......... .......... .......... 85% 35.3M 0s","logger":"airflow.task.hooks.airflow.providers.standard.hooks.subprocess.SubprocessHook"}
{"timestamp":"2025-07-17T08:54:30.542795","level":"info","event":"  6850K .......... .......... .......... .......... .......... 85% 64.6M 0s","logger":"airflow.task.hooks.airflow.providers.standard.hooks.subprocess.SubprocessHook"}
{"timestamp":"2025-07-17T08:54:30.543932","level":"info","event":"  6900K .......... .......... .......... .......... .......... 86% 41.7M 0s","logger":"airflow.task.hooks.airflow.providers.standard.hooks.subprocess.SubprocessHook"}
{"timestamp":"2025-07-17T08:54:30.545195","level":"info","event":"  6950K .......... .......... .......... .......... .......... 86% 38.5M 0s","logger":"airflow.task.hooks.airflow.providers.standard.hooks.subprocess.SubprocessHook"}
{"timestamp":"2025-07-17T08:54:30.547231","level":"info","event":"  7000K .......... .......... .......... .......... .......... 87% 24.2M 0s","logger":"airflow.task.hooks.airflow.providers.standard.hooks.subprocess.SubprocessHook"}
{"timestamp":"2025-07-17T08:54:30.547992","level":"info","event":"  7050K .......... .......... .......... .......... .......... 88% 62.1M 0s","logger":"airflow.task.hooks.airflow.providers.standard.hooks.subprocess.SubprocessHook"}
{"timestamp":"2025-07-17T08:54:30.548752","level":"info","event":"  7100K .......... .......... .......... .......... .......... 88% 81.5M 0s","logger":"airflow.task.hooks.airflow.providers.standard.hooks.subprocess.SubprocessHook"}
{"timestamp":"2025-07-17T08:54:30.550531","level":"info","event":"  7150K .......... .......... .......... .......... .......... 89% 25.5M 0s","logger":"airflow.task.hooks.airflow.providers.standard.hooks.subprocess.SubprocessHook"}
{"timestamp":"2025-07-17T08:54:30.551471","level":"info","event":"  7200K .......... .......... .......... .......... .......... 90% 52.4M 0s","logger":"airflow.task.hooks.airflow.providers.standard.hooks.subprocess.SubprocessHook"}
{"timestamp":"2025-07-17T08:54:30.552560","level":"info","event":"  7250K .......... .......... .......... .......... .......... 90% 45.2M 0s","logger":"airflow.task.hooks.airflow.providers.standard.hooks.subprocess.SubprocessHook"}
{"timestamp":"2025-07-17T08:54:30.552920","level":"info","event":"  7300K .......... .......... .......... .......... .......... 91%  135M 0s","logger":"airflow.task.hooks.airflow.providers.standard.hooks.subprocess.SubprocessHook"}
{"timestamp":"2025-07-17T08:54:30.555346","level":"info","event":"  7350K .......... .......... .......... .......... .......... 91% 20.2M 0s","logger":"airflow.task.hooks.airflow.providers.standard.hooks.subprocess.SubprocessHook"}
{"timestamp":"2025-07-17T08:54:30.556041","level":"info","event":"  7400K .......... .......... .......... .......... .......... 92% 71.0M 0s","logger":"airflow.task.hooks.airflow.providers.standard.hooks.subprocess.SubprocessHook"}
{"timestamp":"2025-07-17T08:54:30.556849","level":"info","event":"  7450K .......... .......... .......... .......... .......... 93% 60.2M 0s","logger":"airflow.task.hooks.airflow.providers.standard.hooks.subprocess.SubprocessHook"}
{"timestamp":"2025-07-17T08:54:30.557765","level":"info","event":"  7500K .......... .......... .......... .......... .......... 93% 54.7M 0s","logger":"airflow.task.hooks.airflow.providers.standard.hooks.subprocess.SubprocessHook"}
{"timestamp":"2025-07-17T08:54:30.558200","level":"info","event":"  7550K .......... .......... .......... .......... .......... 94%  101M 0s","logger":"airflow.task.hooks.airflow.providers.standard.hooks.subprocess.SubprocessHook"}
{"timestamp":"2025-07-17T08:54:30.559641","level":"info","event":"  7600K .......... .......... .......... .......... .......... 95% 33.8M 0s","logger":"airflow.task.hooks.airflow.providers.standard.hooks.subprocess.SubprocessHook"}
{"timestamp":"2025-07-17T08:54:30.560135","level":"info","event":"  7650K .......... .......... .......... .......... .......... 95% 94.6M 0s","logger":"airflow.task.hooks.airflow.providers.standard.hooks.subprocess.SubprocessHook"}
{"timestamp":"2025-07-17T08:54:30.561517","level":"info","event":"  7700K .......... .......... .......... .......... .......... 96% 35.3M 0s","logger":"airflow.task.hooks.airflow.providers.standard.hooks.subprocess.SubprocessHook"}
{"timestamp":"2025-07-17T08:54:30.562464","level":"info","event":"  7750K .......... .......... .......... .......... .......... 96% 53.9M 0s","logger":"airflow.task.hooks.airflow.providers.standard.hooks.subprocess.SubprocessHook"}
{"timestamp":"2025-07-17T08:54:30.563810","level":"info","event":"  7800K .......... .......... .......... .......... .......... 97% 36.1M 0s","logger":"airflow.task.hooks.airflow.providers.standard.hooks.subprocess.SubprocessHook"}
{"timestamp":"2025-07-17T08:54:30.564359","level":"info","event":"  7850K .......... .......... .......... .......... .......... 98% 90.0M 0s","logger":"airflow.task.hooks.airflow.providers.standard.hooks.subprocess.SubprocessHook"}
{"timestamp":"2025-07-17T08:54:30.565085","level":"info","event":"  7900K .......... .......... .......... .......... .......... 98% 65.3M 0s","logger":"airflow.task.hooks.airflow.providers.standard.hooks.subprocess.SubprocessHook"}
{"timestamp":"2025-07-17T08:54:30.566586","level":"info","event":"  7950K .......... .......... .......... .......... .......... 99% 32.5M 0s","logger":"airflow.task.hooks.airflow.providers.standard.hooks.subprocess.SubprocessHook"}
{"timestamp":"2025-07-17T08:54:30.568014","level":"info","event":"  8000K .......... .......... .......... .......... ........  100% 34.0M=0.4s","logger":"airflow.task.hooks.airflow.providers.standard.hooks.subprocess.SubprocessHook"}
{"timestamp":"2025-07-17T08:54:30.568078","level":"info","event":"","logger":"airflow.task.hooks.airflow.providers.standard.hooks.subprocess.SubprocessHook"}
{"timestamp":"2025-07-17T08:54:30.568114","level":"info","event":"2025-07-17 08:54:30 (22.4 MB/s) - ‘/opt/airflow/green_tripdata_2019-07.csv’ saved [8242122/8242122]","logger":"airflow.task.hooks.airflow.providers.standard.hooks.subprocess.SubprocessHook"}
{"timestamp":"2025-07-17T08:54:30.568199","level":"info","event":"","logger":"airflow.task.hooks.airflow.providers.standard.hooks.subprocess.SubprocessHook"}
{"timestamp":"2025-07-17T08:54:30.572106","level":"info","event":"Command exited with return code 0","logger":"airflow.task.hooks.airflow.providers.standard.hooks.subprocess.SubprocessHook"}
{"timestamp":"2025-07-17T08:54:30.583127","level":"info","event":"Pushing xcom","ti":"RuntimeTaskInstance(id=UUID('01981797-927d-7eaa-bdaa-47fe0bab9d3c'), task_id='download_dataset_task', dag_id='upload_gcs_greentrips', run_id='scheduled__2019-07-02T06:00:00+00:00', try_number=1, map_index=-1, hostname='8c16a644909e', context_carrier={}, task=<Task(BashOperator): download_dataset_task>, bundle_instance=LocalDagBundle(name=dags-folder), max_tries=0, start_date=datetime.datetime(2025, 7, 17, 8, 54, 26, 336458, tzinfo=TzInfo(UTC)), end_date=None, state=<TaskInstanceState.RUNNING: 'running'>, is_mapped=False, rendered_map_index=None)","logger":"task"}
{"timestamp":"2025-07-17T17:11:10.820013","level":"info","event":"DAG bundles loaded: dags-folder","logger":"airflow.dag_processing.bundles.manager.DagBundlesManager"}
{"timestamp":"2025-07-17T17:11:10.821004","level":"info","event":"Filling up the DagBag from /opt/airflow/dags/data_ingestion_gcs_dag.py","logger":"airflow.models.dagbag.DagBag"}
{"timestamp":"2025-07-17T17:11:12.287061","level":"info","event":"Tmp dir root location: /tmp","logger":"airflow.task.hooks.airflow.providers.standard.hooks.subprocess.SubprocessHook"}
{"timestamp":"2025-07-17T17:11:12.288772","level":"info","event":"Running command: ['/usr/bin/bash', '-c', 'echo https://github.com/DataTalksClub/nyc-tlc-data/releases/download/green/green_tripdata_2019-07.csv.gz && wget --no-verbose https://github.com/DataTalksClub/nyc-tlc-data/releases/download/green/green_tripdata_2019-07.csv.gz -O /opt/airflow/green_tripdata_2019-07.csv.gz && gunzip -f /opt/airflow/green_tripdata_2019-07.csv.gz']","logger":"airflow.task.hooks.airflow.providers.standard.hooks.subprocess.SubprocessHook"}
{"timestamp":"2025-07-17T17:11:12.327726","level":"info","event":"Output:","logger":"airflow.task.hooks.airflow.providers.standard.hooks.subprocess.SubprocessHook"}
{"timestamp":"2025-07-17T17:11:12.332212","level":"info","event":"https://github.com/DataTalksClub/nyc-tlc-data/releases/download/green/green_tripdata_2019-07.csv.gz","logger":"airflow.task.hooks.airflow.providers.standard.hooks.subprocess.SubprocessHook"}
{"timestamp":"2025-07-17T17:11:13.800138","level":"info","event":"2025-07-17 17:11:13 URL:https://release-assets.githubusercontent.com/github-production-release-asset/513814948/ff39d7b6-a867-4007-b05e-2b9044d2e1c9?sp=r&sv=2018-11-09&sr=b&spr=https&se=2025-07-17T17%3A46%3A52Z&rscd=attachment%3B+filename%3Dgreen_tripdata_2019-07.csv.gz&rsct=application%2Foctet-stream&skoid=96c2d410-5711-43a1-aedd-ab1947aa7ab0&sktid=398a6654-997b-47e9-b12b-9515b896b4de&skt=2025-07-17T16%3A46%3A39Z&ske=2025-07-17T17%3A46%3A52Z&sks=b&skv=2018-11-09&sig=r2YDWedTwrYZXcLZE2ZQIx1vJh6cHI7KB8E%2B6IT15pQ%3D&jwt=eyJ******&response-content-disposition=attachment%3B%20filename%3Dgreen_tripdata_2019-07.csv.gz&response-content-type=application%2Foctet-stream [8242122/8242122] -> \"/opt/airflow/green_tripdata_2019-07.csv.gz\" [1]","logger":"airflow.task.hooks.airflow.providers.standard.hooks.subprocess.SubprocessHook"}
{"timestamp":"2025-07-17T17:11:14.210883","level":"info","event":"Command exited with return code 0","logger":"airflow.task.hooks.airflow.providers.standard.hooks.subprocess.SubprocessHook"}
{"timestamp":"2025-07-17T17:11:14.229104","level":"info","event":"Pushing xcom","ti":"RuntimeTaskInstance(id=UUID('0198195e-569c-78ed-a077-8342e18a9c7c'), task_id='download_dataset_task', dag_id='upload_gcs_greentrips', run_id='scheduled__2019-07-02T06:00:00+00:00', try_number=1, map_index=-1, hostname='8c16a644909e', context_carrier={}, task=<Task(BashOperator): download_dataset_task>, bundle_instance=LocalDagBundle(name=dags-folder), max_tries=0, start_date=datetime.datetime(2025, 7, 17, 17, 11, 10, 258591, tzinfo=TzInfo(UTC)), end_date=None, state=<TaskInstanceState.RUNNING: 'running'>, is_mapped=False, rendered_map_index=None)","logger":"task"}
{"timestamp":"2025-07-17T17:17:47.379361","level":"info","event":"DAG bundles loaded: dags-folder","logger":"airflow.dag_processing.bundles.manager.DagBundlesManager"}
{"timestamp":"2025-07-17T17:17:47.380180","level":"info","event":"Filling up the DagBag from /opt/airflow/dags/data_ingestion_gcs_dag.py","logger":"airflow.models.dagbag.DagBag"}
{"timestamp":"2025-07-17T17:17:49.808939","level":"info","event":"Tmp dir root location: /tmp","logger":"airflow.task.hooks.airflow.providers.standard.hooks.subprocess.SubprocessHook"}
{"timestamp":"2025-07-17T17:17:49.818884","level":"info","event":"Running command: ['/usr/bin/bash', '-c', 'echo https://github.com/DataTalksClub/nyc-tlc-data/releases/download/green/green_tripdata_2019-07.csv.gz && wget --no-verbose https://github.com/DataTalksClub/nyc-tlc-data/releases/download/green/green_tripdata_2019-07.csv.gz -O /opt/airflow/green_tripdata_2019-07.csv.gz && gunzip -f /opt/airflow/green_tripdata_2019-07.csv.gz']","logger":"airflow.task.hooks.airflow.providers.standard.hooks.subprocess.SubprocessHook"}
{"timestamp":"2025-07-17T17:17:49.907216","level":"info","event":"Output:","logger":"airflow.task.hooks.airflow.providers.standard.hooks.subprocess.SubprocessHook"}
{"timestamp":"2025-07-17T17:17:49.908547","level":"info","event":"https://github.com/DataTalksClub/nyc-tlc-data/releases/download/green/green_tripdata_2019-07.csv.gz","logger":"airflow.task.hooks.airflow.providers.standard.hooks.subprocess.SubprocessHook"}
{"timestamp":"2025-07-17T17:17:51.109628","level":"info","event":"2025-07-17 17:17:51 URL:https://release-assets.githubusercontent.com/github-production-release-asset/513814948/ff39d7b6-a867-4007-b05e-2b9044d2e1c9?sp=r&sv=2018-11-09&sr=b&spr=https&se=2025-07-17T18%3A13%3A08Z&rscd=attachment%3B+filename%3Dgreen_tripdata_2019-07.csv.gz&rsct=application%2Foctet-stream&skoid=96c2d410-5711-43a1-aedd-ab1947aa7ab0&sktid=398a6654-997b-47e9-b12b-9515b896b4de&skt=2025-07-17T17%3A12%3A51Z&ske=2025-07-17T18%3A13%3A08Z&sks=b&skv=2018-11-09&sig=rAn7ssxKvAxh%2Ff0kRA1D0Q67ltwjBRVuEZlvj%2FL6o3A%3D&jwt=eyJ******&response-content-disposition=attachment%3B%20filename%3Dgreen_tripdata_2019-07.csv.gz&response-content-type=application%2Foctet-stream [8242122/8242122] -> \"/opt/airflow/green_tripdata_2019-07.csv.gz\" [1]","logger":"airflow.task.hooks.airflow.providers.standard.hooks.subprocess.SubprocessHook"}
{"timestamp":"2025-07-17T17:17:51.585469","level":"info","event":"Command exited with return code 0","logger":"airflow.task.hooks.airflow.providers.standard.hooks.subprocess.SubprocessHook"}
{"timestamp":"2025-07-17T17:17:51.599920","level":"info","event":"Pushing xcom","ti":"RuntimeTaskInstance(id=UUID('01981964-63ed-750e-8d89-f9ed1299431e'), task_id='download_dataset_task', dag_id='upload_gcs_greentrips', run_id='scheduled__2019-07-02T06:00:00+00:00', try_number=1, map_index=-1, hostname='8c16a644909e', context_carrier={}, task=<Task(BashOperator): download_dataset_task>, bundle_instance=LocalDagBundle(name=dags-folder), max_tries=0, start_date=datetime.datetime(2025, 7, 17, 17, 17, 46, 673393, tzinfo=TzInfo(UTC)), end_date=None, state=<TaskInstanceState.RUNNING: 'running'>, is_mapped=False, rendered_map_index=None)","logger":"task"}
{"timestamp":"2025-07-17T17:20:39.215532","level":"info","event":"DAG bundles loaded: dags-folder","logger":"airflow.dag_processing.bundles.manager.DagBundlesManager"}
{"timestamp":"2025-07-17T17:20:39.217292","level":"info","event":"Filling up the DagBag from /opt/airflow/dags/data_ingestion_gcs_dag.py","logger":"airflow.models.dagbag.DagBag"}
{"timestamp":"2025-07-17T17:20:42.729261","level":"info","event":"Tmp dir root location: /tmp","logger":"airflow.task.hooks.airflow.providers.standard.hooks.subprocess.SubprocessHook"}
{"timestamp":"2025-07-17T17:20:42.743613","level":"info","event":"Running command: ['/usr/bin/bash', '-c', 'echo https://github.com/DataTalksClub/nyc-tlc-data/releases/download/green/green_tripdata_2019-07.csv.gz && wget --no-verbose https://github.com/DataTalksClub/nyc-tlc-data/releases/download/green/green_tripdata_2019-07.csv.gz -O /opt/airflow/green_tripdata_2019-07.csv.gz && gunzip -f /opt/airflow/green_tripdata_2019-07.csv.gz']","logger":"airflow.task.hooks.airflow.providers.standard.hooks.subprocess.SubprocessHook"}
{"timestamp":"2025-07-17T17:20:42.815844","level":"info","event":"Output:","logger":"airflow.task.hooks.airflow.providers.standard.hooks.subprocess.SubprocessHook"}
{"timestamp":"2025-07-17T17:20:42.832072","level":"info","event":"https://github.com/DataTalksClub/nyc-tlc-data/releases/download/green/green_tripdata_2019-07.csv.gz","logger":"airflow.task.hooks.airflow.providers.standard.hooks.subprocess.SubprocessHook"}
{"timestamp":"2025-07-17T17:20:43.719082","level":"info","event":"2025-07-17 17:20:43 URL:https://release-assets.githubusercontent.com/github-production-release-asset/513814948/ff39d7b6-a867-4007-b05e-2b9044d2e1c9?sp=r&sv=2018-11-09&sr=b&spr=https&se=2025-07-17T18%3A11%3A39Z&rscd=attachment%3B+filename%3Dgreen_tripdata_2019-07.csv.gz&rsct=application%2Foctet-stream&skoid=96c2d410-5711-43a1-aedd-ab1947aa7ab0&sktid=398a6654-997b-47e9-b12b-9515b896b4de&skt=2025-07-17T17%3A11%3A32Z&ske=2025-07-17T18%3A11%3A39Z&sks=b&skv=2018-11-09&sig=CqkVgokAzJsT8VhLu%2BYMGrRc1haq6EsP%2B7p7eUusxU0%3D&jwt=eyJ******&response-content-disposition=attachment%3B%20filename%3Dgreen_tripdata_2019-07.csv.gz&response-content-type=application%2Foctet-stream [8242122/8242122] -> \"/opt/airflow/green_tripdata_2019-07.csv.gz\" [1]","logger":"airflow.task.hooks.airflow.providers.standard.hooks.subprocess.SubprocessHook"}
{"timestamp":"2025-07-17T17:20:44.148310","level":"info","event":"Command exited with return code 0","logger":"airflow.task.hooks.airflow.providers.standard.hooks.subprocess.SubprocessHook"}
{"timestamp":"2025-07-17T17:20:44.156152","level":"info","event":"Pushing xcom","ti":"RuntimeTaskInstance(id=UUID('01981967-038b-7614-ad79-95050d9a369a'), task_id='download_dataset_task', dag_id='upload_gcs_greentrips', run_id='scheduled__2019-07-02T06:00:00+00:00', try_number=1, map_index=-1, hostname='8c16a644909e', context_carrier={}, task=<Task(BashOperator): download_dataset_task>, bundle_instance=LocalDagBundle(name=dags-folder), max_tries=0, start_date=datetime.datetime(2025, 7, 17, 17, 20, 38, 593377, tzinfo=TzInfo(UTC)), end_date=None, state=<TaskInstanceState.RUNNING: 'running'>, is_mapped=False, rendered_map_index=None)","logger":"task"}
{"timestamp":"2025-07-17T17:23:55.434362","level":"info","event":"DAG bundles loaded: dags-folder","logger":"airflow.dag_processing.bundles.manager.DagBundlesManager"}
{"timestamp":"2025-07-17T17:23:55.434900","level":"info","event":"Filling up the DagBag from /opt/airflow/dags/data_ingestion_gcs_dag.py","logger":"airflow.models.dagbag.DagBag"}
{"timestamp":"2025-07-17T17:23:56.568654","level":"info","event":"Tmp dir root location: /tmp","logger":"airflow.task.hooks.airflow.providers.standard.hooks.subprocess.SubprocessHook"}
{"timestamp":"2025-07-17T17:23:56.572581","level":"info","event":"Running command: ['/usr/bin/bash', '-c', 'echo https://github.com/DataTalksClub/nyc-tlc-data/releases/download/green/green_tripdata_2019-07.csv.gz && wget --no-verbose https://github.com/DataTalksClub/nyc-tlc-data/releases/download/green/green_tripdata_2019-07.csv.gz -O /opt/airflow/green_tripdata_2019-07.csv.gz && gunzip -f /opt/airflow/green_tripdata_2019-07.csv.gz']","logger":"airflow.task.hooks.airflow.providers.standard.hooks.subprocess.SubprocessHook"}
{"timestamp":"2025-07-17T17:23:56.602647","level":"info","event":"Output:","logger":"airflow.task.hooks.airflow.providers.standard.hooks.subprocess.SubprocessHook"}
{"timestamp":"2025-07-17T17:23:56.607237","level":"info","event":"https://github.com/DataTalksClub/nyc-tlc-data/releases/download/green/green_tripdata_2019-07.csv.gz","logger":"airflow.task.hooks.airflow.providers.standard.hooks.subprocess.SubprocessHook"}
{"timestamp":"2025-07-17T17:23:57.756294","level":"info","event":"2025-07-17 17:23:57 URL:https://release-assets.githubusercontent.com/github-production-release-asset/513814948/ff39d7b6-a867-4007-b05e-2b9044d2e1c9?sp=r&sv=2018-11-09&sr=b&spr=https&se=2025-07-17T18%3A19%3A43Z&rscd=attachment%3B+filename%3Dgreen_tripdata_2019-07.csv.gz&rsct=application%2Foctet-stream&skoid=96c2d410-5711-43a1-aedd-ab1947aa7ab0&sktid=398a6654-997b-47e9-b12b-9515b896b4de&skt=2025-07-17T17%3A18%3A44Z&ske=2025-07-17T18%3A19%3A43Z&sks=b&skv=2018-11-09&sig=7jnDDVn1tm4zvMDDnKtk65M56DufVvXE5dpFjpiVe%2Bc%3D&jwt=eyJ******&response-content-disposition=attachment%3B%20filename%3Dgreen_tripdata_2019-07.csv.gz&response-content-type=application%2Foctet-stream [8242122/8242122] -> \"/opt/airflow/green_tripdata_2019-07.csv.gz\" [1]","logger":"airflow.task.hooks.airflow.providers.standard.hooks.subprocess.SubprocessHook"}
{"timestamp":"2025-07-17T17:23:58.405449","level":"info","event":"Command exited with return code 0","logger":"airflow.task.hooks.airflow.providers.standard.hooks.subprocess.SubprocessHook"}
{"timestamp":"2025-07-17T17:23:58.408701","level":"info","event":"Pushing xcom","ti":"RuntimeTaskInstance(id=UUID('0198196a-0334-7a2e-8a7a-005209d79a01'), task_id='download_dataset_task', dag_id='upload_gcs_greentrips', run_id='scheduled__2019-07-02T06:00:00+00:00', try_number=1, map_index=-1, hostname='8c16a644909e', context_carrier={}, task=<Task(BashOperator): download_dataset_task>, bundle_instance=LocalDagBundle(name=dags-folder), max_tries=0, start_date=datetime.datetime(2025, 7, 17, 17, 23, 54, 954417, tzinfo=TzInfo(UTC)), end_date=None, state=<TaskInstanceState.RUNNING: 'running'>, is_mapped=False, rendered_map_index=None)","logger":"task"}
{"timestamp":"2025-07-17T17:44:13.217215","level":"info","event":"DAG bundles loaded: dags-folder","logger":"airflow.dag_processing.bundles.manager.DagBundlesManager"}
{"timestamp":"2025-07-17T17:44:13.220070","level":"info","event":"Filling up the DagBag from /opt/airflow/dags/data_ingestion_gcs_dag.py","logger":"airflow.models.dagbag.DagBag"}
{"timestamp":"2025-07-17T17:44:14.638258","level":"info","event":"Tmp dir root location: /tmp","logger":"airflow.task.hooks.airflow.providers.standard.hooks.subprocess.SubprocessHook"}
{"timestamp":"2025-07-17T17:44:14.639806","level":"info","event":"Running command: ['/usr/bin/bash', '-c', 'echo https://github.com/DataTalksClub/nyc-tlc-data/releases/download/green/green_tripdata_2019-07.csv.gz && wget --no-verbose https://github.com/DataTalksClub/nyc-tlc-data/releases/download/green/green_tripdata_2019-07.csv.gz -O /opt/airflow/green_tripdata_2019-07.csv.gz && gunzip -f /opt/airflow/green_tripdata_2019-07.csv.gz']","logger":"airflow.task.hooks.airflow.providers.standard.hooks.subprocess.SubprocessHook"}
{"timestamp":"2025-07-17T17:44:14.658336","level":"info","event":"Output:","logger":"airflow.task.hooks.airflow.providers.standard.hooks.subprocess.SubprocessHook"}
{"timestamp":"2025-07-17T17:44:14.658684","level":"info","event":"https://github.com/DataTalksClub/nyc-tlc-data/releases/download/green/green_tripdata_2019-07.csv.gz","logger":"airflow.task.hooks.airflow.providers.standard.hooks.subprocess.SubprocessHook"}
{"timestamp":"2025-07-17T17:44:15.452826","level":"info","event":"2025-07-17 17:44:15 URL:https://release-assets.githubusercontent.com/github-production-release-asset/513814948/ff39d7b6-a867-4007-b05e-2b9044d2e1c9?sp=r&sv=2018-11-09&sr=b&spr=https&se=2025-07-17T18%3A41%3A13Z&rscd=attachment%3B+filename%3Dgreen_tripdata_2019-07.csv.gz&rsct=application%2Foctet-stream&skoid=96c2d410-5711-43a1-aedd-ab1947aa7ab0&sktid=398a6654-997b-47e9-b12b-9515b896b4de&skt=2025-07-17T17%3A41%3A11Z&ske=2025-07-17T18%3A41%3A13Z&sks=b&skv=2018-11-09&sig=kRfdcqbD3vahm2kUBZkmNiGwjoXO9%2Fp63s5eaStfHw0%3D&jwt=eyJ******&response-content-disposition=attachment%3B%20filename%3Dgreen_tripdata_2019-07.csv.gz&response-content-type=application%2Foctet-stream [8242122/8242122] -> \"/opt/airflow/green_tripdata_2019-07.csv.gz\" [1]","logger":"airflow.task.hooks.airflow.providers.standard.hooks.subprocess.SubprocessHook"}
{"timestamp":"2025-07-17T17:44:15.961492","level":"info","event":"Command exited with return code 0","logger":"airflow.task.hooks.airflow.providers.standard.hooks.subprocess.SubprocessHook"}
{"timestamp":"2025-07-17T17:44:15.968059","level":"info","event":"Pushing xcom","ti":"RuntimeTaskInstance(id=UUID('0198197c-97c7-7788-9c94-cc4601964c49'), task_id='download_dataset_task', dag_id='upload_gcs_greentrips', run_id='scheduled__2019-07-02T06:00:00+00:00', try_number=1, map_index=-1, hostname='8c16a644909e', context_carrier={}, task=<Task(BashOperator): download_dataset_task>, bundle_instance=LocalDagBundle(name=dags-folder), max_tries=0, start_date=datetime.datetime(2025, 7, 17, 17, 44, 12, 731247, tzinfo=TzInfo(UTC)), end_date=None, state=<TaskInstanceState.RUNNING: 'running'>, is_mapped=False, rendered_map_index=None)","logger":"task"}
{"timestamp":"2025-07-17T17:54:04.345984","level":"info","event":"DAG bundles loaded: dags-folder","logger":"airflow.dag_processing.bundles.manager.DagBundlesManager"}
{"timestamp":"2025-07-17T17:54:04.346873","level":"info","event":"Filling up the DagBag from /opt/airflow/dags/data_ingestion_gcs_dag.py","logger":"airflow.models.dagbag.DagBag"}
{"timestamp":"2025-07-17T17:54:05.963789","level":"info","event":"Tmp dir root location: /tmp","logger":"airflow.task.hooks.airflow.providers.standard.hooks.subprocess.SubprocessHook"}
{"timestamp":"2025-07-17T17:54:05.965797","level":"info","event":"Running command: ['/usr/bin/bash', '-c', 'echo https://github.com/DataTalksClub/nyc-tlc-data/releases/download/green/green_tripdata_2019-07.csv.gz && wget --no-verbose https://github.com/DataTalksClub/nyc-tlc-data/releases/download/green/green_tripdata_2019-07.csv.gz -O /opt/airflow/green_tripdata_2019-07.csv.gz && gunzip -f /opt/airflow/green_tripdata_2019-07.csv.gz']","logger":"airflow.task.hooks.airflow.providers.standard.hooks.subprocess.SubprocessHook"}
{"timestamp":"2025-07-17T17:54:05.992144","level":"info","event":"Output:","logger":"airflow.task.hooks.airflow.providers.standard.hooks.subprocess.SubprocessHook"}
{"timestamp":"2025-07-17T17:54:05.993344","level":"info","event":"https://github.com/DataTalksClub/nyc-tlc-data/releases/download/green/green_tripdata_2019-07.csv.gz","logger":"airflow.task.hooks.airflow.providers.standard.hooks.subprocess.SubprocessHook"}
{"timestamp":"2025-07-17T17:54:06.952196","level":"info","event":"2025-07-17 17:54:06 URL:https://release-assets.githubusercontent.com/github-production-release-asset/513814948/ff39d7b6-a867-4007-b05e-2b9044d2e1c9?sp=r&sv=2018-11-09&sr=b&spr=https&se=2025-07-17T18%3A53%3A43Z&rscd=attachment%3B+filename%3Dgreen_tripdata_2019-07.csv.gz&rsct=application%2Foctet-stream&skoid=96c2d410-5711-43a1-aedd-ab1947aa7ab0&sktid=398a6654-997b-47e9-b12b-9515b896b4de&skt=2025-07-17T17%3A53%3A17Z&ske=2025-07-17T18%3A53%3A43Z&sks=b&skv=2018-11-09&sig=4y3HjlvNJJ3vgkj7b%2Fqdge5bWtr2ZHDjN3VIPopbbVM%3D&jwt=eyJ******&response-content-disposition=attachment%3B%20filename%3Dgreen_tripdata_2019-07.csv.gz&response-content-type=application%2Foctet-stream [8242122/8242122] -> \"/opt/airflow/green_tripdata_2019-07.csv.gz\" [1]","logger":"airflow.task.hooks.airflow.providers.standard.hooks.subprocess.SubprocessHook"}
{"timestamp":"2025-07-17T17:54:07.262270","level":"info","event":"Command exited with return code 0","logger":"airflow.task.hooks.airflow.providers.standard.hooks.subprocess.SubprocessHook"}
{"timestamp":"2025-07-17T17:54:07.270225","level":"info","event":"Pushing xcom","ti":"RuntimeTaskInstance(id=UUID('01981985-9c90-7ddd-85da-333e1a2369e8'), task_id='download_dataset_task', dag_id='upload_gcs_greentrips', run_id='scheduled__2019-07-02T06:00:00+00:00', try_number=1, map_index=-1, hostname='8c16a644909e', context_carrier={}, task=<Task(BashOperator): download_dataset_task>, bundle_instance=LocalDagBundle(name=dags-folder), max_tries=0, start_date=datetime.datetime(2025, 7, 17, 17, 54, 3, 848099, tzinfo=TzInfo(UTC)), end_date=None, state=<TaskInstanceState.RUNNING: 'running'>, is_mapped=False, rendered_map_index=None)","logger":"task"}
{"timestamp":"2025-07-17T18:02:37.912196","level":"info","event":"DAG bundles loaded: dags-folder","logger":"airflow.dag_processing.bundles.manager.DagBundlesManager"}
{"timestamp":"2025-07-17T18:02:37.914772","level":"info","event":"Filling up the DagBag from /opt/airflow/dags/data_ingestion_gcs_dag.py","logger":"airflow.models.dagbag.DagBag"}
{"timestamp":"2025-07-17T18:02:40.759538","level":"info","event":"Tmp dir root location: /tmp","logger":"airflow.task.hooks.airflow.providers.standard.hooks.subprocess.SubprocessHook"}
{"timestamp":"2025-07-17T18:02:40.765806","level":"info","event":"Running command: ['/usr/bin/bash', '-c', 'echo https://github.com/DataTalksClub/nyc-tlc-data/releases/download/green/green_tripdata_2019-07.csv.gz && wget --no-verbose https://github.com/DataTalksClub/nyc-tlc-data/releases/download/green/green_tripdata_2019-07.csv.gz -O /opt/airflow/green_tripdata_2019-07.csv.gz && gunzip -f /opt/airflow/green_tripdata_2019-07.csv.gz']","logger":"airflow.task.hooks.airflow.providers.standard.hooks.subprocess.SubprocessHook"}
{"timestamp":"2025-07-17T18:02:40.824430","level":"info","event":"Output:","logger":"airflow.task.hooks.airflow.providers.standard.hooks.subprocess.SubprocessHook"}
{"timestamp":"2025-07-17T18:02:40.841756","level":"info","event":"https://github.com/DataTalksClub/nyc-tlc-data/releases/download/green/green_tripdata_2019-07.csv.gz","logger":"airflow.task.hooks.airflow.providers.standard.hooks.subprocess.SubprocessHook"}
{"timestamp":"2025-07-17T18:02:41.686081","level":"info","event":"2025-07-17 18:02:41 URL:https://release-assets.githubusercontent.com/github-production-release-asset/513814948/ff39d7b6-a867-4007-b05e-2b9044d2e1c9?sp=r&sv=2018-11-09&sr=b&spr=https&se=2025-07-17T18%3A53%3A47Z&rscd=attachment%3B+filename%3Dgreen_tripdata_2019-07.csv.gz&rsct=application%2Foctet-stream&skoid=96c2d410-5711-43a1-aedd-ab1947aa7ab0&sktid=398a6654-997b-47e9-b12b-9515b896b4de&skt=2025-07-17T17%3A53%3A04Z&ske=2025-07-17T18%3A53%3A47Z&sks=b&skv=2018-11-09&sig=0%2FoQM0RIrfTaR5yrz%2F3COExhYulcCKnqVT%2BxrmH%2Bips%3D&jwt=eyJ******&response-content-disposition=attachment%3B%20filename%3Dgreen_tripdata_2019-07.csv.gz&response-content-type=application%2Foctet-stream [8242122/8242122] -> \"/opt/airflow/green_tripdata_2019-07.csv.gz\" [1]","logger":"airflow.task.hooks.airflow.providers.standard.hooks.subprocess.SubprocessHook"}
{"timestamp":"2025-07-17T18:02:42.033161","level":"info","event":"Command exited with return code 0","logger":"airflow.task.hooks.airflow.providers.standard.hooks.subprocess.SubprocessHook"}
{"timestamp":"2025-07-17T18:02:42.036875","level":"info","event":"Pushing xcom","ti":"RuntimeTaskInstance(id=UUID('0198198d-6e3f-712c-b519-4ff280e4314b'), task_id='download_dataset_task', dag_id='upload_gcs_greentrips', run_id='scheduled__2019-07-02T06:00:00+00:00', try_number=1, map_index=-1, hostname='8c16a644909e', context_carrier={}, task=<Task(BashOperator): download_dataset_task>, bundle_instance=LocalDagBundle(name=dags-folder), max_tries=0, start_date=datetime.datetime(2025, 7, 17, 18, 2, 36, 512008, tzinfo=TzInfo(UTC)), end_date=None, state=<TaskInstanceState.RUNNING: 'running'>, is_mapped=False, rendered_map_index=None)","logger":"task"}
{"timestamp":"2025-07-17T18:06:24.296920","level":"info","event":"DAG bundles loaded: dags-folder","logger":"airflow.dag_processing.bundles.manager.DagBundlesManager"}
{"timestamp":"2025-07-17T18:06:24.298242","level":"info","event":"Filling up the DagBag from /opt/airflow/dags/data_ingestion_gcs_dag.py","logger":"airflow.models.dagbag.DagBag"}
{"timestamp":"2025-07-17T18:06:26.604503","level":"info","event":"Tmp dir root location: /tmp","logger":"airflow.task.hooks.airflow.providers.standard.hooks.subprocess.SubprocessHook"}
{"timestamp":"2025-07-17T18:06:26.608056","level":"info","event":"Running command: ['/usr/bin/bash', '-c', 'echo https://github.com/DataTalksClub/nyc-tlc-data/releases/download/green/green_tripdata_2019-07.csv.gz && wget --no-verbose https://github.com/DataTalksClub/nyc-tlc-data/releases/download/green/green_tripdata_2019-07.csv.gz -O /opt/airflow/green_tripdata_2019-07.csv.gz && gunzip -f /opt/airflow/green_tripdata_2019-07.csv.gz']","logger":"airflow.task.hooks.airflow.providers.standard.hooks.subprocess.SubprocessHook"}
{"timestamp":"2025-07-17T18:06:26.645097","level":"info","event":"Output:","logger":"airflow.task.hooks.airflow.providers.standard.hooks.subprocess.SubprocessHook"}
{"timestamp":"2025-07-17T18:06:26.651717","level":"info","event":"https://github.com/DataTalksClub/nyc-tlc-data/releases/download/green/green_tripdata_2019-07.csv.gz","logger":"airflow.task.hooks.airflow.providers.standard.hooks.subprocess.SubprocessHook"}
{"timestamp":"2025-07-17T18:06:27.724957","level":"info","event":"2025-07-17 18:06:27 URL:https://release-assets.githubusercontent.com/github-production-release-asset/513814948/ff39d7b6-a867-4007-b05e-2b9044d2e1c9?sp=r&sv=2018-11-09&sr=b&spr=https&se=2025-07-17T18%3A54%3A16Z&rscd=attachment%3B+filename%3Dgreen_tripdata_2019-07.csv.gz&rsct=application%2Foctet-stream&skoid=96c2d410-5711-43a1-aedd-ab1947aa7ab0&sktid=398a6654-997b-47e9-b12b-9515b896b4de&skt=2025-07-17T17%3A53%3A30Z&ske=2025-07-17T18%3A54%3A16Z&sks=b&skv=2018-11-09&sig=WNxU56rd57C4246zJBgSNhFQ5N14ov3iMx0bx0ahin4%3D&jwt=eyJ******&response-content-disposition=attachment%3B%20filename%3Dgreen_tripdata_2019-07.csv.gz&response-content-type=application%2Foctet-stream [8242122/8242122] -> \"/opt/airflow/green_tripdata_2019-07.csv.gz\" [1]","logger":"airflow.task.hooks.airflow.providers.standard.hooks.subprocess.SubprocessHook"}
{"timestamp":"2025-07-17T18:06:28.267446","level":"info","event":"Command exited with return code 0","logger":"airflow.task.hooks.airflow.providers.standard.hooks.subprocess.SubprocessHook"}
{"timestamp":"2025-07-17T18:06:28.283385","level":"info","event":"Pushing xcom","ti":"RuntimeTaskInstance(id=UUID('01981990-e818-7d84-8166-90a160f91861'), task_id='download_dataset_task', dag_id='upload_gcs_greentrips', run_id='scheduled__2019-07-02T06:00:00+00:00', try_number=1, map_index=-1, hostname='8c16a644909e', context_carrier={}, task=<Task(BashOperator): download_dataset_task>, bundle_instance=LocalDagBundle(name=dags-folder), max_tries=0, start_date=datetime.datetime(2025, 7, 17, 18, 6, 23, 945303, tzinfo=TzInfo(UTC)), end_date=None, state=<TaskInstanceState.RUNNING: 'running'>, is_mapped=False, rendered_map_index=None)","logger":"task"}
{"timestamp":"2025-07-17T18:08:30.977246","level":"info","event":"DAG bundles loaded: dags-folder","logger":"airflow.dag_processing.bundles.manager.DagBundlesManager"}
{"timestamp":"2025-07-17T18:08:30.978549","level":"info","event":"Filling up the DagBag from /opt/airflow/dags/data_ingestion_gcs_dag.py","logger":"airflow.models.dagbag.DagBag"}
{"timestamp":"2025-07-17T18:08:32.742665","level":"info","event":"Tmp dir root location: /tmp","logger":"airflow.task.hooks.airflow.providers.standard.hooks.subprocess.SubprocessHook"}
{"timestamp":"2025-07-17T18:08:32.744815","level":"info","event":"Running command: ['/usr/bin/bash', '-c', 'echo https://github.com/DataTalksClub/nyc-tlc-data/releases/download/green/green_tripdata_2019-07.csv.gz && wget --no-verbose https://github.com/DataTalksClub/nyc-tlc-data/releases/download/green/green_tripdata_2019-07.csv.gz -O /opt/airflow/green_tripdata_2019-07.csv.gz && gunzip -f /opt/airflow/green_tripdata_2019-07.csv.gz']","logger":"airflow.task.hooks.airflow.providers.standard.hooks.subprocess.SubprocessHook"}
{"timestamp":"2025-07-17T18:08:32.783943","level":"info","event":"Output:","logger":"airflow.task.hooks.airflow.providers.standard.hooks.subprocess.SubprocessHook"}
{"timestamp":"2025-07-17T18:08:32.791068","level":"info","event":"https://github.com/DataTalksClub/nyc-tlc-data/releases/download/green/green_tripdata_2019-07.csv.gz","logger":"airflow.task.hooks.airflow.providers.standard.hooks.subprocess.SubprocessHook"}
{"timestamp":"2025-07-17T18:08:33.484015","level":"info","event":"2025-07-17 18:08:33 URL:https://release-assets.githubusercontent.com/github-production-release-asset/513814948/ff39d7b6-a867-4007-b05e-2b9044d2e1c9?sp=r&sv=2018-11-09&sr=b&spr=https&se=2025-07-17T18%3A54%3A16Z&rscd=attachment%3B+filename%3Dgreen_tripdata_2019-07.csv.gz&rsct=application%2Foctet-stream&skoid=96c2d410-5711-43a1-aedd-ab1947aa7ab0&sktid=398a6654-997b-47e9-b12b-9515b896b4de&skt=2025-07-17T17%3A53%3A30Z&ske=2025-07-17T18%3A54%3A16Z&sks=b&skv=2018-11-09&sig=WNxU56rd57C4246zJBgSNhFQ5N14ov3iMx0bx0ahin4%3D&jwt=eyJ******&response-content-disposition=attachment%3B%20filename%3Dgreen_tripdata_2019-07.csv.gz&response-content-type=application%2Foctet-stream [8242122/8242122] -> \"/opt/airflow/green_tripdata_2019-07.csv.gz\" [1]","logger":"airflow.task.hooks.airflow.providers.standard.hooks.subprocess.SubprocessHook"}
{"timestamp":"2025-07-17T18:08:33.910349","level":"info","event":"Command exited with return code 0","logger":"airflow.task.hooks.airflow.providers.standard.hooks.subprocess.SubprocessHook"}
{"timestamp":"2025-07-17T18:08:33.918196","level":"info","event":"Pushing xcom","ti":"RuntimeTaskInstance(id=UUID('01981992-d4cc-724d-886a-49699d1fdddb'), task_id='download_dataset_task', dag_id='upload_gcs_greentrips', run_id='scheduled__2019-07-02T06:00:00+00:00', try_number=1, map_index=-1, hostname='8c16a644909e', context_carrier={}, task=<Task(BashOperator): download_dataset_task>, bundle_instance=LocalDagBundle(name=dags-folder), max_tries=0, start_date=datetime.datetime(2025, 7, 17, 18, 8, 30, 326208, tzinfo=TzInfo(UTC)), end_date=None, state=<TaskInstanceState.RUNNING: 'running'>, is_mapped=False, rendered_map_index=None)","logger":"task"}
