{"timestamp":"2025-07-13T18:39:51.259817","level":"info","event":"DAG bundles loaded: dags-folder","logger":"airflow.dag_processing.bundles.manager.DagBundlesManager"}
{"timestamp":"2025-07-13T18:39:51.260481","level":"info","event":"Filling up the DagBag from /opt/airflow/dags/data_ingestion_gcs_dag.py","logger":"airflow.models.dagbag.DagBag"}
{"timestamp":"2025-07-13T18:39:53.736173","level":"info","event":"Tmp dir root location: /tmp","logger":"airflow.task.hooks.airflow.providers.standard.hooks.subprocess.SubprocessHook"}
{"timestamp":"2025-07-13T18:39:53.743197","level":"info","event":"Running command: ['/usr/bin/bash', '-c', 'echo https://github.com/DataTalksClub/nyc-tlc-data/releases/download/green/green_tripdata_2019-12.csv.gz && wget --no-verbose https://github.com/DataTalksClub/nyc-tlc-data/releases/download/green/green_tripdata_2019-12.csv.gz -O /opt/airflow/green_tripdata_2019-12.csv.gz && gunzip -f /opt/airflow/green_tripdata_2019-12.csv.gz']","logger":"airflow.task.hooks.airflow.providers.standard.hooks.subprocess.SubprocessHook"}
{"timestamp":"2025-07-13T18:39:53.761241","level":"info","event":"Output:","logger":"airflow.task.hooks.airflow.providers.standard.hooks.subprocess.SubprocessHook"}
{"timestamp":"2025-07-13T18:39:53.762190","level":"info","event":"https://github.com/DataTalksClub/nyc-tlc-data/releases/download/green/green_tripdata_2019-12.csv.gz","logger":"airflow.task.hooks.airflow.providers.standard.hooks.subprocess.SubprocessHook"}
{"timestamp":"2025-07-13T18:39:55.959099","level":"info","event":"2025-07-13 18:39:55 URL:https://objects.githubusercontent.com/github-production-release-asset-2e65be/513814948/9964ec55-3364-4b23-bac0-a6f90a4f00c7?X-Amz-Algorithm=AWS4-HMAC-SHA256&X-Amz-Credential=releaseassetproduction%2F20250713%2Fus-east-1%2Fs3%2Faws4_request&X-Amz-Date=20250713T183954Z&X-Amz-Expires=1800&X-Amz-Signature=e95b484d860af0e2bc39c04251302f1f249858d17b1cbdb2113d013416bdd172&X-Amz-SignedHeaders=host&response-content-disposition=attachment%3B%20filename%3Dgreen_tripdata_2019-12.csv.gz&response-content-type=application%2Foctet-stream [7792073/7792073] -> \"/opt/airflow/green_tripdata_2019-12.csv.gz\" [1]","logger":"airflow.task.hooks.airflow.providers.standard.hooks.subprocess.SubprocessHook"}
{"timestamp":"2025-07-13T18:39:56.254131","level":"info","event":"Command exited with return code 0","logger":"airflow.task.hooks.airflow.providers.standard.hooks.subprocess.SubprocessHook"}
{"timestamp":"2025-07-13T18:39:56.258668","level":"info","event":"Pushing xcom","ti":"RuntimeTaskInstance(id=UUID('01980516-16ec-7297-ab0f-2cc139bc7da9'), task_id='download_dataset_task', dag_id='upload_gcs_greentrips', run_id='scheduled__2019-12-02T06:00:00+00:00', try_number=1, map_index=-1, hostname='fb7e26a7e74c', context_carrier={}, task=<Task(BashOperator): download_dataset_task>, bundle_instance=LocalDagBundle(name=dags-folder), max_tries=0, start_date=datetime.datetime(2025, 7, 13, 18, 39, 50, 949105, tzinfo=TzInfo(UTC)), end_date=None, state=<TaskInstanceState.RUNNING: 'running'>, is_mapped=False, rendered_map_index=None)","logger":"task"}
{"timestamp":"2025-07-17T08:54:42.770919","level":"info","event":"DAG bundles loaded: dags-folder","logger":"airflow.dag_processing.bundles.manager.DagBundlesManager"}
{"timestamp":"2025-07-17T08:54:42.774612","level":"info","event":"Filling up the DagBag from /opt/airflow/dags/data_ingestion_gcs_dag.py","logger":"airflow.models.dagbag.DagBag"}
{"timestamp":"2025-07-17T08:54:44.270560","level":"info","event":"Tmp dir root location: /tmp","logger":"airflow.task.hooks.airflow.providers.standard.hooks.subprocess.SubprocessHook"}
{"timestamp":"2025-07-17T08:54:44.272443","level":"info","event":"Running command: ['/usr/bin/bash', '-c', \"echo https://github.com/DataTalksClub/nyc-tlc-data/releases/download/green/green_tripdata_2019-12.csv.gz && wget --no-verbose https://github.com/DataTalksClub/nyc-tlc-data/releases/download/green/green_tripdata_2019-12.csv.gz -O /opt/airflow/green_tripdata_2019-12.csv.gz && gunzip -f /opt/airflow/green_tripdata_2019-12.csv.gz || echo 'invalid link or file not in gz format' && wget https://github.com/DataTalksClub/nyc-tlc-data/releases/download/green/green_tripdata_2019-12.csv.gz -O /opt/airflow/green_tripdata_2019-12.csv\"]","logger":"airflow.task.hooks.airflow.providers.standard.hooks.subprocess.SubprocessHook"}
{"timestamp":"2025-07-17T08:54:44.298045","level":"info","event":"Output:","logger":"airflow.task.hooks.airflow.providers.standard.hooks.subprocess.SubprocessHook"}
{"timestamp":"2025-07-17T08:54:44.299218","level":"info","event":"https://github.com/DataTalksClub/nyc-tlc-data/releases/download/green/green_tripdata_2019-12.csv.gz","logger":"airflow.task.hooks.airflow.providers.standard.hooks.subprocess.SubprocessHook"}
{"timestamp":"2025-07-17T08:54:45.413642","level":"info","event":"2025-07-17 08:54:45 URL:https://release-assets.githubusercontent.com/github-production-release-asset/513814948/9964ec55-3364-4b23-bac0-a6f90a4f00c7?sp=r&sv=2018-11-09&sr=b&spr=https&se=2025-07-17T09%3A51%3A18Z&rscd=attachment%3B+filename%3Dgreen_tripdata_2019-12.csv.gz&rsct=application%2Foctet-stream&skoid=96c2d410-5711-43a1-aedd-ab1947aa7ab0&sktid=398a6654-997b-47e9-b12b-9515b896b4de&skt=2025-07-17T08%3A50%3A26Z&ske=2025-07-17T09%3A51%3A18Z&sks=b&skv=2018-11-09&sig=LV6VIINaIZpObplRlW4CfDiud7Zf93o1Mi9FZlFeJXY%3D&jwt=eyJ******&response-content-disposition=attachment%3B%20filename%3Dgreen_tripdata_2019-12.csv.gz&response-content-type=application%2Foctet-stream [7792073/7792073] -> \"/opt/airflow/green_tripdata_2019-12.csv.gz\" [1]","logger":"airflow.task.hooks.airflow.providers.standard.hooks.subprocess.SubprocessHook"}
{"timestamp":"2025-07-17T08:54:45.625578","level":"info","event":"--2025-07-17 08:54:45--  https://github.com/DataTalksClub/nyc-tlc-data/releases/download/green/green_tripdata_2019-12.csv.gz","logger":"airflow.task.hooks.airflow.providers.standard.hooks.subprocess.SubprocessHook"}
{"timestamp":"2025-07-17T08:54:45.635870","level":"info","event":"Resolving github.com (github.com)... 20.205.243.166","logger":"airflow.task.hooks.airflow.providers.standard.hooks.subprocess.SubprocessHook"}
{"timestamp":"2025-07-17T08:54:45.642877","level":"info","event":"Connecting to github.com (github.com)|20.205.243.166|:443... connected.","logger":"airflow.task.hooks.airflow.providers.standard.hooks.subprocess.SubprocessHook"}
{"timestamp":"2025-07-17T08:54:45.672317","level":"info","event":"HTTP request sent, awaiting response... 302 Found","logger":"airflow.task.hooks.airflow.providers.standard.hooks.subprocess.SubprocessHook"}
{"timestamp":"2025-07-17T08:54:45.672426","level":"info","event":"Location: https://release-assets.githubusercontent.com/github-production-release-asset/513814948/9964ec55-3364-4b23-bac0-a6f90a4f00c7?sp=r&sv=2018-11-09&sr=b&spr=https&se=2025-07-17T09%3A51%3A18Z&rscd=attachment%3B+filename%3Dgreen_tripdata_2019-12.csv.gz&rsct=application%2Foctet-stream&skoid=96c2d410-5711-43a1-aedd-ab1947aa7ab0&sktid=398a6654-997b-47e9-b12b-9515b896b4de&skt=2025-07-17T08%3A50%3A26Z&ske=2025-07-17T09%3A51%3A18Z&sks=b&skv=2018-11-09&sig=LV6VIINaIZpObplRlW4CfDiud7Zf93o1Mi9FZlFeJXY%3D&jwt=eyJ******&response-content-disposition=attachment%3B%20filename%3Dgreen_tripdata_2019-12.csv.gz&response-content-type=application%2Foctet-stream [following]","logger":"airflow.task.hooks.airflow.providers.standard.hooks.subprocess.SubprocessHook"}
{"timestamp":"2025-07-17T08:54:45.672508","level":"info","event":"--2025-07-17 08:54:45--  https://release-assets.githubusercontent.com/github-production-release-asset/513814948/9964ec55-3364-4b23-bac0-a6f90a4f00c7?sp=r&sv=2018-11-09&sr=b&spr=https&se=2025-07-17T09%3A51%3A18Z&rscd=attachment%3B+filename%3Dgreen_tripdata_2019-12.csv.gz&rsct=application%2Foctet-stream&skoid=96c2d410-5711-43a1-aedd-ab1947aa7ab0&sktid=398a6654-997b-47e9-b12b-9515b896b4de&skt=2025-07-17T08%3A50%3A26Z&ske=2025-07-17T09%3A51%3A18Z&sks=b&skv=2018-11-09&sig=LV6VIINaIZpObplRlW4CfDiud7Zf93o1Mi9FZlFeJXY%3D&jwt=eyJ******&response-content-disposition=attachment%3B%20filename%3Dgreen_tripdata_2019-12.csv.gz&response-content-type=application%2Foctet-stream","logger":"airflow.task.hooks.airflow.providers.standard.hooks.subprocess.SubprocessHook"}
{"timestamp":"2025-07-17T08:54:45.676649","level":"info","event":"Resolving release-assets.githubusercontent.com (release-assets.githubusercontent.com)... 185.199.109.133, 185.199.110.133, 185.199.111.133, ...","logger":"airflow.task.hooks.airflow.providers.standard.hooks.subprocess.SubprocessHook"}
{"timestamp":"2025-07-17T08:54:45.683690","level":"info","event":"Connecting to release-assets.githubusercontent.com (release-assets.githubusercontent.com)|185.199.109.133|:443... connected.","logger":"airflow.task.hooks.airflow.providers.standard.hooks.subprocess.SubprocessHook"}
{"timestamp":"2025-07-17T08:54:45.706843","level":"info","event":"HTTP request sent, awaiting response... 200 OK","logger":"airflow.task.hooks.airflow.providers.standard.hooks.subprocess.SubprocessHook"}
{"timestamp":"2025-07-17T08:54:45.706902","level":"info","event":"Length: 7792073 (7.4M) [application/octet-stream]","logger":"airflow.task.hooks.airflow.providers.standard.hooks.subprocess.SubprocessHook"}
{"timestamp":"2025-07-17T08:54:45.706936","level":"info","event":"Saving to: ‘/opt/airflow/green_tripdata_2019-12.csv’","logger":"airflow.task.hooks.airflow.providers.standard.hooks.subprocess.SubprocessHook"}
{"timestamp":"2025-07-17T08:54:45.709310","level":"info","event":"","logger":"airflow.task.hooks.airflow.providers.standard.hooks.subprocess.SubprocessHook"}
{"timestamp":"2025-07-17T08:54:45.716536","level":"info","event":"     0K .......... .......... .......... .......... ..........  0% 5.06M 1s","logger":"airflow.task.hooks.airflow.providers.standard.hooks.subprocess.SubprocessHook"}
{"timestamp":"2025-07-17T08:54:45.718910","level":"info","event":"    50K .......... .......... .......... .......... ..........  1% 20.5M 1s","logger":"airflow.task.hooks.airflow.providers.standard.hooks.subprocess.SubprocessHook"}
{"timestamp":"2025-07-17T08:54:45.725201","level":"info","event":"   100K .......... .......... .......... .......... ..........  1% 7.84M 1s","logger":"airflow.task.hooks.airflow.providers.standard.hooks.subprocess.SubprocessHook"}
{"timestamp":"2025-07-17T08:54:45.726719","level":"info","event":"   150K .......... .......... .......... .......... ..........  2% 31.5M 1s","logger":"airflow.task.hooks.airflow.providers.standard.hooks.subprocess.SubprocessHook"}
{"timestamp":"2025-07-17T08:54:45.727993","level":"info","event":"   200K .......... .......... .......... .......... ..........  3% 37.7M 1s","logger":"airflow.task.hooks.airflow.providers.standard.hooks.subprocess.SubprocessHook"}
{"timestamp":"2025-07-17T08:54:45.734390","level":"info","event":"   250K .......... .......... .......... .......... ..........  3% 7.63M 1s","logger":"airflow.task.hooks.airflow.providers.standard.hooks.subprocess.SubprocessHook"}
{"timestamp":"2025-07-17T08:54:45.736501","level":"info","event":"   300K .......... .......... .......... .......... ..........  4% 23.3M 1s","logger":"airflow.task.hooks.airflow.providers.standard.hooks.subprocess.SubprocessHook"}
{"timestamp":"2025-07-17T08:54:45.736941","level":"info","event":"   350K .......... .......... .......... .......... ..........  5%  113M 1s","logger":"airflow.task.hooks.airflow.providers.standard.hooks.subprocess.SubprocessHook"}
{"timestamp":"2025-07-17T08:54:45.738742","level":"info","event":"   400K .......... .......... .......... .......... ..........  5% 26.7M 1s","logger":"airflow.task.hooks.airflow.providers.standard.hooks.subprocess.SubprocessHook"}
{"timestamp":"2025-07-17T08:54:45.741501","level":"info","event":"   450K .......... .......... .......... .......... ..........  6% 17.7M 0s","logger":"airflow.task.hooks.airflow.providers.standard.hooks.subprocess.SubprocessHook"}
{"timestamp":"2025-07-17T08:54:45.741696","level":"info","event":"   500K .......... .......... .......... .......... ..........  7%  241M 0s","logger":"airflow.task.hooks.airflow.providers.standard.hooks.subprocess.SubprocessHook"}
{"timestamp":"2025-07-17T08:54:45.742875","level":"info","event":"   550K .......... .......... .......... .......... ..........  7% 42.2M 0s","logger":"airflow.task.hooks.airflow.providers.standard.hooks.subprocess.SubprocessHook"}
{"timestamp":"2025-07-17T08:54:45.744648","level":"info","event":"   600K .......... .......... .......... .......... ..........  8% 27.5M 0s","logger":"airflow.task.hooks.airflow.providers.standard.hooks.subprocess.SubprocessHook"}
{"timestamp":"2025-07-17T08:54:45.747172","level":"info","event":"   650K .......... .......... .......... .......... ..........  9% 19.6M 0s","logger":"airflow.task.hooks.airflow.providers.standard.hooks.subprocess.SubprocessHook"}
{"timestamp":"2025-07-17T08:54:45.748520","level":"info","event":"   700K .......... .......... .......... .......... ..........  9% 34.8M 0s","logger":"airflow.task.hooks.airflow.providers.standard.hooks.subprocess.SubprocessHook"}
{"timestamp":"2025-07-17T08:54:45.749781","level":"info","event":"   750K .......... .......... .......... .......... .......... 10% 39.9M 0s","logger":"airflow.task.hooks.airflow.providers.standard.hooks.subprocess.SubprocessHook"}
{"timestamp":"2025-07-17T08:54:45.750527","level":"info","event":"   800K .......... .......... .......... .......... .......... 11% 64.4M 0s","logger":"airflow.task.hooks.airflow.providers.standard.hooks.subprocess.SubprocessHook"}
{"timestamp":"2025-07-17T08:54:45.752151","level":"info","event":"   850K .......... .......... .......... .......... .......... 11% 29.7M 0s","logger":"airflow.task.hooks.airflow.providers.standard.hooks.subprocess.SubprocessHook"}
{"timestamp":"2025-07-17T08:54:45.753178","level":"info","event":"   900K .......... .......... .......... .......... .......... 12% 48.2M 0s","logger":"airflow.task.hooks.airflow.providers.standard.hooks.subprocess.SubprocessHook"}
{"timestamp":"2025-07-17T08:54:45.753554","level":"info","event":"   950K .......... .......... .......... .......... .......... 13%  122M 0s","logger":"airflow.task.hooks.airflow.providers.standard.hooks.subprocess.SubprocessHook"}
{"timestamp":"2025-07-17T08:54:45.754451","level":"info","event":"  1000K .......... .......... .......... .......... .......... 13% 55.4M 0s","logger":"airflow.task.hooks.airflow.providers.standard.hooks.subprocess.SubprocessHook"}
{"timestamp":"2025-07-17T08:54:45.755890","level":"info","event":"  1050K .......... .......... .......... .......... .......... 14% 34.0M 0s","logger":"airflow.task.hooks.airflow.providers.standard.hooks.subprocess.SubprocessHook"}
{"timestamp":"2025-07-17T08:54:45.756909","level":"info","event":"  1100K .......... .......... .......... .......... .......... 15% 47.2M 0s","logger":"airflow.task.hooks.airflow.providers.standard.hooks.subprocess.SubprocessHook"}
{"timestamp":"2025-07-17T08:54:45.758065","level":"info","event":"  1150K .......... .......... .......... .......... .......... 15% 42.7M 0s","logger":"airflow.task.hooks.airflow.providers.standard.hooks.subprocess.SubprocessHook"}
{"timestamp":"2025-07-17T08:54:45.759291","level":"info","event":"  1200K .......... .......... .......... .......... .......... 16% 40.2M 0s","logger":"airflow.task.hooks.airflow.providers.standard.hooks.subprocess.SubprocessHook"}
{"timestamp":"2025-07-17T08:54:45.759989","level":"info","event":"  1250K .......... .......... .......... .......... .......... 17% 67.9M 0s","logger":"airflow.task.hooks.airflow.providers.standard.hooks.subprocess.SubprocessHook"}
{"timestamp":"2025-07-17T08:54:45.761851","level":"info","event":"  1300K .......... .......... .......... .......... .......... 17% 26.2M 0s","logger":"airflow.task.hooks.airflow.providers.standard.hooks.subprocess.SubprocessHook"}
{"timestamp":"2025-07-17T08:54:45.762069","level":"info","event":"  1350K .......... .......... .......... .......... .......... 18%  236M 0s","logger":"airflow.task.hooks.airflow.providers.standard.hooks.subprocess.SubprocessHook"}
{"timestamp":"2025-07-17T08:54:45.762949","level":"info","event":"  1400K .......... .......... .......... .......... .......... 19% 55.2M 0s","logger":"airflow.task.hooks.airflow.providers.standard.hooks.subprocess.SubprocessHook"}
{"timestamp":"2025-07-17T08:54:45.765069","level":"info","event":"  1450K .......... .......... .......... .......... .......... 19% 23.1M 0s","logger":"airflow.task.hooks.airflow.providers.standard.hooks.subprocess.SubprocessHook"}
{"timestamp":"2025-07-17T08:54:45.765715","level":"info","event":"  1500K .......... .......... .......... .......... .......... 20% 76.0M 0s","logger":"airflow.task.hooks.airflow.providers.standard.hooks.subprocess.SubprocessHook"}
{"timestamp":"2025-07-17T08:54:45.766495","level":"info","event":"  1550K .......... .......... .......... .......... .......... 21% 61.1M 0s","logger":"airflow.task.hooks.airflow.providers.standard.hooks.subprocess.SubprocessHook"}
{"timestamp":"2025-07-17T08:54:45.767659","level":"info","event":"  1600K .......... .......... .......... .......... .......... 21% 41.6M 0s","logger":"airflow.task.hooks.airflow.providers.standard.hooks.subprocess.SubprocessHook"}
{"timestamp":"2025-07-17T08:54:45.768161","level":"info","event":"  1650K .......... .......... .......... .......... .......... 22% 97.2M 0s","logger":"airflow.task.hooks.airflow.providers.standard.hooks.subprocess.SubprocessHook"}
{"timestamp":"2025-07-17T08:54:45.769220","level":"info","event":"  1700K .......... .......... .......... .......... .......... 22% 49.7M 0s","logger":"airflow.task.hooks.airflow.providers.standard.hooks.subprocess.SubprocessHook"}
{"timestamp":"2025-07-17T08:54:45.770658","level":"info","event":"  1750K .......... .......... .......... .......... .......... 23% 32.5M 0s","logger":"airflow.task.hooks.airflow.providers.standard.hooks.subprocess.SubprocessHook"}
{"timestamp":"2025-07-17T08:54:45.771758","level":"info","event":"  1800K .......... .......... .......... .......... .......... 24% 44.7M 0s","logger":"airflow.task.hooks.airflow.providers.standard.hooks.subprocess.SubprocessHook"}
{"timestamp":"2025-07-17T08:54:45.772301","level":"info","event":"  1850K .......... .......... .......... .......... .......... 24% 91.7M 0s","logger":"airflow.task.hooks.airflow.providers.standard.hooks.subprocess.SubprocessHook"}
{"timestamp":"2025-07-17T08:54:45.773604","level":"info","event":"  1900K .......... .......... .......... .......... .......... 25% 37.8M 0s","logger":"airflow.task.hooks.airflow.providers.standard.hooks.subprocess.SubprocessHook"}
{"timestamp":"2025-07-17T08:54:45.774168","level":"info","event":"  1950K .......... .......... .......... .......... .......... 26% 81.7M 0s","logger":"airflow.task.hooks.airflow.providers.standard.hooks.subprocess.SubprocessHook"}
{"timestamp":"2025-07-17T08:54:45.775655","level":"info","event":"  2000K .......... .......... .......... .......... .......... 26% 33.4M 0s","logger":"airflow.task.hooks.airflow.providers.standard.hooks.subprocess.SubprocessHook"}
{"timestamp":"2025-07-17T08:54:45.776672","level":"info","event":"  2050K .......... .......... .......... .......... .......... 27% 48.2M 0s","logger":"airflow.task.hooks.airflow.providers.standard.hooks.subprocess.SubprocessHook"}
{"timestamp":"2025-07-17T08:54:45.777263","level":"info","event":"  2100K .......... .......... .......... .......... .......... 28% 82.2M 0s","logger":"airflow.task.hooks.airflow.providers.standard.hooks.subprocess.SubprocessHook"}
{"timestamp":"2025-07-17T08:54:45.778303","level":"info","event":"  2150K .......... .......... .......... .......... .......... 28% 46.3M 0s","logger":"airflow.task.hooks.airflow.providers.standard.hooks.subprocess.SubprocessHook"}
{"timestamp":"2025-07-17T08:54:45.778865","level":"info","event":"  2200K .......... .......... .......... .......... .......... 29% 84.0M 0s","logger":"airflow.task.hooks.airflow.providers.standard.hooks.subprocess.SubprocessHook"}
{"timestamp":"2025-07-17T08:54:45.780007","level":"info","event":"  2250K .......... .......... .......... .......... .......... 30% 43.1M 0s","logger":"airflow.task.hooks.airflow.providers.standard.hooks.subprocess.SubprocessHook"}
{"timestamp":"2025-07-17T08:54:45.780590","level":"info","event":"  2300K .......... .......... .......... .......... .......... 30% 83.1M 0s","logger":"airflow.task.hooks.airflow.providers.standard.hooks.subprocess.SubprocessHook"}
{"timestamp":"2025-07-17T08:54:45.782176","level":"info","event":"  2350K .......... .......... .......... .......... .......... 31% 31.2M 0s","logger":"airflow.task.hooks.airflow.providers.standard.hooks.subprocess.SubprocessHook"}
{"timestamp":"2025-07-17T08:54:45.783004","level":"info","event":"  2400K .......... .......... .......... .......... .......... 32% 59.9M 0s","logger":"airflow.task.hooks.airflow.providers.standard.hooks.subprocess.SubprocessHook"}
{"timestamp":"2025-07-17T08:54:45.784035","level":"info","event":"  2450K .......... .......... .......... .......... .......... 32% 47.7M 0s","logger":"airflow.task.hooks.airflow.providers.standard.hooks.subprocess.SubprocessHook"}
{"timestamp":"2025-07-17T08:54:45.784647","level":"info","event":"  2500K .......... .......... .......... .......... .......... 33% 80.9M 0s","logger":"airflow.task.hooks.airflow.providers.standard.hooks.subprocess.SubprocessHook"}
{"timestamp":"2025-07-17T08:54:45.785559","level":"info","event":"  2550K .......... .......... .......... .......... .......... 34% 51.4M 0s","logger":"airflow.task.hooks.airflow.providers.standard.hooks.subprocess.SubprocessHook"}
{"timestamp":"2025-07-17T08:54:45.786721","level":"info","event":"  2600K .......... .......... .......... .......... .......... 34% 42.0M 0s","logger":"airflow.task.hooks.airflow.providers.standard.hooks.subprocess.SubprocessHook"}
{"timestamp":"2025-07-17T08:54:45.787626","level":"info","event":"  2650K .......... .......... .......... .......... .......... 35% 53.4M 0s","logger":"airflow.task.hooks.airflow.providers.standard.hooks.subprocess.SubprocessHook"}
{"timestamp":"2025-07-17T08:54:45.788726","level":"info","event":"  2700K .......... .......... .......... .......... .......... 36% 45.7M 0s","logger":"airflow.task.hooks.airflow.providers.standard.hooks.subprocess.SubprocessHook"}
{"timestamp":"2025-07-17T08:54:45.795070","level":"info","event":"  2750K .......... .......... .......... .......... .......... 36% 7.69M 0s","logger":"airflow.task.hooks.airflow.providers.standard.hooks.subprocess.SubprocessHook"}
{"timestamp":"2025-07-17T08:54:45.796183","level":"info","event":"  2800K .......... .......... .......... .......... .......... 37% 44.8M 0s","logger":"airflow.task.hooks.airflow.providers.standard.hooks.subprocess.SubprocessHook"}
{"timestamp":"2025-07-17T08:54:45.797684","level":"info","event":"  2850K .......... .......... .......... .......... .......... 38% 32.0M 0s","logger":"airflow.task.hooks.airflow.providers.standard.hooks.subprocess.SubprocessHook"}
{"timestamp":"2025-07-17T08:54:45.799764","level":"info","event":"  2900K .......... .......... .......... .......... .......... 38% 23.2M 0s","logger":"airflow.task.hooks.airflow.providers.standard.hooks.subprocess.SubprocessHook"}
{"timestamp":"2025-07-17T08:54:45.800407","level":"info","event":"  2950K .......... .......... .......... .......... .......... 39% 76.6M 0s","logger":"airflow.task.hooks.airflow.providers.standard.hooks.subprocess.SubprocessHook"}
{"timestamp":"2025-07-17T08:54:45.801489","level":"info","event":"  3000K .......... .......... .......... .......... .......... 40% 45.4M 0s","logger":"airflow.task.hooks.airflow.providers.standard.hooks.subprocess.SubprocessHook"}
{"timestamp":"2025-07-17T08:54:45.802378","level":"info","event":"  3050K .......... .......... .......... .......... .......... 40% 60.2M 0s","logger":"airflow.task.hooks.airflow.providers.standard.hooks.subprocess.SubprocessHook"}
{"timestamp":"2025-07-17T08:54:45.804142","level":"info","event":"  3100K .......... .......... .......... .......... .......... 41% 26.9M 0s","logger":"airflow.task.hooks.airflow.providers.standard.hooks.subprocess.SubprocessHook"}
{"timestamp":"2025-07-17T08:54:45.804777","level":"info","event":"  3150K .......... .......... .......... .......... .......... 42% 73.8M 0s","logger":"airflow.task.hooks.airflow.providers.standard.hooks.subprocess.SubprocessHook"}
{"timestamp":"2025-07-17T08:54:45.806004","level":"info","event":"  3200K .......... .......... .......... .......... .......... 42% 39.8M 0s","logger":"airflow.task.hooks.airflow.providers.standard.hooks.subprocess.SubprocessHook"}
{"timestamp":"2025-07-17T08:54:45.806747","level":"info","event":"  3250K .......... .......... .......... .......... .......... 43% 65.5M 0s","logger":"airflow.task.hooks.airflow.providers.standard.hooks.subprocess.SubprocessHook"}
{"timestamp":"2025-07-17T08:54:45.808031","level":"info","event":"  3300K .......... .......... .......... .......... .......... 44% 64.2M 0s","logger":"airflow.task.hooks.airflow.providers.standard.hooks.subprocess.SubprocessHook"}
{"timestamp":"2025-07-17T08:54:45.808824","level":"info","event":"  3350K .......... .......... .......... .......... .......... 44% 37.3M 0s","logger":"airflow.task.hooks.airflow.providers.standard.hooks.subprocess.SubprocessHook"}
{"timestamp":"2025-07-17T08:54:45.810266","level":"info","event":"  3400K .......... .......... .......... .......... .......... 45% 33.6M 0s","logger":"airflow.task.hooks.airflow.providers.standard.hooks.subprocess.SubprocessHook"}
{"timestamp":"2025-07-17T08:54:45.811625","level":"info","event":"  3450K .......... .......... .......... .......... .......... 45% 36.1M 0s","logger":"airflow.task.hooks.airflow.providers.standard.hooks.subprocess.SubprocessHook"}
{"timestamp":"2025-07-17T08:54:45.812198","level":"info","event":"  3500K .......... .......... .......... .......... .......... 46% 82.0M 0s","logger":"airflow.task.hooks.airflow.providers.standard.hooks.subprocess.SubprocessHook"}
{"timestamp":"2025-07-17T08:54:45.813003","level":"info","event":"  3550K .......... .......... .......... .......... .......... 47% 63.4M 0s","logger":"airflow.task.hooks.airflow.providers.standard.hooks.subprocess.SubprocessHook"}
{"timestamp":"2025-07-17T08:54:45.814204","level":"info","event":"  3600K .......... .......... .......... .......... .......... 47% 41.8M 0s","logger":"airflow.task.hooks.airflow.providers.standard.hooks.subprocess.SubprocessHook"}
{"timestamp":"2025-07-17T08:54:45.814874","level":"info","event":"  3650K .......... .......... .......... .......... .......... 48% 67.7M 0s","logger":"airflow.task.hooks.airflow.providers.standard.hooks.subprocess.SubprocessHook"}
{"timestamp":"2025-07-17T08:54:45.815666","level":"info","event":"  3700K .......... .......... .......... .......... .......... 49% 63.3M 0s","logger":"airflow.task.hooks.airflow.providers.standard.hooks.subprocess.SubprocessHook"}
{"timestamp":"2025-07-17T08:54:45.816924","level":"info","event":"  3750K .......... .......... .......... .......... .......... 49% 38.0M 0s","logger":"airflow.task.hooks.airflow.providers.standard.hooks.subprocess.SubprocessHook"}
{"timestamp":"2025-07-17T08:54:45.817872","level":"info","event":"  3800K .......... .......... .......... .......... .......... 50% 51.4M 0s","logger":"airflow.task.hooks.airflow.providers.standard.hooks.subprocess.SubprocessHook"}
{"timestamp":"2025-07-17T08:54:45.818691","level":"info","event":"  3850K .......... .......... .......... .......... .......... 51% 59.3M 0s","logger":"airflow.task.hooks.airflow.providers.standard.hooks.subprocess.SubprocessHook"}
{"timestamp":"2025-07-17T08:54:45.819296","level":"info","event":"  3900K .......... .......... .......... .......... .......... 51% 82.6M 0s","logger":"airflow.task.hooks.airflow.providers.standard.hooks.subprocess.SubprocessHook"}
{"timestamp":"2025-07-17T08:54:45.820838","level":"info","event":"  3950K .......... .......... .......... .......... .......... 52% 32.3M 0s","logger":"airflow.task.hooks.airflow.providers.standard.hooks.subprocess.SubprocessHook"}
{"timestamp":"2025-07-17T08:54:45.821771","level":"info","event":"  4000K .......... .......... .......... .......... .......... 53% 51.9M 0s","logger":"airflow.task.hooks.airflow.providers.standard.hooks.subprocess.SubprocessHook"}
{"timestamp":"2025-07-17T08:54:45.822623","level":"info","event":"  4050K .......... .......... .......... .......... .......... 53% 56.3M 0s","logger":"airflow.task.hooks.airflow.providers.standard.hooks.subprocess.SubprocessHook"}
{"timestamp":"2025-07-17T08:54:45.823658","level":"info","event":"  4100K .......... .......... .......... .......... .......... 54% 48.3M 0s","logger":"airflow.task.hooks.airflow.providers.standard.hooks.subprocess.SubprocessHook"}
{"timestamp":"2025-07-17T08:54:45.824204","level":"info","event":"  4150K .......... .......... .......... .......... .......... 55% 83.3M 0s","logger":"airflow.task.hooks.airflow.providers.standard.hooks.subprocess.SubprocessHook"}
{"timestamp":"2025-07-17T08:54:45.825182","level":"info","event":"  4200K .......... .......... .......... .......... .......... 55% 51.0M 0s","logger":"airflow.task.hooks.airflow.providers.standard.hooks.subprocess.SubprocessHook"}
{"timestamp":"2025-07-17T08:54:45.826162","level":"info","event":"  4250K .......... .......... .......... .......... .......... 56% 49.1M 0s","logger":"airflow.task.hooks.airflow.providers.standard.hooks.subprocess.SubprocessHook"}
{"timestamp":"2025-07-17T08:54:45.827442","level":"info","event":"  4300K .......... .......... .......... .......... .......... 57% 38.3M 0s","logger":"airflow.task.hooks.airflow.providers.standard.hooks.subprocess.SubprocessHook"}
{"timestamp":"2025-07-17T08:54:45.828153","level":"info","event":"  4350K .......... .......... .......... .......... .......... 57% 70.6M 0s","logger":"airflow.task.hooks.airflow.providers.standard.hooks.subprocess.SubprocessHook"}
{"timestamp":"2025-07-17T08:54:45.829106","level":"info","event":"  4400K .......... .......... .......... .......... .......... 58% 50.8M 0s","logger":"airflow.task.hooks.airflow.providers.standard.hooks.subprocess.SubprocessHook"}
{"timestamp":"2025-07-17T08:54:45.830206","level":"info","event":"  4450K .......... .......... .......... .......... .......... 59% 45.8M 0s","logger":"airflow.task.hooks.airflow.providers.standard.hooks.subprocess.SubprocessHook"}
{"timestamp":"2025-07-17T08:54:45.830887","level":"info","event":"  4500K .......... .......... .......... .......... .......... 59% 69.8M 0s","logger":"airflow.task.hooks.airflow.providers.standard.hooks.subprocess.SubprocessHook"}
{"timestamp":"2025-07-17T08:54:45.831350","level":"info","event":"  4550K .......... .......... .......... .......... .......... 60%  101M 0s","logger":"airflow.task.hooks.airflow.providers.standard.hooks.subprocess.SubprocessHook"}
{"timestamp":"2025-07-17T08:54:45.833154","level":"info","event":"  4600K .......... .......... .......... .......... .......... 61% 27.2M 0s","logger":"airflow.task.hooks.airflow.providers.standard.hooks.subprocess.SubprocessHook"}
{"timestamp":"2025-07-17T08:54:45.839169","level":"info","event":"  4650K .......... .......... .......... .......... .......... 61% 8.15M 0s","logger":"airflow.task.hooks.airflow.providers.standard.hooks.subprocess.SubprocessHook"}
{"timestamp":"2025-07-17T08:54:45.840713","level":"info","event":"  4700K .......... .......... .......... .......... .......... 62% 30.8M 0s","logger":"airflow.task.hooks.airflow.providers.standard.hooks.subprocess.SubprocessHook"}
{"timestamp":"2025-07-17T08:54:45.842053","level":"info","event":"  4750K .......... .......... .......... .......... .......... 63% 36.2M 0s","logger":"airflow.task.hooks.airflow.providers.standard.hooks.subprocess.SubprocessHook"}
{"timestamp":"2025-07-17T08:54:45.842650","level":"info","event":"  4800K .......... .......... .......... .......... .......... 63% 79.7M 0s","logger":"airflow.task.hooks.airflow.providers.standard.hooks.subprocess.SubprocessHook"}
{"timestamp":"2025-07-17T08:54:45.844350","level":"info","event":"  4850K .......... .......... .......... .......... .......... 64% 29.4M 0s","logger":"airflow.task.hooks.airflow.providers.standard.hooks.subprocess.SubprocessHook"}
{"timestamp":"2025-07-17T08:54:45.846261","level":"info","event":"  4900K .......... .......... .......... .......... .......... 65% 27.1M 0s","logger":"airflow.task.hooks.airflow.providers.standard.hooks.subprocess.SubprocessHook"}
{"timestamp":"2025-07-17T08:54:45.846899","level":"info","event":"  4950K .......... .......... .......... .......... .......... 65% 65.6M 0s","logger":"airflow.task.hooks.airflow.providers.standard.hooks.subprocess.SubprocessHook"}
{"timestamp":"2025-07-17T08:54:45.847581","level":"info","event":"  5000K .......... .......... .......... .......... .......... 66% 72.7M 0s","logger":"airflow.task.hooks.airflow.providers.standard.hooks.subprocess.SubprocessHook"}
{"timestamp":"2025-07-17T08:54:45.848940","level":"info","event":"  5050K .......... .......... .......... .......... .......... 67% 35.4M 0s","logger":"airflow.task.hooks.airflow.providers.standard.hooks.subprocess.SubprocessHook"}
{"timestamp":"2025-07-17T08:54:45.849904","level":"info","event":"  5100K .......... .......... .......... .......... .......... 67% 51.2M 0s","logger":"airflow.task.hooks.airflow.providers.standard.hooks.subprocess.SubprocessHook"}
{"timestamp":"2025-07-17T08:54:45.850726","level":"info","event":"  5150K .......... .......... .......... .......... .......... 68% 57.5M 0s","logger":"airflow.task.hooks.airflow.providers.standard.hooks.subprocess.SubprocessHook"}
{"timestamp":"2025-07-17T08:54:45.851720","level":"info","event":"  5200K .......... .......... .......... .......... .......... 68% 48.9M 0s","logger":"airflow.task.hooks.airflow.providers.standard.hooks.subprocess.SubprocessHook"}
{"timestamp":"2025-07-17T08:54:45.852696","level":"info","event":"  5250K .......... .......... .......... .......... .......... 69% 50.5M 0s","logger":"airflow.task.hooks.airflow.providers.standard.hooks.subprocess.SubprocessHook"}
{"timestamp":"2025-07-17T08:54:45.853908","level":"info","event":"  5300K .......... .......... .......... .......... .......... 70%  106M 0s","logger":"airflow.task.hooks.airflow.providers.standard.hooks.subprocess.SubprocessHook"}
{"timestamp":"2025-07-17T08:54:45.855744","level":"info","event":"  5350K .......... .......... .......... .......... .......... 70% 18.9M 0s","logger":"airflow.task.hooks.airflow.providers.standard.hooks.subprocess.SubprocessHook"}
{"timestamp":"2025-07-17T08:54:45.856605","level":"info","event":"  5400K .......... .......... .......... .......... .......... 71% 58.6M 0s","logger":"airflow.task.hooks.airflow.providers.standard.hooks.subprocess.SubprocessHook"}
{"timestamp":"2025-07-17T08:54:45.857859","level":"info","event":"  5450K .......... .......... .......... .......... .......... 72% 39.2M 0s","logger":"airflow.task.hooks.airflow.providers.standard.hooks.subprocess.SubprocessHook"}
{"timestamp":"2025-07-17T08:54:45.858185","level":"info","event":"  5500K .......... .......... .......... .......... .......... 72%  143M 0s","logger":"airflow.task.hooks.airflow.providers.standard.hooks.subprocess.SubprocessHook"}
{"timestamp":"2025-07-17T08:54:45.859109","level":"info","event":"  5550K .......... .......... .......... .......... .......... 73% 51.3M 0s","logger":"airflow.task.hooks.airflow.providers.standard.hooks.subprocess.SubprocessHook"}
{"timestamp":"2025-07-17T08:54:45.860439","level":"info","event":"  5600K .......... .......... .......... .......... .......... 74% 36.7M 0s","logger":"airflow.task.hooks.airflow.providers.standard.hooks.subprocess.SubprocessHook"}
{"timestamp":"2025-07-17T08:54:45.861345","level":"info","event":"  5650K .......... .......... .......... .......... .......... 74% 56.4M 0s","logger":"airflow.task.hooks.airflow.providers.standard.hooks.subprocess.SubprocessHook"}
{"timestamp":"2025-07-17T08:54:45.862155","level":"info","event":"  5700K .......... .......... .......... .......... .......... 75% 59.5M 0s","logger":"airflow.task.hooks.airflow.providers.standard.hooks.subprocess.SubprocessHook"}
{"timestamp":"2025-07-17T08:54:45.862881","level":"info","event":"  5750K .......... .......... .......... .......... .......... 76% 65.4M 0s","logger":"airflow.task.hooks.airflow.providers.standard.hooks.subprocess.SubprocessHook"}
{"timestamp":"2025-07-17T08:54:45.863868","level":"info","event":"  5800K .......... .......... .......... .......... .......... 76% 49.8M 0s","logger":"airflow.task.hooks.airflow.providers.standard.hooks.subprocess.SubprocessHook"}
{"timestamp":"2025-07-17T08:54:45.865123","level":"info","event":"  5850K .......... .......... .......... .......... .......... 77% 39.0M 0s","logger":"airflow.task.hooks.airflow.providers.standard.hooks.subprocess.SubprocessHook"}
{"timestamp":"2025-07-17T08:54:45.865692","level":"info","event":"  5900K .......... .......... .......... .......... .......... 78% 85.1M 0s","logger":"airflow.task.hooks.airflow.providers.standard.hooks.subprocess.SubprocessHook"}
{"timestamp":"2025-07-17T08:54:45.867618","level":"info","event":"  5950K .......... .......... .......... .......... .......... 78% 25.2M 0s","logger":"airflow.task.hooks.airflow.providers.standard.hooks.subprocess.SubprocessHook"}
{"timestamp":"2025-07-17T08:54:45.868427","level":"info","event":"  6000K .......... .......... .......... .......... .......... 79% 66.3M 0s","logger":"airflow.task.hooks.airflow.providers.standard.hooks.subprocess.SubprocessHook"}
{"timestamp":"2025-07-17T08:54:45.869023","level":"info","event":"  6050K .......... .......... .......... .......... .......... 80% 75.1M 0s","logger":"airflow.task.hooks.airflow.providers.standard.hooks.subprocess.SubprocessHook"}
{"timestamp":"2025-07-17T08:54:45.870229","level":"info","event":"  6100K .......... .......... .......... .......... .......... 80% 40.3M 0s","logger":"airflow.task.hooks.airflow.providers.standard.hooks.subprocess.SubprocessHook"}
{"timestamp":"2025-07-17T08:54:45.870912","level":"info","event":"  6150K .......... .......... .......... .......... .......... 81% 70.1M 0s","logger":"airflow.task.hooks.airflow.providers.standard.hooks.subprocess.SubprocessHook"}
{"timestamp":"2025-07-17T08:54:45.872260","level":"info","event":"  6200K .......... .......... .......... .......... .......... 82% 36.9M 0s","logger":"airflow.task.hooks.airflow.providers.standard.hooks.subprocess.SubprocessHook"}
{"timestamp":"2025-07-17T08:54:45.873250","level":"info","event":"  6250K .......... .......... .......... .......... .......... 82% 48.4M 0s","logger":"airflow.task.hooks.airflow.providers.standard.hooks.subprocess.SubprocessHook"}
{"timestamp":"2025-07-17T08:54:45.874367","level":"info","event":"  6300K .......... .......... .......... .......... .......... 83% 46.4M 0s","logger":"airflow.task.hooks.airflow.providers.standard.hooks.subprocess.SubprocessHook"}
{"timestamp":"2025-07-17T08:54:45.875263","level":"info","event":"  6350K .......... .......... .......... .......... .......... 84% 51.5M 0s","logger":"airflow.task.hooks.airflow.providers.standard.hooks.subprocess.SubprocessHook"}
{"timestamp":"2025-07-17T08:54:45.876244","level":"info","event":"  6400K .......... .......... .......... .......... .......... 84% 50.2M 0s","logger":"airflow.task.hooks.airflow.providers.standard.hooks.subprocess.SubprocessHook"}
{"timestamp":"2025-07-17T08:54:45.877031","level":"info","event":"  6450K .......... .......... .......... .......... .......... 85% 60.7M 0s","logger":"airflow.task.hooks.airflow.providers.standard.hooks.subprocess.SubprocessHook"}
{"timestamp":"2025-07-17T08:54:45.878654","level":"info","event":"  6500K .......... .......... .......... .......... .......... 86% 30.8M 0s","logger":"airflow.task.hooks.airflow.providers.standard.hooks.subprocess.SubprocessHook"}
{"timestamp":"2025-07-17T08:54:45.879636","level":"info","event":"  6550K .......... .......... .......... .......... .......... 86% 48.3M 0s","logger":"airflow.task.hooks.airflow.providers.standard.hooks.subprocess.SubprocessHook"}
{"timestamp":"2025-07-17T08:54:45.880644","level":"info","event":"  6600K .......... .......... .......... .......... .......... 87% 50.3M 0s","logger":"airflow.task.hooks.airflow.providers.standard.hooks.subprocess.SubprocessHook"}
{"timestamp":"2025-07-17T08:54:45.881591","level":"info","event":"  6650K .......... .......... .......... .......... .......... 88% 50.3M 0s","logger":"airflow.task.hooks.airflow.providers.standard.hooks.subprocess.SubprocessHook"}
{"timestamp":"2025-07-17T08:54:45.882700","level":"info","event":"  6700K .......... .......... .......... .......... .......... 88% 85.1M 0s","logger":"airflow.task.hooks.airflow.providers.standard.hooks.subprocess.SubprocessHook"}
{"timestamp":"2025-07-17T08:54:45.883402","level":"info","event":"  6750K .......... .......... .......... .......... .......... 89% 38.9M 0s","logger":"airflow.task.hooks.airflow.providers.standard.hooks.subprocess.SubprocessHook"}
{"timestamp":"2025-07-17T08:54:45.884728","level":"info","event":"  6800K .......... .......... .......... .......... .......... 90% 72.5M 0s","logger":"airflow.task.hooks.airflow.providers.standard.hooks.subprocess.SubprocessHook"}
{"timestamp":"2025-07-17T08:54:45.885201","level":"info","event":"  6850K .......... .......... .......... .......... .......... 90% 44.1M 0s","logger":"airflow.task.hooks.airflow.providers.standard.hooks.subprocess.SubprocessHook"}
{"timestamp":"2025-07-17T08:54:45.887167","level":"info","event":"  6900K .......... .......... .......... .......... .......... 91% 25.3M 0s","logger":"airflow.task.hooks.airflow.providers.standard.hooks.subprocess.SubprocessHook"}
{"timestamp":"2025-07-17T08:54:45.887700","level":"info","event":"  6950K .......... .......... .......... .......... .......... 91% 87.8M 0s","logger":"airflow.task.hooks.airflow.providers.standard.hooks.subprocess.SubprocessHook"}
{"timestamp":"2025-07-17T08:54:45.888589","level":"info","event":"  7000K .......... .......... .......... .......... .......... 92% 53.7M 0s","logger":"airflow.task.hooks.airflow.providers.standard.hooks.subprocess.SubprocessHook"}
{"timestamp":"2025-07-17T08:54:45.889989","level":"info","event":"  7050K .......... .......... .......... .......... .......... 93% 47.6M 0s","logger":"airflow.task.hooks.airflow.providers.standard.hooks.subprocess.SubprocessHook"}
{"timestamp":"2025-07-17T08:54:45.890988","level":"info","event":"  7100K .......... .......... .......... .......... .......... 93% 36.1M 0s","logger":"airflow.task.hooks.airflow.providers.standard.hooks.subprocess.SubprocessHook"}
{"timestamp":"2025-07-17T08:54:45.892147","level":"info","event":"  7150K .......... .......... .......... .......... .......... 94% 42.8M 0s","logger":"airflow.task.hooks.airflow.providers.standard.hooks.subprocess.SubprocessHook"}
{"timestamp":"2025-07-17T08:54:45.892598","level":"info","event":"  7200K .......... .......... .......... .......... .......... 95%  100M 0s","logger":"airflow.task.hooks.airflow.providers.standard.hooks.subprocess.SubprocessHook"}
{"timestamp":"2025-07-17T08:54:45.893746","level":"info","event":"  7250K .......... .......... .......... .......... .......... 95% 42.0M 0s","logger":"airflow.task.hooks.airflow.providers.standard.hooks.subprocess.SubprocessHook"}
{"timestamp":"2025-07-17T08:54:45.894542","level":"info","event":"  7300K .......... .......... .......... .......... .......... 96% 69.0M 0s","logger":"airflow.task.hooks.airflow.providers.standard.hooks.subprocess.SubprocessHook"}
{"timestamp":"2025-07-17T08:54:45.896159","level":"info","event":"  7350K .......... .......... .......... .......... .......... 97% 29.1M 0s","logger":"airflow.task.hooks.airflow.providers.standard.hooks.subprocess.SubprocessHook"}
{"timestamp":"2025-07-17T08:54:45.897422","level":"info","event":"  7400K .......... .......... .......... .......... .......... 97% 38.4M 0s","logger":"airflow.task.hooks.airflow.providers.standard.hooks.subprocess.SubprocessHook"}
{"timestamp":"2025-07-17T08:54:45.898396","level":"info","event":"  7450K .......... .......... .......... .......... .......... 98% 49.2M 0s","logger":"airflow.task.hooks.airflow.providers.standard.hooks.subprocess.SubprocessHook"}
{"timestamp":"2025-07-17T08:54:45.899204","level":"info","event":"  7500K .......... .......... .......... .......... .......... 99% 64.6M 0s","logger":"airflow.task.hooks.airflow.providers.standard.hooks.subprocess.SubprocessHook"}
{"timestamp":"2025-07-17T08:54:45.900194","level":"info","event":"  7550K .......... .......... .......... .......... .......... 99% 46.2M 0s","logger":"airflow.task.hooks.airflow.providers.standard.hooks.subprocess.SubprocessHook"}
{"timestamp":"2025-07-17T08:54:45.900235","level":"info","event":"  7600K .........                                             100%  427M=0.2s","logger":"airflow.task.hooks.airflow.providers.standard.hooks.subprocess.SubprocessHook"}
{"timestamp":"2025-07-17T08:54:45.900257","level":"info","event":"","logger":"airflow.task.hooks.airflow.providers.standard.hooks.subprocess.SubprocessHook"}
{"timestamp":"2025-07-17T08:54:45.900281","level":"info","event":"2025-07-17 08:54:45 (38.4 MB/s) - ‘/opt/airflow/green_tripdata_2019-12.csv’ saved [7792073/7792073]","logger":"airflow.task.hooks.airflow.providers.standard.hooks.subprocess.SubprocessHook"}
{"timestamp":"2025-07-17T08:54:45.900329","level":"info","event":"","logger":"airflow.task.hooks.airflow.providers.standard.hooks.subprocess.SubprocessHook"}
{"timestamp":"2025-07-17T08:54:45.902178","level":"info","event":"Command exited with return code 0","logger":"airflow.task.hooks.airflow.providers.standard.hooks.subprocess.SubprocessHook"}
{"timestamp":"2025-07-17T08:54:45.906058","level":"info","event":"Pushing xcom","ti":"RuntimeTaskInstance(id=UUID('01981797-d076-73fb-b958-e82e9e3f6755'), task_id='download_dataset_task', dag_id='upload_gcs_greentrips', run_id='scheduled__2019-12-02T06:00:00+00:00', try_number=1, map_index=-1, hostname='8c16a644909e', context_carrier={}, task=<Task(BashOperator): download_dataset_task>, bundle_instance=LocalDagBundle(name=dags-folder), max_tries=0, start_date=datetime.datetime(2025, 7, 17, 8, 54, 42, 496185, tzinfo=TzInfo(UTC)), end_date=None, state=<TaskInstanceState.RUNNING: 'running'>, is_mapped=False, rendered_map_index=None)","logger":"task"}
{"timestamp":"2025-07-17T17:11:40.802136","level":"info","event":"DAG bundles loaded: dags-folder","logger":"airflow.dag_processing.bundles.manager.DagBundlesManager"}
{"timestamp":"2025-07-17T17:11:40.804330","level":"info","event":"Filling up the DagBag from /opt/airflow/dags/data_ingestion_gcs_dag.py","logger":"airflow.models.dagbag.DagBag"}
{"timestamp":"2025-07-17T17:11:42.284853","level":"info","event":"Tmp dir root location: /tmp","logger":"airflow.task.hooks.airflow.providers.standard.hooks.subprocess.SubprocessHook"}
{"timestamp":"2025-07-17T17:11:42.286037","level":"info","event":"Running command: ['/usr/bin/bash', '-c', 'echo https://github.com/DataTalksClub/nyc-tlc-data/releases/download/green/green_tripdata_2019-12.csv.gz && wget --no-verbose https://github.com/DataTalksClub/nyc-tlc-data/releases/download/green/green_tripdata_2019-12.csv.gz -O /opt/airflow/green_tripdata_2019-12.csv.gz && gunzip -f /opt/airflow/green_tripdata_2019-12.csv.gz']","logger":"airflow.task.hooks.airflow.providers.standard.hooks.subprocess.SubprocessHook"}
{"timestamp":"2025-07-17T17:11:42.327128","level":"info","event":"Output:","logger":"airflow.task.hooks.airflow.providers.standard.hooks.subprocess.SubprocessHook"}
{"timestamp":"2025-07-17T17:11:42.330307","level":"info","event":"https://github.com/DataTalksClub/nyc-tlc-data/releases/download/green/green_tripdata_2019-12.csv.gz","logger":"airflow.task.hooks.airflow.providers.standard.hooks.subprocess.SubprocessHook"}
{"timestamp":"2025-07-17T17:11:43.692102","level":"info","event":"2025-07-17 17:11:43 URL:https://release-assets.githubusercontent.com/github-production-release-asset/513814948/9964ec55-3364-4b23-bac0-a6f90a4f00c7?sp=r&sv=2018-11-09&sr=b&spr=https&se=2025-07-17T17%3A46%3A42Z&rscd=attachment%3B+filename%3Dgreen_tripdata_2019-12.csv.gz&rsct=application%2Foctet-stream&skoid=96c2d410-5711-43a1-aedd-ab1947aa7ab0&sktid=398a6654-997b-47e9-b12b-9515b896b4de&skt=2025-07-17T16%3A46%3A33Z&ske=2025-07-17T17%3A46%3A42Z&sks=b&skv=2018-11-09&sig=VGYw7xls59bwfKffYrVLYnYvWv2PSaBaEUdP7dw%2B75I%3D&jwt=eyJ******&response-content-disposition=attachment%3B%20filename%3Dgreen_tripdata_2019-12.csv.gz&response-content-type=application%2Foctet-stream [7792073/7792073] -> \"/opt/airflow/green_tripdata_2019-12.csv.gz\" [1]","logger":"airflow.task.hooks.airflow.providers.standard.hooks.subprocess.SubprocessHook"}
{"timestamp":"2025-07-17T17:11:44.294274","level":"info","event":"Command exited with return code 0","logger":"airflow.task.hooks.airflow.providers.standard.hooks.subprocess.SubprocessHook"}
{"timestamp":"2025-07-17T17:11:44.305869","level":"info","event":"Pushing xcom","ti":"RuntimeTaskInstance(id=UUID('0198195e-cdfe-7784-b57b-343f6f036fa7'), task_id='download_dataset_task', dag_id='upload_gcs_greentrips', run_id='scheduled__2019-12-02T06:00:00+00:00', try_number=1, map_index=-1, hostname='8c16a644909e', context_carrier={}, task=<Task(BashOperator): download_dataset_task>, bundle_instance=LocalDagBundle(name=dags-folder), max_tries=0, start_date=datetime.datetime(2025, 7, 17, 17, 11, 40, 466113, tzinfo=TzInfo(UTC)), end_date=None, state=<TaskInstanceState.RUNNING: 'running'>, is_mapped=False, rendered_map_index=None)","logger":"task"}
{"timestamp":"2025-07-17T17:18:03.038597","level":"info","event":"DAG bundles loaded: dags-folder","logger":"airflow.dag_processing.bundles.manager.DagBundlesManager"}
{"timestamp":"2025-07-17T17:18:03.039365","level":"info","event":"Filling up the DagBag from /opt/airflow/dags/data_ingestion_gcs_dag.py","logger":"airflow.models.dagbag.DagBag"}
{"timestamp":"2025-07-17T17:18:04.469846","level":"info","event":"Tmp dir root location: /tmp","logger":"airflow.task.hooks.airflow.providers.standard.hooks.subprocess.SubprocessHook"}
{"timestamp":"2025-07-17T17:18:04.472229","level":"info","event":"Running command: ['/usr/bin/bash', '-c', 'echo https://github.com/DataTalksClub/nyc-tlc-data/releases/download/green/green_tripdata_2019-12.csv.gz && wget --no-verbose https://github.com/DataTalksClub/nyc-tlc-data/releases/download/green/green_tripdata_2019-12.csv.gz -O /opt/airflow/green_tripdata_2019-12.csv.gz && gunzip -f /opt/airflow/green_tripdata_2019-12.csv.gz']","logger":"airflow.task.hooks.airflow.providers.standard.hooks.subprocess.SubprocessHook"}
{"timestamp":"2025-07-17T17:18:04.512918","level":"info","event":"Output:","logger":"airflow.task.hooks.airflow.providers.standard.hooks.subprocess.SubprocessHook"}
{"timestamp":"2025-07-17T17:18:04.514766","level":"info","event":"https://github.com/DataTalksClub/nyc-tlc-data/releases/download/green/green_tripdata_2019-12.csv.gz","logger":"airflow.task.hooks.airflow.providers.standard.hooks.subprocess.SubprocessHook"}
{"timestamp":"2025-07-17T17:18:05.835153","level":"info","event":"2025-07-17 17:18:05 URL:https://release-assets.githubusercontent.com/github-production-release-asset/513814948/9964ec55-3364-4b23-bac0-a6f90a4f00c7?sp=r&sv=2018-11-09&sr=b&spr=https&se=2025-07-17T18%3A12%3A32Z&rscd=attachment%3B+filename%3Dgreen_tripdata_2019-12.csv.gz&rsct=application%2Foctet-stream&skoid=96c2d410-5711-43a1-aedd-ab1947aa7ab0&sktid=398a6654-997b-47e9-b12b-9515b896b4de&skt=2025-07-17T17%3A11%3A54Z&ske=2025-07-17T18%3A12%3A32Z&sks=b&skv=2018-11-09&sig=f3nePK0ftGenXNEz5souzldr8s%2BYj%2BvYfrazC2Bl%2Bpc%3D&jwt=eyJ******&response-content-disposition=attachment%3B%20filename%3Dgreen_tripdata_2019-12.csv.gz&response-content-type=application%2Foctet-stream [7792073/7792073] -> \"/opt/airflow/green_tripdata_2019-12.csv.gz\" [1]","logger":"airflow.task.hooks.airflow.providers.standard.hooks.subprocess.SubprocessHook"}
{"timestamp":"2025-07-17T17:18:06.548879","level":"info","event":"Command exited with return code 0","logger":"airflow.task.hooks.airflow.providers.standard.hooks.subprocess.SubprocessHook"}
{"timestamp":"2025-07-17T17:18:06.559534","level":"info","event":"Pushing xcom","ti":"RuntimeTaskInstance(id=UUID('01981964-a242-741d-9ee8-96df2ac9f354'), task_id='download_dataset_task', dag_id='upload_gcs_greentrips', run_id='scheduled__2019-12-02T06:00:00+00:00', try_number=1, map_index=-1, hostname='8c16a644909e', context_carrier={}, task=<Task(BashOperator): download_dataset_task>, bundle_instance=LocalDagBundle(name=dags-folder), max_tries=0, start_date=datetime.datetime(2025, 7, 17, 17, 18, 2, 649677, tzinfo=TzInfo(UTC)), end_date=None, state=<TaskInstanceState.RUNNING: 'running'>, is_mapped=False, rendered_map_index=None)","logger":"task"}
{"timestamp":"2025-07-17T17:20:59.994274","level":"info","event":"DAG bundles loaded: dags-folder","logger":"airflow.dag_processing.bundles.manager.DagBundlesManager"}
{"timestamp":"2025-07-17T17:20:59.995080","level":"info","event":"Filling up the DagBag from /opt/airflow/dags/data_ingestion_gcs_dag.py","logger":"airflow.models.dagbag.DagBag"}
{"timestamp":"2025-07-17T17:21:02.640775","level":"info","event":"Tmp dir root location: /tmp","logger":"airflow.task.hooks.airflow.providers.standard.hooks.subprocess.SubprocessHook"}
{"timestamp":"2025-07-17T17:21:02.650852","level":"info","event":"Running command: ['/usr/bin/bash', '-c', 'echo https://github.com/DataTalksClub/nyc-tlc-data/releases/download/green/green_tripdata_2019-12.csv.gz && wget --no-verbose https://github.com/DataTalksClub/nyc-tlc-data/releases/download/green/green_tripdata_2019-12.csv.gz -O /opt/airflow/green_tripdata_2019-12.csv.gz && gunzip -f /opt/airflow/green_tripdata_2019-12.csv.gz']","logger":"airflow.task.hooks.airflow.providers.standard.hooks.subprocess.SubprocessHook"}
{"timestamp":"2025-07-17T17:21:02.745230","level":"info","event":"Output:","logger":"airflow.task.hooks.airflow.providers.standard.hooks.subprocess.SubprocessHook"}
{"timestamp":"2025-07-17T17:21:02.765157","level":"info","event":"https://github.com/DataTalksClub/nyc-tlc-data/releases/download/green/green_tripdata_2019-12.csv.gz","logger":"airflow.task.hooks.airflow.providers.standard.hooks.subprocess.SubprocessHook"}
{"timestamp":"2025-07-17T17:21:03.637193","level":"info","event":"2025-07-17 17:21:03 URL:https://release-assets.githubusercontent.com/github-production-release-asset/513814948/9964ec55-3364-4b23-bac0-a6f90a4f00c7?sp=r&sv=2018-11-09&sr=b&spr=https&se=2025-07-17T18%3A15%3A16Z&rscd=attachment%3B+filename%3Dgreen_tripdata_2019-12.csv.gz&rsct=application%2Foctet-stream&skoid=96c2d410-5711-43a1-aedd-ab1947aa7ab0&sktid=398a6654-997b-47e9-b12b-9515b896b4de&skt=2025-07-17T17%3A15%3A03Z&ske=2025-07-17T18%3A15%3A16Z&sks=b&skv=2018-11-09&sig=edY9r5hnvrWRGa4jMdaRmUDArTwiErtApWvSdOWuj4s%3D&jwt=eyJ******&response-content-disposition=attachment%3B%20filename%3Dgreen_tripdata_2019-12.csv.gz&response-content-type=application%2Foctet-stream [7792073/7792073] -> \"/opt/airflow/green_tripdata_2019-12.csv.gz\" [1]","logger":"airflow.task.hooks.airflow.providers.standard.hooks.subprocess.SubprocessHook"}
{"timestamp":"2025-07-17T17:21:03.946748","level":"info","event":"Command exited with return code 0","logger":"airflow.task.hooks.airflow.providers.standard.hooks.subprocess.SubprocessHook"}
{"timestamp":"2025-07-17T17:21:03.953548","level":"info","event":"Pushing xcom","ti":"RuntimeTaskInstance(id=UUID('01981967-5525-7b36-95d8-a2de694ae7ee'), task_id='download_dataset_task', dag_id='upload_gcs_greentrips', run_id='scheduled__2019-12-02T06:00:00+00:00', try_number=1, map_index=-1, hostname='8c16a644909e', context_carrier={}, task=<Task(BashOperator): download_dataset_task>, bundle_instance=LocalDagBundle(name=dags-folder), max_tries=0, start_date=datetime.datetime(2025, 7, 17, 17, 20, 59, 463777, tzinfo=TzInfo(UTC)), end_date=None, state=<TaskInstanceState.RUNNING: 'running'>, is_mapped=False, rendered_map_index=None)","logger":"task"}
{"timestamp":"2025-07-17T17:24:21.926376","level":"info","event":"DAG bundles loaded: dags-folder","logger":"airflow.dag_processing.bundles.manager.DagBundlesManager"}
{"timestamp":"2025-07-17T17:24:21.926955","level":"info","event":"Filling up the DagBag from /opt/airflow/dags/data_ingestion_gcs_dag.py","logger":"airflow.models.dagbag.DagBag"}
{"timestamp":"2025-07-17T17:24:25.037323","level":"info","event":"Tmp dir root location: /tmp","logger":"airflow.task.hooks.airflow.providers.standard.hooks.subprocess.SubprocessHook"}
{"timestamp":"2025-07-17T17:24:25.042273","level":"info","event":"Running command: ['/usr/bin/bash', '-c', 'echo https://github.com/DataTalksClub/nyc-tlc-data/releases/download/green/green_tripdata_2019-12.csv.gz && wget --no-verbose https://github.com/DataTalksClub/nyc-tlc-data/releases/download/green/green_tripdata_2019-12.csv.gz -O /opt/airflow/green_tripdata_2019-12.csv.gz && gunzip -f /opt/airflow/green_tripdata_2019-12.csv.gz']","logger":"airflow.task.hooks.airflow.providers.standard.hooks.subprocess.SubprocessHook"}
{"timestamp":"2025-07-17T17:24:25.094606","level":"info","event":"Output:","logger":"airflow.task.hooks.airflow.providers.standard.hooks.subprocess.SubprocessHook"}
{"timestamp":"2025-07-17T17:24:25.098764","level":"info","event":"https://github.com/DataTalksClub/nyc-tlc-data/releases/download/green/green_tripdata_2019-12.csv.gz","logger":"airflow.task.hooks.airflow.providers.standard.hooks.subprocess.SubprocessHook"}
{"timestamp":"2025-07-17T17:24:26.518859","level":"info","event":"2025-07-17 17:24:26 URL:https://release-assets.githubusercontent.com/github-production-release-asset/513814948/9964ec55-3364-4b23-bac0-a6f90a4f00c7?sp=r&sv=2018-11-09&sr=b&spr=https&se=2025-07-17T18%3A15%3A23Z&rscd=attachment%3B+filename%3Dgreen_tripdata_2019-12.csv.gz&rsct=application%2Foctet-stream&skoid=96c2d410-5711-43a1-aedd-ab1947aa7ab0&sktid=398a6654-997b-47e9-b12b-9515b896b4de&skt=2025-07-17T17%3A15%3A14Z&ske=2025-07-17T18%3A15%3A23Z&sks=b&skv=2018-11-09&sig=lj7d2COZTwXMIZhCwqQrp6v%2FQWwOWC1SSjXqxlHaJQU%3D&jwt=eyJ******&response-content-disposition=attachment%3B%20filename%3Dgreen_tripdata_2019-12.csv.gz&response-content-type=application%2Foctet-stream [7792073/7792073] -> \"/opt/airflow/green_tripdata_2019-12.csv.gz\" [1]","logger":"airflow.task.hooks.airflow.providers.standard.hooks.subprocess.SubprocessHook"}
{"timestamp":"2025-07-17T17:24:27.385481","level":"info","event":"Command exited with return code 0","logger":"airflow.task.hooks.airflow.providers.standard.hooks.subprocess.SubprocessHook"}
{"timestamp":"2025-07-17T17:24:27.413946","level":"info","event":"Pushing xcom","ti":"RuntimeTaskInstance(id=UUID('0198196a-6b4d-72a0-b0ae-8dec4759adfd'), task_id='download_dataset_task', dag_id='upload_gcs_greentrips', run_id='scheduled__2019-12-02T06:00:00+00:00', try_number=1, map_index=-1, hostname='8c16a644909e', context_carrier={}, task=<Task(BashOperator): download_dataset_task>, bundle_instance=LocalDagBundle(name=dags-folder), max_tries=0, start_date=datetime.datetime(2025, 7, 17, 17, 24, 21, 711501, tzinfo=TzInfo(UTC)), end_date=None, state=<TaskInstanceState.RUNNING: 'running'>, is_mapped=False, rendered_map_index=None)","logger":"task"}
{"timestamp":"2025-07-17T17:44:42.318196","level":"info","event":"DAG bundles loaded: dags-folder","logger":"airflow.dag_processing.bundles.manager.DagBundlesManager"}
{"timestamp":"2025-07-17T17:44:42.318777","level":"info","event":"Filling up the DagBag from /opt/airflow/dags/data_ingestion_gcs_dag.py","logger":"airflow.models.dagbag.DagBag"}
{"timestamp":"2025-07-17T17:44:44.431601","level":"info","event":"Tmp dir root location: /tmp","logger":"airflow.task.hooks.airflow.providers.standard.hooks.subprocess.SubprocessHook"}
{"timestamp":"2025-07-17T17:44:44.442093","level":"info","event":"Running command: ['/usr/bin/bash', '-c', 'echo https://github.com/DataTalksClub/nyc-tlc-data/releases/download/green/green_tripdata_2019-12.csv.gz && wget --no-verbose https://github.com/DataTalksClub/nyc-tlc-data/releases/download/green/green_tripdata_2019-12.csv.gz -O /opt/airflow/green_tripdata_2019-12.csv.gz && gunzip -f /opt/airflow/green_tripdata_2019-12.csv.gz']","logger":"airflow.task.hooks.airflow.providers.standard.hooks.subprocess.SubprocessHook"}
{"timestamp":"2025-07-17T17:44:44.547489","level":"info","event":"Output:","logger":"airflow.task.hooks.airflow.providers.standard.hooks.subprocess.SubprocessHook"}
{"timestamp":"2025-07-17T17:44:44.559422","level":"info","event":"https://github.com/DataTalksClub/nyc-tlc-data/releases/download/green/green_tripdata_2019-12.csv.gz","logger":"airflow.task.hooks.airflow.providers.standard.hooks.subprocess.SubprocessHook"}
{"timestamp":"2025-07-17T17:44:45.467706","level":"info","event":"2025-07-17 17:44:45 URL:https://release-assets.githubusercontent.com/github-production-release-asset/513814948/9964ec55-3364-4b23-bac0-a6f90a4f00c7?sp=r&sv=2018-11-09&sr=b&spr=https&se=2025-07-17T18%3A41%3A31Z&rscd=attachment%3B+filename%3Dgreen_tripdata_2019-12.csv.gz&rsct=application%2Foctet-stream&skoid=96c2d410-5711-43a1-aedd-ab1947aa7ab0&sktid=398a6654-997b-47e9-b12b-9515b896b4de&skt=2025-07-17T17%3A40%3A32Z&ske=2025-07-17T18%3A41%3A31Z&sks=b&skv=2018-11-09&sig=A31VRR9hikR4rIe0mfdJfEqU4TOun2ml2bB6hW7%2FkrY%3D&jwt=eyJ******&response-content-disposition=attachment%3B%20filename%3Dgreen_tripdata_2019-12.csv.gz&response-content-type=application%2Foctet-stream [7792073/7792073] -> \"/opt/airflow/green_tripdata_2019-12.csv.gz\" [1]","logger":"airflow.task.hooks.airflow.providers.standard.hooks.subprocess.SubprocessHook"}
{"timestamp":"2025-07-17T17:44:45.809010","level":"info","event":"Command exited with return code 0","logger":"airflow.task.hooks.airflow.providers.standard.hooks.subprocess.SubprocessHook"}
{"timestamp":"2025-07-17T17:44:45.813231","level":"info","event":"Pushing xcom","ti":"RuntimeTaskInstance(id=UUID('0198197d-09c2-78ff-8bbe-11279578f712'), task_id='download_dataset_task', dag_id='upload_gcs_greentrips', run_id='scheduled__2019-12-02T06:00:00+00:00', try_number=1, map_index=-1, hostname='8c16a644909e', context_carrier={}, task=<Task(BashOperator): download_dataset_task>, bundle_instance=LocalDagBundle(name=dags-folder), max_tries=0, start_date=datetime.datetime(2025, 7, 17, 17, 44, 41, 969289, tzinfo=TzInfo(UTC)), end_date=None, state=<TaskInstanceState.RUNNING: 'running'>, is_mapped=False, rendered_map_index=None)","logger":"task"}
{"timestamp":"2025-07-17T17:54:23.639075","level":"info","event":"DAG bundles loaded: dags-folder","logger":"airflow.dag_processing.bundles.manager.DagBundlesManager"}
{"timestamp":"2025-07-17T17:54:23.639734","level":"info","event":"Filling up the DagBag from /opt/airflow/dags/data_ingestion_gcs_dag.py","logger":"airflow.models.dagbag.DagBag"}
{"timestamp":"2025-07-17T17:54:27.562776","level":"info","event":"Tmp dir root location: /tmp","logger":"airflow.task.hooks.airflow.providers.standard.hooks.subprocess.SubprocessHook"}
{"timestamp":"2025-07-17T17:54:27.572092","level":"info","event":"Running command: ['/usr/bin/bash', '-c', 'echo https://github.com/DataTalksClub/nyc-tlc-data/releases/download/green/green_tripdata_2019-12.csv.gz && wget --no-verbose https://github.com/DataTalksClub/nyc-tlc-data/releases/download/green/green_tripdata_2019-12.csv.gz -O /opt/airflow/green_tripdata_2019-12.csv.gz && gunzip -f /opt/airflow/green_tripdata_2019-12.csv.gz']","logger":"airflow.task.hooks.airflow.providers.standard.hooks.subprocess.SubprocessHook"}
{"timestamp":"2025-07-17T17:54:27.692788","level":"info","event":"Output:","logger":"airflow.task.hooks.airflow.providers.standard.hooks.subprocess.SubprocessHook"}
{"timestamp":"2025-07-17T17:54:27.715600","level":"info","event":"https://github.com/DataTalksClub/nyc-tlc-data/releases/download/green/green_tripdata_2019-12.csv.gz","logger":"airflow.task.hooks.airflow.providers.standard.hooks.subprocess.SubprocessHook"}
{"timestamp":"2025-07-17T17:54:28.623143","level":"info","event":"2025-07-17 17:54:28 URL:https://release-assets.githubusercontent.com/github-production-release-asset/513814948/9964ec55-3364-4b23-bac0-a6f90a4f00c7?sp=r&sv=2018-11-09&sr=b&spr=https&se=2025-07-17T18%3A41%3A59Z&rscd=attachment%3B+filename%3Dgreen_tripdata_2019-12.csv.gz&rsct=application%2Foctet-stream&skoid=96c2d410-5711-43a1-aedd-ab1947aa7ab0&sktid=398a6654-997b-47e9-b12b-9515b896b4de&skt=2025-07-17T17%3A41%3A33Z&ske=2025-07-17T18%3A41%3A59Z&sks=b&skv=2018-11-09&sig=9m9rgrFnlN0uVNpytU%2Fiu6IZUpbxwvFuGpk4dgBb33w%3D&jwt=eyJ******&response-content-disposition=attachment%3B%20filename%3Dgreen_tripdata_2019-12.csv.gz&response-content-type=application%2Foctet-stream [7792073/7792073] -> \"/opt/airflow/green_tripdata_2019-12.csv.gz\" [1]","logger":"airflow.task.hooks.airflow.providers.standard.hooks.subprocess.SubprocessHook"}
{"timestamp":"2025-07-17T17:54:29.063381","level":"info","event":"Command exited with return code 0","logger":"airflow.task.hooks.airflow.providers.standard.hooks.subprocess.SubprocessHook"}
{"timestamp":"2025-07-17T17:54:29.092242","level":"info","event":"Pushing xcom","ti":"RuntimeTaskInstance(id=UUID('01981985-e917-7f03-9b8d-4f55e31ef826'), task_id='download_dataset_task', dag_id='upload_gcs_greentrips', run_id='scheduled__2019-12-02T06:00:00+00:00', try_number=1, map_index=-1, hostname='8c16a644909e', context_carrier={}, task=<Task(BashOperator): download_dataset_task>, bundle_instance=LocalDagBundle(name=dags-folder), max_tries=0, start_date=datetime.datetime(2025, 7, 17, 17, 54, 23, 355775, tzinfo=TzInfo(UTC)), end_date=None, state=<TaskInstanceState.RUNNING: 'running'>, is_mapped=False, rendered_map_index=None)","logger":"task"}
{"timestamp":"2025-07-17T18:02:57.043286","level":"info","event":"DAG bundles loaded: dags-folder","logger":"airflow.dag_processing.bundles.manager.DagBundlesManager"}
{"timestamp":"2025-07-17T18:02:57.043966","level":"info","event":"Filling up the DagBag from /opt/airflow/dags/data_ingestion_gcs_dag.py","logger":"airflow.models.dagbag.DagBag"}
{"timestamp":"2025-07-17T18:03:00.094264","level":"info","event":"Tmp dir root location: /tmp","logger":"airflow.task.hooks.airflow.providers.standard.hooks.subprocess.SubprocessHook"}
{"timestamp":"2025-07-17T18:03:00.101424","level":"info","event":"Running command: ['/usr/bin/bash', '-c', 'echo https://github.com/DataTalksClub/nyc-tlc-data/releases/download/green/green_tripdata_2019-12.csv.gz && wget --no-verbose https://github.com/DataTalksClub/nyc-tlc-data/releases/download/green/green_tripdata_2019-12.csv.gz -O /opt/airflow/green_tripdata_2019-12.csv.gz && gunzip -f /opt/airflow/green_tripdata_2019-12.csv.gz']","logger":"airflow.task.hooks.airflow.providers.standard.hooks.subprocess.SubprocessHook"}
{"timestamp":"2025-07-17T18:03:00.206157","level":"info","event":"Output:","logger":"airflow.task.hooks.airflow.providers.standard.hooks.subprocess.SubprocessHook"}
{"timestamp":"2025-07-17T18:03:00.217323","level":"info","event":"https://github.com/DataTalksClub/nyc-tlc-data/releases/download/green/green_tripdata_2019-12.csv.gz","logger":"airflow.task.hooks.airflow.providers.standard.hooks.subprocess.SubprocessHook"}
{"timestamp":"2025-07-17T18:03:01.395398","level":"info","event":"2025-07-17 18:03:01 URL:https://release-assets.githubusercontent.com/github-production-release-asset/513814948/9964ec55-3364-4b23-bac0-a6f90a4f00c7?sp=r&sv=2018-11-09&sr=b&spr=https&se=2025-07-17T18%3A54%3A25Z&rscd=attachment%3B+filename%3Dgreen_tripdata_2019-12.csv.gz&rsct=application%2Foctet-stream&skoid=96c2d410-5711-43a1-aedd-ab1947aa7ab0&sktid=398a6654-997b-47e9-b12b-9515b896b4de&skt=2025-07-17T17%3A53%3A55Z&ske=2025-07-17T18%3A54%3A25Z&sks=b&skv=2018-11-09&sig=hHEev9SqsjLbBQvbhVEvXUredkTzLHyRLDLxnzmM1RM%3D&jwt=eyJ******&response-content-disposition=attachment%3B%20filename%3Dgreen_tripdata_2019-12.csv.gz&response-content-type=application%2Foctet-stream [7792073/7792073] -> \"/opt/airflow/green_tripdata_2019-12.csv.gz\" [1]","logger":"airflow.task.hooks.airflow.providers.standard.hooks.subprocess.SubprocessHook"}
{"timestamp":"2025-07-17T18:03:01.783182","level":"info","event":"Command exited with return code 0","logger":"airflow.task.hooks.airflow.providers.standard.hooks.subprocess.SubprocessHook"}
{"timestamp":"2025-07-17T18:03:01.786889","level":"info","event":"Pushing xcom","ti":"RuntimeTaskInstance(id=UUID('0198198d-bdb5-7a4b-b541-83810f8d5b6f'), task_id='download_dataset_task', dag_id='upload_gcs_greentrips', run_id='scheduled__2019-12-02T06:00:00+00:00', try_number=1, map_index=-1, hostname='8c16a644909e', context_carrier={}, task=<Task(BashOperator): download_dataset_task>, bundle_instance=LocalDagBundle(name=dags-folder), max_tries=0, start_date=datetime.datetime(2025, 7, 17, 18, 2, 56, 619396, tzinfo=TzInfo(UTC)), end_date=None, state=<TaskInstanceState.RUNNING: 'running'>, is_mapped=False, rendered_map_index=None)","logger":"task"}
{"timestamp":"2025-07-17T18:06:57.075031","level":"info","event":"DAG bundles loaded: dags-folder","logger":"airflow.dag_processing.bundles.manager.DagBundlesManager"}
{"timestamp":"2025-07-17T18:06:57.076809","level":"info","event":"Filling up the DagBag from /opt/airflow/dags/data_ingestion_gcs_dag.py","logger":"airflow.models.dagbag.DagBag"}
{"timestamp":"2025-07-17T18:07:08.229689","level":"info","event":"Tmp dir root location: /tmp","logger":"airflow.task.hooks.airflow.providers.standard.hooks.subprocess.SubprocessHook"}
{"timestamp":"2025-07-17T18:07:08.249386","level":"info","event":"Running command: ['/usr/bin/bash', '-c', 'echo https://github.com/DataTalksClub/nyc-tlc-data/releases/download/green/green_tripdata_2019-12.csv.gz && wget --no-verbose https://github.com/DataTalksClub/nyc-tlc-data/releases/download/green/green_tripdata_2019-12.csv.gz -O /opt/airflow/green_tripdata_2019-12.csv.gz && gunzip -f /opt/airflow/green_tripdata_2019-12.csv.gz']","logger":"airflow.task.hooks.airflow.providers.standard.hooks.subprocess.SubprocessHook"}
{"timestamp":"2025-07-17T18:07:08.401880","level":"info","event":"Output:","logger":"airflow.task.hooks.airflow.providers.standard.hooks.subprocess.SubprocessHook"}
{"timestamp":"2025-07-17T18:07:08.438833","level":"info","event":"https://github.com/DataTalksClub/nyc-tlc-data/releases/download/green/green_tripdata_2019-12.csv.gz","logger":"airflow.task.hooks.airflow.providers.standard.hooks.subprocess.SubprocessHook"}
{"timestamp":"2025-07-17T18:07:09.289234","level":"info","event":"2025-07-17 18:07:09 URL:https://release-assets.githubusercontent.com/github-production-release-asset/513814948/9964ec55-3364-4b23-bac0-a6f90a4f00c7?sp=r&sv=2018-11-09&sr=b&spr=https&se=2025-07-17T18%3A53%3A47Z&rscd=attachment%3B+filename%3Dgreen_tripdata_2019-12.csv.gz&rsct=application%2Foctet-stream&skoid=96c2d410-5711-43a1-aedd-ab1947aa7ab0&sktid=398a6654-997b-47e9-b12b-9515b896b4de&skt=2025-07-17T17%3A53%3A28Z&ske=2025-07-17T18%3A53%3A47Z&sks=b&skv=2018-11-09&sig=TxXX%2Fp0MbVRp%2BqMP0cb2vlgWFlWJMAHapNisHkcocH4%3D&jwt=eyJ******&response-content-disposition=attachment%3B%20filename%3Dgreen_tripdata_2019-12.csv.gz&response-content-type=application%2Foctet-stream [7792073/7792073] -> \"/opt/airflow/green_tripdata_2019-12.csv.gz\" [1]","logger":"airflow.task.hooks.airflow.providers.standard.hooks.subprocess.SubprocessHook"}
{"timestamp":"2025-07-17T18:07:09.906163","level":"info","event":"Command exited with return code 0","logger":"airflow.task.hooks.airflow.providers.standard.hooks.subprocess.SubprocessHook"}
{"timestamp":"2025-07-17T18:07:09.912423","level":"info","event":"Pushing xcom","ti":"RuntimeTaskInstance(id=UUID('01981991-62cd-7b25-ac72-4208566f36d0'), task_id='download_dataset_task', dag_id='upload_gcs_greentrips', run_id='scheduled__2019-12-02T06:00:00+00:00', try_number=1, map_index=-1, hostname='8c16a644909e', context_carrier={}, task=<Task(BashOperator): download_dataset_task>, bundle_instance=LocalDagBundle(name=dags-folder), max_tries=0, start_date=datetime.datetime(2025, 7, 17, 18, 6, 56, 263313, tzinfo=TzInfo(UTC)), end_date=None, state=<TaskInstanceState.RUNNING: 'running'>, is_mapped=False, rendered_map_index=None)","logger":"task"}
{"timestamp":"2025-07-17T18:08:51.333581","level":"info","event":"DAG bundles loaded: dags-folder","logger":"airflow.dag_processing.bundles.manager.DagBundlesManager"}
{"timestamp":"2025-07-17T18:08:51.334421","level":"info","event":"Filling up the DagBag from /opt/airflow/dags/data_ingestion_gcs_dag.py","logger":"airflow.models.dagbag.DagBag"}
{"timestamp":"2025-07-17T18:08:53.994238","level":"info","event":"Tmp dir root location: /tmp","logger":"airflow.task.hooks.airflow.providers.standard.hooks.subprocess.SubprocessHook"}
{"timestamp":"2025-07-17T18:08:53.999807","level":"info","event":"Running command: ['/usr/bin/bash', '-c', 'echo https://github.com/DataTalksClub/nyc-tlc-data/releases/download/green/green_tripdata_2019-12.csv.gz && wget --no-verbose https://github.com/DataTalksClub/nyc-tlc-data/releases/download/green/green_tripdata_2019-12.csv.gz -O /opt/airflow/green_tripdata_2019-12.csv.gz && gunzip -f /opt/airflow/green_tripdata_2019-12.csv.gz']","logger":"airflow.task.hooks.airflow.providers.standard.hooks.subprocess.SubprocessHook"}
{"timestamp":"2025-07-17T18:08:54.080784","level":"info","event":"Output:","logger":"airflow.task.hooks.airflow.providers.standard.hooks.subprocess.SubprocessHook"}
{"timestamp":"2025-07-17T18:08:54.087461","level":"info","event":"https://github.com/DataTalksClub/nyc-tlc-data/releases/download/green/green_tripdata_2019-12.csv.gz","logger":"airflow.task.hooks.airflow.providers.standard.hooks.subprocess.SubprocessHook"}
{"timestamp":"2025-07-17T18:08:54.972190","level":"info","event":"2025-07-17 18:08:54 URL:https://release-assets.githubusercontent.com/github-production-release-asset/513814948/9964ec55-3364-4b23-bac0-a6f90a4f00c7?sp=r&sv=2018-11-09&sr=b&spr=https&se=2025-07-17T18%3A53%3A47Z&rscd=attachment%3B+filename%3Dgreen_tripdata_2019-12.csv.gz&rsct=application%2Foctet-stream&skoid=96c2d410-5711-43a1-aedd-ab1947aa7ab0&sktid=398a6654-997b-47e9-b12b-9515b896b4de&skt=2025-07-17T17%3A53%3A28Z&ske=2025-07-17T18%3A53%3A47Z&sks=b&skv=2018-11-09&sig=TxXX%2Fp0MbVRp%2BqMP0cb2vlgWFlWJMAHapNisHkcocH4%3D&jwt=eyJ******&response-content-disposition=attachment%3B%20filename%3Dgreen_tripdata_2019-12.csv.gz&response-content-type=application%2Foctet-stream [7792073/7792073] -> \"/opt/airflow/green_tripdata_2019-12.csv.gz\" [1]","logger":"airflow.task.hooks.airflow.providers.standard.hooks.subprocess.SubprocessHook"}
{"timestamp":"2025-07-17T18:08:55.271558","level":"info","event":"Command exited with return code 0","logger":"airflow.task.hooks.airflow.providers.standard.hooks.subprocess.SubprocessHook"}
{"timestamp":"2025-07-17T18:08:55.276752","level":"info","event":"Pushing xcom","ti":"RuntimeTaskInstance(id=UUID('01981993-2612-7dd2-87d4-43cba95dbd86'), task_id='download_dataset_task', dag_id='upload_gcs_greentrips', run_id='scheduled__2019-12-02T06:00:00+00:00', try_number=1, map_index=-1, hostname='8c16a644909e', context_carrier={}, task=<Task(BashOperator): download_dataset_task>, bundle_instance=LocalDagBundle(name=dags-folder), max_tries=0, start_date=datetime.datetime(2025, 7, 17, 18, 8, 50, 955941, tzinfo=TzInfo(UTC)), end_date=None, state=<TaskInstanceState.RUNNING: 'running'>, is_mapped=False, rendered_map_index=None)","logger":"task"}
