{"timestamp":"2025-07-17T06:27:05.679955","level":"info","event":"DAG bundles loaded: dags-folder","logger":"airflow.dag_processing.bundles.manager.DagBundlesManager"}
{"timestamp":"2025-07-17T06:27:05.699243","level":"info","event":"Filling up the DagBag from /opt/airflow/dags/data_ingestion_localpg_dag.py","logger":"airflow.models.dagbag.DagBag"}
{"timestamp":"2025-07-17T06:27:08.077819","level":"error","event":"Task failed with exception","logger":"task","error_detail":[{"exc_type":"FileNotFoundError","exc_value":"[Errno 2] No such file or directory: '/opt/airflow/yellow_tripdata_2019-01.csv.gz'","exc_notes":[],"syntax_error":null,"is_cause":false,"frames":[{"filename":"/home/airflow/.local/lib/python3.12/site-packages/airflow/sdk/execution_time/task_runner.py","lineno":867,"name":"run"},{"filename":"/home/airflow/.local/lib/python3.12/site-packages/airflow/sdk/execution_time/task_runner.py","lineno":1159,"name":"_execute_task"},{"filename":"/home/airflow/.local/lib/python3.12/site-packages/airflow/sdk/bases/operator.py","lineno":397,"name":"wrapper"},{"filename":"/home/airflow/.local/lib/python3.12/site-packages/airflow/providers/standard/operators/python.py","lineno":216,"name":"execute"},{"filename":"/home/airflow/.local/lib/python3.12/site-packages/airflow/providers/standard/operators/python.py","lineno":239,"name":"execute_callable"},{"filename":"/home/airflow/.local/lib/python3.12/site-packages/airflow/sdk/execution_time/callback_runner.py","lineno":81,"name":"run"},{"filename":"/opt/airflow/dags/ingest_data.py","lineno":10,"name":"ingest_callable"},{"filename":"/home/airflow/.local/lib/python3.12/site-packages/pandas/io/parsers/readers.py","lineno":948,"name":"read_csv"},{"filename":"/home/airflow/.local/lib/python3.12/site-packages/pandas/io/parsers/readers.py","lineno":611,"name":"_read"},{"filename":"/home/airflow/.local/lib/python3.12/site-packages/pandas/io/parsers/readers.py","lineno":1448,"name":"__init__"},{"filename":"/home/airflow/.local/lib/python3.12/site-packages/pandas/io/parsers/readers.py","lineno":1705,"name":"_make_engine"},{"filename":"/home/airflow/.local/lib/python3.12/site-packages/pandas/io/common.py","lineno":755,"name":"get_handle"},{"filename":"/usr/local/lib/python3.12/gzip.py","lineno":201,"name":"__init__"}],"is_group":false,"exceptions":[]}]}
{"timestamp":"2025-07-17T06:57:44.175285","level":"info","event":"DAG bundles loaded: dags-folder","logger":"airflow.dag_processing.bundles.manager.DagBundlesManager"}
{"timestamp":"2025-07-17T06:57:44.176573","level":"info","event":"Filling up the DagBag from /opt/airflow/dags/data_ingestion_localpg_dag.py","logger":"airflow.models.dagbag.DagBag"}
{"timestamp":"2025-07-17T06:57:55.374269Z","level":"info","event":"inserted 100000 chunks, took 9.639","chan":"stdout","logger":"task"}
{"timestamp":"2025-07-17T06:58:04.664855Z","level":"info","event":"inserted 100000 chunks, took 9.391","chan":"stdout","logger":"task"}
{"timestamp":"2025-07-17T06:58:19.442884Z","level":"info","event":"inserted 100000 chunks, took 14.788","chan":"stdout","logger":"task"}
{"timestamp":"2025-07-17T06:58:31.244425Z","level":"info","event":"inserted 100000 chunks, took 11.802","chan":"stdout","logger":"task"}
{"timestamp":"2025-07-17T06:58:43.350649Z","level":"info","event":"inserted 100000 chunks, took 12.104","chan":"stdout","logger":"task"}
{"timestamp":"2025-07-17T06:58:57.364905Z","level":"info","event":"inserted 100000 chunks, took 14.017","chan":"stdout","logger":"task"}
{"timestamp":"2025-07-17T06:59:10.190797Z","level":"info","event":"inserted 100000 chunks, took 12.815","chan":"stdout","logger":"task"}
{"timestamp":"2025-07-17T06:59:29.217465Z","level":"info","event":"inserted 100000 chunks, took 19.036","chan":"stdout","logger":"task"}
{"timestamp":"2025-07-17T06:59:40.441498Z","level":"info","event":"inserted 100000 chunks, took 11.224","chan":"stdout","logger":"task"}
{"timestamp":"2025-07-17T06:59:51.400954Z","level":"info","event":"inserted 100000 chunks, took 10.961","chan":"stdout","logger":"task"}
{"timestamp":"2025-07-17T07:00:06.726986Z","level":"info","event":"inserted 100000 chunks, took 15.321","chan":"stdout","logger":"task"}
{"timestamp":"2025-07-17T07:00:18.357690Z","level":"info","event":"inserted 100000 chunks, took 11.636","chan":"stdout","logger":"task"}
{"timestamp":"2025-07-17T07:00:30.852288Z","level":"info","event":"inserted 100000 chunks, took 12.488","chan":"stdout","logger":"task"}
{"timestamp":"2025-07-17T07:00:43.460228Z","level":"info","event":"inserted 100000 chunks, took 12.614","chan":"stdout","logger":"task"}
{"timestamp":"2025-07-17T07:00:56.509060Z","level":"info","event":"inserted 100000 chunks, took 13.047","chan":"stdout","logger":"task"}
{"timestamp":"2025-07-17T07:01:18.096583Z","level":"info","event":"inserted 100000 chunks, took 21.589","chan":"stdout","logger":"task"}
{"timestamp":"2025-07-17T07:01:26.591873Z","level":"info","event":"inserted 100000 chunks, took 8.492","chan":"stdout","logger":"task"}
{"timestamp":"2025-07-17T07:01:34.369357Z","level":"info","event":"inserted 100000 chunks, took 7.780","chan":"stdout","logger":"task"}
{"timestamp":"2025-07-17T07:01:46.081757Z","level":"info","event":"inserted 100000 chunks, took 11.712","chan":"stdout","logger":"task"}
{"timestamp":"2025-07-17T07:01:54.805051Z","level":"info","event":"inserted 100000 chunks, took 8.722","chan":"stdout","logger":"task"}
{"timestamp":"2025-07-17T07:02:04.266655Z","level":"info","event":"inserted 100000 chunks, took 9.462","chan":"stdout","logger":"task"}
{"timestamp":"2025-07-17T07:02:14.921271Z","level":"info","event":"inserted 100000 chunks, took 10.646","chan":"stdout","logger":"task"}
{"timestamp":"2025-07-17T07:02:24.721816Z","level":"info","event":"inserted 100000 chunks, took 9.807","chan":"stdout","logger":"task"}
{"timestamp":"2025-07-17T07:02:32.781758Z","level":"info","event":"inserted 100000 chunks, took 8.060","chan":"stdout","logger":"task"}
{"timestamp":"2025-07-17T07:02:41.498838Z","level":"info","event":"inserted 100000 chunks, took 8.717","chan":"stdout","logger":"task"}
{"timestamp":"2025-07-17T07:02:49.997884Z","level":"info","event":"inserted 100000 chunks, took 8.498","chan":"stdout","logger":"task"}
{"timestamp":"2025-07-17T07:02:59.927213Z","level":"info","event":"inserted 100000 chunks, took 9.929","chan":"stdout","logger":"task"}
{"timestamp":"2025-07-17T07:03:07.732333Z","level":"info","event":"inserted 100000 chunks, took 7.805","chan":"stdout","logger":"task"}
{"timestamp":"2025-07-17T07:03:17.377226Z","level":"info","event":"inserted 100000 chunks, took 9.644","chan":"stdout","logger":"task"}
{"timestamp":"2025-07-17T07:03:31.264629Z","level":"info","event":"inserted 100000 chunks, took 13.885","chan":"stdout","logger":"task"}
{"timestamp":"2025-07-17T07:03:39.296432Z","level":"info","event":"inserted 100000 chunks, took 8.030","chan":"stdout","logger":"task"}
{"timestamp":"2025-07-17T07:03:49.579071Z","level":"info","event":"inserted 100000 chunks, took 10.287","chan":"stdout","logger":"task"}
{"timestamp":"2025-07-17T07:04:02.476428Z","level":"info","event":"inserted 100000 chunks, took 12.897","chan":"stdout","logger":"task"}
{"timestamp":"2025-07-17T07:04:14.025383Z","level":"info","event":"inserted 100000 chunks, took 11.550","chan":"stdout","logger":"task"}
{"timestamp":"2025-07-17T07:04:24.348841Z","level":"info","event":"inserted 100000 chunks, took 10.323","chan":"stdout","logger":"task"}
{"timestamp":"2025-07-17T07:04:36.321741Z","level":"info","event":"inserted 100000 chunks, took 11.973","chan":"stdout","logger":"task"}
{"timestamp":"2025-07-17T07:04:44.727449Z","level":"info","event":"inserted 100000 chunks, took 8.403","chan":"stdout","logger":"task"}
{"timestamp":"2025-07-17T07:04:54.546204Z","level":"info","event":"inserted 100000 chunks, took 9.818","chan":"stdout","logger":"task"}
{"timestamp":"2025-07-17T07:05:05.181076Z","level":"info","event":"inserted 100000 chunks, took 10.638","chan":"stdout","logger":"task"}
{"timestamp":"2025-07-17T07:05:17.456997Z","level":"info","event":"inserted 100000 chunks, took 12.275","chan":"stdout","logger":"task"}
{"timestamp":"2025-07-17T07:05:26.891902Z","level":"info","event":"inserted 100000 chunks, took 9.433","chan":"stdout","logger":"task"}
{"timestamp":"2025-07-17T07:05:37.654932Z","level":"info","event":"inserted 100000 chunks, took 10.760","chan":"stdout","logger":"task"}
{"timestamp":"2025-07-17T07:05:47.802451Z","level":"info","event":"inserted 100000 chunks, took 10.137","chan":"stdout","logger":"task"}
{"timestamp":"2025-07-17T07:05:58.307905Z","level":"info","event":"inserted 100000 chunks, took 10.519","chan":"stdout","logger":"task"}
{"timestamp":"2025-07-17T07:06:09.332790Z","level":"info","event":"inserted 100000 chunks, took 11.024","chan":"stdout","logger":"task"}
{"timestamp":"2025-07-17T07:06:21.312960Z","level":"info","event":"inserted 100000 chunks, took 11.980","chan":"stdout","logger":"task"}
{"timestamp":"2025-07-17T07:06:31.289665Z","level":"info","event":"inserted 100000 chunks, took 9.968","chan":"stdout","logger":"task"}
{"timestamp":"2025-07-17T07:06:40.955330Z","level":"info","event":"inserted 100000 chunks, took 9.667","chan":"stdout","logger":"task"}
{"timestamp":"2025-07-17T07:06:51.958393Z","level":"info","event":"inserted 100000 chunks, took 11.003","chan":"stdout","logger":"task"}
{"timestamp":"2025-07-17T07:07:01.145738Z","level":"info","event":"inserted 100000 chunks, took 9.189","chan":"stdout","logger":"task"}
{"timestamp":"2025-07-17T07:07:13.033158Z","level":"info","event":"inserted 100000 chunks, took 11.892","chan":"stdout","logger":"task"}
{"timestamp":"2025-07-17T07:07:22.368660Z","level":"info","event":"inserted 100000 chunks, took 9.334","chan":"stdout","logger":"task"}
{"timestamp":"2025-07-17T07:07:30.644073Z","level":"info","event":"inserted 100000 chunks, took 8.275","chan":"stdout","logger":"task"}
{"timestamp":"2025-07-17T07:07:37.781789Z","level":"info","event":"inserted 100000 chunks, took 7.138","chan":"stdout","logger":"task"}
{"timestamp":"2025-07-17T07:07:45.851165Z","level":"info","event":"inserted 100000 chunks, took 8.067","chan":"stdout","logger":"task"}
{"timestamp":"2025-07-17T07:07:56.707803Z","level":"info","event":"inserted 100000 chunks, took 10.858","chan":"stdout","logger":"task"}
{"timestamp":"2025-07-17T07:08:08.429539Z","level":"info","event":"inserted 100000 chunks, took 11.722","chan":"stdout","logger":"task"}
{"timestamp":"2025-07-17T07:08:20.377263Z","level":"info","event":"inserted 100000 chunks, took 11.948","chan":"stdout","logger":"task"}
{"timestamp":"2025-07-17T07:08:31.014564Z","level":"info","event":"inserted 100000 chunks, took 10.633","chan":"stdout","logger":"task"}
{"timestamp":"2025-07-17T07:08:43.100600Z","level":"info","event":"inserted 100000 chunks, took 12.090","chan":"stdout","logger":"task"}
{"timestamp":"2025-07-17T07:08:54.396401Z","level":"info","event":"inserted 100000 chunks, took 11.296","chan":"stdout","logger":"task"}
{"timestamp":"2025-07-17T07:09:03.095318Z","level":"info","event":"inserted 100000 chunks, took 8.696","chan":"stdout","logger":"task"}
{"timestamp":"2025-07-17T07:09:14.588346Z","level":"info","event":"inserted 100000 chunks, took 11.494","chan":"stdout","logger":"task"}
{"timestamp":"2025-07-17T07:09:27.467698Z","level":"info","event":"inserted 100000 chunks, took 12.879","chan":"stdout","logger":"task"}
{"timestamp":"2025-07-17T07:09:37.251863Z","level":"info","event":"inserted 100000 chunks, took 9.784","chan":"stdout","logger":"task"}
{"timestamp":"2025-07-17T07:09:47.239692Z","level":"info","event":"inserted 100000 chunks, took 9.985","chan":"stdout","logger":"task"}
{"timestamp":"2025-07-17T07:09:56.785163Z","level":"info","event":"inserted 100000 chunks, took 9.547","chan":"stdout","logger":"task"}
{"timestamp":"2025-07-17T07:10:06.620747Z","level":"info","event":"inserted 100000 chunks, took 9.836","chan":"stdout","logger":"task"}
{"timestamp":"2025-07-17T07:10:17.520247Z","level":"info","event":"inserted 100000 chunks, took 10.897","chan":"stdout","logger":"task"}
{"timestamp":"2025-07-17T07:10:29.041351Z","level":"info","event":"inserted 100000 chunks, took 11.523","chan":"stdout","logger":"task"}
{"timestamp":"2025-07-17T07:10:38.223360Z","level":"info","event":"inserted 100000 chunks, took 9.180","chan":"stdout","logger":"task"}
{"timestamp":"2025-07-17T07:10:48.598488Z","level":"info","event":"inserted 100000 chunks, took 10.377","chan":"stdout","logger":"task"}
{"timestamp":"2025-07-17T07:11:01.748072Z","level":"info","event":"inserted 100000 chunks, took 13.149","chan":"stdout","logger":"task"}
{"timestamp":"2025-07-17T07:11:10.824292Z","level":"info","event":"inserted 100000 chunks, took 9.074","chan":"stdout","logger":"task"}
{"timestamp":"2025-07-17T07:11:20.821321Z","level":"info","event":"inserted 100000 chunks, took 9.998","chan":"stdout","logger":"task"}
{"timestamp":"2025-07-17T07:11:31.227825Z","level":"info","event":"inserted 100000 chunks, took 10.399","chan":"stdout","logger":"task"}
{"timestamp":"2025-07-17T07:11:37.728835Z","level":"info","event":"inserted 100000 chunks, took 6.507","chan":"stdout","logger":"task"}
{"timestamp":"2025-07-17T07:11:37.742100","level":"info","event":"Done. Returned value was: None","logger":"airflow.task.operators.airflow.providers.standard.operators.python.PythonOperator"}
