{"timestamp":"2025-07-13T16:41:29.570870","level":"info","event":"DAG bundles loaded: dags-folder","logger":"airflow.dag_processing.bundles.manager.DagBundlesManager"}
{"timestamp":"2025-07-13T16:41:29.577054","level":"info","event":"Filling up the DagBag from /opt/airflow/dags/data_ingestion_gcs_dag.py","logger":"airflow.models.dagbag.DagBag"}
{"timestamp":"2025-07-13T16:41:43.185434","level":"info","event":"Tmp dir root location: /tmp","logger":"airflow.task.hooks.airflow.providers.standard.hooks.subprocess.SubprocessHook"}
{"timestamp":"2025-07-13T16:41:43.187685","level":"info","event":"Running command: ['/usr/bin/bash', '-c', 'wget https://github.com/DataTalksClub/nyc-tlc-data/releases/download/fhv/fhv_tripdata_{yymm}.csv.gz -O /opt/airflow/fhv_tripdata_{yymm}.csv.gz && gunzip /opt/airflow/fhv_tripdata_{yymm}.csv.gz']","logger":"airflow.task.hooks.airflow.providers.standard.hooks.subprocess.SubprocessHook"}
{"timestamp":"2025-07-13T16:41:43.207154","level":"info","event":"Output:","logger":"airflow.task.hooks.airflow.providers.standard.hooks.subprocess.SubprocessHook"}
{"timestamp":"2025-07-13T16:41:43.218001","level":"info","event":"--2025-07-13 16:41:43--  https://github.com/DataTalksClub/nyc-tlc-data/releases/download/fhv/fhv_tripdata_%7Byymm%7D.csv.gz","logger":"airflow.task.hooks.airflow.providers.standard.hooks.subprocess.SubprocessHook"}
{"timestamp":"2025-07-13T16:41:43.240463","level":"info","event":"Resolving github.com (github.com)... 20.205.243.166","logger":"airflow.task.hooks.airflow.providers.standard.hooks.subprocess.SubprocessHook"}
{"timestamp":"2025-07-13T16:41:43.248995","level":"info","event":"Connecting to github.com (github.com)|20.205.243.166|:443... connected.","logger":"airflow.task.hooks.airflow.providers.standard.hooks.subprocess.SubprocessHook"}
{"timestamp":"2025-07-13T16:41:43.281166","level":"info","event":"HTTP request sent, awaiting response... 404 Not Found","logger":"airflow.task.hooks.airflow.providers.standard.hooks.subprocess.SubprocessHook"}
{"timestamp":"2025-07-13T16:41:43.281350","level":"info","event":"2025-07-13 16:41:43 ERROR 404: Not Found.","logger":"airflow.task.hooks.airflow.providers.standard.hooks.subprocess.SubprocessHook"}
{"timestamp":"2025-07-13T16:41:43.281416","level":"info","event":"","logger":"airflow.task.hooks.airflow.providers.standard.hooks.subprocess.SubprocessHook"}
{"timestamp":"2025-07-13T16:41:43.283568","level":"info","event":"Command exited with return code 8","logger":"airflow.task.hooks.airflow.providers.standard.hooks.subprocess.SubprocessHook"}
{"timestamp":"2025-07-13T16:41:43.284557","level":"error","event":"Task failed with exception","logger":"task","error_detail":[{"exc_type":"AirflowException","exc_value":"Bash command failed. The command returned a non-zero exit code 8.","exc_notes":[],"syntax_error":null,"is_cause":false,"frames":[{"filename":"/home/airflow/.local/lib/python3.12/site-packages/airflow/sdk/execution_time/task_runner.py","lineno":867,"name":"run"},{"filename":"/home/airflow/.local/lib/python3.12/site-packages/airflow/sdk/execution_time/task_runner.py","lineno":1159,"name":"_execute_task"},{"filename":"/home/airflow/.local/lib/python3.12/site-packages/airflow/sdk/bases/operator.py","lineno":397,"name":"wrapper"},{"filename":"/home/airflow/.local/lib/python3.12/site-packages/airflow/providers/standard/operators/bash.py","lineno":233,"name":"execute"}],"is_group":false,"exceptions":[]}]}
{"timestamp":"2025-07-13T16:48:07.282615","level":"info","event":"DAG bundles loaded: dags-folder","logger":"airflow.dag_processing.bundles.manager.DagBundlesManager"}
{"timestamp":"2025-07-13T16:48:07.290819","level":"info","event":"Filling up the DagBag from /opt/airflow/dags/data_ingestion_gcs_dag.py","logger":"airflow.models.dagbag.DagBag"}
{"timestamp":"2025-07-13T16:48:14.219367","level":"info","event":"Tmp dir root location: /tmp","logger":"airflow.task.hooks.airflow.providers.standard.hooks.subprocess.SubprocessHook"}
{"timestamp":"2025-07-13T16:48:14.224981","level":"info","event":"Running command: ['/usr/bin/bash', '-c', 'echo https://github.com/DataTalksClub/nyc-tlc-data/releases/download/fhv/fhv_tripdata_2019-02.csv.gz && wget https://github.com/DataTalksClub/nyc-tlc-data/releases/download/fhv/fhv_tripdata_2019-02.csv.gz -O /opt/airflow/fhv_tripdata_2019-02.csv.gz && gunzip /opt/airflow/fhv_tripdata_2019-02.csv.gz']","logger":"airflow.task.hooks.airflow.providers.standard.hooks.subprocess.SubprocessHook"}
{"timestamp":"2025-07-13T16:48:14.296726","level":"info","event":"Output:","logger":"airflow.task.hooks.airflow.providers.standard.hooks.subprocess.SubprocessHook"}
{"timestamp":"2025-07-13T16:48:14.306622","level":"info","event":"https://github.com/DataTalksClub/nyc-tlc-data/releases/download/fhv/fhv_tripdata_2019-02.csv.gz","logger":"airflow.task.hooks.airflow.providers.standard.hooks.subprocess.SubprocessHook"}
{"timestamp":"2025-07-13T16:48:14.332020","level":"info","event":"--2025-07-13 16:48:14--  https://github.com/DataTalksClub/nyc-tlc-data/releases/download/fhv/fhv_tripdata_2019-02.csv.gz","logger":"airflow.task.hooks.airflow.providers.standard.hooks.subprocess.SubprocessHook"}
{"timestamp":"2025-07-13T16:48:14.481305","level":"info","event":"Resolving github.com (github.com)... 20.205.243.166","logger":"airflow.task.hooks.airflow.providers.standard.hooks.subprocess.SubprocessHook"}
{"timestamp":"2025-07-13T16:48:14.496189","level":"info","event":"Connecting to github.com (github.com)|20.205.243.166|:443... connected.","logger":"airflow.task.hooks.airflow.providers.standard.hooks.subprocess.SubprocessHook"}
{"timestamp":"2025-07-13T16:48:14.881717","level":"info","event":"HTTP request sent, awaiting response... 302 Found","logger":"airflow.task.hooks.airflow.providers.standard.hooks.subprocess.SubprocessHook"}
{"timestamp":"2025-07-13T16:48:14.881847","level":"info","event":"Location: https://release-assets.githubusercontent.com/github-production-release-asset/513814948/8735d99c-6e44-4ace-8891-938925197fd2?sp=r&sv=2018-11-09&sr=b&spr=https&se=2025-07-13T17%3A37%3A56Z&rscd=attachment%3B+filename%3Dfhv_tripdata_2019-02.csv.gz&rsct=application%2Foctet-stream&skoid=96c2d410-5711-43a1-aedd-ab1947aa7ab0&sktid=398a6654-997b-47e9-b12b-9515b896b4de&skt=2025-07-13T16%3A37%3A41Z&ske=2025-07-13T17%3A37%3A56Z&sks=b&skv=2018-11-09&sig=nyAg1uX4JUj7rp629i1cz24KGJdDdhMVZaBoDxilz2Y%3D&jwt=eyJ******&response-content-disposition=attachment%3B%20filename%3Dfhv_tripdata_2019-02.csv.gz&response-content-type=application%2Foctet-stream [following]","logger":"airflow.task.hooks.airflow.providers.standard.hooks.subprocess.SubprocessHook"}
{"timestamp":"2025-07-13T16:48:14.881923","level":"info","event":"--2025-07-13 16:48:14--  https://release-assets.githubusercontent.com/github-production-release-asset/513814948/8735d99c-6e44-4ace-8891-938925197fd2?sp=r&sv=2018-11-09&sr=b&spr=https&se=2025-07-13T17%3A37%3A56Z&rscd=attachment%3B+filename%3Dfhv_tripdata_2019-02.csv.gz&rsct=application%2Foctet-stream&skoid=96c2d410-5711-43a1-aedd-ab1947aa7ab0&sktid=398a6654-997b-47e9-b12b-9515b896b4de&skt=2025-07-13T16%3A37%3A41Z&ske=2025-07-13T17%3A37%3A56Z&sks=b&skv=2018-11-09&sig=nyAg1uX4JUj7rp629i1cz24KGJdDdhMVZaBoDxilz2Y%3D&jwt=eyJ******&response-content-disposition=attachment%3B%20filename%3Dfhv_tripdata_2019-02.csv.gz&response-content-type=application%2Foctet-stream","logger":"airflow.task.hooks.airflow.providers.standard.hooks.subprocess.SubprocessHook"}
{"timestamp":"2025-07-13T16:48:14.913527","level":"info","event":"Resolving release-assets.githubusercontent.com (release-assets.githubusercontent.com)... 185.199.111.133, 185.199.109.133, 185.199.108.133, ...","logger":"airflow.task.hooks.airflow.providers.standard.hooks.subprocess.SubprocessHook"}
{"timestamp":"2025-07-13T16:48:14.922798","level":"info","event":"Connecting to release-assets.githubusercontent.com (release-assets.githubusercontent.com)|185.199.111.133|:443... connected.","logger":"airflow.task.hooks.airflow.providers.standard.hooks.subprocess.SubprocessHook"}
{"timestamp":"2025-07-13T16:48:15.237766","level":"info","event":"HTTP request sent, awaiting response... 200 OK","logger":"airflow.task.hooks.airflow.providers.standard.hooks.subprocess.SubprocessHook"}
{"timestamp":"2025-07-13T16:48:15.238086","level":"info","event":"Length: 15020561 (14M) [application/octet-stream]","logger":"airflow.task.hooks.airflow.providers.standard.hooks.subprocess.SubprocessHook"}
{"timestamp":"2025-07-13T16:48:15.238210","level":"info","event":"Saving to: ‘/opt/airflow/fhv_tripdata_2019-02.csv.gz’","logger":"airflow.task.hooks.airflow.providers.standard.hooks.subprocess.SubprocessHook"}
{"timestamp":"2025-07-13T16:48:15.239095","level":"info","event":"","logger":"airflow.task.hooks.airflow.providers.standard.hooks.subprocess.SubprocessHook"}
{"timestamp":"2025-07-13T16:48:15.315390","level":"info","event":"     0K .......... .......... .......... .......... ..........  0%  647K 23s","logger":"airflow.task.hooks.airflow.providers.standard.hooks.subprocess.SubprocessHook"}
{"timestamp":"2025-07-13T16:48:15.502745","level":"info","event":"    50K .......... .......... .......... .......... ..........  0%  268K 38s","logger":"airflow.task.hooks.airflow.providers.standard.hooks.subprocess.SubprocessHook"}
{"timestamp":"2025-07-13T16:48:15.539465","level":"info","event":"   100K .......... .......... .......... .......... ..........  1% 1.33M 29s","logger":"airflow.task.hooks.airflow.providers.standard.hooks.subprocess.SubprocessHook"}
{"timestamp":"2025-07-13T16:48:15.580941","level":"info","event":"   150K .......... .......... .......... .......... ..........  1% 1.19M 25s","logger":"airflow.task.hooks.airflow.providers.standard.hooks.subprocess.SubprocessHook"}
{"timestamp":"2025-07-13T16:48:15.694779","level":"info","event":"   200K .......... .......... .......... .......... ..........  1%  437K 26s","logger":"airflow.task.hooks.airflow.providers.standard.hooks.subprocess.SubprocessHook"}
{"timestamp":"2025-07-13T16:48:15.783492","level":"info","event":"   250K .......... .......... .......... .......... ..........  2%  560K 26s","logger":"airflow.task.hooks.airflow.providers.standard.hooks.subprocess.SubprocessHook"}
{"timestamp":"2025-07-13T16:48:15.785834","level":"info","event":"   300K .......... .......... .......... .......... ..........  2% 22.6M 22s","logger":"airflow.task.hooks.airflow.providers.standard.hooks.subprocess.SubprocessHook"}
{"timestamp":"2025-07-13T16:48:15.810047","level":"info","event":"   350K .......... .......... .......... .......... ..........  2% 2.15M 20s","logger":"airflow.task.hooks.airflow.providers.standard.hooks.subprocess.SubprocessHook"}
{"timestamp":"2025-07-13T16:48:15.810935","level":"info","event":"   400K .......... .......... .......... .......... ..........  3% 18.0M 18s","logger":"airflow.task.hooks.airflow.providers.standard.hooks.subprocess.SubprocessHook"}
{"timestamp":"2025-07-13T16:48:15.842191","level":"info","event":"   450K .......... .......... .......... .......... ..........  3% 1.57M 17s","logger":"airflow.task.hooks.airflow.providers.standard.hooks.subprocess.SubprocessHook"}
{"timestamp":"2025-07-13T16:48:15.847143","level":"info","event":"   500K .......... .......... .......... .......... ..........  3% 9.49M 16s","logger":"airflow.task.hooks.airflow.providers.standard.hooks.subprocess.SubprocessHook"}
{"timestamp":"2025-07-13T16:48:15.932533","level":"info","event":"   550K .......... .......... .......... .......... ..........  4%  588K 16s","logger":"airflow.task.hooks.airflow.providers.standard.hooks.subprocess.SubprocessHook"}
{"timestamp":"2025-07-13T16:48:15.937974","level":"info","event":"   600K .......... .......... .......... .......... ..........  4% 8.17M 15s","logger":"airflow.task.hooks.airflow.providers.standard.hooks.subprocess.SubprocessHook"}
{"timestamp":"2025-07-13T16:48:15.962108","level":"info","event":"   650K .......... .......... .......... .......... ..........  4% 2.28M 14s","logger":"airflow.task.hooks.airflow.providers.standard.hooks.subprocess.SubprocessHook"}
{"timestamp":"2025-07-13T16:48:15.976981","level":"info","event":"   700K .......... .......... .......... .......... ..........  5% 2.97M 14s","logger":"airflow.task.hooks.airflow.providers.standard.hooks.subprocess.SubprocessHook"}
{"timestamp":"2025-07-13T16:48:15.985334","level":"info","event":"   750K .......... .......... .......... .......... ..........  5% 5.59M 13s","logger":"airflow.task.hooks.airflow.providers.standard.hooks.subprocess.SubprocessHook"}
{"timestamp":"2025-07-13T16:48:16.016851","level":"info","event":"   800K .......... .......... .......... .......... ..........  5% 1.53M 13s","logger":"airflow.task.hooks.airflow.providers.standard.hooks.subprocess.SubprocessHook"}
{"timestamp":"2025-07-13T16:48:16.034161","level":"info","event":"   850K .......... .......... .......... .......... ..........  6% 2.99M 12s","logger":"airflow.task.hooks.airflow.providers.standard.hooks.subprocess.SubprocessHook"}
{"timestamp":"2025-07-13T16:48:16.059026","level":"info","event":"   900K .......... .......... .......... .......... ..........  6% 1.87M 12s","logger":"airflow.task.hooks.airflow.providers.standard.hooks.subprocess.SubprocessHook"}
{"timestamp":"2025-07-13T16:48:16.059824","level":"info","event":"   950K .......... .......... .......... .......... ..........  6%  106M 11s","logger":"airflow.task.hooks.airflow.providers.standard.hooks.subprocess.SubprocessHook"}
{"timestamp":"2025-07-13T16:48:16.060592","level":"info","event":"  1000K .......... .......... .......... .......... ..........  7% 56.5M 11s","logger":"airflow.task.hooks.airflow.providers.standard.hooks.subprocess.SubprocessHook"}
{"timestamp":"2025-07-13T16:48:16.060827","level":"info","event":"  1050K .......... .......... .......... .......... ..........  7% 79.8M 10s","logger":"airflow.task.hooks.airflow.providers.standard.hooks.subprocess.SubprocessHook"}
{"timestamp":"2025-07-13T16:48:16.091233","level":"info","event":"  1100K .......... .......... .......... .......... ..........  7% 1.62M 10s","logger":"airflow.task.hooks.airflow.providers.standard.hooks.subprocess.SubprocessHook"}
{"timestamp":"2025-07-13T16:48:16.100038","level":"info","event":"  1150K .......... .......... .......... .......... ..........  8% 5.55M 10s","logger":"airflow.task.hooks.airflow.providers.standard.hooks.subprocess.SubprocessHook"}
{"timestamp":"2025-07-13T16:48:16.100182","level":"info","event":"  1200K .......... .......... .......... .......... ..........  8%  231M 9s","logger":"airflow.task.hooks.airflow.providers.standard.hooks.subprocess.SubprocessHook"}
{"timestamp":"2025-07-13T16:48:16.153518","level":"info","event":"  1250K .......... .......... .......... .......... ..........  8% 1006K 9s","logger":"airflow.task.hooks.airflow.providers.standard.hooks.subprocess.SubprocessHook"}
{"timestamp":"2025-07-13T16:48:16.156040","level":"info","event":"  1300K .......... .......... .......... .......... ..........  9% 8.06M 9s","logger":"airflow.task.hooks.airflow.providers.standard.hooks.subprocess.SubprocessHook"}
{"timestamp":"2025-07-13T16:48:16.161483","level":"info","event":"  1350K .......... .......... .......... .......... ..........  9% 9.08M 9s","logger":"airflow.task.hooks.airflow.providers.standard.hooks.subprocess.SubprocessHook"}
{"timestamp":"2025-07-13T16:48:16.169534","level":"info","event":"  1400K .......... .......... .......... .......... ..........  9% 6.11M 8s","logger":"airflow.task.hooks.airflow.providers.standard.hooks.subprocess.SubprocessHook"}
{"timestamp":"2025-07-13T16:48:16.181181","level":"info","event":"  1450K .......... .......... .......... .......... .......... 10% 5.89M 8s","logger":"airflow.task.hooks.airflow.providers.standard.hooks.subprocess.SubprocessHook"}
{"timestamp":"2025-07-13T16:48:16.184626","level":"info","event":"  1500K .......... .......... .......... .......... .......... 10% 6.84M 8s","logger":"airflow.task.hooks.airflow.providers.standard.hooks.subprocess.SubprocessHook"}
{"timestamp":"2025-07-13T16:48:16.191877","level":"info","event":"  1550K .......... .......... .......... .......... .......... 10% 6.68M 8s","logger":"airflow.task.hooks.airflow.providers.standard.hooks.subprocess.SubprocessHook"}
{"timestamp":"2025-07-13T16:48:16.197216","level":"info","event":"  1600K .......... .......... .......... .......... .......... 11% 9.37M 8s","logger":"airflow.task.hooks.airflow.providers.standard.hooks.subprocess.SubprocessHook"}
{"timestamp":"2025-07-13T16:48:16.204287","level":"info","event":"  1650K .......... .......... .......... .......... .......... 11% 7.10M 7s","logger":"airflow.task.hooks.airflow.providers.standard.hooks.subprocess.SubprocessHook"}
{"timestamp":"2025-07-13T16:48:16.227640","level":"info","event":"  1700K .......... .......... .......... .......... .......... 11% 4.06M 7s","logger":"airflow.task.hooks.airflow.providers.standard.hooks.subprocess.SubprocessHook"}
{"timestamp":"2025-07-13T16:48:16.227754","level":"info","event":"  1750K .......... .......... .......... .......... .......... 12% 8.81M 7s","logger":"airflow.task.hooks.airflow.providers.standard.hooks.subprocess.SubprocessHook"}
{"timestamp":"2025-07-13T16:48:16.233637","level":"info","event":"  1800K .......... .......... .......... .......... .......... 12% 4.04M 7s","logger":"airflow.task.hooks.airflow.providers.standard.hooks.subprocess.SubprocessHook"}
{"timestamp":"2025-07-13T16:48:16.233999","level":"info","event":"  1850K .......... .......... .......... .......... .......... 12%  165M 7s","logger":"airflow.task.hooks.airflow.providers.standard.hooks.subprocess.SubprocessHook"}
{"timestamp":"2025-07-13T16:48:16.234166","level":"info","event":"  1900K .......... .......... .......... .......... .......... 13%  230M 6s","logger":"airflow.task.hooks.airflow.providers.standard.hooks.subprocess.SubprocessHook"}
{"timestamp":"2025-07-13T16:48:16.241767","level":"info","event":"  1950K .......... .......... .......... .......... .......... 13% 6.56M 6s","logger":"airflow.task.hooks.airflow.providers.standard.hooks.subprocess.SubprocessHook"}
{"timestamp":"2025-07-13T16:48:16.244402","level":"info","event":"  2000K .......... .......... .......... .......... .......... 13% 17.6M 6s","logger":"airflow.task.hooks.airflow.providers.standard.hooks.subprocess.SubprocessHook"}
{"timestamp":"2025-07-13T16:48:16.250572","level":"info","event":"  2050K .......... .......... .......... .......... .......... 14% 8.10M 6s","logger":"airflow.task.hooks.airflow.providers.standard.hooks.subprocess.SubprocessHook"}
{"timestamp":"2025-07-13T16:48:16.253506","level":"info","event":"  2100K .......... .......... .......... .......... .......... 14% 16.0M 6s","logger":"airflow.task.hooks.airflow.providers.standard.hooks.subprocess.SubprocessHook"}
{"timestamp":"2025-07-13T16:48:16.259415","level":"info","event":"  2150K .......... .......... .......... .......... .......... 14% 8.43M 6s","logger":"airflow.task.hooks.airflow.providers.standard.hooks.subprocess.SubprocessHook"}
{"timestamp":"2025-07-13T16:48:16.266589","level":"info","event":"  2200K .......... .......... .......... .......... .......... 15% 7.07M 6s","logger":"airflow.task.hooks.airflow.providers.standard.hooks.subprocess.SubprocessHook"}
{"timestamp":"2025-07-13T16:48:16.274194","level":"info","event":"  2250K .......... .......... .......... .......... .......... 15% 6.32M 6s","logger":"airflow.task.hooks.airflow.providers.standard.hooks.subprocess.SubprocessHook"}
{"timestamp":"2025-07-13T16:48:16.275626","level":"info","event":"  2300K .......... .......... .......... .......... .......... 16% 29.4M 5s","logger":"airflow.task.hooks.airflow.providers.standard.hooks.subprocess.SubprocessHook"}
{"timestamp":"2025-07-13T16:48:16.279102","level":"info","event":"  2350K .......... .......... .......... .......... .......... 16% 14.0M 5s","logger":"airflow.task.hooks.airflow.providers.standard.hooks.subprocess.SubprocessHook"}
{"timestamp":"2025-07-13T16:48:16.281749","level":"info","event":"  2400K .......... .......... .......... .......... .......... 16% 18.0M 5s","logger":"airflow.task.hooks.airflow.providers.standard.hooks.subprocess.SubprocessHook"}
{"timestamp":"2025-07-13T16:48:16.287041","level":"info","event":"  2450K .......... .......... .......... .......... .......... 17% 9.49M 5s","logger":"airflow.task.hooks.airflow.providers.standard.hooks.subprocess.SubprocessHook"}
{"timestamp":"2025-07-13T16:48:16.290481","level":"info","event":"  2500K .......... .......... .......... .......... .......... 17% 16.2M 5s","logger":"airflow.task.hooks.airflow.providers.standard.hooks.subprocess.SubprocessHook"}
{"timestamp":"2025-07-13T16:48:16.294285","level":"info","event":"  2550K .......... .......... .......... .......... .......... 17% 11.5M 5s","logger":"airflow.task.hooks.airflow.providers.standard.hooks.subprocess.SubprocessHook"}
{"timestamp":"2025-07-13T16:48:16.367691","level":"info","event":"  2600K .......... .......... .......... .......... .......... 18%  680K 5s","logger":"airflow.task.hooks.airflow.providers.standard.hooks.subprocess.SubprocessHook"}
{"timestamp":"2025-07-13T16:48:16.374177","level":"info","event":"  2650K .......... .......... .......... .......... .......... 18% 7.93M 5s","logger":"airflow.task.hooks.airflow.providers.standard.hooks.subprocess.SubprocessHook"}
{"timestamp":"2025-07-13T16:48:16.376322","level":"info","event":"  2700K .......... .......... .......... .......... .......... 18% 19.5M 5s","logger":"airflow.task.hooks.airflow.providers.standard.hooks.subprocess.SubprocessHook"}
{"timestamp":"2025-07-13T16:48:16.381416","level":"info","event":"  2750K .......... .......... .......... .......... .......... 19% 9.73M 5s","logger":"airflow.task.hooks.airflow.providers.standard.hooks.subprocess.SubprocessHook"}
{"timestamp":"2025-07-13T16:48:16.384744","level":"info","event":"  2800K .......... .......... .......... .......... .......... 19% 14.4M 5s","logger":"airflow.task.hooks.airflow.providers.standard.hooks.subprocess.SubprocessHook"}
{"timestamp":"2025-07-13T16:48:16.388137","level":"info","event":"  2850K .......... .......... .......... .......... .......... 19% 19.9M 5s","logger":"airflow.task.hooks.airflow.providers.standard.hooks.subprocess.SubprocessHook"}
{"timestamp":"2025-07-13T16:48:16.392649","level":"info","event":"  2900K .......... .......... .......... .......... .......... 20% 9.05M 5s","logger":"airflow.task.hooks.airflow.providers.standard.hooks.subprocess.SubprocessHook"}
{"timestamp":"2025-07-13T16:48:16.396084","level":"info","event":"  2950K .......... .......... .......... .......... .......... 20% 15.0M 5s","logger":"airflow.task.hooks.airflow.providers.standard.hooks.subprocess.SubprocessHook"}
{"timestamp":"2025-07-13T16:48:16.398585","level":"info","event":"  3000K .......... .......... .......... .......... .......... 20% 19.5M 4s","logger":"airflow.task.hooks.airflow.providers.standard.hooks.subprocess.SubprocessHook"}
{"timestamp":"2025-07-13T16:48:16.402859","level":"info","event":"  3050K .......... .......... .......... .......... .......... 21% 11.2M 4s","logger":"airflow.task.hooks.airflow.providers.standard.hooks.subprocess.SubprocessHook"}
{"timestamp":"2025-07-13T16:48:16.407707","level":"info","event":"  3100K .......... .......... .......... .......... .......... 21% 9.79M 4s","logger":"airflow.task.hooks.airflow.providers.standard.hooks.subprocess.SubprocessHook"}
{"timestamp":"2025-07-13T16:48:16.410037","level":"info","event":"  3150K .......... .......... .......... .......... .......... 21% 21.0M 4s","logger":"airflow.task.hooks.airflow.providers.standard.hooks.subprocess.SubprocessHook"}
{"timestamp":"2025-07-13T16:48:16.415084","level":"info","event":"  3200K .......... .......... .......... .......... .......... 22% 9.64M 4s","logger":"airflow.task.hooks.airflow.providers.standard.hooks.subprocess.SubprocessHook"}
{"timestamp":"2025-07-13T16:48:16.420630","level":"info","event":"  3250K .......... .......... .......... .......... .......... 22% 9.35M 4s","logger":"airflow.task.hooks.airflow.providers.standard.hooks.subprocess.SubprocessHook"}
{"timestamp":"2025-07-13T16:48:16.421662","level":"info","event":"  3300K .......... .......... .......... .......... .......... 22% 40.9M 4s","logger":"airflow.task.hooks.airflow.providers.standard.hooks.subprocess.SubprocessHook"}
{"timestamp":"2025-07-13T16:48:16.422672","level":"info","event":"  3350K .......... .......... .......... .......... .......... 23% 43.1M 4s","logger":"airflow.task.hooks.airflow.providers.standard.hooks.subprocess.SubprocessHook"}
{"timestamp":"2025-07-13T16:48:16.435510","level":"info","event":"  3400K .......... .......... .......... .......... .......... 23% 3.83M 4s","logger":"airflow.task.hooks.airflow.providers.standard.hooks.subprocess.SubprocessHook"}
{"timestamp":"2025-07-13T16:48:16.441438","level":"info","event":"  3450K .......... .......... .......... .......... .......... 23% 9.02M 4s","logger":"airflow.task.hooks.airflow.providers.standard.hooks.subprocess.SubprocessHook"}
{"timestamp":"2025-07-13T16:48:16.442404","level":"info","event":"  3500K .......... .......... .......... .......... .......... 24%  227M 4s","logger":"airflow.task.hooks.airflow.providers.standard.hooks.subprocess.SubprocessHook"}
{"timestamp":"2025-07-13T16:48:16.448713","level":"info","event":"  3550K .......... .......... .......... .......... .......... 24% 7.10M 4s","logger":"airflow.task.hooks.airflow.providers.standard.hooks.subprocess.SubprocessHook"}
{"timestamp":"2025-07-13T16:48:16.449911","level":"info","event":"  3600K .......... .......... .......... .......... .......... 24% 29.6M 4s","logger":"airflow.task.hooks.airflow.providers.standard.hooks.subprocess.SubprocessHook"}
{"timestamp":"2025-07-13T16:48:16.454445","level":"info","event":"  3650K .......... .......... .......... .......... .......... 25% 10.2M 4s","logger":"airflow.task.hooks.airflow.providers.standard.hooks.subprocess.SubprocessHook"}
{"timestamp":"2025-07-13T16:48:16.454856","level":"info","event":"  3700K .......... .......... .......... .......... .......... 25% 86.2M 4s","logger":"airflow.task.hooks.airflow.providers.standard.hooks.subprocess.SubprocessHook"}
{"timestamp":"2025-07-13T16:48:16.455855","level":"info","event":"  3750K .......... .......... .......... .......... .......... 25%  223M 3s","logger":"airflow.task.hooks.airflow.providers.standard.hooks.subprocess.SubprocessHook"}
{"timestamp":"2025-07-13T16:48:16.456609","level":"info","event":"  3800K .......... .......... .......... .......... .......... 26% 35.3M 3s","logger":"airflow.task.hooks.airflow.providers.standard.hooks.subprocess.SubprocessHook"}
{"timestamp":"2025-07-13T16:48:16.466998","level":"info","event":"  3850K .......... .......... .......... .......... .......... 26% 5.84M 3s","logger":"airflow.task.hooks.airflow.providers.standard.hooks.subprocess.SubprocessHook"}
{"timestamp":"2025-07-13T16:48:16.468214","level":"info","event":"  3900K .......... .......... .......... .......... .......... 26%  283M 3s","logger":"airflow.task.hooks.airflow.providers.standard.hooks.subprocess.SubprocessHook"}
{"timestamp":"2025-07-13T16:48:16.469442","level":"info","event":"  3950K .......... .......... .......... .......... .......... 27% 11.1M 3s","logger":"airflow.task.hooks.airflow.providers.standard.hooks.subprocess.SubprocessHook"}
{"timestamp":"2025-07-13T16:48:16.471619","level":"info","event":"  4000K .......... .......... .......... .......... .......... 27% 28.5M 3s","logger":"airflow.task.hooks.airflow.providers.standard.hooks.subprocess.SubprocessHook"}
{"timestamp":"2025-07-13T16:48:16.474501","level":"info","event":"  4050K .......... .......... .......... .......... .......... 27% 15.3M 3s","logger":"airflow.task.hooks.airflow.providers.standard.hooks.subprocess.SubprocessHook"}
{"timestamp":"2025-07-13T16:48:16.476707","level":"info","event":"  4100K .......... .......... .......... .......... .......... 28% 22.3M 3s","logger":"airflow.task.hooks.airflow.providers.standard.hooks.subprocess.SubprocessHook"}
{"timestamp":"2025-07-13T16:48:16.478418","level":"info","event":"  4150K .......... .......... .......... .......... .......... 28% 26.0M 3s","logger":"airflow.task.hooks.airflow.providers.standard.hooks.subprocess.SubprocessHook"}
{"timestamp":"2025-07-13T16:48:16.481705","level":"info","event":"  4200K .......... .......... .......... .......... .......... 28% 15.1M 3s","logger":"airflow.task.hooks.airflow.providers.standard.hooks.subprocess.SubprocessHook"}
{"timestamp":"2025-07-13T16:48:16.483689","level":"info","event":"  4250K .......... .......... .......... .......... .......... 29% 24.9M 3s","logger":"airflow.task.hooks.airflow.providers.standard.hooks.subprocess.SubprocessHook"}
{"timestamp":"2025-07-13T16:48:16.487776","level":"info","event":"  4300K .......... .......... .......... .......... .......... 29% 12.9M 3s","logger":"airflow.task.hooks.airflow.providers.standard.hooks.subprocess.SubprocessHook"}
{"timestamp":"2025-07-13T16:48:16.490221","level":"info","event":"  4350K .......... .......... .......... .......... .......... 29% 21.1M 3s","logger":"airflow.task.hooks.airflow.providers.standard.hooks.subprocess.SubprocessHook"}
{"timestamp":"2025-07-13T16:48:16.494830","level":"info","event":"  4400K .......... .......... .......... .......... .......... 30% 12.0M 3s","logger":"airflow.task.hooks.airflow.providers.standard.hooks.subprocess.SubprocessHook"}
{"timestamp":"2025-07-13T16:48:16.501014","level":"info","event":"  4450K .......... .......... .......... .......... .......... 30% 13.0M 3s","logger":"airflow.task.hooks.airflow.providers.standard.hooks.subprocess.SubprocessHook"}
{"timestamp":"2025-07-13T16:48:16.501276","level":"info","event":"  4500K .......... .......... .......... .......... .......... 31% 81.9M 3s","logger":"airflow.task.hooks.airflow.providers.standard.hooks.subprocess.SubprocessHook"}
{"timestamp":"2025-07-13T16:48:16.501329","level":"info","event":"  4550K .......... .......... .......... .......... .......... 31% 41.2M 3s","logger":"airflow.task.hooks.airflow.providers.standard.hooks.subprocess.SubprocessHook"}
{"timestamp":"2025-07-13T16:48:16.503364","level":"info","event":"  4600K .......... .......... .......... .......... .......... 31% 13.0M 3s","logger":"airflow.task.hooks.airflow.providers.standard.hooks.subprocess.SubprocessHook"}
{"timestamp":"2025-07-13T16:48:16.511061","level":"info","event":"  4650K .......... .......... .......... .......... .......... 32% 6.65M 3s","logger":"airflow.task.hooks.airflow.providers.standard.hooks.subprocess.SubprocessHook"}
{"timestamp":"2025-07-13T16:48:16.538505","level":"info","event":"  4700K .......... .......... .......... .......... .......... 32% 1.96M 3s","logger":"airflow.task.hooks.airflow.providers.standard.hooks.subprocess.SubprocessHook"}
{"timestamp":"2025-07-13T16:48:16.539464","level":"info","event":"  4750K .......... .......... .......... .......... .......... 32%  175M 3s","logger":"airflow.task.hooks.airflow.providers.standard.hooks.subprocess.SubprocessHook"}
{"timestamp":"2025-07-13T16:48:16.539564","level":"info","event":"  4800K .......... .......... .......... .......... .......... 33%  205M 3s","logger":"airflow.task.hooks.airflow.providers.standard.hooks.subprocess.SubprocessHook"}
{"timestamp":"2025-07-13T16:48:16.539613","level":"info","event":"  4850K .......... .......... .......... .......... .......... 33% 30.2M 3s","logger":"airflow.task.hooks.airflow.providers.standard.hooks.subprocess.SubprocessHook"}
{"timestamp":"2025-07-13T16:48:16.539660","level":"info","event":"  4900K .......... .......... .......... .......... .......... 33%  235M 3s","logger":"airflow.task.hooks.airflow.providers.standard.hooks.subprocess.SubprocessHook"}
{"timestamp":"2025-07-13T16:48:16.539714","level":"info","event":"  4950K .......... .......... .......... .......... .......... 34%  233M 3s","logger":"airflow.task.hooks.airflow.providers.standard.hooks.subprocess.SubprocessHook"}
{"timestamp":"2025-07-13T16:48:16.539762","level":"info","event":"  5000K .......... .......... .......... .......... .......... 34%  216M 2s","logger":"airflow.task.hooks.airflow.providers.standard.hooks.subprocess.SubprocessHook"}
{"timestamp":"2025-07-13T16:48:16.539817","level":"info","event":"  5050K .......... .......... .......... .......... .......... 34%  258M 2s","logger":"airflow.task.hooks.airflow.providers.standard.hooks.subprocess.SubprocessHook"}
{"timestamp":"2025-07-13T16:48:16.542119","level":"info","event":"  5100K .......... .......... .......... .......... .......... 35% 15.8M 2s","logger":"airflow.task.hooks.airflow.providers.standard.hooks.subprocess.SubprocessHook"}
{"timestamp":"2025-07-13T16:48:16.542227","level":"info","event":"  5150K .......... .......... .......... .......... .......... 35%  197M 2s","logger":"airflow.task.hooks.airflow.providers.standard.hooks.subprocess.SubprocessHook"}
{"timestamp":"2025-07-13T16:48:16.554760","level":"info","event":"  5200K .......... .......... .......... .......... .......... 35% 5.23M 2s","logger":"airflow.task.hooks.airflow.providers.standard.hooks.subprocess.SubprocessHook"}
{"timestamp":"2025-07-13T16:48:16.605730","level":"info","event":"  5250K .......... .......... .......... .......... .......... 36%  993K 2s","logger":"airflow.task.hooks.airflow.providers.standard.hooks.subprocess.SubprocessHook"}
{"timestamp":"2025-07-13T16:48:16.622188","level":"info","event":"  5300K .......... .......... .......... .......... .......... 36% 3.15M 2s","logger":"airflow.task.hooks.airflow.providers.standard.hooks.subprocess.SubprocessHook"}
{"timestamp":"2025-07-13T16:48:16.622396","level":"info","event":"  5350K .......... .......... .......... .......... .......... 36% 18.2M 2s","logger":"airflow.task.hooks.airflow.providers.standard.hooks.subprocess.SubprocessHook"}
{"timestamp":"2025-07-13T16:48:16.622464","level":"info","event":"  5400K .......... .......... .......... .......... .......... 37%  124M 2s","logger":"airflow.task.hooks.airflow.providers.standard.hooks.subprocess.SubprocessHook"}
{"timestamp":"2025-07-13T16:48:16.622519","level":"info","event":"  5450K .......... .......... .......... .......... .......... 37% 36.7M 2s","logger":"airflow.task.hooks.airflow.providers.standard.hooks.subprocess.SubprocessHook"}
{"timestamp":"2025-07-13T16:48:16.622564","level":"info","event":"  5500K .......... .......... .......... .......... .......... 37%  183M 2s","logger":"airflow.task.hooks.airflow.providers.standard.hooks.subprocess.SubprocessHook"}
{"timestamp":"2025-07-13T16:48:16.646425","level":"info","event":"  5550K .......... .......... .......... .......... .......... 38% 12.1M 2s","logger":"airflow.task.hooks.airflow.providers.standard.hooks.subprocess.SubprocessHook"}
{"timestamp":"2025-07-13T16:48:16.647037","level":"info","event":"  5600K .......... .......... .......... .......... .......... 38% 49.1M 2s","logger":"airflow.task.hooks.airflow.providers.standard.hooks.subprocess.SubprocessHook"}
{"timestamp":"2025-07-13T16:48:16.647170","level":"info","event":"  5650K .......... .......... .......... .......... .......... 38% 26.0M 2s","logger":"airflow.task.hooks.airflow.providers.standard.hooks.subprocess.SubprocessHook"}
{"timestamp":"2025-07-13T16:48:16.647307","level":"info","event":"  5700K .......... .......... .......... .......... .......... 39% 65.4M 2s","logger":"airflow.task.hooks.airflow.providers.standard.hooks.subprocess.SubprocessHook"}
{"timestamp":"2025-07-13T16:48:16.652213","level":"info","event":"  5750K .......... .......... .......... .......... .......... 39% 2.21M 2s","logger":"airflow.task.hooks.airflow.providers.standard.hooks.subprocess.SubprocessHook"}
{"timestamp":"2025-07-13T16:48:16.665501","level":"info","event":"  5800K .......... .......... .......... .......... .......... 39% 3.71M 2s","logger":"airflow.task.hooks.airflow.providers.standard.hooks.subprocess.SubprocessHook"}
{"timestamp":"2025-07-13T16:48:16.711400","level":"info","event":"  5850K .......... .......... .......... .......... .......... 40% 1.10M 2s","logger":"airflow.task.hooks.airflow.providers.standard.hooks.subprocess.SubprocessHook"}
{"timestamp":"2025-07-13T16:48:16.711499","level":"info","event":"  5900K .......... .......... .......... .......... .......... 40%  102M 2s","logger":"airflow.task.hooks.airflow.providers.standard.hooks.subprocess.SubprocessHook"}
{"timestamp":"2025-07-13T16:48:16.711550","level":"info","event":"  5950K .......... .......... .......... .......... .......... 40%  193M 2s","logger":"airflow.task.hooks.airflow.providers.standard.hooks.subprocess.SubprocessHook"}
{"timestamp":"2025-07-13T16:48:16.711579","level":"info","event":"  6000K .......... .......... .......... .......... .......... 41% 36.9M 2s","logger":"airflow.task.hooks.airflow.providers.standard.hooks.subprocess.SubprocessHook"}
{"timestamp":"2025-07-13T16:48:16.711598","level":"info","event":"  6050K .......... .......... .......... .......... .......... 41% 79.9M 2s","logger":"airflow.task.hooks.airflow.providers.standard.hooks.subprocess.SubprocessHook"}
{"timestamp":"2025-07-13T16:48:16.725507","level":"info","event":"  6100K .......... .......... .......... .......... .......... 41% 3.56M 2s","logger":"airflow.task.hooks.airflow.providers.standard.hooks.subprocess.SubprocessHook"}
{"timestamp":"2025-07-13T16:48:16.727892","level":"info","event":"  6150K .......... .......... .......... .......... .......... 42% 18.4M 2s","logger":"airflow.task.hooks.airflow.providers.standard.hooks.subprocess.SubprocessHook"}
{"timestamp":"2025-07-13T16:48:16.779826","level":"info","event":"  6200K .......... .......... .......... .......... .......... 42% 1.06M 2s","logger":"airflow.task.hooks.airflow.providers.standard.hooks.subprocess.SubprocessHook"}
{"timestamp":"2025-07-13T16:48:16.781092","level":"info","event":"  6250K .......... .......... .......... .......... .......... 42% 7.60M 2s","logger":"airflow.task.hooks.airflow.providers.standard.hooks.subprocess.SubprocessHook"}
{"timestamp":"2025-07-13T16:48:16.782627","level":"info","event":"  6300K .......... .......... .......... .......... .......... 43% 29.0M 2s","logger":"airflow.task.hooks.airflow.providers.standard.hooks.subprocess.SubprocessHook"}
{"timestamp":"2025-07-13T16:48:16.782683","level":"info","event":"  6350K .......... .......... .......... .......... .......... 43%  143M 2s","logger":"airflow.task.hooks.airflow.providers.standard.hooks.subprocess.SubprocessHook"}
{"timestamp":"2025-07-13T16:48:16.782708","level":"info","event":"  6400K .......... .......... .......... .......... .......... 43%  184M 2s","logger":"airflow.task.hooks.airflow.providers.standard.hooks.subprocess.SubprocessHook"}
{"timestamp":"2025-07-13T16:48:16.954864","level":"info","event":"  6450K .......... .......... .......... .......... .......... 44%  291K 2s","logger":"airflow.task.hooks.airflow.providers.standard.hooks.subprocess.SubprocessHook"}
{"timestamp":"2025-07-13T16:48:17.024208","level":"info","event":"  6500K .......... .......... .......... .......... .......... 44%  718K 2s","logger":"airflow.task.hooks.airflow.providers.standard.hooks.subprocess.SubprocessHook"}
{"timestamp":"2025-07-13T16:48:17.050331","level":"info","event":"  6550K .......... .......... .......... .......... .......... 44% 1.86M 2s","logger":"airflow.task.hooks.airflow.providers.standard.hooks.subprocess.SubprocessHook"}
{"timestamp":"2025-07-13T16:48:17.087963","level":"info","event":"  6600K .......... .......... .......... .......... .......... 45% 1.32M 2s","logger":"airflow.task.hooks.airflow.providers.standard.hooks.subprocess.SubprocessHook"}
{"timestamp":"2025-07-13T16:48:17.123246","level":"info","event":"  6650K .......... .......... .......... .......... .......... 45% 1.38M 2s","logger":"airflow.task.hooks.airflow.providers.standard.hooks.subprocess.SubprocessHook"}
{"timestamp":"2025-07-13T16:48:17.151177","level":"info","event":"  6700K .......... .......... .......... .......... .......... 46% 1.74M 2s","logger":"airflow.task.hooks.airflow.providers.standard.hooks.subprocess.SubprocessHook"}
{"timestamp":"2025-07-13T16:48:17.163145","level":"info","event":"  6750K .......... .......... .......... .......... .......... 46% 4.00M 2s","logger":"airflow.task.hooks.airflow.providers.standard.hooks.subprocess.SubprocessHook"}
{"timestamp":"2025-07-13T16:48:17.192390","level":"info","event":"  6800K .......... .......... .......... .......... .......... 46% 1.67M 2s","logger":"airflow.task.hooks.airflow.providers.standard.hooks.subprocess.SubprocessHook"}
{"timestamp":"2025-07-13T16:48:17.216783","level":"info","event":"  6850K .......... .......... .......... .......... .......... 47% 2.01M 2s","logger":"airflow.task.hooks.airflow.providers.standard.hooks.subprocess.SubprocessHook"}
{"timestamp":"2025-07-13T16:48:17.238643","level":"info","event":"  6900K .......... .......... .......... .......... .......... 47% 2.22M 2s","logger":"airflow.task.hooks.airflow.providers.standard.hooks.subprocess.SubprocessHook"}
{"timestamp":"2025-07-13T16:48:17.330287","level":"info","event":"  6950K .......... .......... .......... .......... .......... 47%  545K 2s","logger":"airflow.task.hooks.airflow.providers.standard.hooks.subprocess.SubprocessHook"}
{"timestamp":"2025-07-13T16:48:17.393178","level":"info","event":"  7000K .......... .......... .......... .......... .......... 48%  798K 2s","logger":"airflow.task.hooks.airflow.providers.standard.hooks.subprocess.SubprocessHook"}
{"timestamp":"2025-07-13T16:48:17.416423","level":"info","event":"  7050K .......... .......... .......... .......... .......... 48% 2.10M 2s","logger":"airflow.task.hooks.airflow.providers.standard.hooks.subprocess.SubprocessHook"}
{"timestamp":"2025-07-13T16:48:17.441767","level":"info","event":"  7100K .......... .......... .......... .......... .......... 48% 1.90M 2s","logger":"airflow.task.hooks.airflow.providers.standard.hooks.subprocess.SubprocessHook"}
{"timestamp":"2025-07-13T16:48:17.468748","level":"info","event":"  7150K .......... .......... .......... .......... .......... 49% 1.81M 2s","logger":"airflow.task.hooks.airflow.providers.standard.hooks.subprocess.SubprocessHook"}
{"timestamp":"2025-07-13T16:48:17.571186","level":"info","event":"  7200K .......... .......... .......... .......... .......... 49%  490K 2s","logger":"airflow.task.hooks.airflow.providers.standard.hooks.subprocess.SubprocessHook"}
{"timestamp":"2025-07-13T16:48:17.892509","level":"info","event":"  7250K .......... .......... .......... .......... .......... 49%  170K 3s","logger":"airflow.task.hooks.airflow.providers.standard.hooks.subprocess.SubprocessHook"}
{"timestamp":"2025-07-13T16:48:17.933175","level":"info","event":"  7300K .......... .......... .......... .......... .......... 50%  757K 3s","logger":"airflow.task.hooks.airflow.providers.standard.hooks.subprocess.SubprocessHook"}
{"timestamp":"2025-07-13T16:48:18.050313","level":"info","event":"  7350K .......... .......... .......... .......... .......... 50%  417K 3s","logger":"airflow.task.hooks.airflow.providers.standard.hooks.subprocess.SubprocessHook"}
{"timestamp":"2025-07-13T16:48:18.100134","level":"info","event":"  7400K .......... .......... .......... .......... .......... 50% 1007K 3s","logger":"airflow.task.hooks.airflow.providers.standard.hooks.subprocess.SubprocessHook"}
{"timestamp":"2025-07-13T16:48:18.114631","level":"info","event":"  7450K .......... .......... .......... .......... .......... 51% 3.35M 3s","logger":"airflow.task.hooks.airflow.providers.standard.hooks.subprocess.SubprocessHook"}
{"timestamp":"2025-07-13T16:48:18.129218","level":"info","event":"  7500K .......... .......... .......... .......... .......... 51% 3.70M 3s","logger":"airflow.task.hooks.airflow.providers.standard.hooks.subprocess.SubprocessHook"}
{"timestamp":"2025-07-13T16:48:18.130010","level":"info","event":"  7550K .......... .......... .......... .......... .......... 51%  172M 3s","logger":"airflow.task.hooks.airflow.providers.standard.hooks.subprocess.SubprocessHook"}
{"timestamp":"2025-07-13T16:48:18.171641","level":"info","event":"  7600K .......... .......... .......... .......... .......... 52% 1.13M 3s","logger":"airflow.task.hooks.airflow.providers.standard.hooks.subprocess.SubprocessHook"}
{"timestamp":"2025-07-13T16:48:18.171957","level":"info","event":"  7650K .......... .......... .......... .......... .......... 52%  205M 3s","logger":"airflow.task.hooks.airflow.providers.standard.hooks.subprocess.SubprocessHook"}
{"timestamp":"2025-07-13T16:48:18.173790","level":"info","event":"  7700K .......... .......... .......... .......... .......... 52% 29.7M 3s","logger":"airflow.task.hooks.airflow.providers.standard.hooks.subprocess.SubprocessHook"}
{"timestamp":"2025-07-13T16:48:18.173894","level":"info","event":"  7750K .......... .......... .......... .......... .......... 53%  181M 3s","logger":"airflow.task.hooks.airflow.providers.standard.hooks.subprocess.SubprocessHook"}
{"timestamp":"2025-07-13T16:48:18.173930","level":"info","event":"  7800K .......... .......... .......... .......... .......... 53%  175M 3s","logger":"airflow.task.hooks.airflow.providers.standard.hooks.subprocess.SubprocessHook"}
{"timestamp":"2025-07-13T16:48:18.173967","level":"info","event":"  7850K .......... .......... .......... .......... .......... 53%  178M 3s","logger":"airflow.task.hooks.airflow.providers.standard.hooks.subprocess.SubprocessHook"}
{"timestamp":"2025-07-13T16:48:18.215370","level":"info","event":"  7900K .......... .......... .......... .......... .......... 54% 1.19M 3s","logger":"airflow.task.hooks.airflow.providers.standard.hooks.subprocess.SubprocessHook"}
{"timestamp":"2025-07-13T16:48:18.223119","level":"info","event":"  7950K .......... .......... .......... .......... .......... 54% 6.74M 2s","logger":"airflow.task.hooks.airflow.providers.standard.hooks.subprocess.SubprocessHook"}
{"timestamp":"2025-07-13T16:48:18.224621","level":"info","event":"  8000K .......... .......... .......... .......... .......... 54% 26.7M 2s","logger":"airflow.task.hooks.airflow.providers.standard.hooks.subprocess.SubprocessHook"}
{"timestamp":"2025-07-13T16:48:18.225001","level":"info","event":"  8050K .......... .......... .......... .......... .......... 55% 75.7M 2s","logger":"airflow.task.hooks.airflow.providers.standard.hooks.subprocess.SubprocessHook"}
{"timestamp":"2025-07-13T16:48:18.225686","level":"info","event":"  8100K .......... .......... .......... .......... .......... 55% 64.8M 2s","logger":"airflow.task.hooks.airflow.providers.standard.hooks.subprocess.SubprocessHook"}
{"timestamp":"2025-07-13T16:48:18.225917","level":"info","event":"  8150K .......... .......... .......... .......... .......... 55%  107M 2s","logger":"airflow.task.hooks.airflow.providers.standard.hooks.subprocess.SubprocessHook"}
{"timestamp":"2025-07-13T16:48:18.226386","level":"info","event":"  8200K .......... .......... .......... .......... .......... 56%  200M 2s","logger":"airflow.task.hooks.airflow.providers.standard.hooks.subprocess.SubprocessHook"}
{"timestamp":"2025-07-13T16:48:18.226779","level":"info","event":"  8250K .......... .......... .......... .......... .......... 56% 95.8M 2s","logger":"airflow.task.hooks.airflow.providers.standard.hooks.subprocess.SubprocessHook"}
{"timestamp":"2025-07-13T16:48:18.226848","level":"info","event":"  8300K .......... .......... .......... .......... .......... 56%  201M 2s","logger":"airflow.task.hooks.airflow.providers.standard.hooks.subprocess.SubprocessHook"}
{"timestamp":"2025-07-13T16:48:18.226911","level":"info","event":"  8350K .......... .......... .......... .......... .......... 57%  219M 2s","logger":"airflow.task.hooks.airflow.providers.standard.hooks.subprocess.SubprocessHook"}
{"timestamp":"2025-07-13T16:48:18.227976","level":"info","event":"  8400K .......... .......... .......... .......... .......... 57% 94.8M 2s","logger":"airflow.task.hooks.airflow.providers.standard.hooks.subprocess.SubprocessHook"}
{"timestamp":"2025-07-13T16:48:18.228076","level":"info","event":"  8450K .......... .......... .......... .......... .......... 57%  191M 2s","logger":"airflow.task.hooks.airflow.providers.standard.hooks.subprocess.SubprocessHook"}
{"timestamp":"2025-07-13T16:48:18.231617","level":"info","event":"  8500K .......... .......... .......... .......... .......... 58% 36.3M 2s","logger":"airflow.task.hooks.airflow.providers.standard.hooks.subprocess.SubprocessHook"}
{"timestamp":"2025-07-13T16:48:18.231762","level":"info","event":"  8550K .......... .......... .......... .......... .......... 58% 69.1M 2s","logger":"airflow.task.hooks.airflow.providers.standard.hooks.subprocess.SubprocessHook"}
{"timestamp":"2025-07-13T16:48:18.231812","level":"info","event":"  8600K .......... .......... .......... .......... .......... 58%  208M 2s","logger":"airflow.task.hooks.airflow.providers.standard.hooks.subprocess.SubprocessHook"}
{"timestamp":"2025-07-13T16:48:18.231858","level":"info","event":"  8650K .......... .......... .......... .......... .......... 59%  198M 2s","logger":"airflow.task.hooks.airflow.providers.standard.hooks.subprocess.SubprocessHook"}
{"timestamp":"2025-07-13T16:48:18.232696","level":"info","event":"  8700K .......... .......... .......... .......... .......... 59% 24.9M 2s","logger":"airflow.task.hooks.airflow.providers.standard.hooks.subprocess.SubprocessHook"}
{"timestamp":"2025-07-13T16:48:18.232747","level":"info","event":"  8750K .......... .......... .......... .......... .......... 59%  195M 2s","logger":"airflow.task.hooks.airflow.providers.standard.hooks.subprocess.SubprocessHook"}
{"timestamp":"2025-07-13T16:48:18.233304","level":"info","event":"  8800K .......... .......... .......... .......... .......... 60% 78.5M 2s","logger":"airflow.task.hooks.airflow.providers.standard.hooks.subprocess.SubprocessHook"}
{"timestamp":"2025-07-13T16:48:18.233835","level":"info","event":"  8850K .......... .......... .......... .......... .......... 60%  181M 2s","logger":"airflow.task.hooks.airflow.providers.standard.hooks.subprocess.SubprocessHook"}
{"timestamp":"2025-07-13T16:48:18.233868","level":"info","event":"  8900K .......... .......... .......... .......... .......... 61%  151M 2s","logger":"airflow.task.hooks.airflow.providers.standard.hooks.subprocess.SubprocessHook"}
{"timestamp":"2025-07-13T16:48:18.233887","level":"info","event":"  8950K .......... .......... .......... .......... .......... 61%  170M 2s","logger":"airflow.task.hooks.airflow.providers.standard.hooks.subprocess.SubprocessHook"}
{"timestamp":"2025-07-13T16:48:18.235037","level":"info","event":"  9000K .......... .......... .......... .......... .......... 61% 66.3M 2s","logger":"airflow.task.hooks.airflow.providers.standard.hooks.subprocess.SubprocessHook"}
{"timestamp":"2025-07-13T16:48:18.237922","level":"info","event":"  9050K .......... .......... .......... .......... .......... 62% 31.5M 2s","logger":"airflow.task.hooks.airflow.providers.standard.hooks.subprocess.SubprocessHook"}
{"timestamp":"2025-07-13T16:48:18.238054","level":"info","event":"  9100K .......... .......... .......... .......... .......... 62%  123M 2s","logger":"airflow.task.hooks.airflow.providers.standard.hooks.subprocess.SubprocessHook"}
{"timestamp":"2025-07-13T16:48:18.238088","level":"info","event":"  9150K .......... .......... .......... .......... .......... 62% 86.5M 2s","logger":"airflow.task.hooks.airflow.providers.standard.hooks.subprocess.SubprocessHook"}
{"timestamp":"2025-07-13T16:48:18.238111","level":"info","event":"  9200K .......... .......... .......... .......... .......... 63%  117M 2s","logger":"airflow.task.hooks.airflow.providers.standard.hooks.subprocess.SubprocessHook"}
{"timestamp":"2025-07-13T16:48:18.241989","level":"info","event":"  9250K .......... .......... .......... .......... .......... 63% 34.6M 2s","logger":"airflow.task.hooks.airflow.providers.standard.hooks.subprocess.SubprocessHook"}
{"timestamp":"2025-07-13T16:48:18.242102","level":"info","event":"  9300K .......... .......... .......... .......... .......... 63%  203M 2s","logger":"airflow.task.hooks.airflow.providers.standard.hooks.subprocess.SubprocessHook"}
{"timestamp":"2025-07-13T16:48:18.242156","level":"info","event":"  9350K .......... .......... .......... .......... .......... 64%  269M 2s","logger":"airflow.task.hooks.airflow.providers.standard.hooks.subprocess.SubprocessHook"}
{"timestamp":"2025-07-13T16:48:18.242183","level":"info","event":"  9400K .......... .......... .......... .......... .......... 64% 62.7M 2s","logger":"airflow.task.hooks.airflow.providers.standard.hooks.subprocess.SubprocessHook"}
{"timestamp":"2025-07-13T16:48:18.242203","level":"info","event":"  9450K .......... .......... .......... .......... .......... 64% 40.4M 2s","logger":"airflow.task.hooks.airflow.providers.standard.hooks.subprocess.SubprocessHook"}
{"timestamp":"2025-07-13T16:48:18.242223","level":"info","event":"  9500K .......... .......... .......... .......... .......... 65% 54.7M 2s","logger":"airflow.task.hooks.airflow.providers.standard.hooks.subprocess.SubprocessHook"}
{"timestamp":"2025-07-13T16:48:18.242417","level":"info","event":"  9550K .......... .......... .......... .......... .......... 65%  205M 2s","logger":"airflow.task.hooks.airflow.providers.standard.hooks.subprocess.SubprocessHook"}
{"timestamp":"2025-07-13T16:48:18.243564","level":"info","event":"  9600K .......... .......... .......... .......... .......... 65% 61.0M 2s","logger":"airflow.task.hooks.airflow.providers.standard.hooks.subprocess.SubprocessHook"}
{"timestamp":"2025-07-13T16:48:18.249499","level":"info","event":"  9650K .......... .......... .......... .......... .......... 66% 23.0M 2s","logger":"airflow.task.hooks.airflow.providers.standard.hooks.subprocess.SubprocessHook"}
{"timestamp":"2025-07-13T16:48:18.252797","level":"info","event":"  9700K .......... .......... .......... .......... .......... 66% 7.12M 2s","logger":"airflow.task.hooks.airflow.providers.standard.hooks.subprocess.SubprocessHook"}
{"timestamp":"2025-07-13T16:48:18.252885","level":"info","event":"  9750K .......... .......... .......... .......... .......... 66%  104M 1s","logger":"airflow.task.hooks.airflow.providers.standard.hooks.subprocess.SubprocessHook"}
{"timestamp":"2025-07-13T16:48:18.254927","level":"info","event":"  9800K .......... .......... .......... .......... .......... 67%  206M 1s","logger":"airflow.task.hooks.airflow.providers.standard.hooks.subprocess.SubprocessHook"}
{"timestamp":"2025-07-13T16:48:18.262717","level":"info","event":"  9850K .......... .......... .......... .......... .......... 67% 7.96M 1s","logger":"airflow.task.hooks.airflow.providers.standard.hooks.subprocess.SubprocessHook"}
{"timestamp":"2025-07-13T16:48:18.262814","level":"info","event":"  9900K .......... .......... .......... .......... .......... 67% 21.4M 1s","logger":"airflow.task.hooks.airflow.providers.standard.hooks.subprocess.SubprocessHook"}
{"timestamp":"2025-07-13T16:48:18.262858","level":"info","event":"  9950K .......... .......... .......... .......... .......... 68%  134M 1s","logger":"airflow.task.hooks.airflow.providers.standard.hooks.subprocess.SubprocessHook"}
{"timestamp":"2025-07-13T16:48:18.262884","level":"info","event":" 10000K .......... .......... .......... .......... .......... 68%  192M 1s","logger":"airflow.task.hooks.airflow.providers.standard.hooks.subprocess.SubprocessHook"}
{"timestamp":"2025-07-13T16:48:18.262912","level":"info","event":" 10050K .......... .......... .......... .......... .......... 68%  108M 1s","logger":"airflow.task.hooks.airflow.providers.standard.hooks.subprocess.SubprocessHook"}
{"timestamp":"2025-07-13T16:48:18.268432","level":"info","event":" 10100K .......... .......... .......... .......... .......... 69% 29.3M 1s","logger":"airflow.task.hooks.airflow.providers.standard.hooks.subprocess.SubprocessHook"}
{"timestamp":"2025-07-13T16:48:18.268650","level":"info","event":" 10150K .......... .......... .......... .......... .......... 69%  217M 1s","logger":"airflow.task.hooks.airflow.providers.standard.hooks.subprocess.SubprocessHook"}
{"timestamp":"2025-07-13T16:48:18.268747","level":"info","event":" 10200K .......... .......... .......... .......... .......... 69% 93.0M 1s","logger":"airflow.task.hooks.airflow.providers.standard.hooks.subprocess.SubprocessHook"}
{"timestamp":"2025-07-13T16:48:18.268803","level":"info","event":" 10250K .......... .......... .......... .......... .......... 70%  221M 1s","logger":"airflow.task.hooks.airflow.providers.standard.hooks.subprocess.SubprocessHook"}
{"timestamp":"2025-07-13T16:48:18.268839","level":"info","event":" 10300K .......... .......... .......... .......... .......... 70%  110M 1s","logger":"airflow.task.hooks.airflow.providers.standard.hooks.subprocess.SubprocessHook"}
{"timestamp":"2025-07-13T16:48:18.268859","level":"info","event":" 10350K .......... .......... .......... .......... .......... 70%  187M 1s","logger":"airflow.task.hooks.airflow.providers.standard.hooks.subprocess.SubprocessHook"}
{"timestamp":"2025-07-13T16:48:18.269264","level":"info","event":" 10400K .......... .......... .......... .......... .......... 71%  237M 1s","logger":"airflow.task.hooks.airflow.providers.standard.hooks.subprocess.SubprocessHook"}
{"timestamp":"2025-07-13T16:48:18.269637","level":"info","event":" 10450K .......... .......... .......... .......... .......... 71% 39.5M 1s","logger":"airflow.task.hooks.airflow.providers.standard.hooks.subprocess.SubprocessHook"}
{"timestamp":"2025-07-13T16:48:18.270405","level":"info","event":" 10500K .......... .......... .......... .......... .......... 71% 17.3M 1s","logger":"airflow.task.hooks.airflow.providers.standard.hooks.subprocess.SubprocessHook"}
{"timestamp":"2025-07-13T16:48:18.270465","level":"info","event":" 10550K .......... .......... .......... .......... .......... 72%  208M 1s","logger":"airflow.task.hooks.airflow.providers.standard.hooks.subprocess.SubprocessHook"}
{"timestamp":"2025-07-13T16:48:18.273519","level":"info","event":" 10600K .......... .......... .......... .......... .......... 72% 32.9M 1s","logger":"airflow.task.hooks.airflow.providers.standard.hooks.subprocess.SubprocessHook"}
{"timestamp":"2025-07-13T16:48:18.273635","level":"info","event":" 10650K .......... .......... .......... .......... .......... 72%  167M 1s","logger":"airflow.task.hooks.airflow.providers.standard.hooks.subprocess.SubprocessHook"}
{"timestamp":"2025-07-13T16:48:18.273668","level":"info","event":" 10700K .......... .......... .......... .......... .......... 73%  229M 1s","logger":"airflow.task.hooks.airflow.providers.standard.hooks.subprocess.SubprocessHook"}
{"timestamp":"2025-07-13T16:48:18.273691","level":"info","event":" 10750K .......... .......... .......... .......... .......... 73%  172M 1s","logger":"airflow.task.hooks.airflow.providers.standard.hooks.subprocess.SubprocessHook"}
{"timestamp":"2025-07-13T16:48:18.273711","level":"info","event":" 10800K .......... .......... .......... .......... .......... 73% 55.9M 1s","logger":"airflow.task.hooks.airflow.providers.standard.hooks.subprocess.SubprocessHook"}
{"timestamp":"2025-07-13T16:48:18.275868","level":"info","event":" 10850K .......... .......... .......... .......... .......... 74% 76.2M 1s","logger":"airflow.task.hooks.airflow.providers.standard.hooks.subprocess.SubprocessHook"}
{"timestamp":"2025-07-13T16:48:18.275979","level":"info","event":" 10900K .......... .......... .......... .......... .......... 74% 53.9M 1s","logger":"airflow.task.hooks.airflow.providers.standard.hooks.subprocess.SubprocessHook"}
{"timestamp":"2025-07-13T16:48:18.276006","level":"info","event":" 10950K .......... .......... .......... .......... .......... 74% 95.1M 1s","logger":"airflow.task.hooks.airflow.providers.standard.hooks.subprocess.SubprocessHook"}
{"timestamp":"2025-07-13T16:48:18.277199","level":"info","event":" 11000K .......... .......... .......... .......... .......... 75%  106M 1s","logger":"airflow.task.hooks.airflow.providers.standard.hooks.subprocess.SubprocessHook"}
{"timestamp":"2025-07-13T16:48:18.277320","level":"info","event":" 11050K .......... .......... .......... .......... .......... 75%  125M 1s","logger":"airflow.task.hooks.airflow.providers.standard.hooks.subprocess.SubprocessHook"}
{"timestamp":"2025-07-13T16:48:18.277343","level":"info","event":" 11100K .......... .......... .......... .......... .......... 76%  191M 1s","logger":"airflow.task.hooks.airflow.providers.standard.hooks.subprocess.SubprocessHook"}
{"timestamp":"2025-07-13T16:48:18.277395","level":"info","event":" 11150K .......... .......... .......... .......... .......... 76%  207M 1s","logger":"airflow.task.hooks.airflow.providers.standard.hooks.subprocess.SubprocessHook"}
{"timestamp":"2025-07-13T16:48:18.277414","level":"info","event":" 11200K .......... .......... .......... .......... .......... 76%  195M 1s","logger":"airflow.task.hooks.airflow.providers.standard.hooks.subprocess.SubprocessHook"}
{"timestamp":"2025-07-13T16:48:18.278950","level":"info","event":" 11250K .......... .......... .......... .......... .......... 77% 32.4M 1s","logger":"airflow.task.hooks.airflow.providers.standard.hooks.subprocess.SubprocessHook"}
{"timestamp":"2025-07-13T16:48:18.279489","level":"info","event":" 11300K .......... .......... .......... .......... .......... 77%  195M 1s","logger":"airflow.task.hooks.airflow.providers.standard.hooks.subprocess.SubprocessHook"}
{"timestamp":"2025-07-13T16:48:18.279547","level":"info","event":" 11350K .......... .......... .......... .......... .......... 77%  148M 1s","logger":"airflow.task.hooks.airflow.providers.standard.hooks.subprocess.SubprocessHook"}
{"timestamp":"2025-07-13T16:48:18.279572","level":"info","event":" 11400K .......... .......... .......... .......... .......... 78%  256M 1s","logger":"airflow.task.hooks.airflow.providers.standard.hooks.subprocess.SubprocessHook"}
{"timestamp":"2025-07-13T16:48:18.279593","level":"info","event":" 11450K .......... .......... .......... .......... .......... 78%  229M 1s","logger":"airflow.task.hooks.airflow.providers.standard.hooks.subprocess.SubprocessHook"}
{"timestamp":"2025-07-13T16:48:18.280799","level":"info","event":" 11500K .......... .......... .......... .......... .......... 78% 85.2M 1s","logger":"airflow.task.hooks.airflow.providers.standard.hooks.subprocess.SubprocessHook"}
{"timestamp":"2025-07-13T16:48:18.280917","level":"info","event":" 11550K .......... .......... .......... .......... .......... 79% 59.5M 1s","logger":"airflow.task.hooks.airflow.providers.standard.hooks.subprocess.SubprocessHook"}
{"timestamp":"2025-07-13T16:48:18.281595","level":"info","event":" 11600K .......... .......... .......... .......... .......... 79%  106M 1s","logger":"airflow.task.hooks.airflow.providers.standard.hooks.subprocess.SubprocessHook"}
{"timestamp":"2025-07-13T16:48:18.281820","level":"info","event":" 11650K .......... .......... .......... .......... .......... 79%  108M 1s","logger":"airflow.task.hooks.airflow.providers.standard.hooks.subprocess.SubprocessHook"}
{"timestamp":"2025-07-13T16:48:18.282096","level":"info","event":" 11700K .......... .......... .......... .......... .......... 80%  218M 1s","logger":"airflow.task.hooks.airflow.providers.standard.hooks.subprocess.SubprocessHook"}
{"timestamp":"2025-07-13T16:48:18.283622","level":"info","event":" 11750K .......... .......... .......... .......... .......... 80% 31.2M 1s","logger":"airflow.task.hooks.airflow.providers.standard.hooks.subprocess.SubprocessHook"}
{"timestamp":"2025-07-13T16:48:18.284296","level":"info","event":" 11800K .......... .......... .......... .......... .......... 80%  145M 1s","logger":"airflow.task.hooks.airflow.providers.standard.hooks.subprocess.SubprocessHook"}
{"timestamp":"2025-07-13T16:48:18.286198","level":"info","event":" 11850K .......... .......... .......... .......... .......... 81% 25.9M 1s","logger":"airflow.task.hooks.airflow.providers.standard.hooks.subprocess.SubprocessHook"}
{"timestamp":"2025-07-13T16:48:18.289241","level":"info","event":" 11900K .......... .......... .......... .......... .......... 81% 16.1M 1s","logger":"airflow.task.hooks.airflow.providers.standard.hooks.subprocess.SubprocessHook"}
{"timestamp":"2025-07-13T16:48:18.290873","level":"info","event":" 11950K .......... .......... .......... .......... .......... 81% 27.4M 1s","logger":"airflow.task.hooks.airflow.providers.standard.hooks.subprocess.SubprocessHook"}
{"timestamp":"2025-07-13T16:48:18.291648","level":"info","event":" 12000K .......... .......... .......... .......... .......... 82% 85.4M 1s","logger":"airflow.task.hooks.airflow.providers.standard.hooks.subprocess.SubprocessHook"}
{"timestamp":"2025-07-13T16:48:18.291728","level":"info","event":" 12050K .......... .......... .......... .......... .......... 82%  150M 1s","logger":"airflow.task.hooks.airflow.providers.standard.hooks.subprocess.SubprocessHook"}
{"timestamp":"2025-07-13T16:48:18.292043","level":"info","event":" 12100K .......... .......... .......... .......... .......... 82%  233M 1s","logger":"airflow.task.hooks.airflow.providers.standard.hooks.subprocess.SubprocessHook"}
{"timestamp":"2025-07-13T16:48:18.292178","level":"info","event":" 12150K .......... .......... .......... .......... .......... 83%  225M 1s","logger":"airflow.task.hooks.airflow.providers.standard.hooks.subprocess.SubprocessHook"}
{"timestamp":"2025-07-13T16:48:18.293077","level":"info","event":" 12200K .......... .......... .......... .......... .......... 83% 49.2M 1s","logger":"airflow.task.hooks.airflow.providers.standard.hooks.subprocess.SubprocessHook"}
{"timestamp":"2025-07-13T16:48:18.293182","level":"info","event":" 12250K .......... .......... .......... .......... .......... 83%  217M 1s","logger":"airflow.task.hooks.airflow.providers.standard.hooks.subprocess.SubprocessHook"}
{"timestamp":"2025-07-13T16:48:18.295717","level":"info","event":" 12300K .......... .......... .......... .......... .......... 84% 19.7M 1s","logger":"airflow.task.hooks.airflow.providers.standard.hooks.subprocess.SubprocessHook"}
{"timestamp":"2025-07-13T16:48:18.296013","level":"info","event":" 12350K .......... .......... .......... .......... .......... 84%  141M 1s","logger":"airflow.task.hooks.airflow.providers.standard.hooks.subprocess.SubprocessHook"}
{"timestamp":"2025-07-13T16:48:18.296392","level":"info","event":" 12400K .......... .......... .......... .......... .......... 84%  209M 1s","logger":"airflow.task.hooks.airflow.providers.standard.hooks.subprocess.SubprocessHook"}
{"timestamp":"2025-07-13T16:48:18.297301","level":"info","event":" 12450K .......... .......... .......... .......... .......... 85% 56.2M 1s","logger":"airflow.task.hooks.airflow.providers.standard.hooks.subprocess.SubprocessHook"}
{"timestamp":"2025-07-13T16:48:18.307742","level":"info","event":" 12500K .......... .......... .......... .......... .......... 85% 4.85M 1s","logger":"airflow.task.hooks.airflow.providers.standard.hooks.subprocess.SubprocessHook"}
{"timestamp":"2025-07-13T16:48:18.309511","level":"info","event":" 12550K .......... .......... .......... .......... .......... 85% 21.9M 1s","logger":"airflow.task.hooks.airflow.providers.standard.hooks.subprocess.SubprocessHook"}
{"timestamp":"2025-07-13T16:48:18.314695","level":"info","event":" 12600K .......... .......... .......... .......... .......... 86% 9.71M 0s","logger":"airflow.task.hooks.airflow.providers.standard.hooks.subprocess.SubprocessHook"}
{"timestamp":"2025-07-13T16:48:18.315674","level":"info","event":" 12650K .......... .......... .......... .......... .......... 86% 63.9M 0s","logger":"airflow.task.hooks.airflow.providers.standard.hooks.subprocess.SubprocessHook"}
{"timestamp":"2025-07-13T16:48:18.315768","level":"info","event":" 12700K .......... .......... .......... .......... .......... 86%  283M 0s","logger":"airflow.task.hooks.airflow.providers.standard.hooks.subprocess.SubprocessHook"}
{"timestamp":"2025-07-13T16:48:18.315796","level":"info","event":" 12750K .......... .......... .......... .......... .......... 87%  227M 0s","logger":"airflow.task.hooks.airflow.providers.standard.hooks.subprocess.SubprocessHook"}
{"timestamp":"2025-07-13T16:48:18.318214","level":"info","event":" 12800K .......... .......... .......... .......... .......... 87% 21.5M 0s","logger":"airflow.task.hooks.airflow.providers.standard.hooks.subprocess.SubprocessHook"}
{"timestamp":"2025-07-13T16:48:18.318315","level":"info","event":" 12850K .......... .......... .......... .......... .......... 87%  257M 0s","logger":"airflow.task.hooks.airflow.providers.standard.hooks.subprocess.SubprocessHook"}
{"timestamp":"2025-07-13T16:48:18.321647","level":"info","event":" 12900K .......... .......... .......... .......... .......... 88% 19.2M 0s","logger":"airflow.task.hooks.airflow.providers.standard.hooks.subprocess.SubprocessHook"}
{"timestamp":"2025-07-13T16:48:18.321967","level":"info","event":" 12950K .......... .......... .......... .......... .......... 88%  102M 0s","logger":"airflow.task.hooks.airflow.providers.standard.hooks.subprocess.SubprocessHook"}
{"timestamp":"2025-07-13T16:48:18.345700","level":"info","event":" 13000K .......... .......... .......... .......... .......... 88% 1.99M 0s","logger":"airflow.task.hooks.airflow.providers.standard.hooks.subprocess.SubprocessHook"}
{"timestamp":"2025-07-13T16:48:18.349944","level":"info","event":" 13050K .......... .......... .......... .......... .......... 89% 12.6M 0s","logger":"airflow.task.hooks.airflow.providers.standard.hooks.subprocess.SubprocessHook"}
{"timestamp":"2025-07-13T16:48:18.350063","level":"info","event":" 13100K .......... .......... .......... .......... .......... 89%  287M 0s","logger":"airflow.task.hooks.airflow.providers.standard.hooks.subprocess.SubprocessHook"}
{"timestamp":"2025-07-13T16:48:18.352612","level":"info","event":" 13150K .......... .......... .......... .......... .......... 89% 33.8M 0s","logger":"airflow.task.hooks.airflow.providers.standard.hooks.subprocess.SubprocessHook"}
{"timestamp":"2025-07-13T16:48:18.352717","level":"info","event":" 13200K .......... .......... .......... .......... .......... 90% 32.3M 0s","logger":"airflow.task.hooks.airflow.providers.standard.hooks.subprocess.SubprocessHook"}
{"timestamp":"2025-07-13T16:48:18.356215","level":"info","event":" 13250K .......... .......... .......... .......... .......... 90% 15.6M 0s","logger":"airflow.task.hooks.airflow.providers.standard.hooks.subprocess.SubprocessHook"}
{"timestamp":"2025-07-13T16:48:18.356308","level":"info","event":" 13300K .......... .......... .......... .......... .......... 91%  228M 0s","logger":"airflow.task.hooks.airflow.providers.standard.hooks.subprocess.SubprocessHook"}
{"timestamp":"2025-07-13T16:48:18.356366","level":"info","event":" 13350K .......... .......... .......... .......... .......... 91%  243M 0s","logger":"airflow.task.hooks.airflow.providers.standard.hooks.subprocess.SubprocessHook"}
{"timestamp":"2025-07-13T16:48:18.367954","level":"info","event":" 13400K .......... .......... .......... .......... .......... 91% 4.16M 0s","logger":"airflow.task.hooks.airflow.providers.standard.hooks.subprocess.SubprocessHook"}
{"timestamp":"2025-07-13T16:48:18.384892","level":"info","event":" 13450K .......... .......... .......... .......... .......... 92% 3.31M 0s","logger":"airflow.task.hooks.airflow.providers.standard.hooks.subprocess.SubprocessHook"}
{"timestamp":"2025-07-13T16:48:18.385756","level":"info","event":" 13500K .......... .......... .......... .......... .......... 92% 19.2M 0s","logger":"airflow.task.hooks.airflow.providers.standard.hooks.subprocess.SubprocessHook"}
{"timestamp":"2025-07-13T16:48:18.393780","level":"info","event":" 13550K .......... .......... .......... .......... .......... 92% 5.74M 0s","logger":"airflow.task.hooks.airflow.providers.standard.hooks.subprocess.SubprocessHook"}
{"timestamp":"2025-07-13T16:48:18.399477","level":"info","event":" 13600K .......... .......... .......... .......... .......... 93% 9.40M 0s","logger":"airflow.task.hooks.airflow.providers.standard.hooks.subprocess.SubprocessHook"}
{"timestamp":"2025-07-13T16:48:18.399565","level":"info","event":" 13650K .......... .......... .......... .......... .......... 93%  166M 0s","logger":"airflow.task.hooks.airflow.providers.standard.hooks.subprocess.SubprocessHook"}
{"timestamp":"2025-07-13T16:48:18.399619","level":"info","event":" 13700K .......... .......... .......... .......... .......... 93%  289M 0s","logger":"airflow.task.hooks.airflow.providers.standard.hooks.subprocess.SubprocessHook"}
{"timestamp":"2025-07-13T16:48:18.401101","level":"info","event":" 13750K .......... .......... .......... .......... .......... 94% 27.9M 0s","logger":"airflow.task.hooks.airflow.providers.standard.hooks.subprocess.SubprocessHook"}
{"timestamp":"2025-07-13T16:48:18.403042","level":"info","event":" 13800K .......... .......... .......... .......... .......... 94%  246M 0s","logger":"airflow.task.hooks.airflow.providers.standard.hooks.subprocess.SubprocessHook"}
{"timestamp":"2025-07-13T16:48:18.403146","level":"info","event":" 13850K .......... .......... .......... .......... .......... 94%  257M 0s","logger":"airflow.task.hooks.airflow.providers.standard.hooks.subprocess.SubprocessHook"}
{"timestamp":"2025-07-13T16:48:18.403219","level":"info","event":" 13900K .......... .......... .......... .......... .......... 95%  229M 0s","logger":"airflow.task.hooks.airflow.providers.standard.hooks.subprocess.SubprocessHook"}
{"timestamp":"2025-07-13T16:48:18.403270","level":"info","event":" 13950K .......... .......... .......... .......... .......... 95%  222M 0s","logger":"airflow.task.hooks.airflow.providers.standard.hooks.subprocess.SubprocessHook"}
{"timestamp":"2025-07-13T16:48:18.403316","level":"info","event":" 14000K .......... .......... .......... .......... .......... 95%  287M 0s","logger":"airflow.task.hooks.airflow.providers.standard.hooks.subprocess.SubprocessHook"}
{"timestamp":"2025-07-13T16:48:18.404513","level":"info","event":" 14050K .......... .......... .......... .......... .......... 96% 23.7M 0s","logger":"airflow.task.hooks.airflow.providers.standard.hooks.subprocess.SubprocessHook"}
{"timestamp":"2025-07-13T16:48:18.408408","level":"info","event":" 14100K .......... .......... .......... .......... .......... 96% 12.7M 0s","logger":"airflow.task.hooks.airflow.providers.standard.hooks.subprocess.SubprocessHook"}
{"timestamp":"2025-07-13T16:48:18.408506","level":"info","event":" 14150K .......... .......... .......... .......... .......... 96%  217M 0s","logger":"airflow.task.hooks.airflow.providers.standard.hooks.subprocess.SubprocessHook"}
{"timestamp":"2025-07-13T16:48:18.410889","level":"info","event":" 14200K .......... .......... .......... .......... .......... 97% 43.3M 0s","logger":"airflow.task.hooks.airflow.providers.standard.hooks.subprocess.SubprocessHook"}
{"timestamp":"2025-07-13T16:48:18.410956","level":"info","event":" 14250K .......... .......... .......... .......... .......... 97%  191M 0s","logger":"airflow.task.hooks.airflow.providers.standard.hooks.subprocess.SubprocessHook"}
{"timestamp":"2025-07-13T16:48:18.410994","level":"info","event":" 14300K .......... .......... .......... .......... .......... 97%  287M 0s","logger":"airflow.task.hooks.airflow.providers.standard.hooks.subprocess.SubprocessHook"}
{"timestamp":"2025-07-13T16:48:18.411022","level":"info","event":" 14350K .......... .......... .......... .......... .......... 98%  199M 0s","logger":"airflow.task.hooks.airflow.providers.standard.hooks.subprocess.SubprocessHook"}
{"timestamp":"2025-07-13T16:48:18.411050","level":"info","event":" 14400K .......... .......... .......... .......... .......... 98%  234M 0s","logger":"airflow.task.hooks.airflow.providers.standard.hooks.subprocess.SubprocessHook"}
{"timestamp":"2025-07-13T16:48:18.411842","level":"info","event":" 14450K .......... .......... .......... .......... .......... 98% 32.3M 0s","logger":"airflow.task.hooks.airflow.providers.standard.hooks.subprocess.SubprocessHook"}
{"timestamp":"2025-07-13T16:48:18.412338","level":"info","event":" 14500K .......... .......... .......... .......... .......... 99%  126M 0s","logger":"airflow.task.hooks.airflow.providers.standard.hooks.subprocess.SubprocessHook"}
{"timestamp":"2025-07-13T16:48:18.412603","level":"info","event":" 14550K .......... .......... .......... .......... .......... 99%  241M 0s","logger":"airflow.task.hooks.airflow.providers.standard.hooks.subprocess.SubprocessHook"}
{"timestamp":"2025-07-13T16:48:18.412669","level":"info","event":" 14600K .......... .......... .......... .......... .......... 99%  208M 0s","logger":"airflow.task.hooks.airflow.providers.standard.hooks.subprocess.SubprocessHook"}
{"timestamp":"2025-07-13T16:48:18.412718","level":"info","event":" 14650K .......... ........                                   100%  284M=3.2s","logger":"airflow.task.hooks.airflow.providers.standard.hooks.subprocess.SubprocessHook"}
{"timestamp":"2025-07-13T16:48:18.412911","level":"info","event":"","logger":"airflow.task.hooks.airflow.providers.standard.hooks.subprocess.SubprocessHook"}
{"timestamp":"2025-07-13T16:48:18.412968","level":"info","event":"2025-07-13 16:48:18 (4.51 MB/s) - ‘/opt/airflow/fhv_tripdata_2019-02.csv.gz’ saved [15020561/15020561]","logger":"airflow.task.hooks.airflow.providers.standard.hooks.subprocess.SubprocessHook"}
{"timestamp":"2025-07-13T16:48:18.413114","level":"info","event":"","logger":"airflow.task.hooks.airflow.providers.standard.hooks.subprocess.SubprocessHook"}
{"timestamp":"2025-07-13T16:48:19.440919","level":"info","event":"Command exited with return code 0","logger":"airflow.task.hooks.airflow.providers.standard.hooks.subprocess.SubprocessHook"}
{"timestamp":"2025-07-13T16:48:19.449070","level":"info","event":"Pushing xcom","ti":"RuntimeTaskInstance(id=UUID('019804af-bd3b-7650-a1e7-a808875ee41c'), task_id='download_dataset_task', dag_id='upload_gcs_fhvtrips', run_id='scheduled__2019-02-02T06:00:00+00:00', try_number=1, map_index=-1, hostname='890ba30a36b0', context_carrier={}, task=<Task(BashOperator): download_dataset_task>, bundle_instance=LocalDagBundle(name=dags-folder), max_tries=0, start_date=datetime.datetime(2025, 7, 13, 16, 48, 4, 134818, tzinfo=TzInfo(UTC)), end_date=None, state=<TaskInstanceState.RUNNING: 'running'>, is_mapped=False, rendered_map_index=None)","logger":"task"}
{"timestamp":"2025-07-13T17:38:56.465954","level":"info","event":"DAG bundles loaded: dags-folder","logger":"airflow.dag_processing.bundles.manager.DagBundlesManager"}
{"timestamp":"2025-07-13T17:38:56.467919","level":"info","event":"Filling up the DagBag from /opt/airflow/dags/data_ingestion_gcs_dag.py","logger":"airflow.models.dagbag.DagBag"}
{"timestamp":"2025-07-13T17:39:03.458761","level":"info","event":"Tmp dir root location: /tmp","logger":"airflow.task.hooks.airflow.providers.standard.hooks.subprocess.SubprocessHook"}
{"timestamp":"2025-07-13T17:39:03.465747","level":"info","event":"Running command: ['/usr/bin/bash', '-c', 'echo https://github.com/DataTalksClub/nyc-tlc-data/releases/download/fhv/fhv_tripdata_2019-02.csv.gz && wget --no-verbose https://github.com/DataTalksClub/nyc-tlc-data/releases/download/fhv/fhv_tripdata_2019-02.csv.gz -O /opt/airflow/fhv_tripdata_2019-02.csv.gz && gunzip -f /opt/airflow/fhv_tripdata_2019-02.csv.gz']","logger":"airflow.task.hooks.airflow.providers.standard.hooks.subprocess.SubprocessHook"}
{"timestamp":"2025-07-13T17:39:03.541242","level":"info","event":"Output:","logger":"airflow.task.hooks.airflow.providers.standard.hooks.subprocess.SubprocessHook"}
{"timestamp":"2025-07-13T17:39:03.562900","level":"info","event":"https://github.com/DataTalksClub/nyc-tlc-data/releases/download/fhv/fhv_tripdata_2019-02.csv.gz","logger":"airflow.task.hooks.airflow.providers.standard.hooks.subprocess.SubprocessHook"}
{"timestamp":"2025-07-13T17:39:10.242644","level":"info","event":"2025-07-13 17:39:10 URL:https://objects.githubusercontent.com/github-production-release-asset-2e65be/513814948/8735d99c-6e44-4ace-8891-938925197fd2?X-Amz-Algorithm=AWS4-HMAC-SHA256&X-Amz-Credential=releaseassetproduction%2F20250713%2Fus-east-1%2Fs3%2Faws4_request&X-Amz-Date=20250713T173904Z&X-Amz-Expires=1800&X-Amz-Signature=065d1bbcf01333d4ce6d11979e3247d2b3df7ea7f1aafa326a84d12809ddc17e&X-Amz-SignedHeaders=host&response-content-disposition=attachment%3B%20filename%3Dfhv_tripdata_2019-02.csv.gz&response-content-type=application%2Foctet-stream [15020561/15020561] -> \"/opt/airflow/fhv_tripdata_2019-02.csv.gz\" [1]","logger":"airflow.task.hooks.airflow.providers.standard.hooks.subprocess.SubprocessHook"}
{"timestamp":"2025-07-13T17:39:11.279644","level":"info","event":"Command exited with return code 0","logger":"airflow.task.hooks.airflow.providers.standard.hooks.subprocess.SubprocessHook"}
{"timestamp":"2025-07-13T17:39:11.288664","level":"info","event":"Pushing xcom","ti":"RuntimeTaskInstance(id=UUID('019804de-4ff5-7dde-9e08-d345a7878987'), task_id='download_dataset_task', dag_id='upload_gcs_fhvtrips', run_id='scheduled__2019-02-02T06:00:00+00:00', try_number=1, map_index=-1, hostname='890ba30a36b0', context_carrier={}, task=<Task(BashOperator): download_dataset_task>, bundle_instance=LocalDagBundle(name=dags-folder), max_tries=0, start_date=datetime.datetime(2025, 7, 13, 17, 38, 55, 597323, tzinfo=TzInfo(UTC)), end_date=None, state=<TaskInstanceState.RUNNING: 'running'>, is_mapped=False, rendered_map_index=None)","logger":"task"}
{"timestamp":"2025-07-13T17:48:19.224514","level":"info","event":"DAG bundles loaded: dags-folder","logger":"airflow.dag_processing.bundles.manager.DagBundlesManager"}
{"timestamp":"2025-07-13T17:48:19.227736","level":"info","event":"Filling up the DagBag from /opt/airflow/dags/data_ingestion_gcs_dag.py","logger":"airflow.models.dagbag.DagBag"}
{"timestamp":"2025-07-13T17:48:25.462779","level":"info","event":"Tmp dir root location: /tmp","logger":"airflow.task.hooks.airflow.providers.standard.hooks.subprocess.SubprocessHook"}
{"timestamp":"2025-07-13T17:48:25.468132","level":"info","event":"Running command: ['/usr/bin/bash', '-c', 'echo https://github.com/DataTalksClub/nyc-tlc-data/releases/download/fhv/fhv_tripdata_2019-02.csv.gz && wget --no-verbose https://github.com/DataTalksClub/nyc-tlc-data/releases/download/fhv/fhv_tripdata_2019-02.csv.gz -O /opt/airflow/fhv_tripdata_2019-02.csv.gz && gunzip -f /opt/airflow/fhv_tripdata_2019-02.csv.gz']","logger":"airflow.task.hooks.airflow.providers.standard.hooks.subprocess.SubprocessHook"}
{"timestamp":"2025-07-13T17:48:25.511381","level":"info","event":"Output:","logger":"airflow.task.hooks.airflow.providers.standard.hooks.subprocess.SubprocessHook"}
{"timestamp":"2025-07-13T17:48:25.522109","level":"info","event":"https://github.com/DataTalksClub/nyc-tlc-data/releases/download/fhv/fhv_tripdata_2019-02.csv.gz","logger":"airflow.task.hooks.airflow.providers.standard.hooks.subprocess.SubprocessHook"}
{"timestamp":"2025-07-13T17:48:27.997825","level":"info","event":"2025-07-13 17:48:27 URL:https://objects.githubusercontent.com/github-production-release-asset-2e65be/513814948/8735d99c-6e44-4ace-8891-938925197fd2?X-Amz-Algorithm=AWS4-HMAC-SHA256&X-Amz-Credential=releaseassetproduction%2F20250713%2Fus-east-1%2Fs3%2Faws4_request&X-Amz-Date=20250713T174825Z&X-Amz-Expires=1800&X-Amz-Signature=44d4b3eee90e357d4dacd2a8ca7cee1bfa89c4e4ca892ee0f77592cf5e66d4de&X-Amz-SignedHeaders=host&response-content-disposition=attachment%3B%20filename%3Dfhv_tripdata_2019-02.csv.gz&response-content-type=application%2Foctet-stream [15020561/15020561] -> \"/opt/airflow/fhv_tripdata_2019-02.csv.gz\" [1]","logger":"airflow.task.hooks.airflow.providers.standard.hooks.subprocess.SubprocessHook"}
{"timestamp":"2025-07-13T17:48:29.248205","level":"info","event":"Command exited with return code 0","logger":"airflow.task.hooks.airflow.providers.standard.hooks.subprocess.SubprocessHook"}
{"timestamp":"2025-07-13T17:48:29.276805","level":"info","event":"Pushing xcom","ti":"RuntimeTaskInstance(id=UUID('019804e6-e231-7665-ad83-ea3178039cbb'), task_id='download_dataset_task', dag_id='upload_gcs_fhvtrips', run_id='scheduled__2019-02-02T06:00:00+00:00', try_number=1, map_index=-1, hostname='890ba30a36b0', context_carrier={}, task=<Task(BashOperator): download_dataset_task>, bundle_instance=LocalDagBundle(name=dags-folder), max_tries=0, start_date=datetime.datetime(2025, 7, 13, 17, 48, 17, 398670, tzinfo=TzInfo(UTC)), end_date=None, state=<TaskInstanceState.RUNNING: 'running'>, is_mapped=False, rendered_map_index=None)","logger":"task"}
