{"timestamp":"2025-07-13T18:39:51.193559","level":"info","event":"DAG bundles loaded: dags-folder","logger":"airflow.dag_processing.bundles.manager.DagBundlesManager"}
{"timestamp":"2025-07-13T18:39:51.194468","level":"info","event":"Filling up the DagBag from /opt/airflow/dags/data_ingestion_gcs_dag.py","logger":"airflow.models.dagbag.DagBag"}
{"timestamp":"2025-07-13T18:39:53.717708","level":"info","event":"Tmp dir root location: /tmp","logger":"airflow.task.hooks.airflow.providers.standard.hooks.subprocess.SubprocessHook"}
{"timestamp":"2025-07-13T18:39:53.719272","level":"info","event":"Running command: ['/usr/bin/bash', '-c', 'echo https://github.com/DataTalksClub/nyc-tlc-data/releases/download/green/green_tripdata_2019-11.csv.gz && wget --no-verbose https://github.com/DataTalksClub/nyc-tlc-data/releases/download/green/green_tripdata_2019-11.csv.gz -O /opt/airflow/green_tripdata_2019-11.csv.gz && gunzip -f /opt/airflow/green_tripdata_2019-11.csv.gz']","logger":"airflow.task.hooks.airflow.providers.standard.hooks.subprocess.SubprocessHook"}
{"timestamp":"2025-07-13T18:39:53.753472","level":"info","event":"Output:","logger":"airflow.task.hooks.airflow.providers.standard.hooks.subprocess.SubprocessHook"}
{"timestamp":"2025-07-13T18:39:53.755693","level":"info","event":"https://github.com/DataTalksClub/nyc-tlc-data/releases/download/green/green_tripdata_2019-11.csv.gz","logger":"airflow.task.hooks.airflow.providers.standard.hooks.subprocess.SubprocessHook"}
{"timestamp":"2025-07-13T18:39:55.961367","level":"info","event":"2025-07-13 18:39:55 URL:https://objects.githubusercontent.com/github-production-release-asset-2e65be/513814948/1144f907-aace-4091-a7e6-4f7023d6d140?X-Amz-Algorithm=AWS4-HMAC-SHA256&X-Amz-Credential=releaseassetproduction%2F20250713%2Fus-east-1%2Fs3%2Faws4_request&X-Amz-Date=20250713T183954Z&X-Amz-Expires=1800&X-Amz-Signature=1146345ec1d135ccd447f845659b22a7e9732b94c0af59b6dc1ea39536da8dce&X-Amz-SignedHeaders=host&response-content-disposition=attachment%3B%20filename%3Dgreen_tripdata_2019-11.csv.gz&response-content-type=application%2Foctet-stream [7781029/7781029] -> \"/opt/airflow/green_tripdata_2019-11.csv.gz\" [1]","logger":"airflow.task.hooks.airflow.providers.standard.hooks.subprocess.SubprocessHook"}
{"timestamp":"2025-07-13T18:39:56.238033","level":"info","event":"Command exited with return code 0","logger":"airflow.task.hooks.airflow.providers.standard.hooks.subprocess.SubprocessHook"}
{"timestamp":"2025-07-13T18:39:56.247745","level":"info","event":"Pushing xcom","ti":"RuntimeTaskInstance(id=UUID('01980516-1602-7792-9500-3ab4302e60ab'), task_id='download_dataset_task', dag_id='upload_gcs_greentrips', run_id='scheduled__2019-11-02T06:00:00+00:00', try_number=1, map_index=-1, hostname='fb7e26a7e74c', context_carrier={}, task=<Task(BashOperator): download_dataset_task>, bundle_instance=LocalDagBundle(name=dags-folder), max_tries=0, start_date=datetime.datetime(2025, 7, 13, 18, 39, 50, 749624, tzinfo=TzInfo(UTC)), end_date=None, state=<TaskInstanceState.RUNNING: 'running'>, is_mapped=False, rendered_map_index=None)","logger":"task"}
{"timestamp":"2025-07-17T08:54:42.651529","level":"info","event":"DAG bundles loaded: dags-folder","logger":"airflow.dag_processing.bundles.manager.DagBundlesManager"}
{"timestamp":"2025-07-17T08:54:42.652719","level":"info","event":"Filling up the DagBag from /opt/airflow/dags/data_ingestion_gcs_dag.py","logger":"airflow.models.dagbag.DagBag"}
{"timestamp":"2025-07-17T08:54:44.251018","level":"info","event":"Tmp dir root location: /tmp","logger":"airflow.task.hooks.airflow.providers.standard.hooks.subprocess.SubprocessHook"}
{"timestamp":"2025-07-17T08:54:44.252228","level":"info","event":"Running command: ['/usr/bin/bash', '-c', \"echo https://github.com/DataTalksClub/nyc-tlc-data/releases/download/green/green_tripdata_2019-11.csv.gz && wget --no-verbose https://github.com/DataTalksClub/nyc-tlc-data/releases/download/green/green_tripdata_2019-11.csv.gz -O /opt/airflow/green_tripdata_2019-11.csv.gz && gunzip -f /opt/airflow/green_tripdata_2019-11.csv.gz || echo 'invalid link or file not in gz format' && wget https://github.com/DataTalksClub/nyc-tlc-data/releases/download/green/green_tripdata_2019-11.csv.gz -O /opt/airflow/green_tripdata_2019-11.csv\"]","logger":"airflow.task.hooks.airflow.providers.standard.hooks.subprocess.SubprocessHook"}
{"timestamp":"2025-07-17T08:54:44.284769","level":"info","event":"Output:","logger":"airflow.task.hooks.airflow.providers.standard.hooks.subprocess.SubprocessHook"}
{"timestamp":"2025-07-17T08:54:44.292549","level":"info","event":"https://github.com/DataTalksClub/nyc-tlc-data/releases/download/green/green_tripdata_2019-11.csv.gz","logger":"airflow.task.hooks.airflow.providers.standard.hooks.subprocess.SubprocessHook"}
{"timestamp":"2025-07-17T08:54:45.478898","level":"info","event":"2025-07-17 08:54:45 URL:https://release-assets.githubusercontent.com/github-production-release-asset/513814948/1144f907-aace-4091-a7e6-4f7023d6d140?sp=r&sv=2018-11-09&sr=b&spr=https&se=2025-07-17T09%3A50%3A33Z&rscd=attachment%3B+filename%3Dgreen_tripdata_2019-11.csv.gz&rsct=application%2Foctet-stream&skoid=96c2d410-5711-43a1-aedd-ab1947aa7ab0&sktid=398a6654-997b-47e9-b12b-9515b896b4de&skt=2025-07-17T08%3A50%3A16Z&ske=2025-07-17T09%3A50%3A33Z&sks=b&skv=2018-11-09&sig=uRtVNfrjrIUm4lcoz94J66O8%2FmvhNkJVbYn7iwynCq4%3D&jwt=eyJ******&response-content-disposition=attachment%3B%20filename%3Dgreen_tripdata_2019-11.csv.gz&response-content-type=application%2Foctet-stream [7781029/7781029] -> \"/opt/airflow/green_tripdata_2019-11.csv.gz\" [1]","logger":"airflow.task.hooks.airflow.providers.standard.hooks.subprocess.SubprocessHook"}
{"timestamp":"2025-07-17T08:54:45.686767","level":"info","event":"--2025-07-17 08:54:45--  https://github.com/DataTalksClub/nyc-tlc-data/releases/download/green/green_tripdata_2019-11.csv.gz","logger":"airflow.task.hooks.airflow.providers.standard.hooks.subprocess.SubprocessHook"}
{"timestamp":"2025-07-17T08:54:45.696716","level":"info","event":"Resolving github.com (github.com)... 20.205.243.166","logger":"airflow.task.hooks.airflow.providers.standard.hooks.subprocess.SubprocessHook"}
{"timestamp":"2025-07-17T08:54:45.704432","level":"info","event":"Connecting to github.com (github.com)|20.205.243.166|:443... connected.","logger":"airflow.task.hooks.airflow.providers.standard.hooks.subprocess.SubprocessHook"}
{"timestamp":"2025-07-17T08:54:45.741339","level":"info","event":"HTTP request sent, awaiting response... 302 Found","logger":"airflow.task.hooks.airflow.providers.standard.hooks.subprocess.SubprocessHook"}
{"timestamp":"2025-07-17T08:54:45.741429","level":"info","event":"Location: https://release-assets.githubusercontent.com/github-production-release-asset/513814948/1144f907-aace-4091-a7e6-4f7023d6d140?sp=r&sv=2018-11-09&sr=b&spr=https&se=2025-07-17T09%3A50%3A33Z&rscd=attachment%3B+filename%3Dgreen_tripdata_2019-11.csv.gz&rsct=application%2Foctet-stream&skoid=96c2d410-5711-43a1-aedd-ab1947aa7ab0&sktid=398a6654-997b-47e9-b12b-9515b896b4de&skt=2025-07-17T08%3A50%3A16Z&ske=2025-07-17T09%3A50%3A33Z&sks=b&skv=2018-11-09&sig=uRtVNfrjrIUm4lcoz94J66O8%2FmvhNkJVbYn7iwynCq4%3D&jwt=eyJ******&response-content-disposition=attachment%3B%20filename%3Dgreen_tripdata_2019-11.csv.gz&response-content-type=application%2Foctet-stream [following]","logger":"airflow.task.hooks.airflow.providers.standard.hooks.subprocess.SubprocessHook"}
{"timestamp":"2025-07-17T08:54:45.741473","level":"info","event":"--2025-07-17 08:54:45--  https://release-assets.githubusercontent.com/github-production-release-asset/513814948/1144f907-aace-4091-a7e6-4f7023d6d140?sp=r&sv=2018-11-09&sr=b&spr=https&se=2025-07-17T09%3A50%3A33Z&rscd=attachment%3B+filename%3Dgreen_tripdata_2019-11.csv.gz&rsct=application%2Foctet-stream&skoid=96c2d410-5711-43a1-aedd-ab1947aa7ab0&sktid=398a6654-997b-47e9-b12b-9515b896b4de&skt=2025-07-17T08%3A50%3A16Z&ske=2025-07-17T09%3A50%3A33Z&sks=b&skv=2018-11-09&sig=uRtVNfrjrIUm4lcoz94J66O8%2FmvhNkJVbYn7iwynCq4%3D&jwt=eyJ******&response-content-disposition=attachment%3B%20filename%3Dgreen_tripdata_2019-11.csv.gz&response-content-type=application%2Foctet-stream","logger":"airflow.task.hooks.airflow.providers.standard.hooks.subprocess.SubprocessHook"}
{"timestamp":"2025-07-17T08:54:45.745494","level":"info","event":"Resolving release-assets.githubusercontent.com (release-assets.githubusercontent.com)... 185.199.109.133, 185.199.110.133, 185.199.111.133, ...","logger":"airflow.task.hooks.airflow.providers.standard.hooks.subprocess.SubprocessHook"}
{"timestamp":"2025-07-17T08:54:45.762475","level":"info","event":"Connecting to release-assets.githubusercontent.com (release-assets.githubusercontent.com)|185.199.109.133|:443... connected.","logger":"airflow.task.hooks.airflow.providers.standard.hooks.subprocess.SubprocessHook"}
{"timestamp":"2025-07-17T08:54:45.845540","level":"info","event":"HTTP request sent, awaiting response... 200 OK","logger":"airflow.task.hooks.airflow.providers.standard.hooks.subprocess.SubprocessHook"}
{"timestamp":"2025-07-17T08:54:45.845618","level":"info","event":"Length: 7781029 (7.4M) [application/octet-stream]","logger":"airflow.task.hooks.airflow.providers.standard.hooks.subprocess.SubprocessHook"}
{"timestamp":"2025-07-17T08:54:45.845647","level":"info","event":"Saving to: ‘/opt/airflow/green_tripdata_2019-11.csv’","logger":"airflow.task.hooks.airflow.providers.standard.hooks.subprocess.SubprocessHook"}
{"timestamp":"2025-07-17T08:54:45.845716","level":"info","event":"","logger":"airflow.task.hooks.airflow.providers.standard.hooks.subprocess.SubprocessHook"}
{"timestamp":"2025-07-17T08:54:45.887746","level":"info","event":"     0K .......... .......... .......... .......... ..........  0% 1.16M 6s","logger":"airflow.task.hooks.airflow.providers.standard.hooks.subprocess.SubprocessHook"}
{"timestamp":"2025-07-17T08:54:45.900336","level":"info","event":"    50K .......... .......... .......... .......... ..........  1% 3.88M 4s","logger":"airflow.task.hooks.airflow.providers.standard.hooks.subprocess.SubprocessHook"}
{"timestamp":"2025-07-17T08:54:45.906620","level":"info","event":"   100K .......... .......... .......... .......... ..........  1% 7.90M 3s","logger":"airflow.task.hooks.airflow.providers.standard.hooks.subprocess.SubprocessHook"}
{"timestamp":"2025-07-17T08:54:45.911888","level":"info","event":"   150K .......... .......... .......... .......... ..........  2% 9.29M 2s","logger":"airflow.task.hooks.airflow.providers.standard.hooks.subprocess.SubprocessHook"}
{"timestamp":"2025-07-17T08:54:45.921295","level":"info","event":"   200K .......... .......... .......... .......... ..........  3% 5.12M 2s","logger":"airflow.task.hooks.airflow.providers.standard.hooks.subprocess.SubprocessHook"}
{"timestamp":"2025-07-17T08:54:45.928062","level":"info","event":"   250K .......... .......... .......... .......... ..........  3% 9.55M 2s","logger":"airflow.task.hooks.airflow.providers.standard.hooks.subprocess.SubprocessHook"}
{"timestamp":"2025-07-17T08:54:45.933561","level":"info","event":"   300K .......... .......... .......... .......... ..........  4% 6.84M 2s","logger":"airflow.task.hooks.airflow.providers.standard.hooks.subprocess.SubprocessHook"}
{"timestamp":"2025-07-17T08:54:45.937242","level":"info","event":"   350K .......... .......... .......... .......... ..........  5% 13.3M 2s","logger":"airflow.task.hooks.airflow.providers.standard.hooks.subprocess.SubprocessHook"}
{"timestamp":"2025-07-17T08:54:45.940345","level":"info","event":"   400K .......... .......... .......... .......... ..........  5% 15.4M 2s","logger":"airflow.task.hooks.airflow.providers.standard.hooks.subprocess.SubprocessHook"}
{"timestamp":"2025-07-17T08:54:45.942639","level":"info","event":"   450K .......... .......... .......... .......... ..........  6% 21.5M 1s","logger":"airflow.task.hooks.airflow.providers.standard.hooks.subprocess.SubprocessHook"}
{"timestamp":"2025-07-17T08:54:45.946034","level":"info","event":"   500K .......... .......... .......... .......... ..........  7% 14.3M 1s","logger":"airflow.task.hooks.airflow.providers.standard.hooks.subprocess.SubprocessHook"}
{"timestamp":"2025-07-17T08:54:45.950752","level":"info","event":"   550K .......... .......... .......... .......... ..........  7% 10.4M 1s","logger":"airflow.task.hooks.airflow.providers.standard.hooks.subprocess.SubprocessHook"}
{"timestamp":"2025-07-17T08:54:45.952338","level":"info","event":"   600K .......... .......... .......... .......... ..........  8% 30.4M 1s","logger":"airflow.task.hooks.airflow.providers.standard.hooks.subprocess.SubprocessHook"}
{"timestamp":"2025-07-17T08:54:45.957311","level":"info","event":"   650K .......... .......... .......... .......... ..........  9% 10.0M 1s","logger":"airflow.task.hooks.airflow.providers.standard.hooks.subprocess.SubprocessHook"}
{"timestamp":"2025-07-17T08:54:45.960405","level":"info","event":"   700K .......... .......... .......... .......... ..........  9% 15.5M 1s","logger":"airflow.task.hooks.airflow.providers.standard.hooks.subprocess.SubprocessHook"}
{"timestamp":"2025-07-17T08:54:45.963295","level":"info","event":"   750K .......... .......... .......... .......... .......... 10% 16.4M 1s","logger":"airflow.task.hooks.airflow.providers.standard.hooks.subprocess.SubprocessHook"}
{"timestamp":"2025-07-17T08:54:45.967109","level":"info","event":"   800K .......... .......... .......... .......... .......... 11% 12.8M 1s","logger":"airflow.task.hooks.airflow.providers.standard.hooks.subprocess.SubprocessHook"}
{"timestamp":"2025-07-17T08:54:45.969374","level":"info","event":"   850K .......... .......... .......... .......... .......... 11% 22.2M 1s","logger":"airflow.task.hooks.airflow.providers.standard.hooks.subprocess.SubprocessHook"}
{"timestamp":"2025-07-17T08:54:45.973231","level":"info","event":"   900K .......... .......... .......... .......... .......... 12% 12.8M 1s","logger":"airflow.task.hooks.airflow.providers.standard.hooks.subprocess.SubprocessHook"}
{"timestamp":"2025-07-17T08:54:45.976737","level":"info","event":"   950K .......... .......... .......... .......... .......... 13% 13.7M 1s","logger":"airflow.task.hooks.airflow.providers.standard.hooks.subprocess.SubprocessHook"}
{"timestamp":"2025-07-17T08:54:45.979588","level":"info","event":"  1000K .......... .......... .......... .......... .......... 13% 17.3M 1s","logger":"airflow.task.hooks.airflow.providers.standard.hooks.subprocess.SubprocessHook"}
{"timestamp":"2025-07-17T08:54:45.980993","level":"info","event":"  1050K .......... .......... .......... .......... .......... 14% 33.4M 1s","logger":"airflow.task.hooks.airflow.providers.standard.hooks.subprocess.SubprocessHook"}
{"timestamp":"2025-07-17T08:54:45.984206","level":"info","event":"  1100K .......... .......... .......... .......... .......... 15% 15.5M 1s","logger":"airflow.task.hooks.airflow.providers.standard.hooks.subprocess.SubprocessHook"}
{"timestamp":"2025-07-17T08:54:45.987430","level":"info","event":"  1150K .......... .......... .......... .......... .......... 15% 14.9M 1s","logger":"airflow.task.hooks.airflow.providers.standard.hooks.subprocess.SubprocessHook"}
{"timestamp":"2025-07-17T08:54:45.990483","level":"info","event":"  1200K .......... .......... .......... .......... .......... 16% 16.1M 1s","logger":"airflow.task.hooks.airflow.providers.standard.hooks.subprocess.SubprocessHook"}
{"timestamp":"2025-07-17T08:54:45.994333","level":"info","event":"  1250K .......... .......... .......... .......... .......... 17% 12.8M 1s","logger":"airflow.task.hooks.airflow.providers.standard.hooks.subprocess.SubprocessHook"}
{"timestamp":"2025-07-17T08:54:45.997505","level":"info","event":"  1300K .......... .......... .......... .......... .......... 17% 39.7M 1s","logger":"airflow.task.hooks.airflow.providers.standard.hooks.subprocess.SubprocessHook"}
{"timestamp":"2025-07-17T08:54:45.999107","level":"info","event":"  1350K .......... .......... .......... .......... .......... 18% 13.7M 1s","logger":"airflow.task.hooks.airflow.providers.standard.hooks.subprocess.SubprocessHook"}
{"timestamp":"2025-07-17T08:54:46.001596","level":"info","event":"  1400K .......... .......... .......... .......... .......... 19% 19.9M 1s","logger":"airflow.task.hooks.airflow.providers.standard.hooks.subprocess.SubprocessHook"}
{"timestamp":"2025-07-17T08:54:46.004810","level":"info","event":"  1450K .......... .......... .......... .......... .......... 19% 15.0M 1s","logger":"airflow.task.hooks.airflow.providers.standard.hooks.subprocess.SubprocessHook"}
{"timestamp":"2025-07-17T08:54:46.008110","level":"info","event":"  1500K .......... .......... .......... .......... .......... 20% 15.0M 1s","logger":"airflow.task.hooks.airflow.providers.standard.hooks.subprocess.SubprocessHook"}
{"timestamp":"2025-07-17T08:54:46.011602","level":"info","event":"  1550K .......... .......... .......... .......... .......... 21% 13.8M 1s","logger":"airflow.task.hooks.airflow.providers.standard.hooks.subprocess.SubprocessHook"}
{"timestamp":"2025-07-17T08:54:46.015440","level":"info","event":"  1600K .......... .......... .......... .......... .......... 21% 14.7M 1s","logger":"airflow.task.hooks.airflow.providers.standard.hooks.subprocess.SubprocessHook"}
{"timestamp":"2025-07-17T08:54:46.018952","level":"info","event":"  1650K .......... .......... .......... .......... .......... 22% 16.6M 1s","logger":"airflow.task.hooks.airflow.providers.standard.hooks.subprocess.SubprocessHook"}
{"timestamp":"2025-07-17T08:54:46.019304","level":"info","event":"  1700K .......... .......... .......... .......... .......... 23% 38.4M 1s","logger":"airflow.task.hooks.airflow.providers.standard.hooks.subprocess.SubprocessHook"}
{"timestamp":"2025-07-17T08:54:46.021039","level":"info","event":"  1750K .......... .......... .......... .......... .......... 23% 25.8M 1s","logger":"airflow.task.hooks.airflow.providers.standard.hooks.subprocess.SubprocessHook"}
{"timestamp":"2025-07-17T08:54:46.023701","level":"info","event":"  1800K .......... .......... .......... .......... .......... 24% 17.9M 1s","logger":"airflow.task.hooks.airflow.providers.standard.hooks.subprocess.SubprocessHook"}
{"timestamp":"2025-07-17T08:54:46.025418","level":"info","event":"  1850K .......... .......... .......... .......... .......... 25% 29.0M 1s","logger":"airflow.task.hooks.airflow.providers.standard.hooks.subprocess.SubprocessHook"}
{"timestamp":"2025-07-17T08:54:46.028168","level":"info","event":"  1900K .......... .......... .......... .......... .......... 25% 17.7M 1s","logger":"airflow.task.hooks.airflow.providers.standard.hooks.subprocess.SubprocessHook"}
{"timestamp":"2025-07-17T08:54:46.030058","level":"info","event":"  1950K .......... .......... .......... .......... .......... 26% 25.7M 1s","logger":"airflow.task.hooks.airflow.providers.standard.hooks.subprocess.SubprocessHook"}
{"timestamp":"2025-07-17T08:54:46.033711","level":"info","event":"  2000K .......... .......... .......... .......... .......... 26% 13.4M 1s","logger":"airflow.task.hooks.airflow.providers.standard.hooks.subprocess.SubprocessHook"}
{"timestamp":"2025-07-17T08:54:46.036448","level":"info","event":"  2050K .......... .......... .......... .......... .......... 27% 17.8M 0s","logger":"airflow.task.hooks.airflow.providers.standard.hooks.subprocess.SubprocessHook"}
{"timestamp":"2025-07-17T08:54:46.038655","level":"info","event":"  2100K .......... .......... .......... .......... .......... 28% 22.2M 0s","logger":"airflow.task.hooks.airflow.providers.standard.hooks.subprocess.SubprocessHook"}
{"timestamp":"2025-07-17T08:54:46.040695","level":"info","event":"  2150K .......... .......... .......... .......... .......... 28% 23.7M 0s","logger":"airflow.task.hooks.airflow.providers.standard.hooks.subprocess.SubprocessHook"}
{"timestamp":"2025-07-17T08:54:46.042766","level":"info","event":"  2200K .......... .......... .......... .......... .......... 29% 23.6M 0s","logger":"airflow.task.hooks.airflow.providers.standard.hooks.subprocess.SubprocessHook"}
{"timestamp":"2025-07-17T08:54:46.043392","level":"info","event":"  2250K .......... .......... .......... .......... .......... 30% 74.6M 0s","logger":"airflow.task.hooks.airflow.providers.standard.hooks.subprocess.SubprocessHook"}
{"timestamp":"2025-07-17T08:54:46.047234","level":"info","event":"  2300K .......... .......... .......... .......... .......... 30% 12.9M 0s","logger":"airflow.task.hooks.airflow.providers.standard.hooks.subprocess.SubprocessHook"}
{"timestamp":"2025-07-17T08:54:46.048284","level":"info","event":"  2350K .......... .......... .......... .......... .......... 31% 46.1M 0s","logger":"airflow.task.hooks.airflow.providers.standard.hooks.subprocess.SubprocessHook"}
{"timestamp":"2025-07-17T08:54:46.051197","level":"info","event":"  2400K .......... .......... .......... .......... .......... 32% 16.6M 0s","logger":"airflow.task.hooks.airflow.providers.standard.hooks.subprocess.SubprocessHook"}
{"timestamp":"2025-07-17T08:54:46.052873","level":"info","event":"  2450K .......... .......... .......... .......... .......... 32% 30.6M 0s","logger":"airflow.task.hooks.airflow.providers.standard.hooks.subprocess.SubprocessHook"}
{"timestamp":"2025-07-17T08:54:46.055989","level":"info","event":"  2500K .......... .......... .......... .......... .......... 33% 15.3M 0s","logger":"airflow.task.hooks.airflow.providers.standard.hooks.subprocess.SubprocessHook"}
{"timestamp":"2025-07-17T08:54:46.057509","level":"info","event":"  2550K .......... .......... .......... .......... .......... 34% 32.8M 0s","logger":"airflow.task.hooks.airflow.providers.standard.hooks.subprocess.SubprocessHook"}
{"timestamp":"2025-07-17T08:54:46.060533","level":"info","event":"  2600K .......... .......... .......... .......... .......... 34% 16.0M 0s","logger":"airflow.task.hooks.airflow.providers.standard.hooks.subprocess.SubprocessHook"}
{"timestamp":"2025-07-17T08:54:46.062386","level":"info","event":"  2650K .......... .......... .......... .......... .......... 35% 26.5M 0s","logger":"airflow.task.hooks.airflow.providers.standard.hooks.subprocess.SubprocessHook"}
{"timestamp":"2025-07-17T08:54:46.063858","level":"info","event":"  2700K .......... .......... .......... .......... .......... 36% 32.4M 0s","logger":"airflow.task.hooks.airflow.providers.standard.hooks.subprocess.SubprocessHook"}
{"timestamp":"2025-07-17T08:54:46.065321","level":"info","event":"  2750K .......... .......... .......... .......... .......... 36% 33.3M 0s","logger":"airflow.task.hooks.airflow.providers.standard.hooks.subprocess.SubprocessHook"}
{"timestamp":"2025-07-17T08:54:46.067216","level":"info","event":"  2800K .......... .......... .......... .......... .......... 37% 26.0M 0s","logger":"airflow.task.hooks.airflow.providers.standard.hooks.subprocess.SubprocessHook"}
{"timestamp":"2025-07-17T08:54:46.070518","level":"info","event":"  2850K .......... .......... .......... .......... .......... 38% 17.5M 0s","logger":"airflow.task.hooks.airflow.providers.standard.hooks.subprocess.SubprocessHook"}
{"timestamp":"2025-07-17T08:54:46.073566","level":"info","event":"  2900K .......... .......... .......... .......... .......... 38% 13.9M 0s","logger":"airflow.task.hooks.airflow.providers.standard.hooks.subprocess.SubprocessHook"}
{"timestamp":"2025-07-17T08:54:46.074891","level":"info","event":"  2950K .......... .......... .......... .......... .......... 39% 36.0M 0s","logger":"airflow.task.hooks.airflow.providers.standard.hooks.subprocess.SubprocessHook"}
{"timestamp":"2025-07-17T08:54:46.078125","level":"info","event":"  3000K .......... .......... .......... .......... .......... 40% 15.0M 0s","logger":"airflow.task.hooks.airflow.providers.standard.hooks.subprocess.SubprocessHook"}
{"timestamp":"2025-07-17T08:54:46.079085","level":"info","event":"  3050K .......... .......... .......... .......... .......... 40% 51.4M 0s","logger":"airflow.task.hooks.airflow.providers.standard.hooks.subprocess.SubprocessHook"}
{"timestamp":"2025-07-17T08:54:46.080305","level":"info","event":"  3100K .......... .......... .......... .......... .......... 41% 40.3M 0s","logger":"airflow.task.hooks.airflow.providers.standard.hooks.subprocess.SubprocessHook"}
{"timestamp":"2025-07-17T08:54:46.082792","level":"info","event":"  3150K .......... .......... .......... .......... .......... 42% 19.8M 0s","logger":"airflow.task.hooks.airflow.providers.standard.hooks.subprocess.SubprocessHook"}
{"timestamp":"2025-07-17T08:54:46.083021","level":"info","event":"  3200K .......... .......... .......... .......... .......... 42%  215M 0s","logger":"airflow.task.hooks.airflow.providers.standard.hooks.subprocess.SubprocessHook"}
{"timestamp":"2025-07-17T08:54:46.089759","level":"info","event":"  3250K .......... .......... .......... .......... .......... 43% 7.24M 0s","logger":"airflow.task.hooks.airflow.providers.standard.hooks.subprocess.SubprocessHook"}
{"timestamp":"2025-07-17T08:54:46.091246","level":"info","event":"  3300K .......... .......... .......... .......... .......... 44% 32.6M 0s","logger":"airflow.task.hooks.airflow.providers.standard.hooks.subprocess.SubprocessHook"}
{"timestamp":"2025-07-17T08:54:46.092661","level":"info","event":"  3350K .......... .......... .......... .......... .......... 44% 34.0M 0s","logger":"airflow.task.hooks.airflow.providers.standard.hooks.subprocess.SubprocessHook"}
{"timestamp":"2025-07-17T08:54:46.096152","level":"info","event":"  3400K .......... .......... .......... .......... .......... 45% 14.0M 0s","logger":"airflow.task.hooks.airflow.providers.standard.hooks.subprocess.SubprocessHook"}
{"timestamp":"2025-07-17T08:54:46.096577","level":"info","event":"  3450K .......... .......... .......... .......... .......... 46%  110M 0s","logger":"airflow.task.hooks.airflow.providers.standard.hooks.subprocess.SubprocessHook"}
{"timestamp":"2025-07-17T08:54:46.098510","level":"info","event":"  3500K .......... .......... .......... .......... .......... 46% 25.8M 0s","logger":"airflow.task.hooks.airflow.providers.standard.hooks.subprocess.SubprocessHook"}
{"timestamp":"2025-07-17T08:54:46.100077","level":"info","event":"  3550K .......... .......... .......... .......... .......... 47% 31.2M 0s","logger":"airflow.task.hooks.airflow.providers.standard.hooks.subprocess.SubprocessHook"}
{"timestamp":"2025-07-17T08:54:46.103008","level":"info","event":"  3600K .......... .......... .......... .......... .......... 48% 16.7M 0s","logger":"airflow.task.hooks.airflow.providers.standard.hooks.subprocess.SubprocessHook"}
{"timestamp":"2025-07-17T08:54:46.104938","level":"info","event":"  3650K .......... .......... .......... .......... .......... 48% 24.9M 0s","logger":"airflow.task.hooks.airflow.providers.standard.hooks.subprocess.SubprocessHook"}
{"timestamp":"2025-07-17T08:54:46.106679","level":"info","event":"  3700K .......... .......... .......... .......... .......... 49% 28.1M 0s","logger":"airflow.task.hooks.airflow.providers.standard.hooks.subprocess.SubprocessHook"}
{"timestamp":"2025-07-17T08:54:46.109350","level":"info","event":"  3750K .......... .......... .......... .......... .......... 50% 18.4M 0s","logger":"airflow.task.hooks.airflow.providers.standard.hooks.subprocess.SubprocessHook"}
{"timestamp":"2025-07-17T08:54:46.111015","level":"info","event":"  3800K .......... .......... .......... .......... .......... 50% 53.0M 0s","logger":"airflow.task.hooks.airflow.providers.standard.hooks.subprocess.SubprocessHook"}
{"timestamp":"2025-07-17T08:54:46.111942","level":"info","event":"  3850K .......... .......... .......... .......... .......... 51% 29.3M 0s","logger":"airflow.task.hooks.airflow.providers.standard.hooks.subprocess.SubprocessHook"}
{"timestamp":"2025-07-17T08:54:46.113645","level":"info","event":"  3900K .......... .......... .......... .......... .......... 51% 28.8M 0s","logger":"airflow.task.hooks.airflow.providers.standard.hooks.subprocess.SubprocessHook"}
{"timestamp":"2025-07-17T08:54:46.114942","level":"info","event":"  3950K .......... .......... .......... .......... .......... 52% 37.2M 0s","logger":"airflow.task.hooks.airflow.providers.standard.hooks.subprocess.SubprocessHook"}
{"timestamp":"2025-07-17T08:54:46.118215","level":"info","event":"  4000K .......... .......... .......... .......... .......... 53% 15.3M 0s","logger":"airflow.task.hooks.airflow.providers.standard.hooks.subprocess.SubprocessHook"}
{"timestamp":"2025-07-17T08:54:46.118884","level":"info","event":"  4050K .......... .......... .......... .......... .......... 53% 65.5M 0s","logger":"airflow.task.hooks.airflow.providers.standard.hooks.subprocess.SubprocessHook"}
{"timestamp":"2025-07-17T08:54:46.120523","level":"info","event":"  4100K .......... .......... .......... .......... .......... 54% 29.5M 0s","logger":"airflow.task.hooks.airflow.providers.standard.hooks.subprocess.SubprocessHook"}
{"timestamp":"2025-07-17T08:54:46.122116","level":"info","event":"  4150K .......... .......... .......... .......... .......... 55% 31.3M 0s","logger":"airflow.task.hooks.airflow.providers.standard.hooks.subprocess.SubprocessHook"}
{"timestamp":"2025-07-17T08:54:46.123530","level":"info","event":"  4200K .......... .......... .......... .......... .......... 55% 36.1M 0s","logger":"airflow.task.hooks.airflow.providers.standard.hooks.subprocess.SubprocessHook"}
{"timestamp":"2025-07-17T08:54:46.126253","level":"info","event":"  4250K .......... .......... .......... .......... .......... 56% 17.6M 0s","logger":"airflow.task.hooks.airflow.providers.standard.hooks.subprocess.SubprocessHook"}
{"timestamp":"2025-07-17T08:54:46.126622","level":"info","event":"  4300K .......... .......... .......... .......... .......... 57%  123M 0s","logger":"airflow.task.hooks.airflow.providers.standard.hooks.subprocess.SubprocessHook"}
{"timestamp":"2025-07-17T08:54:46.127814","level":"info","event":"  4350K .......... .......... .......... .......... .......... 57% 40.1M 0s","logger":"airflow.task.hooks.airflow.providers.standard.hooks.subprocess.SubprocessHook"}
{"timestamp":"2025-07-17T08:54:46.130370","level":"info","event":"  4400K .......... .......... .......... .......... .......... 58% 19.1M 0s","logger":"airflow.task.hooks.airflow.providers.standard.hooks.subprocess.SubprocessHook"}
{"timestamp":"2025-07-17T08:54:46.132236","level":"info","event":"  4450K .......... .......... .......... .......... .......... 59% 26.2M 0s","logger":"airflow.task.hooks.airflow.providers.standard.hooks.subprocess.SubprocessHook"}
{"timestamp":"2025-07-17T08:54:46.133545","level":"info","event":"  4500K .......... .......... .......... .......... .......... 59%  129M 0s","logger":"airflow.task.hooks.airflow.providers.standard.hooks.subprocess.SubprocessHook"}
{"timestamp":"2025-07-17T08:54:46.134547","level":"info","event":"  4550K .......... .......... .......... .......... .......... 60% 26.0M 0s","logger":"airflow.task.hooks.airflow.providers.standard.hooks.subprocess.SubprocessHook"}
{"timestamp":"2025-07-17T08:54:46.136954","level":"info","event":"  4600K .......... .......... .......... .......... .......... 61% 21.6M 0s","logger":"airflow.task.hooks.airflow.providers.standard.hooks.subprocess.SubprocessHook"}
{"timestamp":"2025-07-17T08:54:46.138167","level":"info","event":"  4650K .......... .......... .......... .......... .......... 61% 35.8M 0s","logger":"airflow.task.hooks.airflow.providers.standard.hooks.subprocess.SubprocessHook"}
{"timestamp":"2025-07-17T08:54:46.140630","level":"info","event":"  4700K .......... .......... .......... .......... .......... 62% 19.5M 0s","logger":"airflow.task.hooks.airflow.providers.standard.hooks.subprocess.SubprocessHook"}
{"timestamp":"2025-07-17T08:54:46.141830","level":"info","event":"  4750K .......... .......... .......... .......... .......... 63% 41.6M 0s","logger":"airflow.task.hooks.airflow.providers.standard.hooks.subprocess.SubprocessHook"}
{"timestamp":"2025-07-17T08:54:46.143592","level":"info","event":"  4800K .......... .......... .......... .......... .......... 63% 27.3M 0s","logger":"airflow.task.hooks.airflow.providers.standard.hooks.subprocess.SubprocessHook"}
{"timestamp":"2025-07-17T08:54:46.144464","level":"info","event":"  4850K .......... .......... .......... .......... .......... 64% 56.8M 0s","logger":"airflow.task.hooks.airflow.providers.standard.hooks.subprocess.SubprocessHook"}
{"timestamp":"2025-07-17T08:54:46.146291","level":"info","event":"  4900K .......... .......... .......... .......... .......... 65% 26.8M 0s","logger":"airflow.task.hooks.airflow.providers.standard.hooks.subprocess.SubprocessHook"}
{"timestamp":"2025-07-17T08:54:46.147870","level":"info","event":"  4950K .......... .......... .......... .......... .......... 65% 31.3M 0s","logger":"airflow.task.hooks.airflow.providers.standard.hooks.subprocess.SubprocessHook"}
{"timestamp":"2025-07-17T08:54:46.149460","level":"info","event":"  5000K .......... .......... .......... .......... .......... 66% 29.9M 0s","logger":"airflow.task.hooks.airflow.providers.standard.hooks.subprocess.SubprocessHook"}
{"timestamp":"2025-07-17T08:54:46.151508","level":"info","event":"  5050K .......... .......... .......... .......... .......... 67% 23.9M 0s","logger":"airflow.task.hooks.airflow.providers.standard.hooks.subprocess.SubprocessHook"}
{"timestamp":"2025-07-17T08:54:46.152459","level":"info","event":"  5100K .......... .......... .......... .......... .......... 67% 53.0M 0s","logger":"airflow.task.hooks.airflow.providers.standard.hooks.subprocess.SubprocessHook"}
{"timestamp":"2025-07-17T08:54:46.154006","level":"info","event":"  5150K .......... .......... .......... .......... .......... 68% 31.7M 0s","logger":"airflow.task.hooks.airflow.providers.standard.hooks.subprocess.SubprocessHook"}
{"timestamp":"2025-07-17T08:54:46.155924","level":"info","event":"  5200K .......... .......... .......... .......... .......... 69% 25.6M 0s","logger":"airflow.task.hooks.airflow.providers.standard.hooks.subprocess.SubprocessHook"}
{"timestamp":"2025-07-17T08:54:46.156565","level":"info","event":"  5250K .......... .......... .......... .......... .......... 69% 73.9M 0s","logger":"airflow.task.hooks.airflow.providers.standard.hooks.subprocess.SubprocessHook"}
{"timestamp":"2025-07-17T08:54:46.158374","level":"info","event":"  5300K .......... .......... .......... .......... .......... 70% 26.7M 0s","logger":"airflow.task.hooks.airflow.providers.standard.hooks.subprocess.SubprocessHook"}
{"timestamp":"2025-07-17T08:54:46.159903","level":"info","event":"  5350K .......... .......... .......... .......... .......... 71% 31.7M 0s","logger":"airflow.task.hooks.airflow.providers.standard.hooks.subprocess.SubprocessHook"}
{"timestamp":"2025-07-17T08:54:46.161149","level":"info","event":"  5400K .......... .......... .......... .......... .......... 71% 39.2M 0s","logger":"airflow.task.hooks.airflow.providers.standard.hooks.subprocess.SubprocessHook"}
{"timestamp":"2025-07-17T08:54:46.162850","level":"info","event":"  5450K .......... .......... .......... .......... .......... 72% 30.1M 0s","logger":"airflow.task.hooks.airflow.providers.standard.hooks.subprocess.SubprocessHook"}
{"timestamp":"2025-07-17T08:54:46.164560","level":"info","event":"  5500K .......... .......... .......... .......... .......... 73% 27.7M 0s","logger":"airflow.task.hooks.airflow.providers.standard.hooks.subprocess.SubprocessHook"}
{"timestamp":"2025-07-17T08:54:46.165272","level":"info","event":"  5550K .......... .......... .......... .......... .......... 73% 68.1M 0s","logger":"airflow.task.hooks.airflow.providers.standard.hooks.subprocess.SubprocessHook"}
{"timestamp":"2025-07-17T08:54:46.166772","level":"info","event":"  5600K .......... .......... .......... .......... .......... 74% 32.3M 0s","logger":"airflow.task.hooks.airflow.providers.standard.hooks.subprocess.SubprocessHook"}
{"timestamp":"2025-07-17T08:54:46.169006","level":"info","event":"  5650K .......... .......... .......... .......... .......... 75% 22.6M 0s","logger":"airflow.task.hooks.airflow.providers.standard.hooks.subprocess.SubprocessHook"}
{"timestamp":"2025-07-17T08:54:46.170882","level":"info","event":"  5700K .......... .......... .......... .......... .......... 75% 25.0M 0s","logger":"airflow.task.hooks.airflow.providers.standard.hooks.subprocess.SubprocessHook"}
{"timestamp":"2025-07-17T08:54:46.172635","level":"info","event":"  5750K .......... .......... .......... .......... .......... 76% 27.8M 0s","logger":"airflow.task.hooks.airflow.providers.standard.hooks.subprocess.SubprocessHook"}
{"timestamp":"2025-07-17T08:54:46.173309","level":"info","event":"  5800K .......... .......... .......... .......... .......... 76% 72.8M 0s","logger":"airflow.task.hooks.airflow.providers.standard.hooks.subprocess.SubprocessHook"}
{"timestamp":"2025-07-17T08:54:46.175088","level":"info","event":"  5850K .......... .......... .......... .......... .......... 77% 29.4M 0s","logger":"airflow.task.hooks.airflow.providers.standard.hooks.subprocess.SubprocessHook"}
{"timestamp":"2025-07-17T08:54:46.177069","level":"info","event":"  5900K .......... .......... .......... .......... .......... 78% 23.8M 0s","logger":"airflow.task.hooks.airflow.providers.standard.hooks.subprocess.SubprocessHook"}
{"timestamp":"2025-07-17T08:54:46.177675","level":"info","event":"  5950K .......... .......... .......... .......... .......... 78% 78.2M 0s","logger":"airflow.task.hooks.airflow.providers.standard.hooks.subprocess.SubprocessHook"}
{"timestamp":"2025-07-17T08:54:46.179140","level":"info","event":"  6000K .......... .......... .......... .......... .......... 79% 32.7M 0s","logger":"airflow.task.hooks.airflow.providers.standard.hooks.subprocess.SubprocessHook"}
{"timestamp":"2025-07-17T08:54:46.180229","level":"info","event":"  6050K .......... .......... .......... .......... .......... 80% 45.2M 0s","logger":"airflow.task.hooks.airflow.providers.standard.hooks.subprocess.SubprocessHook"}
{"timestamp":"2025-07-17T08:54:46.181645","level":"info","event":"  6100K .......... .......... .......... .......... .......... 80% 34.4M 0s","logger":"airflow.task.hooks.airflow.providers.standard.hooks.subprocess.SubprocessHook"}
{"timestamp":"2025-07-17T08:54:46.183652","level":"info","event":"  6150K .......... .......... .......... .......... .......... 81% 26.7M 0s","logger":"airflow.task.hooks.airflow.providers.standard.hooks.subprocess.SubprocessHook"}
{"timestamp":"2025-07-17T08:54:46.186392","level":"info","event":"  6200K .......... .......... .......... .......... .......... 82% 23.2M 0s","logger":"airflow.task.hooks.airflow.providers.standard.hooks.subprocess.SubprocessHook"}
{"timestamp":"2025-07-17T08:54:46.187594","level":"info","event":"  6250K .......... .......... .......... .......... .......... 82% 33.4M 0s","logger":"airflow.task.hooks.airflow.providers.standard.hooks.subprocess.SubprocessHook"}
{"timestamp":"2025-07-17T08:54:46.188832","level":"info","event":"  6300K .......... .......... .......... .......... .......... 83% 31.5M 0s","logger":"airflow.task.hooks.airflow.providers.standard.hooks.subprocess.SubprocessHook"}
{"timestamp":"2025-07-17T08:54:46.189889","level":"info","event":"  6350K .......... .......... .......... .......... .......... 84% 44.7M 0s","logger":"airflow.task.hooks.airflow.providers.standard.hooks.subprocess.SubprocessHook"}
{"timestamp":"2025-07-17T08:54:46.191622","level":"info","event":"  6400K .......... .......... .......... .......... .......... 84% 26.3M 0s","logger":"airflow.task.hooks.airflow.providers.standard.hooks.subprocess.SubprocessHook"}
{"timestamp":"2025-07-17T08:54:46.192285","level":"info","event":"  6450K .......... .......... .......... .......... .......... 85% 67.0M 0s","logger":"airflow.task.hooks.airflow.providers.standard.hooks.subprocess.SubprocessHook"}
{"timestamp":"2025-07-17T08:54:46.192547","level":"info","event":"  6500K .......... .......... .......... .......... .......... 86%  257M 0s","logger":"airflow.task.hooks.airflow.providers.standard.hooks.subprocess.SubprocessHook"}
{"timestamp":"2025-07-17T08:54:46.194717","level":"info","event":"  6550K .......... .......... .......... .......... .......... 86% 27.5M 0s","logger":"airflow.task.hooks.airflow.providers.standard.hooks.subprocess.SubprocessHook"}
{"timestamp":"2025-07-17T08:54:46.196723","level":"info","event":"  6600K .......... .......... .......... .......... .......... 87% 20.0M 0s","logger":"airflow.task.hooks.airflow.providers.standard.hooks.subprocess.SubprocessHook"}
{"timestamp":"2025-07-17T08:54:46.197095","level":"info","event":"  6650K .......... .......... .......... .......... .......... 88%  122M 0s","logger":"airflow.task.hooks.airflow.providers.standard.hooks.subprocess.SubprocessHook"}
{"timestamp":"2025-07-17T08:54:46.199451","level":"info","event":"  6700K .......... .......... .......... .......... .......... 88% 21.1M 0s","logger":"airflow.task.hooks.airflow.providers.standard.hooks.subprocess.SubprocessHook"}
{"timestamp":"2025-07-17T08:54:46.200646","level":"info","event":"  6750K .......... .......... .......... .......... .......... 89% 41.5M 0s","logger":"airflow.task.hooks.airflow.providers.standard.hooks.subprocess.SubprocessHook"}
{"timestamp":"2025-07-17T08:54:46.202020","level":"info","event":"  6800K .......... .......... .......... .......... .......... 90% 33.8M 0s","logger":"airflow.task.hooks.airflow.providers.standard.hooks.subprocess.SubprocessHook"}
{"timestamp":"2025-07-17T08:54:46.203274","level":"info","event":"  6850K .......... .......... .......... .......... .......... 90% 39.5M 0s","logger":"airflow.task.hooks.airflow.providers.standard.hooks.subprocess.SubprocessHook"}
{"timestamp":"2025-07-17T08:54:46.204355","level":"info","event":"  6900K .......... .......... .......... .......... .......... 91% 44.4M 0s","logger":"airflow.task.hooks.airflow.providers.standard.hooks.subprocess.SubprocessHook"}
{"timestamp":"2025-07-17T08:54:46.206335","level":"info","event":"  6950K .......... .......... .......... .......... .......... 92% 32.1M 0s","logger":"airflow.task.hooks.airflow.providers.standard.hooks.subprocess.SubprocessHook"}
{"timestamp":"2025-07-17T08:54:46.207460","level":"info","event":"  7000K .......... .......... .......... .......... .......... 92% 31.2M 0s","logger":"airflow.task.hooks.airflow.providers.standard.hooks.subprocess.SubprocessHook"}
{"timestamp":"2025-07-17T08:54:46.210125","level":"info","event":"  7050K .......... .......... .......... .......... .......... 93% 34.7M 0s","logger":"airflow.task.hooks.airflow.providers.standard.hooks.subprocess.SubprocessHook"}
{"timestamp":"2025-07-17T08:54:46.210950","level":"info","event":"  7100K .......... .......... .......... .......... .......... 94% 23.4M 0s","logger":"airflow.task.hooks.airflow.providers.standard.hooks.subprocess.SubprocessHook"}
{"timestamp":"2025-07-17T08:54:46.212959","level":"info","event":"  7150K .......... .......... .......... .......... .......... 94% 25.1M 0s","logger":"airflow.task.hooks.airflow.providers.standard.hooks.subprocess.SubprocessHook"}
{"timestamp":"2025-07-17T08:54:46.213234","level":"info","event":"  7200K .......... .......... .......... .......... .......... 95%  145M 0s","logger":"airflow.task.hooks.airflow.providers.standard.hooks.subprocess.SubprocessHook"}
{"timestamp":"2025-07-17T08:54:46.214911","level":"info","event":"  7250K .......... .......... .......... .......... .......... 96% 30.6M 0s","logger":"airflow.task.hooks.airflow.providers.standard.hooks.subprocess.SubprocessHook"}
{"timestamp":"2025-07-17T08:54:46.215980","level":"info","event":"  7300K .......... .......... .......... .......... .......... 96% 42.9M 0s","logger":"airflow.task.hooks.airflow.providers.standard.hooks.subprocess.SubprocessHook"}
{"timestamp":"2025-07-17T08:54:46.217340","level":"info","event":"  7350K .......... .......... .......... .......... .......... 97% 35.3M 0s","logger":"airflow.task.hooks.airflow.providers.standard.hooks.subprocess.SubprocessHook"}
{"timestamp":"2025-07-17T08:54:46.218963","level":"info","event":"  7400K .......... .......... .......... .......... .......... 98% 30.0M 0s","logger":"airflow.task.hooks.airflow.providers.standard.hooks.subprocess.SubprocessHook"}
{"timestamp":"2025-07-17T08:54:46.220878","level":"info","event":"  7450K .......... .......... .......... .......... .......... 98% 45.2M 0s","logger":"airflow.task.hooks.airflow.providers.standard.hooks.subprocess.SubprocessHook"}
{"timestamp":"2025-07-17T08:54:46.221871","level":"info","event":"  7500K .......... .......... .......... .......... .......... 99% 26.7M 0s","logger":"airflow.task.hooks.airflow.providers.standard.hooks.subprocess.SubprocessHook"}
{"timestamp":"2025-07-17T08:54:46.223539","level":"info","event":"  7550K .......... .......... .......... .......... ........  100% 28.4M=0.4s","logger":"airflow.task.hooks.airflow.providers.standard.hooks.subprocess.SubprocessHook"}
{"timestamp":"2025-07-17T08:54:46.223614","level":"info","event":"","logger":"airflow.task.hooks.airflow.providers.standard.hooks.subprocess.SubprocessHook"}
{"timestamp":"2025-07-17T08:54:46.223667","level":"info","event":"2025-07-17 08:54:46 (19.6 MB/s) - ‘/opt/airflow/green_tripdata_2019-11.csv’ saved [7781029/7781029]","logger":"airflow.task.hooks.airflow.providers.standard.hooks.subprocess.SubprocessHook"}
{"timestamp":"2025-07-17T08:54:46.223730","level":"info","event":"","logger":"airflow.task.hooks.airflow.providers.standard.hooks.subprocess.SubprocessHook"}
{"timestamp":"2025-07-17T08:54:46.226262","level":"info","event":"Command exited with return code 0","logger":"airflow.task.hooks.airflow.providers.standard.hooks.subprocess.SubprocessHook"}
{"timestamp":"2025-07-17T08:54:46.229045","level":"info","event":"Pushing xcom","ti":"RuntimeTaskInstance(id=UUID('01981797-cfa6-7dbd-b622-b55887894649'), task_id='download_dataset_task', dag_id='upload_gcs_greentrips', run_id='scheduled__2019-11-02T06:00:00+00:00', try_number=1, map_index=-1, hostname='8c16a644909e', context_carrier={}, task=<Task(BashOperator): download_dataset_task>, bundle_instance=LocalDagBundle(name=dags-folder), max_tries=0, start_date=datetime.datetime(2025, 7, 17, 8, 54, 42, 265328, tzinfo=TzInfo(UTC)), end_date=None, state=<TaskInstanceState.RUNNING: 'running'>, is_mapped=False, rendered_map_index=None)","logger":"task"}
{"timestamp":"2025-07-17T17:11:40.663838","level":"info","event":"DAG bundles loaded: dags-folder","logger":"airflow.dag_processing.bundles.manager.DagBundlesManager"}
{"timestamp":"2025-07-17T17:11:40.665010","level":"info","event":"Filling up the DagBag from /opt/airflow/dags/data_ingestion_gcs_dag.py","logger":"airflow.models.dagbag.DagBag"}
{"timestamp":"2025-07-17T17:11:42.214585","level":"info","event":"Tmp dir root location: /tmp","logger":"airflow.task.hooks.airflow.providers.standard.hooks.subprocess.SubprocessHook"}
{"timestamp":"2025-07-17T17:11:42.223045","level":"info","event":"Running command: ['/usr/bin/bash', '-c', 'echo https://github.com/DataTalksClub/nyc-tlc-data/releases/download/green/green_tripdata_2019-11.csv.gz && wget --no-verbose https://github.com/DataTalksClub/nyc-tlc-data/releases/download/green/green_tripdata_2019-11.csv.gz -O /opt/airflow/green_tripdata_2019-11.csv.gz && gunzip -f /opt/airflow/green_tripdata_2019-11.csv.gz']","logger":"airflow.task.hooks.airflow.providers.standard.hooks.subprocess.SubprocessHook"}
{"timestamp":"2025-07-17T17:11:42.291928","level":"info","event":"Output:","logger":"airflow.task.hooks.airflow.providers.standard.hooks.subprocess.SubprocessHook"}
{"timestamp":"2025-07-17T17:11:42.301117","level":"info","event":"https://github.com/DataTalksClub/nyc-tlc-data/releases/download/green/green_tripdata_2019-11.csv.gz","logger":"airflow.task.hooks.airflow.providers.standard.hooks.subprocess.SubprocessHook"}
{"timestamp":"2025-07-17T17:11:43.351316","level":"info","event":"2025-07-17 17:11:43 URL:https://release-assets.githubusercontent.com/github-production-release-asset/513814948/1144f907-aace-4091-a7e6-4f7023d6d140?sp=r&sv=2018-11-09&sr=b&spr=https&se=2025-07-17T17%3A47%3A33Z&rscd=attachment%3B+filename%3Dgreen_tripdata_2019-11.csv.gz&rsct=application%2Foctet-stream&skoid=96c2d410-5711-43a1-aedd-ab1947aa7ab0&sktid=398a6654-997b-47e9-b12b-9515b896b4de&skt=2025-07-17T16%3A46%3A38Z&ske=2025-07-17T17%3A47%3A33Z&sks=b&skv=2018-11-09&sig=YZqpz4Hp01OkdRa%2BEQX98T79di5T6lcnFQRYXxD794Q%3D&jwt=eyJ******&response-content-disposition=attachment%3B%20filename%3Dgreen_tripdata_2019-11.csv.gz&response-content-type=application%2Foctet-stream [7781029/7781029] -> \"/opt/airflow/green_tripdata_2019-11.csv.gz\" [1]","logger":"airflow.task.hooks.airflow.providers.standard.hooks.subprocess.SubprocessHook"}
{"timestamp":"2025-07-17T17:11:44.109199","level":"info","event":"Command exited with return code 0","logger":"airflow.task.hooks.airflow.providers.standard.hooks.subprocess.SubprocessHook"}
{"timestamp":"2025-07-17T17:11:44.123106","level":"info","event":"Pushing xcom","ti":"RuntimeTaskInstance(id=UUID('0198195e-cd9e-7d5d-878c-a11155211737'), task_id='download_dataset_task', dag_id='upload_gcs_greentrips', run_id='scheduled__2019-11-02T06:00:00+00:00', try_number=1, map_index=-1, hostname='8c16a644909e', context_carrier={}, task=<Task(BashOperator): download_dataset_task>, bundle_instance=LocalDagBundle(name=dags-folder), max_tries=0, start_date=datetime.datetime(2025, 7, 17, 17, 11, 40, 380738, tzinfo=TzInfo(UTC)), end_date=None, state=<TaskInstanceState.RUNNING: 'running'>, is_mapped=False, rendered_map_index=None)","logger":"task"}
{"timestamp":"2025-07-17T17:18:02.906109","level":"info","event":"DAG bundles loaded: dags-folder","logger":"airflow.dag_processing.bundles.manager.DagBundlesManager"}
{"timestamp":"2025-07-17T17:18:02.907466","level":"info","event":"Filling up the DagBag from /opt/airflow/dags/data_ingestion_gcs_dag.py","logger":"airflow.models.dagbag.DagBag"}
{"timestamp":"2025-07-17T17:18:04.469848","level":"info","event":"Tmp dir root location: /tmp","logger":"airflow.task.hooks.airflow.providers.standard.hooks.subprocess.SubprocessHook"}
{"timestamp":"2025-07-17T17:18:04.485533","level":"info","event":"Running command: ['/usr/bin/bash', '-c', 'echo https://github.com/DataTalksClub/nyc-tlc-data/releases/download/green/green_tripdata_2019-11.csv.gz && wget --no-verbose https://github.com/DataTalksClub/nyc-tlc-data/releases/download/green/green_tripdata_2019-11.csv.gz -O /opt/airflow/green_tripdata_2019-11.csv.gz && gunzip -f /opt/airflow/green_tripdata_2019-11.csv.gz']","logger":"airflow.task.hooks.airflow.providers.standard.hooks.subprocess.SubprocessHook"}
{"timestamp":"2025-07-17T17:18:04.512770","level":"info","event":"Output:","logger":"airflow.task.hooks.airflow.providers.standard.hooks.subprocess.SubprocessHook"}
{"timestamp":"2025-07-17T17:18:04.515340","level":"info","event":"https://github.com/DataTalksClub/nyc-tlc-data/releases/download/green/green_tripdata_2019-11.csv.gz","logger":"airflow.task.hooks.airflow.providers.standard.hooks.subprocess.SubprocessHook"}
{"timestamp":"2025-07-17T17:18:05.828010","level":"info","event":"2025-07-17 17:18:05 URL:https://release-assets.githubusercontent.com/github-production-release-asset/513814948/1144f907-aace-4091-a7e6-4f7023d6d140?sp=r&sv=2018-11-09&sr=b&spr=https&se=2025-07-17T18%3A13%3A39Z&rscd=attachment%3B+filename%3Dgreen_tripdata_2019-11.csv.gz&rsct=application%2Foctet-stream&skoid=96c2d410-5711-43a1-aedd-ab1947aa7ab0&sktid=398a6654-997b-47e9-b12b-9515b896b4de&skt=2025-07-17T17%3A12%3A48Z&ske=2025-07-17T18%3A13%3A39Z&sks=b&skv=2018-11-09&sig=x9RYmu%2BI6186w8xiLuEGi3qxdqFxzh5CrvgWwfkkm7M%3D&jwt=eyJ******&response-content-disposition=attachment%3B%20filename%3Dgreen_tripdata_2019-11.csv.gz&response-content-type=application%2Foctet-stream [7781029/7781029] -> \"/opt/airflow/green_tripdata_2019-11.csv.gz\" [1]","logger":"airflow.task.hooks.airflow.providers.standard.hooks.subprocess.SubprocessHook"}
{"timestamp":"2025-07-17T17:18:06.550521","level":"info","event":"Command exited with return code 0","logger":"airflow.task.hooks.airflow.providers.standard.hooks.subprocess.SubprocessHook"}
{"timestamp":"2025-07-17T17:18:06.564671","level":"info","event":"Pushing xcom","ti":"RuntimeTaskInstance(id=UUID('01981964-a1ce-7a61-b85a-b5254d0f8050'), task_id='download_dataset_task', dag_id='upload_gcs_greentrips', run_id='scheduled__2019-11-02T06:00:00+00:00', try_number=1, map_index=-1, hostname='8c16a644909e', context_carrier={}, task=<Task(BashOperator): download_dataset_task>, bundle_instance=LocalDagBundle(name=dags-folder), max_tries=0, start_date=datetime.datetime(2025, 7, 17, 17, 18, 2, 376243, tzinfo=TzInfo(UTC)), end_date=None, state=<TaskInstanceState.RUNNING: 'running'>, is_mapped=False, rendered_map_index=None)","logger":"task"}
{"timestamp":"2025-07-17T17:20:59.899501","level":"info","event":"DAG bundles loaded: dags-folder","logger":"airflow.dag_processing.bundles.manager.DagBundlesManager"}
{"timestamp":"2025-07-17T17:20:59.900301","level":"info","event":"Filling up the DagBag from /opt/airflow/dags/data_ingestion_gcs_dag.py","logger":"airflow.models.dagbag.DagBag"}
{"timestamp":"2025-07-17T17:21:02.641090","level":"info","event":"Tmp dir root location: /tmp","logger":"airflow.task.hooks.airflow.providers.standard.hooks.subprocess.SubprocessHook"}
{"timestamp":"2025-07-17T17:21:02.652572","level":"info","event":"Running command: ['/usr/bin/bash', '-c', 'echo https://github.com/DataTalksClub/nyc-tlc-data/releases/download/green/green_tripdata_2019-11.csv.gz && wget --no-verbose https://github.com/DataTalksClub/nyc-tlc-data/releases/download/green/green_tripdata_2019-11.csv.gz -O /opt/airflow/green_tripdata_2019-11.csv.gz && gunzip -f /opt/airflow/green_tripdata_2019-11.csv.gz']","logger":"airflow.task.hooks.airflow.providers.standard.hooks.subprocess.SubprocessHook"}
{"timestamp":"2025-07-17T17:21:02.729692","level":"info","event":"Output:","logger":"airflow.task.hooks.airflow.providers.standard.hooks.subprocess.SubprocessHook"}
{"timestamp":"2025-07-17T17:21:02.763895","level":"info","event":"https://github.com/DataTalksClub/nyc-tlc-data/releases/download/green/green_tripdata_2019-11.csv.gz","logger":"airflow.task.hooks.airflow.providers.standard.hooks.subprocess.SubprocessHook"}
{"timestamp":"2025-07-17T17:21:03.906748","level":"info","event":"2025-07-17 17:21:03 URL:https://release-assets.githubusercontent.com/github-production-release-asset/513814948/1144f907-aace-4091-a7e6-4f7023d6d140?sp=r&sv=2018-11-09&sr=b&spr=https&se=2025-07-17T18%3A14%3A18Z&rscd=attachment%3B+filename%3Dgreen_tripdata_2019-11.csv.gz&rsct=application%2Foctet-stream&skoid=96c2d410-5711-43a1-aedd-ab1947aa7ab0&sktid=398a6654-997b-47e9-b12b-9515b896b4de&skt=2025-07-17T17%3A13%3A27Z&ske=2025-07-17T18%3A14%3A18Z&sks=b&skv=2018-11-09&sig=z2seljvIs9f7Y01ncFNphRn7cmzJAduTu%2FQ0L8zE9rk%3D&jwt=eyJ******&response-content-disposition=attachment%3B%20filename%3Dgreen_tripdata_2019-11.csv.gz&response-content-type=application%2Foctet-stream [7781029/7781029] -> \"/opt/airflow/green_tripdata_2019-11.csv.gz\" [1]","logger":"airflow.task.hooks.airflow.providers.standard.hooks.subprocess.SubprocessHook"}
{"timestamp":"2025-07-17T17:21:04.267781","level":"info","event":"Command exited with return code 0","logger":"airflow.task.hooks.airflow.providers.standard.hooks.subprocess.SubprocessHook"}
{"timestamp":"2025-07-17T17:21:04.277099","level":"info","event":"Pushing xcom","ti":"RuntimeTaskInstance(id=UUID('01981967-54a9-710b-bdc2-c69f56daf0ef'), task_id='download_dataset_task', dag_id='upload_gcs_greentrips', run_id='scheduled__2019-11-02T06:00:00+00:00', try_number=1, map_index=-1, hostname='8c16a644909e', context_carrier={}, task=<Task(BashOperator): download_dataset_task>, bundle_instance=LocalDagBundle(name=dags-folder), max_tries=0, start_date=datetime.datetime(2025, 7, 17, 17, 20, 59, 287036, tzinfo=TzInfo(UTC)), end_date=None, state=<TaskInstanceState.RUNNING: 'running'>, is_mapped=False, rendered_map_index=None)","logger":"task"}
{"timestamp":"2025-07-17T17:24:21.850116","level":"info","event":"DAG bundles loaded: dags-folder","logger":"airflow.dag_processing.bundles.manager.DagBundlesManager"}
{"timestamp":"2025-07-17T17:24:21.850707","level":"info","event":"Filling up the DagBag from /opt/airflow/dags/data_ingestion_gcs_dag.py","logger":"airflow.models.dagbag.DagBag"}
{"timestamp":"2025-07-17T17:24:25.036628","level":"info","event":"Tmp dir root location: /tmp","logger":"airflow.task.hooks.airflow.providers.standard.hooks.subprocess.SubprocessHook"}
{"timestamp":"2025-07-17T17:24:25.042248","level":"info","event":"Running command: ['/usr/bin/bash', '-c', 'echo https://github.com/DataTalksClub/nyc-tlc-data/releases/download/green/green_tripdata_2019-11.csv.gz && wget --no-verbose https://github.com/DataTalksClub/nyc-tlc-data/releases/download/green/green_tripdata_2019-11.csv.gz -O /opt/airflow/green_tripdata_2019-11.csv.gz && gunzip -f /opt/airflow/green_tripdata_2019-11.csv.gz']","logger":"airflow.task.hooks.airflow.providers.standard.hooks.subprocess.SubprocessHook"}
{"timestamp":"2025-07-17T17:24:25.092530","level":"info","event":"Output:","logger":"airflow.task.hooks.airflow.providers.standard.hooks.subprocess.SubprocessHook"}
{"timestamp":"2025-07-17T17:24:25.099216","level":"info","event":"https://github.com/DataTalksClub/nyc-tlc-data/releases/download/green/green_tripdata_2019-11.csv.gz","logger":"airflow.task.hooks.airflow.providers.standard.hooks.subprocess.SubprocessHook"}
{"timestamp":"2025-07-17T17:24:26.508002","level":"info","event":"2025-07-17 17:24:26 URL:https://release-assets.githubusercontent.com/github-production-release-asset/513814948/1144f907-aace-4091-a7e6-4f7023d6d140?sp=r&sv=2018-11-09&sr=b&spr=https&se=2025-07-17T18%3A13%3A22Z&rscd=attachment%3B+filename%3Dgreen_tripdata_2019-11.csv.gz&rsct=application%2Foctet-stream&skoid=96c2d410-5711-43a1-aedd-ab1947aa7ab0&sktid=398a6654-997b-47e9-b12b-9515b896b4de&skt=2025-07-17T17%3A12%3A30Z&ske=2025-07-17T18%3A13%3A22Z&sks=b&skv=2018-11-09&sig=Z7qHUyrUtDAcnpxk2Ebcs%2FKgIyZvv5KBnYg0XLnCZRA%3D&jwt=eyJ******&response-content-disposition=attachment%3B%20filename%3Dgreen_tripdata_2019-11.csv.gz&response-content-type=application%2Foctet-stream [7781029/7781029] -> \"/opt/airflow/green_tripdata_2019-11.csv.gz\" [1]","logger":"airflow.task.hooks.airflow.providers.standard.hooks.subprocess.SubprocessHook"}
{"timestamp":"2025-07-17T17:24:27.318202","level":"info","event":"Command exited with return code 0","logger":"airflow.task.hooks.airflow.providers.standard.hooks.subprocess.SubprocessHook"}
{"timestamp":"2025-07-17T17:24:27.338793","level":"info","event":"Pushing xcom","ti":"RuntimeTaskInstance(id=UUID('0198196a-6adc-7ab0-8fa8-fa84f2271ecf'), task_id='download_dataset_task', dag_id='upload_gcs_greentrips', run_id='scheduled__2019-11-02T06:00:00+00:00', try_number=1, map_index=-1, hostname='8c16a644909e', context_carrier={}, task=<Task(BashOperator): download_dataset_task>, bundle_instance=LocalDagBundle(name=dags-folder), max_tries=0, start_date=datetime.datetime(2025, 7, 17, 17, 24, 21, 552343, tzinfo=TzInfo(UTC)), end_date=None, state=<TaskInstanceState.RUNNING: 'running'>, is_mapped=False, rendered_map_index=None)","logger":"task"}
{"timestamp":"2025-07-17T17:44:37.189516","level":"info","event":"DAG bundles loaded: dags-folder","logger":"airflow.dag_processing.bundles.manager.DagBundlesManager"}
{"timestamp":"2025-07-17T17:44:37.190308","level":"info","event":"Filling up the DagBag from /opt/airflow/dags/data_ingestion_gcs_dag.py","logger":"airflow.models.dagbag.DagBag"}
{"timestamp":"2025-07-17T17:44:39.716888","level":"info","event":"Tmp dir root location: /tmp","logger":"airflow.task.hooks.airflow.providers.standard.hooks.subprocess.SubprocessHook"}
{"timestamp":"2025-07-17T17:44:39.720633","level":"info","event":"Running command: ['/usr/bin/bash', '-c', 'echo https://github.com/DataTalksClub/nyc-tlc-data/releases/download/green/green_tripdata_2019-11.csv.gz && wget --no-verbose https://github.com/DataTalksClub/nyc-tlc-data/releases/download/green/green_tripdata_2019-11.csv.gz -O /opt/airflow/green_tripdata_2019-11.csv.gz && gunzip -f /opt/airflow/green_tripdata_2019-11.csv.gz']","logger":"airflow.task.hooks.airflow.providers.standard.hooks.subprocess.SubprocessHook"}
{"timestamp":"2025-07-17T17:44:39.789288","level":"info","event":"Output:","logger":"airflow.task.hooks.airflow.providers.standard.hooks.subprocess.SubprocessHook"}
{"timestamp":"2025-07-17T17:44:39.793313","level":"info","event":"https://github.com/DataTalksClub/nyc-tlc-data/releases/download/green/green_tripdata_2019-11.csv.gz","logger":"airflow.task.hooks.airflow.providers.standard.hooks.subprocess.SubprocessHook"}
{"timestamp":"2025-07-17T17:44:40.906862","level":"info","event":"2025-07-17 17:44:40 URL:https://release-assets.githubusercontent.com/github-production-release-asset/513814948/1144f907-aace-4091-a7e6-4f7023d6d140?sp=r&sv=2018-11-09&sr=b&spr=https&se=2025-07-17T18%3A21%3A03Z&rscd=attachment%3B+filename%3Dgreen_tripdata_2019-11.csv.gz&rsct=application%2Foctet-stream&skoid=96c2d410-5711-43a1-aedd-ab1947aa7ab0&sktid=398a6654-997b-47e9-b12b-9515b896b4de&skt=2025-07-17T17%3A20%3A34Z&ske=2025-07-17T18%3A21%3A03Z&sks=b&skv=2018-11-09&sig=nAel7%2BB8dFvMucIH89%2BeZB5DWCeXztY88Jdqf6Y%2B3js%3D&jwt=eyJ******&response-content-disposition=attachment%3B%20filename%3Dgreen_tripdata_2019-11.csv.gz&response-content-type=application%2Foctet-stream [7781029/7781029] -> \"/opt/airflow/green_tripdata_2019-11.csv.gz\" [1]","logger":"airflow.task.hooks.airflow.providers.standard.hooks.subprocess.SubprocessHook"}
{"timestamp":"2025-07-17T17:44:41.262501","level":"info","event":"Command exited with return code 0","logger":"airflow.task.hooks.airflow.providers.standard.hooks.subprocess.SubprocessHook"}
{"timestamp":"2025-07-17T17:44:41.271551","level":"info","event":"Pushing xcom","ti":"RuntimeTaskInstance(id=UUID('0198197c-f4e3-79ab-8eae-3da6ab7cbdec'), task_id='download_dataset_task', dag_id='upload_gcs_greentrips', run_id='scheduled__2019-11-02T06:00:00+00:00', try_number=1, map_index=-1, hostname='8c16a644909e', context_carrier={}, task=<Task(BashOperator): download_dataset_task>, bundle_instance=LocalDagBundle(name=dags-folder), max_tries=0, start_date=datetime.datetime(2025, 7, 17, 17, 44, 36, 607040, tzinfo=TzInfo(UTC)), end_date=None, state=<TaskInstanceState.RUNNING: 'running'>, is_mapped=False, rendered_map_index=None)","logger":"task"}
{"timestamp":"2025-07-17T17:54:23.617835","level":"info","event":"DAG bundles loaded: dags-folder","logger":"airflow.dag_processing.bundles.manager.DagBundlesManager"}
{"timestamp":"2025-07-17T17:54:23.618549","level":"info","event":"Filling up the DagBag from /opt/airflow/dags/data_ingestion_gcs_dag.py","logger":"airflow.models.dagbag.DagBag"}
{"timestamp":"2025-07-17T17:54:27.564416","level":"info","event":"Tmp dir root location: /tmp","logger":"airflow.task.hooks.airflow.providers.standard.hooks.subprocess.SubprocessHook"}
{"timestamp":"2025-07-17T17:54:27.571636","level":"info","event":"Running command: ['/usr/bin/bash', '-c', 'echo https://github.com/DataTalksClub/nyc-tlc-data/releases/download/green/green_tripdata_2019-11.csv.gz && wget --no-verbose https://github.com/DataTalksClub/nyc-tlc-data/releases/download/green/green_tripdata_2019-11.csv.gz -O /opt/airflow/green_tripdata_2019-11.csv.gz && gunzip -f /opt/airflow/green_tripdata_2019-11.csv.gz']","logger":"airflow.task.hooks.airflow.providers.standard.hooks.subprocess.SubprocessHook"}
{"timestamp":"2025-07-17T17:54:27.683651","level":"info","event":"Output:","logger":"airflow.task.hooks.airflow.providers.standard.hooks.subprocess.SubprocessHook"}
{"timestamp":"2025-07-17T17:54:27.715961","level":"info","event":"https://github.com/DataTalksClub/nyc-tlc-data/releases/download/green/green_tripdata_2019-11.csv.gz","logger":"airflow.task.hooks.airflow.providers.standard.hooks.subprocess.SubprocessHook"}
{"timestamp":"2025-07-17T17:54:28.979853","level":"info","event":"2025-07-17 17:54:28 URL:https://release-assets.githubusercontent.com/github-production-release-asset/513814948/1144f907-aace-4091-a7e6-4f7023d6d140?sp=r&sv=2018-11-09&sr=b&spr=https&se=2025-07-17T18%3A50%3A04Z&rscd=attachment%3B+filename%3Dgreen_tripdata_2019-11.csv.gz&rsct=application%2Foctet-stream&skoid=96c2d410-5711-43a1-aedd-ab1947aa7ab0&sktid=398a6654-997b-47e9-b12b-9515b896b4de&skt=2025-07-17T17%3A49%3A28Z&ske=2025-07-17T18%3A50%3A04Z&sks=b&skv=2018-11-09&sig=rFN0XjFwVUuO%2FoeXQT7F1yFY5WFFluzW1X8QnwIXoTc%3D&jwt=eyJ******&response-content-disposition=attachment%3B%20filename%3Dgreen_tripdata_2019-11.csv.gz&response-content-type=application%2Foctet-stream [7781029/7781029] -> \"/opt/airflow/green_tripdata_2019-11.csv.gz\" [1]","logger":"airflow.task.hooks.airflow.providers.standard.hooks.subprocess.SubprocessHook"}
{"timestamp":"2025-07-17T17:54:29.496154","level":"info","event":"Command exited with return code 0","logger":"airflow.task.hooks.airflow.providers.standard.hooks.subprocess.SubprocessHook"}
{"timestamp":"2025-07-17T17:54:29.500362","level":"info","event":"Pushing xcom","ti":"RuntimeTaskInstance(id=UUID('01981985-e8d3-73f3-a447-77f0e43e9476'), task_id='download_dataset_task', dag_id='upload_gcs_greentrips', run_id='scheduled__2019-11-02T06:00:00+00:00', try_number=1, map_index=-1, hostname='8c16a644909e', context_carrier={}, task=<Task(BashOperator): download_dataset_task>, bundle_instance=LocalDagBundle(name=dags-folder), max_tries=0, start_date=datetime.datetime(2025, 7, 17, 17, 54, 23, 246814, tzinfo=TzInfo(UTC)), end_date=None, state=<TaskInstanceState.RUNNING: 'running'>, is_mapped=False, rendered_map_index=None)","logger":"task"}
{"timestamp":"2025-07-17T18:02:56.947522","level":"info","event":"DAG bundles loaded: dags-folder","logger":"airflow.dag_processing.bundles.manager.DagBundlesManager"}
{"timestamp":"2025-07-17T18:02:56.948229","level":"info","event":"Filling up the DagBag from /opt/airflow/dags/data_ingestion_gcs_dag.py","logger":"airflow.models.dagbag.DagBag"}
{"timestamp":"2025-07-17T18:03:00.085815","level":"info","event":"Tmp dir root location: /tmp","logger":"airflow.task.hooks.airflow.providers.standard.hooks.subprocess.SubprocessHook"}
{"timestamp":"2025-07-17T18:03:00.088713","level":"info","event":"Running command: ['/usr/bin/bash', '-c', 'echo https://github.com/DataTalksClub/nyc-tlc-data/releases/download/green/green_tripdata_2019-11.csv.gz && wget --no-verbose https://github.com/DataTalksClub/nyc-tlc-data/releases/download/green/green_tripdata_2019-11.csv.gz -O /opt/airflow/green_tripdata_2019-11.csv.gz && gunzip -f /opt/airflow/green_tripdata_2019-11.csv.gz']","logger":"airflow.task.hooks.airflow.providers.standard.hooks.subprocess.SubprocessHook"}
{"timestamp":"2025-07-17T18:03:00.202231","level":"info","event":"Output:","logger":"airflow.task.hooks.airflow.providers.standard.hooks.subprocess.SubprocessHook"}
{"timestamp":"2025-07-17T18:03:00.217076","level":"info","event":"https://github.com/DataTalksClub/nyc-tlc-data/releases/download/green/green_tripdata_2019-11.csv.gz","logger":"airflow.task.hooks.airflow.providers.standard.hooks.subprocess.SubprocessHook"}
{"timestamp":"2025-07-17T18:03:01.287347","level":"info","event":"2025-07-17 18:03:01 URL:https://release-assets.githubusercontent.com/github-production-release-asset/513814948/1144f907-aace-4091-a7e6-4f7023d6d140?sp=r&sv=2018-11-09&sr=b&spr=https&se=2025-07-17T18%3A54%3A13Z&rscd=attachment%3B+filename%3Dgreen_tripdata_2019-11.csv.gz&rsct=application%2Foctet-stream&skoid=96c2d410-5711-43a1-aedd-ab1947aa7ab0&sktid=398a6654-997b-47e9-b12b-9515b896b4de&skt=2025-07-17T17%3A54%3A05Z&ske=2025-07-17T18%3A54%3A13Z&sks=b&skv=2018-11-09&sig=zpKe3Qb9x%2FhqZMEx%2BsEG%2B87Gl%2FRiYrBHUN%2B7QLYbmro%3D&jwt=eyJ******&response-content-disposition=attachment%3B%20filename%3Dgreen_tripdata_2019-11.csv.gz&response-content-type=application%2Foctet-stream [7781029/7781029] -> \"/opt/airflow/green_tripdata_2019-11.csv.gz\" [1]","logger":"airflow.task.hooks.airflow.providers.standard.hooks.subprocess.SubprocessHook"}
{"timestamp":"2025-07-17T18:03:01.642802","level":"info","event":"Command exited with return code 0","logger":"airflow.task.hooks.airflow.providers.standard.hooks.subprocess.SubprocessHook"}
{"timestamp":"2025-07-17T18:03:01.652237","level":"info","event":"Pushing xcom","ti":"RuntimeTaskInstance(id=UUID('0198198d-bd56-7114-93c2-0550a3557b48'), task_id='download_dataset_task', dag_id='upload_gcs_greentrips', run_id='scheduled__2019-11-02T06:00:00+00:00', try_number=1, map_index=-1, hostname='8c16a644909e', context_carrier={}, task=<Task(BashOperator): download_dataset_task>, bundle_instance=LocalDagBundle(name=dags-folder), max_tries=0, start_date=datetime.datetime(2025, 7, 17, 18, 2, 56, 413113, tzinfo=TzInfo(UTC)), end_date=None, state=<TaskInstanceState.RUNNING: 'running'>, is_mapped=False, rendered_map_index=None)","logger":"task"}
{"timestamp":"2025-07-17T18:06:46.243173","level":"info","event":"DAG bundles loaded: dags-folder","logger":"airflow.dag_processing.bundles.manager.DagBundlesManager"}
{"timestamp":"2025-07-17T18:06:46.244306","level":"info","event":"Filling up the DagBag from /opt/airflow/dags/data_ingestion_gcs_dag.py","logger":"airflow.models.dagbag.DagBag"}
{"timestamp":"2025-07-17T18:06:49.748397","level":"info","event":"Tmp dir root location: /tmp","logger":"airflow.task.hooks.airflow.providers.standard.hooks.subprocess.SubprocessHook"}
{"timestamp":"2025-07-17T18:06:49.769544","level":"info","event":"Running command: ['/usr/bin/bash', '-c', 'echo https://github.com/DataTalksClub/nyc-tlc-data/releases/download/green/green_tripdata_2019-11.csv.gz && wget --no-verbose https://github.com/DataTalksClub/nyc-tlc-data/releases/download/green/green_tripdata_2019-11.csv.gz -O /opt/airflow/green_tripdata_2019-11.csv.gz && gunzip -f /opt/airflow/green_tripdata_2019-11.csv.gz']","logger":"airflow.task.hooks.airflow.providers.standard.hooks.subprocess.SubprocessHook"}
{"timestamp":"2025-07-17T18:06:49.824490","level":"info","event":"Output:","logger":"airflow.task.hooks.airflow.providers.standard.hooks.subprocess.SubprocessHook"}
{"timestamp":"2025-07-17T18:06:49.824783","level":"info","event":"https://github.com/DataTalksClub/nyc-tlc-data/releases/download/green/green_tripdata_2019-11.csv.gz","logger":"airflow.task.hooks.airflow.providers.standard.hooks.subprocess.SubprocessHook"}
{"timestamp":"2025-07-17T18:06:50.574860","level":"info","event":"2025-07-17 18:06:50 URL:https://release-assets.githubusercontent.com/github-production-release-asset/513814948/1144f907-aace-4091-a7e6-4f7023d6d140?sp=r&sv=2018-11-09&sr=b&spr=https&se=2025-07-17T18%3A54%3A28Z&rscd=attachment%3B+filename%3Dgreen_tripdata_2019-11.csv.gz&rsct=application%2Foctet-stream&skoid=96c2d410-5711-43a1-aedd-ab1947aa7ab0&sktid=398a6654-997b-47e9-b12b-9515b896b4de&skt=2025-07-17T17%3A54%3A23Z&ske=2025-07-17T18%3A54%3A28Z&sks=b&skv=2018-11-09&sig=itgUcKymhUoAw5ehaFN2GXjs8zZnbMXmYNwblg%2BV74Q%3D&jwt=eyJ******&response-content-disposition=attachment%3B%20filename%3Dgreen_tripdata_2019-11.csv.gz&response-content-type=application%2Foctet-stream [7781029/7781029] -> \"/opt/airflow/green_tripdata_2019-11.csv.gz\" [1]","logger":"airflow.task.hooks.airflow.providers.standard.hooks.subprocess.SubprocessHook"}
{"timestamp":"2025-07-17T18:06:51.323796","level":"info","event":"Command exited with return code 0","logger":"airflow.task.hooks.airflow.providers.standard.hooks.subprocess.SubprocessHook"}
{"timestamp":"2025-07-17T18:06:51.336274","level":"info","event":"Pushing xcom","ti":"RuntimeTaskInstance(id=UUID('01981991-388a-73fa-bbfc-98f0cd5544c1'), task_id='download_dataset_task', dag_id='upload_gcs_greentrips', run_id='scheduled__2019-11-02T06:00:00+00:00', try_number=1, map_index=-1, hostname='8c16a644909e', context_carrier={}, task=<Task(BashOperator): download_dataset_task>, bundle_instance=LocalDagBundle(name=dags-folder), max_tries=0, start_date=datetime.datetime(2025, 7, 17, 18, 6, 45, 412717, tzinfo=TzInfo(UTC)), end_date=None, state=<TaskInstanceState.RUNNING: 'running'>, is_mapped=False, rendered_map_index=None)","logger":"task"}
{"timestamp":"2025-07-17T18:08:51.244549","level":"info","event":"DAG bundles loaded: dags-folder","logger":"airflow.dag_processing.bundles.manager.DagBundlesManager"}
{"timestamp":"2025-07-17T18:08:51.245339","level":"info","event":"Filling up the DagBag from /opt/airflow/dags/data_ingestion_gcs_dag.py","logger":"airflow.models.dagbag.DagBag"}
{"timestamp":"2025-07-17T18:08:54.029658","level":"info","event":"Tmp dir root location: /tmp","logger":"airflow.task.hooks.airflow.providers.standard.hooks.subprocess.SubprocessHook"}
{"timestamp":"2025-07-17T18:08:54.037093","level":"info","event":"Running command: ['/usr/bin/bash', '-c', 'echo https://github.com/DataTalksClub/nyc-tlc-data/releases/download/green/green_tripdata_2019-11.csv.gz && wget --no-verbose https://github.com/DataTalksClub/nyc-tlc-data/releases/download/green/green_tripdata_2019-11.csv.gz -O /opt/airflow/green_tripdata_2019-11.csv.gz && gunzip -f /opt/airflow/green_tripdata_2019-11.csv.gz']","logger":"airflow.task.hooks.airflow.providers.standard.hooks.subprocess.SubprocessHook"}
{"timestamp":"2025-07-17T18:08:54.076561","level":"info","event":"Output:","logger":"airflow.task.hooks.airflow.providers.standard.hooks.subprocess.SubprocessHook"}
{"timestamp":"2025-07-17T18:08:54.087623","level":"info","event":"https://github.com/DataTalksClub/nyc-tlc-data/releases/download/green/green_tripdata_2019-11.csv.gz","logger":"airflow.task.hooks.airflow.providers.standard.hooks.subprocess.SubprocessHook"}
{"timestamp":"2025-07-17T18:08:54.943319","level":"info","event":"2025-07-17 18:08:54 URL:https://release-assets.githubusercontent.com/github-production-release-asset/513814948/1144f907-aace-4091-a7e6-4f7023d6d140?sp=r&sv=2018-11-09&sr=b&spr=https&se=2025-07-17T18%3A54%3A28Z&rscd=attachment%3B+filename%3Dgreen_tripdata_2019-11.csv.gz&rsct=application%2Foctet-stream&skoid=96c2d410-5711-43a1-aedd-ab1947aa7ab0&sktid=398a6654-997b-47e9-b12b-9515b896b4de&skt=2025-07-17T17%3A54%3A23Z&ske=2025-07-17T18%3A54%3A28Z&sks=b&skv=2018-11-09&sig=itgUcKymhUoAw5ehaFN2GXjs8zZnbMXmYNwblg%2BV74Q%3D&jwt=eyJ******&response-content-disposition=attachment%3B%20filename%3Dgreen_tripdata_2019-11.csv.gz&response-content-type=application%2Foctet-stream [7781029/7781029] -> \"/opt/airflow/green_tripdata_2019-11.csv.gz\" [1]","logger":"airflow.task.hooks.airflow.providers.standard.hooks.subprocess.SubprocessHook"}
{"timestamp":"2025-07-17T18:08:55.212611","level":"info","event":"Command exited with return code 0","logger":"airflow.task.hooks.airflow.providers.standard.hooks.subprocess.SubprocessHook"}
{"timestamp":"2025-07-17T18:08:55.215127","level":"info","event":"Pushing xcom","ti":"RuntimeTaskInstance(id=UUID('01981993-25d1-77bf-adfd-b5678f2804a0'), task_id='download_dataset_task', dag_id='upload_gcs_greentrips', run_id='scheduled__2019-11-02T06:00:00+00:00', try_number=1, map_index=-1, hostname='8c16a644909e', context_carrier={}, task=<Task(BashOperator): download_dataset_task>, bundle_instance=LocalDagBundle(name=dags-folder), max_tries=0, start_date=datetime.datetime(2025, 7, 17, 18, 8, 50, 886411, tzinfo=TzInfo(UTC)), end_date=None, state=<TaskInstanceState.RUNNING: 'running'>, is_mapped=False, rendered_map_index=None)","logger":"task"}
