{"timestamp":"2025-07-17T06:27:03.692129","level":"info","event":"DAG bundles loaded: dags-folder","logger":"airflow.dag_processing.bundles.manager.DagBundlesManager"}
{"timestamp":"2025-07-17T06:27:03.697169","level":"info","event":"Filling up the DagBag from /opt/airflow/dags/data_ingestion_localpg_dag.py","logger":"airflow.models.dagbag.DagBag"}
{"timestamp":"2025-07-17T06:27:07.467992","level":"error","event":"Task failed with exception","logger":"task","error_detail":[{"exc_type":"FileNotFoundError","exc_value":"[Errno 2] No such file or directory: '/opt/airflow/yellow_tripdata_2019-03.csv.gz'","exc_notes":[],"syntax_error":null,"is_cause":false,"frames":[{"filename":"/home/airflow/.local/lib/python3.12/site-packages/airflow/sdk/execution_time/task_runner.py","lineno":867,"name":"run"},{"filename":"/home/airflow/.local/lib/python3.12/site-packages/airflow/sdk/execution_time/task_runner.py","lineno":1159,"name":"_execute_task"},{"filename":"/home/airflow/.local/lib/python3.12/site-packages/airflow/sdk/bases/operator.py","lineno":397,"name":"wrapper"},{"filename":"/home/airflow/.local/lib/python3.12/site-packages/airflow/providers/standard/operators/python.py","lineno":216,"name":"execute"},{"filename":"/home/airflow/.local/lib/python3.12/site-packages/airflow/providers/standard/operators/python.py","lineno":239,"name":"execute_callable"},{"filename":"/home/airflow/.local/lib/python3.12/site-packages/airflow/sdk/execution_time/callback_runner.py","lineno":81,"name":"run"},{"filename":"/opt/airflow/dags/ingest_data.py","lineno":10,"name":"ingest_callable"},{"filename":"/home/airflow/.local/lib/python3.12/site-packages/pandas/io/parsers/readers.py","lineno":948,"name":"read_csv"},{"filename":"/home/airflow/.local/lib/python3.12/site-packages/pandas/io/parsers/readers.py","lineno":611,"name":"_read"},{"filename":"/home/airflow/.local/lib/python3.12/site-packages/pandas/io/parsers/readers.py","lineno":1448,"name":"__init__"},{"filename":"/home/airflow/.local/lib/python3.12/site-packages/pandas/io/parsers/readers.py","lineno":1705,"name":"_make_engine"},{"filename":"/home/airflow/.local/lib/python3.12/site-packages/pandas/io/common.py","lineno":755,"name":"get_handle"},{"filename":"/usr/local/lib/python3.12/gzip.py","lineno":201,"name":"__init__"}],"is_group":false,"exceptions":[]}]}
{"timestamp":"2025-07-17T06:57:44.052687","level":"info","event":"DAG bundles loaded: dags-folder","logger":"airflow.dag_processing.bundles.manager.DagBundlesManager"}
{"timestamp":"2025-07-17T06:57:44.054059","level":"info","event":"Filling up the DagBag from /opt/airflow/dags/data_ingestion_localpg_dag.py","logger":"airflow.models.dagbag.DagBag"}
{"timestamp":"2025-07-17T06:57:55.700419Z","level":"info","event":"inserted 100000 chunks, took 10.458","chan":"stdout","logger":"task"}
{"timestamp":"2025-07-17T06:58:06.664744Z","level":"info","event":"inserted 100000 chunks, took 10.962","chan":"stdout","logger":"task"}
{"timestamp":"2025-07-17T06:58:20.149987Z","level":"info","event":"inserted 100000 chunks, took 13.484","chan":"stdout","logger":"task"}
{"timestamp":"2025-07-17T06:58:32.282298Z","level":"info","event":"inserted 100000 chunks, took 12.131","chan":"stdout","logger":"task"}
{"timestamp":"2025-07-17T06:58:45.924952Z","level":"info","event":"inserted 100000 chunks, took 13.643","chan":"stdout","logger":"task"}
{"timestamp":"2025-07-17T06:58:59.908434Z","level":"info","event":"inserted 100000 chunks, took 13.984","chan":"stdout","logger":"task"}
{"timestamp":"2025-07-17T06:59:12.751372Z","level":"info","event":"inserted 100000 chunks, took 12.844","chan":"stdout","logger":"task"}
{"timestamp":"2025-07-17T06:59:29.821601Z","level":"info","event":"inserted 100000 chunks, took 17.071","chan":"stdout","logger":"task"}
{"timestamp":"2025-07-17T06:59:41.060563Z","level":"info","event":"inserted 100000 chunks, took 11.239","chan":"stdout","logger":"task"}
{"timestamp":"2025-07-17T06:59:52.851844Z","level":"info","event":"inserted 100000 chunks, took 11.784","chan":"stdout","logger":"task"}
{"timestamp":"2025-07-17T07:00:08.765084Z","level":"info","event":"inserted 100000 chunks, took 15.914","chan":"stdout","logger":"task"}
{"timestamp":"2025-07-17T07:00:19.575270Z","level":"info","event":"inserted 100000 chunks, took 10.811","chan":"stdout","logger":"task"}
{"timestamp":"2025-07-17T07:00:33.939467Z","level":"info","event":"inserted 100000 chunks, took 14.363","chan":"stdout","logger":"task"}
{"timestamp":"2025-07-17T07:00:46.675582Z","level":"info","event":"inserted 100000 chunks, took 12.736","chan":"stdout","logger":"task"}
{"timestamp":"2025-07-17T07:01:03.236006Z","level":"info","event":"inserted 100000 chunks, took 16.546","chan":"stdout","logger":"task"}
{"timestamp":"2025-07-17T07:01:21.772553Z","level":"info","event":"inserted 100000 chunks, took 18.547","chan":"stdout","logger":"task"}
{"timestamp":"2025-07-17T07:01:29.758454Z","level":"info","event":"inserted 100000 chunks, took 7.988","chan":"stdout","logger":"task"}
{"timestamp":"2025-07-17T07:01:39.044444Z","level":"info","event":"inserted 100000 chunks, took 9.286","chan":"stdout","logger":"task"}
{"timestamp":"2025-07-17T07:01:48.974520Z","level":"info","event":"inserted 100000 chunks, took 9.928","chan":"stdout","logger":"task"}
{"timestamp":"2025-07-17T07:01:57.894286Z","level":"info","event":"inserted 100000 chunks, took 8.919","chan":"stdout","logger":"task"}
{"timestamp":"2025-07-17T07:02:07.419353Z","level":"info","event":"inserted 100000 chunks, took 9.510","chan":"stdout","logger":"task"}
{"timestamp":"2025-07-17T07:02:19.822351Z","level":"info","event":"inserted 100000 chunks, took 12.421","chan":"stdout","logger":"task"}
{"timestamp":"2025-07-17T07:02:28.118590Z","level":"info","event":"inserted 100000 chunks, took 8.295","chan":"stdout","logger":"task"}
{"timestamp":"2025-07-17T07:02:35.805064Z","level":"info","event":"inserted 100000 chunks, took 7.687","chan":"stdout","logger":"task"}
{"timestamp":"2025-07-17T07:02:44.667152Z","level":"info","event":"inserted 100000 chunks, took 8.856","chan":"stdout","logger":"task"}
{"timestamp":"2025-07-17T07:02:53.961655Z","level":"info","event":"inserted 100000 chunks, took 9.300","chan":"stdout","logger":"task"}
{"timestamp":"2025-07-17T07:03:03.528321Z","level":"info","event":"inserted 100000 chunks, took 9.564","chan":"stdout","logger":"task"}
{"timestamp":"2025-07-17T07:03:11.723859Z","level":"info","event":"inserted 100000 chunks, took 8.194","chan":"stdout","logger":"task"}
{"timestamp":"2025-07-17T07:03:26.126640Z","level":"info","event":"inserted 100000 chunks, took 14.406","chan":"stdout","logger":"task"}
{"timestamp":"2025-07-17T07:03:35.131228Z","level":"info","event":"inserted 100000 chunks, took 9.003","chan":"stdout","logger":"task"}
{"timestamp":"2025-07-17T07:03:43.960311Z","level":"info","event":"inserted 100000 chunks, took 8.826","chan":"stdout","logger":"task"}
{"timestamp":"2025-07-17T07:03:54.583738Z","level":"info","event":"inserted 100000 chunks, took 10.626","chan":"stdout","logger":"task"}
{"timestamp":"2025-07-17T07:04:09.219053Z","level":"info","event":"inserted 100000 chunks, took 14.633","chan":"stdout","logger":"task"}
{"timestamp":"2025-07-17T07:04:19.539837Z","level":"info","event":"inserted 100000 chunks, took 10.318","chan":"stdout","logger":"task"}
{"timestamp":"2025-07-17T07:04:31.760441Z","level":"info","event":"inserted 100000 chunks, took 12.217","chan":"stdout","logger":"task"}
{"timestamp":"2025-07-17T07:04:42.228487Z","level":"info","event":"inserted 100000 chunks, took 10.472","chan":"stdout","logger":"task"}
{"timestamp":"2025-07-17T07:04:52.646349Z","level":"info","event":"inserted 100000 chunks, took 10.419","chan":"stdout","logger":"task"}
{"timestamp":"2025-07-17T07:05:02.581761Z","level":"info","event":"inserted 100000 chunks, took 9.931","chan":"stdout","logger":"task"}
{"timestamp":"2025-07-17T07:05:14.720809Z","level":"info","event":"inserted 100000 chunks, took 12.141","chan":"stdout","logger":"task"}
{"timestamp":"2025-07-17T07:05:25.812444Z","level":"info","event":"inserted 100000 chunks, took 11.092","chan":"stdout","logger":"task"}
{"timestamp":"2025-07-17T07:05:36.895404Z","level":"info","event":"inserted 100000 chunks, took 11.083","chan":"stdout","logger":"task"}
{"timestamp":"2025-07-17T07:05:47.198879Z","level":"info","event":"inserted 100000 chunks, took 10.153","chan":"stdout","logger":"task"}
{"timestamp":"2025-07-17T07:05:57.818820Z","level":"info","event":"inserted 100000 chunks, took 10.769","chan":"stdout","logger":"task"}
{"timestamp":"2025-07-17T07:06:08.916456Z","level":"info","event":"inserted 100000 chunks, took 11.097","chan":"stdout","logger":"task"}
{"timestamp":"2025-07-17T07:06:21.073357Z","level":"info","event":"inserted 100000 chunks, took 12.153","chan":"stdout","logger":"task"}
{"timestamp":"2025-07-17T07:06:31.239359Z","level":"info","event":"inserted 100000 chunks, took 10.164","chan":"stdout","logger":"task"}
{"timestamp":"2025-07-17T07:06:41.705858Z","level":"info","event":"inserted 100000 chunks, took 10.307","chan":"stdout","logger":"task"}
{"timestamp":"2025-07-17T07:06:52.019452Z","level":"info","event":"inserted 100000 chunks, took 10.475","chan":"stdout","logger":"task"}
{"timestamp":"2025-07-17T07:07:01.055332Z","level":"info","event":"inserted 100000 chunks, took 9.036","chan":"stdout","logger":"task"}
{"timestamp":"2025-07-17T07:07:13.170890Z","level":"info","event":"inserted 100000 chunks, took 12.116","chan":"stdout","logger":"task"}
{"timestamp":"2025-07-17T07:07:22.269195Z","level":"info","event":"inserted 100000 chunks, took 9.098","chan":"stdout","logger":"task"}
{"timestamp":"2025-07-17T07:07:30.618175Z","level":"info","event":"inserted 100000 chunks, took 8.349","chan":"stdout","logger":"task"}
{"timestamp":"2025-07-17T07:07:37.720839Z","level":"info","event":"inserted 100000 chunks, took 7.103","chan":"stdout","logger":"task"}
{"timestamp":"2025-07-17T07:07:45.782037Z","level":"info","event":"inserted 100000 chunks, took 8.054","chan":"stdout","logger":"task"}
{"timestamp":"2025-07-17T07:07:55.841556Z","level":"info","event":"inserted 100000 chunks, took 10.064","chan":"stdout","logger":"task"}
{"timestamp":"2025-07-17T07:08:07.401012Z","level":"info","event":"inserted 100000 chunks, took 11.562","chan":"stdout","logger":"task"}
{"timestamp":"2025-07-17T07:08:19.703702Z","level":"info","event":"inserted 100000 chunks, took 12.302","chan":"stdout","logger":"task"}
{"timestamp":"2025-07-17T07:08:29.810909Z","level":"info","event":"inserted 100000 chunks, took 10.107","chan":"stdout","logger":"task"}
{"timestamp":"2025-07-17T07:08:41.406127Z","level":"info","event":"inserted 100000 chunks, took 11.596","chan":"stdout","logger":"task"}
{"timestamp":"2025-07-17T07:08:53.351313Z","level":"info","event":"inserted 100000 chunks, took 11.942","chan":"stdout","logger":"task"}
{"timestamp":"2025-07-17T07:09:01.862694Z","level":"info","event":"inserted 100000 chunks, took 8.514","chan":"stdout","logger":"task"}
{"timestamp":"2025-07-17T07:09:13.313449Z","level":"info","event":"inserted 100000 chunks, took 11.451","chan":"stdout","logger":"task"}
{"timestamp":"2025-07-17T07:09:26.666499Z","level":"info","event":"inserted 100000 chunks, took 13.352","chan":"stdout","logger":"task"}
{"timestamp":"2025-07-17T07:09:36.459249Z","level":"info","event":"inserted 100000 chunks, took 9.792","chan":"stdout","logger":"task"}
{"timestamp":"2025-07-17T07:09:47.295390Z","level":"info","event":"inserted 100000 chunks, took 10.837","chan":"stdout","logger":"task"}
{"timestamp":"2025-07-17T07:09:57.255973Z","level":"info","event":"inserted 100000 chunks, took 9.959","chan":"stdout","logger":"task"}
{"timestamp":"2025-07-17T07:10:06.577942Z","level":"info","event":"inserted 100000 chunks, took 9.320","chan":"stdout","logger":"task"}
{"timestamp":"2025-07-17T07:10:18.224955Z","level":"info","event":"inserted 100000 chunks, took 11.648","chan":"stdout","logger":"task"}
{"timestamp":"2025-07-17T07:10:29.288651Z","level":"info","event":"inserted 100000 chunks, took 11.064","chan":"stdout","logger":"task"}
{"timestamp":"2025-07-17T07:10:38.164841Z","level":"info","event":"inserted 100000 chunks, took 8.872","chan":"stdout","logger":"task"}
{"timestamp":"2025-07-17T07:10:48.524930Z","level":"info","event":"inserted 100000 chunks, took 10.363","chan":"stdout","logger":"task"}
{"timestamp":"2025-07-17T07:11:01.408984Z","level":"info","event":"inserted 100000 chunks, took 12.865","chan":"stdout","logger":"task"}
{"timestamp":"2025-07-17T07:11:10.534713Z","level":"info","event":"inserted 100000 chunks, took 9.143","chan":"stdout","logger":"task"}
{"timestamp":"2025-07-17T07:11:20.728175Z","level":"info","event":"inserted 100000 chunks, took 10.126","chan":"stdout","logger":"task"}
{"timestamp":"2025-07-17T07:11:30.928423Z","level":"info","event":"inserted 100000 chunks, took 10.262","chan":"stdout","logger":"task"}
{"timestamp":"2025-07-17T07:11:40.723569Z","level":"info","event":"inserted 100000 chunks, took 9.798","chan":"stdout","logger":"task"}
{"timestamp":"2025-07-17T07:11:49.573867Z","level":"info","event":"inserted 100000 chunks, took 8.852","chan":"stdout","logger":"task"}
{"timestamp":"2025-07-17T07:11:58.209333Z","level":"info","event":"inserted 100000 chunks, took 8.635","chan":"stdout","logger":"task"}
{"timestamp":"2025-07-17T07:12:04.715050Z","level":"info","event":"inserted 100000 chunks, took 6.504","chan":"stdout","logger":"task"}
{"timestamp":"2025-07-17T07:12:04.724719","level":"info","event":"Done. Returned value was: None","logger":"airflow.task.operators.airflow.providers.standard.operators.python.PythonOperator"}
