{"timestamp":"2025-07-17T06:41:55.912942","level":"info","event":"DAG bundles loaded: dags-folder","logger":"airflow.dag_processing.bundles.manager.DagBundlesManager"}
{"timestamp":"2025-07-17T06:41:55.914731","level":"info","event":"Filling up the DagBag from /opt/airflow/dags/data_ingestion_localpg_dag.py","logger":"airflow.models.dagbag.DagBag"}
{"timestamp":"2025-07-17T06:41:56.936100","level":"info","event":"Tmp dir root location: /tmp","logger":"airflow.task.hooks.airflow.providers.standard.hooks.subprocess.SubprocessHook"}
{"timestamp":"2025-07-17T06:41:56.941879","level":"info","event":"Running command: ['/usr/bin/bash', '-c', 'wget https://github.com/DataTalksClub/nyc-tlc-data/releases/download/green/green_tripdata_2019-06.csv.gz -O /opt/airflow/green_tripdata_2019-06.csv.gz && gunzip -f /opt/airflow/green_tripdata_2019-06.csv.gz || rm -f /opt/airflow/green_tripdata_2019-06.csv.gz']","logger":"airflow.task.hooks.airflow.providers.standard.hooks.subprocess.SubprocessHook"}
{"timestamp":"2025-07-17T06:41:56.979154","level":"info","event":"Output:","logger":"airflow.task.hooks.airflow.providers.standard.hooks.subprocess.SubprocessHook"}
{"timestamp":"2025-07-17T06:41:56.990912","level":"info","event":"--2025-07-17 06:41:56--  https://github.com/DataTalksClub/nyc-tlc-data/releases/download/green/green_tripdata_2019-06.csv.gz","logger":"airflow.task.hooks.airflow.providers.standard.hooks.subprocess.SubprocessHook"}
{"timestamp":"2025-07-17T06:41:57.050925","level":"info","event":"Resolving github.com (github.com)... 20.205.243.166","logger":"airflow.task.hooks.airflow.providers.standard.hooks.subprocess.SubprocessHook"}
{"timestamp":"2025-07-17T06:41:57.065420","level":"info","event":"Connecting to github.com (github.com)|20.205.243.166|:443... connected.","logger":"airflow.task.hooks.airflow.providers.standard.hooks.subprocess.SubprocessHook"}
{"timestamp":"2025-07-17T06:41:57.394257","level":"info","event":"HTTP request sent, awaiting response... 302 Found","logger":"airflow.task.hooks.airflow.providers.standard.hooks.subprocess.SubprocessHook"}
{"timestamp":"2025-07-17T06:41:57.394827","level":"info","event":"Location: https://release-assets.githubusercontent.com/github-production-release-asset/513814948/e3a5326b-5167-4f2a-b9b6-be63e78d3896?sp=r&sv=2018-11-09&sr=b&spr=https&se=2025-07-17T07%3A30%3A36Z&rscd=attachment%3B+filename%3Dgreen_tripdata_2019-06.csv.gz&rsct=application%2Foctet-stream&skoid=96c2d410-5711-43a1-aedd-ab1947aa7ab0&sktid=398a6654-997b-47e9-b12b-9515b896b4de&skt=2025-07-17T06%3A30%3A25Z&ske=2025-07-17T07%3A30%3A36Z&sks=b&skv=2018-11-09&sig=9B7Dz8B2VbcoSQf9rQ%2BLljSdZnXfHUkP1lHTqRHlaB0%3D&jwt=eyJ******&response-content-disposition=attachment%3B%20filename%3Dgreen_tripdata_2019-06.csv.gz&response-content-type=application%2Foctet-stream [following]","logger":"airflow.task.hooks.airflow.providers.standard.hooks.subprocess.SubprocessHook"}
{"timestamp":"2025-07-17T06:41:57.395070","level":"info","event":"--2025-07-17 06:41:57--  https://release-assets.githubusercontent.com/github-production-release-asset/513814948/e3a5326b-5167-4f2a-b9b6-be63e78d3896?sp=r&sv=2018-11-09&sr=b&spr=https&se=2025-07-17T07%3A30%3A36Z&rscd=attachment%3B+filename%3Dgreen_tripdata_2019-06.csv.gz&rsct=application%2Foctet-stream&skoid=96c2d410-5711-43a1-aedd-ab1947aa7ab0&sktid=398a6654-997b-47e9-b12b-9515b896b4de&skt=2025-07-17T06%3A30%3A25Z&ske=2025-07-17T07%3A30%3A36Z&sks=b&skv=2018-11-09&sig=9B7Dz8B2VbcoSQf9rQ%2BLljSdZnXfHUkP1lHTqRHlaB0%3D&jwt=eyJ******&response-content-disposition=attachment%3B%20filename%3Dgreen_tripdata_2019-06.csv.gz&response-content-type=application%2Foctet-stream","logger":"airflow.task.hooks.airflow.providers.standard.hooks.subprocess.SubprocessHook"}
{"timestamp":"2025-07-17T06:41:57.402678","level":"info","event":"Resolving release-assets.githubusercontent.com (release-assets.githubusercontent.com)... 185.199.108.133, 185.199.109.133, 185.199.110.133, ...","logger":"airflow.task.hooks.airflow.providers.standard.hooks.subprocess.SubprocessHook"}
{"timestamp":"2025-07-17T06:41:57.411659","level":"info","event":"Connecting to release-assets.githubusercontent.com (release-assets.githubusercontent.com)|185.199.108.133|:443... connected.","logger":"airflow.task.hooks.airflow.providers.standard.hooks.subprocess.SubprocessHook"}
{"timestamp":"2025-07-17T06:41:57.679123","level":"info","event":"HTTP request sent, awaiting response... 200 OK","logger":"airflow.task.hooks.airflow.providers.standard.hooks.subprocess.SubprocessHook"}
{"timestamp":"2025-07-17T06:41:57.680469","level":"info","event":"Length: 8295836 (7.9M) [application/octet-stream]","logger":"airflow.task.hooks.airflow.providers.standard.hooks.subprocess.SubprocessHook"}
{"timestamp":"2025-07-17T06:41:57.681803","level":"info","event":"Saving to: ‘/opt/airflow/green_tripdata_2019-06.csv.gz’","logger":"airflow.task.hooks.airflow.providers.standard.hooks.subprocess.SubprocessHook"}
{"timestamp":"2025-07-17T06:41:57.682142","level":"info","event":"","logger":"airflow.task.hooks.airflow.providers.standard.hooks.subprocess.SubprocessHook"}
{"timestamp":"2025-07-17T06:41:57.698694","level":"info","event":"     0K .......... .......... .......... .......... ..........  0% 2.53M 3s","logger":"airflow.task.hooks.airflow.providers.standard.hooks.subprocess.SubprocessHook"}
{"timestamp":"2025-07-17T06:41:57.711796","level":"info","event":"    50K .......... .......... .......... .......... ..........  1% 3.63M 3s","logger":"airflow.task.hooks.airflow.providers.standard.hooks.subprocess.SubprocessHook"}
{"timestamp":"2025-07-17T06:41:57.726117","level":"info","event":"   100K .......... .......... .......... .......... ..........  1% 3.35M 3s","logger":"airflow.task.hooks.airflow.providers.standard.hooks.subprocess.SubprocessHook"}
{"timestamp":"2025-07-17T06:41:57.740878","level":"info","event":"   150K .......... .......... .......... .......... ..........  2% 3.31M 2s","logger":"airflow.task.hooks.airflow.providers.standard.hooks.subprocess.SubprocessHook"}
{"timestamp":"2025-07-17T06:41:57.757080","level":"info","event":"   200K .......... .......... .......... .......... ..........  3% 3.02M 2s","logger":"airflow.task.hooks.airflow.providers.standard.hooks.subprocess.SubprocessHook"}
{"timestamp":"2025-07-17T06:41:57.772808","level":"info","event":"   250K .......... .......... .......... .......... ..........  3% 3.10M 2s","logger":"airflow.task.hooks.airflow.providers.standard.hooks.subprocess.SubprocessHook"}
{"timestamp":"2025-07-17T06:41:57.791656","level":"info","event":"   300K .......... .......... .......... .......... ..........  4% 2.59M 3s","logger":"airflow.task.hooks.airflow.providers.standard.hooks.subprocess.SubprocessHook"}
{"timestamp":"2025-07-17T06:41:57.807420","level":"info","event":"   350K .......... .......... .......... .......... ..........  4% 3.18M 2s","logger":"airflow.task.hooks.airflow.providers.standard.hooks.subprocess.SubprocessHook"}
{"timestamp":"2025-07-17T06:41:57.920090","level":"info","event":"   400K .......... .......... .......... .......... ..........  5%  442K 4s","logger":"airflow.task.hooks.airflow.providers.standard.hooks.subprocess.SubprocessHook"}
{"timestamp":"2025-07-17T06:41:57.935661","level":"info","event":"   450K .......... .......... .......... .......... ..........  6% 3.13M 4s","logger":"airflow.task.hooks.airflow.providers.standard.hooks.subprocess.SubprocessHook"}
{"timestamp":"2025-07-17T06:41:57.950993","level":"info","event":"   500K .......... .......... .......... .......... ..........  6% 3.17M 4s","logger":"airflow.task.hooks.airflow.providers.standard.hooks.subprocess.SubprocessHook"}
{"timestamp":"2025-07-17T06:41:57.966257","level":"info","event":"   550K .......... .......... .......... .......... ..........  7% 3.24M 4s","logger":"airflow.task.hooks.airflow.providers.standard.hooks.subprocess.SubprocessHook"}
{"timestamp":"2025-07-17T06:41:57.981201","level":"info","event":"   600K .......... .......... .......... .......... ..........  8% 3.22M 3s","logger":"airflow.task.hooks.airflow.providers.standard.hooks.subprocess.SubprocessHook"}
{"timestamp":"2025-07-17T06:41:57.997108","level":"info","event":"   650K .......... .......... .......... .......... ..........  8% 3.09M 3s","logger":"airflow.task.hooks.airflow.providers.standard.hooks.subprocess.SubprocessHook"}
{"timestamp":"2025-07-17T06:41:58.018666","level":"info","event":"   700K .......... .......... .......... .......... ..........  9% 2.35M 3s","logger":"airflow.task.hooks.airflow.providers.standard.hooks.subprocess.SubprocessHook"}
{"timestamp":"2025-07-17T06:41:58.030399","level":"info","event":"   750K .......... .......... .......... .......... ..........  9% 4.01M 3s","logger":"airflow.task.hooks.airflow.providers.standard.hooks.subprocess.SubprocessHook"}
{"timestamp":"2025-07-17T06:41:58.050619","level":"info","event":"   800K .......... .......... .......... .......... .......... 10% 2.38M 3s","logger":"airflow.task.hooks.airflow.providers.standard.hooks.subprocess.SubprocessHook"}
{"timestamp":"2025-07-17T06:41:58.061193","level":"info","event":"   850K .......... .......... .......... .......... .......... 11% 4.68M 3s","logger":"airflow.task.hooks.airflow.providers.standard.hooks.subprocess.SubprocessHook"}
{"timestamp":"2025-07-17T06:41:58.074692","level":"info","event":"   900K .......... .......... .......... .......... .......... 11% 3.54M 3s","logger":"airflow.task.hooks.airflow.providers.standard.hooks.subprocess.SubprocessHook"}
{"timestamp":"2025-07-17T06:41:58.089915","level":"info","event":"   950K .......... .......... .......... .......... .......... 12% 3.24M 3s","logger":"airflow.task.hooks.airflow.providers.standard.hooks.subprocess.SubprocessHook"}
{"timestamp":"2025-07-17T06:41:58.117226","level":"info","event":"  1000K .......... .......... .......... .......... .......... 12% 1.80M 3s","logger":"airflow.task.hooks.airflow.providers.standard.hooks.subprocess.SubprocessHook"}
{"timestamp":"2025-07-17T06:41:58.128351","level":"info","event":"  1050K .......... .......... .......... .......... .......... 13% 5.06M 3s","logger":"airflow.task.hooks.airflow.providers.standard.hooks.subprocess.SubprocessHook"}
{"timestamp":"2025-07-17T06:41:58.154700","level":"info","event":"  1100K .......... .......... .......... .......... .......... 14% 1.75M 3s","logger":"airflow.task.hooks.airflow.providers.standard.hooks.subprocess.SubprocessHook"}
{"timestamp":"2025-07-17T06:41:58.160790","level":"info","event":"  1150K .......... .......... .......... .......... .......... 14% 7.91M 3s","logger":"airflow.task.hooks.airflow.providers.standard.hooks.subprocess.SubprocessHook"}
{"timestamp":"2025-07-17T06:41:58.166917","level":"info","event":"  1200K .......... .......... .......... .......... .......... 15% 7.87M 3s","logger":"airflow.task.hooks.airflow.providers.standard.hooks.subprocess.SubprocessHook"}
{"timestamp":"2025-07-17T06:41:58.176945","level":"info","event":"  1250K .......... .......... .......... .......... .......... 16% 4.99M 3s","logger":"airflow.task.hooks.airflow.providers.standard.hooks.subprocess.SubprocessHook"}
{"timestamp":"2025-07-17T06:41:58.187145","level":"info","event":"  1300K .......... .......... .......... .......... .......... 16% 4.73M 3s","logger":"airflow.task.hooks.airflow.providers.standard.hooks.subprocess.SubprocessHook"}
{"timestamp":"2025-07-17T06:41:58.193583","level":"info","event":"  1350K .......... .......... .......... .......... .......... 17% 7.31M 2s","logger":"airflow.task.hooks.airflow.providers.standard.hooks.subprocess.SubprocessHook"}
{"timestamp":"2025-07-17T06:41:58.204449","level":"info","event":"  1400K .......... .......... .......... .......... .......... 17% 4.57M 2s","logger":"airflow.task.hooks.airflow.providers.standard.hooks.subprocess.SubprocessHook"}
{"timestamp":"2025-07-17T06:41:58.212071","level":"info","event":"  1450K .......... .......... .......... .......... .......... 18% 6.39M 2s","logger":"airflow.task.hooks.airflow.providers.standard.hooks.subprocess.SubprocessHook"}
{"timestamp":"2025-07-17T06:41:58.224964","level":"info","event":"  1500K .......... .......... .......... .......... .......... 19% 3.76M 2s","logger":"airflow.task.hooks.airflow.providers.standard.hooks.subprocess.SubprocessHook"}
{"timestamp":"2025-07-17T06:41:58.232633","level":"info","event":"  1550K .......... .......... .......... .......... .......... 19% 6.40M 2s","logger":"airflow.task.hooks.airflow.providers.standard.hooks.subprocess.SubprocessHook"}
{"timestamp":"2025-07-17T06:41:58.241462","level":"info","event":"  1600K .......... .......... .......... .......... .......... 20% 5.62M 2s","logger":"airflow.task.hooks.airflow.providers.standard.hooks.subprocess.SubprocessHook"}
{"timestamp":"2025-07-17T06:41:58.251526","level":"info","event":"  1650K .......... .......... .......... .......... .......... 20% 4.75M 2s","logger":"airflow.task.hooks.airflow.providers.standard.hooks.subprocess.SubprocessHook"}
{"timestamp":"2025-07-17T06:41:58.259937","level":"info","event":"  1700K .......... .......... .......... .......... .......... 21% 5.78M 2s","logger":"airflow.task.hooks.airflow.providers.standard.hooks.subprocess.SubprocessHook"}
{"timestamp":"2025-07-17T06:41:58.269019","level":"info","event":"  1750K .......... .......... .......... .......... .......... 22% 5.39M 2s","logger":"airflow.task.hooks.airflow.providers.standard.hooks.subprocess.SubprocessHook"}
{"timestamp":"2025-07-17T06:41:58.277987","level":"info","event":"  1800K .......... .......... .......... .......... .......... 22% 5.45M 2s","logger":"airflow.task.hooks.airflow.providers.standard.hooks.subprocess.SubprocessHook"}
{"timestamp":"2025-07-17T06:41:58.286827","level":"info","event":"  1850K .......... .......... .......... .......... .......... 23% 5.57M 2s","logger":"airflow.task.hooks.airflow.providers.standard.hooks.subprocess.SubprocessHook"}
{"timestamp":"2025-07-17T06:41:58.297518","level":"info","event":"  1900K .......... .......... .......... .......... .......... 24% 4.53M 2s","logger":"airflow.task.hooks.airflow.providers.standard.hooks.subprocess.SubprocessHook"}
{"timestamp":"2025-07-17T06:41:58.307016","level":"info","event":"  1950K .......... .......... .......... .......... .......... 24% 5.24M 2s","logger":"airflow.task.hooks.airflow.providers.standard.hooks.subprocess.SubprocessHook"}
{"timestamp":"2025-07-17T06:41:58.317127","level":"info","event":"  2000K .......... .......... .......... .......... .......... 25% 4.91M 2s","logger":"airflow.task.hooks.airflow.providers.standard.hooks.subprocess.SubprocessHook"}
{"timestamp":"2025-07-17T06:41:58.324793","level":"info","event":"  2050K .......... .......... .......... .......... .......... 25% 6.12M 2s","logger":"airflow.task.hooks.airflow.providers.standard.hooks.subprocess.SubprocessHook"}
{"timestamp":"2025-07-17T06:41:58.330242","level":"info","event":"  2100K .......... .......... .......... .......... .......... 26% 8.90M 2s","logger":"airflow.task.hooks.airflow.providers.standard.hooks.subprocess.SubprocessHook"}
{"timestamp":"2025-07-17T06:41:58.339737","level":"info","event":"  2150K .......... .......... .......... .......... .......... 27% 5.13M 2s","logger":"airflow.task.hooks.airflow.providers.standard.hooks.subprocess.SubprocessHook"}
{"timestamp":"2025-07-17T06:41:58.346174","level":"info","event":"  2200K .......... .......... .......... .......... .......... 27% 7.57M 2s","logger":"airflow.task.hooks.airflow.providers.standard.hooks.subprocess.SubprocessHook"}
{"timestamp":"2025-07-17T06:41:58.354183","level":"info","event":"  2250K .......... .......... .......... .......... .......... 28% 6.16M 2s","logger":"airflow.task.hooks.airflow.providers.standard.hooks.subprocess.SubprocessHook"}
{"timestamp":"2025-07-17T06:41:58.363964","level":"info","event":"  2300K .......... .......... .......... .......... .......... 29% 4.97M 2s","logger":"airflow.task.hooks.airflow.providers.standard.hooks.subprocess.SubprocessHook"}
{"timestamp":"2025-07-17T06:41:58.370914","level":"info","event":"  2350K .......... .......... .......... .......... .......... 29% 7.15M 2s","logger":"airflow.task.hooks.airflow.providers.standard.hooks.subprocess.SubprocessHook"}
{"timestamp":"2025-07-17T06:41:58.379075","level":"info","event":"  2400K .......... .......... .......... .......... .......... 30% 6.35M 2s","logger":"airflow.task.hooks.airflow.providers.standard.hooks.subprocess.SubprocessHook"}
{"timestamp":"2025-07-17T06:41:58.386240","level":"info","event":"  2450K .......... .......... .......... .......... .......... 30% 8.17M 2s","logger":"airflow.task.hooks.airflow.providers.standard.hooks.subprocess.SubprocessHook"}
{"timestamp":"2025-07-17T06:41:58.392181","level":"info","event":"  2500K .......... .......... .......... .......... .......... 31% 9.51M 2s","logger":"airflow.task.hooks.airflow.providers.standard.hooks.subprocess.SubprocessHook"}
{"timestamp":"2025-07-17T06:41:58.399460","level":"info","event":"  2550K .......... .......... .......... .......... .......... 32% 5.08M 2s","logger":"airflow.task.hooks.airflow.providers.standard.hooks.subprocess.SubprocessHook"}
{"timestamp":"2025-07-17T06:41:58.399902","level":"info","event":"  2600K .......... .......... .......... .......... .......... 32% 86.4M 1s","logger":"airflow.task.hooks.airflow.providers.standard.hooks.subprocess.SubprocessHook"}
{"timestamp":"2025-07-17T06:41:58.405125","level":"info","event":"  2650K .......... .......... .......... .......... .......... 33% 9.19M 1s","logger":"airflow.task.hooks.airflow.providers.standard.hooks.subprocess.SubprocessHook"}
{"timestamp":"2025-07-17T06:41:58.411321","level":"info","event":"  2700K .......... .......... .......... .......... .......... 33% 7.96M 1s","logger":"airflow.task.hooks.airflow.providers.standard.hooks.subprocess.SubprocessHook"}
{"timestamp":"2025-07-17T06:41:58.416442","level":"info","event":"  2750K .......... .......... .......... .......... .......... 34% 9.36M 1s","logger":"airflow.task.hooks.airflow.providers.standard.hooks.subprocess.SubprocessHook"}
{"timestamp":"2025-07-17T06:41:58.420067","level":"info","event":"  2800K .......... .......... .......... .......... .......... 35% 13.5M 1s","logger":"airflow.task.hooks.airflow.providers.standard.hooks.subprocess.SubprocessHook"}
{"timestamp":"2025-07-17T06:41:58.425114","level":"info","event":"  2850K .......... .......... .......... .......... .......... 35% 9.89M 1s","logger":"airflow.task.hooks.airflow.providers.standard.hooks.subprocess.SubprocessHook"}
{"timestamp":"2025-07-17T06:41:58.429356","level":"info","event":"  2900K .......... .......... .......... .......... .......... 36% 11.1M 1s","logger":"airflow.task.hooks.airflow.providers.standard.hooks.subprocess.SubprocessHook"}
{"timestamp":"2025-07-17T06:41:58.433513","level":"info","event":"  2950K .......... .......... .......... .......... .......... 37% 11.9M 1s","logger":"airflow.task.hooks.airflow.providers.standard.hooks.subprocess.SubprocessHook"}
{"timestamp":"2025-07-17T06:41:58.440057","level":"info","event":"  3000K .......... .......... .......... .......... .......... 37% 7.55M 1s","logger":"airflow.task.hooks.airflow.providers.standard.hooks.subprocess.SubprocessHook"}
{"timestamp":"2025-07-17T06:41:58.446265","level":"info","event":"  3050K .......... .......... .......... .......... .......... 38% 7.96M 1s","logger":"airflow.task.hooks.airflow.providers.standard.hooks.subprocess.SubprocessHook"}
{"timestamp":"2025-07-17T06:41:58.450827","level":"info","event":"  3100K .......... .......... .......... .......... .......... 38% 10.4M 1s","logger":"airflow.task.hooks.airflow.providers.standard.hooks.subprocess.SubprocessHook"}
{"timestamp":"2025-07-17T06:41:58.454843","level":"info","event":"  3150K .......... .......... .......... .......... .......... 39% 12.1M 1s","logger":"airflow.task.hooks.airflow.providers.standard.hooks.subprocess.SubprocessHook"}
{"timestamp":"2025-07-17T06:41:58.458215","level":"info","event":"  3200K .......... .......... .......... .......... .......... 40% 14.4M 1s","logger":"airflow.task.hooks.airflow.providers.standard.hooks.subprocess.SubprocessHook"}
{"timestamp":"2025-07-17T06:41:58.464467","level":"info","event":"  3250K .......... .......... .......... .......... .......... 40% 8.19M 1s","logger":"airflow.task.hooks.airflow.providers.standard.hooks.subprocess.SubprocessHook"}
{"timestamp":"2025-07-17T06:41:58.467945","level":"info","event":"  3300K .......... .......... .......... .......... .......... 41% 12.9M 1s","logger":"airflow.task.hooks.airflow.providers.standard.hooks.subprocess.SubprocessHook"}
{"timestamp":"2025-07-17T06:41:58.472302","level":"info","event":"  3350K .......... .......... .......... .......... .......... 41% 11.2M 1s","logger":"airflow.task.hooks.airflow.providers.standard.hooks.subprocess.SubprocessHook"}
{"timestamp":"2025-07-17T06:41:58.475456","level":"info","event":"  3400K .......... .......... .......... .......... .......... 42% 15.5M 1s","logger":"airflow.task.hooks.airflow.providers.standard.hooks.subprocess.SubprocessHook"}
{"timestamp":"2025-07-17T06:41:58.481136","level":"info","event":"  3450K .......... .......... .......... .......... .......... 43% 8.67M 1s","logger":"airflow.task.hooks.airflow.providers.standard.hooks.subprocess.SubprocessHook"}
{"timestamp":"2025-07-17T06:41:58.488208","level":"info","event":"  3500K .......... .......... .......... .......... .......... 43% 7.36M 1s","logger":"airflow.task.hooks.airflow.providers.standard.hooks.subprocess.SubprocessHook"}
{"timestamp":"2025-07-17T06:41:58.490369","level":"info","event":"  3550K .......... .......... .......... .......... .......... 44% 18.4M 1s","logger":"airflow.task.hooks.airflow.providers.standard.hooks.subprocess.SubprocessHook"}
{"timestamp":"2025-07-17T06:41:58.493915","level":"info","event":"  3600K .......... .......... .......... .......... .......... 45% 14.3M 1s","logger":"airflow.task.hooks.airflow.providers.standard.hooks.subprocess.SubprocessHook"}
{"timestamp":"2025-07-17T06:41:58.498999","level":"info","event":"  3650K .......... .......... .......... .......... .......... 45% 9.45M 1s","logger":"airflow.task.hooks.airflow.providers.standard.hooks.subprocess.SubprocessHook"}
{"timestamp":"2025-07-17T06:41:58.507135","level":"info","event":"  3700K .......... .......... .......... .......... .......... 46% 6.22M 1s","logger":"airflow.task.hooks.airflow.providers.standard.hooks.subprocess.SubprocessHook"}
{"timestamp":"2025-07-17T06:41:58.511510","level":"info","event":"  3750K .......... .......... .......... .......... .......... 46% 10.7M 1s","logger":"airflow.task.hooks.airflow.providers.standard.hooks.subprocess.SubprocessHook"}
{"timestamp":"2025-07-17T06:41:58.516151","level":"info","event":"  3800K .......... .......... .......... .......... .......... 47% 10.5M 1s","logger":"airflow.task.hooks.airflow.providers.standard.hooks.subprocess.SubprocessHook"}
{"timestamp":"2025-07-17T06:41:58.516859","level":"info","event":"  3850K .......... .......... .......... .......... .......... 48% 61.8M 1s","logger":"airflow.task.hooks.airflow.providers.standard.hooks.subprocess.SubprocessHook"}
{"timestamp":"2025-07-17T06:41:58.520570","level":"info","event":"  3900K .......... .......... .......... .......... .......... 48% 13.2M 1s","logger":"airflow.task.hooks.airflow.providers.standard.hooks.subprocess.SubprocessHook"}
{"timestamp":"2025-07-17T06:41:58.524531","level":"info","event":"  3950K .......... .......... .......... .......... .......... 49% 12.2M 1s","logger":"airflow.task.hooks.airflow.providers.standard.hooks.subprocess.SubprocessHook"}
{"timestamp":"2025-07-17T06:41:58.528832","level":"info","event":"  4000K .......... .......... .......... .......... .......... 49% 11.9M 1s","logger":"airflow.task.hooks.airflow.providers.standard.hooks.subprocess.SubprocessHook"}
{"timestamp":"2025-07-17T06:41:58.531529","level":"info","event":"  4050K .......... .......... .......... .......... .......... 50% 17.1M 1s","logger":"airflow.task.hooks.airflow.providers.standard.hooks.subprocess.SubprocessHook"}
{"timestamp":"2025-07-17T06:41:58.535421","level":"info","event":"  4100K .......... .......... .......... .......... .......... 51% 12.6M 1s","logger":"airflow.task.hooks.airflow.providers.standard.hooks.subprocess.SubprocessHook"}
{"timestamp":"2025-07-17T06:41:58.540695","level":"info","event":"  4150K .......... .......... .......... .......... .......... 51% 9.30M 1s","logger":"airflow.task.hooks.airflow.providers.standard.hooks.subprocess.SubprocessHook"}
{"timestamp":"2025-07-17T06:41:58.543692","level":"info","event":"  4200K .......... .......... .......... .......... .......... 52% 17.0M 1s","logger":"airflow.task.hooks.airflow.providers.standard.hooks.subprocess.SubprocessHook"}
{"timestamp":"2025-07-17T06:41:58.545407","level":"info","event":"  4250K .......... .......... .......... .......... .......... 53% 26.7M 1s","logger":"airflow.task.hooks.airflow.providers.standard.hooks.subprocess.SubprocessHook"}
{"timestamp":"2025-07-17T06:41:58.551439","level":"info","event":"  4300K .......... .......... .......... .......... .......... 53% 8.07M 1s","logger":"airflow.task.hooks.airflow.providers.standard.hooks.subprocess.SubprocessHook"}
{"timestamp":"2025-07-17T06:41:58.555579","level":"info","event":"  4350K .......... .......... .......... .......... .......... 54% 12.3M 1s","logger":"airflow.task.hooks.airflow.providers.standard.hooks.subprocess.SubprocessHook"}
{"timestamp":"2025-07-17T06:41:58.558266","level":"info","event":"  4400K .......... .......... .......... .......... .......... 54% 16.8M 1s","logger":"airflow.task.hooks.airflow.providers.standard.hooks.subprocess.SubprocessHook"}
{"timestamp":"2025-07-17T06:41:58.561222","level":"info","event":"  4450K .......... .......... .......... .......... .......... 55% 16.4M 1s","logger":"airflow.task.hooks.airflow.providers.standard.hooks.subprocess.SubprocessHook"}
{"timestamp":"2025-07-17T06:41:58.565328","level":"info","event":"  4500K .......... .......... .......... .......... .......... 56% 12.0M 1s","logger":"airflow.task.hooks.airflow.providers.standard.hooks.subprocess.SubprocessHook"}
{"timestamp":"2025-07-17T06:41:58.568929","level":"info","event":"  4550K .......... .......... .......... .......... .......... 56% 13.5M 1s","logger":"airflow.task.hooks.airflow.providers.standard.hooks.subprocess.SubprocessHook"}
{"timestamp":"2025-07-17T06:41:58.572486","level":"info","event":"  4600K .......... .......... .......... .......... .......... 57% 14.7M 1s","logger":"airflow.task.hooks.airflow.providers.standard.hooks.subprocess.SubprocessHook"}
{"timestamp":"2025-07-17T06:41:58.577509","level":"info","event":"  4650K .......... .......... .......... .......... .......... 58% 11.2M 1s","logger":"airflow.task.hooks.airflow.providers.standard.hooks.subprocess.SubprocessHook"}
{"timestamp":"2025-07-17T06:41:58.581647","level":"info","event":"  4700K .......... .......... .......... .......... .......... 58% 9.80M 1s","logger":"airflow.task.hooks.airflow.providers.standard.hooks.subprocess.SubprocessHook"}
{"timestamp":"2025-07-17T06:41:58.586045","level":"info","event":"  4750K .......... .......... .......... .......... .......... 59% 11.1M 1s","logger":"airflow.task.hooks.airflow.providers.standard.hooks.subprocess.SubprocessHook"}
{"timestamp":"2025-07-17T06:41:58.587149","level":"info","event":"  4800K .......... .......... .......... .......... .......... 59% 43.8M 1s","logger":"airflow.task.hooks.airflow.providers.standard.hooks.subprocess.SubprocessHook"}
{"timestamp":"2025-07-17T06:41:58.591182","level":"info","event":"  4850K .......... .......... .......... .......... .......... 60% 12.6M 1s","logger":"airflow.task.hooks.airflow.providers.standard.hooks.subprocess.SubprocessHook"}
{"timestamp":"2025-07-17T06:41:58.594006","level":"info","event":"  4900K .......... .......... .......... .......... .......... 61% 16.3M 1s","logger":"airflow.task.hooks.airflow.providers.standard.hooks.subprocess.SubprocessHook"}
{"timestamp":"2025-07-17T06:41:58.596003","level":"info","event":"  4950K .......... .......... .......... .......... .......... 61% 24.3M 1s","logger":"airflow.task.hooks.airflow.providers.standard.hooks.subprocess.SubprocessHook"}
{"timestamp":"2025-07-17T06:41:58.602837","level":"info","event":"  5000K .......... .......... .......... .......... .......... 62% 7.22M 1s","logger":"airflow.task.hooks.airflow.providers.standard.hooks.subprocess.SubprocessHook"}
{"timestamp":"2025-07-17T06:41:58.604681","level":"info","event":"  5050K .......... .......... .......... .......... .......... 62% 26.6M 1s","logger":"airflow.task.hooks.airflow.providers.standard.hooks.subprocess.SubprocessHook"}
{"timestamp":"2025-07-17T06:41:58.607458","level":"info","event":"  5100K .......... .......... .......... .......... .......... 63% 17.7M 1s","logger":"airflow.task.hooks.airflow.providers.standard.hooks.subprocess.SubprocessHook"}
{"timestamp":"2025-07-17T06:41:58.612857","level":"info","event":"  5150K .......... .......... .......... .......... .......... 64% 8.96M 1s","logger":"airflow.task.hooks.airflow.providers.standard.hooks.subprocess.SubprocessHook"}
{"timestamp":"2025-07-17T06:41:58.614683","level":"info","event":"  5200K .......... .......... .......... .......... .......... 64% 26.3M 1s","logger":"airflow.task.hooks.airflow.providers.standard.hooks.subprocess.SubprocessHook"}
{"timestamp":"2025-07-17T06:41:58.618628","level":"info","event":"  5250K .......... .......... .......... .......... .......... 65% 14.2M 0s","logger":"airflow.task.hooks.airflow.providers.standard.hooks.subprocess.SubprocessHook"}
{"timestamp":"2025-07-17T06:41:58.621069","level":"info","event":"  5300K .......... .......... .......... .......... .......... 66% 16.6M 0s","logger":"airflow.task.hooks.airflow.providers.standard.hooks.subprocess.SubprocessHook"}
{"timestamp":"2025-07-17T06:41:58.622469","level":"info","event":"  5350K .......... .......... .......... .......... .......... 66% 34.4M 0s","logger":"airflow.task.hooks.airflow.providers.standard.hooks.subprocess.SubprocessHook"}
{"timestamp":"2025-07-17T06:41:58.627230","level":"info","event":"  5400K .......... .......... .......... .......... .......... 67% 10.4M 0s","logger":"airflow.task.hooks.airflow.providers.standard.hooks.subprocess.SubprocessHook"}
{"timestamp":"2025-07-17T06:41:58.630076","level":"info","event":"  5450K .......... .......... .......... .......... .......... 67% 17.1M 0s","logger":"airflow.task.hooks.airflow.providers.standard.hooks.subprocess.SubprocessHook"}
{"timestamp":"2025-07-17T06:41:58.633736","level":"info","event":"  5500K .......... .......... .......... .......... .......... 68% 13.9M 0s","logger":"airflow.task.hooks.airflow.providers.standard.hooks.subprocess.SubprocessHook"}
{"timestamp":"2025-07-17T06:41:58.635807","level":"info","event":"  5550K .......... .......... .......... .......... .......... 69% 21.9M 0s","logger":"airflow.task.hooks.airflow.providers.standard.hooks.subprocess.SubprocessHook"}
{"timestamp":"2025-07-17T06:41:58.639959","level":"info","event":"  5600K .......... .......... .......... .......... .......... 69% 12.4M 0s","logger":"airflow.task.hooks.airflow.providers.standard.hooks.subprocess.SubprocessHook"}
{"timestamp":"2025-07-17T06:41:58.641494","level":"info","event":"  5650K .......... .......... .......... .......... .......... 70% 27.0M 0s","logger":"airflow.task.hooks.airflow.providers.standard.hooks.subprocess.SubprocessHook"}
{"timestamp":"2025-07-17T06:41:58.643268","level":"info","event":"  5700K .......... .......... .......... .......... .......... 70% 27.2M 0s","logger":"airflow.task.hooks.airflow.providers.standard.hooks.subprocess.SubprocessHook"}
{"timestamp":"2025-07-17T06:41:58.646064","level":"info","event":"  5750K .......... .......... .......... .......... .......... 71% 18.1M 0s","logger":"airflow.task.hooks.airflow.providers.standard.hooks.subprocess.SubprocessHook"}
{"timestamp":"2025-07-17T06:41:58.650098","level":"info","event":"  5800K .......... .......... .......... .......... .......... 72% 12.7M 0s","logger":"airflow.task.hooks.airflow.providers.standard.hooks.subprocess.SubprocessHook"}
{"timestamp":"2025-07-17T06:41:58.655334","level":"info","event":"  5850K .......... .......... .......... .......... .......... 72% 9.65M 0s","logger":"airflow.task.hooks.airflow.providers.standard.hooks.subprocess.SubprocessHook"}
{"timestamp":"2025-07-17T06:41:58.657399","level":"info","event":"  5900K .......... .......... .......... .......... .......... 73% 23.2M 0s","logger":"airflow.task.hooks.airflow.providers.standard.hooks.subprocess.SubprocessHook"}
{"timestamp":"2025-07-17T06:41:58.659387","level":"info","event":"  5950K .......... .......... .......... .......... .......... 74% 21.6M 0s","logger":"airflow.task.hooks.airflow.providers.standard.hooks.subprocess.SubprocessHook"}
{"timestamp":"2025-07-17T06:41:58.664515","level":"info","event":"  6000K .......... .......... .......... .......... .......... 74% 10.4M 0s","logger":"airflow.task.hooks.airflow.providers.standard.hooks.subprocess.SubprocessHook"}
{"timestamp":"2025-07-17T06:41:58.667279","level":"info","event":"  6050K .......... .......... .......... .......... .......... 75% 19.8M 0s","logger":"airflow.task.hooks.airflow.providers.standard.hooks.subprocess.SubprocessHook"}
{"timestamp":"2025-07-17T06:41:58.668811","level":"info","event":"  6100K .......... .......... .......... .......... .......... 75% 23.2M 0s","logger":"airflow.task.hooks.airflow.providers.standard.hooks.subprocess.SubprocessHook"}
{"timestamp":"2025-07-17T06:41:58.669309","level":"info","event":"  6150K .......... .......... .......... .......... .......... 76% 67.6M 0s","logger":"airflow.task.hooks.airflow.providers.standard.hooks.subprocess.SubprocessHook"}
{"timestamp":"2025-07-17T06:41:58.671409","level":"info","event":"  6200K .......... .......... .......... .......... .......... 77% 22.9M 0s","logger":"airflow.task.hooks.airflow.providers.standard.hooks.subprocess.SubprocessHook"}
{"timestamp":"2025-07-17T06:41:58.673323","level":"info","event":"  6250K .......... .......... .......... .......... .......... 77% 25.7M 0s","logger":"airflow.task.hooks.airflow.providers.standard.hooks.subprocess.SubprocessHook"}
{"timestamp":"2025-07-17T06:41:58.677769","level":"info","event":"  6300K .......... .......... .......... .......... .......... 78% 11.8M 0s","logger":"airflow.task.hooks.airflow.providers.standard.hooks.subprocess.SubprocessHook"}
{"timestamp":"2025-07-17T06:41:58.679422","level":"info","event":"  6350K .......... .......... .......... .......... .......... 78% 26.2M 0s","logger":"airflow.task.hooks.airflow.providers.standard.hooks.subprocess.SubprocessHook"}
{"timestamp":"2025-07-17T06:41:58.681005","level":"info","event":"  6400K .......... .......... .......... .......... .......... 79% 33.2M 0s","logger":"airflow.task.hooks.airflow.providers.standard.hooks.subprocess.SubprocessHook"}
{"timestamp":"2025-07-17T06:41:58.691482","level":"info","event":"  6450K .......... .......... .......... .......... .......... 80% 4.87M 0s","logger":"airflow.task.hooks.airflow.providers.standard.hooks.subprocess.SubprocessHook"}
{"timestamp":"2025-07-17T06:41:58.697615","level":"info","event":"  6500K .......... .......... .......... .......... .......... 80% 10.7M 0s","logger":"airflow.task.hooks.airflow.providers.standard.hooks.subprocess.SubprocessHook"}
{"timestamp":"2025-07-17T06:41:58.707713","level":"info","event":"  6550K .......... .......... .......... .......... .......... 81% 4.06M 0s","logger":"airflow.task.hooks.airflow.providers.standard.hooks.subprocess.SubprocessHook"}
{"timestamp":"2025-07-17T06:41:58.707826","level":"info","event":"  6600K .......... .......... .......... .......... .......... 82%  231M 0s","logger":"airflow.task.hooks.airflow.providers.standard.hooks.subprocess.SubprocessHook"}
{"timestamp":"2025-07-17T06:41:58.714680","level":"info","event":"  6650K .......... .......... .......... .......... .......... 82% 36.1M 0s","logger":"airflow.task.hooks.airflow.providers.standard.hooks.subprocess.SubprocessHook"}
{"timestamp":"2025-07-17T06:41:58.715309","level":"info","event":"  6700K .......... .......... .......... .......... .......... 83% 7.74M 0s","logger":"airflow.task.hooks.airflow.providers.standard.hooks.subprocess.SubprocessHook"}
{"timestamp":"2025-07-17T06:41:58.722398","level":"info","event":"  6750K .......... .......... .......... .......... .......... 83% 6.96M 0s","logger":"airflow.task.hooks.airflow.providers.standard.hooks.subprocess.SubprocessHook"}
{"timestamp":"2025-07-17T06:41:58.728826","level":"info","event":"  6800K .......... .......... .......... .......... .......... 84% 7.74M 0s","logger":"airflow.task.hooks.airflow.providers.standard.hooks.subprocess.SubprocessHook"}
{"timestamp":"2025-07-17T06:41:58.729757","level":"info","event":"  6850K .......... .......... .......... .......... .......... 85% 50.1M 0s","logger":"airflow.task.hooks.airflow.providers.standard.hooks.subprocess.SubprocessHook"}
{"timestamp":"2025-07-17T06:41:58.729838","level":"info","event":"  6900K .......... .......... .......... .......... .......... 85%  158M 0s","logger":"airflow.task.hooks.airflow.providers.standard.hooks.subprocess.SubprocessHook"}
{"timestamp":"2025-07-17T06:41:58.730941","level":"info","event":"  6950K .......... .......... .......... .......... .......... 86%  208M 0s","logger":"airflow.task.hooks.airflow.providers.standard.hooks.subprocess.SubprocessHook"}
{"timestamp":"2025-07-17T06:41:58.750387","level":"info","event":"  7000K .......... .......... .......... .......... .......... 87% 2.43M 0s","logger":"airflow.task.hooks.airflow.providers.standard.hooks.subprocess.SubprocessHook"}
{"timestamp":"2025-07-17T06:41:58.754848","level":"info","event":"  7050K .......... .......... .......... .......... .......... 87% 11.1M 0s","logger":"airflow.task.hooks.airflow.providers.standard.hooks.subprocess.SubprocessHook"}
{"timestamp":"2025-07-17T06:41:58.757055","level":"info","event":"  7100K .......... .......... .......... .......... .......... 88% 22.8M 0s","logger":"airflow.task.hooks.airflow.providers.standard.hooks.subprocess.SubprocessHook"}
{"timestamp":"2025-07-17T06:41:58.758668","level":"info","event":"  7150K .......... .......... .......... .......... .......... 88% 93.7M 0s","logger":"airflow.task.hooks.airflow.providers.standard.hooks.subprocess.SubprocessHook"}
{"timestamp":"2025-07-17T06:41:58.758729","level":"info","event":"  7200K .......... .......... .......... .......... .......... 89%  118M 0s","logger":"airflow.task.hooks.airflow.providers.standard.hooks.subprocess.SubprocessHook"}
{"timestamp":"2025-07-17T06:41:58.758754","level":"info","event":"  7250K .......... .......... .......... .......... .......... 90%  167M 0s","logger":"airflow.task.hooks.airflow.providers.standard.hooks.subprocess.SubprocessHook"}
{"timestamp":"2025-07-17T06:41:58.759537","level":"info","event":"  7300K .......... .......... .......... .......... .......... 90% 37.9M 0s","logger":"airflow.task.hooks.airflow.providers.standard.hooks.subprocess.SubprocessHook"}
{"timestamp":"2025-07-17T06:41:58.766676","level":"info","event":"  7350K .......... .......... .......... .......... .......... 91% 8.39M 0s","logger":"airflow.task.hooks.airflow.providers.standard.hooks.subprocess.SubprocessHook"}
{"timestamp":"2025-07-17T06:41:58.770286","level":"info","event":"  7400K .......... .......... .......... .......... .......... 91% 10.9M 0s","logger":"airflow.task.hooks.airflow.providers.standard.hooks.subprocess.SubprocessHook"}
{"timestamp":"2025-07-17T06:41:58.791139","level":"info","event":"  7450K .......... .......... .......... .......... .......... 92% 3.57M 0s","logger":"airflow.task.hooks.airflow.providers.standard.hooks.subprocess.SubprocessHook"}
{"timestamp":"2025-07-17T06:41:58.797841","level":"info","event":"  7500K .......... .......... .......... .......... .......... 93% 5.55M 0s","logger":"airflow.task.hooks.airflow.providers.standard.hooks.subprocess.SubprocessHook"}
{"timestamp":"2025-07-17T06:41:58.797917","level":"info","event":"  7550K .......... .......... .......... .......... .......... 93%  117M 0s","logger":"airflow.task.hooks.airflow.providers.standard.hooks.subprocess.SubprocessHook"}
{"timestamp":"2025-07-17T06:41:58.815047","level":"info","event":"  7600K .......... .......... .......... .......... .......... 94% 2.17M 0s","logger":"airflow.task.hooks.airflow.providers.standard.hooks.subprocess.SubprocessHook"}
{"timestamp":"2025-07-17T06:41:58.830312","level":"info","event":"  7650K .......... .......... .......... .......... .......... 95% 3.19M 0s","logger":"airflow.task.hooks.airflow.providers.standard.hooks.subprocess.SubprocessHook"}
{"timestamp":"2025-07-17T06:41:58.833252","level":"info","event":"  7700K .......... .......... .......... .......... .......... 95% 17.2M 0s","logger":"airflow.task.hooks.airflow.providers.standard.hooks.subprocess.SubprocessHook"}
{"timestamp":"2025-07-17T06:41:58.836209","level":"info","event":"  7750K .......... .......... .......... .......... .......... 96% 16.0M 0s","logger":"airflow.task.hooks.airflow.providers.standard.hooks.subprocess.SubprocessHook"}
{"timestamp":"2025-07-17T06:41:58.859820","level":"info","event":"  7800K .......... .......... .......... .......... .......... 96% 2.09M 0s","logger":"airflow.task.hooks.airflow.providers.standard.hooks.subprocess.SubprocessHook"}
{"timestamp":"2025-07-17T06:41:58.947754","level":"info","event":"  7850K .......... .......... .......... .......... .......... 97%  568K 0s","logger":"airflow.task.hooks.airflow.providers.standard.hooks.subprocess.SubprocessHook"}
{"timestamp":"2025-07-17T06:41:58.954754","level":"info","event":"  7900K .......... .......... .......... .......... .......... 98% 7.14M 0s","logger":"airflow.task.hooks.airflow.providers.standard.hooks.subprocess.SubprocessHook"}
{"timestamp":"2025-07-17T06:41:59.052002","level":"info","event":"  7950K .......... .......... .......... .......... .......... 98%  536K 0s","logger":"airflow.task.hooks.airflow.providers.standard.hooks.subprocess.SubprocessHook"}
{"timestamp":"2025-07-17T06:41:59.087380","level":"info","event":"  8000K .......... .......... .......... .......... .......... 99% 1.24M 0s","logger":"airflow.task.hooks.airflow.providers.standard.hooks.subprocess.SubprocessHook"}
{"timestamp":"2025-07-17T06:41:59.178910","level":"info","event":"  8050K .......... .......... .......... .......... .......... 99%  544K 0s","logger":"airflow.task.hooks.airflow.providers.standard.hooks.subprocess.SubprocessHook"}
{"timestamp":"2025-07-17T06:41:59.179069","level":"info","event":"  8100K .                                                     100% 2.74M=1.5s","logger":"airflow.task.hooks.airflow.providers.standard.hooks.subprocess.SubprocessHook"}
{"timestamp":"2025-07-17T06:41:59.179116","level":"info","event":"","logger":"airflow.task.hooks.airflow.providers.standard.hooks.subprocess.SubprocessHook"}
{"timestamp":"2025-07-17T06:41:59.179162","level":"info","event":"2025-07-17 06:41:59 (5.27 MB/s) - ‘/opt/airflow/green_tripdata_2019-06.csv.gz’ saved [8295836/8295836]","logger":"airflow.task.hooks.airflow.providers.standard.hooks.subprocess.SubprocessHook"}
{"timestamp":"2025-07-17T06:41:59.179336","level":"info","event":"","logger":"airflow.task.hooks.airflow.providers.standard.hooks.subprocess.SubprocessHook"}
{"timestamp":"2025-07-17T06:41:59.636908","level":"info","event":"Command exited with return code 0","logger":"airflow.task.hooks.airflow.providers.standard.hooks.subprocess.SubprocessHook"}
{"timestamp":"2025-07-17T06:41:59.682631","level":"info","event":"Pushing xcom","ti":"RuntimeTaskInstance(id=UUID('0198171e-3d6b-7765-87c0-cdbaacc0afb7'), task_id='wget_trips_csvgz', dag_id='local_ingestion_pg_green', run_id='scheduled__2019-06-02T06:00:00+00:00', try_number=1, map_index=-1, hostname='3f7f1d329e72', context_carrier={}, task=<Task(BashOperator): wget_trips_csvgz>, bundle_instance=LocalDagBundle(name=dags-folder), max_tries=0, start_date=datetime.datetime(2025, 7, 17, 6, 41, 55, 39488, tzinfo=TzInfo(UTC)), end_date=None, state=<TaskInstanceState.RUNNING: 'running'>, is_mapped=False, rendered_map_index=None)","logger":"task"}
{"timestamp":"2025-07-17T06:49:57.511824","level":"info","event":"DAG bundles loaded: dags-folder","logger":"airflow.dag_processing.bundles.manager.DagBundlesManager"}
{"timestamp":"2025-07-17T06:49:57.538011","level":"info","event":"Filling up the DagBag from /opt/airflow/dags/data_ingestion_localpg_dag.py","logger":"airflow.models.dagbag.DagBag"}
{"timestamp":"2025-07-17T06:49:58.666116","level":"info","event":"Tmp dir root location: /tmp","logger":"airflow.task.hooks.airflow.providers.standard.hooks.subprocess.SubprocessHook"}
{"timestamp":"2025-07-17T06:49:58.684397","level":"info","event":"Running command: ['/usr/bin/bash', '-c', 'wget https://github.com/DataTalksClub/nyc-tlc-data/releases/download/green/green_tripdata_2019-06.csv.gz -O /opt/airflow/green_tripdata_2019-06.csv.gz && gunzip -f /opt/airflow/green_tripdata_2019-06.csv.gz || rm -f /opt/airflow/green_tripdata_2019-06.csv.gz']","logger":"airflow.task.hooks.airflow.providers.standard.hooks.subprocess.SubprocessHook"}
{"timestamp":"2025-07-17T06:49:58.714778","level":"info","event":"Output:","logger":"airflow.task.hooks.airflow.providers.standard.hooks.subprocess.SubprocessHook"}
{"timestamp":"2025-07-17T06:49:58.734960","level":"info","event":"--2025-07-17 06:49:58--  https://github.com/DataTalksClub/nyc-tlc-data/releases/download/green/green_tripdata_2019-06.csv.gz","logger":"airflow.task.hooks.airflow.providers.standard.hooks.subprocess.SubprocessHook"}
{"timestamp":"2025-07-17T06:49:58.751982","level":"info","event":"Resolving github.com (github.com)... 20.205.243.166","logger":"airflow.task.hooks.airflow.providers.standard.hooks.subprocess.SubprocessHook"}
{"timestamp":"2025-07-17T06:49:58.760700","level":"info","event":"Connecting to github.com (github.com)|20.205.243.166|:443... connected.","logger":"airflow.task.hooks.airflow.providers.standard.hooks.subprocess.SubprocessHook"}
{"timestamp":"2025-07-17T06:49:59.080915","level":"info","event":"HTTP request sent, awaiting response... 302 Found","logger":"airflow.task.hooks.airflow.providers.standard.hooks.subprocess.SubprocessHook"}
{"timestamp":"2025-07-17T06:49:59.081158","level":"info","event":"Location: https://objects.githubusercontent.com/github-production-release-asset-2e65be/513814948/e3a5326b-5167-4f2a-b9b6-be63e78d3896?X-Amz-Algorithm=AWS4-HMAC-SHA256&X-Amz-Credential=releaseassetproduction%2F20250717%2Fus-east-1%2Fs3%2Faws4_request&X-Amz-Date=20250717T064958Z&X-Amz-Expires=1800&X-Amz-Signature=3c89f11bc978d67d10d339ae9b607ae9f07f319068047b5b1a027914f9b8af65&X-Amz-SignedHeaders=host&response-content-disposition=attachment%3B%20filename%3Dgreen_tripdata_2019-06.csv.gz&response-content-type=application%2Foctet-stream [following]","logger":"airflow.task.hooks.airflow.providers.standard.hooks.subprocess.SubprocessHook"}
{"timestamp":"2025-07-17T06:49:59.081244","level":"info","event":"--2025-07-17 06:49:59--  https://objects.githubusercontent.com/github-production-release-asset-2e65be/513814948/e3a5326b-5167-4f2a-b9b6-be63e78d3896?X-Amz-Algorithm=AWS4-HMAC-SHA256&X-Amz-Credential=releaseassetproduction%2F20250717%2Fus-east-1%2Fs3%2Faws4_request&X-Amz-Date=20250717T064958Z&X-Amz-Expires=1800&X-Amz-Signature=3c89f11bc978d67d10d339ae9b607ae9f07f319068047b5b1a027914f9b8af65&X-Amz-SignedHeaders=host&response-content-disposition=attachment%3B%20filename%3Dgreen_tripdata_2019-06.csv.gz&response-content-type=application%2Foctet-stream","logger":"airflow.task.hooks.airflow.providers.standard.hooks.subprocess.SubprocessHook"}
{"timestamp":"2025-07-17T06:49:59.085830","level":"info","event":"Resolving objects.githubusercontent.com (objects.githubusercontent.com)... 185.199.111.133, 185.199.108.133, 185.199.109.133, ...","logger":"airflow.task.hooks.airflow.providers.standard.hooks.subprocess.SubprocessHook"}
{"timestamp":"2025-07-17T06:49:59.092792","level":"info","event":"Connecting to objects.githubusercontent.com (objects.githubusercontent.com)|185.199.111.133|:443... connected.","logger":"airflow.task.hooks.airflow.providers.standard.hooks.subprocess.SubprocessHook"}
{"timestamp":"2025-07-17T06:50:00.364080","level":"info","event":"HTTP request sent, awaiting response... 200 OK","logger":"airflow.task.hooks.airflow.providers.standard.hooks.subprocess.SubprocessHook"}
{"timestamp":"2025-07-17T06:50:00.364254","level":"info","event":"Length: 8295836 (7.9M) [application/octet-stream]","logger":"airflow.task.hooks.airflow.providers.standard.hooks.subprocess.SubprocessHook"}
{"timestamp":"2025-07-17T06:50:00.364289","level":"info","event":"Saving to: ‘/opt/airflow/green_tripdata_2019-06.csv.gz’","logger":"airflow.task.hooks.airflow.providers.standard.hooks.subprocess.SubprocessHook"}
{"timestamp":"2025-07-17T06:50:00.364469","level":"info","event":"","logger":"airflow.task.hooks.airflow.providers.standard.hooks.subprocess.SubprocessHook"}
{"timestamp":"2025-07-17T06:50:00.375002","level":"info","event":"     0K .......... .......... .......... .......... ..........  0% 4.61M 2s","logger":"airflow.task.hooks.airflow.providers.standard.hooks.subprocess.SubprocessHook"}
{"timestamp":"2025-07-17T06:50:00.378863","level":"info","event":"    50K .......... .......... .......... .......... ..........  1% 11.2M 1s","logger":"airflow.task.hooks.airflow.providers.standard.hooks.subprocess.SubprocessHook"}
{"timestamp":"2025-07-17T06:50:00.380431","level":"info","event":"   100K .......... .......... .......... .......... ..........  1% 30.6M 1s","logger":"airflow.task.hooks.airflow.providers.standard.hooks.subprocess.SubprocessHook"}
{"timestamp":"2025-07-17T06:50:00.384337","level":"info","event":"   150K .......... .......... .......... .......... ..........  2% 12.6M 1s","logger":"airflow.task.hooks.airflow.providers.standard.hooks.subprocess.SubprocessHook"}
{"timestamp":"2025-07-17T06:50:00.386127","level":"info","event":"   200K .......... .......... .......... .......... ..........  3% 26.3M 1s","logger":"airflow.task.hooks.airflow.providers.standard.hooks.subprocess.SubprocessHook"}
{"timestamp":"2025-07-17T06:50:00.387904","level":"info","event":"   250K .......... .......... .......... .......... ..........  3% 28.1M 1s","logger":"airflow.task.hooks.airflow.providers.standard.hooks.subprocess.SubprocessHook"}
{"timestamp":"2025-07-17T06:50:00.389244","level":"info","event":"   300K .......... .......... .......... .......... ..........  4% 45.1M 1s","logger":"airflow.task.hooks.airflow.providers.standard.hooks.subprocess.SubprocessHook"}
{"timestamp":"2025-07-17T06:50:00.392620","level":"info","event":"   350K .......... .......... .......... .......... ..........  4% 13.4M 1s","logger":"airflow.task.hooks.airflow.providers.standard.hooks.subprocess.SubprocessHook"}
{"timestamp":"2025-07-17T06:50:00.395121","level":"info","event":"   400K .......... .......... .......... .......... ..........  5% 19.5M 1s","logger":"airflow.task.hooks.airflow.providers.standard.hooks.subprocess.SubprocessHook"}
{"timestamp":"2025-07-17T06:50:00.395741","level":"info","event":"   450K .......... .......... .......... .......... ..........  6% 81.5M 0s","logger":"airflow.task.hooks.airflow.providers.standard.hooks.subprocess.SubprocessHook"}
{"timestamp":"2025-07-17T06:50:00.396594","level":"info","event":"   500K .......... .......... .......... .......... ..........  6% 55.3M 0s","logger":"airflow.task.hooks.airflow.providers.standard.hooks.subprocess.SubprocessHook"}
{"timestamp":"2025-07-17T06:50:00.398187","level":"info","event":"   550K .......... .......... .......... .......... ..........  7% 30.3M 0s","logger":"airflow.task.hooks.airflow.providers.standard.hooks.subprocess.SubprocessHook"}
{"timestamp":"2025-07-17T06:50:00.398723","level":"info","event":"   600K .......... .......... .......... .......... ..........  8% 90.3M 0s","logger":"airflow.task.hooks.airflow.providers.standard.hooks.subprocess.SubprocessHook"}
{"timestamp":"2025-07-17T06:50:00.398984","level":"info","event":"   650K .......... .......... .......... .......... ..........  8%  175M 0s","logger":"airflow.task.hooks.airflow.providers.standard.hooks.subprocess.SubprocessHook"}
{"timestamp":"2025-07-17T06:50:00.400498","level":"info","event":"   700K .......... .......... .......... .......... ..........  9% 35.2M 0s","logger":"airflow.task.hooks.airflow.providers.standard.hooks.subprocess.SubprocessHook"}
{"timestamp":"2025-07-17T06:50:00.401068","level":"info","event":"   750K .......... .......... .......... .......... ..........  9% 76.0M 0s","logger":"airflow.task.hooks.airflow.providers.standard.hooks.subprocess.SubprocessHook"}
{"timestamp":"2025-07-17T06:50:00.403186","level":"info","event":"   800K .......... .......... .......... .......... .......... 10% 22.8M 0s","logger":"airflow.task.hooks.airflow.providers.standard.hooks.subprocess.SubprocessHook"}
{"timestamp":"2025-07-17T06:50:00.404008","level":"info","event":"   850K .......... .......... .......... .......... .......... 11% 60.0M 0s","logger":"airflow.task.hooks.airflow.providers.standard.hooks.subprocess.SubprocessHook"}
{"timestamp":"2025-07-17T06:50:00.406002","level":"info","event":"   900K .......... .......... .......... .......... .......... 11% 24.2M 0s","logger":"airflow.task.hooks.airflow.providers.standard.hooks.subprocess.SubprocessHook"}
{"timestamp":"2025-07-17T06:50:00.408057","level":"info","event":"   950K .......... .......... .......... .......... .......... 12% 23.8M 0s","logger":"airflow.task.hooks.airflow.providers.standard.hooks.subprocess.SubprocessHook"}
{"timestamp":"2025-07-17T06:50:00.409234","level":"info","event":"  1000K .......... .......... .......... .......... .......... 12% 40.6M 0s","logger":"airflow.task.hooks.airflow.providers.standard.hooks.subprocess.SubprocessHook"}
{"timestamp":"2025-07-17T06:50:00.409658","level":"info","event":"  1050K .......... .......... .......... .......... .......... 13%  117M 0s","logger":"airflow.task.hooks.airflow.providers.standard.hooks.subprocess.SubprocessHook"}
{"timestamp":"2025-07-17T06:50:00.413889","level":"info","event":"  1100K .......... .......... .......... .......... .......... 14% 30.9M 0s","logger":"airflow.task.hooks.airflow.providers.standard.hooks.subprocess.SubprocessHook"}
{"timestamp":"2025-07-17T06:50:00.414411","level":"info","event":"  1150K .......... .......... .......... .......... .......... 14% 15.6M 0s","logger":"airflow.task.hooks.airflow.providers.standard.hooks.subprocess.SubprocessHook"}
{"timestamp":"2025-07-17T06:50:00.414874","level":"info","event":"  1200K .......... .......... .......... .......... .......... 15% 97.9M 0s","logger":"airflow.task.hooks.airflow.providers.standard.hooks.subprocess.SubprocessHook"}
{"timestamp":"2025-07-17T06:50:00.419784","level":"info","event":"  1250K .......... .......... .......... .......... .......... 16% 9.99M 0s","logger":"airflow.task.hooks.airflow.providers.standard.hooks.subprocess.SubprocessHook"}
{"timestamp":"2025-07-17T06:50:00.420961","level":"info","event":"  1300K .......... .......... .......... .......... .......... 16% 40.9M 0s","logger":"airflow.task.hooks.airflow.providers.standard.hooks.subprocess.SubprocessHook"}
{"timestamp":"2025-07-17T06:50:00.421579","level":"info","event":"  1350K .......... .......... .......... .......... .......... 17% 75.1M 0s","logger":"airflow.task.hooks.airflow.providers.standard.hooks.subprocess.SubprocessHook"}
{"timestamp":"2025-07-17T06:50:00.424617","level":"info","event":"  1400K .......... .......... .......... .......... .......... 17% 16.3M 0s","logger":"airflow.task.hooks.airflow.providers.standard.hooks.subprocess.SubprocessHook"}
{"timestamp":"2025-07-17T06:50:00.426005","level":"info","event":"  1450K .......... .......... .......... .......... .......... 18% 34.2M 0s","logger":"airflow.task.hooks.airflow.providers.standard.hooks.subprocess.SubprocessHook"}
{"timestamp":"2025-07-17T06:50:00.430772","level":"info","event":"  1500K .......... .......... .......... .......... .......... 19%  131M 0s","logger":"airflow.task.hooks.airflow.providers.standard.hooks.subprocess.SubprocessHook"}
{"timestamp":"2025-07-17T06:50:00.431565","level":"info","event":"  1550K .......... .......... .......... .......... .......... 19% 9.90M 0s","logger":"airflow.task.hooks.airflow.providers.standard.hooks.subprocess.SubprocessHook"}
{"timestamp":"2025-07-17T06:50:00.431859","level":"info","event":"  1600K .......... .......... .......... .......... .......... 20%  103M 0s","logger":"airflow.task.hooks.airflow.providers.standard.hooks.subprocess.SubprocessHook"}
{"timestamp":"2025-07-17T06:50:00.432527","level":"info","event":"  1650K .......... .......... .......... .......... .......... 20% 69.8M 0s","logger":"airflow.task.hooks.airflow.providers.standard.hooks.subprocess.SubprocessHook"}
{"timestamp":"2025-07-17T06:50:00.432815","level":"info","event":"  1700K .......... .......... .......... .......... .......... 21%  224M 0s","logger":"airflow.task.hooks.airflow.providers.standard.hooks.subprocess.SubprocessHook"}
{"timestamp":"2025-07-17T06:50:00.432974","level":"info","event":"  1750K .......... .......... .......... .......... .......... 22%  226M 0s","logger":"airflow.task.hooks.airflow.providers.standard.hooks.subprocess.SubprocessHook"}
{"timestamp":"2025-07-17T06:50:00.433087","level":"info","event":"  1800K .......... .......... .......... .......... .......... 22%  285M 0s","logger":"airflow.task.hooks.airflow.providers.standard.hooks.subprocess.SubprocessHook"}
{"timestamp":"2025-07-17T06:50:00.436213","level":"info","event":"  1850K .......... .......... .......... .......... .......... 23% 15.9M 0s","logger":"airflow.task.hooks.airflow.providers.standard.hooks.subprocess.SubprocessHook"}
{"timestamp":"2025-07-17T06:50:00.437814","level":"info","event":"  1900K .......... .......... .......... .......... .......... 24% 39.8M 0s","logger":"airflow.task.hooks.airflow.providers.standard.hooks.subprocess.SubprocessHook"}
{"timestamp":"2025-07-17T06:50:00.439460","level":"info","event":"  1950K .......... .......... .......... .......... .......... 24% 24.2M 0s","logger":"airflow.task.hooks.airflow.providers.standard.hooks.subprocess.SubprocessHook"}
{"timestamp":"2025-07-17T06:50:00.441936","level":"info","event":"  2000K .......... .......... .......... .......... .......... 25% 21.2M 0s","logger":"airflow.task.hooks.airflow.providers.standard.hooks.subprocess.SubprocessHook"}
{"timestamp":"2025-07-17T06:50:00.442532","level":"info","event":"  2050K .......... .......... .......... .......... .......... 25% 66.6M 0s","logger":"airflow.task.hooks.airflow.providers.standard.hooks.subprocess.SubprocessHook"}
{"timestamp":"2025-07-17T06:50:00.443408","level":"info","event":"  2100K .......... .......... .......... .......... .......... 26% 57.1M 0s","logger":"airflow.task.hooks.airflow.providers.standard.hooks.subprocess.SubprocessHook"}
{"timestamp":"2025-07-17T06:50:00.446452","level":"info","event":"  2150K .......... .......... .......... .......... .......... 27% 15.9M 0s","logger":"airflow.task.hooks.airflow.providers.standard.hooks.subprocess.SubprocessHook"}
{"timestamp":"2025-07-17T06:50:00.447564","level":"info","event":"  2200K .......... .......... .......... .......... .......... 27% 42.8M 0s","logger":"airflow.task.hooks.airflow.providers.standard.hooks.subprocess.SubprocessHook"}
{"timestamp":"2025-07-17T06:50:00.448045","level":"info","event":"  2250K .......... .......... .......... .......... .......... 28%  110M 0s","logger":"airflow.task.hooks.airflow.providers.standard.hooks.subprocess.SubprocessHook"}
{"timestamp":"2025-07-17T06:50:00.449160","level":"info","event":"  2300K .......... .......... .......... .......... .......... 29% 84.9M 0s","logger":"airflow.task.hooks.airflow.providers.standard.hooks.subprocess.SubprocessHook"}
{"timestamp":"2025-07-17T06:50:00.450407","level":"info","event":"  2350K .......... .......... .......... .......... .......... 29% 27.4M 0s","logger":"airflow.task.hooks.airflow.providers.standard.hooks.subprocess.SubprocessHook"}
{"timestamp":"2025-07-17T06:50:00.450596","level":"info","event":"  2400K .......... .......... .......... .......... .......... 30%  187M 0s","logger":"airflow.task.hooks.airflow.providers.standard.hooks.subprocess.SubprocessHook"}
{"timestamp":"2025-07-17T06:50:00.452527","level":"info","event":"  2450K .......... .......... .......... .......... .......... 30% 25.6M 0s","logger":"airflow.task.hooks.airflow.providers.standard.hooks.subprocess.SubprocessHook"}
{"timestamp":"2025-07-17T06:50:00.452992","level":"info","event":"  2500K .......... .......... .......... .......... .......... 31%  102M 0s","logger":"airflow.task.hooks.airflow.providers.standard.hooks.subprocess.SubprocessHook"}
{"timestamp":"2025-07-17T06:50:00.454133","level":"info","event":"  2550K .......... .......... .......... .......... .......... 32% 41.7M 0s","logger":"airflow.task.hooks.airflow.providers.standard.hooks.subprocess.SubprocessHook"}
{"timestamp":"2025-07-17T06:50:00.456972","level":"info","event":"  2600K .......... .......... .......... .......... .......... 32% 17.3M 0s","logger":"airflow.task.hooks.airflow.providers.standard.hooks.subprocess.SubprocessHook"}
{"timestamp":"2025-07-17T06:50:00.458001","level":"info","event":"  2650K .......... .......... .......... .......... .......... 33% 47.1M 0s","logger":"airflow.task.hooks.airflow.providers.standard.hooks.subprocess.SubprocessHook"}
{"timestamp":"2025-07-17T06:50:00.459070","level":"info","event":"  2700K .......... .......... .......... .......... .......... 33% 47.9M 0s","logger":"airflow.task.hooks.airflow.providers.standard.hooks.subprocess.SubprocessHook"}
{"timestamp":"2025-07-17T06:50:00.460257","level":"info","event":"  2750K .......... .......... .......... .......... .......... 34% 50.8M 0s","logger":"airflow.task.hooks.airflow.providers.standard.hooks.subprocess.SubprocessHook"}
{"timestamp":"2025-07-17T06:50:00.460373","level":"info","event":"  2800K .......... .......... .......... .......... .......... 35%  168M 0s","logger":"airflow.task.hooks.airflow.providers.standard.hooks.subprocess.SubprocessHook"}
{"timestamp":"2025-07-17T06:50:00.461276","level":"info","event":"  2850K .......... .......... .......... .......... .......... 35% 49.6M 0s","logger":"airflow.task.hooks.airflow.providers.standard.hooks.subprocess.SubprocessHook"}
{"timestamp":"2025-07-17T06:50:00.472277","level":"info","event":"  2900K .......... .......... .......... .......... .......... 36% 4.50M 0s","logger":"airflow.task.hooks.airflow.providers.standard.hooks.subprocess.SubprocessHook"}
{"timestamp":"2025-07-17T06:50:00.472405","level":"info","event":"  2950K .......... .......... .......... .......... .......... 37%  224M 0s","logger":"airflow.task.hooks.airflow.providers.standard.hooks.subprocess.SubprocessHook"}
{"timestamp":"2025-07-17T06:50:00.473079","level":"info","event":"  3000K .......... .......... .......... .......... .......... 37% 95.2M 0s","logger":"airflow.task.hooks.airflow.providers.standard.hooks.subprocess.SubprocessHook"}
{"timestamp":"2025-07-17T06:50:00.473118","level":"info","event":"  3050K .......... .......... .......... .......... .......... 38%  214M 0s","logger":"airflow.task.hooks.airflow.providers.standard.hooks.subprocess.SubprocessHook"}
{"timestamp":"2025-07-17T06:50:00.474024","level":"info","event":"  3100K .......... .......... .......... .......... .......... 38%  288M 0s","logger":"airflow.task.hooks.airflow.providers.standard.hooks.subprocess.SubprocessHook"}
{"timestamp":"2025-07-17T06:50:00.474085","level":"info","event":"  3150K .......... .......... .......... .......... .......... 39% 65.0M 0s","logger":"airflow.task.hooks.airflow.providers.standard.hooks.subprocess.SubprocessHook"}
{"timestamp":"2025-07-17T06:50:00.474113","level":"info","event":"  3200K .......... .......... .......... .......... .......... 40%  287M 0s","logger":"airflow.task.hooks.airflow.providers.standard.hooks.subprocess.SubprocessHook"}
{"timestamp":"2025-07-17T06:50:00.474875","level":"info","event":"  3250K .......... .......... .......... .......... .......... 40% 70.9M 0s","logger":"airflow.task.hooks.airflow.providers.standard.hooks.subprocess.SubprocessHook"}
{"timestamp":"2025-07-17T06:50:00.475745","level":"info","event":"  3300K .......... .......... .......... .......... .......... 41% 58.3M 0s","logger":"airflow.task.hooks.airflow.providers.standard.hooks.subprocess.SubprocessHook"}
{"timestamp":"2025-07-17T06:50:00.476348","level":"info","event":"  3350K .......... .......... .......... .......... .......... 41% 76.0M 0s","logger":"airflow.task.hooks.airflow.providers.standard.hooks.subprocess.SubprocessHook"}
{"timestamp":"2025-07-17T06:50:00.476651","level":"info","event":"  3400K .......... .......... .......... .......... .......... 42%  243M 0s","logger":"airflow.task.hooks.airflow.providers.standard.hooks.subprocess.SubprocessHook"}
{"timestamp":"2025-07-17T06:50:00.476706","level":"info","event":"  3450K .......... .......... .......... .......... .......... 43%  239M 0s","logger":"airflow.task.hooks.airflow.providers.standard.hooks.subprocess.SubprocessHook"}
{"timestamp":"2025-07-17T06:50:00.481558","level":"info","event":"  3500K .......... .......... .......... .......... .......... 43% 10.3M 0s","logger":"airflow.task.hooks.airflow.providers.standard.hooks.subprocess.SubprocessHook"}
{"timestamp":"2025-07-17T06:50:00.483028","level":"info","event":"  3550K .......... .......... .......... .......... .......... 44% 37.2M 0s","logger":"airflow.task.hooks.airflow.providers.standard.hooks.subprocess.SubprocessHook"}
{"timestamp":"2025-07-17T06:50:00.484600","level":"info","event":"  3600K .......... .......... .......... .......... .......... 45% 29.1M 0s","logger":"airflow.task.hooks.airflow.providers.standard.hooks.subprocess.SubprocessHook"}
{"timestamp":"2025-07-17T06:50:00.487034","level":"info","event":"  3650K .......... .......... .......... .......... .......... 45% 23.1M 0s","logger":"airflow.task.hooks.airflow.providers.standard.hooks.subprocess.SubprocessHook"}
{"timestamp":"2025-07-17T06:50:00.490074","level":"info","event":"  3700K .......... .......... .......... .......... .......... 46% 14.8M 0s","logger":"airflow.task.hooks.airflow.providers.standard.hooks.subprocess.SubprocessHook"}
{"timestamp":"2025-07-17T06:50:00.490284","level":"info","event":"  3750K .......... .......... .......... .......... .......... 46%  147M 0s","logger":"airflow.task.hooks.airflow.providers.standard.hooks.subprocess.SubprocessHook"}
{"timestamp":"2025-07-17T06:50:00.499117","level":"info","event":"  3800K .......... .......... .......... .......... .......... 47% 5.56M 0s","logger":"airflow.task.hooks.airflow.providers.standard.hooks.subprocess.SubprocessHook"}
{"timestamp":"2025-07-17T06:50:00.499216","level":"info","event":"  3850K .......... .......... .......... .......... .......... 48%  249M 0s","logger":"airflow.task.hooks.airflow.providers.standard.hooks.subprocess.SubprocessHook"}
{"timestamp":"2025-07-17T06:50:00.499666","level":"info","event":"  3900K .......... .......... .......... .......... .......... 48%  134M 0s","logger":"airflow.task.hooks.airflow.providers.standard.hooks.subprocess.SubprocessHook"}
{"timestamp":"2025-07-17T06:50:00.499818","level":"info","event":"  3950K .......... .......... .......... .......... .......... 49%  189M 0s","logger":"airflow.task.hooks.airflow.providers.standard.hooks.subprocess.SubprocessHook"}
{"timestamp":"2025-07-17T06:50:00.499996","level":"info","event":"  4000K .......... .......... .......... .......... .......... 49%  256M 0s","logger":"airflow.task.hooks.airflow.providers.standard.hooks.subprocess.SubprocessHook"}
{"timestamp":"2025-07-17T06:50:00.500184","level":"info","event":"  4050K .......... .......... .......... .......... .......... 50%  275M 0s","logger":"airflow.task.hooks.airflow.providers.standard.hooks.subprocess.SubprocessHook"}
{"timestamp":"2025-07-17T06:50:00.500479","level":"info","event":"  4100K .......... .......... .......... .......... .......... 51%  168M 0s","logger":"airflow.task.hooks.airflow.providers.standard.hooks.subprocess.SubprocessHook"}
{"timestamp":"2025-07-17T06:50:00.500791","level":"info","event":"  4150K .......... .......... .......... .......... .......... 51%  236M 0s","logger":"airflow.task.hooks.airflow.providers.standard.hooks.subprocess.SubprocessHook"}
{"timestamp":"2025-07-17T06:50:00.500827","level":"info","event":"  4200K .......... .......... .......... .......... .......... 52%  310M 0s","logger":"airflow.task.hooks.airflow.providers.standard.hooks.subprocess.SubprocessHook"}
{"timestamp":"2025-07-17T06:50:00.500968","level":"info","event":"  4250K .......... .......... .......... .......... .......... 53%  274M 0s","logger":"airflow.task.hooks.airflow.providers.standard.hooks.subprocess.SubprocessHook"}
{"timestamp":"2025-07-17T06:50:00.501223","level":"info","event":"  4300K .......... .......... .......... .......... .......... 53%  277M 0s","logger":"airflow.task.hooks.airflow.providers.standard.hooks.subprocess.SubprocessHook"}
{"timestamp":"2025-07-17T06:50:00.502357","level":"info","event":"  4350K .......... .......... .......... .......... .......... 54% 42.5M 0s","logger":"airflow.task.hooks.airflow.providers.standard.hooks.subprocess.SubprocessHook"}
{"timestamp":"2025-07-17T06:50:00.502971","level":"info","event":"  4400K .......... .......... .......... .......... .......... 54% 74.3M 0s","logger":"airflow.task.hooks.airflow.providers.standard.hooks.subprocess.SubprocessHook"}
{"timestamp":"2025-07-17T06:50:00.503648","level":"info","event":"  4450K .......... .......... .......... .......... .......... 55% 81.4M 0s","logger":"airflow.task.hooks.airflow.providers.standard.hooks.subprocess.SubprocessHook"}
{"timestamp":"2025-07-17T06:50:00.504083","level":"info","event":"  4500K .......... .......... .......... .......... .......... 56% 98.8M 0s","logger":"airflow.task.hooks.airflow.providers.standard.hooks.subprocess.SubprocessHook"}
{"timestamp":"2025-07-17T06:50:00.506451","level":"info","event":"  4550K .......... .......... .......... .......... .......... 56% 20.9M 0s","logger":"airflow.task.hooks.airflow.providers.standard.hooks.subprocess.SubprocessHook"}
{"timestamp":"2025-07-17T06:50:00.506726","level":"info","event":"  4600K .......... .......... .......... .......... .......... 57%  152M 0s","logger":"airflow.task.hooks.airflow.providers.standard.hooks.subprocess.SubprocessHook"}
{"timestamp":"2025-07-17T06:50:00.507715","level":"info","event":"  4650K .......... .......... .......... .......... .......... 58% 48.8M 0s","logger":"airflow.task.hooks.airflow.providers.standard.hooks.subprocess.SubprocessHook"}
{"timestamp":"2025-07-17T06:50:00.508443","level":"info","event":"  4700K .......... .......... .......... .......... .......... 58% 81.6M 0s","logger":"airflow.task.hooks.airflow.providers.standard.hooks.subprocess.SubprocessHook"}
{"timestamp":"2025-07-17T06:50:00.508962","level":"info","event":"  4750K .......... .......... .......... .......... .......... 59% 77.5M 0s","logger":"airflow.task.hooks.airflow.providers.standard.hooks.subprocess.SubprocessHook"}
{"timestamp":"2025-07-17T06:50:00.510715","level":"info","event":"  4800K .......... .......... .......... .......... .......... 59% 28.2M 0s","logger":"airflow.task.hooks.airflow.providers.standard.hooks.subprocess.SubprocessHook"}
{"timestamp":"2025-07-17T06:50:00.511257","level":"info","event":"  4850K .......... .......... .......... .......... .......... 60% 87.1M 0s","logger":"airflow.task.hooks.airflow.providers.standard.hooks.subprocess.SubprocessHook"}
{"timestamp":"2025-07-17T06:50:00.511835","level":"info","event":"  4900K .......... .......... .......... .......... .......... 61% 84.1M 0s","logger":"airflow.task.hooks.airflow.providers.standard.hooks.subprocess.SubprocessHook"}
{"timestamp":"2025-07-17T06:50:00.514495","level":"info","event":"  4950K .......... .......... .......... .......... .......... 61% 21.4M 0s","logger":"airflow.task.hooks.airflow.providers.standard.hooks.subprocess.SubprocessHook"}
{"timestamp":"2025-07-17T06:50:00.515355","level":"info","event":"  5000K .......... .......... .......... .......... .......... 62% 56.8M 0s","logger":"airflow.task.hooks.airflow.providers.standard.hooks.subprocess.SubprocessHook"}
{"timestamp":"2025-07-17T06:50:00.517275","level":"info","event":"  5050K .......... .......... .......... .......... .......... 62% 22.8M 0s","logger":"airflow.task.hooks.airflow.providers.standard.hooks.subprocess.SubprocessHook"}
{"timestamp":"2025-07-17T06:50:00.520002","level":"info","event":"  5100K .......... .......... .......... .......... .......... 63% 17.7M 0s","logger":"airflow.task.hooks.airflow.providers.standard.hooks.subprocess.SubprocessHook"}
{"timestamp":"2025-07-17T06:50:00.520669","level":"info","event":"  5150K .......... .......... .......... .......... .......... 64% 61.0M 0s","logger":"airflow.task.hooks.airflow.providers.standard.hooks.subprocess.SubprocessHook"}
{"timestamp":"2025-07-17T06:50:00.522181","level":"info","event":"  5200K .......... .......... .......... .......... .......... 64% 32.5M 0s","logger":"airflow.task.hooks.airflow.providers.standard.hooks.subprocess.SubprocessHook"}
{"timestamp":"2025-07-17T06:50:00.524596","level":"info","event":"  5250K .......... .......... .......... .......... .......... 65% 20.5M 0s","logger":"airflow.task.hooks.airflow.providers.standard.hooks.subprocess.SubprocessHook"}
{"timestamp":"2025-07-17T06:50:00.524999","level":"info","event":"  5300K .......... .......... .......... .......... .......... 66%  130M 0s","logger":"airflow.task.hooks.airflow.providers.standard.hooks.subprocess.SubprocessHook"}
{"timestamp":"2025-07-17T06:50:00.525428","level":"info","event":"  5350K .......... .......... .......... .......... .......... 66% 97.8M 0s","logger":"airflow.task.hooks.airflow.providers.standard.hooks.subprocess.SubprocessHook"}
{"timestamp":"2025-07-17T06:50:00.525689","level":"info","event":"  5400K .......... .......... .......... .......... .......... 67%  182M 0s","logger":"airflow.task.hooks.airflow.providers.standard.hooks.subprocess.SubprocessHook"}
{"timestamp":"2025-07-17T06:50:00.526744","level":"info","event":"  5450K .......... .......... .......... .......... .......... 67% 46.7M 0s","logger":"airflow.task.hooks.airflow.providers.standard.hooks.subprocess.SubprocessHook"}
{"timestamp":"2025-07-17T06:50:00.529727","level":"info","event":"  5500K .......... .......... .......... .......... .......... 68% 45.4M 0s","logger":"airflow.task.hooks.airflow.providers.standard.hooks.subprocess.SubprocessHook"}
{"timestamp":"2025-07-17T06:50:00.530109","level":"info","event":"  5550K .......... .......... .......... .......... .......... 69% 21.9M 0s","logger":"airflow.task.hooks.airflow.providers.standard.hooks.subprocess.SubprocessHook"}
{"timestamp":"2025-07-17T06:50:00.530892","level":"info","event":"  5600K .......... .......... .......... .......... .......... 69% 58.3M 0s","logger":"airflow.task.hooks.airflow.providers.standard.hooks.subprocess.SubprocessHook"}
{"timestamp":"2025-07-17T06:50:00.531751","level":"info","event":"  5650K .......... .......... .......... .......... .......... 70% 62.7M 0s","logger":"airflow.task.hooks.airflow.providers.standard.hooks.subprocess.SubprocessHook"}
{"timestamp":"2025-07-17T06:50:00.533055","level":"info","event":"  5700K .......... .......... .......... .......... .......... 70% 40.9M 0s","logger":"airflow.task.hooks.airflow.providers.standard.hooks.subprocess.SubprocessHook"}
{"timestamp":"2025-07-17T06:50:00.533413","level":"info","event":"  5750K .......... .......... .......... .......... .......... 71% 89.6M 0s","logger":"airflow.task.hooks.airflow.providers.standard.hooks.subprocess.SubprocessHook"}
{"timestamp":"2025-07-17T06:50:00.534613","level":"info","event":"  5800K .......... .......... .......... .......... .......... 72% 41.8M 0s","logger":"airflow.task.hooks.airflow.providers.standard.hooks.subprocess.SubprocessHook"}
{"timestamp":"2025-07-17T06:50:00.537133","level":"info","event":"  5850K .......... .......... .......... .......... .......... 72% 19.5M 0s","logger":"airflow.task.hooks.airflow.providers.standard.hooks.subprocess.SubprocessHook"}
{"timestamp":"2025-07-17T06:50:00.538011","level":"info","event":"  5900K .......... .......... .......... .......... .......... 73% 63.4M 0s","logger":"airflow.task.hooks.airflow.providers.standard.hooks.subprocess.SubprocessHook"}
{"timestamp":"2025-07-17T06:50:00.538362","level":"info","event":"  5950K .......... .......... .......... .......... .......... 74%  100M 0s","logger":"airflow.task.hooks.airflow.providers.standard.hooks.subprocess.SubprocessHook"}
{"timestamp":"2025-07-17T06:50:00.539130","level":"info","event":"  6000K .......... .......... .......... .......... .......... 74% 61.5M 0s","logger":"airflow.task.hooks.airflow.providers.standard.hooks.subprocess.SubprocessHook"}
{"timestamp":"2025-07-17T06:50:00.540968","level":"info","event":"  6050K .......... .......... .......... .......... .......... 75% 28.5M 0s","logger":"airflow.task.hooks.airflow.providers.standard.hooks.subprocess.SubprocessHook"}
{"timestamp":"2025-07-17T06:50:00.541524","level":"info","event":"  6100K .......... .......... .......... .......... .......... 75% 79.9M 0s","logger":"airflow.task.hooks.airflow.providers.standard.hooks.subprocess.SubprocessHook"}
{"timestamp":"2025-07-17T06:50:00.541737","level":"info","event":"  6150K .......... .......... .......... .......... .......... 76%  166M 0s","logger":"airflow.task.hooks.airflow.providers.standard.hooks.subprocess.SubprocessHook"}
{"timestamp":"2025-07-17T06:50:00.545595","level":"info","event":"  6200K .......... .......... .......... .......... .......... 77% 13.8M 0s","logger":"airflow.task.hooks.airflow.providers.standard.hooks.subprocess.SubprocessHook"}
{"timestamp":"2025-07-17T06:50:00.547415","level":"info","event":"  6250K .......... .......... .......... .......... .......... 77% 27.1M 0s","logger":"airflow.task.hooks.airflow.providers.standard.hooks.subprocess.SubprocessHook"}
{"timestamp":"2025-07-17T06:50:00.548407","level":"info","event":"  6300K .......... .......... .......... .......... .......... 78% 54.7M 0s","logger":"airflow.task.hooks.airflow.providers.standard.hooks.subprocess.SubprocessHook"}
{"timestamp":"2025-07-17T06:50:00.548518","level":"info","event":"  6350K .......... .......... .......... .......... .......... 78% 91.7M 0s","logger":"airflow.task.hooks.airflow.providers.standard.hooks.subprocess.SubprocessHook"}
{"timestamp":"2025-07-17T06:50:00.548895","level":"info","event":"  6400K .......... .......... .......... .......... .......... 79%  155M 0s","logger":"airflow.task.hooks.airflow.providers.standard.hooks.subprocess.SubprocessHook"}
{"timestamp":"2025-07-17T06:50:00.549142","level":"info","event":"  6450K .......... .......... .......... .......... .......... 80%  226M 0s","logger":"airflow.task.hooks.airflow.providers.standard.hooks.subprocess.SubprocessHook"}
{"timestamp":"2025-07-17T06:50:00.549438","level":"info","event":"  6500K .......... .......... .......... .......... .......... 80%  130M 0s","logger":"airflow.task.hooks.airflow.providers.standard.hooks.subprocess.SubprocessHook"}
{"timestamp":"2025-07-17T06:50:00.551481","level":"info","event":"  6550K .......... .......... .......... .......... .......... 81% 24.9M 0s","logger":"airflow.task.hooks.airflow.providers.standard.hooks.subprocess.SubprocessHook"}
{"timestamp":"2025-07-17T06:50:00.551577","level":"info","event":"  6600K .......... .......... .......... .......... .......... 82%  235M 0s","logger":"airflow.task.hooks.airflow.providers.standard.hooks.subprocess.SubprocessHook"}
{"timestamp":"2025-07-17T06:50:00.552186","level":"info","event":"  6650K .......... .......... .......... .......... .......... 82% 80.0M 0s","logger":"airflow.task.hooks.airflow.providers.standard.hooks.subprocess.SubprocessHook"}
{"timestamp":"2025-07-17T06:50:00.553430","level":"info","event":"  6700K .......... .......... .......... .......... .......... 83% 44.5M 0s","logger":"airflow.task.hooks.airflow.providers.standard.hooks.subprocess.SubprocessHook"}
{"timestamp":"2025-07-17T06:50:00.554407","level":"info","event":"  6750K .......... .......... .......... .......... .......... 83% 47.2M 0s","logger":"airflow.task.hooks.airflow.providers.standard.hooks.subprocess.SubprocessHook"}
{"timestamp":"2025-07-17T06:50:00.555978","level":"info","event":"  6800K .......... .......... .......... .......... .......... 84% 29.9M 0s","logger":"airflow.task.hooks.airflow.providers.standard.hooks.subprocess.SubprocessHook"}
{"timestamp":"2025-07-17T06:50:00.557274","level":"info","event":"  6850K .......... .......... .......... .......... .......... 85% 38.4M 0s","logger":"airflow.task.hooks.airflow.providers.standard.hooks.subprocess.SubprocessHook"}
{"timestamp":"2025-07-17T06:50:00.558066","level":"info","event":"  6900K .......... .......... .......... .......... .......... 85% 58.8M 0s","logger":"airflow.task.hooks.airflow.providers.standard.hooks.subprocess.SubprocessHook"}
{"timestamp":"2025-07-17T06:50:00.560385","level":"info","event":"  6950K .......... .......... .......... .......... .......... 86% 23.3M 0s","logger":"airflow.task.hooks.airflow.providers.standard.hooks.subprocess.SubprocessHook"}
{"timestamp":"2025-07-17T06:50:00.560582","level":"info","event":"  7000K .......... .......... .......... .......... .......... 87%  135M 0s","logger":"airflow.task.hooks.airflow.providers.standard.hooks.subprocess.SubprocessHook"}
{"timestamp":"2025-07-17T06:50:00.569256","level":"info","event":"  7050K .......... .......... .......... .......... .......... 87% 5.65M 0s","logger":"airflow.task.hooks.airflow.providers.standard.hooks.subprocess.SubprocessHook"}
{"timestamp":"2025-07-17T06:50:00.571251","level":"info","event":"  7100K .......... .......... .......... .......... .......... 88% 49.0M 0s","logger":"airflow.task.hooks.airflow.providers.standard.hooks.subprocess.SubprocessHook"}
{"timestamp":"2025-07-17T06:50:00.571528","level":"info","event":"  7150K .......... .......... .......... .......... .......... 88% 36.0M 0s","logger":"airflow.task.hooks.airflow.providers.standard.hooks.subprocess.SubprocessHook"}
{"timestamp":"2025-07-17T06:50:00.572420","level":"info","event":"  7200K .......... .......... .......... .......... .......... 89% 78.9M 0s","logger":"airflow.task.hooks.airflow.providers.standard.hooks.subprocess.SubprocessHook"}
{"timestamp":"2025-07-17T06:50:00.574202","level":"info","event":"  7250K .......... .......... .......... .......... .......... 90%  236M 0s","logger":"airflow.task.hooks.airflow.providers.standard.hooks.subprocess.SubprocessHook"}
{"timestamp":"2025-07-17T06:50:00.574243","level":"info","event":"  7300K .......... .......... .......... .......... .......... 90% 71.1M 0s","logger":"airflow.task.hooks.airflow.providers.standard.hooks.subprocess.SubprocessHook"}
{"timestamp":"2025-07-17T06:50:00.574266","level":"info","event":"  7350K .......... .......... .......... .......... .......... 91% 92.2M 0s","logger":"airflow.task.hooks.airflow.providers.standard.hooks.subprocess.SubprocessHook"}
{"timestamp":"2025-07-17T06:50:00.574286","level":"info","event":"  7400K .......... .......... .......... .......... .......... 91%  215M 0s","logger":"airflow.task.hooks.airflow.providers.standard.hooks.subprocess.SubprocessHook"}
{"timestamp":"2025-07-17T06:50:00.574323","level":"info","event":"  7450K .......... .......... .......... .......... .......... 92%  156M 0s","logger":"airflow.task.hooks.airflow.providers.standard.hooks.subprocess.SubprocessHook"}
{"timestamp":"2025-07-17T06:50:00.575547","level":"info","event":"  7500K .......... .......... .......... .......... .......... 93% 57.8M 0s","logger":"airflow.task.hooks.airflow.providers.standard.hooks.subprocess.SubprocessHook"}
{"timestamp":"2025-07-17T06:50:00.575907","level":"info","event":"  7550K .......... .......... .......... .......... .......... 93% 54.8M 0s","logger":"airflow.task.hooks.airflow.providers.standard.hooks.subprocess.SubprocessHook"}
{"timestamp":"2025-07-17T06:50:00.576500","level":"info","event":"  7600K .......... .......... .......... .......... .......... 94% 77.4M 0s","logger":"airflow.task.hooks.airflow.providers.standard.hooks.subprocess.SubprocessHook"}
{"timestamp":"2025-07-17T06:50:00.576661","level":"info","event":"  7650K .......... .......... .......... .......... .......... 95%  225M 0s","logger":"airflow.task.hooks.airflow.providers.standard.hooks.subprocess.SubprocessHook"}
{"timestamp":"2025-07-17T06:50:00.577059","level":"info","event":"  7700K .......... .......... .......... .......... .......... 95%  134M 0s","logger":"airflow.task.hooks.airflow.providers.standard.hooks.subprocess.SubprocessHook"}
{"timestamp":"2025-07-17T06:50:00.577393","level":"info","event":"  7750K .......... .......... .......... .......... .......... 96%  160M 0s","logger":"airflow.task.hooks.airflow.providers.standard.hooks.subprocess.SubprocessHook"}
{"timestamp":"2025-07-17T06:50:00.579464","level":"info","event":"  7800K .......... .......... .......... .......... .......... 96% 23.5M 0s","logger":"airflow.task.hooks.airflow.providers.standard.hooks.subprocess.SubprocessHook"}
{"timestamp":"2025-07-17T06:50:00.580425","level":"info","event":"  7850K .......... .......... .......... .......... .......... 97% 54.5M 0s","logger":"airflow.task.hooks.airflow.providers.standard.hooks.subprocess.SubprocessHook"}
{"timestamp":"2025-07-17T06:50:00.581029","level":"info","event":"  7900K .......... .......... .......... .......... .......... 98% 96.0M 0s","logger":"airflow.task.hooks.airflow.providers.standard.hooks.subprocess.SubprocessHook"}
{"timestamp":"2025-07-17T06:50:00.581553","level":"info","event":"  7950K .......... .......... .......... .......... .......... 98% 71.0M 0s","logger":"airflow.task.hooks.airflow.providers.standard.hooks.subprocess.SubprocessHook"}
{"timestamp":"2025-07-17T06:50:00.583446","level":"info","event":"  8000K .......... .......... .......... .......... .......... 99% 26.6M 0s","logger":"airflow.task.hooks.airflow.providers.standard.hooks.subprocess.SubprocessHook"}
{"timestamp":"2025-07-17T06:50:00.583880","level":"info","event":"  8050K .......... .......... .......... .......... .......... 99%  242M 0s","logger":"airflow.task.hooks.airflow.providers.standard.hooks.subprocess.SubprocessHook"}
{"timestamp":"2025-07-17T06:50:00.583930","level":"info","event":"  8100K .                                                     100% 2.74M=0.2s","logger":"airflow.task.hooks.airflow.providers.standard.hooks.subprocess.SubprocessHook"}
{"timestamp":"2025-07-17T06:50:00.583973","level":"info","event":"","logger":"airflow.task.hooks.airflow.providers.standard.hooks.subprocess.SubprocessHook"}
{"timestamp":"2025-07-17T06:50:00.584022","level":"info","event":"2025-07-17 06:50:00 (36.0 MB/s) - ‘/opt/airflow/green_tripdata_2019-06.csv.gz’ saved [8295836/8295836]","logger":"airflow.task.hooks.airflow.providers.standard.hooks.subprocess.SubprocessHook"}
{"timestamp":"2025-07-17T06:50:00.584092","level":"info","event":"","logger":"airflow.task.hooks.airflow.providers.standard.hooks.subprocess.SubprocessHook"}
{"timestamp":"2025-07-17T06:50:00.926423","level":"info","event":"Command exited with return code 0","logger":"airflow.task.hooks.airflow.providers.standard.hooks.subprocess.SubprocessHook"}
{"timestamp":"2025-07-17T06:50:00.928946","level":"info","event":"Pushing xcom","ti":"RuntimeTaskInstance(id=UUID('01981725-9087-72af-a624-93fef6d8ba4b'), task_id='wget_trips_csvgz', dag_id='local_ingestion_pg_green', run_id='scheduled__2019-06-02T06:00:00+00:00', try_number=1, map_index=-1, hostname='3f7f1d329e72', context_carrier={}, task=<Task(BashOperator): wget_trips_csvgz>, bundle_instance=LocalDagBundle(name=dags-folder), max_tries=0, start_date=datetime.datetime(2025, 7, 17, 6, 49, 54, 855021, tzinfo=TzInfo(UTC)), end_date=None, state=<TaskInstanceState.RUNNING: 'running'>, is_mapped=False, rendered_map_index=None)","logger":"task"}
