{"timestamp":"2025-07-17T06:27:33.618770","level":"info","event":"DAG bundles loaded: dags-folder","logger":"airflow.dag_processing.bundles.manager.DagBundlesManager"}
{"timestamp":"2025-07-17T06:27:33.620697","level":"info","event":"Filling up the DagBag from /opt/airflow/dags/data_ingestion_localpg_dag.py","logger":"airflow.models.dagbag.DagBag"}
{"timestamp":"2025-07-17T06:27:34.525767","level":"error","event":"Task failed with exception","logger":"task","error_detail":[{"exc_type":"FileNotFoundError","exc_value":"[Errno 2] No such file or directory: '/opt/airflow/yellow_tripdata_2019-04.csv.gz'","exc_notes":[],"syntax_error":null,"is_cause":false,"frames":[{"filename":"/home/airflow/.local/lib/python3.12/site-packages/airflow/sdk/execution_time/task_runner.py","lineno":867,"name":"run"},{"filename":"/home/airflow/.local/lib/python3.12/site-packages/airflow/sdk/execution_time/task_runner.py","lineno":1159,"name":"_execute_task"},{"filename":"/home/airflow/.local/lib/python3.12/site-packages/airflow/sdk/bases/operator.py","lineno":397,"name":"wrapper"},{"filename":"/home/airflow/.local/lib/python3.12/site-packages/airflow/providers/standard/operators/python.py","lineno":216,"name":"execute"},{"filename":"/home/airflow/.local/lib/python3.12/site-packages/airflow/providers/standard/operators/python.py","lineno":239,"name":"execute_callable"},{"filename":"/home/airflow/.local/lib/python3.12/site-packages/airflow/sdk/execution_time/callback_runner.py","lineno":81,"name":"run"},{"filename":"/opt/airflow/dags/ingest_data.py","lineno":10,"name":"ingest_callable"},{"filename":"/home/airflow/.local/lib/python3.12/site-packages/pandas/io/parsers/readers.py","lineno":948,"name":"read_csv"},{"filename":"/home/airflow/.local/lib/python3.12/site-packages/pandas/io/parsers/readers.py","lineno":611,"name":"_read"},{"filename":"/home/airflow/.local/lib/python3.12/site-packages/pandas/io/parsers/readers.py","lineno":1448,"name":"__init__"},{"filename":"/home/airflow/.local/lib/python3.12/site-packages/pandas/io/parsers/readers.py","lineno":1705,"name":"_make_engine"},{"filename":"/home/airflow/.local/lib/python3.12/site-packages/pandas/io/common.py","lineno":755,"name":"get_handle"},{"filename":"/usr/local/lib/python3.12/gzip.py","lineno":201,"name":"__init__"}],"is_group":false,"exceptions":[]}]}
{"timestamp":"2025-07-17T07:10:48.691324","level":"info","event":"DAG bundles loaded: dags-folder","logger":"airflow.dag_processing.bundles.manager.DagBundlesManager"}
{"timestamp":"2025-07-17T07:10:48.694379","level":"info","event":"Filling up the DagBag from /opt/airflow/dags/data_ingestion_localpg_dag.py","logger":"airflow.models.dagbag.DagBag"}
{"timestamp":"2025-07-17T07:11:02.293154Z","level":"info","event":"inserted 100000 chunks, took 12.635","chan":"stdout","logger":"task"}
{"timestamp":"2025-07-17T07:11:11.774892Z","level":"info","event":"inserted 100000 chunks, took 9.481","chan":"stdout","logger":"task"}
{"timestamp":"2025-07-17T07:11:21.287089Z","level":"info","event":"inserted 100000 chunks, took 9.514","chan":"stdout","logger":"task"}
{"timestamp":"2025-07-17T07:11:31.686008Z","level":"info","event":"inserted 100000 chunks, took 10.399","chan":"stdout","logger":"task"}
{"timestamp":"2025-07-17T07:11:41.283421Z","level":"info","event":"inserted 100000 chunks, took 9.596","chan":"stdout","logger":"task"}
{"timestamp":"2025-07-17T07:11:49.977458Z","level":"info","event":"inserted 100000 chunks, took 8.696","chan":"stdout","logger":"task"}
{"timestamp":"2025-07-17T07:11:59.043522Z","level":"info","event":"inserted 100000 chunks, took 9.064","chan":"stdout","logger":"task"}
{"timestamp":"2025-07-17T07:12:10.194169Z","level":"info","event":"inserted 100000 chunks, took 11.152","chan":"stdout","logger":"task"}
{"timestamp":"2025-07-17T07:12:20.618287Z","level":"info","event":"inserted 100000 chunks, took 10.424","chan":"stdout","logger":"task"}
{"timestamp":"2025-07-17T07:12:40.235182Z","level":"info","event":"inserted 100000 chunks, took 19.607","chan":"stdout","logger":"task"}
{"timestamp":"2025-07-17T07:12:58.236136Z","level":"info","event":"inserted 100000 chunks, took 18.009","chan":"stdout","logger":"task"}
{"timestamp":"2025-07-17T07:13:09.214265Z","level":"info","event":"inserted 100000 chunks, took 10.980","chan":"stdout","logger":"task"}
{"timestamp":"2025-07-17T07:13:19.681798Z","level":"info","event":"inserted 100000 chunks, took 10.467","chan":"stdout","logger":"task"}
{"timestamp":"2025-07-17T07:13:29.715462Z","level":"info","event":"inserted 100000 chunks, took 10.032","chan":"stdout","logger":"task"}
{"timestamp":"2025-07-17T07:13:38.467150Z","level":"info","event":"inserted 100000 chunks, took 8.752","chan":"stdout","logger":"task"}
{"timestamp":"2025-07-17T07:13:50.707741Z","level":"info","event":"inserted 100000 chunks, took 12.233","chan":"stdout","logger":"task"}
{"timestamp":"2025-07-17T07:14:00.575687Z","level":"info","event":"inserted 100000 chunks, took 9.873","chan":"stdout","logger":"task"}
{"timestamp":"2025-07-17T07:14:08.914009Z","level":"info","event":"inserted 100000 chunks, took 8.339","chan":"stdout","logger":"task"}
{"timestamp":"2025-07-17T07:14:19.027887Z","level":"info","event":"inserted 100000 chunks, took 10.111","chan":"stdout","logger":"task"}
{"timestamp":"2025-07-17T07:14:31.204551Z","level":"info","event":"inserted 100000 chunks, took 12.180","chan":"stdout","logger":"task"}
{"timestamp":"2025-07-17T07:14:39.554850Z","level":"info","event":"inserted 100000 chunks, took 8.351","chan":"stdout","logger":"task"}
{"timestamp":"2025-07-17T07:14:48.622882Z","level":"info","event":"inserted 100000 chunks, took 9.067","chan":"stdout","logger":"task"}
{"timestamp":"2025-07-17T07:14:59.386941Z","level":"info","event":"inserted 100000 chunks, took 10.762","chan":"stdout","logger":"task"}
{"timestamp":"2025-07-17T07:15:08.048383Z","level":"info","event":"inserted 100000 chunks, took 8.662","chan":"stdout","logger":"task"}
{"timestamp":"2025-07-17T07:15:17.302730Z","level":"info","event":"inserted 100000 chunks, took 9.254","chan":"stdout","logger":"task"}
{"timestamp":"2025-07-17T07:15:26.675337Z","level":"info","event":"inserted 100000 chunks, took 9.373","chan":"stdout","logger":"task"}
{"timestamp":"2025-07-17T07:15:35.422088Z","level":"info","event":"inserted 100000 chunks, took 8.741","chan":"stdout","logger":"task"}
{"timestamp":"2025-07-17T07:15:43.846579Z","level":"info","event":"inserted 100000 chunks, took 8.430","chan":"stdout","logger":"task"}
{"timestamp":"2025-07-17T07:15:51.620949Z","level":"info","event":"inserted 100000 chunks, took 7.775","chan":"stdout","logger":"task"}
{"timestamp":"2025-07-17T07:16:01.674320Z","level":"info","event":"inserted 100000 chunks, took 10.052","chan":"stdout","logger":"task"}
{"timestamp":"2025-07-17T07:16:18.242120Z","level":"info","event":"inserted 100000 chunks, took 16.568","chan":"stdout","logger":"task"}
{"timestamp":"2025-07-17T07:16:26.819399Z","level":"info","event":"inserted 100000 chunks, took 8.577","chan":"stdout","logger":"task"}
{"timestamp":"2025-07-17T07:16:36.651053Z","level":"info","event":"inserted 100000 chunks, took 9.831","chan":"stdout","logger":"task"}
{"timestamp":"2025-07-17T07:16:45.862611Z","level":"info","event":"inserted 100000 chunks, took 9.208","chan":"stdout","logger":"task"}
{"timestamp":"2025-07-17T07:16:56.479348Z","level":"info","event":"inserted 100000 chunks, took 10.621","chan":"stdout","logger":"task"}
{"timestamp":"2025-07-17T07:17:05.716817Z","level":"info","event":"inserted 100000 chunks, took 9.236","chan":"stdout","logger":"task"}
{"timestamp":"2025-07-17T07:17:14.025579Z","level":"info","event":"inserted 100000 chunks, took 8.305","chan":"stdout","logger":"task"}
{"timestamp":"2025-07-17T07:17:23.599535Z","level":"info","event":"inserted 100000 chunks, took 9.577","chan":"stdout","logger":"task"}
{"timestamp":"2025-07-17T07:17:31.081850Z","level":"info","event":"inserted 100000 chunks, took 7.483","chan":"stdout","logger":"task"}
{"timestamp":"2025-07-17T07:17:40.136138Z","level":"info","event":"inserted 100000 chunks, took 9.053","chan":"stdout","logger":"task"}
{"timestamp":"2025-07-17T07:17:50.208752Z","level":"info","event":"inserted 100000 chunks, took 10.071","chan":"stdout","logger":"task"}
{"timestamp":"2025-07-17T07:17:59.625735Z","level":"info","event":"inserted 100000 chunks, took 9.418","chan":"stdout","logger":"task"}
{"timestamp":"2025-07-17T07:18:09.390318Z","level":"info","event":"inserted 100000 chunks, took 9.765","chan":"stdout","logger":"task"}
{"timestamp":"2025-07-17T07:18:19.164255Z","level":"info","event":"inserted 100000 chunks, took 9.772","chan":"stdout","logger":"task"}
{"timestamp":"2025-07-17T07:18:31.431676Z","level":"info","event":"inserted 100000 chunks, took 12.269","chan":"stdout","logger":"task"}
{"timestamp":"2025-07-17T07:18:44.549108Z","level":"info","event":"inserted 100000 chunks, took 13.117","chan":"stdout","logger":"task"}
{"timestamp":"2025-07-17T07:18:56.137452Z","level":"info","event":"inserted 100000 chunks, took 11.580","chan":"stdout","logger":"task"}
{"timestamp":"2025-07-17T07:19:07.302380Z","level":"info","event":"inserted 100000 chunks, took 11.173","chan":"stdout","logger":"task"}
{"timestamp":"2025-07-17T07:19:16.354369Z","level":"info","event":"inserted 100000 chunks, took 9.046","chan":"stdout","logger":"task"}
{"timestamp":"2025-07-17T07:19:25.175667Z","level":"info","event":"inserted 100000 chunks, took 8.826","chan":"stdout","logger":"task"}
{"timestamp":"2025-07-17T07:19:35.497726Z","level":"info","event":"inserted 100000 chunks, took 10.320","chan":"stdout","logger":"task"}
{"timestamp":"2025-07-17T07:19:48.917211Z","level":"info","event":"inserted 100000 chunks, took 13.420","chan":"stdout","logger":"task"}
{"timestamp":"2025-07-17T07:19:57.190142Z","level":"info","event":"inserted 100000 chunks, took 8.273","chan":"stdout","logger":"task"}
{"timestamp":"2025-07-17T07:20:10.081323Z","level":"info","event":"inserted 100000 chunks, took 12.888","chan":"stdout","logger":"task"}
{"timestamp":"2025-07-17T07:20:23.156510Z","level":"info","event":"inserted 100000 chunks, took 13.079","chan":"stdout","logger":"task"}
{"timestamp":"2025-07-17T07:20:31.746148Z","level":"info","event":"inserted 100000 chunks, took 8.589","chan":"stdout","logger":"task"}
{"timestamp":"2025-07-17T07:20:40.197605Z","level":"info","event":"inserted 100000 chunks, took 8.448","chan":"stdout","logger":"task"}
{"timestamp":"2025-07-17T07:20:52.207890Z","level":"info","event":"inserted 100000 chunks, took 12.013","chan":"stdout","logger":"task"}
{"timestamp":"2025-07-17T07:21:02.162004Z","level":"info","event":"inserted 100000 chunks, took 9.953","chan":"stdout","logger":"task"}
{"timestamp":"2025-07-17T07:21:10.210915Z","level":"info","event":"inserted 100000 chunks, took 8.049","chan":"stdout","logger":"task"}
{"timestamp":"2025-07-17T07:21:21.253610Z","level":"info","event":"inserted 100000 chunks, took 11.042","chan":"stdout","logger":"task"}
{"timestamp":"2025-07-17T07:21:32.134160Z","level":"info","event":"inserted 100000 chunks, took 10.880","chan":"stdout","logger":"task"}
{"timestamp":"2025-07-17T07:21:46.543249Z","level":"info","event":"inserted 100000 chunks, took 14.408","chan":"stdout","logger":"task"}
{"timestamp":"2025-07-17T07:22:00.069924Z","level":"info","event":"inserted 100000 chunks, took 13.524","chan":"stdout","logger":"task"}
{"timestamp":"2025-07-17T07:22:09.917915Z","level":"info","event":"inserted 100000 chunks, took 9.848","chan":"stdout","logger":"task"}
{"timestamp":"2025-07-17T07:22:20.833373Z","level":"info","event":"inserted 100000 chunks, took 10.919","chan":"stdout","logger":"task"}
{"timestamp":"2025-07-17T07:22:30.687968Z","level":"info","event":"inserted 100000 chunks, took 9.854","chan":"stdout","logger":"task"}
{"timestamp":"2025-07-17T07:22:39.184546Z","level":"info","event":"inserted 100000 chunks, took 8.489","chan":"stdout","logger":"task"}
{"timestamp":"2025-07-17T07:22:48.960219Z","level":"info","event":"inserted 100000 chunks, took 9.782","chan":"stdout","logger":"task"}
{"timestamp":"2025-07-17T07:22:57.440668Z","level":"info","event":"inserted 100000 chunks, took 8.481","chan":"stdout","logger":"task"}
{"timestamp":"2025-07-17T07:23:07.239207Z","level":"info","event":"inserted 100000 chunks, took 9.793","chan":"stdout","logger":"task"}
{"timestamp":"2025-07-17T07:23:16.030719Z","level":"info","event":"inserted 100000 chunks, took 8.796","chan":"stdout","logger":"task"}
{"timestamp":"2025-07-17T07:23:25.169749Z","level":"info","event":"inserted 100000 chunks, took 9.138","chan":"stdout","logger":"task"}
{"timestamp":"2025-07-17T07:23:33.325443Z","level":"info","event":"inserted 100000 chunks, took 8.151","chan":"stdout","logger":"task"}
{"timestamp":"2025-07-17T07:23:37.563650Z","level":"info","event":"inserted 100000 chunks, took 4.243","chan":"stdout","logger":"task"}
{"timestamp":"2025-07-17T07:23:37.586039","level":"info","event":"Done. Returned value was: None","logger":"airflow.task.operators.airflow.providers.standard.operators.python.PythonOperator"}
