{"timestamp":"2025-07-17T06:27:31.803255","level":"info","event":"DAG bundles loaded: dags-folder","logger":"airflow.dag_processing.bundles.manager.DagBundlesManager"}
{"timestamp":"2025-07-17T06:27:31.806090","level":"info","event":"Filling up the DagBag from /opt/airflow/dags/data_ingestion_localpg_dag.py","logger":"airflow.models.dagbag.DagBag"}
{"timestamp":"2025-07-17T06:27:32.704738","level":"error","event":"Task failed with exception","logger":"task","error_detail":[{"exc_type":"FileNotFoundError","exc_value":"[Errno 2] No such file or directory: '/opt/airflow/yellow_tripdata_2019-06.csv.gz'","exc_notes":[],"syntax_error":null,"is_cause":false,"frames":[{"filename":"/home/airflow/.local/lib/python3.12/site-packages/airflow/sdk/execution_time/task_runner.py","lineno":867,"name":"run"},{"filename":"/home/airflow/.local/lib/python3.12/site-packages/airflow/sdk/execution_time/task_runner.py","lineno":1159,"name":"_execute_task"},{"filename":"/home/airflow/.local/lib/python3.12/site-packages/airflow/sdk/bases/operator.py","lineno":397,"name":"wrapper"},{"filename":"/home/airflow/.local/lib/python3.12/site-packages/airflow/providers/standard/operators/python.py","lineno":216,"name":"execute"},{"filename":"/home/airflow/.local/lib/python3.12/site-packages/airflow/providers/standard/operators/python.py","lineno":239,"name":"execute_callable"},{"filename":"/home/airflow/.local/lib/python3.12/site-packages/airflow/sdk/execution_time/callback_runner.py","lineno":81,"name":"run"},{"filename":"/opt/airflow/dags/ingest_data.py","lineno":10,"name":"ingest_callable"},{"filename":"/home/airflow/.local/lib/python3.12/site-packages/pandas/io/parsers/readers.py","lineno":948,"name":"read_csv"},{"filename":"/home/airflow/.local/lib/python3.12/site-packages/pandas/io/parsers/readers.py","lineno":611,"name":"_read"},{"filename":"/home/airflow/.local/lib/python3.12/site-packages/pandas/io/parsers/readers.py","lineno":1448,"name":"__init__"},{"filename":"/home/airflow/.local/lib/python3.12/site-packages/pandas/io/parsers/readers.py","lineno":1705,"name":"_make_engine"},{"filename":"/home/airflow/.local/lib/python3.12/site-packages/pandas/io/common.py","lineno":755,"name":"get_handle"},{"filename":"/usr/local/lib/python3.12/gzip.py","lineno":201,"name":"__init__"}],"is_group":false,"exceptions":[]}]}
{"timestamp":"2025-07-17T07:12:11.381825","level":"info","event":"DAG bundles loaded: dags-folder","logger":"airflow.dag_processing.bundles.manager.DagBundlesManager"}
{"timestamp":"2025-07-17T07:12:11.383092","level":"info","event":"Filling up the DagBag from /opt/airflow/dags/data_ingestion_localpg_dag.py","logger":"airflow.models.dagbag.DagBag"}
{"timestamp":"2025-07-17T07:12:23.660641Z","level":"info","event":"inserted 100000 chunks, took 11.792","chan":"stdout","logger":"task"}
{"timestamp":"2025-07-17T07:12:47.413328Z","level":"info","event":"inserted 100000 chunks, took 23.751","chan":"stdout","logger":"task"}
{"timestamp":"2025-07-17T07:12:59.225771Z","level":"info","event":"inserted 100000 chunks, took 11.813","chan":"stdout","logger":"task"}
{"timestamp":"2025-07-17T07:13:10.651705Z","level":"info","event":"inserted 100000 chunks, took 11.426","chan":"stdout","logger":"task"}
{"timestamp":"2025-07-17T07:13:21.503291Z","level":"info","event":"inserted 100000 chunks, took 10.854","chan":"stdout","logger":"task"}
{"timestamp":"2025-07-17T07:13:30.840150Z","level":"info","event":"inserted 100000 chunks, took 9.337","chan":"stdout","logger":"task"}
{"timestamp":"2025-07-17T07:13:40.835400Z","level":"info","event":"inserted 100000 chunks, took 9.994","chan":"stdout","logger":"task"}
{"timestamp":"2025-07-17T07:13:52.478544Z","level":"info","event":"inserted 100000 chunks, took 11.644","chan":"stdout","logger":"task"}
{"timestamp":"2025-07-17T07:14:01.682086Z","level":"info","event":"inserted 100000 chunks, took 9.203","chan":"stdout","logger":"task"}
{"timestamp":"2025-07-17T07:14:10.538414Z","level":"info","event":"inserted 100000 chunks, took 8.854","chan":"stdout","logger":"task"}
{"timestamp":"2025-07-17T07:14:21.641941Z","level":"info","event":"inserted 100000 chunks, took 11.106","chan":"stdout","logger":"task"}
{"timestamp":"2025-07-17T07:14:33.125539Z","level":"info","event":"inserted 100000 chunks, took 11.482","chan":"stdout","logger":"task"}
{"timestamp":"2025-07-17T07:14:41.165473Z","level":"info","event":"inserted 100000 chunks, took 8.041","chan":"stdout","logger":"task"}
{"timestamp":"2025-07-17T07:14:51.573812Z","level":"info","event":"inserted 100000 chunks, took 10.407","chan":"stdout","logger":"task"}
{"timestamp":"2025-07-17T07:15:01.770839Z","level":"info","event":"inserted 100000 chunks, took 10.198","chan":"stdout","logger":"task"}
{"timestamp":"2025-07-17T07:15:11.276546Z","level":"info","event":"inserted 100000 chunks, took 9.504","chan":"stdout","logger":"task"}
{"timestamp":"2025-07-17T07:15:19.688023Z","level":"info","event":"inserted 100000 chunks, took 8.412","chan":"stdout","logger":"task"}
{"timestamp":"2025-07-17T07:15:29.706636Z","level":"info","event":"inserted 100000 chunks, took 10.018","chan":"stdout","logger":"task"}
{"timestamp":"2025-07-17T07:15:38.907748Z","level":"info","event":"inserted 100000 chunks, took 9.201","chan":"stdout","logger":"task"}
{"timestamp":"2025-07-17T07:15:46.529780Z","level":"info","event":"inserted 100000 chunks, took 7.622","chan":"stdout","logger":"task"}
{"timestamp":"2025-07-17T07:15:54.608671Z","level":"info","event":"inserted 100000 chunks, took 8.076","chan":"stdout","logger":"task"}
{"timestamp":"2025-07-17T07:16:07.798477Z","level":"info","event":"inserted 100000 chunks, took 13.190","chan":"stdout","logger":"task"}
{"timestamp":"2025-07-17T07:16:20.616579Z","level":"info","event":"inserted 100000 chunks, took 12.814","chan":"stdout","logger":"task"}
{"timestamp":"2025-07-17T07:16:29.974376Z","level":"info","event":"inserted 100000 chunks, took 9.363","chan":"stdout","logger":"task"}
{"timestamp":"2025-07-17T07:16:38.763659Z","level":"info","event":"inserted 100000 chunks, took 8.787","chan":"stdout","logger":"task"}
{"timestamp":"2025-07-17T07:16:48.251248Z","level":"info","event":"inserted 100000 chunks, took 9.488","chan":"stdout","logger":"task"}
{"timestamp":"2025-07-17T07:16:59.091656Z","level":"info","event":"inserted 100000 chunks, took 10.842","chan":"stdout","logger":"task"}
{"timestamp":"2025-07-17T07:17:08.294956Z","level":"info","event":"inserted 100000 chunks, took 9.194","chan":"stdout","logger":"task"}
{"timestamp":"2025-07-17T07:17:18.764397Z","level":"info","event":"inserted 100000 chunks, took 10.477","chan":"stdout","logger":"task"}
{"timestamp":"2025-07-17T07:17:26.756510Z","level":"info","event":"inserted 100000 chunks, took 7.991","chan":"stdout","logger":"task"}
{"timestamp":"2025-07-17T07:17:34.705298Z","level":"info","event":"inserted 100000 chunks, took 7.948","chan":"stdout","logger":"task"}
{"timestamp":"2025-07-17T07:17:43.269999Z","level":"info","event":"inserted 100000 chunks, took 8.565","chan":"stdout","logger":"task"}
{"timestamp":"2025-07-17T07:17:53.955732Z","level":"info","event":"inserted 100000 chunks, took 10.683","chan":"stdout","logger":"task"}
{"timestamp":"2025-07-17T07:18:03.280386Z","level":"info","event":"inserted 100000 chunks, took 9.325","chan":"stdout","logger":"task"}
{"timestamp":"2025-07-17T07:18:13.239297Z","level":"info","event":"inserted 100000 chunks, took 9.960","chan":"stdout","logger":"task"}
{"timestamp":"2025-07-17T07:18:23.945895Z","level":"info","event":"inserted 100000 chunks, took 10.691","chan":"stdout","logger":"task"}
{"timestamp":"2025-07-17T07:18:36.675816Z","level":"info","event":"inserted 100000 chunks, took 12.738","chan":"stdout","logger":"task"}
{"timestamp":"2025-07-17T07:18:52.341405Z","level":"info","event":"inserted 100000 chunks, took 15.667","chan":"stdout","logger":"task"}
{"timestamp":"2025-07-17T07:19:04.280898Z","level":"info","event":"inserted 100000 chunks, took 11.944","chan":"stdout","logger":"task"}
{"timestamp":"2025-07-17T07:19:14.126176Z","level":"info","event":"inserted 100000 chunks, took 9.844","chan":"stdout","logger":"task"}
{"timestamp":"2025-07-17T07:19:23.632069Z","level":"info","event":"inserted 100000 chunks, took 9.506","chan":"stdout","logger":"task"}
{"timestamp":"2025-07-17T07:19:33.053725Z","level":"info","event":"inserted 100000 chunks, took 9.417","chan":"stdout","logger":"task"}
{"timestamp":"2025-07-17T07:19:48.019763Z","level":"info","event":"inserted 100000 chunks, took 14.970","chan":"stdout","logger":"task"}
{"timestamp":"2025-07-17T07:19:56.158611Z","level":"info","event":"inserted 100000 chunks, took 8.138","chan":"stdout","logger":"task"}
{"timestamp":"2025-07-17T07:20:09.738988Z","level":"info","event":"inserted 100000 chunks, took 13.573","chan":"stdout","logger":"task"}
{"timestamp":"2025-07-17T07:20:24.056107Z","level":"info","event":"inserted 100000 chunks, took 14.321","chan":"stdout","logger":"task"}
{"timestamp":"2025-07-17T07:20:32.270824Z","level":"info","event":"inserted 100000 chunks, took 8.219","chan":"stdout","logger":"task"}
{"timestamp":"2025-07-17T07:20:41.401322Z","level":"info","event":"inserted 100000 chunks, took 9.126","chan":"stdout","logger":"task"}
{"timestamp":"2025-07-17T07:20:53.048103Z","level":"info","event":"inserted 100000 chunks, took 11.648","chan":"stdout","logger":"task"}
{"timestamp":"2025-07-17T07:21:02.884629Z","level":"info","event":"inserted 100000 chunks, took 9.836","chan":"stdout","logger":"task"}
{"timestamp":"2025-07-17T07:21:11.797173Z","level":"info","event":"inserted 100000 chunks, took 8.912","chan":"stdout","logger":"task"}
{"timestamp":"2025-07-17T07:21:22.446867Z","level":"info","event":"inserted 100000 chunks, took 10.650","chan":"stdout","logger":"task"}
{"timestamp":"2025-07-17T07:21:33.170243Z","level":"info","event":"inserted 100000 chunks, took 10.723","chan":"stdout","logger":"task"}
{"timestamp":"2025-07-17T07:21:48.797546Z","level":"info","event":"inserted 100000 chunks, took 15.593","chan":"stdout","logger":"task"}
{"timestamp":"2025-07-17T07:22:01.130267Z","level":"info","event":"inserted 100000 chunks, took 12.366","chan":"stdout","logger":"task"}
{"timestamp":"2025-07-17T07:22:11.315612Z","level":"info","event":"inserted 100000 chunks, took 10.073","chan":"stdout","logger":"task"}
{"timestamp":"2025-07-17T07:22:21.918624Z","level":"info","event":"inserted 100000 chunks, took 10.716","chan":"stdout","logger":"task"}
{"timestamp":"2025-07-17T07:22:32.052481Z","level":"info","event":"inserted 100000 chunks, took 10.134","chan":"stdout","logger":"task"}
{"timestamp":"2025-07-17T07:22:40.928797Z","level":"info","event":"inserted 100000 chunks, took 8.875","chan":"stdout","logger":"task"}
{"timestamp":"2025-07-17T07:22:50.868671Z","level":"info","event":"inserted 100000 chunks, took 9.939","chan":"stdout","logger":"task"}
{"timestamp":"2025-07-17T07:22:59.776250Z","level":"info","event":"inserted 100000 chunks, took 8.906","chan":"stdout","logger":"task"}
{"timestamp":"2025-07-17T07:23:09.577958Z","level":"info","event":"inserted 100000 chunks, took 9.800","chan":"stdout","logger":"task"}
{"timestamp":"2025-07-17T07:23:18.719710Z","level":"info","event":"inserted 100000 chunks, took 9.143","chan":"stdout","logger":"task"}
{"timestamp":"2025-07-17T07:23:27.741615Z","level":"info","event":"inserted 100000 chunks, took 9.024","chan":"stdout","logger":"task"}
{"timestamp":"2025-07-17T07:23:36.220774Z","level":"info","event":"inserted 100000 chunks, took 8.476","chan":"stdout","logger":"task"}
{"timestamp":"2025-07-17T07:23:47.177438Z","level":"info","event":"inserted 100000 chunks, took 10.959","chan":"stdout","logger":"task"}
{"timestamp":"2025-07-17T07:24:01.329341Z","level":"info","event":"inserted 100000 chunks, took 14.151","chan":"stdout","logger":"task"}
{"timestamp":"2025-07-17T07:24:12.754753Z","level":"info","event":"inserted 100000 chunks, took 11.426","chan":"stdout","logger":"task"}
{"timestamp":"2025-07-17T07:24:23.856763Z","level":"info","event":"inserted 100000 chunks, took 11.102","chan":"stdout","logger":"task"}
{"timestamp":"2025-07-17T07:24:28.796249Z","level":"info","event":"inserted 100000 chunks, took 4.932","chan":"stdout","logger":"task"}
{"timestamp":"2025-07-17T07:24:28.828992","level":"info","event":"Done. Returned value was: None","logger":"airflow.task.operators.airflow.providers.standard.operators.python.PythonOperator"}
