{"timestamp":"2025-07-13T18:39:05.110656","level":"info","event":"DAG bundles loaded: dags-folder","logger":"airflow.dag_processing.bundles.manager.DagBundlesManager"}
{"timestamp":"2025-07-13T18:39:05.111737","level":"info","event":"Filling up the DagBag from /opt/airflow/dags/data_ingestion_gcs_dag.py","logger":"airflow.models.dagbag.DagBag"}
{"timestamp":"2025-07-13T18:39:06.782656","level":"info","event":"Tmp dir root location: /tmp","logger":"airflow.task.hooks.airflow.providers.standard.hooks.subprocess.SubprocessHook"}
{"timestamp":"2025-07-13T18:39:06.795584","level":"info","event":"Running command: ['/usr/bin/bash', '-c', 'echo https://github.com/DataTalksClub/nyc-tlc-data/releases/download/green/green_tripdata_2019-04.csv.gz && wget --no-verbose https://github.com/DataTalksClub/nyc-tlc-data/releases/download/green/green_tripdata_2019-04.csv.gz -O /opt/airflow/green_tripdata_2019-04.csv.gz && gunzip -f /opt/airflow/green_tripdata_2019-04.csv.gz']","logger":"airflow.task.hooks.airflow.providers.standard.hooks.subprocess.SubprocessHook"}
{"timestamp":"2025-07-13T18:39:06.873114","level":"info","event":"Output:","logger":"airflow.task.hooks.airflow.providers.standard.hooks.subprocess.SubprocessHook"}
{"timestamp":"2025-07-13T18:39:06.897187","level":"info","event":"https://github.com/DataTalksClub/nyc-tlc-data/releases/download/green/green_tripdata_2019-04.csv.gz","logger":"airflow.task.hooks.airflow.providers.standard.hooks.subprocess.SubprocessHook"}
{"timestamp":"2025-07-13T18:39:08.334327","level":"info","event":"2025-07-13 18:39:08 URL:https://release-assets.githubusercontent.com/github-production-release-asset/513814948/f73e090d-a75a-4ede-ac2a-9dd7a4867c07?sp=r&sv=2018-11-09&sr=b&spr=https&se=2025-07-13T19%3A38%3A02Z&rscd=attachment%3B+filename%3Dgreen_tripdata_2019-04.csv.gz&rsct=application%2Foctet-stream&skoid=96c2d410-5711-43a1-aedd-ab1947aa7ab0&sktid=398a6654-997b-47e9-b12b-9515b896b4de&skt=2025-07-13T18%3A37%3A56Z&ske=2025-07-13T19%3A38%3A02Z&sks=b&skv=2018-11-09&sig=sPh5pSPv8tY8eqZP4THiyVGmYr6YC9oEg8V%2FXPvkx9k%3D&jwt=eyJ******&response-content-disposition=attachment%3B%20filename%3Dgreen_tripdata_2019-04.csv.gz&response-content-type=application%2Foctet-stream [9092312/9092312] -> \"/opt/airflow/green_tripdata_2019-04.csv.gz\" [1]","logger":"airflow.task.hooks.airflow.providers.standard.hooks.subprocess.SubprocessHook"}
{"timestamp":"2025-07-13T18:39:08.643940","level":"info","event":"Command exited with return code 0","logger":"airflow.task.hooks.airflow.providers.standard.hooks.subprocess.SubprocessHook"}
{"timestamp":"2025-07-13T18:39:08.646340","level":"info","event":"Pushing xcom","ti":"RuntimeTaskInstance(id=UUID('01980515-6326-76bc-9153-108dc16bff8a'), task_id='download_dataset_task', dag_id='upload_gcs_greentrips', run_id='scheduled__2019-04-02T06:00:00+00:00', try_number=1, map_index=-1, hostname='fb7e26a7e74c', context_carrier={}, task=<Task(BashOperator): download_dataset_task>, bundle_instance=LocalDagBundle(name=dags-folder), max_tries=0, start_date=datetime.datetime(2025, 7, 13, 18, 39, 4, 630199, tzinfo=TzInfo(UTC)), end_date=None, state=<TaskInstanceState.RUNNING: 'running'>, is_mapped=False, rendered_map_index=None)","logger":"task"}
{"timestamp":"2025-07-17T08:54:11.333950","level":"info","event":"DAG bundles loaded: dags-folder","logger":"airflow.dag_processing.bundles.manager.DagBundlesManager"}
{"timestamp":"2025-07-17T08:54:11.335851","level":"info","event":"Filling up the DagBag from /opt/airflow/dags/data_ingestion_gcs_dag.py","logger":"airflow.models.dagbag.DagBag"}
{"timestamp":"2025-07-17T08:54:13.729216","level":"info","event":"Tmp dir root location: /tmp","logger":"airflow.task.hooks.airflow.providers.standard.hooks.subprocess.SubprocessHook"}
{"timestamp":"2025-07-17T08:54:13.731653","level":"info","event":"Running command: ['/usr/bin/bash', '-c', \"echo https://github.com/DataTalksClub/nyc-tlc-data/releases/download/green/green_tripdata_2019-04.csv.gz && wget --no-verbose https://github.com/DataTalksClub/nyc-tlc-data/releases/download/green/green_tripdata_2019-04.csv.gz -O /opt/airflow/green_tripdata_2019-04.csv.gz && gunzip -f /opt/airflow/green_tripdata_2019-04.csv.gz || echo 'invalid link or file not in gz format' && wget https://github.com/DataTalksClub/nyc-tlc-data/releases/download/green/green_tripdata_2019-04.csv.gz -O /opt/airflow/green_tripdata_2019-04.csv\"]","logger":"airflow.task.hooks.airflow.providers.standard.hooks.subprocess.SubprocessHook"}
{"timestamp":"2025-07-17T08:54:13.773939","level":"info","event":"Output:","logger":"airflow.task.hooks.airflow.providers.standard.hooks.subprocess.SubprocessHook"}
{"timestamp":"2025-07-17T08:54:13.790127","level":"info","event":"https://github.com/DataTalksClub/nyc-tlc-data/releases/download/green/green_tripdata_2019-04.csv.gz","logger":"airflow.task.hooks.airflow.providers.standard.hooks.subprocess.SubprocessHook"}
{"timestamp":"2025-07-17T08:54:15.181612","level":"info","event":"2025-07-17 08:54:15 URL:https://release-assets.githubusercontent.com/github-production-release-asset/513814948/f73e090d-a75a-4ede-ac2a-9dd7a4867c07?sp=r&sv=2018-11-09&sr=b&spr=https&se=2025-07-17T09%3A27%3A41Z&rscd=attachment%3B+filename%3Dgreen_tripdata_2019-04.csv.gz&rsct=application%2Foctet-stream&skoid=96c2d410-5711-43a1-aedd-ab1947aa7ab0&sktid=398a6654-997b-47e9-b12b-9515b896b4de&skt=2025-07-17T08%3A26%3A57Z&ske=2025-07-17T09%3A27%3A41Z&sks=b&skv=2018-11-09&sig=NzQj5AuSDZ2QV8%2FGdn2jssqztnj27XYh8XmX3z7hSA0%3D&jwt=eyJ******&response-content-disposition=attachment%3B%20filename%3Dgreen_tripdata_2019-04.csv.gz&response-content-type=application%2Foctet-stream [9092312/9092312] -> \"/opt/airflow/green_tripdata_2019-04.csv.gz\" [1]","logger":"airflow.task.hooks.airflow.providers.standard.hooks.subprocess.SubprocessHook"}
{"timestamp":"2025-07-17T08:54:16.977670","level":"info","event":"--2025-07-17 08:54:16--  https://github.com/DataTalksClub/nyc-tlc-data/releases/download/green/green_tripdata_2019-04.csv.gz","logger":"airflow.task.hooks.airflow.providers.standard.hooks.subprocess.SubprocessHook"}
{"timestamp":"2025-07-17T08:54:16.987263","level":"info","event":"Resolving github.com (github.com)... 20.205.243.166","logger":"airflow.task.hooks.airflow.providers.standard.hooks.subprocess.SubprocessHook"}
{"timestamp":"2025-07-17T08:54:17.007808","level":"info","event":"Connecting to github.com (github.com)|20.205.243.166|:443... connected.","logger":"airflow.task.hooks.airflow.providers.standard.hooks.subprocess.SubprocessHook"}
{"timestamp":"2025-07-17T08:54:17.069910","level":"info","event":"HTTP request sent, awaiting response... 302 Found","logger":"airflow.task.hooks.airflow.providers.standard.hooks.subprocess.SubprocessHook"}
{"timestamp":"2025-07-17T08:54:17.070144","level":"info","event":"Location: https://release-assets.githubusercontent.com/github-production-release-asset/513814948/f73e090d-a75a-4ede-ac2a-9dd7a4867c07?sp=r&sv=2018-11-09&sr=b&spr=https&se=2025-07-17T09%3A27%3A41Z&rscd=attachment%3B+filename%3Dgreen_tripdata_2019-04.csv.gz&rsct=application%2Foctet-stream&skoid=96c2d410-5711-43a1-aedd-ab1947aa7ab0&sktid=398a6654-997b-47e9-b12b-9515b896b4de&skt=2025-07-17T08%3A26%3A57Z&ske=2025-07-17T09%3A27%3A41Z&sks=b&skv=2018-11-09&sig=NzQj5AuSDZ2QV8%2FGdn2jssqztnj27XYh8XmX3z7hSA0%3D&jwt=eyJ******&response-content-disposition=attachment%3B%20filename%3Dgreen_tripdata_2019-04.csv.gz&response-content-type=application%2Foctet-stream [following]","logger":"airflow.task.hooks.airflow.providers.standard.hooks.subprocess.SubprocessHook"}
{"timestamp":"2025-07-17T08:54:17.070336","level":"info","event":"--2025-07-17 08:54:17--  https://release-assets.githubusercontent.com/github-production-release-asset/513814948/f73e090d-a75a-4ede-ac2a-9dd7a4867c07?sp=r&sv=2018-11-09&sr=b&spr=https&se=2025-07-17T09%3A27%3A41Z&rscd=attachment%3B+filename%3Dgreen_tripdata_2019-04.csv.gz&rsct=application%2Foctet-stream&skoid=96c2d410-5711-43a1-aedd-ab1947aa7ab0&sktid=398a6654-997b-47e9-b12b-9515b896b4de&skt=2025-07-17T08%3A26%3A57Z&ske=2025-07-17T09%3A27%3A41Z&sks=b&skv=2018-11-09&sig=NzQj5AuSDZ2QV8%2FGdn2jssqztnj27XYh8XmX3z7hSA0%3D&jwt=eyJ******&response-content-disposition=attachment%3B%20filename%3Dgreen_tripdata_2019-04.csv.gz&response-content-type=application%2Foctet-stream","logger":"airflow.task.hooks.airflow.providers.standard.hooks.subprocess.SubprocessHook"}
{"timestamp":"2025-07-17T08:54:17.077234","level":"info","event":"Resolving release-assets.githubusercontent.com (release-assets.githubusercontent.com)... 185.199.109.133, 185.199.110.133, 185.199.111.133, ...","logger":"airflow.task.hooks.airflow.providers.standard.hooks.subprocess.SubprocessHook"}
{"timestamp":"2025-07-17T08:54:17.090712","level":"info","event":"Connecting to release-assets.githubusercontent.com (release-assets.githubusercontent.com)|185.199.109.133|:443... connected.","logger":"airflow.task.hooks.airflow.providers.standard.hooks.subprocess.SubprocessHook"}
{"timestamp":"2025-07-17T08:54:17.114181","level":"info","event":"HTTP request sent, awaiting response... 200 OK","logger":"airflow.task.hooks.airflow.providers.standard.hooks.subprocess.SubprocessHook"}
{"timestamp":"2025-07-17T08:54:17.114414","level":"info","event":"Length: 9092312 (8.7M) [application/octet-stream]","logger":"airflow.task.hooks.airflow.providers.standard.hooks.subprocess.SubprocessHook"}
{"timestamp":"2025-07-17T08:54:17.114465","level":"info","event":"Saving to: ‘/opt/airflow/green_tripdata_2019-04.csv’","logger":"airflow.task.hooks.airflow.providers.standard.hooks.subprocess.SubprocessHook"}
{"timestamp":"2025-07-17T08:54:17.116563","level":"info","event":"","logger":"airflow.task.hooks.airflow.providers.standard.hooks.subprocess.SubprocessHook"}
{"timestamp":"2025-07-17T08:54:17.128460","level":"info","event":"     0K .......... .......... .......... .......... ..........  0% 3.72M 2s","logger":"airflow.task.hooks.airflow.providers.standard.hooks.subprocess.SubprocessHook"}
{"timestamp":"2025-07-17T08:54:17.130982","level":"info","event":"    50K .......... .......... .......... .......... ..........  1% 14.6M 1s","logger":"airflow.task.hooks.airflow.providers.standard.hooks.subprocess.SubprocessHook"}
{"timestamp":"2025-07-17T08:54:17.131895","level":"info","event":"   100K .......... .......... .......... .......... ..........  1% 43.9M 1s","logger":"airflow.task.hooks.airflow.providers.standard.hooks.subprocess.SubprocessHook"}
{"timestamp":"2025-07-17T08:54:17.138355","level":"info","event":"   150K .......... .......... .......... .......... ..........  2% 7.51M 1s","logger":"airflow.task.hooks.airflow.providers.standard.hooks.subprocess.SubprocessHook"}
{"timestamp":"2025-07-17T08:54:17.139357","level":"info","event":"   200K .......... .......... .......... .......... ..........  2% 44.6M 1s","logger":"airflow.task.hooks.airflow.providers.standard.hooks.subprocess.SubprocessHook"}
{"timestamp":"2025-07-17T08:54:17.142431","level":"info","event":"   250K .......... .......... .......... .......... ..........  3% 16.6M 1s","logger":"airflow.task.hooks.airflow.providers.standard.hooks.subprocess.SubprocessHook"}
{"timestamp":"2025-07-17T08:54:17.144653","level":"info","event":"   300K .......... .......... .......... .......... ..........  3% 21.9M 1s","logger":"airflow.task.hooks.airflow.providers.standard.hooks.subprocess.SubprocessHook"}
{"timestamp":"2025-07-17T08:54:17.146402","level":"info","event":"   350K .......... .......... .......... .......... ..........  4% 26.8M 1s","logger":"airflow.task.hooks.airflow.providers.standard.hooks.subprocess.SubprocessHook"}
{"timestamp":"2025-07-17T08:54:17.149006","level":"info","event":"   400K .......... .......... .......... .......... ..........  5% 20.1M 1s","logger":"airflow.task.hooks.airflow.providers.standard.hooks.subprocess.SubprocessHook"}
{"timestamp":"2025-07-17T08:54:17.149786","level":"info","event":"   450K .......... .......... .......... .......... ..........  5% 55.6M 1s","logger":"airflow.task.hooks.airflow.providers.standard.hooks.subprocess.SubprocessHook"}
{"timestamp":"2025-07-17T08:54:17.152311","level":"info","event":"   500K .......... .......... .......... .......... ..........  6% 20.5M 1s","logger":"airflow.task.hooks.airflow.providers.standard.hooks.subprocess.SubprocessHook"}
{"timestamp":"2025-07-17T08:54:17.152931","level":"info","event":"   550K .......... .......... .......... .......... ..........  6% 56.2M 1s","logger":"airflow.task.hooks.airflow.providers.standard.hooks.subprocess.SubprocessHook"}
{"timestamp":"2025-07-17T08:54:17.153757","level":"info","event":"   600K .......... .......... .......... .......... ..........  7% 71.8M 0s","logger":"airflow.task.hooks.airflow.providers.standard.hooks.subprocess.SubprocessHook"}
{"timestamp":"2025-07-17T08:54:17.157188","level":"info","event":"   650K .......... .......... .......... .......... ..........  7% 24.0M 0s","logger":"airflow.task.hooks.airflow.providers.standard.hooks.subprocess.SubprocessHook"}
{"timestamp":"2025-07-17T08:54:17.165184","level":"info","event":"   700K .......... .......... .......... .......... ..........  8% 5.63M 1s","logger":"airflow.task.hooks.airflow.providers.standard.hooks.subprocess.SubprocessHook"}
{"timestamp":"2025-07-17T08:54:17.165654","level":"info","event":"   750K .......... .......... .......... .......... ..........  9%  107M 1s","logger":"airflow.task.hooks.airflow.providers.standard.hooks.subprocess.SubprocessHook"}
{"timestamp":"2025-07-17T08:54:17.165856","level":"info","event":"   800K .......... .......... .......... .......... ..........  9% 94.9M 0s","logger":"airflow.task.hooks.airflow.providers.standard.hooks.subprocess.SubprocessHook"}
{"timestamp":"2025-07-17T08:54:17.166681","level":"info","event":"   850K .......... .......... .......... .......... .......... 10% 34.9M 0s","logger":"airflow.task.hooks.airflow.providers.standard.hooks.subprocess.SubprocessHook"}
{"timestamp":"2025-07-17T08:54:17.167113","level":"info","event":"   900K .......... .......... .......... .......... .......... 10%  155M 0s","logger":"airflow.task.hooks.airflow.providers.standard.hooks.subprocess.SubprocessHook"}
{"timestamp":"2025-07-17T08:54:17.167545","level":"info","event":"   950K .......... .......... .......... .......... .......... 11%  126M 0s","logger":"airflow.task.hooks.airflow.providers.standard.hooks.subprocess.SubprocessHook"}
{"timestamp":"2025-07-17T08:54:17.169414","level":"info","event":"  1000K .......... .......... .......... .......... .......... 11% 45.6M 0s","logger":"airflow.task.hooks.airflow.providers.standard.hooks.subprocess.SubprocessHook"}
{"timestamp":"2025-07-17T08:54:17.169515","level":"info","event":"  1050K .......... .......... .......... .......... .......... 12% 73.2M 0s","logger":"airflow.task.hooks.airflow.providers.standard.hooks.subprocess.SubprocessHook"}
{"timestamp":"2025-07-17T08:54:17.179843","level":"info","event":"  1100K .......... .......... .......... .......... .......... 12% 38.5M 0s","logger":"airflow.task.hooks.airflow.providers.standard.hooks.subprocess.SubprocessHook"}
{"timestamp":"2025-07-17T08:54:17.179972","level":"info","event":"  1150K .......... .......... .......... .......... .......... 13% 5.54M 0s","logger":"airflow.task.hooks.airflow.providers.standard.hooks.subprocess.SubprocessHook"}
{"timestamp":"2025-07-17T08:54:17.180016","level":"info","event":"  1200K .......... .......... .......... .......... .......... 14%  194M 0s","logger":"airflow.task.hooks.airflow.providers.standard.hooks.subprocess.SubprocessHook"}
{"timestamp":"2025-07-17T08:54:17.180989","level":"info","event":"  1250K .......... .......... .......... .......... .......... 14% 37.0M 0s","logger":"airflow.task.hooks.airflow.providers.standard.hooks.subprocess.SubprocessHook"}
{"timestamp":"2025-07-17T08:54:17.182480","level":"info","event":"  1300K .......... .......... .......... .......... .......... 15%  192M 0s","logger":"airflow.task.hooks.airflow.providers.standard.hooks.subprocess.SubprocessHook"}
{"timestamp":"2025-07-17T08:54:17.182570","level":"info","event":"  1350K .......... .......... .......... .......... .......... 15% 34.1M 0s","logger":"airflow.task.hooks.airflow.providers.standard.hooks.subprocess.SubprocessHook"}
{"timestamp":"2025-07-17T08:54:17.185015","level":"info","event":"  1400K .......... .......... .......... .......... .......... 16% 23.0M 0s","logger":"airflow.task.hooks.airflow.providers.standard.hooks.subprocess.SubprocessHook"}
{"timestamp":"2025-07-17T08:54:17.185173","level":"info","event":"  1450K .......... .......... .......... .......... .......... 16%  151M 0s","logger":"airflow.task.hooks.airflow.providers.standard.hooks.subprocess.SubprocessHook"}
{"timestamp":"2025-07-17T08:54:17.186278","level":"info","event":"  1500K .......... .......... .......... .......... .......... 17% 81.3M 0s","logger":"airflow.task.hooks.airflow.providers.standard.hooks.subprocess.SubprocessHook"}
{"timestamp":"2025-07-17T08:54:17.187391","level":"info","event":"  1550K .......... .......... .......... .......... .......... 18% 26.9M 0s","logger":"airflow.task.hooks.airflow.providers.standard.hooks.subprocess.SubprocessHook"}
{"timestamp":"2025-07-17T08:54:17.202765","level":"info","event":"  1600K .......... .......... .......... .......... .......... 18% 3.26M 0s","logger":"airflow.task.hooks.airflow.providers.standard.hooks.subprocess.SubprocessHook"}
{"timestamp":"2025-07-17T08:54:17.202913","level":"info","event":"  1650K .......... .......... .......... .......... .......... 19%  162M 0s","logger":"airflow.task.hooks.airflow.providers.standard.hooks.subprocess.SubprocessHook"}
{"timestamp":"2025-07-17T08:54:17.204957","level":"info","event":"  1700K .......... .......... .......... .......... .......... 19% 21.2M 0s","logger":"airflow.task.hooks.airflow.providers.standard.hooks.subprocess.SubprocessHook"}
{"timestamp":"2025-07-17T08:54:17.206416","level":"info","event":"  1750K .......... .......... .......... .......... .......... 20% 48.5M 0s","logger":"airflow.task.hooks.airflow.providers.standard.hooks.subprocess.SubprocessHook"}
{"timestamp":"2025-07-17T08:54:17.206515","level":"info","event":"  1800K .......... .......... .......... .......... .......... 20%  233M 0s","logger":"airflow.task.hooks.airflow.providers.standard.hooks.subprocess.SubprocessHook"}
{"timestamp":"2025-07-17T08:54:17.206553","level":"info","event":"  1850K .......... .......... .......... .......... .......... 21%  177M 0s","logger":"airflow.task.hooks.airflow.providers.standard.hooks.subprocess.SubprocessHook"}
{"timestamp":"2025-07-17T08:54:17.206574","level":"info","event":"  1900K .......... .......... .......... .......... .......... 21%  229M 0s","logger":"airflow.task.hooks.airflow.providers.standard.hooks.subprocess.SubprocessHook"}
{"timestamp":"2025-07-17T08:54:17.207014","level":"info","event":"  1950K .......... .......... .......... .......... .......... 22%  232M 0s","logger":"airflow.task.hooks.airflow.providers.standard.hooks.subprocess.SubprocessHook"}
{"timestamp":"2025-07-17T08:54:17.207070","level":"info","event":"  2000K .......... .......... .......... .......... .......... 23%  172M 0s","logger":"airflow.task.hooks.airflow.providers.standard.hooks.subprocess.SubprocessHook"}
{"timestamp":"2025-07-17T08:54:17.207310","level":"info","event":"  2050K .......... .......... .......... .......... .......... 23%  182M 0s","logger":"airflow.task.hooks.airflow.providers.standard.hooks.subprocess.SubprocessHook"}
{"timestamp":"2025-07-17T08:54:17.208411","level":"info","event":"  2100K .......... .......... .......... .......... .......... 24% 43.7M 0s","logger":"airflow.task.hooks.airflow.providers.standard.hooks.subprocess.SubprocessHook"}
{"timestamp":"2025-07-17T08:54:17.212870","level":"info","event":"  2150K .......... .......... .......... .......... .......... 24%  164M 0s","logger":"airflow.task.hooks.airflow.providers.standard.hooks.subprocess.SubprocessHook"}
{"timestamp":"2025-07-17T08:54:17.213031","level":"info","event":"  2200K .......... .......... .......... .......... .......... 25% 13.6M 0s","logger":"airflow.task.hooks.airflow.providers.standard.hooks.subprocess.SubprocessHook"}
{"timestamp":"2025-07-17T08:54:17.213560","level":"info","event":"  2250K .......... .......... .......... .......... .......... 25% 43.2M 0s","logger":"airflow.task.hooks.airflow.providers.standard.hooks.subprocess.SubprocessHook"}
{"timestamp":"2025-07-17T08:54:17.215079","level":"info","event":"  2300K .......... .......... .......... .......... .......... 26% 36.8M 0s","logger":"airflow.task.hooks.airflow.providers.standard.hooks.subprocess.SubprocessHook"}
{"timestamp":"2025-07-17T08:54:17.215159","level":"info","event":"  2350K .......... .......... .......... .......... .......... 27%  122M 0s","logger":"airflow.task.hooks.airflow.providers.standard.hooks.subprocess.SubprocessHook"}
{"timestamp":"2025-07-17T08:54:17.216632","level":"info","event":"  2400K .......... .......... .......... .......... .......... 27% 34.9M 0s","logger":"airflow.task.hooks.airflow.providers.standard.hooks.subprocess.SubprocessHook"}
{"timestamp":"2025-07-17T08:54:17.218644","level":"info","event":"  2450K .......... .......... .......... .......... .......... 28% 46.3M 0s","logger":"airflow.task.hooks.airflow.providers.standard.hooks.subprocess.SubprocessHook"}
{"timestamp":"2025-07-17T08:54:17.219541","level":"info","event":"  2500K .......... .......... .......... .......... .......... 28% 40.5M 0s","logger":"airflow.task.hooks.airflow.providers.standard.hooks.subprocess.SubprocessHook"}
{"timestamp":"2025-07-17T08:54:17.220678","level":"info","event":"  2550K .......... .......... .......... .......... .......... 29% 30.8M 0s","logger":"airflow.task.hooks.airflow.providers.standard.hooks.subprocess.SubprocessHook"}
{"timestamp":"2025-07-17T08:54:17.222521","level":"info","event":"  2600K .......... .......... .......... .......... .......... 29% 26.8M 0s","logger":"airflow.task.hooks.airflow.providers.standard.hooks.subprocess.SubprocessHook"}
{"timestamp":"2025-07-17T08:54:17.226567","level":"info","event":"  2650K .......... .......... .......... .......... .......... 30% 12.2M 0s","logger":"airflow.task.hooks.airflow.providers.standard.hooks.subprocess.SubprocessHook"}
{"timestamp":"2025-07-17T08:54:17.226733","level":"info","event":"  2700K .......... .......... .......... .......... .......... 30%  174M 0s","logger":"airflow.task.hooks.airflow.providers.standard.hooks.subprocess.SubprocessHook"}
{"timestamp":"2025-07-17T08:54:17.226890","level":"info","event":"  2750K .......... .......... .......... .......... .......... 31%  139M 0s","logger":"airflow.task.hooks.airflow.providers.standard.hooks.subprocess.SubprocessHook"}
{"timestamp":"2025-07-17T08:54:17.227365","level":"info","event":"  2800K .......... .......... .......... .......... .......... 32%  208M 0s","logger":"airflow.task.hooks.airflow.providers.standard.hooks.subprocess.SubprocessHook"}
{"timestamp":"2025-07-17T08:54:17.227576","level":"info","event":"  2850K .......... .......... .......... .......... .......... 32%  174M 0s","logger":"airflow.task.hooks.airflow.providers.standard.hooks.subprocess.SubprocessHook"}
{"timestamp":"2025-07-17T08:54:17.228882","level":"info","event":"  2900K .......... .......... .......... .......... .......... 33% 38.7M 0s","logger":"airflow.task.hooks.airflow.providers.standard.hooks.subprocess.SubprocessHook"}
{"timestamp":"2025-07-17T08:54:17.229011","level":"info","event":"  2950K .......... .......... .......... .......... .......... 33%  200M 0s","logger":"airflow.task.hooks.airflow.providers.standard.hooks.subprocess.SubprocessHook"}
{"timestamp":"2025-07-17T08:54:17.232900","level":"info","event":"  3000K .......... .......... .......... .......... .......... 34% 20.6M 0s","logger":"airflow.task.hooks.airflow.providers.standard.hooks.subprocess.SubprocessHook"}
{"timestamp":"2025-07-17T08:54:17.233090","level":"info","event":"  3050K .......... .......... .......... .......... .......... 34% 47.8M 0s","logger":"airflow.task.hooks.airflow.providers.standard.hooks.subprocess.SubprocessHook"}
{"timestamp":"2025-07-17T08:54:17.235687","level":"info","event":"  3100K .......... .......... .......... .......... .......... 35% 16.3M 0s","logger":"airflow.task.hooks.airflow.providers.standard.hooks.subprocess.SubprocessHook"}
{"timestamp":"2025-07-17T08:54:17.235823","level":"info","event":"  3150K .......... .......... .......... .......... .......... 36%  134M 0s","logger":"airflow.task.hooks.airflow.providers.standard.hooks.subprocess.SubprocessHook"}
{"timestamp":"2025-07-17T08:54:17.237938","level":"info","event":"  3200K .......... .......... .......... .......... .......... 36% 24.7M 0s","logger":"airflow.task.hooks.airflow.providers.standard.hooks.subprocess.SubprocessHook"}
{"timestamp":"2025-07-17T08:54:17.238050","level":"info","event":"  3250K .......... .......... .......... .......... .......... 37%  165M 0s","logger":"airflow.task.hooks.airflow.providers.standard.hooks.subprocess.SubprocessHook"}
{"timestamp":"2025-07-17T08:54:17.247390","level":"info","event":"  3300K .......... .......... .......... .......... .......... 37% 5.80M 0s","logger":"airflow.task.hooks.airflow.providers.standard.hooks.subprocess.SubprocessHook"}
{"timestamp":"2025-07-17T08:54:17.247535","level":"info","event":"  3350K .......... .......... .......... .......... .......... 38%  144M 0s","logger":"airflow.task.hooks.airflow.providers.standard.hooks.subprocess.SubprocessHook"}
{"timestamp":"2025-07-17T08:54:17.248210","level":"info","event":"  3400K .......... .......... .......... .......... .......... 38% 33.7M 0s","logger":"airflow.task.hooks.airflow.providers.standard.hooks.subprocess.SubprocessHook"}
{"timestamp":"2025-07-17T08:54:17.266261","level":"info","event":"  3450K .......... .......... .......... .......... .......... 39% 2.90M 0s","logger":"airflow.task.hooks.airflow.providers.standard.hooks.subprocess.SubprocessHook"}
{"timestamp":"2025-07-17T08:54:17.266401","level":"info","event":"  3500K .......... .......... .......... .......... .......... 39% 34.3M 0s","logger":"airflow.task.hooks.airflow.providers.standard.hooks.subprocess.SubprocessHook"}
{"timestamp":"2025-07-17T08:54:17.267061","level":"info","event":"  3550K .......... .......... .......... .......... .......... 40%  119M 0s","logger":"airflow.task.hooks.airflow.providers.standard.hooks.subprocess.SubprocessHook"}
{"timestamp":"2025-07-17T08:54:17.267138","level":"info","event":"  3600K .......... .......... .......... .......... .......... 41%  160M 0s","logger":"airflow.task.hooks.airflow.providers.standard.hooks.subprocess.SubprocessHook"}
{"timestamp":"2025-07-17T08:54:17.267481","level":"info","event":"  3650K .......... .......... .......... .......... .......... 41%  156M 0s","logger":"airflow.task.hooks.airflow.providers.standard.hooks.subprocess.SubprocessHook"}
{"timestamp":"2025-07-17T08:54:17.267825","level":"info","event":"  3700K .......... .......... .......... .......... .......... 42%  153M 0s","logger":"airflow.task.hooks.airflow.providers.standard.hooks.subprocess.SubprocessHook"}
{"timestamp":"2025-07-17T08:54:17.268151","level":"info","event":"  3750K .......... .......... .......... .......... .......... 42%  162M 0s","logger":"airflow.task.hooks.airflow.providers.standard.hooks.subprocess.SubprocessHook"}
{"timestamp":"2025-07-17T08:54:17.268282","level":"info","event":"  3800K .......... .......... .......... .......... .......... 43%  196M 0s","logger":"airflow.task.hooks.airflow.providers.standard.hooks.subprocess.SubprocessHook"}
{"timestamp":"2025-07-17T08:54:17.268773","level":"info","event":"  3850K .......... .......... .......... .......... .......... 43%  146M 0s","logger":"airflow.task.hooks.airflow.providers.standard.hooks.subprocess.SubprocessHook"}
{"timestamp":"2025-07-17T08:54:17.269266","level":"info","event":"  3900K .......... .......... .......... .......... .......... 44% 80.9M 0s","logger":"airflow.task.hooks.airflow.providers.standard.hooks.subprocess.SubprocessHook"}
{"timestamp":"2025-07-17T08:54:17.269559","level":"info","event":"  3950K .......... .......... .......... .......... .......... 45%  140M 0s","logger":"airflow.task.hooks.airflow.providers.standard.hooks.subprocess.SubprocessHook"}
{"timestamp":"2025-07-17T08:54:17.269998","level":"info","event":"  4000K .......... .......... .......... .......... .......... 45%  145M 0s","logger":"airflow.task.hooks.airflow.providers.standard.hooks.subprocess.SubprocessHook"}
{"timestamp":"2025-07-17T08:54:17.270289","level":"info","event":"  4050K .......... .......... .......... .......... .......... 46%  127M 0s","logger":"airflow.task.hooks.airflow.providers.standard.hooks.subprocess.SubprocessHook"}
{"timestamp":"2025-07-17T08:54:17.270655","level":"info","event":"  4100K .......... .......... .......... .......... .......... 46%  143M 0s","logger":"airflow.task.hooks.airflow.providers.standard.hooks.subprocess.SubprocessHook"}
{"timestamp":"2025-07-17T08:54:17.271012","level":"info","event":"  4150K .......... .......... .......... .......... .......... 47%  160M 0s","logger":"airflow.task.hooks.airflow.providers.standard.hooks.subprocess.SubprocessHook"}
{"timestamp":"2025-07-17T08:54:17.271948","level":"info","event":"  4200K .......... .......... .......... .......... .......... 47% 79.4M 0s","logger":"airflow.task.hooks.airflow.providers.standard.hooks.subprocess.SubprocessHook"}
{"timestamp":"2025-07-17T08:54:17.273467","level":"info","event":"  4250K .......... .......... .......... .......... .......... 48% 34.4M 0s","logger":"airflow.task.hooks.airflow.providers.standard.hooks.subprocess.SubprocessHook"}
{"timestamp":"2025-07-17T08:54:17.274736","level":"info","event":"  4300K .......... .......... .......... .......... .......... 48% 36.0M 0s","logger":"airflow.task.hooks.airflow.providers.standard.hooks.subprocess.SubprocessHook"}
{"timestamp":"2025-07-17T08:54:17.275481","level":"info","event":"  4350K .......... .......... .......... .......... .......... 49% 53.3M 0s","logger":"airflow.task.hooks.airflow.providers.standard.hooks.subprocess.SubprocessHook"}
{"timestamp":"2025-07-17T08:54:17.276099","level":"info","event":"  4400K .......... .......... .......... .......... .......... 50%  109M 0s","logger":"airflow.task.hooks.airflow.providers.standard.hooks.subprocess.SubprocessHook"}
{"timestamp":"2025-07-17T08:54:17.276300","level":"info","event":"  4450K .......... .......... .......... .......... .......... 50% 79.4M 0s","logger":"airflow.task.hooks.airflow.providers.standard.hooks.subprocess.SubprocessHook"}
{"timestamp":"2025-07-17T08:54:17.276680","level":"info","event":"  4500K .......... .......... .......... .......... .......... 51%  138M 0s","logger":"airflow.task.hooks.airflow.providers.standard.hooks.subprocess.SubprocessHook"}
{"timestamp":"2025-07-17T08:54:17.277059","level":"info","event":"  4550K .......... .......... .......... .......... .......... 51%  156M 0s","logger":"airflow.task.hooks.airflow.providers.standard.hooks.subprocess.SubprocessHook"}
{"timestamp":"2025-07-17T08:54:17.277462","level":"info","event":"  4600K .......... .......... .......... .......... .......... 52%  117M 0s","logger":"airflow.task.hooks.airflow.providers.standard.hooks.subprocess.SubprocessHook"}
{"timestamp":"2025-07-17T08:54:17.278171","level":"info","event":"  4650K .......... .......... .......... .......... .......... 52% 79.4M 0s","logger":"airflow.task.hooks.airflow.providers.standard.hooks.subprocess.SubprocessHook"}
{"timestamp":"2025-07-17T08:54:17.278515","level":"info","event":"  4700K .......... .......... .......... .......... .......... 53%  103M 0s","logger":"airflow.task.hooks.airflow.providers.standard.hooks.subprocess.SubprocessHook"}
{"timestamp":"2025-07-17T08:54:17.279018","level":"info","event":"  4750K .......... .......... .......... .......... .......... 54%  110M 0s","logger":"airflow.task.hooks.airflow.providers.standard.hooks.subprocess.SubprocessHook"}
{"timestamp":"2025-07-17T08:54:17.280285","level":"info","event":"  4800K .......... .......... .......... .......... .......... 54%  130M 0s","logger":"airflow.task.hooks.airflow.providers.standard.hooks.subprocess.SubprocessHook"}
{"timestamp":"2025-07-17T08:54:17.280564","level":"info","event":"  4850K .......... .......... .......... .......... .......... 55% 49.5M 0s","logger":"airflow.task.hooks.airflow.providers.standard.hooks.subprocess.SubprocessHook"}
{"timestamp":"2025-07-17T08:54:17.281458","level":"info","event":"  4900K .......... .......... .......... .......... .......... 55% 46.1M 0s","logger":"airflow.task.hooks.airflow.providers.standard.hooks.subprocess.SubprocessHook"}
{"timestamp":"2025-07-17T08:54:17.282433","level":"info","event":"  4950K .......... .......... .......... .......... .......... 56% 51.2M 0s","logger":"airflow.task.hooks.airflow.providers.standard.hooks.subprocess.SubprocessHook"}
{"timestamp":"2025-07-17T08:54:17.282689","level":"info","event":"  5000K .......... .......... .......... .......... .......... 56%  151M 0s","logger":"airflow.task.hooks.airflow.providers.standard.hooks.subprocess.SubprocessHook"}
{"timestamp":"2025-07-17T08:54:17.282999","level":"info","event":"  5050K .......... .......... .......... .......... .......... 57%  175M 0s","logger":"airflow.task.hooks.airflow.providers.standard.hooks.subprocess.SubprocessHook"}
{"timestamp":"2025-07-17T08:54:17.283471","level":"info","event":"  5100K .......... .......... .......... .......... .......... 58% 87.4M 0s","logger":"airflow.task.hooks.airflow.providers.standard.hooks.subprocess.SubprocessHook"}
{"timestamp":"2025-07-17T08:54:17.284399","level":"info","event":"  5150K .......... .......... .......... .......... .......... 58% 58.4M 0s","logger":"airflow.task.hooks.airflow.providers.standard.hooks.subprocess.SubprocessHook"}
{"timestamp":"2025-07-17T08:54:17.285049","level":"info","event":"  5200K .......... .......... .......... .......... .......... 59% 65.9M 0s","logger":"airflow.task.hooks.airflow.providers.standard.hooks.subprocess.SubprocessHook"}
{"timestamp":"2025-07-17T08:54:17.285942","level":"info","event":"  5250K .......... .......... .......... .......... .......... 59% 61.3M 0s","logger":"airflow.task.hooks.airflow.providers.standard.hooks.subprocess.SubprocessHook"}
{"timestamp":"2025-07-17T08:54:17.287424","level":"info","event":"  5300K .......... .......... .......... .......... .......... 60% 37.7M 0s","logger":"airflow.task.hooks.airflow.providers.standard.hooks.subprocess.SubprocessHook"}
{"timestamp":"2025-07-17T08:54:17.288185","level":"info","event":"  5350K .......... .......... .......... .......... .......... 60% 51.3M 0s","logger":"airflow.task.hooks.airflow.providers.standard.hooks.subprocess.SubprocessHook"}
{"timestamp":"2025-07-17T08:54:17.290075","level":"info","event":"  5400K .......... .......... .......... .......... .......... 61% 25.1M 0s","logger":"airflow.task.hooks.airflow.providers.standard.hooks.subprocess.SubprocessHook"}
{"timestamp":"2025-07-17T08:54:17.290860","level":"info","event":"  5450K .......... .......... .......... .......... .......... 61% 86.4M 0s","logger":"airflow.task.hooks.airflow.providers.standard.hooks.subprocess.SubprocessHook"}
{"timestamp":"2025-07-17T08:54:17.291324","level":"info","event":"  5500K .......... .......... .......... .......... .......... 62% 72.5M 0s","logger":"airflow.task.hooks.airflow.providers.standard.hooks.subprocess.SubprocessHook"}
{"timestamp":"2025-07-17T08:54:17.291664","level":"info","event":"  5550K .......... .......... .......... .......... .......... 63%  190M 0s","logger":"airflow.task.hooks.airflow.providers.standard.hooks.subprocess.SubprocessHook"}
{"timestamp":"2025-07-17T08:54:17.292159","level":"info","event":"  5600K .......... .......... .......... .......... .......... 63% 76.7M 0s","logger":"airflow.task.hooks.airflow.providers.standard.hooks.subprocess.SubprocessHook"}
{"timestamp":"2025-07-17T08:54:17.292736","level":"info","event":"  5650K .......... .......... .......... .......... .......... 64% 91.0M 0s","logger":"airflow.task.hooks.airflow.providers.standard.hooks.subprocess.SubprocessHook"}
{"timestamp":"2025-07-17T08:54:17.293555","level":"info","event":"  5700K .......... .......... .......... .......... .......... 64% 62.7M 0s","logger":"airflow.task.hooks.airflow.providers.standard.hooks.subprocess.SubprocessHook"}
{"timestamp":"2025-07-17T08:54:17.294686","level":"info","event":"  5750K .......... .......... .......... .......... .......... 65% 40.8M 0s","logger":"airflow.task.hooks.airflow.providers.standard.hooks.subprocess.SubprocessHook"}
{"timestamp":"2025-07-17T08:54:17.295325","level":"info","event":"  5800K .......... .......... .......... .......... .......... 65% 72.8M 0s","logger":"airflow.task.hooks.airflow.providers.standard.hooks.subprocess.SubprocessHook"}
{"timestamp":"2025-07-17T08:54:17.296213","level":"info","event":"  5850K .......... .......... .......... .......... .......... 66% 59.8M 0s","logger":"airflow.task.hooks.airflow.providers.standard.hooks.subprocess.SubprocessHook"}
{"timestamp":"2025-07-17T08:54:17.296995","level":"info","event":"  5900K .......... .......... .......... .......... .......... 67% 60.8M 0s","logger":"airflow.task.hooks.airflow.providers.standard.hooks.subprocess.SubprocessHook"}
{"timestamp":"2025-07-17T08:54:17.297313","level":"info","event":"  5950K .......... .......... .......... .......... .......... 67%  142M 0s","logger":"airflow.task.hooks.airflow.providers.standard.hooks.subprocess.SubprocessHook"}
{"timestamp":"2025-07-17T08:54:17.297770","level":"info","event":"  6000K .......... .......... .......... .......... .......... 68%  108M 0s","logger":"airflow.task.hooks.airflow.providers.standard.hooks.subprocess.SubprocessHook"}
{"timestamp":"2025-07-17T08:54:17.298188","level":"info","event":"  6050K .......... .......... .......... .......... .......... 68%  112M 0s","logger":"airflow.task.hooks.airflow.providers.standard.hooks.subprocess.SubprocessHook"}
{"timestamp":"2025-07-17T08:54:17.300983","level":"info","event":"  6100K .......... .......... .......... .......... .......... 69% 19.4M 0s","logger":"airflow.task.hooks.airflow.providers.standard.hooks.subprocess.SubprocessHook"}
{"timestamp":"2025-07-17T08:54:17.301771","level":"info","event":"  6150K .......... .......... .......... .......... .......... 69% 45.5M 0s","logger":"airflow.task.hooks.airflow.providers.standard.hooks.subprocess.SubprocessHook"}
{"timestamp":"2025-07-17T08:54:17.303202","level":"info","event":"  6200K .......... .......... .......... .......... .......... 70% 38.7M 0s","logger":"airflow.task.hooks.airflow.providers.standard.hooks.subprocess.SubprocessHook"}
{"timestamp":"2025-07-17T08:54:17.303903","level":"info","event":"  6250K .......... .......... .......... .......... .......... 70% 57.3M 0s","logger":"airflow.task.hooks.airflow.providers.standard.hooks.subprocess.SubprocessHook"}
{"timestamp":"2025-07-17T08:54:17.305079","level":"info","event":"  6300K .......... .......... .......... .......... .......... 71% 45.9M 0s","logger":"airflow.task.hooks.airflow.providers.standard.hooks.subprocess.SubprocessHook"}
{"timestamp":"2025-07-17T08:54:17.305600","level":"info","event":"  6350K .......... .......... .......... .......... .......... 72% 77.3M 0s","logger":"airflow.task.hooks.airflow.providers.standard.hooks.subprocess.SubprocessHook"}
{"timestamp":"2025-07-17T08:54:17.306809","level":"info","event":"  6400K .......... .......... .......... .......... .......... 72% 45.9M 0s","logger":"airflow.task.hooks.airflow.providers.standard.hooks.subprocess.SubprocessHook"}
{"timestamp":"2025-07-17T08:54:17.308307","level":"info","event":"  6450K .......... .......... .......... .......... .......... 73% 30.4M 0s","logger":"airflow.task.hooks.airflow.providers.standard.hooks.subprocess.SubprocessHook"}
{"timestamp":"2025-07-17T08:54:17.309515","level":"info","event":"  6500K .......... .......... .......... .......... .......... 73% 38.6M 0s","logger":"airflow.task.hooks.airflow.providers.standard.hooks.subprocess.SubprocessHook"}
{"timestamp":"2025-07-17T08:54:17.310394","level":"info","event":"  6550K .......... .......... .......... .......... .......... 74% 62.9M 0s","logger":"airflow.task.hooks.airflow.providers.standard.hooks.subprocess.SubprocessHook"}
{"timestamp":"2025-07-17T08:54:17.312044","level":"info","event":"  6600K .......... .......... .......... .......... .......... 74% 43.5M 0s","logger":"airflow.task.hooks.airflow.providers.standard.hooks.subprocess.SubprocessHook"}
{"timestamp":"2025-07-17T08:54:17.314866","level":"info","event":"  6650K .......... .......... .......... .......... .......... 75% 22.4M 0s","logger":"airflow.task.hooks.airflow.providers.standard.hooks.subprocess.SubprocessHook"}
{"timestamp":"2025-07-17T08:54:17.315817","level":"info","event":"  6700K .......... .......... .......... .......... .......... 76% 98.2M 0s","logger":"airflow.task.hooks.airflow.providers.standard.hooks.subprocess.SubprocessHook"}
{"timestamp":"2025-07-17T08:54:17.315884","level":"info","event":"  6750K .......... .......... .......... .......... .......... 76% 29.3M 0s","logger":"airflow.task.hooks.airflow.providers.standard.hooks.subprocess.SubprocessHook"}
{"timestamp":"2025-07-17T08:54:17.316150","level":"info","event":"  6800K .......... .......... .......... .......... .......... 77%  191M 0s","logger":"airflow.task.hooks.airflow.providers.standard.hooks.subprocess.SubprocessHook"}
{"timestamp":"2025-07-17T08:54:17.316579","level":"info","event":"  6850K .......... .......... .......... .......... .......... 77% 92.2M 0s","logger":"airflow.task.hooks.airflow.providers.standard.hooks.subprocess.SubprocessHook"}
{"timestamp":"2025-07-17T08:54:17.318090","level":"info","event":"  6900K .......... .......... .......... .......... .......... 78% 39.8M 0s","logger":"airflow.task.hooks.airflow.providers.standard.hooks.subprocess.SubprocessHook"}
{"timestamp":"2025-07-17T08:54:17.319054","level":"info","event":"  6950K .......... .......... .......... .......... .......... 78% 93.9M 0s","logger":"airflow.task.hooks.airflow.providers.standard.hooks.subprocess.SubprocessHook"}
{"timestamp":"2025-07-17T08:54:17.321254","level":"info","event":"  7000K .......... .......... .......... .......... .......... 79% 16.7M 0s","logger":"airflow.task.hooks.airflow.providers.standard.hooks.subprocess.SubprocessHook"}
{"timestamp":"2025-07-17T08:54:17.322401","level":"info","event":"  7050K .......... .......... .......... .......... .......... 79% 49.5M 0s","logger":"airflow.task.hooks.airflow.providers.standard.hooks.subprocess.SubprocessHook"}
{"timestamp":"2025-07-17T08:54:17.322983","level":"info","event":"  7100K .......... .......... .......... .......... .......... 80% 65.2M 0s","logger":"airflow.task.hooks.airflow.providers.standard.hooks.subprocess.SubprocessHook"}
{"timestamp":"2025-07-17T08:54:17.323596","level":"info","event":"  7150K .......... .......... .......... .......... .......... 81% 85.3M 0s","logger":"airflow.task.hooks.airflow.providers.standard.hooks.subprocess.SubprocessHook"}
{"timestamp":"2025-07-17T08:54:17.327571","level":"info","event":"  7200K .......... .......... .......... .......... .......... 81% 12.9M 0s","logger":"airflow.task.hooks.airflow.providers.standard.hooks.subprocess.SubprocessHook"}
{"timestamp":"2025-07-17T08:54:17.330085","level":"info","event":"  7250K .......... .......... .......... .......... .......... 82% 37.4M 0s","logger":"airflow.task.hooks.airflow.providers.standard.hooks.subprocess.SubprocessHook"}
{"timestamp":"2025-07-17T08:54:17.339154","level":"info","event":"  7300K .......... .......... .......... .......... .......... 82% 5.42M 0s","logger":"airflow.task.hooks.airflow.providers.standard.hooks.subprocess.SubprocessHook"}
{"timestamp":"2025-07-17T08:54:17.339240","level":"info","event":"  7350K .......... .......... .......... .......... .......... 83%  182M 0s","logger":"airflow.task.hooks.airflow.providers.standard.hooks.subprocess.SubprocessHook"}
{"timestamp":"2025-07-17T08:54:17.340669","level":"info","event":"  7400K .......... .......... .......... .......... .......... 83% 25.0M 0s","logger":"airflow.task.hooks.airflow.providers.standard.hooks.subprocess.SubprocessHook"}
{"timestamp":"2025-07-17T08:54:17.341022","level":"info","event":"  7450K .......... .......... .......... .......... .......... 84% 47.6M 0s","logger":"airflow.task.hooks.airflow.providers.standard.hooks.subprocess.SubprocessHook"}
{"timestamp":"2025-07-17T08:54:17.343109","level":"info","event":"  7500K .......... .......... .......... .......... .......... 85% 23.1M 0s","logger":"airflow.task.hooks.airflow.providers.standard.hooks.subprocess.SubprocessHook"}
{"timestamp":"2025-07-17T08:54:17.343280","level":"info","event":"  7550K .......... .......... .......... .......... .......... 85%  198M 0s","logger":"airflow.task.hooks.airflow.providers.standard.hooks.subprocess.SubprocessHook"}
{"timestamp":"2025-07-17T08:54:17.343546","level":"info","event":"  7600K .......... .......... .......... .......... .......... 86%  247M 0s","logger":"airflow.task.hooks.airflow.providers.standard.hooks.subprocess.SubprocessHook"}
{"timestamp":"2025-07-17T08:54:17.343619","level":"info","event":"  7650K .......... .......... .......... .......... .......... 86%  207M 0s","logger":"airflow.task.hooks.airflow.providers.standard.hooks.subprocess.SubprocessHook"}
{"timestamp":"2025-07-17T08:54:17.344525","level":"info","event":"  7700K .......... .......... .......... .......... .......... 87%  112M 0s","logger":"airflow.task.hooks.airflow.providers.standard.hooks.subprocess.SubprocessHook"}
{"timestamp":"2025-07-17T08:54:17.345577","level":"info","event":"  7750K .......... .......... .......... .......... .......... 87% 36.8M 0s","logger":"airflow.task.hooks.airflow.providers.standard.hooks.subprocess.SubprocessHook"}
{"timestamp":"2025-07-17T08:54:17.345652","level":"info","event":"  7800K .......... .......... .......... .......... .......... 88%  247M 0s","logger":"airflow.task.hooks.airflow.providers.standard.hooks.subprocess.SubprocessHook"}
{"timestamp":"2025-07-17T08:54:17.345921","level":"info","event":"  7850K .......... .......... .......... .......... .......... 88%  236M 0s","logger":"airflow.task.hooks.airflow.providers.standard.hooks.subprocess.SubprocessHook"}
{"timestamp":"2025-07-17T08:54:17.347337","level":"info","event":"  7900K .......... .......... .......... .......... .......... 89% 44.0M 0s","logger":"airflow.task.hooks.airflow.providers.standard.hooks.subprocess.SubprocessHook"}
{"timestamp":"2025-07-17T08:54:17.347428","level":"info","event":"  7950K .......... .......... .......... .......... .......... 90%  286M 0s","logger":"airflow.task.hooks.airflow.providers.standard.hooks.subprocess.SubprocessHook"}
{"timestamp":"2025-07-17T08:54:17.347461","level":"info","event":"  8000K .......... .......... .......... .......... .......... 90%  215M 0s","logger":"airflow.task.hooks.airflow.providers.standard.hooks.subprocess.SubprocessHook"}
{"timestamp":"2025-07-17T08:54:17.347483","level":"info","event":"  8050K .......... .......... .......... .......... .......... 91%  281M 0s","logger":"airflow.task.hooks.airflow.providers.standard.hooks.subprocess.SubprocessHook"}
{"timestamp":"2025-07-17T08:54:17.349462","level":"info","event":"  8100K .......... .......... .......... .......... .......... 91% 59.9M 0s","logger":"airflow.task.hooks.airflow.providers.standard.hooks.subprocess.SubprocessHook"}
{"timestamp":"2025-07-17T08:54:17.351184","level":"info","event":"  8150K .......... .......... .......... .......... .......... 92% 18.4M 0s","logger":"airflow.task.hooks.airflow.providers.standard.hooks.subprocess.SubprocessHook"}
{"timestamp":"2025-07-17T08:54:17.352295","level":"info","event":"  8200K .......... .......... .......... .......... .......... 92% 55.2M 0s","logger":"airflow.task.hooks.airflow.providers.standard.hooks.subprocess.SubprocessHook"}
{"timestamp":"2025-07-17T08:54:17.353770","level":"info","event":"  8250K .......... .......... .......... .......... .......... 93% 56.9M 0s","logger":"airflow.task.hooks.airflow.providers.standard.hooks.subprocess.SubprocessHook"}
{"timestamp":"2025-07-17T08:54:17.353847","level":"info","event":"  8300K .......... .......... .......... .......... .......... 94% 74.4M 0s","logger":"airflow.task.hooks.airflow.providers.standard.hooks.subprocess.SubprocessHook"}
{"timestamp":"2025-07-17T08:54:17.356821","level":"info","event":"  8350K .......... .......... .......... .......... .......... 94% 30.0M 0s","logger":"airflow.task.hooks.airflow.providers.standard.hooks.subprocess.SubprocessHook"}
{"timestamp":"2025-07-17T08:54:17.358256","level":"info","event":"  8400K .......... .......... .......... .......... .......... 95% 15.6M 0s","logger":"airflow.task.hooks.airflow.providers.standard.hooks.subprocess.SubprocessHook"}
{"timestamp":"2025-07-17T08:54:17.359792","level":"info","event":"  8450K .......... .......... .......... .......... .......... 95% 32.3M 0s","logger":"airflow.task.hooks.airflow.providers.standard.hooks.subprocess.SubprocessHook"}
{"timestamp":"2025-07-17T08:54:17.361313","level":"info","event":"  8500K .......... .......... .......... .......... .......... 96% 35.0M 0s","logger":"airflow.task.hooks.airflow.providers.standard.hooks.subprocess.SubprocessHook"}
{"timestamp":"2025-07-17T08:54:17.361837","level":"info","event":"  8550K .......... .......... .......... .......... .......... 96% 70.2M 0s","logger":"airflow.task.hooks.airflow.providers.standard.hooks.subprocess.SubprocessHook"}
{"timestamp":"2025-07-17T08:54:17.362484","level":"info","event":"  8600K .......... .......... .......... .......... .......... 97% 67.2M 0s","logger":"airflow.task.hooks.airflow.providers.standard.hooks.subprocess.SubprocessHook"}
{"timestamp":"2025-07-17T08:54:17.362920","level":"info","event":"  8650K .......... .......... .......... .......... .......... 97%  212M 0s","logger":"airflow.task.hooks.airflow.providers.standard.hooks.subprocess.SubprocessHook"}
{"timestamp":"2025-07-17T08:54:17.364271","level":"info","event":"  8700K .......... .......... .......... .......... .......... 98% 50.8M 0s","logger":"airflow.task.hooks.airflow.providers.standard.hooks.subprocess.SubprocessHook"}
{"timestamp":"2025-07-17T08:54:17.373511","level":"info","event":"  8750K .......... .......... .......... .......... .......... 99% 14.5M 0s","logger":"airflow.task.hooks.airflow.providers.standard.hooks.subprocess.SubprocessHook"}
{"timestamp":"2025-07-17T08:54:17.373648","level":"info","event":"  8800K .......... .......... .......... .......... .......... 99%  176M 0s","logger":"airflow.task.hooks.airflow.providers.standard.hooks.subprocess.SubprocessHook"}
{"timestamp":"2025-07-17T08:54:17.373682","level":"info","event":"  8850K .......... .......... .........                       100%  184M=0.3s","logger":"airflow.task.hooks.airflow.providers.standard.hooks.subprocess.SubprocessHook"}
{"timestamp":"2025-07-17T08:54:17.373742","level":"info","event":"","logger":"airflow.task.hooks.airflow.providers.standard.hooks.subprocess.SubprocessHook"}
{"timestamp":"2025-07-17T08:54:17.374085","level":"info","event":"2025-07-17 08:54:17 (34.2 MB/s) - ‘/opt/airflow/green_tripdata_2019-04.csv’ saved [9092312/9092312]","logger":"airflow.task.hooks.airflow.providers.standard.hooks.subprocess.SubprocessHook"}
{"timestamp":"2025-07-17T08:54:17.374327","level":"info","event":"","logger":"airflow.task.hooks.airflow.providers.standard.hooks.subprocess.SubprocessHook"}
{"timestamp":"2025-07-17T08:54:17.380919","level":"info","event":"Command exited with return code 0","logger":"airflow.task.hooks.airflow.providers.standard.hooks.subprocess.SubprocessHook"}
{"timestamp":"2025-07-17T08:54:17.405322","level":"info","event":"Pushing xcom","ti":"RuntimeTaskInstance(id=UUID('01981797-55d8-7c54-97ec-710d4ed3d970'), task_id='download_dataset_task', dag_id='upload_gcs_greentrips', run_id='scheduled__2019-04-02T06:00:00+00:00', try_number=1, map_index=-1, hostname='8c16a644909e', context_carrier={}, task=<Task(BashOperator): download_dataset_task>, bundle_instance=LocalDagBundle(name=dags-folder), max_tries=0, start_date=datetime.datetime(2025, 7, 17, 8, 54, 10, 794528, tzinfo=TzInfo(UTC)), end_date=None, state=<TaskInstanceState.RUNNING: 'running'>, is_mapped=False, rendered_map_index=None)","logger":"task"}
{"timestamp":"2025-07-17T17:10:49.097338","level":"info","event":"DAG bundles loaded: dags-folder","logger":"airflow.dag_processing.bundles.manager.DagBundlesManager"}
{"timestamp":"2025-07-17T17:10:49.098759","level":"info","event":"Filling up the DagBag from /opt/airflow/dags/data_ingestion_gcs_dag.py","logger":"airflow.models.dagbag.DagBag"}
{"timestamp":"2025-07-17T17:10:50.388854","level":"info","event":"Tmp dir root location: /tmp","logger":"airflow.task.hooks.airflow.providers.standard.hooks.subprocess.SubprocessHook"}
{"timestamp":"2025-07-17T17:10:50.392962","level":"info","event":"Running command: ['/usr/bin/bash', '-c', 'echo https://github.com/DataTalksClub/nyc-tlc-data/releases/download/green/green_tripdata_2019-04.csv.gz && wget --no-verbose https://github.com/DataTalksClub/nyc-tlc-data/releases/download/green/green_tripdata_2019-04.csv.gz -O /opt/airflow/green_tripdata_2019-04.csv.gz && gunzip -f /opt/airflow/green_tripdata_2019-04.csv.gz']","logger":"airflow.task.hooks.airflow.providers.standard.hooks.subprocess.SubprocessHook"}
{"timestamp":"2025-07-17T17:10:50.419329","level":"info","event":"Output:","logger":"airflow.task.hooks.airflow.providers.standard.hooks.subprocess.SubprocessHook"}
{"timestamp":"2025-07-17T17:10:50.419920","level":"info","event":"https://github.com/DataTalksClub/nyc-tlc-data/releases/download/green/green_tripdata_2019-04.csv.gz","logger":"airflow.task.hooks.airflow.providers.standard.hooks.subprocess.SubprocessHook"}
{"timestamp":"2025-07-17T17:10:51.742171","level":"info","event":"2025-07-17 17:10:51 URL:https://release-assets.githubusercontent.com/github-production-release-asset/513814948/f73e090d-a75a-4ede-ac2a-9dd7a4867c07?sp=r&sv=2018-11-09&sr=b&spr=https&se=2025-07-17T17%3A46%3A40Z&rscd=attachment%3B+filename%3Dgreen_tripdata_2019-04.csv.gz&rsct=application%2Foctet-stream&skoid=96c2d410-5711-43a1-aedd-ab1947aa7ab0&sktid=398a6654-997b-47e9-b12b-9515b896b4de&skt=2025-07-17T16%3A46%3A38Z&ske=2025-07-17T17%3A46%3A40Z&sks=b&skv=2018-11-09&sig=NA%2FFiHhtftkdJcSC1spfo8I5y%2BhLAQjbiD7S%2Fw3IbKc%3D&jwt=eyJ******&response-content-disposition=attachment%3B%20filename%3Dgreen_tripdata_2019-04.csv.gz&response-content-type=application%2Foctet-stream [9092312/9092312] -> \"/opt/airflow/green_tripdata_2019-04.csv.gz\" [1]","logger":"airflow.task.hooks.airflow.providers.standard.hooks.subprocess.SubprocessHook"}
{"timestamp":"2025-07-17T17:10:52.071369","level":"info","event":"Command exited with return code 0","logger":"airflow.task.hooks.airflow.providers.standard.hooks.subprocess.SubprocessHook"}
{"timestamp":"2025-07-17T17:10:52.073553","level":"info","event":"Pushing xcom","ti":"RuntimeTaskInstance(id=UUID('0198195e-03f6-79ba-a307-92bb828cd694'), task_id='download_dataset_task', dag_id='upload_gcs_greentrips', run_id='scheduled__2019-04-02T06:00:00+00:00', try_number=1, map_index=-1, hostname='8c16a644909e', context_carrier={}, task=<Task(BashOperator): download_dataset_task>, bundle_instance=LocalDagBundle(name=dags-folder), max_tries=0, start_date=datetime.datetime(2025, 7, 17, 17, 10, 48, 685755, tzinfo=TzInfo(UTC)), end_date=None, state=<TaskInstanceState.RUNNING: 'running'>, is_mapped=False, rendered_map_index=None)","logger":"task"}
{"timestamp":"2025-07-17T17:17:21.373677","level":"info","event":"DAG bundles loaded: dags-folder","logger":"airflow.dag_processing.bundles.manager.DagBundlesManager"}
{"timestamp":"2025-07-17T17:17:21.374607","level":"info","event":"Filling up the DagBag from /opt/airflow/dags/data_ingestion_gcs_dag.py","logger":"airflow.models.dagbag.DagBag"}
{"timestamp":"2025-07-17T17:17:24.529503","level":"info","event":"Tmp dir root location: /tmp","logger":"airflow.task.hooks.airflow.providers.standard.hooks.subprocess.SubprocessHook"}
{"timestamp":"2025-07-17T17:17:24.538933","level":"info","event":"Running command: ['/usr/bin/bash', '-c', 'echo https://github.com/DataTalksClub/nyc-tlc-data/releases/download/green/green_tripdata_2019-04.csv.gz && wget --no-verbose https://github.com/DataTalksClub/nyc-tlc-data/releases/download/green/green_tripdata_2019-04.csv.gz -O /opt/airflow/green_tripdata_2019-04.csv.gz && gunzip -f /opt/airflow/green_tripdata_2019-04.csv.gz']","logger":"airflow.task.hooks.airflow.providers.standard.hooks.subprocess.SubprocessHook"}
{"timestamp":"2025-07-17T17:17:24.749975","level":"info","event":"Output:","logger":"airflow.task.hooks.airflow.providers.standard.hooks.subprocess.SubprocessHook"}
{"timestamp":"2025-07-17T17:17:24.802392","level":"info","event":"https://github.com/DataTalksClub/nyc-tlc-data/releases/download/green/green_tripdata_2019-04.csv.gz","logger":"airflow.task.hooks.airflow.providers.standard.hooks.subprocess.SubprocessHook"}
{"timestamp":"2025-07-17T17:17:26.192977","level":"info","event":"2025-07-17 17:17:26 URL:https://release-assets.githubusercontent.com/github-production-release-asset/513814948/f73e090d-a75a-4ede-ac2a-9dd7a4867c07?sp=r&sv=2018-11-09&sr=b&spr=https&se=2025-07-17T18%3A13%3A10Z&rscd=attachment%3B+filename%3Dgreen_tripdata_2019-04.csv.gz&rsct=application%2Foctet-stream&skoid=96c2d410-5711-43a1-aedd-ab1947aa7ab0&sktid=398a6654-997b-47e9-b12b-9515b896b4de&skt=2025-07-17T17%3A12%3A39Z&ske=2025-07-17T18%3A13%3A10Z&sks=b&skv=2018-11-09&sig=bb9DGPrZqEOwVUmsJg7UmsE4ZpnrcXTeE8JYTMRkgjM%3D&jwt=eyJ******&response-content-disposition=attachment%3B%20filename%3Dgreen_tripdata_2019-04.csv.gz&response-content-type=application%2Foctet-stream [9092312/9092312] -> \"/opt/airflow/green_tripdata_2019-04.csv.gz\" [1]","logger":"airflow.task.hooks.airflow.providers.standard.hooks.subprocess.SubprocessHook"}
{"timestamp":"2025-07-17T17:17:26.573026","level":"info","event":"Command exited with return code 0","logger":"airflow.task.hooks.airflow.providers.standard.hooks.subprocess.SubprocessHook"}
{"timestamp":"2025-07-17T17:17:26.584104","level":"info","event":"Pushing xcom","ti":"RuntimeTaskInstance(id=UUID('01981963-fe3f-722a-b4b0-23ec36c83a07'), task_id='download_dataset_task', dag_id='upload_gcs_greentrips', run_id='scheduled__2019-04-02T06:00:00+00:00', try_number=1, map_index=-1, hostname='8c16a644909e', context_carrier={}, task=<Task(BashOperator): download_dataset_task>, bundle_instance=LocalDagBundle(name=dags-folder), max_tries=0, start_date=datetime.datetime(2025, 7, 17, 17, 17, 20, 701118, tzinfo=TzInfo(UTC)), end_date=None, state=<TaskInstanceState.RUNNING: 'running'>, is_mapped=False, rendered_map_index=None)","logger":"task"}
{"timestamp":"2025-07-17T17:20:09.563597","level":"info","event":"DAG bundles loaded: dags-folder","logger":"airflow.dag_processing.bundles.manager.DagBundlesManager"}
{"timestamp":"2025-07-17T17:20:09.564275","level":"info","event":"Filling up the DagBag from /opt/airflow/dags/data_ingestion_gcs_dag.py","logger":"airflow.models.dagbag.DagBag"}
{"timestamp":"2025-07-17T17:20:12.695225","level":"info","event":"Tmp dir root location: /tmp","logger":"airflow.task.hooks.airflow.providers.standard.hooks.subprocess.SubprocessHook"}
{"timestamp":"2025-07-17T17:20:12.698424","level":"info","event":"Running command: ['/usr/bin/bash', '-c', 'echo https://github.com/DataTalksClub/nyc-tlc-data/releases/download/green/green_tripdata_2019-04.csv.gz && wget --no-verbose https://github.com/DataTalksClub/nyc-tlc-data/releases/download/green/green_tripdata_2019-04.csv.gz -O /opt/airflow/green_tripdata_2019-04.csv.gz && gunzip -f /opt/airflow/green_tripdata_2019-04.csv.gz']","logger":"airflow.task.hooks.airflow.providers.standard.hooks.subprocess.SubprocessHook"}
{"timestamp":"2025-07-17T17:20:12.814048","level":"info","event":"Output:","logger":"airflow.task.hooks.airflow.providers.standard.hooks.subprocess.SubprocessHook"}
{"timestamp":"2025-07-17T17:20:13.054185","level":"info","event":"https://github.com/DataTalksClub/nyc-tlc-data/releases/download/green/green_tripdata_2019-04.csv.gz","logger":"airflow.task.hooks.airflow.providers.standard.hooks.subprocess.SubprocessHook"}
{"timestamp":"2025-07-17T17:20:14.406461","level":"info","event":"2025-07-17 17:20:14 URL:https://release-assets.githubusercontent.com/github-production-release-asset/513814948/f73e090d-a75a-4ede-ac2a-9dd7a4867c07?sp=r&sv=2018-11-09&sr=b&spr=https&se=2025-07-17T18%3A15%3A23Z&rscd=attachment%3B+filename%3Dgreen_tripdata_2019-04.csv.gz&rsct=application%2Foctet-stream&skoid=96c2d410-5711-43a1-aedd-ab1947aa7ab0&sktid=398a6654-997b-47e9-b12b-9515b896b4de&skt=2025-07-17T17%3A14%3A26Z&ske=2025-07-17T18%3A15%3A23Z&sks=b&skv=2018-11-09&sig=v0F%2FKs%2FO21Gf9HkGI%2BjHfV4IKnCZIiXdOLwUjfrK9wo%3D&jwt=eyJ******&response-content-disposition=attachment%3B%20filename%3Dgreen_tripdata_2019-04.csv.gz&response-content-type=application%2Foctet-stream [9092312/9092312] -> \"/opt/airflow/green_tripdata_2019-04.csv.gz\" [1]","logger":"airflow.task.hooks.airflow.providers.standard.hooks.subprocess.SubprocessHook"}
{"timestamp":"2025-07-17T17:20:14.796103","level":"info","event":"Command exited with return code 0","logger":"airflow.task.hooks.airflow.providers.standard.hooks.subprocess.SubprocessHook"}
{"timestamp":"2025-07-17T17:20:14.808242","level":"info","event":"Pushing xcom","ti":"RuntimeTaskInstance(id=UUID('01981966-91dd-7ad4-ab8c-d196e272259b'), task_id='download_dataset_task', dag_id='upload_gcs_greentrips', run_id='scheduled__2019-04-02T06:00:00+00:00', try_number=1, map_index=-1, hostname='8c16a644909e', context_carrier={}, task=<Task(BashOperator): download_dataset_task>, bundle_instance=LocalDagBundle(name=dags-folder), max_tries=0, start_date=datetime.datetime(2025, 7, 17, 17, 20, 9, 315095, tzinfo=TzInfo(UTC)), end_date=None, state=<TaskInstanceState.RUNNING: 'running'>, is_mapped=False, rendered_map_index=None)","logger":"task"}
{"timestamp":"2025-07-17T17:23:32.453720","level":"info","event":"DAG bundles loaded: dags-folder","logger":"airflow.dag_processing.bundles.manager.DagBundlesManager"}
{"timestamp":"2025-07-17T17:23:32.454500","level":"info","event":"Filling up the DagBag from /opt/airflow/dags/data_ingestion_gcs_dag.py","logger":"airflow.models.dagbag.DagBag"}
{"timestamp":"2025-07-17T17:23:34.860654","level":"info","event":"Tmp dir root location: /tmp","logger":"airflow.task.hooks.airflow.providers.standard.hooks.subprocess.SubprocessHook"}
{"timestamp":"2025-07-17T17:23:34.881756","level":"info","event":"Running command: ['/usr/bin/bash', '-c', 'echo https://github.com/DataTalksClub/nyc-tlc-data/releases/download/green/green_tripdata_2019-04.csv.gz && wget --no-verbose https://github.com/DataTalksClub/nyc-tlc-data/releases/download/green/green_tripdata_2019-04.csv.gz -O /opt/airflow/green_tripdata_2019-04.csv.gz && gunzip -f /opt/airflow/green_tripdata_2019-04.csv.gz']","logger":"airflow.task.hooks.airflow.providers.standard.hooks.subprocess.SubprocessHook"}
{"timestamp":"2025-07-17T17:23:34.961071","level":"info","event":"Output:","logger":"airflow.task.hooks.airflow.providers.standard.hooks.subprocess.SubprocessHook"}
{"timestamp":"2025-07-17T17:23:34.977681","level":"info","event":"https://github.com/DataTalksClub/nyc-tlc-data/releases/download/green/green_tripdata_2019-04.csv.gz","logger":"airflow.task.hooks.airflow.providers.standard.hooks.subprocess.SubprocessHook"}
{"timestamp":"2025-07-17T17:23:36.895505","level":"info","event":"2025-07-17 17:23:36 URL:https://release-assets.githubusercontent.com/github-production-release-asset/513814948/f73e090d-a75a-4ede-ac2a-9dd7a4867c07?sp=r&sv=2018-11-09&sr=b&spr=https&se=2025-07-17T18%3A17%3A58Z&rscd=attachment%3B+filename%3Dgreen_tripdata_2019-04.csv.gz&rsct=application%2Foctet-stream&skoid=96c2d410-5711-43a1-aedd-ab1947aa7ab0&sktid=398a6654-997b-47e9-b12b-9515b896b4de&skt=2025-07-17T17%3A17%3A26Z&ske=2025-07-17T18%3A17%3A58Z&sks=b&skv=2018-11-09&sig=Prx8z8RfvBHx4nOtRnz9JKfGQZEGA9wtuRx6psp5fes%3D&jwt=eyJ******&response-content-disposition=attachment%3B%20filename%3Dgreen_tripdata_2019-04.csv.gz&response-content-type=application%2Foctet-stream [9092312/9092312] -> \"/opt/airflow/green_tripdata_2019-04.csv.gz\" [1]","logger":"airflow.task.hooks.airflow.providers.standard.hooks.subprocess.SubprocessHook"}
{"timestamp":"2025-07-17T17:23:38.067003","level":"info","event":"Command exited with return code 0","logger":"airflow.task.hooks.airflow.providers.standard.hooks.subprocess.SubprocessHook"}
{"timestamp":"2025-07-17T17:23:38.084288","level":"info","event":"Pushing xcom","ti":"RuntimeTaskInstance(id=UUID('01981969-a9b2-79e7-ac03-e69901a4f831'), task_id='download_dataset_task', dag_id='upload_gcs_greentrips', run_id='scheduled__2019-04-02T06:00:00+00:00', try_number=1, map_index=-1, hostname='8c16a644909e', context_carrier={}, task=<Task(BashOperator): download_dataset_task>, bundle_instance=LocalDagBundle(name=dags-folder), max_tries=0, start_date=datetime.datetime(2025, 7, 17, 17, 23, 32, 59625, tzinfo=TzInfo(UTC)), end_date=None, state=<TaskInstanceState.RUNNING: 'running'>, is_mapped=False, rendered_map_index=None)","logger":"task"}
{"timestamp":"2025-07-17T17:43:53.263435","level":"info","event":"DAG bundles loaded: dags-folder","logger":"airflow.dag_processing.bundles.manager.DagBundlesManager"}
{"timestamp":"2025-07-17T17:43:53.264740","level":"info","event":"Filling up the DagBag from /opt/airflow/dags/data_ingestion_gcs_dag.py","logger":"airflow.models.dagbag.DagBag"}
{"timestamp":"2025-07-17T17:43:55.982674","level":"info","event":"Tmp dir root location: /tmp","logger":"airflow.task.hooks.airflow.providers.standard.hooks.subprocess.SubprocessHook"}
{"timestamp":"2025-07-17T17:43:55.985972","level":"info","event":"Running command: ['/usr/bin/bash', '-c', 'echo https://github.com/DataTalksClub/nyc-tlc-data/releases/download/green/green_tripdata_2019-04.csv.gz && wget --no-verbose https://github.com/DataTalksClub/nyc-tlc-data/releases/download/green/green_tripdata_2019-04.csv.gz -O /opt/airflow/green_tripdata_2019-04.csv.gz && gunzip -f /opt/airflow/green_tripdata_2019-04.csv.gz']","logger":"airflow.task.hooks.airflow.providers.standard.hooks.subprocess.SubprocessHook"}
{"timestamp":"2025-07-17T17:43:56.031705","level":"info","event":"Output:","logger":"airflow.task.hooks.airflow.providers.standard.hooks.subprocess.SubprocessHook"}
{"timestamp":"2025-07-17T17:43:56.040119","level":"info","event":"https://github.com/DataTalksClub/nyc-tlc-data/releases/download/green/green_tripdata_2019-04.csv.gz","logger":"airflow.task.hooks.airflow.providers.standard.hooks.subprocess.SubprocessHook"}
{"timestamp":"2025-07-17T17:43:56.842766","level":"info","event":"2025-07-17 17:43:56 URL:https://release-assets.githubusercontent.com/github-production-release-asset/513814948/f73e090d-a75a-4ede-ac2a-9dd7a4867c07?sp=r&sv=2018-11-09&sr=b&spr=https&se=2025-07-17T18%3A42%3A03Z&rscd=attachment%3B+filename%3Dgreen_tripdata_2019-04.csv.gz&rsct=application%2Foctet-stream&skoid=96c2d410-5711-43a1-aedd-ab1947aa7ab0&sktid=398a6654-997b-47e9-b12b-9515b896b4de&skt=2025-07-17T17%3A41%3A53Z&ske=2025-07-17T18%3A42%3A03Z&sks=b&skv=2018-11-09&sig=kCyiQkhRBWuiDgzdfRhzhOzEE3dMLTMtP5F3rxh9QFk%3D&jwt=eyJ******&response-content-disposition=attachment%3B%20filename%3Dgreen_tripdata_2019-04.csv.gz&response-content-type=application%2Foctet-stream [9092312/9092312] -> \"/opt/airflow/green_tripdata_2019-04.csv.gz\" [1]","logger":"airflow.task.hooks.airflow.providers.standard.hooks.subprocess.SubprocessHook"}
{"timestamp":"2025-07-17T17:43:57.341060","level":"info","event":"Command exited with return code 0","logger":"airflow.task.hooks.airflow.providers.standard.hooks.subprocess.SubprocessHook"}
{"timestamp":"2025-07-17T17:43:57.344334","level":"info","event":"Pushing xcom","ti":"RuntimeTaskInstance(id=UUID('0198197c-4af6-79b6-a7a5-f43662287eff'), task_id='download_dataset_task', dag_id='upload_gcs_greentrips', run_id='scheduled__2019-04-02T06:00:00+00:00', try_number=1, map_index=-1, hostname='8c16a644909e', context_carrier={}, task=<Task(BashOperator): download_dataset_task>, bundle_instance=LocalDagBundle(name=dags-folder), max_tries=0, start_date=datetime.datetime(2025, 7, 17, 17, 43, 52, 971791, tzinfo=TzInfo(UTC)), end_date=None, state=<TaskInstanceState.RUNNING: 'running'>, is_mapped=False, rendered_map_index=None)","logger":"task"}
{"timestamp":"2025-07-17T17:53:42.942626","level":"info","event":"DAG bundles loaded: dags-folder","logger":"airflow.dag_processing.bundles.manager.DagBundlesManager"}
{"timestamp":"2025-07-17T17:53:42.943674","level":"info","event":"Filling up the DagBag from /opt/airflow/dags/data_ingestion_gcs_dag.py","logger":"airflow.models.dagbag.DagBag"}
{"timestamp":"2025-07-17T17:53:44.684436","level":"info","event":"Tmp dir root location: /tmp","logger":"airflow.task.hooks.airflow.providers.standard.hooks.subprocess.SubprocessHook"}
{"timestamp":"2025-07-17T17:53:44.688003","level":"info","event":"Running command: ['/usr/bin/bash', '-c', 'echo https://github.com/DataTalksClub/nyc-tlc-data/releases/download/green/green_tripdata_2019-04.csv.gz && wget --no-verbose https://github.com/DataTalksClub/nyc-tlc-data/releases/download/green/green_tripdata_2019-04.csv.gz -O /opt/airflow/green_tripdata_2019-04.csv.gz && gunzip -f /opt/airflow/green_tripdata_2019-04.csv.gz']","logger":"airflow.task.hooks.airflow.providers.standard.hooks.subprocess.SubprocessHook"}
{"timestamp":"2025-07-17T17:53:44.730839","level":"info","event":"Output:","logger":"airflow.task.hooks.airflow.providers.standard.hooks.subprocess.SubprocessHook"}
{"timestamp":"2025-07-17T17:53:44.731864","level":"info","event":"https://github.com/DataTalksClub/nyc-tlc-data/releases/download/green/green_tripdata_2019-04.csv.gz","logger":"airflow.task.hooks.airflow.providers.standard.hooks.subprocess.SubprocessHook"}
{"timestamp":"2025-07-17T17:53:45.589157","level":"info","event":"2025-07-17 17:53:45 URL:https://release-assets.githubusercontent.com/github-production-release-asset/513814948/f73e090d-a75a-4ede-ac2a-9dd7a4867c07?sp=r&sv=2018-11-09&sr=b&spr=https&se=2025-07-17T18%3A41%3A55Z&rscd=attachment%3B+filename%3Dgreen_tripdata_2019-04.csv.gz&rsct=application%2Foctet-stream&skoid=96c2d410-5711-43a1-aedd-ab1947aa7ab0&sktid=398a6654-997b-47e9-b12b-9515b896b4de&skt=2025-07-17T17%3A41%3A16Z&ske=2025-07-17T18%3A41%3A55Z&sks=b&skv=2018-11-09&sig=8ZGjQVCtIErx2CBd6u4jbZKQHFAF9jM4UG3XPDAzRTI%3D&jwt=eyJ******&response-content-disposition=attachment%3B%20filename%3Dgreen_tripdata_2019-04.csv.gz&response-content-type=application%2Foctet-stream [9092312/9092312] -> \"/opt/airflow/green_tripdata_2019-04.csv.gz\" [1]","logger":"airflow.task.hooks.airflow.providers.standard.hooks.subprocess.SubprocessHook"}
{"timestamp":"2025-07-17T17:53:46.296864","level":"info","event":"Command exited with return code 0","logger":"airflow.task.hooks.airflow.providers.standard.hooks.subprocess.SubprocessHook"}
{"timestamp":"2025-07-17T17:53:46.311038","level":"info","event":"Pushing xcom","ti":"RuntimeTaskInstance(id=UUID('01981985-4969-70d7-af7b-17606b9d2617'), task_id='download_dataset_task', dag_id='upload_gcs_greentrips', run_id='scheduled__2019-04-02T06:00:00+00:00', try_number=1, map_index=-1, hostname='8c16a644909e', context_carrier={}, task=<Task(BashOperator): download_dataset_task>, bundle_instance=LocalDagBundle(name=dags-folder), max_tries=0, start_date=datetime.datetime(2025, 7, 17, 17, 53, 42, 443157, tzinfo=TzInfo(UTC)), end_date=None, state=<TaskInstanceState.RUNNING: 'running'>, is_mapped=False, rendered_map_index=None)","logger":"task"}
{"timestamp":"2025-07-17T18:02:11.456812","level":"info","event":"DAG bundles loaded: dags-folder","logger":"airflow.dag_processing.bundles.manager.DagBundlesManager"}
{"timestamp":"2025-07-17T18:02:11.458373","level":"info","event":"Filling up the DagBag from /opt/airflow/dags/data_ingestion_gcs_dag.py","logger":"airflow.models.dagbag.DagBag"}
{"timestamp":"2025-07-17T18:02:14.441619","level":"info","event":"Tmp dir root location: /tmp","logger":"airflow.task.hooks.airflow.providers.standard.hooks.subprocess.SubprocessHook"}
{"timestamp":"2025-07-17T18:02:14.453102","level":"info","event":"Running command: ['/usr/bin/bash', '-c', 'echo https://github.com/DataTalksClub/nyc-tlc-data/releases/download/green/green_tripdata_2019-04.csv.gz && wget --no-verbose https://github.com/DataTalksClub/nyc-tlc-data/releases/download/green/green_tripdata_2019-04.csv.gz -O /opt/airflow/green_tripdata_2019-04.csv.gz && gunzip -f /opt/airflow/green_tripdata_2019-04.csv.gz']","logger":"airflow.task.hooks.airflow.providers.standard.hooks.subprocess.SubprocessHook"}
{"timestamp":"2025-07-17T18:02:14.550887","level":"info","event":"Output:","logger":"airflow.task.hooks.airflow.providers.standard.hooks.subprocess.SubprocessHook"}
{"timestamp":"2025-07-17T18:02:14.551213","level":"info","event":"https://github.com/DataTalksClub/nyc-tlc-data/releases/download/green/green_tripdata_2019-04.csv.gz","logger":"airflow.task.hooks.airflow.providers.standard.hooks.subprocess.SubprocessHook"}
{"timestamp":"2025-07-17T18:02:15.887706","level":"info","event":"2025-07-17 18:02:15 URL:https://release-assets.githubusercontent.com/github-production-release-asset/513814948/f73e090d-a75a-4ede-ac2a-9dd7a4867c07?sp=r&sv=2018-11-09&sr=b&spr=https&se=2025-07-17T18%3A53%3A35Z&rscd=attachment%3B+filename%3Dgreen_tripdata_2019-04.csv.gz&rsct=application%2Foctet-stream&skoid=96c2d410-5711-43a1-aedd-ab1947aa7ab0&sktid=398a6654-997b-47e9-b12b-9515b896b4de&skt=2025-07-17T17%3A53%3A18Z&ske=2025-07-17T18%3A53%3A35Z&sks=b&skv=2018-11-09&sig=H1ehco8mHXvuFAdXFazjasZBNr2isroqjZH1N0dEX58%3D&jwt=eyJ******&response-content-disposition=attachment%3B%20filename%3Dgreen_tripdata_2019-04.csv.gz&response-content-type=application%2Foctet-stream [9092312/9092312] -> \"/opt/airflow/green_tripdata_2019-04.csv.gz\" [1]","logger":"airflow.task.hooks.airflow.providers.standard.hooks.subprocess.SubprocessHook"}
{"timestamp":"2025-07-17T18:02:16.625257","level":"info","event":"Command exited with return code 0","logger":"airflow.task.hooks.airflow.providers.standard.hooks.subprocess.SubprocessHook"}
{"timestamp":"2025-07-17T18:02:16.633148","level":"info","event":"Pushing xcom","ti":"RuntimeTaskInstance(id=UUID('0198198d-0c28-7ada-abf0-809444f759e4'), task_id='download_dataset_task', dag_id='upload_gcs_greentrips', run_id='scheduled__2019-04-02T06:00:00+00:00', try_number=1, map_index=-1, hostname='8c16a644909e', context_carrier={}, task=<Task(BashOperator): download_dataset_task>, bundle_instance=LocalDagBundle(name=dags-folder), max_tries=0, start_date=datetime.datetime(2025, 7, 17, 18, 2, 10, 968901, tzinfo=TzInfo(UTC)), end_date=None, state=<TaskInstanceState.RUNNING: 'running'>, is_mapped=False, rendered_map_index=None)","logger":"task"}
{"timestamp":"2025-07-17T18:06:06.655440","level":"info","event":"DAG bundles loaded: dags-folder","logger":"airflow.dag_processing.bundles.manager.DagBundlesManager"}
{"timestamp":"2025-07-17T18:06:06.656165","level":"info","event":"Filling up the DagBag from /opt/airflow/dags/data_ingestion_gcs_dag.py","logger":"airflow.models.dagbag.DagBag"}
{"timestamp":"2025-07-17T18:06:08.180982","level":"info","event":"Tmp dir root location: /tmp","logger":"airflow.task.hooks.airflow.providers.standard.hooks.subprocess.SubprocessHook"}
{"timestamp":"2025-07-17T18:06:08.190458","level":"info","event":"Running command: ['/usr/bin/bash', '-c', 'echo https://github.com/DataTalksClub/nyc-tlc-data/releases/download/green/green_tripdata_2019-04.csv.gz && wget --no-verbose https://github.com/DataTalksClub/nyc-tlc-data/releases/download/green/green_tripdata_2019-04.csv.gz -O /opt/airflow/green_tripdata_2019-04.csv.gz && gunzip -f /opt/airflow/green_tripdata_2019-04.csv.gz']","logger":"airflow.task.hooks.airflow.providers.standard.hooks.subprocess.SubprocessHook"}
{"timestamp":"2025-07-17T18:06:08.222008","level":"info","event":"Output:","logger":"airflow.task.hooks.airflow.providers.standard.hooks.subprocess.SubprocessHook"}
{"timestamp":"2025-07-17T18:06:08.225460","level":"info","event":"https://github.com/DataTalksClub/nyc-tlc-data/releases/download/green/green_tripdata_2019-04.csv.gz","logger":"airflow.task.hooks.airflow.providers.standard.hooks.subprocess.SubprocessHook"}
{"timestamp":"2025-07-17T18:06:08.996800","level":"info","event":"2025-07-17 18:06:08 URL:https://release-assets.githubusercontent.com/github-production-release-asset/513814948/f73e090d-a75a-4ede-ac2a-9dd7a4867c07?sp=r&sv=2018-11-09&sr=b&spr=https&se=2025-07-17T18%3A56%3A11Z&rscd=attachment%3B+filename%3Dgreen_tripdata_2019-04.csv.gz&rsct=application%2Foctet-stream&skoid=96c2d410-5711-43a1-aedd-ab1947aa7ab0&sktid=398a6654-997b-47e9-b12b-9515b896b4de&skt=2025-07-17T17%3A55%3A30Z&ske=2025-07-17T18%3A56%3A11Z&sks=b&skv=2018-11-09&sig=CVX%2BQ0H7Z%2F%2FYcyrDJhrWcKv1BkqUnonFBbjndAypyIM%3D&jwt=eyJ******&response-content-disposition=attachment%3B%20filename%3Dgreen_tripdata_2019-04.csv.gz&response-content-type=application%2Foctet-stream [9092312/9092312] -> \"/opt/airflow/green_tripdata_2019-04.csv.gz\" [1]","logger":"airflow.task.hooks.airflow.providers.standard.hooks.subprocess.SubprocessHook"}
{"timestamp":"2025-07-17T18:06:09.332361","level":"info","event":"Command exited with return code 0","logger":"airflow.task.hooks.airflow.providers.standard.hooks.subprocess.SubprocessHook"}
{"timestamp":"2025-07-17T18:06:09.340339","level":"info","event":"Pushing xcom","ti":"RuntimeTaskInstance(id=UUID('01981990-a37e-7676-beae-95a85c9c657c'), task_id='download_dataset_task', dag_id='upload_gcs_greentrips', run_id='scheduled__2019-04-02T06:00:00+00:00', try_number=1, map_index=-1, hostname='8c16a644909e', context_carrier={}, task=<Task(BashOperator): download_dataset_task>, bundle_instance=LocalDagBundle(name=dags-folder), max_tries=0, start_date=datetime.datetime(2025, 7, 17, 18, 6, 6, 367065, tzinfo=TzInfo(UTC)), end_date=None, state=<TaskInstanceState.RUNNING: 'running'>, is_mapped=False, rendered_map_index=None)","logger":"task"}
{"timestamp":"2025-07-17T18:08:02.405269","level":"info","event":"DAG bundles loaded: dags-folder","logger":"airflow.dag_processing.bundles.manager.DagBundlesManager"}
{"timestamp":"2025-07-17T18:08:02.409982","level":"info","event":"Filling up the DagBag from /opt/airflow/dags/data_ingestion_gcs_dag.py","logger":"airflow.models.dagbag.DagBag"}
{"timestamp":"2025-07-17T18:08:04.453895","level":"info","event":"Tmp dir root location: /tmp","logger":"airflow.task.hooks.airflow.providers.standard.hooks.subprocess.SubprocessHook"}
{"timestamp":"2025-07-17T18:08:04.461174","level":"info","event":"Running command: ['/usr/bin/bash', '-c', 'echo https://github.com/DataTalksClub/nyc-tlc-data/releases/download/green/green_tripdata_2019-04.csv.gz && wget --no-verbose https://github.com/DataTalksClub/nyc-tlc-data/releases/download/green/green_tripdata_2019-04.csv.gz -O /opt/airflow/green_tripdata_2019-04.csv.gz && gunzip -f /opt/airflow/green_tripdata_2019-04.csv.gz']","logger":"airflow.task.hooks.airflow.providers.standard.hooks.subprocess.SubprocessHook"}
{"timestamp":"2025-07-17T18:08:04.517549","level":"info","event":"Output:","logger":"airflow.task.hooks.airflow.providers.standard.hooks.subprocess.SubprocessHook"}
{"timestamp":"2025-07-17T18:08:04.523431","level":"info","event":"https://github.com/DataTalksClub/nyc-tlc-data/releases/download/green/green_tripdata_2019-04.csv.gz","logger":"airflow.task.hooks.airflow.providers.standard.hooks.subprocess.SubprocessHook"}
{"timestamp":"2025-07-17T18:08:07.011342","level":"info","event":"2025-07-17 18:08:06 URL:https://release-assets.githubusercontent.com/github-production-release-asset/513814948/f73e090d-a75a-4ede-ac2a-9dd7a4867c07?sp=r&sv=2018-11-09&sr=b&spr=https&se=2025-07-17T18%3A56%3A11Z&rscd=attachment%3B+filename%3Dgreen_tripdata_2019-04.csv.gz&rsct=application%2Foctet-stream&skoid=96c2d410-5711-43a1-aedd-ab1947aa7ab0&sktid=398a6654-997b-47e9-b12b-9515b896b4de&skt=2025-07-17T17%3A55%3A30Z&ske=2025-07-17T18%3A56%3A11Z&sks=b&skv=2018-11-09&sig=CVX%2BQ0H7Z%2F%2FYcyrDJhrWcKv1BkqUnonFBbjndAypyIM%3D&jwt=eyJ******&response-content-disposition=attachment%3B%20filename%3Dgreen_tripdata_2019-04.csv.gz&response-content-type=application%2Foctet-stream [9092312/9092312] -> \"/opt/airflow/green_tripdata_2019-04.csv.gz\" [1]","logger":"airflow.task.hooks.airflow.providers.standard.hooks.subprocess.SubprocessHook"}
{"timestamp":"2025-07-17T18:08:07.720695","level":"info","event":"Command exited with return code 0","logger":"airflow.task.hooks.airflow.providers.standard.hooks.subprocess.SubprocessHook"}
{"timestamp":"2025-07-17T18:08:07.735506","level":"info","event":"Pushing xcom","ti":"RuntimeTaskInstance(id=UUID('01981992-64af-7751-b489-763f1b659c0e'), task_id='download_dataset_task', dag_id='upload_gcs_greentrips', run_id='scheduled__2019-04-02T06:00:00+00:00', try_number=1, map_index=-1, hostname='8c16a644909e', context_carrier={}, task=<Task(BashOperator): download_dataset_task>, bundle_instance=LocalDagBundle(name=dags-folder), max_tries=0, start_date=datetime.datetime(2025, 7, 17, 18, 8, 1, 380865, tzinfo=TzInfo(UTC)), end_date=None, state=<TaskInstanceState.RUNNING: 'running'>, is_mapped=False, rendered_map_index=None)","logger":"task"}
