{"timestamp":"2025-07-13T16:02:37.605490","level":"info","event":"DAG bundles loaded: dags-folder","logger":"airflow.dag_processing.bundles.manager.DagBundlesManager"}
{"timestamp":"2025-07-13T16:02:37.606862","level":"info","event":"Filling up the DagBag from /opt/airflow/dags/data_ingestion_localpg_dag.py","logger":"airflow.models.dagbag.DagBag"}
{"timestamp":"2025-07-13T16:02:38.698674","level":"error","event":"Task failed with exception","logger":"task","error_detail":[{"exc_type":"ValueError","exc_value":"invalid literal for int() with base 10: 'None'","exc_notes":[],"syntax_error":null,"is_cause":false,"frames":[{"filename":"/home/airflow/.local/lib/python3.12/site-packages/airflow/sdk/execution_time/task_runner.py","lineno":867,"name":"run"},{"filename":"/home/airflow/.local/lib/python3.12/site-packages/airflow/sdk/execution_time/task_runner.py","lineno":1159,"name":"_execute_task"},{"filename":"/home/airflow/.local/lib/python3.12/site-packages/airflow/sdk/bases/operator.py","lineno":397,"name":"wrapper"},{"filename":"/home/airflow/.local/lib/python3.12/site-packages/airflow/providers/standard/operators/python.py","lineno":216,"name":"execute"},{"filename":"/home/airflow/.local/lib/python3.12/site-packages/airflow/providers/standard/operators/python.py","lineno":239,"name":"execute_callable"},{"filename":"/home/airflow/.local/lib/python3.12/site-packages/airflow/sdk/execution_time/callback_runner.py","lineno":81,"name":"run"},{"filename":"/opt/airflow/dags/ingest_data.py","lineno":8,"name":"ingest_callable"},{"filename":"<string>","lineno":2,"name":"create_engine"},{"filename":"/home/airflow/.local/lib/python3.12/site-packages/sqlalchemy/util/deprecations.py","lineno":375,"name":"warned"},{"filename":"/home/airflow/.local/lib/python3.12/site-packages/sqlalchemy/engine/create.py","lineno":514,"name":"create_engine"},{"filename":"/home/airflow/.local/lib/python3.12/site-packages/sqlalchemy/engine/url.py","lineno":738,"name":"make_url"},{"filename":"/home/airflow/.local/lib/python3.12/site-packages/sqlalchemy/engine/url.py","lineno":794,"name":"_parse_url"}],"is_group":false,"exceptions":[]}]}
{"timestamp":"2025-07-13T16:17:40.508264","level":"info","event":"DAG bundles loaded: dags-folder","logger":"airflow.dag_processing.bundles.manager.DagBundlesManager"}
{"timestamp":"2025-07-13T16:17:40.518168","level":"info","event":"Filling up the DagBag from /opt/airflow/dags/data_ingestion_localpg_dag.py","logger":"airflow.models.dagbag.DagBag"}
{"timestamp":"2025-07-13T16:18:17.001811Z","level":"info","event":"inserted 100000 chunks, took 33.607","chan":"stdout","logger":"task"}
{"timestamp":"2025-07-13T16:18:58.071083Z","level":"info","event":"inserted 100000 chunks, took 41.073","chan":"stdout","logger":"task"}
{"timestamp":"2025-07-13T16:19:27.325327Z","level":"info","event":"inserted 100000 chunks, took 29.238","chan":"stdout","logger":"task"}
{"timestamp":"2025-07-13T16:19:46.495821Z","level":"info","event":"inserted 100000 chunks, took 19.177","chan":"stdout","logger":"task"}
{"timestamp":"2025-07-13T16:20:10.004023Z","level":"info","event":"inserted 100000 chunks, took 23.501","chan":"stdout","logger":"task"}
{"timestamp":"2025-07-13T16:20:25.787622Z","level":"info","event":"inserted 100000 chunks, took 15.798","chan":"stdout","logger":"task"}
{"timestamp":"2025-07-13T16:21:00.208579Z","level":"info","event":"inserted 100000 chunks, took 34.419","chan":"stdout","logger":"task"}
{"timestamp":"2025-07-13T16:21:35.127659Z","level":"info","event":"inserted 100000 chunks, took 34.912","chan":"stdout","logger":"task"}
{"timestamp":"2025-07-13T16:22:22.793507Z","level":"info","event":"inserted 100000 chunks, took 47.661","chan":"stdout","logger":"task"}
{"timestamp":"2025-07-13T16:22:59.354933Z","level":"info","event":"inserted 100000 chunks, took 36.574","chan":"stdout","logger":"task"}
{"timestamp":"2025-07-13T16:23:33.812780Z","level":"info","event":"inserted 100000 chunks, took 34.455","chan":"stdout","logger":"task"}
{"timestamp":"2025-07-13T16:24:11.460481Z","level":"info","event":"inserted 100000 chunks, took 37.645","chan":"stdout","logger":"task"}
{"timestamp":"2025-07-13T16:24:50.496024Z","level":"info","event":"inserted 100000 chunks, took 39.034","chan":"stdout","logger":"task"}
{"timestamp":"2025-07-13T16:25:19.830544Z","level":"info","event":"inserted 100000 chunks, took 29.331","chan":"stdout","logger":"task"}
{"timestamp":"2025-07-13T16:25:41.167662Z","level":"info","event":"inserted 100000 chunks, took 21.339","chan":"stdout","logger":"task"}
{"timestamp":"2025-07-13T16:25:58.194334Z","level":"info","event":"inserted 100000 chunks, took 17.025","chan":"stdout","logger":"task"}
{"timestamp":"2025-07-13T16:26:19.709085Z","level":"info","event":"inserted 100000 chunks, took 21.516","chan":"stdout","logger":"task"}
{"timestamp":"2025-07-13T16:26:19.966308","level":"warning","event":"/opt/airflow/dags/ingest_data.py:28: DtypeWarning: Columns (6) have mixed types. Specify dtype option on import or set low_memory=False.\n  df = next(df_iter)\n","logger":"py.warnings"}
{"timestamp":"2025-07-13T16:26:44.077963Z","level":"info","event":"inserted 100000 chunks, took 24.355","chan":"stdout","logger":"task"}
{"timestamp":"2025-07-13T16:27:02.572686Z","level":"info","event":"inserted 100000 chunks, took 18.488","chan":"stdout","logger":"task"}
{"timestamp":"2025-07-13T16:27:06.925589Z","level":"info","event":"inserted 100000 chunks, took 4.344","chan":"stdout","logger":"task"}
{"timestamp":"2025-07-13T16:27:06.958576","level":"info","event":"Done. Returned value was: None","logger":"airflow.task.operators.airflow.providers.standard.operators.python.PythonOperator"}
