{"timestamp":"2025-07-13T17:12:16.138316","level":"info","event":"DAG bundles loaded: dags-folder","logger":"airflow.dag_processing.bundles.manager.DagBundlesManager"}
{"timestamp":"2025-07-13T17:12:16.144541","level":"info","event":"Filling up the DagBag from /opt/airflow/dags/data_ingestion_gcs_dag.py","logger":"airflow.models.dagbag.DagBag"}
{"timestamp":"2025-07-13T17:12:29.961204","level":"info","event":"Tmp dir root location: /tmp","logger":"airflow.task.hooks.airflow.providers.standard.hooks.subprocess.SubprocessHook"}
{"timestamp":"2025-07-13T17:12:29.970331","level":"info","event":"Running command: ['/usr/bin/bash', '-c', 'echo https://github.com/DataTalksClub/nyc-tlc-data/releases/download/yellow/yellow_tripdata_2019-08.csv.gz && wget --no-verbose https://github.com/DataTalksClub/nyc-tlc-data/releases/download/yellow/yellow_tripdata_2019-08.csv.gz -O /opt/airflow/yellow_tripdata_2019-08.csv.gz && gunzip -f /opt/airflow/yellow_tripdata_2019-08.csv.gz']","logger":"airflow.task.hooks.airflow.providers.standard.hooks.subprocess.SubprocessHook"}
{"timestamp":"2025-07-13T17:12:30.051439","level":"info","event":"Output:","logger":"airflow.task.hooks.airflow.providers.standard.hooks.subprocess.SubprocessHook"}
{"timestamp":"2025-07-13T17:12:30.064908","level":"info","event":"https://github.com/DataTalksClub/nyc-tlc-data/releases/download/yellow/yellow_tripdata_2019-08.csv.gz","logger":"airflow.task.hooks.airflow.providers.standard.hooks.subprocess.SubprocessHook"}
{"timestamp":"2025-07-13T17:12:41.615810","level":"info","event":"2025-07-13 17:12:41 URL:https://objects.githubusercontent.com/github-production-release-asset-2e65be/513814948/cabf77d2-e711-4bf4-a64e-aea7824bdc4e?X-Amz-Algorithm=AWS4-HMAC-SHA256&X-Amz-Credential=releaseassetproduction%2F20250713%2Fus-east-1%2Fs3%2Faws4_request&X-Amz-Date=20250713T171230Z&X-Amz-Expires=1800&X-Amz-Signature=6462d202d72a855979aee223d362c1848d7983766831e78976d0701f4d9deda9&X-Amz-SignedHeaders=host&response-content-disposition=attachment%3B%20filename%3Dyellow_tripdata_2019-08.csv.gz&response-content-type=application%2Foctet-stream [111465721/111465721] -> \"/opt/airflow/yellow_tripdata_2019-08.csv.gz\" [1]","logger":"airflow.task.hooks.airflow.providers.standard.hooks.subprocess.SubprocessHook"}
{"timestamp":"2025-07-13T17:12:56.586848","level":"info","event":"Command exited with return code 0","logger":"airflow.task.hooks.airflow.providers.standard.hooks.subprocess.SubprocessHook"}
{"timestamp":"2025-07-13T17:12:56.664415","level":"info","event":"Pushing xcom","ti":"RuntimeTaskInstance(id=UUID('019804c5-ded7-7bdd-9082-644d2e6ea353'), task_id='download_dataset_task', dag_id='upload_gcs_yellowtrips', run_id='scheduled__2019-08-02T06:00:00+00:00', try_number=1, map_index=-1, hostname='890ba30a36b0', context_carrier={}, task=<Task(BashOperator): download_dataset_task>, bundle_instance=LocalDagBundle(name=dags-folder), max_tries=0, start_date=datetime.datetime(2025, 7, 13, 17, 12, 14, 650837, tzinfo=TzInfo(UTC)), end_date=None, state=<TaskInstanceState.RUNNING: 'running'>, is_mapped=False, rendered_map_index=None)","logger":"task"}
{"timestamp":"2025-07-13T17:56:46.368066","level":"info","event":"DAG bundles loaded: dags-folder","logger":"airflow.dag_processing.bundles.manager.DagBundlesManager"}
{"timestamp":"2025-07-13T17:56:46.412954","level":"info","event":"Filling up the DagBag from /opt/airflow/dags/data_ingestion_gcs_dag.py","logger":"airflow.models.dagbag.DagBag"}
{"timestamp":"2025-07-13T17:57:18.647589","level":"error","event":"Process timed out, PID: 4240","logger":"airflow.utils.timeout.TimeoutPosix"}
{"timestamp":"2025-07-13T17:57:19.553699Z","level":"error","event":"Exception ignored in: <function WeakKeyDictionary.__init__.<locals>.remove at 0xffff915947c0>","chan":"stderr","logger":"task"}
{"timestamp":"2025-07-13T17:57:19.555967Z","level":"error","event":"Traceback (most recent call last):","chan":"stderr","logger":"task"}
{"timestamp":"2025-07-13T17:57:19.556904Z","level":"error","event":"  File \"/usr/local/lib/python3.12/weakref.py\", line 369, in remove","chan":"stderr","logger":"task"}
{"timestamp":"2025-07-13T17:57:19.559448Z","level":"error","event":"    def remove(k, selfref=ref(self)):","chan":"stderr","logger":"task"}
{"timestamp":"2025-07-13T17:57:19.559789Z","level":"error","event":"","chan":"stderr","logger":"task"}
{"timestamp":"2025-07-13T17:57:19.560987Z","level":"error","event":"  File \"/home/airflow/.local/lib/python3.12/site-packages/airflow/utils/timeout.py\", line 69, in handle_timeout","chan":"stderr","logger":"task"}
{"timestamp":"2025-07-13T17:57:19.567718Z","level":"error","event":"    raise AirflowTaskTimeout(self.error_message)","chan":"stderr","logger":"task"}
{"timestamp":"2025-07-13T17:57:19.569014Z","level":"error","event":"airflow.exceptions.AirflowTaskTimeout: DagBag import timeout for /opt/airflow/dags/data_ingestion_gcs_dag.py after 30.0s.","chan":"stderr","logger":"task"}
{"timestamp":"2025-07-13T17:57:19.571357Z","level":"error","event":"Please take a look at these docs to improve your DAG import time:","chan":"stderr","logger":"task"}
{"timestamp":"2025-07-13T17:57:19.573616Z","level":"error","event":"* https://airflow.apache.org/docs/apache-airflow/3.0.2/best-practices.html#top-level-python-code","chan":"stderr","logger":"task"}
{"timestamp":"2025-07-13T17:57:19.576808Z","level":"error","event":"* https://airflow.apache.org/docs/apache-airflow/3.0.2/best-practices.html#reducing-dag-complexity, PID: 4240","chan":"stderr","logger":"task"}
{"timestamp":"2025-07-13T17:57:24.141589","level":"info","event":"Tmp dir root location: /tmp","logger":"airflow.task.hooks.airflow.providers.standard.hooks.subprocess.SubprocessHook"}
{"timestamp":"2025-07-13T17:57:24.206903","level":"info","event":"Running command: ['/usr/bin/bash', '-c', 'echo https://github.com/DataTalksClub/nyc-tlc-data/releases/download/yellow/yellow_tripdata_2019-08.csv.gz && wget --no-verbose https://github.com/DataTalksClub/nyc-tlc-data/releases/download/yellow/yellow_tripdata_2019-08.csv.gz -O /opt/airflow/yellow_tripdata_2019-08.csv.gz && gunzip -f /opt/airflow/yellow_tripdata_2019-08.csv.gz']","logger":"airflow.task.hooks.airflow.providers.standard.hooks.subprocess.SubprocessHook"}
{"timestamp":"2025-07-13T17:57:24.413054","level":"info","event":"Output:","logger":"airflow.task.hooks.airflow.providers.standard.hooks.subprocess.SubprocessHook"}
{"timestamp":"2025-07-13T17:57:24.475750","level":"info","event":"https://github.com/DataTalksClub/nyc-tlc-data/releases/download/yellow/yellow_tripdata_2019-08.csv.gz","logger":"airflow.task.hooks.airflow.providers.standard.hooks.subprocess.SubprocessHook"}
{"timestamp":"2025-07-13T17:57:40.514130","level":"info","event":"2025-07-13 17:57:40 URL:https://release-assets.githubusercontent.com/github-production-release-asset/513814948/cabf77d2-e711-4bf4-a64e-aea7824bdc4e?sp=r&sv=2018-11-09&sr=b&spr=https&se=2025-07-13T18%3A40%3A59Z&rscd=attachment%3B+filename%3Dyellow_tripdata_2019-08.csv.gz&rsct=application%2Foctet-stream&skoid=96c2d410-5711-43a1-aedd-ab1947aa7ab0&sktid=398a6654-997b-47e9-b12b-9515b896b4de&skt=2025-07-13T17%3A40%3A24Z&ske=2025-07-13T18%3A40%3A59Z&sks=b&skv=2018-11-09&sig=donjShvTU9hkmPrt1X6kKreuLtJYPnL2047F3P6flrE%3D&jwt=eyJ******&response-content-disposition=attachment%3B%20filename%3Dyellow_tripdata_2019-08.csv.gz&response-content-type=application%2Foctet-stream [111465721/111465721] -> \"/opt/airflow/yellow_tripdata_2019-08.csv.gz\" [1]","logger":"airflow.task.hooks.airflow.providers.standard.hooks.subprocess.SubprocessHook"}
{"timestamp":"2025-07-13T17:58:07.884480","level":"info","event":"Command exited with return code 0","logger":"airflow.task.hooks.airflow.providers.standard.hooks.subprocess.SubprocessHook"}
{"timestamp":"2025-07-13T17:58:08.000321","level":"info","event":"Pushing xcom","ti":"RuntimeTaskInstance(id=UUID('019804ee-8af3-717c-a674-9b246775556f'), task_id='download_dataset_task', dag_id='upload_gcs_yellowtrips', run_id='scheduled__2019-08-02T06:00:00+00:00', try_number=1, map_index=-1, hostname='890ba30a36b0', context_carrier={}, task=<Task(BashOperator): download_dataset_task>, bundle_instance=LocalDagBundle(name=dags-folder), max_tries=0, start_date=datetime.datetime(2025, 7, 13, 17, 56, 41, 542041, tzinfo=TzInfo(UTC)), end_date=None, state=<TaskInstanceState.RUNNING: 'running'>, is_mapped=False, rendered_map_index=None)","logger":"task"}
{"timestamp":"2025-07-13T18:11:13.889329","level":"info","event":"DAG bundles loaded: dags-folder","logger":"airflow.dag_processing.bundles.manager.DagBundlesManager"}
{"timestamp":"2025-07-13T18:11:13.890956","level":"info","event":"Filling up the DagBag from /opt/airflow/dags/data_ingestion_gcs_dag.py","logger":"airflow.models.dagbag.DagBag"}
{"timestamp":"2025-07-13T18:11:16.068378","level":"info","event":"Tmp dir root location: /tmp","logger":"airflow.task.hooks.airflow.providers.standard.hooks.subprocess.SubprocessHook"}
{"timestamp":"2025-07-13T18:11:16.069222","level":"info","event":"Running command: ['/usr/bin/bash', '-c', 'echo https://github.com/DataTalksClub/nyc-tlc-data/releases/download/yellow/yellow_tripdata_2019-08.csv.gz && wget --no-verbose https://github.com/DataTalksClub/nyc-tlc-data/releases/download/yellow/yellow_tripdata_2019-08.csv.gz -O /opt/airflow/yellow_tripdata_2019-08.csv.gz && gunzip -f /opt/airflow/yellow_tripdata_2019-08.csv.gz']","logger":"airflow.task.hooks.airflow.providers.standard.hooks.subprocess.SubprocessHook"}
{"timestamp":"2025-07-13T18:11:16.088682","level":"info","event":"Output:","logger":"airflow.task.hooks.airflow.providers.standard.hooks.subprocess.SubprocessHook"}
{"timestamp":"2025-07-13T18:11:16.089207","level":"info","event":"https://github.com/DataTalksClub/nyc-tlc-data/releases/download/yellow/yellow_tripdata_2019-08.csv.gz","logger":"airflow.task.hooks.airflow.providers.standard.hooks.subprocess.SubprocessHook"}
{"timestamp":"2025-07-13T18:11:20.663753","level":"info","event":"2025-07-13 18:11:20 URL:https://objects.githubusercontent.com/github-production-release-asset-2e65be/513814948/cabf77d2-e711-4bf4-a64e-aea7824bdc4e?X-Amz-Algorithm=AWS4-HMAC-SHA256&X-Amz-Credential=releaseassetproduction%2F20250713%2Fus-east-1%2Fs3%2Faws4_request&X-Amz-Date=20250713T181116Z&X-Amz-Expires=1800&X-Amz-Signature=bbbb033c75e5ba6047af20a021c3f408ad8d50627e85592547467a12f0185f92&X-Amz-SignedHeaders=host&response-content-disposition=attachment%3B%20filename%3Dyellow_tripdata_2019-08.csv.gz&response-content-type=application%2Foctet-stream [111465721/111465721] -> \"/opt/airflow/yellow_tripdata_2019-08.csv.gz\" [1]","logger":"airflow.task.hooks.airflow.providers.standard.hooks.subprocess.SubprocessHook"}
{"timestamp":"2025-07-13T18:11:27.197663","level":"info","event":"Command exited with return code 0","logger":"airflow.task.hooks.airflow.providers.standard.hooks.subprocess.SubprocessHook"}
{"timestamp":"2025-07-13T18:11:27.205045","level":"info","event":"Pushing xcom","ti":"RuntimeTaskInstance(id=UUID('019804fb-e18e-7b28-9be3-566f3d7e0ba7'), task_id='download_dataset_task', dag_id='upload_gcs_yellowtrips', run_id='scheduled__2019-08-02T06:00:00+00:00', try_number=1, map_index=-1, hostname='fb7e26a7e74c', context_carrier={}, task=<Task(BashOperator): download_dataset_task>, bundle_instance=LocalDagBundle(name=dags-folder), max_tries=0, start_date=datetime.datetime(2025, 7, 13, 18, 11, 13, 543047, tzinfo=TzInfo(UTC)), end_date=None, state=<TaskInstanceState.RUNNING: 'running'>, is_mapped=False, rendered_map_index=None)","logger":"task"}
