{"timestamp":"2025-07-13T15:49:12.058847","level":"info","event":"DAG bundles loaded: dags-folder","logger":"airflow.dag_processing.bundles.manager.DagBundlesManager"}
{"timestamp":"2025-07-13T15:49:12.064851","level":"info","event":"Filling up the DagBag from /opt/airflow/dags/data_ingestion_localpg_dag.py","logger":"airflow.models.dagbag.DagBag"}
{"timestamp":"2025-07-13T15:49:12.128323","level":"info","event":"Tmp dir root location: /tmp","logger":"airflow.task.hooks.airflow.providers.standard.hooks.subprocess.SubprocessHook"}
{"timestamp":"2025-07-13T15:49:12.129414","level":"info","event":"Running command: ['/usr/bin/bash', '-c', \"wget https://github.com/DataTalksClub/nyc-tlc-data/releases/download/yellow/yellow_tripdata_2023-03.csv.gz -O /opt/airflow/yellow_tripdata_2023-03.csv.gz && gunzip yellow_tripdata_2023-03.csv.gz || echo 'invalid folder download link'\"]","logger":"airflow.task.hooks.airflow.providers.standard.hooks.subprocess.SubprocessHook"}
{"timestamp":"2025-07-13T15:49:12.153036","level":"info","event":"Output:","logger":"airflow.task.hooks.airflow.providers.standard.hooks.subprocess.SubprocessHook"}
{"timestamp":"2025-07-13T15:49:12.175838","level":"info","event":"--2025-07-13 15:49:12--  https://github.com/DataTalksClub/nyc-tlc-data/releases/download/yellow/yellow_tripdata_2023-03.csv.gz","logger":"airflow.task.hooks.airflow.providers.standard.hooks.subprocess.SubprocessHook"}
{"timestamp":"2025-07-13T15:49:12.209976","level":"info","event":"Resolving github.com (github.com)... 20.205.243.166","logger":"airflow.task.hooks.airflow.providers.standard.hooks.subprocess.SubprocessHook"}
{"timestamp":"2025-07-13T15:49:12.219231","level":"info","event":"Connecting to github.com (github.com)|20.205.243.166|:443... connected.","logger":"airflow.task.hooks.airflow.providers.standard.hooks.subprocess.SubprocessHook"}
{"timestamp":"2025-07-13T15:49:12.538116","level":"info","event":"HTTP request sent, awaiting response... 404 Not Found","logger":"airflow.task.hooks.airflow.providers.standard.hooks.subprocess.SubprocessHook"}
{"timestamp":"2025-07-13T15:49:12.538693","level":"info","event":"2025-07-13 15:49:12 ERROR 404: Not Found.","logger":"airflow.task.hooks.airflow.providers.standard.hooks.subprocess.SubprocessHook"}
{"timestamp":"2025-07-13T15:49:12.538922","level":"info","event":"","logger":"airflow.task.hooks.airflow.providers.standard.hooks.subprocess.SubprocessHook"}
{"timestamp":"2025-07-13T15:49:12.539171","level":"info","event":"invalid folder download link","logger":"airflow.task.hooks.airflow.providers.standard.hooks.subprocess.SubprocessHook"}
{"timestamp":"2025-07-13T15:49:12.539622","level":"info","event":"Command exited with return code 0","logger":"airflow.task.hooks.airflow.providers.standard.hooks.subprocess.SubprocessHook"}
{"timestamp":"2025-07-13T15:49:12.544005","level":"info","event":"Pushing xcom","ti":"RuntimeTaskInstance(id=UUID('01980479-d9ad-7d53-b974-a2b9eaf91f50'), task_id='wget_trips_csvgz', dag_id='local_ingestion_pg', run_id='scheduled__2023-03-02T06:00:00+00:00', try_number=1, map_index=-1, hostname='bcfb6bdbe20d', context_carrier={}, task=<Task(BashOperator): wget_trips_csvgz>, bundle_instance=LocalDagBundle(name=dags-folder), max_tries=0, start_date=datetime.datetime(2025, 7, 13, 15, 49, 11, 547001, tzinfo=TzInfo(UTC)), end_date=None, state=<TaskInstanceState.RUNNING: 'running'>, is_mapped=False, rendered_map_index=None)","logger":"task"}
{"timestamp":"2025-07-13T16:06:33.298981","level":"info","event":"DAG bundles loaded: dags-folder","logger":"airflow.dag_processing.bundles.manager.DagBundlesManager"}
{"timestamp":"2025-07-13T16:06:33.299532","level":"info","event":"Filling up the DagBag from /opt/airflow/dags/data_ingestion_localpg_dag.py","logger":"airflow.models.dagbag.DagBag"}
{"timestamp":"2025-07-13T16:06:33.839449","level":"info","event":"Tmp dir root location: /tmp","logger":"airflow.task.hooks.airflow.providers.standard.hooks.subprocess.SubprocessHook"}
{"timestamp":"2025-07-13T16:06:33.845993","level":"info","event":"Running command: ['/usr/bin/bash', '-c', \"wget https://github.com/DataTalksClub/nyc-tlc-data/releases/download/yellow/yellow_tripdata_2023-03.csv.gz -O /opt/airflow/yellow_tripdata_2023-03.csv.gz && gunzip -f /opt/airflow/yellow_tripdata_2023-03.csv.gz || echo 'invalid folder download link'\"]","logger":"airflow.task.hooks.airflow.providers.standard.hooks.subprocess.SubprocessHook"}
{"timestamp":"2025-07-13T16:06:33.872615","level":"info","event":"Output:","logger":"airflow.task.hooks.airflow.providers.standard.hooks.subprocess.SubprocessHook"}
{"timestamp":"2025-07-13T16:06:33.924766","level":"info","event":"--2025-07-13 16:06:33--  https://github.com/DataTalksClub/nyc-tlc-data/releases/download/yellow/yellow_tripdata_2023-03.csv.gz","logger":"airflow.task.hooks.airflow.providers.standard.hooks.subprocess.SubprocessHook"}
{"timestamp":"2025-07-13T16:06:33.967263","level":"info","event":"Resolving github.com (github.com)... 20.205.243.166","logger":"airflow.task.hooks.airflow.providers.standard.hooks.subprocess.SubprocessHook"}
{"timestamp":"2025-07-13T16:06:33.983040","level":"info","event":"Connecting to github.com (github.com)|20.205.243.166|:443... connected.","logger":"airflow.task.hooks.airflow.providers.standard.hooks.subprocess.SubprocessHook"}
{"timestamp":"2025-07-13T16:06:34.312375","level":"info","event":"HTTP request sent, awaiting response... 404 Not Found","logger":"airflow.task.hooks.airflow.providers.standard.hooks.subprocess.SubprocessHook"}
{"timestamp":"2025-07-13T16:06:34.312760","level":"info","event":"2025-07-13 16:06:34 ERROR 404: Not Found.","logger":"airflow.task.hooks.airflow.providers.standard.hooks.subprocess.SubprocessHook"}
{"timestamp":"2025-07-13T16:06:34.312866","level":"info","event":"","logger":"airflow.task.hooks.airflow.providers.standard.hooks.subprocess.SubprocessHook"}
{"timestamp":"2025-07-13T16:06:34.319871","level":"info","event":"invalid folder download link","logger":"airflow.task.hooks.airflow.providers.standard.hooks.subprocess.SubprocessHook"}
{"timestamp":"2025-07-13T16:06:34.320595","level":"info","event":"Command exited with return code 0","logger":"airflow.task.hooks.airflow.providers.standard.hooks.subprocess.SubprocessHook"}
{"timestamp":"2025-07-13T16:06:34.324476","level":"info","event":"Pushing xcom","ti":"RuntimeTaskInstance(id=UUID('01980489-bdcc-7017-beae-380310d59c68'), task_id='wget_trips_csvgz', dag_id='local_ingestion_pg', run_id='scheduled__2023-03-02T06:00:00+00:00', try_number=1, map_index=-1, hostname='890ba30a36b0', context_carrier={}, task=<Task(BashOperator): wget_trips_csvgz>, bundle_instance=LocalDagBundle(name=dags-folder), max_tries=0, start_date=datetime.datetime(2025, 7, 13, 16, 6, 32, 971892, tzinfo=TzInfo(UTC)), end_date=None, state=<TaskInstanceState.RUNNING: 'running'>, is_mapped=False, rendered_map_index=None)","logger":"task"}
{"timestamp":"2025-07-13T16:35:35.844760","level":"info","event":"DAG bundles loaded: dags-folder","logger":"airflow.dag_processing.bundles.manager.DagBundlesManager"}
{"timestamp":"2025-07-13T16:35:35.845448","level":"info","event":"Filling up the DagBag from /opt/airflow/dags/data_ingestion_localpg_dag.py","logger":"airflow.models.dagbag.DagBag"}
{"timestamp":"2025-07-13T16:35:36.184851","level":"info","event":"Tmp dir root location: /tmp","logger":"airflow.task.hooks.airflow.providers.standard.hooks.subprocess.SubprocessHook"}
{"timestamp":"2025-07-13T16:35:36.187514","level":"info","event":"Running command: ['/usr/bin/bash', '-c', 'wget https://github.com/DataTalksClub/nyc-tlc-data/releases/download/yellow/yellow_tripdata_2023-03.csv.gz -O /opt/airflow/yellow_tripdata_2023-03.csv.gz && gunzip -f /opt/airflow/yellow_tripdata_2023-03.csv.gz || rm -f /opt/airflow/yellow_tripdata_2023-03.csv.gz']","logger":"airflow.task.hooks.airflow.providers.standard.hooks.subprocess.SubprocessHook"}
{"timestamp":"2025-07-13T16:35:36.203805","level":"info","event":"Output:","logger":"airflow.task.hooks.airflow.providers.standard.hooks.subprocess.SubprocessHook"}
{"timestamp":"2025-07-13T16:35:36.217732","level":"info","event":"--2025-07-13 16:35:36--  https://github.com/DataTalksClub/nyc-tlc-data/releases/download/yellow/yellow_tripdata_2023-03.csv.gz","logger":"airflow.task.hooks.airflow.providers.standard.hooks.subprocess.SubprocessHook"}
{"timestamp":"2025-07-13T16:35:36.240697","level":"info","event":"Resolving github.com (github.com)... 20.205.243.166","logger":"airflow.task.hooks.airflow.providers.standard.hooks.subprocess.SubprocessHook"}
{"timestamp":"2025-07-13T16:35:36.253243","level":"info","event":"Connecting to github.com (github.com)|20.205.243.166|:443... connected.","logger":"airflow.task.hooks.airflow.providers.standard.hooks.subprocess.SubprocessHook"}
{"timestamp":"2025-07-13T16:35:36.880269","level":"info","event":"HTTP request sent, awaiting response... 404 Not Found","logger":"airflow.task.hooks.airflow.providers.standard.hooks.subprocess.SubprocessHook"}
{"timestamp":"2025-07-13T16:35:36.882355","level":"info","event":"2025-07-13 16:35:36 ERROR 404: Not Found.","logger":"airflow.task.hooks.airflow.providers.standard.hooks.subprocess.SubprocessHook"}
{"timestamp":"2025-07-13T16:35:36.882513","level":"info","event":"","logger":"airflow.task.hooks.airflow.providers.standard.hooks.subprocess.SubprocessHook"}
{"timestamp":"2025-07-13T16:35:37.106801","level":"info","event":"Command exited with return code 0","logger":"airflow.task.hooks.airflow.providers.standard.hooks.subprocess.SubprocessHook"}
{"timestamp":"2025-07-13T16:35:37.118802","level":"info","event":"Pushing xcom","ti":"RuntimeTaskInstance(id=UUID('019804a4-54ae-71ac-90a1-d6e6b47b4e4f'), task_id='wget_trips_csvgz', dag_id='local_ingestion_pg', run_id='scheduled__2023-03-02T06:00:00+00:00', try_number=1, map_index=-1, hostname='890ba30a36b0', context_carrier={}, task=<Task(BashOperator): wget_trips_csvgz>, bundle_instance=LocalDagBundle(name=dags-folder), max_tries=0, start_date=datetime.datetime(2025, 7, 13, 16, 35, 35, 504812, tzinfo=TzInfo(UTC)), end_date=None, state=<TaskInstanceState.RUNNING: 'running'>, is_mapped=False, rendered_map_index=None)","logger":"task"}
