{"timestamp":"2025-07-13T18:40:13.904136","level":"info","event":"DAG bundles loaded: dags-folder","logger":"airflow.dag_processing.bundles.manager.DagBundlesManager"}
{"timestamp":"2025-07-13T18:40:13.910760","level":"info","event":"Filling up the DagBag from /opt/airflow/dags/data_ingestion_gcs_dag.py","logger":"airflow.models.dagbag.DagBag"}
{"timestamp":"2025-07-13T18:40:15.900730","level":"info","event":"Tmp dir root location: /tmp","logger":"airflow.task.hooks.airflow.providers.standard.hooks.subprocess.SubprocessHook"}
{"timestamp":"2025-07-13T18:40:15.902924","level":"info","event":"Running command: ['/usr/bin/bash', '-c', 'echo https://github.com/DataTalksClub/nyc-tlc-data/releases/download/green/green_tripdata_2020-02.csv.gz && wget --no-verbose https://github.com/DataTalksClub/nyc-tlc-data/releases/download/green/green_tripdata_2020-02.csv.gz -O /opt/airflow/green_tripdata_2020-02.csv.gz && gunzip -f /opt/airflow/green_tripdata_2020-02.csv.gz']","logger":"airflow.task.hooks.airflow.providers.standard.hooks.subprocess.SubprocessHook"}
{"timestamp":"2025-07-13T18:40:15.939635","level":"info","event":"Output:","logger":"airflow.task.hooks.airflow.providers.standard.hooks.subprocess.SubprocessHook"}
{"timestamp":"2025-07-13T18:40:15.941090","level":"info","event":"https://github.com/DataTalksClub/nyc-tlc-data/releases/download/green/green_tripdata_2020-02.csv.gz","logger":"airflow.task.hooks.airflow.providers.standard.hooks.subprocess.SubprocessHook"}
{"timestamp":"2025-07-13T18:40:18.023360","level":"info","event":"2025-07-13 18:40:18 URL:https://objects.githubusercontent.com/github-production-release-asset-2e65be/513814948/a044ac3e-1cf9-4cc5-ba7b-a96aeee93065?X-Amz-Algorithm=AWS4-HMAC-SHA256&X-Amz-Credential=releaseassetproduction%2F20250713%2Fus-east-1%2Fs3%2Faws4_request&X-Amz-Date=20250713T184016Z&X-Amz-Expires=1800&X-Amz-Signature=f581beafcaf6775ca7c0fbddeaf4c9fb54699497d8f50b492465378a1f9a50a1&X-Amz-SignedHeaders=host&response-content-disposition=attachment%3B%20filename%3Dgreen_tripdata_2020-02.csv.gz&response-content-type=application%2Foctet-stream [6891456/6891456] -> \"/opt/airflow/green_tripdata_2020-02.csv.gz\" [1]","logger":"airflow.task.hooks.airflow.providers.standard.hooks.subprocess.SubprocessHook"}
{"timestamp":"2025-07-13T18:40:18.332585","level":"info","event":"Command exited with return code 0","logger":"airflow.task.hooks.airflow.providers.standard.hooks.subprocess.SubprocessHook"}
{"timestamp":"2025-07-13T18:40:18.337063","level":"info","event":"Pushing xcom","ti":"RuntimeTaskInstance(id=UUID('01980516-6e24-7799-a7f7-c32e24c454b9'), task_id='download_dataset_task', dag_id='upload_gcs_greentrips', run_id='scheduled__2020-02-02T06:00:00+00:00', try_number=1, map_index=-1, hostname='fb7e26a7e74c', context_carrier={}, task=<Task(BashOperator): download_dataset_task>, bundle_instance=LocalDagBundle(name=dags-folder), max_tries=0, start_date=datetime.datetime(2025, 7, 13, 18, 40, 13, 84311, tzinfo=TzInfo(UTC)), end_date=None, state=<TaskInstanceState.RUNNING: 'running'>, is_mapped=False, rendered_map_index=None)","logger":"task"}
{"timestamp":"2025-07-17T08:54:54.356685","level":"info","event":"DAG bundles loaded: dags-folder","logger":"airflow.dag_processing.bundles.manager.DagBundlesManager"}
{"timestamp":"2025-07-17T08:54:54.357628","level":"info","event":"Filling up the DagBag from /opt/airflow/dags/data_ingestion_gcs_dag.py","logger":"airflow.models.dagbag.DagBag"}
{"timestamp":"2025-07-17T08:54:57.552870","level":"info","event":"Tmp dir root location: /tmp","logger":"airflow.task.hooks.airflow.providers.standard.hooks.subprocess.SubprocessHook"}
{"timestamp":"2025-07-17T08:54:57.567832","level":"info","event":"Running command: ['/usr/bin/bash', '-c', \"echo https://github.com/DataTalksClub/nyc-tlc-data/releases/download/green/green_tripdata_2020-02.csv.gz && wget --no-verbose https://github.com/DataTalksClub/nyc-tlc-data/releases/download/green/green_tripdata_2020-02.csv.gz -O /opt/airflow/green_tripdata_2020-02.csv.gz && gunzip -f /opt/airflow/green_tripdata_2020-02.csv.gz || echo 'invalid link or file not in gz format' && wget https://github.com/DataTalksClub/nyc-tlc-data/releases/download/green/green_tripdata_2020-02.csv.gz -O /opt/airflow/green_tripdata_2020-02.csv\"]","logger":"airflow.task.hooks.airflow.providers.standard.hooks.subprocess.SubprocessHook"}
{"timestamp":"2025-07-17T08:54:57.649650","level":"info","event":"Output:","logger":"airflow.task.hooks.airflow.providers.standard.hooks.subprocess.SubprocessHook"}
{"timestamp":"2025-07-17T08:54:57.658021","level":"info","event":"https://github.com/DataTalksClub/nyc-tlc-data/releases/download/green/green_tripdata_2020-02.csv.gz","logger":"airflow.task.hooks.airflow.providers.standard.hooks.subprocess.SubprocessHook"}
{"timestamp":"2025-07-17T08:54:59.253946","level":"info","event":"2025-07-17 08:54:59 URL:https://release-assets.githubusercontent.com/github-production-release-asset/513814948/a044ac3e-1cf9-4cc5-ba7b-a96aeee93065?sp=r&sv=2018-11-09&sr=b&spr=https&se=2025-07-17T09%3A51%3A02Z&rscd=attachment%3B+filename%3Dgreen_tripdata_2020-02.csv.gz&rsct=application%2Foctet-stream&skoid=96c2d410-5711-43a1-aedd-ab1947aa7ab0&sktid=398a6654-997b-47e9-b12b-9515b896b4de&skt=2025-07-17T08%3A50%3A14Z&ske=2025-07-17T09%3A51%3A02Z&sks=b&skv=2018-11-09&sig=4EwuukH2ApasCfHGpkNIHAmoa4B3T32LTxB8jGXI1U4%3D&jwt=eyJ******&response-content-disposition=attachment%3B%20filename%3Dgreen_tripdata_2020-02.csv.gz&response-content-type=application%2Foctet-stream [6891456/6891456] -> \"/opt/airflow/green_tripdata_2020-02.csv.gz\" [1]","logger":"airflow.task.hooks.airflow.providers.standard.hooks.subprocess.SubprocessHook"}
{"timestamp":"2025-07-17T08:54:59.534077","level":"info","event":"--2025-07-17 08:54:59--  https://github.com/DataTalksClub/nyc-tlc-data/releases/download/green/green_tripdata_2020-02.csv.gz","logger":"airflow.task.hooks.airflow.providers.standard.hooks.subprocess.SubprocessHook"}
{"timestamp":"2025-07-17T08:54:59.553045","level":"info","event":"Resolving github.com (github.com)... 20.205.243.166","logger":"airflow.task.hooks.airflow.providers.standard.hooks.subprocess.SubprocessHook"}
{"timestamp":"2025-07-17T08:54:59.591562","level":"info","event":"Connecting to github.com (github.com)|20.205.243.166|:443... connected.","logger":"airflow.task.hooks.airflow.providers.standard.hooks.subprocess.SubprocessHook"}
{"timestamp":"2025-07-17T08:54:59.624619","level":"info","event":"HTTP request sent, awaiting response... 302 Found","logger":"airflow.task.hooks.airflow.providers.standard.hooks.subprocess.SubprocessHook"}
{"timestamp":"2025-07-17T08:54:59.624754","level":"info","event":"Location: https://release-assets.githubusercontent.com/github-production-release-asset/513814948/a044ac3e-1cf9-4cc5-ba7b-a96aeee93065?sp=r&sv=2018-11-09&sr=b&spr=https&se=2025-07-17T09%3A51%3A02Z&rscd=attachment%3B+filename%3Dgreen_tripdata_2020-02.csv.gz&rsct=application%2Foctet-stream&skoid=96c2d410-5711-43a1-aedd-ab1947aa7ab0&sktid=398a6654-997b-47e9-b12b-9515b896b4de&skt=2025-07-17T08%3A50%3A14Z&ske=2025-07-17T09%3A51%3A02Z&sks=b&skv=2018-11-09&sig=4EwuukH2ApasCfHGpkNIHAmoa4B3T32LTxB8jGXI1U4%3D&jwt=eyJ******&response-content-disposition=attachment%3B%20filename%3Dgreen_tripdata_2020-02.csv.gz&response-content-type=application%2Foctet-stream [following]","logger":"airflow.task.hooks.airflow.providers.standard.hooks.subprocess.SubprocessHook"}
{"timestamp":"2025-07-17T08:54:59.624860","level":"info","event":"--2025-07-17 08:54:59--  https://release-assets.githubusercontent.com/github-production-release-asset/513814948/a044ac3e-1cf9-4cc5-ba7b-a96aeee93065?sp=r&sv=2018-11-09&sr=b&spr=https&se=2025-07-17T09%3A51%3A02Z&rscd=attachment%3B+filename%3Dgreen_tripdata_2020-02.csv.gz&rsct=application%2Foctet-stream&skoid=96c2d410-5711-43a1-aedd-ab1947aa7ab0&sktid=398a6654-997b-47e9-b12b-9515b896b4de&skt=2025-07-17T08%3A50%3A14Z&ske=2025-07-17T09%3A51%3A02Z&sks=b&skv=2018-11-09&sig=4EwuukH2ApasCfHGpkNIHAmoa4B3T32LTxB8jGXI1U4%3D&jwt=eyJ******&response-content-disposition=attachment%3B%20filename%3Dgreen_tripdata_2020-02.csv.gz&response-content-type=application%2Foctet-stream","logger":"airflow.task.hooks.airflow.providers.standard.hooks.subprocess.SubprocessHook"}
{"timestamp":"2025-07-17T08:54:59.629677","level":"info","event":"Resolving release-assets.githubusercontent.com (release-assets.githubusercontent.com)... 185.199.109.133, 185.199.110.133, 185.199.111.133, ...","logger":"airflow.task.hooks.airflow.providers.standard.hooks.subprocess.SubprocessHook"}
{"timestamp":"2025-07-17T08:54:59.636065","level":"info","event":"Connecting to release-assets.githubusercontent.com (release-assets.githubusercontent.com)|185.199.109.133|:443... connected.","logger":"airflow.task.hooks.airflow.providers.standard.hooks.subprocess.SubprocessHook"}
{"timestamp":"2025-07-17T08:54:59.659089","level":"info","event":"HTTP request sent, awaiting response... 200 OK","logger":"airflow.task.hooks.airflow.providers.standard.hooks.subprocess.SubprocessHook"}
{"timestamp":"2025-07-17T08:54:59.659191","level":"info","event":"Length: 6891456 (6.6M) [application/octet-stream]","logger":"airflow.task.hooks.airflow.providers.standard.hooks.subprocess.SubprocessHook"}
{"timestamp":"2025-07-17T08:54:59.659221","level":"info","event":"Saving to: ‘/opt/airflow/green_tripdata_2020-02.csv’","logger":"airflow.task.hooks.airflow.providers.standard.hooks.subprocess.SubprocessHook"}
{"timestamp":"2025-07-17T08:54:59.660906","level":"info","event":"","logger":"airflow.task.hooks.airflow.providers.standard.hooks.subprocess.SubprocessHook"}
{"timestamp":"2025-07-17T08:54:59.668467","level":"info","event":"     0K .......... .......... .......... .......... ..........  0% 5.28M 1s","logger":"airflow.task.hooks.airflow.providers.standard.hooks.subprocess.SubprocessHook"}
{"timestamp":"2025-07-17T08:54:59.672410","level":"info","event":"    50K .......... .......... .......... .......... ..........  1% 12.3M 1s","logger":"airflow.task.hooks.airflow.providers.standard.hooks.subprocess.SubprocessHook"}
{"timestamp":"2025-07-17T08:54:59.676420","level":"info","event":"   100K .......... .......... .......... .......... ..........  2% 12.1M 1s","logger":"airflow.task.hooks.airflow.providers.standard.hooks.subprocess.SubprocessHook"}
{"timestamp":"2025-07-17T08:54:59.678622","level":"info","event":"   150K .......... .......... .......... .......... ..........  2% 22.0M 1s","logger":"airflow.task.hooks.airflow.providers.standard.hooks.subprocess.SubprocessHook"}
{"timestamp":"2025-07-17T08:54:59.682090","level":"info","event":"   200K .......... .......... .......... .......... ..........  3% 14.1M 1s","logger":"airflow.task.hooks.airflow.providers.standard.hooks.subprocess.SubprocessHook"}
{"timestamp":"2025-07-17T08:54:59.683832","level":"info","event":"   250K .......... .......... .......... .......... ..........  4% 28.1M 1s","logger":"airflow.task.hooks.airflow.providers.standard.hooks.subprocess.SubprocessHook"}
{"timestamp":"2025-07-17T08:54:59.686532","level":"info","event":"   300K .......... .......... .......... .......... ..........  5% 24.9M 0s","logger":"airflow.task.hooks.airflow.providers.standard.hooks.subprocess.SubprocessHook"}
{"timestamp":"2025-07-17T08:54:59.688453","level":"info","event":"   350K .......... .......... .......... .......... ..........  5% 18.6M 0s","logger":"airflow.task.hooks.airflow.providers.standard.hooks.subprocess.SubprocessHook"}
{"timestamp":"2025-07-17T08:54:59.690524","level":"info","event":"   400K .......... .......... .......... .......... ..........  6% 22.8M 0s","logger":"airflow.task.hooks.airflow.providers.standard.hooks.subprocess.SubprocessHook"}
{"timestamp":"2025-07-17T08:54:59.693869","level":"info","event":"   450K .......... .......... .......... .......... ..........  7% 14.8M 0s","logger":"airflow.task.hooks.airflow.providers.standard.hooks.subprocess.SubprocessHook"}
{"timestamp":"2025-07-17T08:54:59.695379","level":"info","event":"   500K .......... .......... .......... .......... ..........  8% 31.5M 0s","logger":"airflow.task.hooks.airflow.providers.standard.hooks.subprocess.SubprocessHook"}
{"timestamp":"2025-07-17T08:54:59.696289","level":"info","event":"   550K .......... .......... .......... .......... ..........  8% 52.9M 0s","logger":"airflow.task.hooks.airflow.providers.standard.hooks.subprocess.SubprocessHook"}
{"timestamp":"2025-07-17T08:54:59.697790","level":"info","event":"   600K .......... .......... .......... .......... ..........  9% 32.6M 0s","logger":"airflow.task.hooks.airflow.providers.standard.hooks.subprocess.SubprocessHook"}
{"timestamp":"2025-07-17T08:54:59.699142","level":"info","event":"   650K .......... .......... .......... .......... .......... 10% 35.9M 0s","logger":"airflow.task.hooks.airflow.providers.standard.hooks.subprocess.SubprocessHook"}
{"timestamp":"2025-07-17T08:54:59.701685","level":"info","event":"   700K .......... .......... .......... .......... .......... 11% 20.2M 0s","logger":"airflow.task.hooks.airflow.providers.standard.hooks.subprocess.SubprocessHook"}
{"timestamp":"2025-07-17T08:54:59.703081","level":"info","event":"   750K .......... .......... .......... .......... .......... 11% 33.3M 0s","logger":"airflow.task.hooks.airflow.providers.standard.hooks.subprocess.SubprocessHook"}
{"timestamp":"2025-07-17T08:54:59.704044","level":"info","event":"   800K .......... .......... .......... .......... .......... 12% 53.0M 0s","logger":"airflow.task.hooks.airflow.providers.standard.hooks.subprocess.SubprocessHook"}
{"timestamp":"2025-07-17T08:54:59.708494","level":"info","event":"   850K .......... .......... .......... .......... .......... 13% 10.9M 0s","logger":"airflow.task.hooks.airflow.providers.standard.hooks.subprocess.SubprocessHook"}
{"timestamp":"2025-07-17T08:54:59.709481","level":"info","event":"   900K .......... .......... .......... .......... .......... 14% 50.3M 0s","logger":"airflow.task.hooks.airflow.providers.standard.hooks.subprocess.SubprocessHook"}
{"timestamp":"2025-07-17T08:54:59.712306","level":"info","event":"   950K .......... .......... .......... .......... .......... 14% 20.3M 0s","logger":"airflow.task.hooks.airflow.providers.standard.hooks.subprocess.SubprocessHook"}
{"timestamp":"2025-07-17T08:54:59.715212","level":"info","event":"  1000K .......... .......... .......... .......... .......... 15% 16.4M 0s","logger":"airflow.task.hooks.airflow.providers.standard.hooks.subprocess.SubprocessHook"}
{"timestamp":"2025-07-17T08:54:59.715854","level":"info","event":"  1050K .......... .......... .......... .......... .......... 16% 58.7M 0s","logger":"airflow.task.hooks.airflow.providers.standard.hooks.subprocess.SubprocessHook"}
{"timestamp":"2025-07-17T08:54:59.717498","level":"info","event":"  1100K .......... .......... .......... .......... .......... 17% 27.4M 0s","logger":"airflow.task.hooks.airflow.providers.standard.hooks.subprocess.SubprocessHook"}
{"timestamp":"2025-07-17T08:54:59.726092","level":"info","event":"  1150K .......... .......... .......... .......... .......... 17% 6.33M 0s","logger":"airflow.task.hooks.airflow.providers.standard.hooks.subprocess.SubprocessHook"}
{"timestamp":"2025-07-17T08:54:59.730801","level":"info","event":"  1200K .......... .......... .......... .......... .......... 18% 32.4M 0s","logger":"airflow.task.hooks.airflow.providers.standard.hooks.subprocess.SubprocessHook"}
{"timestamp":"2025-07-17T08:54:59.731160","level":"info","event":"  1250K .......... .......... .......... .......... .......... 19% 11.0M 0s","logger":"airflow.task.hooks.airflow.providers.standard.hooks.subprocess.SubprocessHook"}
{"timestamp":"2025-07-17T08:54:59.762107","level":"info","event":"  1300K .......... .......... .......... .......... .......... 20% 1.59M 0s","logger":"airflow.task.hooks.airflow.providers.standard.hooks.subprocess.SubprocessHook"}
{"timestamp":"2025-07-17T08:54:59.763279","level":"info","event":"  1350K .......... .......... .......... .......... .......... 20% 40.9M 0s","logger":"airflow.task.hooks.airflow.providers.standard.hooks.subprocess.SubprocessHook"}
{"timestamp":"2025-07-17T08:54:59.764195","level":"info","event":"  1400K .......... .......... .......... .......... .......... 21% 46.2M 0s","logger":"airflow.task.hooks.airflow.providers.standard.hooks.subprocess.SubprocessHook"}
{"timestamp":"2025-07-17T08:54:59.765226","level":"info","event":"  1450K .......... .......... .......... .......... .......... 22%  140M 0s","logger":"airflow.task.hooks.airflow.providers.standard.hooks.subprocess.SubprocessHook"}
{"timestamp":"2025-07-17T08:54:59.765420","level":"info","event":"  1500K .......... .......... .......... .......... .......... 23%  111M 0s","logger":"airflow.task.hooks.airflow.providers.standard.hooks.subprocess.SubprocessHook"}
{"timestamp":"2025-07-17T08:54:59.766080","level":"info","event":"  1550K .......... .......... .......... .......... .......... 23%  169M 0s","logger":"airflow.task.hooks.airflow.providers.standard.hooks.subprocess.SubprocessHook"}
{"timestamp":"2025-07-17T08:54:59.766586","level":"info","event":"  1600K .......... .......... .......... .......... .......... 24% 89.5M 0s","logger":"airflow.task.hooks.airflow.providers.standard.hooks.subprocess.SubprocessHook"}
{"timestamp":"2025-07-17T08:54:59.766662","level":"info","event":"  1650K .......... .......... .......... .......... .......... 25%  237M 0s","logger":"airflow.task.hooks.airflow.providers.standard.hooks.subprocess.SubprocessHook"}
{"timestamp":"2025-07-17T08:54:59.767303","level":"info","event":"  1700K .......... .......... .......... .......... .......... 26% 49.8M 0s","logger":"airflow.task.hooks.airflow.providers.standard.hooks.subprocess.SubprocessHook"}
{"timestamp":"2025-07-17T08:54:59.767918","level":"info","event":"  1750K .......... .......... .......... .......... .......... 26% 47.3M 0s","logger":"airflow.task.hooks.airflow.providers.standard.hooks.subprocess.SubprocessHook"}
{"timestamp":"2025-07-17T08:54:59.768494","level":"info","event":"  1800K .......... .......... .......... .......... .......... 27%  167M 0s","logger":"airflow.task.hooks.airflow.providers.standard.hooks.subprocess.SubprocessHook"}
{"timestamp":"2025-07-17T08:54:59.768638","level":"info","event":"  1850K .......... .......... .......... .......... .......... 28%  165M 0s","logger":"airflow.task.hooks.airflow.providers.standard.hooks.subprocess.SubprocessHook"}
{"timestamp":"2025-07-17T08:54:59.769000","level":"info","event":"  1900K .......... .......... .......... .......... .......... 28% 93.5M 0s","logger":"airflow.task.hooks.airflow.providers.standard.hooks.subprocess.SubprocessHook"}
{"timestamp":"2025-07-17T08:54:59.770214","level":"info","event":"  1950K .......... .......... .......... .......... .......... 29% 90.2M 0s","logger":"airflow.task.hooks.airflow.providers.standard.hooks.subprocess.SubprocessHook"}
{"timestamp":"2025-07-17T08:54:59.770880","level":"info","event":"  2000K .......... .......... .......... .......... .......... 30% 55.4M 0s","logger":"airflow.task.hooks.airflow.providers.standard.hooks.subprocess.SubprocessHook"}
{"timestamp":"2025-07-17T08:54:59.770940","level":"info","event":"  2050K .......... .......... .......... .......... .......... 31%  219M 0s","logger":"airflow.task.hooks.airflow.providers.standard.hooks.subprocess.SubprocessHook"}
{"timestamp":"2025-07-17T08:54:59.771668","level":"info","event":"  2100K .......... .......... .......... .......... .......... 31%  107M 0s","logger":"airflow.task.hooks.airflow.providers.standard.hooks.subprocess.SubprocessHook"}
{"timestamp":"2025-07-17T08:54:59.771740","level":"info","event":"  2150K .......... .......... .......... .......... .......... 32%  207M 0s","logger":"airflow.task.hooks.airflow.providers.standard.hooks.subprocess.SubprocessHook"}
{"timestamp":"2025-07-17T08:54:59.771806","level":"info","event":"  2200K .......... .......... .......... .......... .......... 33%  195M 0s","logger":"airflow.task.hooks.airflow.providers.standard.hooks.subprocess.SubprocessHook"}
{"timestamp":"2025-07-17T08:54:59.771834","level":"info","event":"  2250K .......... .......... .......... .......... .......... 34%  195M 0s","logger":"airflow.task.hooks.airflow.providers.standard.hooks.subprocess.SubprocessHook"}
{"timestamp":"2025-07-17T08:54:59.773540","level":"info","event":"  2300K .......... .......... .......... .......... .......... 34% 28.8M 0s","logger":"airflow.task.hooks.airflow.providers.standard.hooks.subprocess.SubprocessHook"}
{"timestamp":"2025-07-17T08:54:59.776506","level":"info","event":"  2350K .......... .......... .......... .......... .......... 35% 17.0M 0s","logger":"airflow.task.hooks.airflow.providers.standard.hooks.subprocess.SubprocessHook"}
{"timestamp":"2025-07-17T08:54:59.777998","level":"info","event":"  2400K .......... .......... .......... .......... .......... 36% 32.0M 0s","logger":"airflow.task.hooks.airflow.providers.standard.hooks.subprocess.SubprocessHook"}
{"timestamp":"2025-07-17T08:54:59.779851","level":"info","event":"  2450K .......... .......... .......... .......... .......... 37% 27.4M 0s","logger":"airflow.task.hooks.airflow.providers.standard.hooks.subprocess.SubprocessHook"}
{"timestamp":"2025-07-17T08:54:59.780860","level":"info","event":"  2500K .......... .......... .......... .......... .......... 37% 45.0M 0s","logger":"airflow.task.hooks.airflow.providers.standard.hooks.subprocess.SubprocessHook"}
{"timestamp":"2025-07-17T08:54:59.792175","level":"info","event":"  2550K .......... .......... .......... .......... .......... 38% 4.33M 0s","logger":"airflow.task.hooks.airflow.providers.standard.hooks.subprocess.SubprocessHook"}
{"timestamp":"2025-07-17T08:54:59.793239","level":"info","event":"  2600K .......... .......... .......... .......... .......... 39% 43.8M 0s","logger":"airflow.task.hooks.airflow.providers.standard.hooks.subprocess.SubprocessHook"}
{"timestamp":"2025-07-17T08:54:59.793464","level":"info","event":"  2650K .......... .......... .......... .......... .......... 40%  188M 0s","logger":"airflow.task.hooks.airflow.providers.standard.hooks.subprocess.SubprocessHook"}
{"timestamp":"2025-07-17T08:54:59.793998","level":"info","event":"  2700K .......... .......... .......... .......... .......... 40%  103M 0s","logger":"airflow.task.hooks.airflow.providers.standard.hooks.subprocess.SubprocessHook"}
{"timestamp":"2025-07-17T08:54:59.798099","level":"info","event":"  2750K .......... .......... .......... .......... .......... 41% 11.9M 0s","logger":"airflow.task.hooks.airflow.providers.standard.hooks.subprocess.SubprocessHook"}
{"timestamp":"2025-07-17T08:54:59.800621","level":"info","event":"  2800K .......... .......... .......... .......... .......... 42% 19.7M 0s","logger":"airflow.task.hooks.airflow.providers.standard.hooks.subprocess.SubprocessHook"}
{"timestamp":"2025-07-17T08:54:59.801326","level":"info","event":"  2850K .......... .......... .......... .......... .......... 43% 68.7M 0s","logger":"airflow.task.hooks.airflow.providers.standard.hooks.subprocess.SubprocessHook"}
{"timestamp":"2025-07-17T08:54:59.801722","level":"info","event":"  2900K .......... .......... .......... .......... .......... 43%  109M 0s","logger":"airflow.task.hooks.airflow.providers.standard.hooks.subprocess.SubprocessHook"}
{"timestamp":"2025-07-17T08:54:59.806805","level":"info","event":"  2950K .......... .......... .......... .......... .......... 44% 10.1M 0s","logger":"airflow.task.hooks.airflow.providers.standard.hooks.subprocess.SubprocessHook"}
{"timestamp":"2025-07-17T08:54:59.809367","level":"info","event":"  3000K .......... .......... .......... .......... .......... 45% 18.6M 0s","logger":"airflow.task.hooks.airflow.providers.standard.hooks.subprocess.SubprocessHook"}
{"timestamp":"2025-07-17T08:54:59.812009","level":"info","event":"  3050K .......... .......... .......... .......... .......... 46% 18.8M 0s","logger":"airflow.task.hooks.airflow.providers.standard.hooks.subprocess.SubprocessHook"}
{"timestamp":"2025-07-17T08:54:59.815045","level":"info","event":"  3100K .......... .......... .......... .......... .......... 46% 16.8M 0s","logger":"airflow.task.hooks.airflow.providers.standard.hooks.subprocess.SubprocessHook"}
{"timestamp":"2025-07-17T08:54:59.818818","level":"info","event":"  3150K .......... .......... .......... .......... .......... 47% 12.0M 0s","logger":"airflow.task.hooks.airflow.providers.standard.hooks.subprocess.SubprocessHook"}
{"timestamp":"2025-07-17T08:54:59.821733","level":"info","event":"  3200K .......... .......... .......... .......... .......... 48% 16.6M 0s","logger":"airflow.task.hooks.airflow.providers.standard.hooks.subprocess.SubprocessHook"}
{"timestamp":"2025-07-17T08:54:59.823715","level":"info","event":"  3250K .......... .......... .......... .......... .......... 49% 25.1M 0s","logger":"airflow.task.hooks.airflow.providers.standard.hooks.subprocess.SubprocessHook"}
{"timestamp":"2025-07-17T08:54:59.826967","level":"info","event":"  3300K .......... .......... .......... .......... .......... 49% 15.1M 0s","logger":"airflow.task.hooks.airflow.providers.standard.hooks.subprocess.SubprocessHook"}
{"timestamp":"2025-07-17T08:54:59.828173","level":"info","event":"  3350K .......... .......... .......... .......... .......... 50% 39.1M 0s","logger":"airflow.task.hooks.airflow.providers.standard.hooks.subprocess.SubprocessHook"}
{"timestamp":"2025-07-17T08:54:59.838621","level":"info","event":"  3400K .......... .......... .......... .......... .......... 51% 4.82M 0s","logger":"airflow.task.hooks.airflow.providers.standard.hooks.subprocess.SubprocessHook"}
{"timestamp":"2025-07-17T08:54:59.840767","level":"info","event":"  3450K .......... .......... .......... .......... .......... 52% 21.8M 0s","logger":"airflow.task.hooks.airflow.providers.standard.hooks.subprocess.SubprocessHook"}
{"timestamp":"2025-07-17T08:54:59.841322","level":"info","event":"  3500K .......... .......... .......... .......... .......... 52% 77.9M 0s","logger":"airflow.task.hooks.airflow.providers.standard.hooks.subprocess.SubprocessHook"}
{"timestamp":"2025-07-17T08:54:59.842257","level":"info","event":"  3550K .......... .......... .......... .......... .......... 53% 47.3M 0s","logger":"airflow.task.hooks.airflow.providers.standard.hooks.subprocess.SubprocessHook"}
{"timestamp":"2025-07-17T08:54:59.843544","level":"info","event":"  3600K .......... .......... .......... .......... .......... 54% 37.6M 0s","logger":"airflow.task.hooks.airflow.providers.standard.hooks.subprocess.SubprocessHook"}
{"timestamp":"2025-07-17T08:54:59.847802","level":"info","event":"  3650K .......... .......... .......... .......... .......... 54% 12.1M 0s","logger":"airflow.task.hooks.airflow.providers.standard.hooks.subprocess.SubprocessHook"}
{"timestamp":"2025-07-17T08:54:59.848170","level":"info","event":"  3700K .......... .......... .......... .......... .......... 55% 81.6M 0s","logger":"airflow.task.hooks.airflow.providers.standard.hooks.subprocess.SubprocessHook"}
{"timestamp":"2025-07-17T08:54:59.849590","level":"info","event":"  3750K .......... .......... .......... .......... .......... 56% 39.2M 0s","logger":"airflow.task.hooks.airflow.providers.standard.hooks.subprocess.SubprocessHook"}
{"timestamp":"2025-07-17T08:54:59.856577","level":"info","event":"  3800K .......... .......... .......... .......... .......... 57% 6.92M 0s","logger":"airflow.task.hooks.airflow.providers.standard.hooks.subprocess.SubprocessHook"}
{"timestamp":"2025-07-17T08:54:59.856939","level":"info","event":"  3850K .......... .......... .......... .......... .......... 57%  166M 0s","logger":"airflow.task.hooks.airflow.providers.standard.hooks.subprocess.SubprocessHook"}
{"timestamp":"2025-07-17T08:54:59.857864","level":"info","event":"  3900K .......... .......... .......... .......... .......... 58% 44.7M 0s","logger":"airflow.task.hooks.airflow.providers.standard.hooks.subprocess.SubprocessHook"}
{"timestamp":"2025-07-17T08:54:59.864127","level":"info","event":"  3950K .......... .......... .......... .......... .......... 59% 7.78M 0s","logger":"airflow.task.hooks.airflow.providers.standard.hooks.subprocess.SubprocessHook"}
{"timestamp":"2025-07-17T08:54:59.867445","level":"info","event":"  4000K .......... .......... .......... .......... .......... 60% 14.9M 0s","logger":"airflow.task.hooks.airflow.providers.standard.hooks.subprocess.SubprocessHook"}
{"timestamp":"2025-07-17T08:54:59.868990","level":"info","event":"  4050K .......... .......... .......... .......... .......... 60% 31.7M 0s","logger":"airflow.task.hooks.airflow.providers.standard.hooks.subprocess.SubprocessHook"}
{"timestamp":"2025-07-17T08:54:59.871870","level":"info","event":"  4100K .......... .......... .......... .......... .......... 61% 17.0M 0s","logger":"airflow.task.hooks.airflow.providers.standard.hooks.subprocess.SubprocessHook"}
{"timestamp":"2025-07-17T08:54:59.875618","level":"info","event":"  4150K .......... .......... .......... .......... .......... 62% 12.8M 0s","logger":"airflow.task.hooks.airflow.providers.standard.hooks.subprocess.SubprocessHook"}
{"timestamp":"2025-07-17T08:54:59.876153","level":"info","event":"  4200K .......... .......... .......... .......... .......... 63% 88.3M 0s","logger":"airflow.task.hooks.airflow.providers.standard.hooks.subprocess.SubprocessHook"}
{"timestamp":"2025-07-17T08:54:59.879966","level":"info","event":"  4250K .......... .......... .......... .......... .......... 63% 13.0M 0s","logger":"airflow.task.hooks.airflow.providers.standard.hooks.subprocess.SubprocessHook"}
{"timestamp":"2025-07-17T08:54:59.881050","level":"info","event":"  4300K .......... .......... .......... .......... .......... 64% 43.1M 0s","logger":"airflow.task.hooks.airflow.providers.standard.hooks.subprocess.SubprocessHook"}
{"timestamp":"2025-07-17T08:54:59.893525","level":"info","event":"  4350K .......... .......... .......... .......... .......... 65% 3.93M 0s","logger":"airflow.task.hooks.airflow.providers.standard.hooks.subprocess.SubprocessHook"}
{"timestamp":"2025-07-17T08:54:59.897251","level":"info","event":"  4400K .......... .......... .......... .......... .......... 66% 13.0M 0s","logger":"airflow.task.hooks.airflow.providers.standard.hooks.subprocess.SubprocessHook"}
{"timestamp":"2025-07-17T08:54:59.906519","level":"info","event":"  4450K .......... .......... .......... .......... .......... 66% 5.27M 0s","logger":"airflow.task.hooks.airflow.providers.standard.hooks.subprocess.SubprocessHook"}
{"timestamp":"2025-07-17T08:54:59.921091","level":"info","event":"  4500K .......... .......... .......... .......... .......... 67% 3.37M 0s","logger":"airflow.task.hooks.airflow.providers.standard.hooks.subprocess.SubprocessHook"}
{"timestamp":"2025-07-17T08:54:59.924477","level":"info","event":"  4550K .......... .......... .......... .......... .......... 68% 14.0M 0s","logger":"airflow.task.hooks.airflow.providers.standard.hooks.subprocess.SubprocessHook"}
{"timestamp":"2025-07-17T08:54:59.940294","level":"info","event":"  4600K .......... .......... .......... .......... .......... 69% 3.10M 0s","logger":"airflow.task.hooks.airflow.providers.standard.hooks.subprocess.SubprocessHook"}
{"timestamp":"2025-07-17T08:54:59.942301","level":"info","event":"  4650K .......... .......... .......... .......... .......... 69% 24.4M 0s","logger":"airflow.task.hooks.airflow.providers.standard.hooks.subprocess.SubprocessHook"}
{"timestamp":"2025-07-17T08:54:59.954472","level":"info","event":"  4700K .......... .......... .......... .......... .......... 70% 4.10M 0s","logger":"airflow.task.hooks.airflow.providers.standard.hooks.subprocess.SubprocessHook"}
{"timestamp":"2025-07-17T08:54:59.955700","level":"info","event":"  4750K .......... .......... .......... .......... .......... 71% 38.2M 0s","logger":"airflow.task.hooks.airflow.providers.standard.hooks.subprocess.SubprocessHook"}
{"timestamp":"2025-07-17T08:54:59.960701","level":"info","event":"  4800K .......... .......... .......... .......... .......... 72% 13.7M 0s","logger":"airflow.task.hooks.airflow.providers.standard.hooks.subprocess.SubprocessHook"}
{"timestamp":"2025-07-17T08:54:59.960793","level":"info","event":"  4850K .......... .......... .......... .......... .......... 72% 33.8M 0s","logger":"airflow.task.hooks.airflow.providers.standard.hooks.subprocess.SubprocessHook"}
{"timestamp":"2025-07-17T08:54:59.960827","level":"info","event":"  4900K .......... .......... .......... .......... .......... 73%  186M 0s","logger":"airflow.task.hooks.airflow.providers.standard.hooks.subprocess.SubprocessHook"}
{"timestamp":"2025-07-17T08:54:59.961025","level":"info","event":"  4950K .......... .......... .......... .......... .......... 74%  193M 0s","logger":"airflow.task.hooks.airflow.providers.standard.hooks.subprocess.SubprocessHook"}
{"timestamp":"2025-07-17T08:54:59.968049","level":"info","event":"  5000K .......... .......... .......... .......... .......... 75% 7.10M 0s","logger":"airflow.task.hooks.airflow.providers.standard.hooks.subprocess.SubprocessHook"}
{"timestamp":"2025-07-17T08:54:59.968204","level":"info","event":"  5050K .......... .......... .......... .......... .......... 75%  121M 0s","logger":"airflow.task.hooks.airflow.providers.standard.hooks.subprocess.SubprocessHook"}
{"timestamp":"2025-07-17T08:54:59.968673","level":"info","event":"  5100K .......... .......... .......... .......... .......... 76%  106M 0s","logger":"airflow.task.hooks.airflow.providers.standard.hooks.subprocess.SubprocessHook"}
{"timestamp":"2025-07-17T08:54:59.969191","level":"info","event":"  5150K .......... .......... .......... .......... .......... 77% 93.0M 0s","logger":"airflow.task.hooks.airflow.providers.standard.hooks.subprocess.SubprocessHook"}
{"timestamp":"2025-07-17T08:54:59.979168","level":"info","event":"  5200K .......... .......... .......... .......... .......... 78% 7.93M 0s","logger":"airflow.task.hooks.airflow.providers.standard.hooks.subprocess.SubprocessHook"}
{"timestamp":"2025-07-17T08:54:59.980671","level":"info","event":"  5250K .......... .......... .......... .......... .......... 78% 9.48M 0s","logger":"airflow.task.hooks.airflow.providers.standard.hooks.subprocess.SubprocessHook"}
{"timestamp":"2025-07-17T08:54:59.991891","level":"info","event":"  5300K .......... .......... .......... .......... .......... 79% 4.67M 0s","logger":"airflow.task.hooks.airflow.providers.standard.hooks.subprocess.SubprocessHook"}
{"timestamp":"2025-07-17T08:54:59.995739","level":"info","event":"  5350K .......... .......... .......... .......... .......... 80% 12.1M 0s","logger":"airflow.task.hooks.airflow.providers.standard.hooks.subprocess.SubprocessHook"}
{"timestamp":"2025-07-17T08:54:59.998489","level":"info","event":"  5400K .......... .......... .......... .......... .......... 80% 16.1M 0s","logger":"airflow.task.hooks.airflow.providers.standard.hooks.subprocess.SubprocessHook"}
{"timestamp":"2025-07-17T08:55:00.001391","level":"info","event":"  5450K .......... .......... .......... .......... .......... 81% 17.8M 0s","logger":"airflow.task.hooks.airflow.providers.standard.hooks.subprocess.SubprocessHook"}
{"timestamp":"2025-07-17T08:55:00.004596","level":"info","event":"  5500K .......... .......... .......... .......... .......... 82% 15.2M 0s","logger":"airflow.task.hooks.airflow.providers.standard.hooks.subprocess.SubprocessHook"}
{"timestamp":"2025-07-17T08:55:00.015696","level":"info","event":"  5550K .......... .......... .......... .......... .......... 83% 6.98M 0s","logger":"airflow.task.hooks.airflow.providers.standard.hooks.subprocess.SubprocessHook"}
{"timestamp":"2025-07-17T08:55:00.016588","level":"info","event":"  5600K .......... .......... .......... .......... .......... 83% 8.87M 0s","logger":"airflow.task.hooks.airflow.providers.standard.hooks.subprocess.SubprocessHook"}
{"timestamp":"2025-07-17T08:55:00.018315","level":"info","event":"  5650K .......... .......... .......... .......... .......... 84% 28.5M 0s","logger":"airflow.task.hooks.airflow.providers.standard.hooks.subprocess.SubprocessHook"}
{"timestamp":"2025-07-17T08:55:00.021602","level":"info","event":"  5700K .......... .......... .......... .......... .......... 85% 14.8M 0s","logger":"airflow.task.hooks.airflow.providers.standard.hooks.subprocess.SubprocessHook"}
{"timestamp":"2025-07-17T08:55:00.023194","level":"info","event":"  5750K .......... .......... .......... .......... .......... 86% 32.4M 0s","logger":"airflow.task.hooks.airflow.providers.standard.hooks.subprocess.SubprocessHook"}
{"timestamp":"2025-07-17T08:55:00.025381","level":"info","event":"  5800K .......... .......... .......... .......... .......... 86% 21.1M 0s","logger":"airflow.task.hooks.airflow.providers.standard.hooks.subprocess.SubprocessHook"}
{"timestamp":"2025-07-17T08:55:00.028271","level":"info","event":"  5850K .......... .......... .......... .......... .......... 87% 20.6M 0s","logger":"airflow.task.hooks.airflow.providers.standard.hooks.subprocess.SubprocessHook"}
{"timestamp":"2025-07-17T08:55:00.034873","level":"info","event":"  5900K .......... .......... .......... .......... .......... 88% 7.76M 0s","logger":"airflow.task.hooks.airflow.providers.standard.hooks.subprocess.SubprocessHook"}
{"timestamp":"2025-07-17T08:55:00.069560","level":"info","event":"  5950K .......... .......... .......... .......... .......... 89% 1.45M 0s","logger":"airflow.task.hooks.airflow.providers.standard.hooks.subprocess.SubprocessHook"}
{"timestamp":"2025-07-17T08:55:00.070011","level":"info","event":"  6000K .......... .......... .......... .......... .......... 89% 22.0M 0s","logger":"airflow.task.hooks.airflow.providers.standard.hooks.subprocess.SubprocessHook"}
{"timestamp":"2025-07-17T08:55:00.070567","level":"info","event":"  6050K .......... .......... .......... .......... .......... 90%  117M 0s","logger":"airflow.task.hooks.airflow.providers.standard.hooks.subprocess.SubprocessHook"}
{"timestamp":"2025-07-17T08:55:00.070664","level":"info","event":"  6100K .......... .......... .......... .......... .......... 91%  157M 0s","logger":"airflow.task.hooks.airflow.providers.standard.hooks.subprocess.SubprocessHook"}
{"timestamp":"2025-07-17T08:55:00.071151","level":"info","event":"  6150K .......... .......... .......... .......... .......... 92%  132M 0s","logger":"airflow.task.hooks.airflow.providers.standard.hooks.subprocess.SubprocessHook"}
{"timestamp":"2025-07-17T08:55:00.071716","level":"info","event":"  6200K .......... .......... .......... .......... .......... 92%  137M 0s","logger":"airflow.task.hooks.airflow.providers.standard.hooks.subprocess.SubprocessHook"}
{"timestamp":"2025-07-17T08:55:00.071933","level":"info","event":"  6250K .......... .......... .......... .......... .......... 93% 89.1M 0s","logger":"airflow.task.hooks.airflow.providers.standard.hooks.subprocess.SubprocessHook"}
{"timestamp":"2025-07-17T08:55:00.073161","level":"info","event":"  6300K .......... .......... .......... .......... .......... 94% 92.5M 0s","logger":"airflow.task.hooks.airflow.providers.standard.hooks.subprocess.SubprocessHook"}
{"timestamp":"2025-07-17T08:55:00.075105","level":"info","event":"  6350K .......... .......... .......... .......... .......... 95% 23.8M 0s","logger":"airflow.task.hooks.airflow.providers.standard.hooks.subprocess.SubprocessHook"}
{"timestamp":"2025-07-17T08:55:00.077834","level":"info","event":"  6400K .......... .......... .......... .......... .......... 95% 28.1M 0s","logger":"airflow.task.hooks.airflow.providers.standard.hooks.subprocess.SubprocessHook"}
{"timestamp":"2025-07-17T08:55:00.078222","level":"info","event":"  6450K .......... .......... .......... .......... .......... 96% 44.3M 0s","logger":"airflow.task.hooks.airflow.providers.standard.hooks.subprocess.SubprocessHook"}
{"timestamp":"2025-07-17T08:55:00.079140","level":"info","event":"  6500K .......... .......... .......... .......... .......... 97% 33.5M 0s","logger":"airflow.task.hooks.airflow.providers.standard.hooks.subprocess.SubprocessHook"}
{"timestamp":"2025-07-17T08:55:00.080495","level":"info","event":"  6550K .......... .......... .......... .......... .......... 98% 39.2M 0s","logger":"airflow.task.hooks.airflow.providers.standard.hooks.subprocess.SubprocessHook"}
{"timestamp":"2025-07-17T08:55:00.081115","level":"info","event":"  6600K .......... .......... .......... .......... .......... 98% 59.5M 0s","logger":"airflow.task.hooks.airflow.providers.standard.hooks.subprocess.SubprocessHook"}
{"timestamp":"2025-07-17T08:55:00.082954","level":"info","event":"  6650K .......... .......... .......... .......... .......... 99% 27.3M 0s","logger":"airflow.task.hooks.airflow.providers.standard.hooks.subprocess.SubprocessHook"}
{"timestamp":"2025-07-17T08:55:00.083703","level":"info","event":"  6700K .......... .......... .........                       100% 98.1M=0.4s","logger":"airflow.task.hooks.airflow.providers.standard.hooks.subprocess.SubprocessHook"}
{"timestamp":"2025-07-17T08:55:00.085678","level":"info","event":"","logger":"airflow.task.hooks.airflow.providers.standard.hooks.subprocess.SubprocessHook"}
{"timestamp":"2025-07-17T08:55:00.086705","level":"info","event":"2025-07-17 08:55:00 (15.5 MB/s) - ‘/opt/airflow/green_tripdata_2020-02.csv’ saved [6891456/6891456]","logger":"airflow.task.hooks.airflow.providers.standard.hooks.subprocess.SubprocessHook"}
{"timestamp":"2025-07-17T08:55:00.087690","level":"info","event":"","logger":"airflow.task.hooks.airflow.providers.standard.hooks.subprocess.SubprocessHook"}
{"timestamp":"2025-07-17T08:55:00.107116","level":"info","event":"Command exited with return code 0","logger":"airflow.task.hooks.airflow.providers.standard.hooks.subprocess.SubprocessHook"}
{"timestamp":"2025-07-17T08:55:00.129441","level":"info","event":"Pushing xcom","ti":"RuntimeTaskInstance(id=UUID('01981797-febd-7156-8343-ea11bcb4e961'), task_id='download_dataset_task', dag_id='upload_gcs_greentrips', run_id='scheduled__2020-02-02T06:00:00+00:00', try_number=1, map_index=-1, hostname='8c16a644909e', context_carrier={}, task=<Task(BashOperator): download_dataset_task>, bundle_instance=LocalDagBundle(name=dags-folder), max_tries=0, start_date=datetime.datetime(2025, 7, 17, 8, 54, 54, 10899, tzinfo=TzInfo(UTC)), end_date=None, state=<TaskInstanceState.RUNNING: 'running'>, is_mapped=False, rendered_map_index=None)","logger":"task"}
{"timestamp":"2025-07-17T17:12:12.482013","level":"info","event":"DAG bundles loaded: dags-folder","logger":"airflow.dag_processing.bundles.manager.DagBundlesManager"}
{"timestamp":"2025-07-17T17:12:12.497717","level":"info","event":"Filling up the DagBag from /opt/airflow/dags/data_ingestion_gcs_dag.py","logger":"airflow.models.dagbag.DagBag"}
{"timestamp":"2025-07-17T17:12:15.960025","level":"info","event":"Tmp dir root location: /tmp","logger":"airflow.task.hooks.airflow.providers.standard.hooks.subprocess.SubprocessHook"}
{"timestamp":"2025-07-17T17:12:15.964377","level":"info","event":"Running command: ['/usr/bin/bash', '-c', 'echo https://github.com/DataTalksClub/nyc-tlc-data/releases/download/green/green_tripdata_2020-02.csv.gz && wget --no-verbose https://github.com/DataTalksClub/nyc-tlc-data/releases/download/green/green_tripdata_2020-02.csv.gz -O /opt/airflow/green_tripdata_2020-02.csv.gz && gunzip -f /opt/airflow/green_tripdata_2020-02.csv.gz']","logger":"airflow.task.hooks.airflow.providers.standard.hooks.subprocess.SubprocessHook"}
{"timestamp":"2025-07-17T17:12:15.979512","level":"info","event":"Output:","logger":"airflow.task.hooks.airflow.providers.standard.hooks.subprocess.SubprocessHook"}
{"timestamp":"2025-07-17T17:12:15.980381","level":"info","event":"https://github.com/DataTalksClub/nyc-tlc-data/releases/download/green/green_tripdata_2020-02.csv.gz","logger":"airflow.task.hooks.airflow.providers.standard.hooks.subprocess.SubprocessHook"}
{"timestamp":"2025-07-17T17:12:17.468924","level":"info","event":"2025-07-17 17:12:17 URL:https://release-assets.githubusercontent.com/github-production-release-asset/513814948/a044ac3e-1cf9-4cc5-ba7b-a96aeee93065?sp=r&sv=2018-11-09&sr=b&spr=https&se=2025-07-17T18%3A12%3A16Z&rscd=attachment%3B+filename%3Dgreen_tripdata_2020-02.csv.gz&rsct=application%2Foctet-stream&skoid=96c2d410-5711-43a1-aedd-ab1947aa7ab0&sktid=398a6654-997b-47e9-b12b-9515b896b4de&skt=2025-07-17T17%3A12%3A16Z&ske=2025-07-17T18%3A12%3A16Z&sks=b&skv=2018-11-09&sig=%2Bd5yDVE6RzW%2FLI9%2B5ObV%2BBTOvJ4BSBGb4MVYaR78Wc4%3D&jwt=eyJ******&response-content-disposition=attachment%3B%20filename%3Dgreen_tripdata_2020-02.csv.gz&response-content-type=application%2Foctet-stream [6891456/6891456] -> \"/opt/airflow/green_tripdata_2020-02.csv.gz\" [1]","logger":"airflow.task.hooks.airflow.providers.standard.hooks.subprocess.SubprocessHook"}
{"timestamp":"2025-07-17T17:12:18.353720","level":"info","event":"Command exited with return code 0","logger":"airflow.task.hooks.airflow.providers.standard.hooks.subprocess.SubprocessHook"}
{"timestamp":"2025-07-17T17:12:18.377265","level":"info","event":"Pushing xcom","ti":"RuntimeTaskInstance(id=UUID('0198195f-4787-7bd9-bd5a-e3a451e9290e'), task_id='download_dataset_task', dag_id='upload_gcs_greentrips', run_id='scheduled__2020-02-02T06:00:00+00:00', try_number=1, map_index=-1, hostname='8c16a644909e', context_carrier={}, task=<Task(BashOperator): download_dataset_task>, bundle_instance=LocalDagBundle(name=dags-folder), max_tries=0, start_date=datetime.datetime(2025, 7, 17, 17, 12, 11, 587473, tzinfo=TzInfo(UTC)), end_date=None, state=<TaskInstanceState.RUNNING: 'running'>, is_mapped=False, rendered_map_index=None)","logger":"task"}
{"timestamp":"2025-07-17T17:18:23.838221","level":"info","event":"DAG bundles loaded: dags-folder","logger":"airflow.dag_processing.bundles.manager.DagBundlesManager"}
{"timestamp":"2025-07-17T17:18:23.842525","level":"info","event":"Filling up the DagBag from /opt/airflow/dags/data_ingestion_gcs_dag.py","logger":"airflow.models.dagbag.DagBag"}
{"timestamp":"2025-07-17T17:18:27.342131","level":"info","event":"Tmp dir root location: /tmp","logger":"airflow.task.hooks.airflow.providers.standard.hooks.subprocess.SubprocessHook"}
{"timestamp":"2025-07-17T17:18:27.349134","level":"info","event":"Running command: ['/usr/bin/bash', '-c', 'echo https://github.com/DataTalksClub/nyc-tlc-data/releases/download/green/green_tripdata_2020-02.csv.gz && wget --no-verbose https://github.com/DataTalksClub/nyc-tlc-data/releases/download/green/green_tripdata_2020-02.csv.gz -O /opt/airflow/green_tripdata_2020-02.csv.gz && gunzip -f /opt/airflow/green_tripdata_2020-02.csv.gz']","logger":"airflow.task.hooks.airflow.providers.standard.hooks.subprocess.SubprocessHook"}
{"timestamp":"2025-07-17T17:18:27.406181","level":"info","event":"Output:","logger":"airflow.task.hooks.airflow.providers.standard.hooks.subprocess.SubprocessHook"}
{"timestamp":"2025-07-17T17:18:27.413220","level":"info","event":"https://github.com/DataTalksClub/nyc-tlc-data/releases/download/green/green_tripdata_2020-02.csv.gz","logger":"airflow.task.hooks.airflow.providers.standard.hooks.subprocess.SubprocessHook"}
{"timestamp":"2025-07-17T17:18:29.478595","level":"info","event":"2025-07-17 17:18:29 URL:https://release-assets.githubusercontent.com/github-production-release-asset/513814948/a044ac3e-1cf9-4cc5-ba7b-a96aeee93065?sp=r&sv=2018-11-09&sr=b&spr=https&se=2025-07-17T18%3A14%3A25Z&rscd=attachment%3B+filename%3Dgreen_tripdata_2020-02.csv.gz&rsct=application%2Foctet-stream&skoid=96c2d410-5711-43a1-aedd-ab1947aa7ab0&sktid=398a6654-997b-47e9-b12b-9515b896b4de&skt=2025-07-17T17%3A14%3A11Z&ske=2025-07-17T18%3A14%3A25Z&sks=b&skv=2018-11-09&sig=pvaIrPs8z8i%2F%2Bf2ORKDQ81oyUo7TvuGF%2FcwfCD22bjQ%3D&jwt=eyJ******&response-content-disposition=attachment%3B%20filename%3Dgreen_tripdata_2020-02.csv.gz&response-content-type=application%2Foctet-stream [6891456/6891456] -> \"/opt/airflow/green_tripdata_2020-02.csv.gz\" [1]","logger":"airflow.task.hooks.airflow.providers.standard.hooks.subprocess.SubprocessHook"}
{"timestamp":"2025-07-17T17:18:29.859444","level":"info","event":"Command exited with return code 0","logger":"airflow.task.hooks.airflow.providers.standard.hooks.subprocess.SubprocessHook"}
{"timestamp":"2025-07-17T17:18:29.883746","level":"info","event":"Pushing xcom","ti":"RuntimeTaskInstance(id=UUID('01981964-ef64-7323-aaff-4592ccc980a5'), task_id='download_dataset_task', dag_id='upload_gcs_greentrips', run_id='scheduled__2020-02-02T06:00:00+00:00', try_number=1, map_index=-1, hostname='8c16a644909e', context_carrier={}, task=<Task(BashOperator): download_dataset_task>, bundle_instance=LocalDagBundle(name=dags-folder), max_tries=0, start_date=datetime.datetime(2025, 7, 17, 17, 18, 22, 762002, tzinfo=TzInfo(UTC)), end_date=None, state=<TaskInstanceState.RUNNING: 'running'>, is_mapped=False, rendered_map_index=None)","logger":"task"}
{"timestamp":"2025-07-17T17:21:16.328533","level":"info","event":"DAG bundles loaded: dags-folder","logger":"airflow.dag_processing.bundles.manager.DagBundlesManager"}
{"timestamp":"2025-07-17T17:21:16.331018","level":"info","event":"Filling up the DagBag from /opt/airflow/dags/data_ingestion_gcs_dag.py","logger":"airflow.models.dagbag.DagBag"}
{"timestamp":"2025-07-17T17:21:19.028627","level":"info","event":"Tmp dir root location: /tmp","logger":"airflow.task.hooks.airflow.providers.standard.hooks.subprocess.SubprocessHook"}
{"timestamp":"2025-07-17T17:21:19.036403","level":"info","event":"Running command: ['/usr/bin/bash', '-c', 'echo https://github.com/DataTalksClub/nyc-tlc-data/releases/download/green/green_tripdata_2020-02.csv.gz && wget --no-verbose https://github.com/DataTalksClub/nyc-tlc-data/releases/download/green/green_tripdata_2020-02.csv.gz -O /opt/airflow/green_tripdata_2020-02.csv.gz && gunzip -f /opt/airflow/green_tripdata_2020-02.csv.gz']","logger":"airflow.task.hooks.airflow.providers.standard.hooks.subprocess.SubprocessHook"}
{"timestamp":"2025-07-17T17:21:19.171338","level":"info","event":"Output:","logger":"airflow.task.hooks.airflow.providers.standard.hooks.subprocess.SubprocessHook"}
{"timestamp":"2025-07-17T17:21:19.198862","level":"info","event":"https://github.com/DataTalksClub/nyc-tlc-data/releases/download/green/green_tripdata_2020-02.csv.gz","logger":"airflow.task.hooks.airflow.providers.standard.hooks.subprocess.SubprocessHook"}
{"timestamp":"2025-07-17T17:21:20.121416","level":"info","event":"2025-07-17 17:21:20 URL:https://release-assets.githubusercontent.com/github-production-release-asset/513814948/a044ac3e-1cf9-4cc5-ba7b-a96aeee93065?sp=r&sv=2018-11-09&sr=b&spr=https&se=2025-07-17T18%3A14%3A17Z&rscd=attachment%3B+filename%3Dgreen_tripdata_2020-02.csv.gz&rsct=application%2Foctet-stream&skoid=96c2d410-5711-43a1-aedd-ab1947aa7ab0&sktid=398a6654-997b-47e9-b12b-9515b896b4de&skt=2025-07-17T17%3A13%3A59Z&ske=2025-07-17T18%3A14%3A17Z&sks=b&skv=2018-11-09&sig=f3xV%2BVT1lz761VZPPmHKxeGkmg7Q10Z1KglaQEwmDmo%3D&jwt=eyJ******&response-content-disposition=attachment%3B%20filename%3Dgreen_tripdata_2020-02.csv.gz&response-content-type=application%2Foctet-stream [6891456/6891456] -> \"/opt/airflow/green_tripdata_2020-02.csv.gz\" [1]","logger":"airflow.task.hooks.airflow.providers.standard.hooks.subprocess.SubprocessHook"}
{"timestamp":"2025-07-17T17:21:20.770762","level":"info","event":"Command exited with return code 0","logger":"airflow.task.hooks.airflow.providers.standard.hooks.subprocess.SubprocessHook"}
{"timestamp":"2025-07-17T17:21:20.803638","level":"info","event":"Pushing xcom","ti":"RuntimeTaskInstance(id=UUID('01981967-91d5-7a05-be7f-8644478b06bb'), task_id='download_dataset_task', dag_id='upload_gcs_greentrips', run_id='scheduled__2020-02-02T06:00:00+00:00', try_number=1, map_index=-1, hostname='8c16a644909e', context_carrier={}, task=<Task(BashOperator): download_dataset_task>, bundle_instance=LocalDagBundle(name=dags-folder), max_tries=0, start_date=datetime.datetime(2025, 7, 17, 17, 21, 15, 486654, tzinfo=TzInfo(UTC)), end_date=None, state=<TaskInstanceState.RUNNING: 'running'>, is_mapped=False, rendered_map_index=None)","logger":"task"}
{"timestamp":"2025-07-17T17:24:45.492471","level":"info","event":"DAG bundles loaded: dags-folder","logger":"airflow.dag_processing.bundles.manager.DagBundlesManager"}
{"timestamp":"2025-07-17T17:24:45.494378","level":"info","event":"Filling up the DagBag from /opt/airflow/dags/data_ingestion_gcs_dag.py","logger":"airflow.models.dagbag.DagBag"}
{"timestamp":"2025-07-17T17:24:48.670584","level":"info","event":"Tmp dir root location: /tmp","logger":"airflow.task.hooks.airflow.providers.standard.hooks.subprocess.SubprocessHook"}
{"timestamp":"2025-07-17T17:24:48.695290","level":"info","event":"Running command: ['/usr/bin/bash', '-c', 'echo https://github.com/DataTalksClub/nyc-tlc-data/releases/download/green/green_tripdata_2020-02.csv.gz && wget --no-verbose https://github.com/DataTalksClub/nyc-tlc-data/releases/download/green/green_tripdata_2020-02.csv.gz -O /opt/airflow/green_tripdata_2020-02.csv.gz && gunzip -f /opt/airflow/green_tripdata_2020-02.csv.gz']","logger":"airflow.task.hooks.airflow.providers.standard.hooks.subprocess.SubprocessHook"}
{"timestamp":"2025-07-17T17:24:48.830336","level":"info","event":"Output:","logger":"airflow.task.hooks.airflow.providers.standard.hooks.subprocess.SubprocessHook"}
{"timestamp":"2025-07-17T17:24:48.836384","level":"info","event":"https://github.com/DataTalksClub/nyc-tlc-data/releases/download/green/green_tripdata_2020-02.csv.gz","logger":"airflow.task.hooks.airflow.providers.standard.hooks.subprocess.SubprocessHook"}
{"timestamp":"2025-07-17T17:24:49.780058","level":"info","event":"2025-07-17 17:24:49 URL:https://release-assets.githubusercontent.com/github-production-release-asset/513814948/a044ac3e-1cf9-4cc5-ba7b-a96aeee93065?sp=r&sv=2018-11-09&sr=b&spr=https&se=2025-07-17T18%3A12%3A41Z&rscd=attachment%3B+filename%3Dgreen_tripdata_2020-02.csv.gz&rsct=application%2Foctet-stream&skoid=96c2d410-5711-43a1-aedd-ab1947aa7ab0&sktid=398a6654-997b-47e9-b12b-9515b896b4de&skt=2025-07-17T17%3A12%3A04Z&ske=2025-07-17T18%3A12%3A41Z&sks=b&skv=2018-11-09&sig=%2FnHbtXLSpKB1VxjPmAhYxN0BFyjhqwxG6SkZrizMP2Y%3D&jwt=eyJ******&response-content-disposition=attachment%3B%20filename%3Dgreen_tripdata_2020-02.csv.gz&response-content-type=application%2Foctet-stream [6891456/6891456] -> \"/opt/airflow/green_tripdata_2020-02.csv.gz\" [1]","logger":"airflow.task.hooks.airflow.providers.standard.hooks.subprocess.SubprocessHook"}
{"timestamp":"2025-07-17T17:24:50.642362","level":"info","event":"Command exited with return code 0","logger":"airflow.task.hooks.airflow.providers.standard.hooks.subprocess.SubprocessHook"}
{"timestamp":"2025-07-17T17:24:50.660362","level":"info","event":"Pushing xcom","ti":"RuntimeTaskInstance(id=UUID('0198196a-c4aa-7e5d-af58-7fdc74a62b24'), task_id='download_dataset_task', dag_id='upload_gcs_greentrips', run_id='scheduled__2020-02-02T06:00:00+00:00', try_number=1, map_index=-1, hostname='8c16a644909e', context_carrier={}, task=<Task(BashOperator): download_dataset_task>, bundle_instance=LocalDagBundle(name=dags-folder), max_tries=0, start_date=datetime.datetime(2025, 7, 17, 17, 24, 44, 691363, tzinfo=TzInfo(UTC)), end_date=None, state=<TaskInstanceState.RUNNING: 'running'>, is_mapped=False, rendered_map_index=None)","logger":"task"}
{"timestamp":"2025-07-17T17:45:03.714434","level":"info","event":"DAG bundles loaded: dags-folder","logger":"airflow.dag_processing.bundles.manager.DagBundlesManager"}
{"timestamp":"2025-07-17T17:45:03.715588","level":"info","event":"Filling up the DagBag from /opt/airflow/dags/data_ingestion_gcs_dag.py","logger":"airflow.models.dagbag.DagBag"}
{"timestamp":"2025-07-17T17:45:10.229752","level":"info","event":"Tmp dir root location: /tmp","logger":"airflow.task.hooks.airflow.providers.standard.hooks.subprocess.SubprocessHook"}
{"timestamp":"2025-07-17T17:45:10.234548","level":"info","event":"Running command: ['/usr/bin/bash', '-c', 'echo https://github.com/DataTalksClub/nyc-tlc-data/releases/download/green/green_tripdata_2020-02.csv.gz && wget --no-verbose https://github.com/DataTalksClub/nyc-tlc-data/releases/download/green/green_tripdata_2020-02.csv.gz -O /opt/airflow/green_tripdata_2020-02.csv.gz && gunzip -f /opt/airflow/green_tripdata_2020-02.csv.gz']","logger":"airflow.task.hooks.airflow.providers.standard.hooks.subprocess.SubprocessHook"}
{"timestamp":"2025-07-17T17:45:10.281263","level":"info","event":"Output:","logger":"airflow.task.hooks.airflow.providers.standard.hooks.subprocess.SubprocessHook"}
{"timestamp":"2025-07-17T17:45:10.289254","level":"info","event":"https://github.com/DataTalksClub/nyc-tlc-data/releases/download/green/green_tripdata_2020-02.csv.gz","logger":"airflow.task.hooks.airflow.providers.standard.hooks.subprocess.SubprocessHook"}
{"timestamp":"2025-07-17T17:45:11.091468","level":"info","event":"2025-07-17 17:45:11 URL:https://release-assets.githubusercontent.com/github-production-release-asset/513814948/a044ac3e-1cf9-4cc5-ba7b-a96aeee93065?sp=r&sv=2018-11-09&sr=b&spr=https&se=2025-07-17T18%3A41%3A46Z&rscd=attachment%3B+filename%3Dgreen_tripdata_2020-02.csv.gz&rsct=application%2Foctet-stream&skoid=96c2d410-5711-43a1-aedd-ab1947aa7ab0&sktid=398a6654-997b-47e9-b12b-9515b896b4de&skt=2025-07-17T17%3A41%3A45Z&ske=2025-07-17T18%3A41%3A46Z&sks=b&skv=2018-11-09&sig=skR98tW85t%2BXOPZBJ13flsV8llgrR8XPGPo4vWaTP0I%3D&jwt=eyJ******&response-content-disposition=attachment%3B%20filename%3Dgreen_tripdata_2020-02.csv.gz&response-content-type=application%2Foctet-stream [6891456/6891456] -> \"/opt/airflow/green_tripdata_2020-02.csv.gz\" [1]","logger":"airflow.task.hooks.airflow.providers.standard.hooks.subprocess.SubprocessHook"}
{"timestamp":"2025-07-17T17:45:11.415982","level":"info","event":"Command exited with return code 0","logger":"airflow.task.hooks.airflow.providers.standard.hooks.subprocess.SubprocessHook"}
{"timestamp":"2025-07-17T17:45:11.425497","level":"info","event":"Pushing xcom","ti":"RuntimeTaskInstance(id=UUID('0198197d-560f-7ff9-b1a1-9ba222f2dd2c'), task_id='download_dataset_task', dag_id='upload_gcs_greentrips', run_id='scheduled__2020-02-02T06:00:00+00:00', try_number=1, map_index=-1, hostname='8c16a644909e', context_carrier={}, task=<Task(BashOperator): download_dataset_task>, bundle_instance=LocalDagBundle(name=dags-folder), max_tries=0, start_date=datetime.datetime(2025, 7, 17, 17, 45, 2, 461877, tzinfo=TzInfo(UTC)), end_date=None, state=<TaskInstanceState.RUNNING: 'running'>, is_mapped=False, rendered_map_index=None)","logger":"task"}
{"timestamp":"2025-07-17T17:54:48.208565","level":"info","event":"DAG bundles loaded: dags-folder","logger":"airflow.dag_processing.bundles.manager.DagBundlesManager"}
{"timestamp":"2025-07-17T17:54:48.209320","level":"info","event":"Filling up the DagBag from /opt/airflow/dags/data_ingestion_gcs_dag.py","logger":"airflow.models.dagbag.DagBag"}
{"timestamp":"2025-07-17T17:54:49.510690","level":"info","event":"Tmp dir root location: /tmp","logger":"airflow.task.hooks.airflow.providers.standard.hooks.subprocess.SubprocessHook"}
{"timestamp":"2025-07-17T17:54:49.513228","level":"info","event":"Running command: ['/usr/bin/bash', '-c', 'echo https://github.com/DataTalksClub/nyc-tlc-data/releases/download/green/green_tripdata_2020-02.csv.gz && wget --no-verbose https://github.com/DataTalksClub/nyc-tlc-data/releases/download/green/green_tripdata_2020-02.csv.gz -O /opt/airflow/green_tripdata_2020-02.csv.gz && gunzip -f /opt/airflow/green_tripdata_2020-02.csv.gz']","logger":"airflow.task.hooks.airflow.providers.standard.hooks.subprocess.SubprocessHook"}
{"timestamp":"2025-07-17T17:54:49.538292","level":"info","event":"Output:","logger":"airflow.task.hooks.airflow.providers.standard.hooks.subprocess.SubprocessHook"}
{"timestamp":"2025-07-17T17:54:49.542317","level":"info","event":"https://github.com/DataTalksClub/nyc-tlc-data/releases/download/green/green_tripdata_2020-02.csv.gz","logger":"airflow.task.hooks.airflow.providers.standard.hooks.subprocess.SubprocessHook"}
{"timestamp":"2025-07-17T17:54:50.334286","level":"info","event":"2025-07-17 17:54:50 URL:https://release-assets.githubusercontent.com/github-production-release-asset/513814948/a044ac3e-1cf9-4cc5-ba7b-a96aeee93065?sp=r&sv=2018-11-09&sr=b&spr=https&se=2025-07-17T18%3A54%3A24Z&rscd=attachment%3B+filename%3Dgreen_tripdata_2020-02.csv.gz&rsct=application%2Foctet-stream&skoid=96c2d410-5711-43a1-aedd-ab1947aa7ab0&sktid=398a6654-997b-47e9-b12b-9515b896b4de&skt=2025-07-17T17%3A53%3A32Z&ske=2025-07-17T18%3A54%3A24Z&sks=b&skv=2018-11-09&sig=PI3mRPROp90x%2F1qR1i8MT3cR9vxDSJcUPgHRBcrghcM%3D&jwt=eyJ******&response-content-disposition=attachment%3B%20filename%3Dgreen_tripdata_2020-02.csv.gz&response-content-type=application%2Foctet-stream [6891456/6891456] -> \"/opt/airflow/green_tripdata_2020-02.csv.gz\" [1]","logger":"airflow.task.hooks.airflow.providers.standard.hooks.subprocess.SubprocessHook"}
{"timestamp":"2025-07-17T17:54:50.556383","level":"info","event":"Command exited with return code 0","logger":"airflow.task.hooks.airflow.providers.standard.hooks.subprocess.SubprocessHook"}
{"timestamp":"2025-07-17T17:54:50.557624","level":"info","event":"Pushing xcom","ti":"RuntimeTaskInstance(id=UUID('01981986-48a6-7994-9523-e867b52d0f53'), task_id='download_dataset_task', dag_id='upload_gcs_greentrips', run_id='scheduled__2020-02-02T06:00:00+00:00', try_number=1, map_index=-1, hostname='8c16a644909e', context_carrier={}, task=<Task(BashOperator): download_dataset_task>, bundle_instance=LocalDagBundle(name=dags-folder), max_tries=0, start_date=datetime.datetime(2025, 7, 17, 17, 54, 47, 765539, tzinfo=TzInfo(UTC)), end_date=None, state=<TaskInstanceState.RUNNING: 'running'>, is_mapped=False, rendered_map_index=None)","logger":"task"}
{"timestamp":"2025-07-17T18:03:15.693360","level":"info","event":"DAG bundles loaded: dags-folder","logger":"airflow.dag_processing.bundles.manager.DagBundlesManager"}
{"timestamp":"2025-07-17T18:03:15.694143","level":"info","event":"Filling up the DagBag from /opt/airflow/dags/data_ingestion_gcs_dag.py","logger":"airflow.models.dagbag.DagBag"}
{"timestamp":"2025-07-17T18:03:20.105712","level":"info","event":"Tmp dir root location: /tmp","logger":"airflow.task.hooks.airflow.providers.standard.hooks.subprocess.SubprocessHook"}
{"timestamp":"2025-07-17T18:03:20.119010","level":"info","event":"Running command: ['/usr/bin/bash', '-c', 'echo https://github.com/DataTalksClub/nyc-tlc-data/releases/download/green/green_tripdata_2020-02.csv.gz && wget --no-verbose https://github.com/DataTalksClub/nyc-tlc-data/releases/download/green/green_tripdata_2020-02.csv.gz -O /opt/airflow/green_tripdata_2020-02.csv.gz && gunzip -f /opt/airflow/green_tripdata_2020-02.csv.gz']","logger":"airflow.task.hooks.airflow.providers.standard.hooks.subprocess.SubprocessHook"}
{"timestamp":"2025-07-17T18:03:20.188532","level":"info","event":"Output:","logger":"airflow.task.hooks.airflow.providers.standard.hooks.subprocess.SubprocessHook"}
{"timestamp":"2025-07-17T18:03:20.193701","level":"info","event":"https://github.com/DataTalksClub/nyc-tlc-data/releases/download/green/green_tripdata_2020-02.csv.gz","logger":"airflow.task.hooks.airflow.providers.standard.hooks.subprocess.SubprocessHook"}
{"timestamp":"2025-07-17T18:03:20.934631","level":"info","event":"2025-07-17 18:03:20 URL:https://release-assets.githubusercontent.com/github-production-release-asset/513814948/a044ac3e-1cf9-4cc5-ba7b-a96aeee93065?sp=r&sv=2018-11-09&sr=b&spr=https&se=2025-07-17T18%3A54%3A18Z&rscd=attachment%3B+filename%3Dgreen_tripdata_2020-02.csv.gz&rsct=application%2Foctet-stream&skoid=96c2d410-5711-43a1-aedd-ab1947aa7ab0&sktid=398a6654-997b-47e9-b12b-9515b896b4de&skt=2025-07-17T17%3A54%3A01Z&ske=2025-07-17T18%3A54%3A18Z&sks=b&skv=2018-11-09&sig=yoX1lw4iVj5XA0Loeq7xo6Exu8NKTJNQa72PPLJ0rQU%3D&jwt=eyJ******&response-content-disposition=attachment%3B%20filename%3Dgreen_tripdata_2020-02.csv.gz&response-content-type=application%2Foctet-stream [6891456/6891456] -> \"/opt/airflow/green_tripdata_2020-02.csv.gz\" [1]","logger":"airflow.task.hooks.airflow.providers.standard.hooks.subprocess.SubprocessHook"}
{"timestamp":"2025-07-17T18:03:21.677415","level":"info","event":"Command exited with return code 0","logger":"airflow.task.hooks.airflow.providers.standard.hooks.subprocess.SubprocessHook"}
{"timestamp":"2025-07-17T18:03:21.682039","level":"info","event":"Pushing xcom","ti":"RuntimeTaskInstance(id=UUID('0198198e-0598-753f-8768-f0d6f3beef90'), task_id='download_dataset_task', dag_id='upload_gcs_greentrips', run_id='scheduled__2020-02-02T06:00:00+00:00', try_number=1, map_index=-1, hostname='8c16a644909e', context_carrier={}, task=<Task(BashOperator): download_dataset_task>, bundle_instance=LocalDagBundle(name=dags-folder), max_tries=0, start_date=datetime.datetime(2025, 7, 17, 18, 3, 15, 178675, tzinfo=TzInfo(UTC)), end_date=None, state=<TaskInstanceState.RUNNING: 'running'>, is_mapped=False, rendered_map_index=None)","logger":"task"}
{"timestamp":"2025-07-17T18:09:11.230476","level":"info","event":"DAG bundles loaded: dags-folder","logger":"airflow.dag_processing.bundles.manager.DagBundlesManager"}
{"timestamp":"2025-07-17T18:09:11.231190","level":"info","event":"Filling up the DagBag from /opt/airflow/dags/data_ingestion_gcs_dag.py","logger":"airflow.models.dagbag.DagBag"}
{"timestamp":"2025-07-17T18:09:12.422039","level":"info","event":"Tmp dir root location: /tmp","logger":"airflow.task.hooks.airflow.providers.standard.hooks.subprocess.SubprocessHook"}
{"timestamp":"2025-07-17T18:09:12.426044","level":"info","event":"Running command: ['/usr/bin/bash', '-c', 'echo https://github.com/DataTalksClub/nyc-tlc-data/releases/download/green/green_tripdata_2020-02.csv.gz && wget --no-verbose https://github.com/DataTalksClub/nyc-tlc-data/releases/download/green/green_tripdata_2020-02.csv.gz -O /opt/airflow/green_tripdata_2020-02.csv.gz && gunzip -f /opt/airflow/green_tripdata_2020-02.csv.gz']","logger":"airflow.task.hooks.airflow.providers.standard.hooks.subprocess.SubprocessHook"}
{"timestamp":"2025-07-17T18:09:12.478868","level":"info","event":"Output:","logger":"airflow.task.hooks.airflow.providers.standard.hooks.subprocess.SubprocessHook"}
{"timestamp":"2025-07-17T18:09:12.483887","level":"info","event":"https://github.com/DataTalksClub/nyc-tlc-data/releases/download/green/green_tripdata_2020-02.csv.gz","logger":"airflow.task.hooks.airflow.providers.standard.hooks.subprocess.SubprocessHook"}
{"timestamp":"2025-07-17T18:09:13.209657","level":"info","event":"2025-07-17 18:09:13 URL:https://release-assets.githubusercontent.com/github-production-release-asset/513814948/a044ac3e-1cf9-4cc5-ba7b-a96aeee93065?sp=r&sv=2018-11-09&sr=b&spr=https&se=2025-07-17T18%3A55%3A23Z&rscd=attachment%3B+filename%3Dgreen_tripdata_2020-02.csv.gz&rsct=application%2Foctet-stream&skoid=96c2d410-5711-43a1-aedd-ab1947aa7ab0&sktid=398a6654-997b-47e9-b12b-9515b896b4de&skt=2025-07-17T17%3A54%3A49Z&ske=2025-07-17T18%3A55%3A23Z&sks=b&skv=2018-11-09&sig=pB5QfnmrmoVwZUYnDqmmXTVKbpSVo0G0MbFJcO3LzHc%3D&jwt=eyJ******&response-content-disposition=attachment%3B%20filename%3Dgreen_tripdata_2020-02.csv.gz&response-content-type=application%2Foctet-stream [6891456/6891456] -> \"/opt/airflow/green_tripdata_2020-02.csv.gz\" [1]","logger":"airflow.task.hooks.airflow.providers.standard.hooks.subprocess.SubprocessHook"}
{"timestamp":"2025-07-17T18:09:13.828473","level":"info","event":"Command exited with return code 0","logger":"airflow.task.hooks.airflow.providers.standard.hooks.subprocess.SubprocessHook"}
{"timestamp":"2025-07-17T18:09:13.844847","level":"info","event":"Pushing xcom","ti":"RuntimeTaskInstance(id=UUID('01981993-73f5-7bcb-908a-b346049046ec'), task_id='download_dataset_task', dag_id='upload_gcs_greentrips', run_id='scheduled__2020-02-02T06:00:00+00:00', try_number=1, map_index=-1, hostname='8c16a644909e', context_carrier={}, task=<Task(BashOperator): download_dataset_task>, bundle_instance=LocalDagBundle(name=dags-folder), max_tries=0, start_date=datetime.datetime(2025, 7, 17, 18, 9, 10, 793153, tzinfo=TzInfo(UTC)), end_date=None, state=<TaskInstanceState.RUNNING: 'running'>, is_mapped=False, rendered_map_index=None)","logger":"task"}
