{"timestamp":"2025-07-13T16:02:41.201980","level":"info","event":"DAG bundles loaded: dags-folder","logger":"airflow.dag_processing.bundles.manager.DagBundlesManager"}
{"timestamp":"2025-07-13T16:02:41.214465","level":"info","event":"Filling up the DagBag from /opt/airflow/dags/data_ingestion_localpg_dag.py","logger":"airflow.models.dagbag.DagBag"}
{"timestamp":"2025-07-13T16:02:42.164415","level":"error","event":"Task failed with exception","logger":"task","error_detail":[{"exc_type":"ValueError","exc_value":"invalid literal for int() with base 10: 'None'","exc_notes":[],"syntax_error":null,"is_cause":false,"frames":[{"filename":"/home/airflow/.local/lib/python3.12/site-packages/airflow/sdk/execution_time/task_runner.py","lineno":867,"name":"run"},{"filename":"/home/airflow/.local/lib/python3.12/site-packages/airflow/sdk/execution_time/task_runner.py","lineno":1159,"name":"_execute_task"},{"filename":"/home/airflow/.local/lib/python3.12/site-packages/airflow/sdk/bases/operator.py","lineno":397,"name":"wrapper"},{"filename":"/home/airflow/.local/lib/python3.12/site-packages/airflow/providers/standard/operators/python.py","lineno":216,"name":"execute"},{"filename":"/home/airflow/.local/lib/python3.12/site-packages/airflow/providers/standard/operators/python.py","lineno":239,"name":"execute_callable"},{"filename":"/home/airflow/.local/lib/python3.12/site-packages/airflow/sdk/execution_time/callback_runner.py","lineno":81,"name":"run"},{"filename":"/opt/airflow/dags/ingest_data.py","lineno":8,"name":"ingest_callable"},{"filename":"<string>","lineno":2,"name":"create_engine"},{"filename":"/home/airflow/.local/lib/python3.12/site-packages/sqlalchemy/util/deprecations.py","lineno":375,"name":"warned"},{"filename":"/home/airflow/.local/lib/python3.12/site-packages/sqlalchemy/engine/create.py","lineno":514,"name":"create_engine"},{"filename":"/home/airflow/.local/lib/python3.12/site-packages/sqlalchemy/engine/url.py","lineno":738,"name":"make_url"},{"filename":"/home/airflow/.local/lib/python3.12/site-packages/sqlalchemy/engine/url.py","lineno":794,"name":"_parse_url"}],"is_group":false,"exceptions":[]}]}
{"timestamp":"2025-07-13T16:23:41.613526","level":"info","event":"DAG bundles loaded: dags-folder","logger":"airflow.dag_processing.bundles.manager.DagBundlesManager"}
{"timestamp":"2025-07-13T16:23:41.616708","level":"info","event":"Filling up the DagBag from /opt/airflow/dags/data_ingestion_localpg_dag.py","logger":"airflow.models.dagbag.DagBag"}
{"timestamp":"2025-07-13T16:24:20.588137Z","level":"info","event":"inserted 100000 chunks, took 36.663","chan":"stdout","logger":"task"}
{"timestamp":"2025-07-13T16:24:52.491529Z","level":"info","event":"inserted 100000 chunks, took 31.899","chan":"stdout","logger":"task"}
{"timestamp":"2025-07-13T16:25:19.458429Z","level":"info","event":"inserted 100000 chunks, took 26.962","chan":"stdout","logger":"task"}
{"timestamp":"2025-07-13T16:25:39.366851Z","level":"info","event":"inserted 100000 chunks, took 19.904","chan":"stdout","logger":"task"}
{"timestamp":"2025-07-13T16:25:53.491996Z","level":"info","event":"inserted 100000 chunks, took 14.125","chan":"stdout","logger":"task"}
{"timestamp":"2025-07-13T16:26:14.658079Z","level":"info","event":"inserted 100000 chunks, took 21.163","chan":"stdout","logger":"task"}
{"timestamp":"2025-07-13T16:26:38.178746Z","level":"info","event":"inserted 100000 chunks, took 23.517","chan":"stdout","logger":"task"}
{"timestamp":"2025-07-13T16:26:54.242135Z","level":"info","event":"inserted 100000 chunks, took 15.817","chan":"stdout","logger":"task"}
{"timestamp":"2025-07-13T16:27:17.340606Z","level":"info","event":"inserted 100000 chunks, took 23.351","chan":"stdout","logger":"task"}
{"timestamp":"2025-07-13T16:27:35.856171Z","level":"info","event":"inserted 100000 chunks, took 18.515","chan":"stdout","logger":"task"}
{"timestamp":"2025-07-13T16:27:53.704186Z","level":"info","event":"inserted 100000 chunks, took 17.844","chan":"stdout","logger":"task"}
{"timestamp":"2025-07-13T16:28:11.143748Z","level":"info","event":"inserted 100000 chunks, took 17.442","chan":"stdout","logger":"task"}
{"timestamp":"2025-07-13T16:28:28.892130Z","level":"info","event":"inserted 100000 chunks, took 17.746","chan":"stdout","logger":"task"}
{"timestamp":"2025-07-13T16:28:41.297446Z","level":"info","event":"inserted 100000 chunks, took 12.407","chan":"stdout","logger":"task"}
{"timestamp":"2025-07-13T16:28:56.133341Z","level":"info","event":"inserted 100000 chunks, took 14.831","chan":"stdout","logger":"task"}
{"timestamp":"2025-07-13T16:29:15.101275Z","level":"info","event":"inserted 100000 chunks, took 18.972","chan":"stdout","logger":"task"}
{"timestamp":"2025-07-13T16:29:31.689516Z","level":"info","event":"inserted 100000 chunks, took 16.589","chan":"stdout","logger":"task"}
{"timestamp":"2025-07-13T16:29:50.685424Z","level":"info","event":"inserted 100000 chunks, took 18.941","chan":"stdout","logger":"task"}
{"timestamp":"2025-07-13T16:30:10.451737Z","level":"info","event":"inserted 100000 chunks, took 19.808","chan":"stdout","logger":"task"}
{"timestamp":"2025-07-13T16:30:46.258110Z","level":"info","event":"inserted 100000 chunks, took 35.802","chan":"stdout","logger":"task"}
{"timestamp":"2025-07-13T16:31:09.822837Z","level":"info","event":"inserted 100000 chunks, took 23.548","chan":"stdout","logger":"task"}
{"timestamp":"2025-07-13T16:31:29.067541Z","level":"info","event":"inserted 100000 chunks, took 19.271","chan":"stdout","logger":"task"}
{"timestamp":"2025-07-13T16:31:56.445543Z","level":"info","event":"inserted 100000 chunks, took 27.375","chan":"stdout","logger":"task"}
{"timestamp":"2025-07-13T16:31:56.973703","level":"warning","event":"/opt/airflow/dags/ingest_data.py:28: DtypeWarning: Columns (6) have mixed types. Specify dtype option on import or set low_memory=False.\n  df = next(df_iter)\n","logger":"py.warnings"}
{"timestamp":"2025-07-13T16:32:16.440726Z","level":"info","event":"inserted 100000 chunks, took 20.000","chan":"stdout","logger":"task"}
{"timestamp":"2025-07-13T16:32:29.153394Z","level":"info","event":"inserted 100000 chunks, took 12.709","chan":"stdout","logger":"task"}
{"timestamp":"2025-07-13T16:32:29.847945Z","level":"info","event":"inserted 100000 chunks, took 0.699","chan":"stdout","logger":"task"}
{"timestamp":"2025-07-13T16:32:29.859601","level":"info","event":"Done. Returned value was: None","logger":"airflow.task.operators.airflow.providers.standard.operators.python.PythonOperator"}
