{"timestamp":"2025-07-17T06:29:45.881501","level":"info","event":"DAG bundles loaded: dags-folder","logger":"airflow.dag_processing.bundles.manager.DagBundlesManager"}
{"timestamp":"2025-07-17T06:29:45.882556","level":"info","event":"Filling up the DagBag from /opt/airflow/dags/data_ingestion_localpg_dag.py","logger":"airflow.models.dagbag.DagBag"}
{"timestamp":"2025-07-17T06:29:46.273343","level":"info","event":"Tmp dir root location: /tmp","logger":"airflow.task.hooks.airflow.providers.standard.hooks.subprocess.SubprocessHook"}
{"timestamp":"2025-07-17T06:29:46.275187","level":"info","event":"Running command: ['/usr/bin/bash', '-c', 'wget https://github.com/DataTalksClub/nyc-tlc-data/releases/download/yellow/yellow_tripdata_2020-07.csv.gz -O /opt/airflow/yellow_tripdata_2020-07.csv.gz && gunzip -f /opt/airflow/yellow_tripdata_2020-07.csv.gz || rm -f /opt/airflow/yellow_tripdata_2020-07.csv.gz']","logger":"airflow.task.hooks.airflow.providers.standard.hooks.subprocess.SubprocessHook"}
{"timestamp":"2025-07-17T06:29:46.303445","level":"info","event":"Output:","logger":"airflow.task.hooks.airflow.providers.standard.hooks.subprocess.SubprocessHook"}
{"timestamp":"2025-07-17T06:29:46.319307","level":"info","event":"--2025-07-17 06:29:46--  https://github.com/DataTalksClub/nyc-tlc-data/releases/download/yellow/yellow_tripdata_2020-07.csv.gz","logger":"airflow.task.hooks.airflow.providers.standard.hooks.subprocess.SubprocessHook"}
{"timestamp":"2025-07-17T06:29:46.344901","level":"info","event":"Resolving github.com (github.com)... 20.205.243.166","logger":"airflow.task.hooks.airflow.providers.standard.hooks.subprocess.SubprocessHook"}
{"timestamp":"2025-07-17T06:29:46.355676","level":"info","event":"Connecting to github.com (github.com)|20.205.243.166|:443... connected.","logger":"airflow.task.hooks.airflow.providers.standard.hooks.subprocess.SubprocessHook"}
{"timestamp":"2025-07-17T06:29:46.699505","level":"info","event":"HTTP request sent, awaiting response... 302 Found","logger":"airflow.task.hooks.airflow.providers.standard.hooks.subprocess.SubprocessHook"}
{"timestamp":"2025-07-17T06:29:46.699650","level":"info","event":"Location: https://release-assets.githubusercontent.com/github-production-release-asset/513814948/1d635856-7182-4a46-a5a0-19b4e158fe1d?sp=r&sv=2018-11-09&sr=b&spr=https&se=2025-07-17T07%3A03%3A52Z&rscd=attachment%3B+filename%3Dyellow_tripdata_2020-07.csv.gz&rsct=application%2Foctet-stream&skoid=96c2d410-5711-43a1-aedd-ab1947aa7ab0&sktid=398a6654-997b-47e9-b12b-9515b896b4de&skt=2025-07-17T06%3A03%3A33Z&ske=2025-07-17T07%3A03%3A52Z&sks=b&skv=2018-11-09&sig=t2KvO3t042lg6rnpyxRWpSp9BCxZQERAzmN%2Fi53RSJY%3D&jwt=eyJ******&response-content-disposition=attachment%3B%20filename%3Dyellow_tripdata_2020-07.csv.gz&response-content-type=application%2Foctet-stream [following]","logger":"airflow.task.hooks.airflow.providers.standard.hooks.subprocess.SubprocessHook"}
{"timestamp":"2025-07-17T06:29:46.699744","level":"info","event":"--2025-07-17 06:29:46--  https://release-assets.githubusercontent.com/github-production-release-asset/513814948/1d635856-7182-4a46-a5a0-19b4e158fe1d?sp=r&sv=2018-11-09&sr=b&spr=https&se=2025-07-17T07%3A03%3A52Z&rscd=attachment%3B+filename%3Dyellow_tripdata_2020-07.csv.gz&rsct=application%2Foctet-stream&skoid=96c2d410-5711-43a1-aedd-ab1947aa7ab0&sktid=398a6654-997b-47e9-b12b-9515b896b4de&skt=2025-07-17T06%3A03%3A33Z&ske=2025-07-17T07%3A03%3A52Z&sks=b&skv=2018-11-09&sig=t2KvO3t042lg6rnpyxRWpSp9BCxZQERAzmN%2Fi53RSJY%3D&jwt=eyJ******&response-content-disposition=attachment%3B%20filename%3Dyellow_tripdata_2020-07.csv.gz&response-content-type=application%2Foctet-stream","logger":"airflow.task.hooks.airflow.providers.standard.hooks.subprocess.SubprocessHook"}
{"timestamp":"2025-07-17T06:29:46.703964","level":"info","event":"Resolving release-assets.githubusercontent.com (release-assets.githubusercontent.com)... 185.199.108.133, 185.199.109.133, 185.199.110.133, ...","logger":"airflow.task.hooks.airflow.providers.standard.hooks.subprocess.SubprocessHook"}
{"timestamp":"2025-07-17T06:29:46.711169","level":"info","event":"Connecting to release-assets.githubusercontent.com (release-assets.githubusercontent.com)|185.199.108.133|:443... connected.","logger":"airflow.task.hooks.airflow.providers.standard.hooks.subprocess.SubprocessHook"}
{"timestamp":"2025-07-17T06:29:47.101015","level":"info","event":"HTTP request sent, awaiting response... 200 OK","logger":"airflow.task.hooks.airflow.providers.standard.hooks.subprocess.SubprocessHook"}
{"timestamp":"2025-07-17T06:29:47.101124","level":"info","event":"Length: 14720186 (14M) [application/octet-stream]","logger":"airflow.task.hooks.airflow.providers.standard.hooks.subprocess.SubprocessHook"}
{"timestamp":"2025-07-17T06:29:47.101189","level":"info","event":"Saving to: ‘/opt/airflow/yellow_tripdata_2020-07.csv.gz’","logger":"airflow.task.hooks.airflow.providers.standard.hooks.subprocess.SubprocessHook"}
{"timestamp":"2025-07-17T06:29:47.102681","level":"info","event":"","logger":"airflow.task.hooks.airflow.providers.standard.hooks.subprocess.SubprocessHook"}
{"timestamp":"2025-07-17T06:29:47.112377","level":"info","event":"     0K .......... .......... .......... .......... ..........  0% 4.37M 3s","logger":"airflow.task.hooks.airflow.providers.standard.hooks.subprocess.SubprocessHook"}
{"timestamp":"2025-07-17T06:29:47.116094","level":"info","event":"    50K .......... .......... .......... .......... ..........  0% 12.9M 2s","logger":"airflow.task.hooks.airflow.providers.standard.hooks.subprocess.SubprocessHook"}
{"timestamp":"2025-07-17T06:29:47.121277","level":"info","event":"   100K .......... .......... .......... .......... ..........  1% 9.39M 2s","logger":"airflow.task.hooks.airflow.providers.standard.hooks.subprocess.SubprocessHook"}
{"timestamp":"2025-07-17T06:29:47.123728","level":"info","event":"   150K .......... .......... .......... .......... ..........  1% 19.9M 2s","logger":"airflow.task.hooks.airflow.providers.standard.hooks.subprocess.SubprocessHook"}
{"timestamp":"2025-07-17T06:29:47.126755","level":"info","event":"   200K .......... .......... .......... .......... ..........  1% 16.1M 1s","logger":"airflow.task.hooks.airflow.providers.standard.hooks.subprocess.SubprocessHook"}
{"timestamp":"2025-07-17T06:29:47.129193","level":"info","event":"   250K .......... .......... .......... .......... ..........  2% 19.5M 1s","logger":"airflow.task.hooks.airflow.providers.standard.hooks.subprocess.SubprocessHook"}
{"timestamp":"2025-07-17T06:29:47.129735","level":"info","event":"   300K .......... .......... .......... .......... ..........  2% 87.3M 1s","logger":"airflow.task.hooks.airflow.providers.standard.hooks.subprocess.SubprocessHook"}
{"timestamp":"2025-07-17T06:29:47.131651","level":"info","event":"   350K .......... .......... .......... .......... ..........  2% 26.0M 1s","logger":"airflow.task.hooks.airflow.providers.standard.hooks.subprocess.SubprocessHook"}
{"timestamp":"2025-07-17T06:29:47.133609","level":"info","event":"   400K .......... .......... .......... .......... ..........  3% 25.4M 1s","logger":"airflow.task.hooks.airflow.providers.standard.hooks.subprocess.SubprocessHook"}
{"timestamp":"2025-07-17T06:29:47.134934","level":"info","event":"   450K .......... .......... .......... .......... ..........  3% 35.2M 1s","logger":"airflow.task.hooks.airflow.providers.standard.hooks.subprocess.SubprocessHook"}
{"timestamp":"2025-07-17T06:29:47.135841","level":"info","event":"   500K .......... .......... .......... .......... ..........  3% 56.7M 1s","logger":"airflow.task.hooks.airflow.providers.standard.hooks.subprocess.SubprocessHook"}
{"timestamp":"2025-07-17T06:29:47.137970","level":"info","event":"   550K .......... .......... .......... .......... ..........  4% 22.4M 1s","logger":"airflow.task.hooks.airflow.providers.standard.hooks.subprocess.SubprocessHook"}
{"timestamp":"2025-07-17T06:29:47.142419","level":"info","event":"   600K .......... .......... .......... .......... ..........  4% 11.2M 1s","logger":"airflow.task.hooks.airflow.providers.standard.hooks.subprocess.SubprocessHook"}
{"timestamp":"2025-07-17T06:29:47.143972","level":"info","event":"   650K .......... .......... .......... .......... ..........  4% 29.6M 1s","logger":"airflow.task.hooks.airflow.providers.standard.hooks.subprocess.SubprocessHook"}
{"timestamp":"2025-07-17T06:29:47.149266","level":"info","event":"   700K .......... .......... .......... .......... ..........  5% 9.36M 1s","logger":"airflow.task.hooks.airflow.providers.standard.hooks.subprocess.SubprocessHook"}
{"timestamp":"2025-07-17T06:29:47.150294","level":"info","event":"   750K .......... .......... .......... .......... ..........  5% 45.3M 1s","logger":"airflow.task.hooks.airflow.providers.standard.hooks.subprocess.SubprocessHook"}
{"timestamp":"2025-07-17T06:29:47.154148","level":"info","event":"   800K .......... .......... .......... .......... ..........  5% 12.7M 1s","logger":"airflow.task.hooks.airflow.providers.standard.hooks.subprocess.SubprocessHook"}
{"timestamp":"2025-07-17T06:29:47.156306","level":"info","event":"   850K .......... .......... .......... .......... ..........  6% 22.7M 1s","logger":"airflow.task.hooks.airflow.providers.standard.hooks.subprocess.SubprocessHook"}
{"timestamp":"2025-07-17T06:29:47.160758","level":"info","event":"   900K .......... .......... .......... .......... ..........  6% 11.1M 1s","logger":"airflow.task.hooks.airflow.providers.standard.hooks.subprocess.SubprocessHook"}
{"timestamp":"2025-07-17T06:29:47.162357","level":"info","event":"   950K .......... .......... .......... .......... ..........  6% 28.7M 1s","logger":"airflow.task.hooks.airflow.providers.standard.hooks.subprocess.SubprocessHook"}
{"timestamp":"2025-07-17T06:29:47.169925","level":"info","event":"  1000K .......... .......... .......... .......... ..........  7% 6.89M 1s","logger":"airflow.task.hooks.airflow.providers.standard.hooks.subprocess.SubprocessHook"}
{"timestamp":"2025-07-17T06:29:47.170739","level":"info","event":"  1050K .......... .......... .......... .......... ..........  7% 43.8M 1s","logger":"airflow.task.hooks.airflow.providers.standard.hooks.subprocess.SubprocessHook"}
{"timestamp":"2025-07-17T06:29:47.172824","level":"info","event":"  1100K .......... .......... .......... .......... ..........  7% 23.5M 1s","logger":"airflow.task.hooks.airflow.providers.standard.hooks.subprocess.SubprocessHook"}
{"timestamp":"2025-07-17T06:29:47.175997","level":"info","event":"  1150K .......... .......... .......... .......... ..........  8% 14.8M 1s","logger":"airflow.task.hooks.airflow.providers.standard.hooks.subprocess.SubprocessHook"}
{"timestamp":"2025-07-17T06:29:47.178011","level":"info","event":"  1200K .......... .......... .......... .......... ..........  8% 24.1M 1s","logger":"airflow.task.hooks.airflow.providers.standard.hooks.subprocess.SubprocessHook"}
{"timestamp":"2025-07-17T06:29:47.181346","level":"info","event":"  1250K .......... .......... .......... .......... ..........  9% 14.8M 1s","logger":"airflow.task.hooks.airflow.providers.standard.hooks.subprocess.SubprocessHook"}
{"timestamp":"2025-07-17T06:29:47.186557","level":"info","event":"  1300K .......... .......... .......... .......... ..........  9% 9.39M 1s","logger":"airflow.task.hooks.airflow.providers.standard.hooks.subprocess.SubprocessHook"}
{"timestamp":"2025-07-17T06:29:47.188086","level":"info","event":"  1350K .......... .......... .......... .......... ..........  9% 31.8M 1s","logger":"airflow.task.hooks.airflow.providers.standard.hooks.subprocess.SubprocessHook"}
{"timestamp":"2025-07-17T06:29:47.191432","level":"info","event":"  1400K .......... .......... .......... .......... .......... 10% 14.7M 1s","logger":"airflow.task.hooks.airflow.providers.standard.hooks.subprocess.SubprocessHook"}
{"timestamp":"2025-07-17T06:29:47.197307","level":"info","event":"  1450K .......... .......... .......... .......... .......... 10% 8.36M 1s","logger":"airflow.task.hooks.airflow.providers.standard.hooks.subprocess.SubprocessHook"}
{"timestamp":"2025-07-17T06:29:47.198131","level":"info","event":"  1500K .......... .......... .......... .......... .......... 10% 52.0M 1s","logger":"airflow.task.hooks.airflow.providers.standard.hooks.subprocess.SubprocessHook"}
{"timestamp":"2025-07-17T06:29:47.199932","level":"info","event":"  1550K .......... .......... .......... .......... .......... 11% 26.7M 1s","logger":"airflow.task.hooks.airflow.providers.standard.hooks.subprocess.SubprocessHook"}
{"timestamp":"2025-07-17T06:29:47.203336","level":"info","event":"  1600K .......... .......... .......... .......... .......... 11% 14.4M 1s","logger":"airflow.task.hooks.airflow.providers.standard.hooks.subprocess.SubprocessHook"}
{"timestamp":"2025-07-17T06:29:47.205813","level":"info","event":"  1650K .......... .......... .......... .......... .......... 11% 19.9M 1s","logger":"airflow.task.hooks.airflow.providers.standard.hooks.subprocess.SubprocessHook"}
{"timestamp":"2025-07-17T06:29:47.211235","level":"info","event":"  1700K .......... .......... .......... .......... .......... 12% 9.11M 1s","logger":"airflow.task.hooks.airflow.providers.standard.hooks.subprocess.SubprocessHook"}
{"timestamp":"2025-07-17T06:29:47.213040","level":"info","event":"  1750K .......... .......... .......... .......... .......... 12% 25.9M 1s","logger":"airflow.task.hooks.airflow.providers.standard.hooks.subprocess.SubprocessHook"}
{"timestamp":"2025-07-17T06:29:47.215597","level":"info","event":"  1800K .......... .......... .......... .......... .......... 12% 19.1M 1s","logger":"airflow.task.hooks.airflow.providers.standard.hooks.subprocess.SubprocessHook"}
{"timestamp":"2025-07-17T06:29:47.333998","level":"info","event":"  1850K .......... .......... .......... .......... .......... 13%  423K 2s","logger":"airflow.task.hooks.airflow.providers.standard.hooks.subprocess.SubprocessHook"}
{"timestamp":"2025-07-17T06:29:47.336751","level":"info","event":"  1900K .......... .......... .......... .......... .......... 13% 17.1M 2s","logger":"airflow.task.hooks.airflow.providers.standard.hooks.subprocess.SubprocessHook"}
{"timestamp":"2025-07-17T06:29:47.343517","level":"info","event":"  1950K .......... .......... .......... .......... .......... 13% 7.27M 1s","logger":"airflow.task.hooks.airflow.providers.standard.hooks.subprocess.SubprocessHook"}
{"timestamp":"2025-07-17T06:29:47.343920","level":"info","event":"  2000K .......... .......... .......... .......... .......... 14%  115M 1s","logger":"airflow.task.hooks.airflow.providers.standard.hooks.subprocess.SubprocessHook"}
{"timestamp":"2025-07-17T06:29:47.347766","level":"info","event":"  2050K .......... .......... .......... .......... .......... 14% 14.5M 1s","logger":"airflow.task.hooks.airflow.providers.standard.hooks.subprocess.SubprocessHook"}
{"timestamp":"2025-07-17T06:29:47.352340","level":"info","event":"  2100K .......... .......... .......... .......... .......... 14% 10.2M 1s","logger":"airflow.task.hooks.airflow.providers.standard.hooks.subprocess.SubprocessHook"}
{"timestamp":"2025-07-17T06:29:47.353930","level":"info","event":"  2150K .......... .......... .......... .......... .......... 15% 26.0M 1s","logger":"airflow.task.hooks.airflow.providers.standard.hooks.subprocess.SubprocessHook"}
{"timestamp":"2025-07-17T06:29:47.355912","level":"info","event":"  2200K .......... .......... .......... .......... .......... 15% 24.7M 1s","logger":"airflow.task.hooks.airflow.providers.standard.hooks.subprocess.SubprocessHook"}
{"timestamp":"2025-07-17T06:29:47.360858","level":"info","event":"  2250K .......... .......... .......... .......... .......... 15% 10.7M 1s","logger":"airflow.task.hooks.airflow.providers.standard.hooks.subprocess.SubprocessHook"}
{"timestamp":"2025-07-17T06:29:47.366429","level":"info","event":"  2300K .......... .......... .......... .......... .......... 16% 8.45M 1s","logger":"airflow.task.hooks.airflow.providers.standard.hooks.subprocess.SubprocessHook"}
{"timestamp":"2025-07-17T06:29:47.367621","level":"info","event":"  2350K .......... .......... .......... .......... .......... 16% 45.4M 1s","logger":"airflow.task.hooks.airflow.providers.standard.hooks.subprocess.SubprocessHook"}
{"timestamp":"2025-07-17T06:29:47.369426","level":"info","event":"  2400K .......... .......... .......... .......... .......... 17% 23.1M 1s","logger":"airflow.task.hooks.airflow.providers.standard.hooks.subprocess.SubprocessHook"}
{"timestamp":"2025-07-17T06:29:47.371247","level":"info","event":"  2450K .......... .......... .......... .......... .......... 17% 30.9M 1s","logger":"airflow.task.hooks.airflow.providers.standard.hooks.subprocess.SubprocessHook"}
{"timestamp":"2025-07-17T06:29:47.374443","level":"info","event":"  2500K .......... .......... .......... .......... .......... 17% 14.3M 1s","logger":"airflow.task.hooks.airflow.providers.standard.hooks.subprocess.SubprocessHook"}
{"timestamp":"2025-07-17T06:29:47.376992","level":"info","event":"  2550K .......... .......... .......... .......... .......... 18% 19.4M 1s","logger":"airflow.task.hooks.airflow.providers.standard.hooks.subprocess.SubprocessHook"}
{"timestamp":"2025-07-17T06:29:47.381620","level":"info","event":"  2600K .......... .......... .......... .......... .......... 18% 10.6M 1s","logger":"airflow.task.hooks.airflow.providers.standard.hooks.subprocess.SubprocessHook"}
{"timestamp":"2025-07-17T06:29:47.385652","level":"info","event":"  2650K .......... .......... .......... .......... .......... 18% 12.8M 1s","logger":"airflow.task.hooks.airflow.providers.standard.hooks.subprocess.SubprocessHook"}
{"timestamp":"2025-07-17T06:29:47.386500","level":"info","event":"  2700K .......... .......... .......... .......... .......... 19% 42.6M 1s","logger":"airflow.task.hooks.airflow.providers.standard.hooks.subprocess.SubprocessHook"}
{"timestamp":"2025-07-17T06:29:47.390003","level":"info","event":"  2750K .......... .......... .......... .......... .......... 19% 14.1M 1s","logger":"airflow.task.hooks.airflow.providers.standard.hooks.subprocess.SubprocessHook"}
{"timestamp":"2025-07-17T06:29:47.392723","level":"info","event":"  2800K .......... .......... .......... .......... .......... 19% 17.6M 1s","logger":"airflow.task.hooks.airflow.providers.standard.hooks.subprocess.SubprocessHook"}
{"timestamp":"2025-07-17T06:29:47.395529","level":"info","event":"  2850K .......... .......... .......... .......... .......... 20% 17.3M 1s","logger":"airflow.task.hooks.airflow.providers.standard.hooks.subprocess.SubprocessHook"}
{"timestamp":"2025-07-17T06:29:47.398973","level":"info","event":"  2900K .......... .......... .......... .......... .......... 20% 14.5M 1s","logger":"airflow.task.hooks.airflow.providers.standard.hooks.subprocess.SubprocessHook"}
{"timestamp":"2025-07-17T06:29:47.401211","level":"info","event":"  2950K .......... .......... .......... .......... .......... 20% 21.1M 1s","logger":"airflow.task.hooks.airflow.providers.standard.hooks.subprocess.SubprocessHook"}
{"timestamp":"2025-07-17T06:29:47.405702","level":"info","event":"  3000K .......... .......... .......... .......... .......... 21% 13.4M 1s","logger":"airflow.task.hooks.airflow.providers.standard.hooks.subprocess.SubprocessHook"}
{"timestamp":"2025-07-17T06:29:47.408282","level":"info","event":"  3050K .......... .......... .......... .......... .......... 21% 14.2M 1s","logger":"airflow.task.hooks.airflow.providers.standard.hooks.subprocess.SubprocessHook"}
{"timestamp":"2025-07-17T06:29:47.409948","level":"info","event":"  3100K .......... .......... .......... .......... .......... 21% 29.6M 1s","logger":"airflow.task.hooks.airflow.providers.standard.hooks.subprocess.SubprocessHook"}
{"timestamp":"2025-07-17T06:29:47.416051","level":"info","event":"  3150K .......... .......... .......... .......... .......... 22% 8.18M 1s","logger":"airflow.task.hooks.airflow.providers.standard.hooks.subprocess.SubprocessHook"}
{"timestamp":"2025-07-17T06:29:47.421158","level":"info","event":"  3200K .......... .......... .......... .......... .......... 22% 14.9M 1s","logger":"airflow.task.hooks.airflow.providers.standard.hooks.subprocess.SubprocessHook"}
{"timestamp":"2025-07-17T06:29:47.423818","level":"info","event":"  3250K .......... .......... .......... .......... .......... 22% 11.4M 1s","logger":"airflow.task.hooks.airflow.providers.standard.hooks.subprocess.SubprocessHook"}
{"timestamp":"2025-07-17T06:29:47.428084","level":"info","event":"  3300K .......... .......... .......... .......... .......... 23% 13.6M 1s","logger":"airflow.task.hooks.airflow.providers.standard.hooks.subprocess.SubprocessHook"}
{"timestamp":"2025-07-17T06:29:47.428179","level":"info","event":"  3350K .......... .......... .......... .......... .......... 23% 64.9M 1s","logger":"airflow.task.hooks.airflow.providers.standard.hooks.subprocess.SubprocessHook"}
{"timestamp":"2025-07-17T06:29:47.431772","level":"info","event":"  3400K .......... .......... .......... .......... .......... 23% 15.6M 1s","logger":"airflow.task.hooks.airflow.providers.standard.hooks.subprocess.SubprocessHook"}
{"timestamp":"2025-07-17T06:29:47.433414","level":"info","event":"  3450K .......... .......... .......... .......... .......... 24% 19.8M 1s","logger":"airflow.task.hooks.airflow.providers.standard.hooks.subprocess.SubprocessHook"}
{"timestamp":"2025-07-17T06:29:47.444099","level":"info","event":"  3500K .......... .......... .......... .......... .......... 24% 7.58M 1s","logger":"airflow.task.hooks.airflow.providers.standard.hooks.subprocess.SubprocessHook"}
{"timestamp":"2025-07-17T06:29:47.444360","level":"info","event":"  3550K .......... .......... .......... .......... .......... 25% 35.0M 1s","logger":"airflow.task.hooks.airflow.providers.standard.hooks.subprocess.SubprocessHook"}
{"timestamp":"2025-07-17T06:29:47.447928","level":"info","event":"  3600K .......... .......... .......... .......... .......... 25% 7.79M 1s","logger":"airflow.task.hooks.airflow.providers.standard.hooks.subprocess.SubprocessHook"}
{"timestamp":"2025-07-17T06:29:47.448317","level":"info","event":"  3650K .......... .......... .......... .......... .......... 25%  199M 1s","logger":"airflow.task.hooks.airflow.providers.standard.hooks.subprocess.SubprocessHook"}
{"timestamp":"2025-07-17T06:29:47.449956","level":"info","event":"  3700K .......... .......... .......... .......... .......... 26% 28.4M 1s","logger":"airflow.task.hooks.airflow.providers.standard.hooks.subprocess.SubprocessHook"}
{"timestamp":"2025-07-17T06:29:47.451882","level":"info","event":"  3750K .......... .......... .......... .......... .......... 26% 27.6M 1s","logger":"airflow.task.hooks.airflow.providers.standard.hooks.subprocess.SubprocessHook"}
{"timestamp":"2025-07-17T06:29:47.453711","level":"info","event":"  3800K .......... .......... .......... .......... .......... 26% 21.4M 1s","logger":"airflow.task.hooks.airflow.providers.standard.hooks.subprocess.SubprocessHook"}
{"timestamp":"2025-07-17T06:29:47.457625","level":"info","event":"  3850K .......... .......... .......... .......... .......... 27% 12.9M 1s","logger":"airflow.task.hooks.airflow.providers.standard.hooks.subprocess.SubprocessHook"}
{"timestamp":"2025-07-17T06:29:47.461983","level":"info","event":"  3900K .......... .......... .......... .......... .......... 27% 10.7M 1s","logger":"airflow.task.hooks.airflow.providers.standard.hooks.subprocess.SubprocessHook"}
{"timestamp":"2025-07-17T06:29:47.475804","level":"info","event":"  3950K .......... .......... .......... .......... .......... 27% 3.92M 1s","logger":"airflow.task.hooks.airflow.providers.standard.hooks.subprocess.SubprocessHook"}
{"timestamp":"2025-07-17T06:29:47.476136","level":"info","event":"  4000K .......... .......... .......... .......... .......... 28%  179M 1s","logger":"airflow.task.hooks.airflow.providers.standard.hooks.subprocess.SubprocessHook"}
{"timestamp":"2025-07-17T06:29:47.476978","level":"info","event":"  4050K .......... .......... .......... .......... .......... 28% 20.4M 1s","logger":"airflow.task.hooks.airflow.providers.standard.hooks.subprocess.SubprocessHook"}
{"timestamp":"2025-07-17T06:29:47.477570","level":"info","event":"  4100K .......... .......... .......... .......... .......... 28%  101M 1s","logger":"airflow.task.hooks.airflow.providers.standard.hooks.subprocess.SubprocessHook"}
{"timestamp":"2025-07-17T06:29:47.478065","level":"info","event":"  4150K .......... .......... .......... .......... .......... 29% 94.7M 1s","logger":"airflow.task.hooks.airflow.providers.standard.hooks.subprocess.SubprocessHook"}
{"timestamp":"2025-07-17T06:29:47.479008","level":"info","event":"  4200K .......... .......... .......... .......... .......... 29% 47.5M 1s","logger":"airflow.task.hooks.airflow.providers.standard.hooks.subprocess.SubprocessHook"}
{"timestamp":"2025-07-17T06:29:47.483109","level":"info","event":"  4250K .......... .......... .......... .......... .......... 29% 12.2M 1s","logger":"airflow.task.hooks.airflow.providers.standard.hooks.subprocess.SubprocessHook"}
{"timestamp":"2025-07-17T06:29:47.487161","level":"info","event":"  4300K .......... .......... .......... .......... .......... 30% 12.5M 1s","logger":"airflow.task.hooks.airflow.providers.standard.hooks.subprocess.SubprocessHook"}
{"timestamp":"2025-07-17T06:29:47.489385","level":"info","event":"  4350K .......... .......... .......... .......... .......... 30% 31.8M 1s","logger":"airflow.task.hooks.airflow.providers.standard.hooks.subprocess.SubprocessHook"}
{"timestamp":"2025-07-17T06:29:47.492747","level":"info","event":"  4400K .......... .......... .......... .......... .......... 30% 11.7M 1s","logger":"airflow.task.hooks.airflow.providers.standard.hooks.subprocess.SubprocessHook"}
{"timestamp":"2025-07-17T06:29:47.494953","level":"info","event":"  4450K .......... .......... .......... .......... .......... 31% 21.1M 1s","logger":"airflow.task.hooks.airflow.providers.standard.hooks.subprocess.SubprocessHook"}
{"timestamp":"2025-07-17T06:29:47.498144","level":"info","event":"  4500K .......... .......... .......... .......... .......... 31% 16.1M 1s","logger":"airflow.task.hooks.airflow.providers.standard.hooks.subprocess.SubprocessHook"}
{"timestamp":"2025-07-17T06:29:47.501431","level":"info","event":"  4550K .......... .......... .......... .......... .......... 31% 14.6M 1s","logger":"airflow.task.hooks.airflow.providers.standard.hooks.subprocess.SubprocessHook"}
{"timestamp":"2025-07-17T06:29:47.504171","level":"info","event":"  4600K .......... .......... .......... .......... .......... 32% 17.3M 1s","logger":"airflow.task.hooks.airflow.providers.standard.hooks.subprocess.SubprocessHook"}
{"timestamp":"2025-07-17T06:29:47.505366","level":"info","event":"  4650K .......... .......... .......... .......... .......... 32% 42.3M 1s","logger":"airflow.task.hooks.airflow.providers.standard.hooks.subprocess.SubprocessHook"}
{"timestamp":"2025-07-17T06:29:47.513509","level":"info","event":"  4700K .......... .......... .......... .......... .......... 33% 6.51M 1s","logger":"airflow.task.hooks.airflow.providers.standard.hooks.subprocess.SubprocessHook"}
{"timestamp":"2025-07-17T06:29:47.518014","level":"info","event":"  4750K .......... .......... .......... .......... .......... 33% 9.60M 1s","logger":"airflow.task.hooks.airflow.providers.standard.hooks.subprocess.SubprocessHook"}
{"timestamp":"2025-07-17T06:29:47.524440","level":"info","event":"  4800K .......... .......... .......... .......... .......... 33% 16.3M 1s","logger":"airflow.task.hooks.airflow.providers.standard.hooks.subprocess.SubprocessHook"}
{"timestamp":"2025-07-17T06:29:47.525335","level":"info","event":"  4850K .......... .......... .......... .......... .......... 34% 11.8M 1s","logger":"airflow.task.hooks.airflow.providers.standard.hooks.subprocess.SubprocessHook"}
{"timestamp":"2025-07-17T06:29:47.526212","level":"info","event":"  4900K .......... .......... .......... .......... .......... 34% 53.2M 1s","logger":"airflow.task.hooks.airflow.providers.standard.hooks.subprocess.SubprocessHook"}
{"timestamp":"2025-07-17T06:29:47.526431","level":"info","event":"  4950K .......... .......... .......... .......... .......... 34%  220M 1s","logger":"airflow.task.hooks.airflow.providers.standard.hooks.subprocess.SubprocessHook"}
{"timestamp":"2025-07-17T06:29:47.529745","level":"info","event":"  5000K .......... .......... .......... .......... .......... 35% 18.8M 1s","logger":"airflow.task.hooks.airflow.providers.standard.hooks.subprocess.SubprocessHook"}
{"timestamp":"2025-07-17T06:29:47.532348","level":"info","event":"  5050K .......... .......... .......... .......... .......... 35% 14.1M 1s","logger":"airflow.task.hooks.airflow.providers.standard.hooks.subprocess.SubprocessHook"}
{"timestamp":"2025-07-17T06:29:47.534217","level":"info","event":"  5100K .......... .......... .......... .......... .......... 35% 24.7M 1s","logger":"airflow.task.hooks.airflow.providers.standard.hooks.subprocess.SubprocessHook"}
{"timestamp":"2025-07-17T06:29:47.538376","level":"info","event":"  5150K .......... .......... .......... .......... .......... 36% 13.3M 1s","logger":"airflow.task.hooks.airflow.providers.standard.hooks.subprocess.SubprocessHook"}
{"timestamp":"2025-07-17T06:29:47.546217","level":"info","event":"  5200K .......... .......... .......... .......... .......... 36% 6.09M 1s","logger":"airflow.task.hooks.airflow.providers.standard.hooks.subprocess.SubprocessHook"}
{"timestamp":"2025-07-17T06:29:47.546757","level":"info","event":"  5250K .......... .......... .......... .......... .......... 36% 62.5M 1s","logger":"airflow.task.hooks.airflow.providers.standard.hooks.subprocess.SubprocessHook"}
{"timestamp":"2025-07-17T06:29:47.547142","level":"info","event":"  5300K .......... .......... .......... .......... .......... 37% 87.9M 1s","logger":"airflow.task.hooks.airflow.providers.standard.hooks.subprocess.SubprocessHook"}
{"timestamp":"2025-07-17T06:29:47.548884","level":"info","event":"  5350K .......... .......... .......... .......... .......... 37% 32.2M 1s","logger":"airflow.task.hooks.airflow.providers.standard.hooks.subprocess.SubprocessHook"}
{"timestamp":"2025-07-17T06:29:47.553451","level":"info","event":"  5400K .......... .......... .......... .......... .......... 37% 10.8M 1s","logger":"airflow.task.hooks.airflow.providers.standard.hooks.subprocess.SubprocessHook"}
{"timestamp":"2025-07-17T06:29:47.558009","level":"info","event":"  5450K .......... .......... .......... .......... .......... 38% 12.3M 1s","logger":"airflow.task.hooks.airflow.providers.standard.hooks.subprocess.SubprocessHook"}
{"timestamp":"2025-07-17T06:29:47.560809","level":"info","event":"  5500K .......... .......... .......... .......... .......... 38% 15.8M 1s","logger":"airflow.task.hooks.airflow.providers.standard.hooks.subprocess.SubprocessHook"}
{"timestamp":"2025-07-17T06:29:47.561421","level":"info","event":"  5550K .......... .......... .......... .......... .......... 38% 80.1M 1s","logger":"airflow.task.hooks.airflow.providers.standard.hooks.subprocess.SubprocessHook"}
{"timestamp":"2025-07-17T06:29:47.564889","level":"info","event":"  5600K .......... .......... .......... .......... .......... 39% 12.9M 1s","logger":"airflow.task.hooks.airflow.providers.standard.hooks.subprocess.SubprocessHook"}
{"timestamp":"2025-07-17T06:29:47.567077","level":"info","event":"  5650K .......... .......... .......... .......... .......... 39% 22.0M 1s","logger":"airflow.task.hooks.airflow.providers.standard.hooks.subprocess.SubprocessHook"}
{"timestamp":"2025-07-17T06:29:47.574583","level":"info","event":"  5700K .......... .......... .......... .......... .......... 39% 6.57M 1s","logger":"airflow.task.hooks.airflow.providers.standard.hooks.subprocess.SubprocessHook"}
{"timestamp":"2025-07-17T06:29:47.576544","level":"info","event":"  5750K .......... .......... .......... .......... .......... 40% 25.5M 1s","logger":"airflow.task.hooks.airflow.providers.standard.hooks.subprocess.SubprocessHook"}
{"timestamp":"2025-07-17T06:29:47.576651","level":"info","event":"  5800K .......... .......... .......... .......... .......... 40%  212M 1s","logger":"airflow.task.hooks.airflow.providers.standard.hooks.subprocess.SubprocessHook"}
{"timestamp":"2025-07-17T06:29:47.580752","level":"info","event":"  5850K .......... .......... .......... .......... .......... 41% 12.3M 1s","logger":"airflow.task.hooks.airflow.providers.standard.hooks.subprocess.SubprocessHook"}
{"timestamp":"2025-07-17T06:29:47.580852","level":"info","event":"  5900K .......... .......... .......... .......... .......... 41%  115M 1s","logger":"airflow.task.hooks.airflow.providers.standard.hooks.subprocess.SubprocessHook"}
{"timestamp":"2025-07-17T06:29:47.582770","level":"info","event":"  5950K .......... .......... .......... .......... .......... 41% 28.7M 1s","logger":"airflow.task.hooks.airflow.providers.standard.hooks.subprocess.SubprocessHook"}
{"timestamp":"2025-07-17T06:29:47.583059","level":"info","event":"  6000K .......... .......... .......... .......... .......... 42%  120M 1s","logger":"airflow.task.hooks.airflow.providers.standard.hooks.subprocess.SubprocessHook"}
{"timestamp":"2025-07-17T06:29:47.585949","level":"info","event":"  6050K .......... .......... .......... .......... .......... 42% 17.4M 1s","logger":"airflow.task.hooks.airflow.providers.standard.hooks.subprocess.SubprocessHook"}
{"timestamp":"2025-07-17T06:29:47.588169","level":"info","event":"  6100K .......... .......... .......... .......... .......... 42% 25.2M 1s","logger":"airflow.task.hooks.airflow.providers.standard.hooks.subprocess.SubprocessHook"}
{"timestamp":"2025-07-17T06:29:47.590190","level":"info","event":"  6150K .......... .......... .......... .......... .......... 43% 22.9M 1s","logger":"airflow.task.hooks.airflow.providers.standard.hooks.subprocess.SubprocessHook"}
{"timestamp":"2025-07-17T06:29:47.595807","level":"info","event":"  6200K .......... .......... .......... .......... .......... 43% 8.88M 1s","logger":"airflow.task.hooks.airflow.providers.standard.hooks.subprocess.SubprocessHook"}
{"timestamp":"2025-07-17T06:29:47.595931","level":"info","event":"  6250K .......... .......... .......... .......... .......... 43%  137M 1s","logger":"airflow.task.hooks.airflow.providers.standard.hooks.subprocess.SubprocessHook"}
{"timestamp":"2025-07-17T06:29:47.596725","level":"info","event":"  6300K .......... .......... .......... .......... .......... 44% 48.5M 1s","logger":"airflow.task.hooks.airflow.providers.standard.hooks.subprocess.SubprocessHook"}
{"timestamp":"2025-07-17T06:29:47.602130","level":"info","event":"  6350K .......... .......... .......... .......... .......... 44% 13.0M 1s","logger":"airflow.task.hooks.airflow.providers.standard.hooks.subprocess.SubprocessHook"}
{"timestamp":"2025-07-17T06:29:47.602752","level":"info","event":"  6400K .......... .......... .......... .......... .......... 44% 25.3M 1s","logger":"airflow.task.hooks.airflow.providers.standard.hooks.subprocess.SubprocessHook"}
{"timestamp":"2025-07-17T06:29:47.602853","level":"info","event":"  6450K .......... .......... .......... .......... .......... 45%  235M 1s","logger":"airflow.task.hooks.airflow.providers.standard.hooks.subprocess.SubprocessHook"}
{"timestamp":"2025-07-17T06:29:47.604347","level":"info","event":"  6500K .......... .......... .......... .......... .......... 45% 39.9M 1s","logger":"airflow.task.hooks.airflow.providers.standard.hooks.subprocess.SubprocessHook"}
{"timestamp":"2025-07-17T06:29:47.604754","level":"info","event":"  6550K .......... .......... .......... .......... .......... 45% 52.7M 1s","logger":"airflow.task.hooks.airflow.providers.standard.hooks.subprocess.SubprocessHook"}
{"timestamp":"2025-07-17T06:29:47.609489","level":"info","event":"  6600K .......... .......... .......... .......... .......... 46% 11.6M 1s","logger":"airflow.task.hooks.airflow.providers.standard.hooks.subprocess.SubprocessHook"}
{"timestamp":"2025-07-17T06:29:47.609793","level":"info","event":"  6650K .......... .......... .......... .......... .......... 46% 74.8M 1s","logger":"airflow.task.hooks.airflow.providers.standard.hooks.subprocess.SubprocessHook"}
{"timestamp":"2025-07-17T06:29:47.611730","level":"info","event":"  6700K .......... .......... .......... .......... .......... 46% 24.8M 1s","logger":"airflow.task.hooks.airflow.providers.standard.hooks.subprocess.SubprocessHook"}
{"timestamp":"2025-07-17T06:29:47.615637","level":"info","event":"  6750K .......... .......... .......... .......... .......... 47% 13.4M 1s","logger":"airflow.task.hooks.airflow.providers.standard.hooks.subprocess.SubprocessHook"}
{"timestamp":"2025-07-17T06:29:47.618513","level":"info","event":"  6800K .......... .......... .......... .......... .......... 47% 16.6M 1s","logger":"airflow.task.hooks.airflow.providers.standard.hooks.subprocess.SubprocessHook"}
{"timestamp":"2025-07-17T06:29:47.622613","level":"info","event":"  6850K .......... .......... .......... .......... .......... 47% 11.4M 1s","logger":"airflow.task.hooks.airflow.providers.standard.hooks.subprocess.SubprocessHook"}
{"timestamp":"2025-07-17T06:29:47.623333","level":"info","event":"  6900K .......... .......... .......... .......... .......... 48% 72.2M 1s","logger":"airflow.task.hooks.airflow.providers.standard.hooks.subprocess.SubprocessHook"}
{"timestamp":"2025-07-17T06:29:47.628777","level":"info","event":"  6950K .......... .......... .......... .......... .......... 48% 8.97M 1s","logger":"airflow.task.hooks.airflow.providers.standard.hooks.subprocess.SubprocessHook"}
{"timestamp":"2025-07-17T06:29:47.631595","level":"info","event":"  7000K .......... .......... .......... .......... .......... 49% 17.0M 1s","logger":"airflow.task.hooks.airflow.providers.standard.hooks.subprocess.SubprocessHook"}
{"timestamp":"2025-07-17T06:29:47.637901","level":"info","event":"  7050K .......... .......... .......... .......... .......... 49% 7.98M 1s","logger":"airflow.task.hooks.airflow.providers.standard.hooks.subprocess.SubprocessHook"}
{"timestamp":"2025-07-17T06:29:47.638969","level":"info","event":"  7100K .......... .......... .......... .......... .......... 49% 44.7M 1s","logger":"airflow.task.hooks.airflow.providers.standard.hooks.subprocess.SubprocessHook"}
{"timestamp":"2025-07-17T06:29:47.640183","level":"info","event":"  7150K .......... .......... .......... .......... .......... 50% 33.6M 1s","logger":"airflow.task.hooks.airflow.providers.standard.hooks.subprocess.SubprocessHook"}
{"timestamp":"2025-07-17T06:29:47.643923","level":"info","event":"  7200K .......... .......... .......... .......... .......... 50% 15.1M 1s","logger":"airflow.task.hooks.airflow.providers.standard.hooks.subprocess.SubprocessHook"}
{"timestamp":"2025-07-17T06:29:47.648091","level":"info","event":"  7250K .......... .......... .......... .......... .......... 50% 10.4M 1s","logger":"airflow.task.hooks.airflow.providers.standard.hooks.subprocess.SubprocessHook"}
{"timestamp":"2025-07-17T06:29:47.659171","level":"info","event":"  7300K .......... .......... .......... .......... .......... 51% 4.55M 1s","logger":"airflow.task.hooks.airflow.providers.standard.hooks.subprocess.SubprocessHook"}
{"timestamp":"2025-07-17T06:29:47.661628","level":"info","event":"  7350K .......... .......... .......... .......... .......... 51% 21.1M 1s","logger":"airflow.task.hooks.airflow.providers.standard.hooks.subprocess.SubprocessHook"}
{"timestamp":"2025-07-17T06:29:47.663689","level":"info","event":"  7400K .......... .......... .......... .......... .......... 51% 19.9M 1s","logger":"airflow.task.hooks.airflow.providers.standard.hooks.subprocess.SubprocessHook"}
{"timestamp":"2025-07-17T06:29:47.664237","level":"info","event":"  7450K .......... .......... .......... .......... .......... 52% 81.4M 1s","logger":"airflow.task.hooks.airflow.providers.standard.hooks.subprocess.SubprocessHook"}
{"timestamp":"2025-07-17T06:29:47.667102","level":"info","event":"  7500K .......... .......... .......... .......... .......... 52% 18.2M 1s","logger":"airflow.task.hooks.airflow.providers.standard.hooks.subprocess.SubprocessHook"}
{"timestamp":"2025-07-17T06:29:47.667245","level":"info","event":"  7550K .......... .......... .......... .......... .......... 52%  126M 1s","logger":"airflow.task.hooks.airflow.providers.standard.hooks.subprocess.SubprocessHook"}
{"timestamp":"2025-07-17T06:29:47.667854","level":"info","event":"  7600K .......... .......... .......... .......... .......... 53%  145M 0s","logger":"airflow.task.hooks.airflow.providers.standard.hooks.subprocess.SubprocessHook"}
{"timestamp":"2025-07-17T06:29:47.671880","level":"info","event":"  7650K .......... .......... .......... .......... .......... 53% 11.6M 0s","logger":"airflow.task.hooks.airflow.providers.standard.hooks.subprocess.SubprocessHook"}
{"timestamp":"2025-07-17T06:29:47.672902","level":"info","event":"  7700K .......... .......... .......... .......... .......... 53% 47.1M 0s","logger":"airflow.task.hooks.airflow.providers.standard.hooks.subprocess.SubprocessHook"}
{"timestamp":"2025-07-17T06:29:47.677791","level":"info","event":"  7750K .......... .......... .......... .......... .......... 54% 10.2M 0s","logger":"airflow.task.hooks.airflow.providers.standard.hooks.subprocess.SubprocessHook"}
{"timestamp":"2025-07-17T06:29:47.680282","level":"info","event":"  7800K .......... .......... .......... .......... .......... 54% 19.0M 0s","logger":"airflow.task.hooks.airflow.providers.standard.hooks.subprocess.SubprocessHook"}
{"timestamp":"2025-07-17T06:29:47.681613","level":"info","event":"  7850K .......... .......... .......... .......... .......... 54% 35.1M 0s","logger":"airflow.task.hooks.airflow.providers.standard.hooks.subprocess.SubprocessHook"}
{"timestamp":"2025-07-17T06:29:47.687893","level":"info","event":"  7900K .......... .......... .......... .......... .......... 55% 8.12M 0s","logger":"airflow.task.hooks.airflow.providers.standard.hooks.subprocess.SubprocessHook"}
{"timestamp":"2025-07-17T06:29:47.692954","level":"info","event":"  7950K .......... .......... .......... .......... .......... 55% 10.3M 0s","logger":"airflow.task.hooks.airflow.providers.standard.hooks.subprocess.SubprocessHook"}
{"timestamp":"2025-07-17T06:29:47.693626","level":"info","event":"  8000K .......... .......... .......... .......... .......... 55% 45.7M 0s","logger":"airflow.task.hooks.airflow.providers.standard.hooks.subprocess.SubprocessHook"}
{"timestamp":"2025-07-17T06:29:47.698970","level":"info","event":"  8050K .......... .......... .......... .......... .......... 56% 9.94M 0s","logger":"airflow.task.hooks.airflow.providers.standard.hooks.subprocess.SubprocessHook"}
{"timestamp":"2025-07-17T06:29:47.702949","level":"info","event":"  8100K .......... .......... .......... .......... .......... 56% 12.0M 0s","logger":"airflow.task.hooks.airflow.providers.standard.hooks.subprocess.SubprocessHook"}
{"timestamp":"2025-07-17T06:29:47.704857","level":"info","event":"  8150K .......... .......... .......... .......... .......... 57% 64.5M 0s","logger":"airflow.task.hooks.airflow.providers.standard.hooks.subprocess.SubprocessHook"}
{"timestamp":"2025-07-17T06:29:47.705730","level":"info","event":"  8200K .......... .......... .......... .......... .......... 57% 21.1M 0s","logger":"airflow.task.hooks.airflow.providers.standard.hooks.subprocess.SubprocessHook"}
{"timestamp":"2025-07-17T06:29:47.709375","level":"info","event":"  8250K .......... .......... .......... .......... .......... 57% 16.2M 0s","logger":"airflow.task.hooks.airflow.providers.standard.hooks.subprocess.SubprocessHook"}
{"timestamp":"2025-07-17T06:29:47.709491","level":"info","event":"  8300K .......... .......... .......... .......... .......... 58% 50.1M 0s","logger":"airflow.task.hooks.airflow.providers.standard.hooks.subprocess.SubprocessHook"}
{"timestamp":"2025-07-17T06:29:47.713730","level":"info","event":"  8350K .......... .......... .......... .......... .......... 58% 12.1M 0s","logger":"airflow.task.hooks.airflow.providers.standard.hooks.subprocess.SubprocessHook"}
{"timestamp":"2025-07-17T06:29:47.718201","level":"info","event":"  8400K .......... .......... .......... .......... .......... 58% 10.8M 0s","logger":"airflow.task.hooks.airflow.providers.standard.hooks.subprocess.SubprocessHook"}
{"timestamp":"2025-07-17T06:29:47.720408","level":"info","event":"  8450K .......... .......... .......... .......... .......... 59% 21.0M 0s","logger":"airflow.task.hooks.airflow.providers.standard.hooks.subprocess.SubprocessHook"}
{"timestamp":"2025-07-17T06:29:47.724082","level":"info","event":"  8500K .......... .......... .......... .......... .......... 59% 14.3M 0s","logger":"airflow.task.hooks.airflow.providers.standard.hooks.subprocess.SubprocessHook"}
{"timestamp":"2025-07-17T06:29:47.725343","level":"info","event":"  8550K .......... .......... .......... .......... .......... 59% 35.4M 0s","logger":"airflow.task.hooks.airflow.providers.standard.hooks.subprocess.SubprocessHook"}
{"timestamp":"2025-07-17T06:29:47.728486","level":"info","event":"  8600K .......... .......... .......... .......... .......... 60% 15.4M 0s","logger":"airflow.task.hooks.airflow.providers.standard.hooks.subprocess.SubprocessHook"}
{"timestamp":"2025-07-17T06:29:47.733869","level":"info","event":"  8650K .......... .......... .......... .......... .......... 60% 9.05M 0s","logger":"airflow.task.hooks.airflow.providers.standard.hooks.subprocess.SubprocessHook"}
{"timestamp":"2025-07-17T06:29:47.735007","level":"info","event":"  8700K .......... .......... .......... .......... .......... 60% 39.2M 0s","logger":"airflow.task.hooks.airflow.providers.standard.hooks.subprocess.SubprocessHook"}
{"timestamp":"2025-07-17T06:29:47.753685","level":"info","event":"  8750K .......... .......... .......... .......... .......... 61% 2.64M 0s","logger":"airflow.task.hooks.airflow.providers.standard.hooks.subprocess.SubprocessHook"}
{"timestamp":"2025-07-17T06:29:47.753923","level":"info","event":"  8800K .......... .......... .......... .......... .......... 61%  115M 0s","logger":"airflow.task.hooks.airflow.providers.standard.hooks.subprocess.SubprocessHook"}
{"timestamp":"2025-07-17T06:29:47.755163","level":"info","event":"  8850K .......... .......... .......... .......... .......... 61% 39.9M 0s","logger":"airflow.task.hooks.airflow.providers.standard.hooks.subprocess.SubprocessHook"}
{"timestamp":"2025-07-17T06:29:47.755816","level":"info","event":"  8900K .......... .......... .......... .......... .......... 62% 73.9M 0s","logger":"airflow.task.hooks.airflow.providers.standard.hooks.subprocess.SubprocessHook"}
{"timestamp":"2025-07-17T06:29:47.756273","level":"info","event":"  8950K .......... .......... .......... .......... .......... 62%  110M 0s","logger":"airflow.task.hooks.airflow.providers.standard.hooks.subprocess.SubprocessHook"}
{"timestamp":"2025-07-17T06:29:47.757397","level":"info","event":"  9000K .......... .......... .......... .......... .......... 62% 42.6M 0s","logger":"airflow.task.hooks.airflow.providers.standard.hooks.subprocess.SubprocessHook"}
{"timestamp":"2025-07-17T06:29:47.758898","level":"info","event":"  9050K .......... .......... .......... .......... .......... 63% 33.8M 0s","logger":"airflow.task.hooks.airflow.providers.standard.hooks.subprocess.SubprocessHook"}
{"timestamp":"2025-07-17T06:29:47.761753","level":"info","event":"  9100K .......... .......... .......... .......... .......... 63% 17.5M 0s","logger":"airflow.task.hooks.airflow.providers.standard.hooks.subprocess.SubprocessHook"}
{"timestamp":"2025-07-17T06:29:47.762052","level":"info","event":"  9150K .......... .......... .......... .......... .......... 63%  123M 0s","logger":"airflow.task.hooks.airflow.providers.standard.hooks.subprocess.SubprocessHook"}
{"timestamp":"2025-07-17T06:29:47.764807","level":"info","event":"  9200K .......... .......... .......... .......... .......... 64% 17.7M 0s","logger":"airflow.task.hooks.airflow.providers.standard.hooks.subprocess.SubprocessHook"}
{"timestamp":"2025-07-17T06:29:47.767430","level":"info","event":"  9250K .......... .......... .......... .......... .......... 64% 18.9M 0s","logger":"airflow.task.hooks.airflow.providers.standard.hooks.subprocess.SubprocessHook"}
{"timestamp":"2025-07-17T06:29:47.772628","level":"info","event":"  9300K .......... .......... .......... .......... .......... 65% 9.77M 0s","logger":"airflow.task.hooks.airflow.providers.standard.hooks.subprocess.SubprocessHook"}
{"timestamp":"2025-07-17T06:29:47.775353","level":"info","event":"  9350K .......... .......... .......... .......... .......... 65% 16.8M 0s","logger":"airflow.task.hooks.airflow.providers.standard.hooks.subprocess.SubprocessHook"}
{"timestamp":"2025-07-17T06:29:47.776875","level":"info","event":"  9400K .......... .......... .......... .......... .......... 65% 30.5M 0s","logger":"airflow.task.hooks.airflow.providers.standard.hooks.subprocess.SubprocessHook"}
{"timestamp":"2025-07-17T06:29:47.780722","level":"info","event":"  9450K .......... .......... .......... .......... .......... 66% 13.2M 0s","logger":"airflow.task.hooks.airflow.providers.standard.hooks.subprocess.SubprocessHook"}
{"timestamp":"2025-07-17T06:29:47.783113","level":"info","event":"  9500K .......... .......... .......... .......... .......... 66% 19.3M 0s","logger":"airflow.task.hooks.airflow.providers.standard.hooks.subprocess.SubprocessHook"}
{"timestamp":"2025-07-17T06:29:47.787197","level":"info","event":"  9550K .......... .......... .......... .......... .......... 66% 12.1M 0s","logger":"airflow.task.hooks.airflow.providers.standard.hooks.subprocess.SubprocessHook"}
{"timestamp":"2025-07-17T06:29:47.790886","level":"info","event":"  9600K .......... .......... .......... .......... .......... 67% 13.2M 0s","logger":"airflow.task.hooks.airflow.providers.standard.hooks.subprocess.SubprocessHook"}
{"timestamp":"2025-07-17T06:29:47.791978","level":"info","event":"  9650K .......... .......... .......... .......... .......... 67% 46.6M 0s","logger":"airflow.task.hooks.airflow.providers.standard.hooks.subprocess.SubprocessHook"}
{"timestamp":"2025-07-17T06:29:47.798734","level":"info","event":"  9700K .......... .......... .......... .......... .......... 67% 8.28M 0s","logger":"airflow.task.hooks.airflow.providers.standard.hooks.subprocess.SubprocessHook"}
{"timestamp":"2025-07-17T06:29:47.799670","level":"info","event":"  9750K .......... .......... .......... .......... .......... 68% 27.5M 0s","logger":"airflow.task.hooks.airflow.providers.standard.hooks.subprocess.SubprocessHook"}
{"timestamp":"2025-07-17T06:29:47.802011","level":"info","event":"  9800K .......... .......... .......... .......... .......... 68% 23.1M 0s","logger":"airflow.task.hooks.airflow.providers.standard.hooks.subprocess.SubprocessHook"}
{"timestamp":"2025-07-17T06:29:47.802736","level":"info","event":"  9850K .......... .......... .......... .......... .......... 68% 46.6M 0s","logger":"airflow.task.hooks.airflow.providers.standard.hooks.subprocess.SubprocessHook"}
{"timestamp":"2025-07-17T06:29:47.804276","level":"info","event":"  9900K .......... .......... .......... .......... .......... 69% 32.7M 0s","logger":"airflow.task.hooks.airflow.providers.standard.hooks.subprocess.SubprocessHook"}
{"timestamp":"2025-07-17T06:29:47.808455","level":"info","event":"  9950K .......... .......... .......... .......... .......... 69% 13.9M 0s","logger":"airflow.task.hooks.airflow.providers.standard.hooks.subprocess.SubprocessHook"}
{"timestamp":"2025-07-17T06:29:47.809632","level":"info","event":" 10000K .......... .......... .......... .......... .......... 69% 27.3M 0s","logger":"airflow.task.hooks.airflow.providers.standard.hooks.subprocess.SubprocessHook"}
{"timestamp":"2025-07-17T06:29:47.811829","level":"info","event":" 10050K .......... .......... .......... .......... .......... 70% 24.7M 0s","logger":"airflow.task.hooks.airflow.providers.standard.hooks.subprocess.SubprocessHook"}
{"timestamp":"2025-07-17T06:29:47.813537","level":"info","event":" 10100K .......... .......... .......... .......... .......... 70% 25.2M 0s","logger":"airflow.task.hooks.airflow.providers.standard.hooks.subprocess.SubprocessHook"}
{"timestamp":"2025-07-17T06:29:47.817025","level":"info","event":" 10150K .......... .......... .......... .......... .......... 70% 13.8M 0s","logger":"airflow.task.hooks.airflow.providers.standard.hooks.subprocess.SubprocessHook"}
{"timestamp":"2025-07-17T06:29:48.128758","level":"info","event":" 10200K .......... .......... .......... .......... .......... 71%  161K 0s","logger":"airflow.task.hooks.airflow.providers.standard.hooks.subprocess.SubprocessHook"}
{"timestamp":"2025-07-17T06:29:48.128918","level":"info","event":" 10250K .......... .......... .......... .......... .......... 71%  129M 0s","logger":"airflow.task.hooks.airflow.providers.standard.hooks.subprocess.SubprocessHook"}
{"timestamp":"2025-07-17T06:29:48.132851","level":"info","event":" 10300K .......... .......... .......... .......... .......... 71% 11.9M 0s","logger":"airflow.task.hooks.airflow.providers.standard.hooks.subprocess.SubprocessHook"}
{"timestamp":"2025-07-17T06:29:48.138602","level":"info","event":" 10350K .......... .......... .......... .......... .......... 72% 8.58M 0s","logger":"airflow.task.hooks.airflow.providers.standard.hooks.subprocess.SubprocessHook"}
{"timestamp":"2025-07-17T06:29:48.143706","level":"info","event":" 10400K .......... .......... .......... .......... .......... 72% 10.3M 0s","logger":"airflow.task.hooks.airflow.providers.standard.hooks.subprocess.SubprocessHook"}
{"timestamp":"2025-07-17T06:29:48.149536","level":"info","event":" 10450K .......... .......... .......... .......... .......... 73% 8.11M 0s","logger":"airflow.task.hooks.airflow.providers.standard.hooks.subprocess.SubprocessHook"}
{"timestamp":"2025-07-17T06:29:48.153601","level":"info","event":" 10500K .......... .......... .......... .......... .......... 73% 12.3M 0s","logger":"airflow.task.hooks.airflow.providers.standard.hooks.subprocess.SubprocessHook"}
{"timestamp":"2025-07-17T06:29:48.155312","level":"info","event":" 10550K .......... .......... .......... .......... .......... 73% 24.3M 0s","logger":"airflow.task.hooks.airflow.providers.standard.hooks.subprocess.SubprocessHook"}
{"timestamp":"2025-07-17T06:29:48.159444","level":"info","event":" 10600K .......... .......... .......... .......... .......... 74% 11.9M 0s","logger":"airflow.task.hooks.airflow.providers.standard.hooks.subprocess.SubprocessHook"}
{"timestamp":"2025-07-17T06:29:48.162127","level":"info","event":" 10650K .......... .......... .......... .......... .......... 74% 17.7M 0s","logger":"airflow.task.hooks.airflow.providers.standard.hooks.subprocess.SubprocessHook"}
{"timestamp":"2025-07-17T06:29:48.167211","level":"info","event":" 10700K .......... .......... .......... .......... .......... 74% 9.80M 0s","logger":"airflow.task.hooks.airflow.providers.standard.hooks.subprocess.SubprocessHook"}
{"timestamp":"2025-07-17T06:29:48.171250","level":"info","event":" 10750K .......... .......... .......... .......... .......... 75% 12.0M 0s","logger":"airflow.task.hooks.airflow.providers.standard.hooks.subprocess.SubprocessHook"}
{"timestamp":"2025-07-17T06:29:48.176949","level":"info","event":" 10800K .......... .......... .......... .......... .......... 75% 8.53M 0s","logger":"airflow.task.hooks.airflow.providers.standard.hooks.subprocess.SubprocessHook"}
{"timestamp":"2025-07-17T06:29:48.179923","level":"info","event":" 10850K .......... .......... .......... .......... .......... 75% 16.4M 0s","logger":"airflow.task.hooks.airflow.providers.standard.hooks.subprocess.SubprocessHook"}
{"timestamp":"2025-07-17T06:29:48.184095","level":"info","event":" 10900K .......... .......... .......... .......... .......... 76% 11.8M 0s","logger":"airflow.task.hooks.airflow.providers.standard.hooks.subprocess.SubprocessHook"}
{"timestamp":"2025-07-17T06:29:48.188153","level":"info","event":" 10950K .......... .......... .......... .......... .......... 76% 11.8M 0s","logger":"airflow.task.hooks.airflow.providers.standard.hooks.subprocess.SubprocessHook"}
{"timestamp":"2025-07-17T06:29:48.192608","level":"info","event":" 11000K .......... .......... .......... .......... .......... 76% 11.1M 0s","logger":"airflow.task.hooks.airflow.providers.standard.hooks.subprocess.SubprocessHook"}
{"timestamp":"2025-07-17T06:29:48.195272","level":"info","event":" 11050K .......... .......... .......... .......... .......... 77% 18.2M 0s","logger":"airflow.task.hooks.airflow.providers.standard.hooks.subprocess.SubprocessHook"}
{"timestamp":"2025-07-17T06:29:48.202282","level":"info","event":" 11100K .......... .......... .......... .......... .......... 77% 7.32M 0s","logger":"airflow.task.hooks.airflow.providers.standard.hooks.subprocess.SubprocessHook"}
{"timestamp":"2025-07-17T06:29:48.206214","level":"info","event":" 11150K .......... .......... .......... .......... .......... 77% 11.7M 0s","logger":"airflow.task.hooks.airflow.providers.standard.hooks.subprocess.SubprocessHook"}
{"timestamp":"2025-07-17T06:29:48.209290","level":"info","event":" 11200K .......... .......... .......... .......... .......... 78% 15.5M 0s","logger":"airflow.task.hooks.airflow.providers.standard.hooks.subprocess.SubprocessHook"}
{"timestamp":"2025-07-17T06:29:48.213861","level":"info","event":" 11250K .......... .......... .......... .......... .......... 78% 10.7M 0s","logger":"airflow.task.hooks.airflow.providers.standard.hooks.subprocess.SubprocessHook"}
{"timestamp":"2025-07-17T06:29:48.221112","level":"info","event":" 11300K .......... .......... .......... .......... .......... 78% 6.77M 0s","logger":"airflow.task.hooks.airflow.providers.standard.hooks.subprocess.SubprocessHook"}
{"timestamp":"2025-07-17T06:29:48.221960","level":"info","event":" 11350K .......... .......... .......... .......... .......... 79% 52.8M 0s","logger":"airflow.task.hooks.airflow.providers.standard.hooks.subprocess.SubprocessHook"}
{"timestamp":"2025-07-17T06:29:48.226042","level":"info","event":" 11400K .......... .......... .......... .......... .......... 79% 12.2M 0s","logger":"airflow.task.hooks.airflow.providers.standard.hooks.subprocess.SubprocessHook"}
{"timestamp":"2025-07-17T06:29:48.231787","level":"info","event":" 11450K .......... .......... .......... .......... .......... 79% 8.76M 0s","logger":"airflow.task.hooks.airflow.providers.standard.hooks.subprocess.SubprocessHook"}
{"timestamp":"2025-07-17T06:29:48.233006","level":"info","event":" 11500K .......... .......... .......... .......... .......... 80% 33.4M 0s","logger":"airflow.task.hooks.airflow.providers.standard.hooks.subprocess.SubprocessHook"}
{"timestamp":"2025-07-17T06:29:48.238390","level":"info","event":" 11550K .......... .......... .......... .......... .......... 80% 9.05M 0s","logger":"airflow.task.hooks.airflow.providers.standard.hooks.subprocess.SubprocessHook"}
{"timestamp":"2025-07-17T06:29:48.242446","level":"info","event":" 11600K .......... .......... .......... .......... .......... 81% 12.0M 0s","logger":"airflow.task.hooks.airflow.providers.standard.hooks.subprocess.SubprocessHook"}
{"timestamp":"2025-07-17T06:29:48.249043","level":"info","event":" 11650K .......... .......... .......... .......... .......... 81% 8.00M 0s","logger":"airflow.task.hooks.airflow.providers.standard.hooks.subprocess.SubprocessHook"}
{"timestamp":"2025-07-17T06:29:48.252495","level":"info","event":" 11700K .......... .......... .......... .......... .......... 81% 12.7M 0s","logger":"airflow.task.hooks.airflow.providers.standard.hooks.subprocess.SubprocessHook"}
{"timestamp":"2025-07-17T06:29:48.258867","level":"info","event":" 11750K .......... .......... .......... .......... .......... 82% 8.74M 0s","logger":"airflow.task.hooks.airflow.providers.standard.hooks.subprocess.SubprocessHook"}
{"timestamp":"2025-07-17T06:29:48.261523","level":"info","event":" 11800K .......... .......... .......... .......... .......... 82% 16.6M 0s","logger":"airflow.task.hooks.airflow.providers.standard.hooks.subprocess.SubprocessHook"}
{"timestamp":"2025-07-17T06:29:48.264265","level":"info","event":" 11850K .......... .......... .......... .......... .......... 82% 14.7M 0s","logger":"airflow.task.hooks.airflow.providers.standard.hooks.subprocess.SubprocessHook"}
{"timestamp":"2025-07-17T06:29:48.267303","level":"info","event":" 11900K .......... .......... .......... .......... .......... 83% 16.0M 0s","logger":"airflow.task.hooks.airflow.providers.standard.hooks.subprocess.SubprocessHook"}
{"timestamp":"2025-07-17T06:29:48.274857","level":"info","event":" 11950K .......... .......... .......... .......... .......... 83% 6.76M 0s","logger":"airflow.task.hooks.airflow.providers.standard.hooks.subprocess.SubprocessHook"}
{"timestamp":"2025-07-17T06:29:48.277557","level":"info","event":" 12000K .......... .......... .......... .......... .......... 83% 16.2M 0s","logger":"airflow.task.hooks.airflow.providers.standard.hooks.subprocess.SubprocessHook"}
{"timestamp":"2025-07-17T06:29:48.280902","level":"info","event":" 12050K .......... .......... .......... .......... .......... 84% 15.1M 0s","logger":"airflow.task.hooks.airflow.providers.standard.hooks.subprocess.SubprocessHook"}
{"timestamp":"2025-07-17T06:29:48.285484","level":"info","event":" 12100K .......... .......... .......... .......... .......... 84% 11.4M 0s","logger":"airflow.task.hooks.airflow.providers.standard.hooks.subprocess.SubprocessHook"}
{"timestamp":"2025-07-17T06:29:48.289158","level":"info","event":" 12150K .......... .......... .......... .......... .......... 84% 11.9M 0s","logger":"airflow.task.hooks.airflow.providers.standard.hooks.subprocess.SubprocessHook"}
{"timestamp":"2025-07-17T06:29:48.294193","level":"info","event":" 12200K .......... .......... .......... .......... .......... 85% 10.3M 0s","logger":"airflow.task.hooks.airflow.providers.standard.hooks.subprocess.SubprocessHook"}
{"timestamp":"2025-07-17T06:29:48.298528","level":"info","event":" 12250K .......... .......... .......... .......... .......... 85% 10.7M 0s","logger":"airflow.task.hooks.airflow.providers.standard.hooks.subprocess.SubprocessHook"}
{"timestamp":"2025-07-17T06:29:48.300806","level":"info","event":" 12300K .......... .......... .......... .......... .......... 85% 24.3M 0s","logger":"airflow.task.hooks.airflow.providers.standard.hooks.subprocess.SubprocessHook"}
{"timestamp":"2025-07-17T06:29:48.307555","level":"info","event":" 12350K .......... .......... .......... .......... .......... 86% 7.61M 0s","logger":"airflow.task.hooks.airflow.providers.standard.hooks.subprocess.SubprocessHook"}
{"timestamp":"2025-07-17T06:29:48.313133","level":"info","event":" 12400K .......... .......... .......... .......... .......... 86% 7.89M 0s","logger":"airflow.task.hooks.airflow.providers.standard.hooks.subprocess.SubprocessHook"}
{"timestamp":"2025-07-17T06:29:48.316191","level":"info","event":" 12450K .......... .......... .......... .......... .......... 86% 18.0M 0s","logger":"airflow.task.hooks.airflow.providers.standard.hooks.subprocess.SubprocessHook"}
{"timestamp":"2025-07-17T06:29:48.320528","level":"info","event":" 12500K .......... .......... .......... .......... .......... 87% 11.6M 0s","logger":"airflow.task.hooks.airflow.providers.standard.hooks.subprocess.SubprocessHook"}
{"timestamp":"2025-07-17T06:29:48.325952","level":"info","event":" 12550K .......... .......... .......... .......... .......... 87% 8.44M 0s","logger":"airflow.task.hooks.airflow.providers.standard.hooks.subprocess.SubprocessHook"}
{"timestamp":"2025-07-17T06:29:48.330217","level":"info","event":" 12600K .......... .......... .......... .......... .......... 87% 11.8M 0s","logger":"airflow.task.hooks.airflow.providers.standard.hooks.subprocess.SubprocessHook"}
{"timestamp":"2025-07-17T06:29:48.332124","level":"info","event":" 12650K .......... .......... .......... .......... .......... 88% 21.9M 0s","logger":"airflow.task.hooks.airflow.providers.standard.hooks.subprocess.SubprocessHook"}
{"timestamp":"2025-07-17T06:29:48.336269","level":"info","event":" 12700K .......... .......... .......... .......... .......... 88% 13.3M 0s","logger":"airflow.task.hooks.airflow.providers.standard.hooks.subprocess.SubprocessHook"}
{"timestamp":"2025-07-17T06:29:48.339857","level":"info","event":" 12750K .......... .......... .......... .......... .......... 89% 12.4M 0s","logger":"airflow.task.hooks.airflow.providers.standard.hooks.subprocess.SubprocessHook"}
{"timestamp":"2025-07-17T06:29:48.345013","level":"info","event":" 12800K .......... .......... .......... .......... .......... 89% 9.37M 0s","logger":"airflow.task.hooks.airflow.providers.standard.hooks.subprocess.SubprocessHook"}
{"timestamp":"2025-07-17T06:29:48.362094","level":"info","event":" 12850K .......... .......... .......... .......... .......... 89% 2.87M 0s","logger":"airflow.task.hooks.airflow.providers.standard.hooks.subprocess.SubprocessHook"}
{"timestamp":"2025-07-17T06:29:48.365697","level":"info","event":" 12900K .......... .......... .......... .......... .......... 90% 14.7M 0s","logger":"airflow.task.hooks.airflow.providers.standard.hooks.subprocess.SubprocessHook"}
{"timestamp":"2025-07-17T06:29:48.367526","level":"info","event":" 12950K .......... .......... .......... .......... .......... 90% 21.9M 0s","logger":"airflow.task.hooks.airflow.providers.standard.hooks.subprocess.SubprocessHook"}
{"timestamp":"2025-07-17T06:29:48.373846","level":"info","event":" 13000K .......... .......... .......... .......... .......... 90% 7.84M 0s","logger":"airflow.task.hooks.airflow.providers.standard.hooks.subprocess.SubprocessHook"}
{"timestamp":"2025-07-17T06:29:48.379061","level":"info","event":" 13050K .......... .......... .......... .......... .......... 91% 9.46M 0s","logger":"airflow.task.hooks.airflow.providers.standard.hooks.subprocess.SubprocessHook"}
{"timestamp":"2025-07-17T06:29:48.383535","level":"info","event":" 13100K .......... .......... .......... .......... .......... 91% 11.8M 0s","logger":"airflow.task.hooks.airflow.providers.standard.hooks.subprocess.SubprocessHook"}
{"timestamp":"2025-07-17T06:29:48.386480","level":"info","event":" 13150K .......... .......... .......... .......... .......... 91% 17.2M 0s","logger":"airflow.task.hooks.airflow.providers.standard.hooks.subprocess.SubprocessHook"}
{"timestamp":"2025-07-17T06:29:48.390134","level":"info","event":" 13200K .......... .......... .......... .......... .......... 92% 11.8M 0s","logger":"airflow.task.hooks.airflow.providers.standard.hooks.subprocess.SubprocessHook"}
{"timestamp":"2025-07-17T06:29:48.393396","level":"info","event":" 13250K .......... .......... .......... .......... .......... 92% 14.9M 0s","logger":"airflow.task.hooks.airflow.providers.standard.hooks.subprocess.SubprocessHook"}
{"timestamp":"2025-07-17T06:29:48.399368","level":"info","event":" 13300K .......... .......... .......... .......... .......... 92% 8.29M 0s","logger":"airflow.task.hooks.airflow.providers.standard.hooks.subprocess.SubprocessHook"}
{"timestamp":"2025-07-17T06:29:48.401835","level":"info","event":" 13350K .......... .......... .......... .......... .......... 93% 19.1M 0s","logger":"airflow.task.hooks.airflow.providers.standard.hooks.subprocess.SubprocessHook"}
{"timestamp":"2025-07-17T06:29:48.407776","level":"info","event":" 13400K .......... .......... .......... .......... .......... 93% 8.28M 0s","logger":"airflow.task.hooks.airflow.providers.standard.hooks.subprocess.SubprocessHook"}
{"timestamp":"2025-07-17T06:29:48.410835","level":"info","event":" 13450K .......... .......... .......... .......... .......... 93% 15.5M 0s","logger":"airflow.task.hooks.airflow.providers.standard.hooks.subprocess.SubprocessHook"}
{"timestamp":"2025-07-17T06:29:48.415094","level":"info","event":" 13500K .......... .......... .......... .......... .......... 94% 11.6M 0s","logger":"airflow.task.hooks.airflow.providers.standard.hooks.subprocess.SubprocessHook"}
{"timestamp":"2025-07-17T06:29:48.419667","level":"info","event":" 13550K .......... .......... .......... .......... .......... 94% 10.9M 0s","logger":"airflow.task.hooks.airflow.providers.standard.hooks.subprocess.SubprocessHook"}
{"timestamp":"2025-07-17T06:29:48.425553","level":"info","event":" 13600K .......... .......... .......... .......... .......... 94% 9.58M 0s","logger":"airflow.task.hooks.airflow.providers.standard.hooks.subprocess.SubprocessHook"}
{"timestamp":"2025-07-17T06:29:48.430627","level":"info","event":" 13650K .......... .......... .......... .......... .......... 95% 8.59M 0s","logger":"airflow.task.hooks.airflow.providers.standard.hooks.subprocess.SubprocessHook"}
{"timestamp":"2025-07-17T06:29:48.435320","level":"info","event":" 13700K .......... .......... .......... .......... .......... 95% 11.7M 0s","logger":"airflow.task.hooks.airflow.providers.standard.hooks.subprocess.SubprocessHook"}
{"timestamp":"2025-07-17T06:29:48.436997","level":"info","event":" 13750K .......... .......... .......... .......... .......... 95% 21.7M 0s","logger":"airflow.task.hooks.airflow.providers.standard.hooks.subprocess.SubprocessHook"}
{"timestamp":"2025-07-17T06:29:48.441064","level":"info","event":" 13800K .......... .......... .......... .......... .......... 96% 11.5M 0s","logger":"airflow.task.hooks.airflow.providers.standard.hooks.subprocess.SubprocessHook"}
{"timestamp":"2025-07-17T06:29:48.444650","level":"info","event":" 13850K .......... .......... .......... .......... .......... 96% 13.7M 0s","logger":"airflow.task.hooks.airflow.providers.standard.hooks.subprocess.SubprocessHook"}
{"timestamp":"2025-07-17T06:29:48.449088","level":"info","event":" 13900K .......... .......... .......... .......... .......... 97% 10.9M 0s","logger":"airflow.task.hooks.airflow.providers.standard.hooks.subprocess.SubprocessHook"}
{"timestamp":"2025-07-17T06:29:48.455475","level":"info","event":" 13950K .......... .......... .......... .......... .......... 97% 18.4M 0s","logger":"airflow.task.hooks.airflow.providers.standard.hooks.subprocess.SubprocessHook"}
{"timestamp":"2025-07-17T06:29:48.457577","level":"info","event":" 14000K .......... .......... .......... .......... .......... 97% 8.31M 0s","logger":"airflow.task.hooks.airflow.providers.standard.hooks.subprocess.SubprocessHook"}
{"timestamp":"2025-07-17T06:29:48.462212","level":"info","event":" 14050K .......... .......... .......... .......... .......... 98% 10.6M 0s","logger":"airflow.task.hooks.airflow.providers.standard.hooks.subprocess.SubprocessHook"}
{"timestamp":"2025-07-17T06:29:48.465249","level":"info","event":" 14100K .......... .......... .......... .......... .......... 98% 15.9M 0s","logger":"airflow.task.hooks.airflow.providers.standard.hooks.subprocess.SubprocessHook"}
{"timestamp":"2025-07-17T06:29:48.469050","level":"info","event":" 14150K .......... .......... .......... .......... .......... 98% 13.2M 0s","logger":"airflow.task.hooks.airflow.providers.standard.hooks.subprocess.SubprocessHook"}
{"timestamp":"2025-07-17T06:29:48.474945","level":"info","event":" 14200K .......... .......... .......... .......... .......... 99% 8.48M 0s","logger":"airflow.task.hooks.airflow.providers.standard.hooks.subprocess.SubprocessHook"}
{"timestamp":"2025-07-17T06:29:48.479002","level":"info","event":" 14250K .......... .......... .......... .......... .......... 99% 11.4M 0s","logger":"airflow.task.hooks.airflow.providers.standard.hooks.subprocess.SubprocessHook"}
{"timestamp":"2025-07-17T06:29:48.483896","level":"info","event":" 14300K .......... .......... .......... .......... .......... 99% 10.5M 0s","logger":"airflow.task.hooks.airflow.providers.standard.hooks.subprocess.SubprocessHook"}
{"timestamp":"2025-07-17T06:29:48.484029","level":"info","event":" 14350K .......... .......... .....                           100%  134M=1.4s","logger":"airflow.task.hooks.airflow.providers.standard.hooks.subprocess.SubprocessHook"}
{"timestamp":"2025-07-17T06:29:48.484075","level":"info","event":"","logger":"airflow.task.hooks.airflow.providers.standard.hooks.subprocess.SubprocessHook"}
{"timestamp":"2025-07-17T06:29:48.484631","level":"info","event":"2025-07-17 06:29:48 (10.2 MB/s) - ‘/opt/airflow/yellow_tripdata_2020-07.csv.gz’ saved [14720186/14720186]","logger":"airflow.task.hooks.airflow.providers.standard.hooks.subprocess.SubprocessHook"}
{"timestamp":"2025-07-17T06:29:48.484812","level":"info","event":"","logger":"airflow.task.hooks.airflow.providers.standard.hooks.subprocess.SubprocessHook"}
{"timestamp":"2025-07-17T06:29:49.051144","level":"info","event":"Command exited with return code 0","logger":"airflow.task.hooks.airflow.providers.standard.hooks.subprocess.SubprocessHook"}
{"timestamp":"2025-07-17T06:29:49.056754","level":"info","event":"Pushing xcom","ti":"RuntimeTaskInstance(id=UUID('01981713-1c08-75f7-a822-2b735349c346'), task_id='wget_trips_csvgz', dag_id='local_ingestion_pg_yellow', run_id='scheduled__2020-07-02T06:00:00+00:00', try_number=1, map_index=-1, hostname='3f7f1d329e72', context_carrier={}, task=<Task(BashOperator): wget_trips_csvgz>, bundle_instance=LocalDagBundle(name=dags-folder), max_tries=0, start_date=datetime.datetime(2025, 7, 17, 6, 29, 45, 486941, tzinfo=TzInfo(UTC)), end_date=None, state=<TaskInstanceState.RUNNING: 'running'>, is_mapped=False, rendered_map_index=None)","logger":"task"}
{"timestamp":"2025-07-17T07:55:28.908738","level":"info","event":"DAG bundles loaded: dags-folder","logger":"airflow.dag_processing.bundles.manager.DagBundlesManager"}
{"timestamp":"2025-07-17T07:55:28.909594","level":"info","event":"Filling up the DagBag from /opt/airflow/dags/data_ingestion_localpg_dag.py","logger":"airflow.models.dagbag.DagBag"}
{"timestamp":"2025-07-17T07:55:29.253406","level":"info","event":"Tmp dir root location: /tmp","logger":"airflow.task.hooks.airflow.providers.standard.hooks.subprocess.SubprocessHook"}
{"timestamp":"2025-07-17T07:55:29.255578","level":"info","event":"Running command: ['/usr/bin/bash', '-c', 'wget https://github.com/DataTalksClub/nyc-tlc-data/releases/download/green/yellow_tripdata_2020-07.csv.gz -O /opt/airflow/yellow_tripdata_2020-07.csv.gz && gunzip -f /opt/airflow/yellow_tripdata_2020-07.csv.gz || rm -f /opt/airflow/yellow_tripdata_2020-07.csv.gz']","logger":"airflow.task.hooks.airflow.providers.standard.hooks.subprocess.SubprocessHook"}
{"timestamp":"2025-07-17T07:55:29.278907","level":"info","event":"Output:","logger":"airflow.task.hooks.airflow.providers.standard.hooks.subprocess.SubprocessHook"}
{"timestamp":"2025-07-17T07:55:29.288993","level":"info","event":"--2025-07-17 07:55:29--  https://github.com/DataTalksClub/nyc-tlc-data/releases/download/green/yellow_tripdata_2020-07.csv.gz","logger":"airflow.task.hooks.airflow.providers.standard.hooks.subprocess.SubprocessHook"}
{"timestamp":"2025-07-17T07:55:29.319195","level":"info","event":"Resolving github.com (github.com)... 20.205.243.166","logger":"airflow.task.hooks.airflow.providers.standard.hooks.subprocess.SubprocessHook"}
{"timestamp":"2025-07-17T07:55:29.327891","level":"info","event":"Connecting to github.com (github.com)|20.205.243.166|:443... connected.","logger":"airflow.task.hooks.airflow.providers.standard.hooks.subprocess.SubprocessHook"}
{"timestamp":"2025-07-17T07:55:29.954947","level":"info","event":"HTTP request sent, awaiting response... 404 Not Found","logger":"airflow.task.hooks.airflow.providers.standard.hooks.subprocess.SubprocessHook"}
{"timestamp":"2025-07-17T07:55:29.955129","level":"info","event":"2025-07-17 07:55:29 ERROR 404: Not Found.","logger":"airflow.task.hooks.airflow.providers.standard.hooks.subprocess.SubprocessHook"}
{"timestamp":"2025-07-17T07:55:29.955188","level":"info","event":"","logger":"airflow.task.hooks.airflow.providers.standard.hooks.subprocess.SubprocessHook"}
{"timestamp":"2025-07-17T07:55:29.957842","level":"info","event":"Command exited with return code 0","logger":"airflow.task.hooks.airflow.providers.standard.hooks.subprocess.SubprocessHook"}
{"timestamp":"2025-07-17T07:55:29.958915","level":"info","event":"Pushing xcom","ti":"RuntimeTaskInstance(id=UUID('01981761-9754-7baf-9607-cdddad2dd52a'), task_id='wget_trips_csvgz', dag_id='local_ingestion_pg_yellow', run_id='scheduled__2020-07-02T06:00:00+00:00', try_number=1, map_index=-1, hostname='3f7f1d329e72', context_carrier={}, task=<Task(BashOperator): wget_trips_csvgz>, bundle_instance=LocalDagBundle(name=dags-folder), max_tries=0, start_date=datetime.datetime(2025, 7, 17, 7, 55, 28, 600260, tzinfo=TzInfo(UTC)), end_date=None, state=<TaskInstanceState.RUNNING: 'running'>, is_mapped=False, rendered_map_index=None)","logger":"task"}
