{"timestamp":"2025-07-13T16:41:59.800225","level":"info","event":"DAG bundles loaded: dags-folder","logger":"airflow.dag_processing.bundles.manager.DagBundlesManager"}
{"timestamp":"2025-07-13T16:41:59.804068","level":"info","event":"Filling up the DagBag from /opt/airflow/dags/data_ingestion_gcs_dag.py","logger":"airflow.models.dagbag.DagBag"}
{"timestamp":"2025-07-13T16:42:01.485614","level":"info","event":"Tmp dir root location: /tmp","logger":"airflow.task.hooks.airflow.providers.standard.hooks.subprocess.SubprocessHook"}
{"timestamp":"2025-07-13T16:42:01.487581","level":"info","event":"Running command: ['/usr/bin/bash', '-c', 'wget https://github.com/DataTalksClub/nyc-tlc-data/releases/download/fhv/fhv_tripdata_{yymm}.csv.gz -O /opt/airflow/fhv_tripdata_{yymm}.csv.gz && gunzip /opt/airflow/fhv_tripdata_{yymm}.csv.gz']","logger":"airflow.task.hooks.airflow.providers.standard.hooks.subprocess.SubprocessHook"}
{"timestamp":"2025-07-13T16:42:01.536835","level":"info","event":"Output:","logger":"airflow.task.hooks.airflow.providers.standard.hooks.subprocess.SubprocessHook"}
{"timestamp":"2025-07-13T16:42:01.552880","level":"info","event":"--2025-07-13 16:42:01--  https://github.com/DataTalksClub/nyc-tlc-data/releases/download/fhv/fhv_tripdata_%7Byymm%7D.csv.gz","logger":"airflow.task.hooks.airflow.providers.standard.hooks.subprocess.SubprocessHook"}
{"timestamp":"2025-07-13T16:42:01.619508","level":"info","event":"Resolving github.com (github.com)... 20.205.243.166","logger":"airflow.task.hooks.airflow.providers.standard.hooks.subprocess.SubprocessHook"}
{"timestamp":"2025-07-13T16:42:01.629097","level":"info","event":"Connecting to github.com (github.com)|20.205.243.166|:443... connected.","logger":"airflow.task.hooks.airflow.providers.standard.hooks.subprocess.SubprocessHook"}
{"timestamp":"2025-07-13T16:42:01.875674","level":"info","event":"HTTP request sent, awaiting response... 404 Not Found","logger":"airflow.task.hooks.airflow.providers.standard.hooks.subprocess.SubprocessHook"}
{"timestamp":"2025-07-13T16:42:01.875885","level":"info","event":"2025-07-13 16:42:01 ERROR 404: Not Found.","logger":"airflow.task.hooks.airflow.providers.standard.hooks.subprocess.SubprocessHook"}
{"timestamp":"2025-07-13T16:42:01.875947","level":"info","event":"","logger":"airflow.task.hooks.airflow.providers.standard.hooks.subprocess.SubprocessHook"}
{"timestamp":"2025-07-13T16:42:01.878595","level":"info","event":"Command exited with return code 8","logger":"airflow.task.hooks.airflow.providers.standard.hooks.subprocess.SubprocessHook"}
{"timestamp":"2025-07-13T16:42:01.879405","level":"error","event":"Task failed with exception","logger":"task","error_detail":[{"exc_type":"AirflowException","exc_value":"Bash command failed. The command returned a non-zero exit code 8.","exc_notes":[],"syntax_error":null,"is_cause":false,"frames":[{"filename":"/home/airflow/.local/lib/python3.12/site-packages/airflow/sdk/execution_time/task_runner.py","lineno":867,"name":"run"},{"filename":"/home/airflow/.local/lib/python3.12/site-packages/airflow/sdk/execution_time/task_runner.py","lineno":1159,"name":"_execute_task"},{"filename":"/home/airflow/.local/lib/python3.12/site-packages/airflow/sdk/bases/operator.py","lineno":397,"name":"wrapper"},{"filename":"/home/airflow/.local/lib/python3.12/site-packages/airflow/providers/standard/operators/bash.py","lineno":233,"name":"execute"}],"is_group":false,"exceptions":[]}]}
{"timestamp":"2025-07-13T16:50:24.134437","level":"info","event":"DAG bundles loaded: dags-folder","logger":"airflow.dag_processing.bundles.manager.DagBundlesManager"}
{"timestamp":"2025-07-13T16:50:24.141773","level":"info","event":"Filling up the DagBag from /opt/airflow/dags/data_ingestion_gcs_dag.py","logger":"airflow.models.dagbag.DagBag"}
{"timestamp":"2025-07-13T16:50:31.315608","level":"info","event":"Tmp dir root location: /tmp","logger":"airflow.task.hooks.airflow.providers.standard.hooks.subprocess.SubprocessHook"}
{"timestamp":"2025-07-13T16:50:31.364531","level":"info","event":"Running command: ['/usr/bin/bash', '-c', 'echo https://github.com/DataTalksClub/nyc-tlc-data/releases/download/fhv/fhv_tripdata_2019-09.csv.gz && wget https://github.com/DataTalksClub/nyc-tlc-data/releases/download/fhv/fhv_tripdata_2019-09.csv.gz -O /opt/airflow/fhv_tripdata_2019-09.csv.gz && gunzip /opt/airflow/fhv_tripdata_2019-09.csv.gz']","logger":"airflow.task.hooks.airflow.providers.standard.hooks.subprocess.SubprocessHook"}
{"timestamp":"2025-07-13T16:50:31.569546","level":"info","event":"Output:","logger":"airflow.task.hooks.airflow.providers.standard.hooks.subprocess.SubprocessHook"}
{"timestamp":"2025-07-13T16:50:31.582569","level":"info","event":"https://github.com/DataTalksClub/nyc-tlc-data/releases/download/fhv/fhv_tripdata_2019-09.csv.gz","logger":"airflow.task.hooks.airflow.providers.standard.hooks.subprocess.SubprocessHook"}
{"timestamp":"2025-07-13T16:50:31.636517","level":"info","event":"--2025-07-13 16:50:31--  https://github.com/DataTalksClub/nyc-tlc-data/releases/download/fhv/fhv_tripdata_2019-09.csv.gz","logger":"airflow.task.hooks.airflow.providers.standard.hooks.subprocess.SubprocessHook"}
{"timestamp":"2025-07-13T16:50:31.835265","level":"info","event":"Resolving github.com (github.com)... 20.205.243.166","logger":"airflow.task.hooks.airflow.providers.standard.hooks.subprocess.SubprocessHook"}
{"timestamp":"2025-07-13T16:50:31.871160","level":"info","event":"Connecting to github.com (github.com)|20.205.243.166|:443... connected.","logger":"airflow.task.hooks.airflow.providers.standard.hooks.subprocess.SubprocessHook"}
{"timestamp":"2025-07-13T16:50:32.270547","level":"info","event":"HTTP request sent, awaiting response... 302 Found","logger":"airflow.task.hooks.airflow.providers.standard.hooks.subprocess.SubprocessHook"}
{"timestamp":"2025-07-13T16:50:32.270998","level":"info","event":"Location: https://objects.githubusercontent.com/github-production-release-asset-2e65be/513814948/ab0c6399-aa20-4223-b7db-15e3ae8dab86?X-Amz-Algorithm=AWS4-HMAC-SHA256&X-Amz-Credential=releaseassetproduction%2F20250713%2Fus-east-1%2Fs3%2Faws4_request&X-Amz-Date=20250713T165032Z&X-Amz-Expires=1800&X-Amz-Signature=fcf25725d3ba50f9219fd61f5366ffb5cf29aff028422b7b81f4d26f8538f2d4&X-Amz-SignedHeaders=host&response-content-disposition=attachment%3B%20filename%3Dfhv_tripdata_2019-09.csv.gz&response-content-type=application%2Foctet-stream [following]","logger":"airflow.task.hooks.airflow.providers.standard.hooks.subprocess.SubprocessHook"}
{"timestamp":"2025-07-13T16:50:32.271126","level":"info","event":"--2025-07-13 16:50:32--  https://objects.githubusercontent.com/github-production-release-asset-2e65be/513814948/ab0c6399-aa20-4223-b7db-15e3ae8dab86?X-Amz-Algorithm=AWS4-HMAC-SHA256&X-Amz-Credential=releaseassetproduction%2F20250713%2Fus-east-1%2Fs3%2Faws4_request&X-Amz-Date=20250713T165032Z&X-Amz-Expires=1800&X-Amz-Signature=fcf25725d3ba50f9219fd61f5366ffb5cf29aff028422b7b81f4d26f8538f2d4&X-Amz-SignedHeaders=host&response-content-disposition=attachment%3B%20filename%3Dfhv_tripdata_2019-09.csv.gz&response-content-type=application%2Foctet-stream","logger":"airflow.task.hooks.airflow.providers.standard.hooks.subprocess.SubprocessHook"}
{"timestamp":"2025-07-13T16:50:32.313878","level":"info","event":"Resolving objects.githubusercontent.com (objects.githubusercontent.com)... 185.199.110.133, 185.199.109.133, 185.199.108.133, ...","logger":"airflow.task.hooks.airflow.providers.standard.hooks.subprocess.SubprocessHook"}
{"timestamp":"2025-07-13T16:50:32.326574","level":"info","event":"Connecting to objects.githubusercontent.com (objects.githubusercontent.com)|185.199.110.133|:443... connected.","logger":"airflow.task.hooks.airflow.providers.standard.hooks.subprocess.SubprocessHook"}
{"timestamp":"2025-07-13T16:50:33.644216","level":"info","event":"HTTP request sent, awaiting response... 200 OK","logger":"airflow.task.hooks.airflow.providers.standard.hooks.subprocess.SubprocessHook"}
{"timestamp":"2025-07-13T16:50:33.644636","level":"info","event":"Length: 12591100 (12M) [application/octet-stream]","logger":"airflow.task.hooks.airflow.providers.standard.hooks.subprocess.SubprocessHook"}
{"timestamp":"2025-07-13T16:50:33.644723","level":"info","event":"Saving to: ‘/opt/airflow/fhv_tripdata_2019-09.csv.gz’","logger":"airflow.task.hooks.airflow.providers.standard.hooks.subprocess.SubprocessHook"}
{"timestamp":"2025-07-13T16:50:33.644822","level":"info","event":"","logger":"airflow.task.hooks.airflow.providers.standard.hooks.subprocess.SubprocessHook"}
{"timestamp":"2025-07-13T16:50:33.662191","level":"info","event":"     0K .......... .......... .......... .......... ..........  0% 1.94M 6s","logger":"airflow.task.hooks.airflow.providers.standard.hooks.subprocess.SubprocessHook"}
{"timestamp":"2025-07-13T16:50:33.688783","level":"info","event":"    50K .......... .......... .......... .......... ..........  0% 1.89M 6s","logger":"airflow.task.hooks.airflow.providers.standard.hooks.subprocess.SubprocessHook"}
{"timestamp":"2025-07-13T16:50:33.690961","level":"info","event":"   100K .......... .......... .......... .......... ..........  1% 20.5M 4s","logger":"airflow.task.hooks.airflow.providers.standard.hooks.subprocess.SubprocessHook"}
{"timestamp":"2025-07-13T16:50:33.701184","level":"info","event":"   150K .......... .......... .......... .......... ..........  1% 5.89M 4s","logger":"airflow.task.hooks.airflow.providers.standard.hooks.subprocess.SubprocessHook"}
{"timestamp":"2025-07-13T16:50:33.701887","level":"info","event":"   200K .......... .......... .......... .......... ..........  2% 11.9M 3s","logger":"airflow.task.hooks.airflow.providers.standard.hooks.subprocess.SubprocessHook"}
{"timestamp":"2025-07-13T16:50:33.701953","level":"info","event":"   250K .......... .......... .......... .......... ..........  2%  224M 3s","logger":"airflow.task.hooks.airflow.providers.standard.hooks.subprocess.SubprocessHook"}
{"timestamp":"2025-07-13T16:50:33.707940","level":"info","event":"   300K .......... .......... .......... .......... ..........  2% 8.17M 2s","logger":"airflow.task.hooks.airflow.providers.standard.hooks.subprocess.SubprocessHook"}
{"timestamp":"2025-07-13T16:50:33.715715","level":"info","event":"   350K .......... .......... .......... .......... ..........  3% 6.27M 2s","logger":"airflow.task.hooks.airflow.providers.standard.hooks.subprocess.SubprocessHook"}
{"timestamp":"2025-07-13T16:50:33.717393","level":"info","event":"   400K .......... .......... .......... .......... ..........  3% 33.0M 2s","logger":"airflow.task.hooks.airflow.providers.standard.hooks.subprocess.SubprocessHook"}
{"timestamp":"2025-07-13T16:50:33.725565","level":"info","event":"   450K .......... .......... .......... .......... ..........  4% 6.40M 2s","logger":"airflow.task.hooks.airflow.providers.standard.hooks.subprocess.SubprocessHook"}
{"timestamp":"2025-07-13T16:50:33.725667","level":"info","event":"   500K .......... .......... .......... .......... ..........  4%  129M 2s","logger":"airflow.task.hooks.airflow.providers.standard.hooks.subprocess.SubprocessHook"}
{"timestamp":"2025-07-13T16:50:33.725748","level":"info","event":"   550K .......... .......... .......... .......... ..........  4%  258M 2s","logger":"airflow.task.hooks.airflow.providers.standard.hooks.subprocess.SubprocessHook"}
{"timestamp":"2025-07-13T16:50:33.725810","level":"info","event":"   600K .......... .......... .......... .......... ..........  5%  285M 2s","logger":"airflow.task.hooks.airflow.providers.standard.hooks.subprocess.SubprocessHook"}
{"timestamp":"2025-07-13T16:50:33.729357","level":"info","event":"   650K .......... .......... .......... .......... ..........  5% 14.4M 2s","logger":"airflow.task.hooks.airflow.providers.standard.hooks.subprocess.SubprocessHook"}
{"timestamp":"2025-07-13T16:50:33.730062","level":"info","event":"   700K .......... .......... .......... .......... ..........  6% 90.9M 1s","logger":"airflow.task.hooks.airflow.providers.standard.hooks.subprocess.SubprocessHook"}
{"timestamp":"2025-07-13T16:50:33.733213","level":"info","event":"   750K .......... .......... .......... .......... ..........  6% 20.1M 1s","logger":"airflow.task.hooks.airflow.providers.standard.hooks.subprocess.SubprocessHook"}
{"timestamp":"2025-07-13T16:50:33.733324","level":"info","event":"   800K .......... .......... .......... .......... ..........  6%  159M 1s","logger":"airflow.task.hooks.airflow.providers.standard.hooks.subprocess.SubprocessHook"}
{"timestamp":"2025-07-13T16:50:33.733388","level":"info","event":"   850K .......... .......... .......... .......... ..........  7%  204M 1s","logger":"airflow.task.hooks.airflow.providers.standard.hooks.subprocess.SubprocessHook"}
{"timestamp":"2025-07-13T16:50:33.733466","level":"info","event":"   900K .......... .......... .......... .......... ..........  7%  204M 1s","logger":"airflow.task.hooks.airflow.providers.standard.hooks.subprocess.SubprocessHook"}
{"timestamp":"2025-07-13T16:50:33.733518","level":"info","event":"   950K .......... .......... .......... .......... ..........  8% 44.8M 1s","logger":"airflow.task.hooks.airflow.providers.standard.hooks.subprocess.SubprocessHook"}
{"timestamp":"2025-07-13T16:50:33.735552","level":"info","event":"  1000K .......... .......... .......... .......... ..........  8% 27.0M 1s","logger":"airflow.task.hooks.airflow.providers.standard.hooks.subprocess.SubprocessHook"}
{"timestamp":"2025-07-13T16:50:33.736694","level":"info","event":"  1050K .......... .......... .......... .......... ..........  8% 37.2M 1s","logger":"airflow.task.hooks.airflow.providers.standard.hooks.subprocess.SubprocessHook"}
{"timestamp":"2025-07-13T16:50:33.740687","level":"info","event":"  1100K .......... .......... .......... .......... ..........  9% 13.1M 1s","logger":"airflow.task.hooks.airflow.providers.standard.hooks.subprocess.SubprocessHook"}
{"timestamp":"2025-07-13T16:50:33.748666","level":"info","event":"  1150K .......... .......... .......... .......... ..........  9% 7.13M 1s","logger":"airflow.task.hooks.airflow.providers.standard.hooks.subprocess.SubprocessHook"}
{"timestamp":"2025-07-13T16:50:33.750909","level":"info","event":"  1200K .......... .......... .......... .......... .......... 10% 19.3M 1s","logger":"airflow.task.hooks.airflow.providers.standard.hooks.subprocess.SubprocessHook"}
{"timestamp":"2025-07-13T16:50:33.751046","level":"info","event":"  1250K .......... .......... .......... .......... .......... 10%  130M 1s","logger":"airflow.task.hooks.airflow.providers.standard.hooks.subprocess.SubprocessHook"}
{"timestamp":"2025-07-13T16:50:33.751739","level":"info","event":"  1300K .......... .......... .......... .......... .......... 10% 32.2M 1s","logger":"airflow.task.hooks.airflow.providers.standard.hooks.subprocess.SubprocessHook"}
{"timestamp":"2025-07-13T16:50:33.753304","level":"info","event":"  1350K .......... .......... .......... .......... .......... 11% 31.3M 1s","logger":"airflow.task.hooks.airflow.providers.standard.hooks.subprocess.SubprocessHook"}
{"timestamp":"2025-07-13T16:50:33.759633","level":"info","event":"  1400K .......... .......... .......... .......... .......... 11% 9.22M 1s","logger":"airflow.task.hooks.airflow.providers.standard.hooks.subprocess.SubprocessHook"}
{"timestamp":"2025-07-13T16:50:33.759755","level":"info","event":"  1450K .......... .......... .......... .......... .......... 12% 65.9M 1s","logger":"airflow.task.hooks.airflow.providers.standard.hooks.subprocess.SubprocessHook"}
{"timestamp":"2025-07-13T16:50:33.759844","level":"info","event":"  1500K .......... .......... .......... .......... .......... 12%  257M 1s","logger":"airflow.task.hooks.airflow.providers.standard.hooks.subprocess.SubprocessHook"}
{"timestamp":"2025-07-13T16:50:33.770465","level":"info","event":"  1550K .......... .......... .......... .......... .......... 13% 6.33M 1s","logger":"airflow.task.hooks.airflow.providers.standard.hooks.subprocess.SubprocessHook"}
{"timestamp":"2025-07-13T16:50:33.771761","level":"info","event":"  1600K .......... .......... .......... .......... .......... 13%  116M 1s","logger":"airflow.task.hooks.airflow.providers.standard.hooks.subprocess.SubprocessHook"}
{"timestamp":"2025-07-13T16:50:33.774803","level":"info","event":"  1650K .......... .......... .......... .......... .......... 13% 7.14M 1s","logger":"airflow.task.hooks.airflow.providers.standard.hooks.subprocess.SubprocessHook"}
{"timestamp":"2025-07-13T16:50:33.777175","level":"info","event":"  1700K .......... .......... .......... .......... .......... 14% 20.4M 1s","logger":"airflow.task.hooks.airflow.providers.standard.hooks.subprocess.SubprocessHook"}
{"timestamp":"2025-07-13T16:50:33.777242","level":"info","event":"  1750K .......... .......... .......... .......... .......... 14%  109M 1s","logger":"airflow.task.hooks.airflow.providers.standard.hooks.subprocess.SubprocessHook"}
{"timestamp":"2025-07-13T16:50:33.777670","level":"info","event":"  1800K .......... .......... .......... .......... .......... 15%  186M 1s","logger":"airflow.task.hooks.airflow.providers.standard.hooks.subprocess.SubprocessHook"}
{"timestamp":"2025-07-13T16:50:33.777761","level":"info","event":"  1850K .......... .......... .......... .......... .......... 15%  238M 1s","logger":"airflow.task.hooks.airflow.providers.standard.hooks.subprocess.SubprocessHook"}
{"timestamp":"2025-07-13T16:50:33.782610","level":"info","event":"  1900K .......... .......... .......... .......... .......... 15% 12.0M 1s","logger":"airflow.task.hooks.airflow.providers.standard.hooks.subprocess.SubprocessHook"}
{"timestamp":"2025-07-13T16:50:33.782742","level":"info","event":"  1950K .......... .......... .......... .......... .......... 16%  232M 1s","logger":"airflow.task.hooks.airflow.providers.standard.hooks.subprocess.SubprocessHook"}
{"timestamp":"2025-07-13T16:50:33.784971","level":"info","event":"  2000K .......... .......... .......... .......... .......... 16% 18.8M 1s","logger":"airflow.task.hooks.airflow.providers.standard.hooks.subprocess.SubprocessHook"}
{"timestamp":"2025-07-13T16:50:33.789026","level":"info","event":"  2050K .......... .......... .......... .......... .......... 17% 27.3M 1s","logger":"airflow.task.hooks.airflow.providers.standard.hooks.subprocess.SubprocessHook"}
{"timestamp":"2025-07-13T16:50:33.789377","level":"info","event":"  2100K .......... .......... .......... .......... .......... 17% 17.2M 1s","logger":"airflow.task.hooks.airflow.providers.standard.hooks.subprocess.SubprocessHook"}
{"timestamp":"2025-07-13T16:50:33.792563","level":"info","event":"  2150K .......... .......... .......... .......... .......... 17% 22.8M 1s","logger":"airflow.task.hooks.airflow.providers.standard.hooks.subprocess.SubprocessHook"}
{"timestamp":"2025-07-13T16:50:33.795940","level":"info","event":"  2200K .......... .......... .......... .......... .......... 18% 11.3M 1s","logger":"airflow.task.hooks.airflow.providers.standard.hooks.subprocess.SubprocessHook"}
{"timestamp":"2025-07-13T16:50:33.796103","level":"info","event":"  2250K .......... .......... .......... .......... .......... 18%  216M 1s","logger":"airflow.task.hooks.airflow.providers.standard.hooks.subprocess.SubprocessHook"}
{"timestamp":"2025-07-13T16:50:33.796348","level":"info","event":"  2300K .......... .......... .......... .......... .......... 19%  195M 1s","logger":"airflow.task.hooks.airflow.providers.standard.hooks.subprocess.SubprocessHook"}
{"timestamp":"2025-07-13T16:50:33.803237","level":"info","event":"  2350K .......... .......... .......... .......... .......... 19% 10.5M 1s","logger":"airflow.task.hooks.airflow.providers.standard.hooks.subprocess.SubprocessHook"}
{"timestamp":"2025-07-13T16:50:33.804388","level":"info","event":"  2400K .......... .......... .......... .......... .......... 19% 15.5M 1s","logger":"airflow.task.hooks.airflow.providers.standard.hooks.subprocess.SubprocessHook"}
{"timestamp":"2025-07-13T16:50:33.804548","level":"info","event":"  2450K .......... .......... .......... .......... .......... 20%  152M 1s","logger":"airflow.task.hooks.airflow.providers.standard.hooks.subprocess.SubprocessHook"}
{"timestamp":"2025-07-13T16:50:33.805146","level":"info","event":"  2500K .......... .......... .......... .......... .......... 20% 75.4M 1s","logger":"airflow.task.hooks.airflow.providers.standard.hooks.subprocess.SubprocessHook"}
{"timestamp":"2025-07-13T16:50:33.806996","level":"info","event":"  2550K .......... .......... .......... .......... .......... 21% 78.5M 1s","logger":"airflow.task.hooks.airflow.providers.standard.hooks.subprocess.SubprocessHook"}
{"timestamp":"2025-07-13T16:50:33.809019","level":"info","event":"  2600K .......... .......... .......... .......... .......... 21% 15.2M 1s","logger":"airflow.task.hooks.airflow.providers.standard.hooks.subprocess.SubprocessHook"}
{"timestamp":"2025-07-13T16:50:33.810116","level":"info","event":"  2650K .......... .......... .......... .......... .......... 21% 55.3M 1s","logger":"airflow.task.hooks.airflow.providers.standard.hooks.subprocess.SubprocessHook"}
{"timestamp":"2025-07-13T16:50:33.811276","level":"info","event":"  2700K .......... .......... .......... .......... .......... 22% 37.2M 1s","logger":"airflow.task.hooks.airflow.providers.standard.hooks.subprocess.SubprocessHook"}
{"timestamp":"2025-07-13T16:50:33.815903","level":"info","event":"  2750K .......... .......... .......... .......... .......... 22% 11.0M 1s","logger":"airflow.task.hooks.airflow.providers.standard.hooks.subprocess.SubprocessHook"}
{"timestamp":"2025-07-13T16:50:33.816018","level":"info","event":"  2800K .......... .......... .......... .......... .......... 23%  133M 1s","logger":"airflow.task.hooks.airflow.providers.standard.hooks.subprocess.SubprocessHook"}
{"timestamp":"2025-07-13T16:50:33.819012","level":"info","event":"  2850K .......... .......... .......... .......... .......... 23% 17.8M 1s","logger":"airflow.task.hooks.airflow.providers.standard.hooks.subprocess.SubprocessHook"}
{"timestamp":"2025-07-13T16:50:33.819507","level":"info","event":"  2900K .......... .......... .......... .......... .......... 23%  245M 1s","logger":"airflow.task.hooks.airflow.providers.standard.hooks.subprocess.SubprocessHook"}
{"timestamp":"2025-07-13T16:50:33.821388","level":"info","event":"  2950K .......... .......... .......... .......... .......... 24% 21.9M 1s","logger":"airflow.task.hooks.airflow.providers.standard.hooks.subprocess.SubprocessHook"}
{"timestamp":"2025-07-13T16:50:33.822800","level":"info","event":"  3000K .......... .......... .......... .......... .......... 24% 27.3M 1s","logger":"airflow.task.hooks.airflow.providers.standard.hooks.subprocess.SubprocessHook"}
{"timestamp":"2025-07-13T16:50:33.826044","level":"info","event":"  3050K .......... .......... .......... .......... .......... 25% 15.6M 1s","logger":"airflow.task.hooks.airflow.providers.standard.hooks.subprocess.SubprocessHook"}
{"timestamp":"2025-07-13T16:50:33.835298","level":"info","event":"  3100K .......... .......... .......... .......... .......... 25% 6.47M 1s","logger":"airflow.task.hooks.airflow.providers.standard.hooks.subprocess.SubprocessHook"}
{"timestamp":"2025-07-13T16:50:33.843512","level":"info","event":"  3150K .......... .......... .......... .......... .......... 26% 5.63M 1s","logger":"airflow.task.hooks.airflow.providers.standard.hooks.subprocess.SubprocessHook"}
{"timestamp":"2025-07-13T16:50:33.845295","level":"info","event":"  3200K .......... .......... .......... .......... .......... 26% 18.6M 1s","logger":"airflow.task.hooks.airflow.providers.standard.hooks.subprocess.SubprocessHook"}
{"timestamp":"2025-07-13T16:50:33.845752","level":"info","event":"  3250K .......... .......... .......... .......... .......... 26% 48.8M 1s","logger":"airflow.task.hooks.airflow.providers.standard.hooks.subprocess.SubprocessHook"}
{"timestamp":"2025-07-13T16:50:33.846104","level":"info","event":"  3300K .......... .......... .......... .......... .......... 27%  172M 1s","logger":"airflow.task.hooks.airflow.providers.standard.hooks.subprocess.SubprocessHook"}
{"timestamp":"2025-07-13T16:50:33.846738","level":"info","event":"  3350K .......... .......... .......... .......... .......... 27%  257M 1s","logger":"airflow.task.hooks.airflow.providers.standard.hooks.subprocess.SubprocessHook"}
{"timestamp":"2025-07-13T16:50:33.846828","level":"info","event":"  3400K .......... .......... .......... .......... .......... 28%  181M 1s","logger":"airflow.task.hooks.airflow.providers.standard.hooks.subprocess.SubprocessHook"}
{"timestamp":"2025-07-13T16:50:33.846966","level":"info","event":"  3450K .......... .......... .......... .......... .......... 28%  195M 1s","logger":"airflow.task.hooks.airflow.providers.standard.hooks.subprocess.SubprocessHook"}
{"timestamp":"2025-07-13T16:50:33.847051","level":"info","event":"  3500K .......... .......... .......... .......... .......... 28%  227M 1s","logger":"airflow.task.hooks.airflow.providers.standard.hooks.subprocess.SubprocessHook"}
{"timestamp":"2025-07-13T16:50:33.848015","level":"info","event":"  3550K .......... .......... .......... .......... .......... 29% 54.3M 1s","logger":"airflow.task.hooks.airflow.providers.standard.hooks.subprocess.SubprocessHook"}
{"timestamp":"2025-07-13T16:50:33.850016","level":"info","event":"  3600K .......... .......... .......... .......... .......... 29% 23.9M 1s","logger":"airflow.task.hooks.airflow.providers.standard.hooks.subprocess.SubprocessHook"}
{"timestamp":"2025-07-13T16:50:33.851226","level":"info","event":"  3650K .......... .......... .......... .......... .......... 30% 40.1M 1s","logger":"airflow.task.hooks.airflow.providers.standard.hooks.subprocess.SubprocessHook"}
{"timestamp":"2025-07-13T16:50:33.853561","level":"info","event":"  3700K .......... .......... .......... .......... .......... 30% 36.3M 0s","logger":"airflow.task.hooks.airflow.providers.standard.hooks.subprocess.SubprocessHook"}
{"timestamp":"2025-07-13T16:50:33.855138","level":"info","event":"  3750K .......... .......... .......... .......... .......... 30% 18.9M 0s","logger":"airflow.task.hooks.airflow.providers.standard.hooks.subprocess.SubprocessHook"}
{"timestamp":"2025-07-13T16:50:33.859219","level":"info","event":"  3800K .......... .......... .......... .......... .......... 31% 13.3M 0s","logger":"airflow.task.hooks.airflow.providers.standard.hooks.subprocess.SubprocessHook"}
{"timestamp":"2025-07-13T16:50:33.864768","level":"info","event":"  3850K .......... .......... .......... .......... .......... 31% 8.46M 0s","logger":"airflow.task.hooks.airflow.providers.standard.hooks.subprocess.SubprocessHook"}
{"timestamp":"2025-07-13T16:50:33.865084","level":"info","event":"  3900K .......... .......... .......... .......... .......... 32%  171M 0s","logger":"airflow.task.hooks.airflow.providers.standard.hooks.subprocess.SubprocessHook"}
{"timestamp":"2025-07-13T16:50:33.865398","level":"info","event":"  3950K .......... .......... .......... .......... .......... 32%  165M 0s","logger":"airflow.task.hooks.airflow.providers.standard.hooks.subprocess.SubprocessHook"}
{"timestamp":"2025-07-13T16:50:33.866090","level":"info","event":"  4000K .......... .......... .......... .......... .......... 32% 63.7M 0s","logger":"airflow.task.hooks.airflow.providers.standard.hooks.subprocess.SubprocessHook"}
{"timestamp":"2025-07-13T16:50:33.866803","level":"info","event":"  4050K .......... .......... .......... .......... .......... 33% 52.7M 0s","logger":"airflow.task.hooks.airflow.providers.standard.hooks.subprocess.SubprocessHook"}
{"timestamp":"2025-07-13T16:50:33.868701","level":"info","event":"  4100K .......... .......... .......... .......... .......... 33% 28.4M 0s","logger":"airflow.task.hooks.airflow.providers.standard.hooks.subprocess.SubprocessHook"}
{"timestamp":"2025-07-13T16:50:33.869222","level":"info","event":"  4150K .......... .......... .......... .......... .......... 34%  188M 0s","logger":"airflow.task.hooks.airflow.providers.standard.hooks.subprocess.SubprocessHook"}
{"timestamp":"2025-07-13T16:50:33.876682","level":"info","event":"  4200K .......... .......... .......... .......... .......... 34% 9.44M 0s","logger":"airflow.task.hooks.airflow.providers.standard.hooks.subprocess.SubprocessHook"}
{"timestamp":"2025-07-13T16:50:33.879057","level":"info","event":"  4250K .......... .......... .......... .......... .......... 34% 12.2M 0s","logger":"airflow.task.hooks.airflow.providers.standard.hooks.subprocess.SubprocessHook"}
{"timestamp":"2025-07-13T16:50:33.886952","level":"info","event":"  4300K .......... .......... .......... .......... .......... 35% 5.63M 0s","logger":"airflow.task.hooks.airflow.providers.standard.hooks.subprocess.SubprocessHook"}
{"timestamp":"2025-07-13T16:50:33.888665","level":"info","event":"  4350K .......... .......... .......... .......... .......... 35% 29.2M 0s","logger":"airflow.task.hooks.airflow.providers.standard.hooks.subprocess.SubprocessHook"}
{"timestamp":"2025-07-13T16:50:33.888961","level":"info","event":"  4400K .......... .......... .......... .......... .......... 36% 94.3M 0s","logger":"airflow.task.hooks.airflow.providers.standard.hooks.subprocess.SubprocessHook"}
{"timestamp":"2025-07-13T16:50:33.889373","level":"info","event":"  4450K .......... .......... .......... .......... .......... 36%  262M 0s","logger":"airflow.task.hooks.airflow.providers.standard.hooks.subprocess.SubprocessHook"}
{"timestamp":"2025-07-13T16:50:33.889966","level":"info","event":"  4500K .......... .......... .......... .......... .......... 37%  257M 0s","logger":"airflow.task.hooks.airflow.providers.standard.hooks.subprocess.SubprocessHook"}
{"timestamp":"2025-07-13T16:50:33.895237","level":"info","event":"  4550K .......... .......... .......... .......... .......... 37% 9.11M 0s","logger":"airflow.task.hooks.airflow.providers.standard.hooks.subprocess.SubprocessHook"}
{"timestamp":"2025-07-13T16:50:33.895342","level":"info","event":"  4600K .......... .......... .......... .......... .......... 37%  184M 0s","logger":"airflow.task.hooks.airflow.providers.standard.hooks.subprocess.SubprocessHook"}
{"timestamp":"2025-07-13T16:50:33.895368","level":"info","event":"  4650K .......... .......... .......... .......... .......... 38%  217M 0s","logger":"airflow.task.hooks.airflow.providers.standard.hooks.subprocess.SubprocessHook"}
{"timestamp":"2025-07-13T16:50:33.902058","level":"info","event":"  4700K .......... .......... .......... .......... .......... 38% 6.94M 0s","logger":"airflow.task.hooks.airflow.providers.standard.hooks.subprocess.SubprocessHook"}
{"timestamp":"2025-07-13T16:50:33.903346","level":"info","event":"  4750K .......... .......... .......... .......... .......... 39%  185M 0s","logger":"airflow.task.hooks.airflow.providers.standard.hooks.subprocess.SubprocessHook"}
{"timestamp":"2025-07-13T16:50:33.903600","level":"info","event":"  4800K .......... .......... .......... .......... .......... 39%  203M 0s","logger":"airflow.task.hooks.airflow.providers.standard.hooks.subprocess.SubprocessHook"}
{"timestamp":"2025-07-13T16:50:33.905685","level":"info","event":"  4850K .......... .......... .......... .......... .......... 39% 20.0M 0s","logger":"airflow.task.hooks.airflow.providers.standard.hooks.subprocess.SubprocessHook"}
{"timestamp":"2025-07-13T16:50:33.905947","level":"info","event":"  4900K .......... .......... .......... .......... .......... 40%  144M 0s","logger":"airflow.task.hooks.airflow.providers.standard.hooks.subprocess.SubprocessHook"}
{"timestamp":"2025-07-13T16:50:33.912102","level":"info","event":"  4950K .......... .......... .......... .......... .......... 40% 8.93M 0s","logger":"airflow.task.hooks.airflow.providers.standard.hooks.subprocess.SubprocessHook"}
{"timestamp":"2025-07-13T16:50:33.912282","level":"info","event":"  5000K .......... .......... .......... .......... .......... 41% 30.9M 0s","logger":"airflow.task.hooks.airflow.providers.standard.hooks.subprocess.SubprocessHook"}
{"timestamp":"2025-07-13T16:50:33.914849","level":"info","event":"  5050K .......... .......... .......... .......... .......... 41%  204M 0s","logger":"airflow.task.hooks.airflow.providers.standard.hooks.subprocess.SubprocessHook"}
{"timestamp":"2025-07-13T16:50:33.914945","level":"info","event":"  5100K .......... .......... .......... .......... .......... 41%  125M 0s","logger":"airflow.task.hooks.airflow.providers.standard.hooks.subprocess.SubprocessHook"}
{"timestamp":"2025-07-13T16:50:33.919689","level":"info","event":"  5150K .......... .......... .......... .......... .......... 42% 10.4M 0s","logger":"airflow.task.hooks.airflow.providers.standard.hooks.subprocess.SubprocessHook"}
{"timestamp":"2025-07-13T16:50:33.919866","level":"info","event":"  5200K .......... .......... .......... .......... .......... 42%  248M 0s","logger":"airflow.task.hooks.airflow.providers.standard.hooks.subprocess.SubprocessHook"}
{"timestamp":"2025-07-13T16:50:33.922391","level":"info","event":"  5250K .......... .......... .......... .......... .......... 43% 13.7M 0s","logger":"airflow.task.hooks.airflow.providers.standard.hooks.subprocess.SubprocessHook"}
{"timestamp":"2025-07-13T16:50:33.922490","level":"info","event":"  5300K .......... .......... .......... .......... .......... 43%  108M 0s","logger":"airflow.task.hooks.airflow.providers.standard.hooks.subprocess.SubprocessHook"}
{"timestamp":"2025-07-13T16:50:33.922520","level":"info","event":"  5350K .......... .......... .......... .......... .......... 43%  120M 0s","logger":"airflow.task.hooks.airflow.providers.standard.hooks.subprocess.SubprocessHook"}
{"timestamp":"2025-07-13T16:50:33.923988","level":"info","event":"  5400K .......... .......... .......... .......... .......... 44%  238M 0s","logger":"airflow.task.hooks.airflow.providers.standard.hooks.subprocess.SubprocessHook"}
{"timestamp":"2025-07-13T16:50:33.924035","level":"info","event":"  5450K .......... .......... .......... .......... .......... 44% 92.0M 0s","logger":"airflow.task.hooks.airflow.providers.standard.hooks.subprocess.SubprocessHook"}
{"timestamp":"2025-07-13T16:50:33.924073","level":"info","event":"  5500K .......... .......... .......... .......... .......... 45% 47.3M 0s","logger":"airflow.task.hooks.airflow.providers.standard.hooks.subprocess.SubprocessHook"}
{"timestamp":"2025-07-13T16:50:33.930887","level":"info","event":"  5550K .......... .......... .......... .......... .......... 45% 30.6M 0s","logger":"airflow.task.hooks.airflow.providers.standard.hooks.subprocess.SubprocessHook"}
{"timestamp":"2025-07-13T16:50:33.931374","level":"info","event":"  5600K .......... .......... .......... .......... .......... 45% 43.9M 0s","logger":"airflow.task.hooks.airflow.providers.standard.hooks.subprocess.SubprocessHook"}
{"timestamp":"2025-07-13T16:50:33.935292","level":"info","event":"  5650K .......... .......... .......... .......... .......... 46% 20.2M 0s","logger":"airflow.task.hooks.airflow.providers.standard.hooks.subprocess.SubprocessHook"}
{"timestamp":"2025-07-13T16:50:33.935397","level":"info","event":"  5700K .......... .......... .......... .......... .......... 46%  218M 0s","logger":"airflow.task.hooks.airflow.providers.standard.hooks.subprocess.SubprocessHook"}
{"timestamp":"2025-07-13T16:50:33.935446","level":"info","event":"  5750K .......... .......... .......... .......... .......... 47%  247M 0s","logger":"airflow.task.hooks.airflow.providers.standard.hooks.subprocess.SubprocessHook"}
{"timestamp":"2025-07-13T16:50:33.935506","level":"info","event":"  5800K .......... .......... .......... .......... .......... 47%  138M 0s","logger":"airflow.task.hooks.airflow.providers.standard.hooks.subprocess.SubprocessHook"}
{"timestamp":"2025-07-13T16:50:33.935561","level":"info","event":"  5850K .......... .......... .......... .......... .......... 47%  262M 0s","logger":"airflow.task.hooks.airflow.providers.standard.hooks.subprocess.SubprocessHook"}
{"timestamp":"2025-07-13T16:50:33.935612","level":"info","event":"  5900K .......... .......... .......... .......... .......... 48%  276M 0s","logger":"airflow.task.hooks.airflow.providers.standard.hooks.subprocess.SubprocessHook"}
{"timestamp":"2025-07-13T16:50:33.935651","level":"info","event":"  5950K .......... .......... .......... .......... .......... 48% 18.7M 0s","logger":"airflow.task.hooks.airflow.providers.standard.hooks.subprocess.SubprocessHook"}
{"timestamp":"2025-07-13T16:50:33.937129","level":"info","event":"  6000K .......... .......... .......... .......... .......... 49% 14.6M 0s","logger":"airflow.task.hooks.airflow.providers.standard.hooks.subprocess.SubprocessHook"}
{"timestamp":"2025-07-13T16:50:33.945394","level":"info","event":"  6050K .......... .......... .......... .......... .......... 49%  107M 0s","logger":"airflow.task.hooks.airflow.providers.standard.hooks.subprocess.SubprocessHook"}
{"timestamp":"2025-07-13T16:50:33.986943","level":"info","event":"  6100K .......... .......... .......... .......... .......... 50% 53.1M 0s","logger":"airflow.task.hooks.airflow.providers.standard.hooks.subprocess.SubprocessHook"}
{"timestamp":"2025-07-13T16:50:33.987007","level":"info","event":"  6150K .......... .......... .......... .......... .......... 50% 24.8M 0s","logger":"airflow.task.hooks.airflow.providers.standard.hooks.subprocess.SubprocessHook"}
{"timestamp":"2025-07-13T16:50:33.987218","level":"info","event":"  6200K .......... .......... .......... .......... .......... 50% 10.9M 0s","logger":"airflow.task.hooks.airflow.providers.standard.hooks.subprocess.SubprocessHook"}
{"timestamp":"2025-07-13T16:50:33.987250","level":"info","event":"  6250K .......... .......... .......... .......... .......... 51%  236M 0s","logger":"airflow.task.hooks.airflow.providers.standard.hooks.subprocess.SubprocessHook"}
{"timestamp":"2025-07-13T16:50:33.987283","level":"info","event":"  6300K .......... .......... .......... .......... .......... 51%  287M 0s","logger":"airflow.task.hooks.airflow.providers.standard.hooks.subprocess.SubprocessHook"}
{"timestamp":"2025-07-13T16:50:33.987314","level":"info","event":"  6350K .......... .......... .......... .......... .......... 52% 1.36M 0s","logger":"airflow.task.hooks.airflow.providers.standard.hooks.subprocess.SubprocessHook"}
{"timestamp":"2025-07-13T16:50:33.987341","level":"info","event":"  6400K .......... .......... .......... .......... .......... 52% 37.1M 0s","logger":"airflow.task.hooks.airflow.providers.standard.hooks.subprocess.SubprocessHook"}
{"timestamp":"2025-07-13T16:50:33.988173","level":"info","event":"  6450K .......... .......... .......... .......... .......... 52% 8.07M 0s","logger":"airflow.task.hooks.airflow.providers.standard.hooks.subprocess.SubprocessHook"}
{"timestamp":"2025-07-13T16:50:33.988233","level":"info","event":"  6500K .......... .......... .......... .......... .......... 53%  276M 0s","logger":"airflow.task.hooks.airflow.providers.standard.hooks.subprocess.SubprocessHook"}
{"timestamp":"2025-07-13T16:50:34.004787","level":"info","event":"  6550K .......... .......... .......... .......... .......... 53% 5.42M 0s","logger":"airflow.task.hooks.airflow.providers.standard.hooks.subprocess.SubprocessHook"}
{"timestamp":"2025-07-13T16:50:34.004913","level":"info","event":"  6600K .......... .......... .......... .......... .......... 54% 16.9M 0s","logger":"airflow.task.hooks.airflow.providers.standard.hooks.subprocess.SubprocessHook"}
{"timestamp":"2025-07-13T16:50:34.004951","level":"info","event":"  6650K .......... .......... .......... .......... .......... 54%  166M 0s","logger":"airflow.task.hooks.airflow.providers.standard.hooks.subprocess.SubprocessHook"}
{"timestamp":"2025-07-13T16:50:34.004998","level":"info","event":"  6700K .......... .......... .......... .......... .......... 54% 71.7M 0s","logger":"airflow.task.hooks.airflow.providers.standard.hooks.subprocess.SubprocessHook"}
{"timestamp":"2025-07-13T16:50:34.005027","level":"info","event":"  6750K .......... .......... .......... .......... .......... 55%  122M 0s","logger":"airflow.task.hooks.airflow.providers.standard.hooks.subprocess.SubprocessHook"}
{"timestamp":"2025-07-13T16:50:34.005054","level":"info","event":"  6800K .......... .......... .......... .......... .......... 55%  244M 0s","logger":"airflow.task.hooks.airflow.providers.standard.hooks.subprocess.SubprocessHook"}
{"timestamp":"2025-07-13T16:50:34.005096","level":"info","event":"  6850K .......... .......... .......... .......... .......... 56%  217M 0s","logger":"airflow.task.hooks.airflow.providers.standard.hooks.subprocess.SubprocessHook"}
{"timestamp":"2025-07-13T16:50:34.005126","level":"info","event":"  6900K .......... .......... .......... .......... .......... 56%  241M 0s","logger":"airflow.task.hooks.airflow.providers.standard.hooks.subprocess.SubprocessHook"}
{"timestamp":"2025-07-13T16:50:34.005177","level":"info","event":"  6950K .......... .......... .......... .......... .......... 56%  230M 0s","logger":"airflow.task.hooks.airflow.providers.standard.hooks.subprocess.SubprocessHook"}
{"timestamp":"2025-07-13T16:50:34.005210","level":"info","event":"  7000K .......... .......... .......... .......... .......... 57%  234M 0s","logger":"airflow.task.hooks.airflow.providers.standard.hooks.subprocess.SubprocessHook"}
{"timestamp":"2025-07-13T16:50:34.007369","level":"info","event":"  7050K .......... .......... .......... .......... .......... 57% 29.5M 0s","logger":"airflow.task.hooks.airflow.providers.standard.hooks.subprocess.SubprocessHook"}
{"timestamp":"2025-07-13T16:50:34.008437","level":"info","event":"  7100K .......... .......... .......... .......... .......... 58%  238M 0s","logger":"airflow.task.hooks.airflow.providers.standard.hooks.subprocess.SubprocessHook"}
{"timestamp":"2025-07-13T16:50:34.009004","level":"info","event":"  7150K .......... .......... .......... .......... .......... 58% 15.5M 0s","logger":"airflow.task.hooks.airflow.providers.standard.hooks.subprocess.SubprocessHook"}
{"timestamp":"2025-07-13T16:50:34.044342","level":"info","event":"  7200K .......... .......... .......... .......... .......... 58%  181M 0s","logger":"airflow.task.hooks.airflow.providers.standard.hooks.subprocess.SubprocessHook"}
{"timestamp":"2025-07-13T16:50:34.044457","level":"info","event":"  7250K .......... .......... .......... .......... .......... 59%  240M 0s","logger":"airflow.task.hooks.airflow.providers.standard.hooks.subprocess.SubprocessHook"}
{"timestamp":"2025-07-13T16:50:34.044521","level":"info","event":"  7300K .......... .......... .......... .......... .......... 59%  146M 0s","logger":"airflow.task.hooks.airflow.providers.standard.hooks.subprocess.SubprocessHook"}
{"timestamp":"2025-07-13T16:50:34.044570","level":"info","event":"  7350K .......... .......... .......... .......... .......... 60%  186M 0s","logger":"airflow.task.hooks.airflow.providers.standard.hooks.subprocess.SubprocessHook"}
{"timestamp":"2025-07-13T16:50:34.044625","level":"info","event":"  7400K .......... .......... .......... .......... .......... 60% 18.5M 0s","logger":"airflow.task.hooks.airflow.providers.standard.hooks.subprocess.SubprocessHook"}
{"timestamp":"2025-07-13T16:50:34.053842","level":"info","event":"  7450K .......... .......... .......... .......... .......... 60% 1.30M 0s","logger":"airflow.task.hooks.airflow.providers.standard.hooks.subprocess.SubprocessHook"}
{"timestamp":"2025-07-13T16:50:34.054175","level":"info","event":"  7500K .......... .......... .......... .......... .......... 61%  167M 0s","logger":"airflow.task.hooks.airflow.providers.standard.hooks.subprocess.SubprocessHook"}
{"timestamp":"2025-07-13T16:50:34.054320","level":"info","event":"  7550K .......... .......... .......... .......... .......... 61%  174M 0s","logger":"airflow.task.hooks.airflow.providers.standard.hooks.subprocess.SubprocessHook"}
{"timestamp":"2025-07-13T16:50:34.054541","level":"info","event":"  7600K .......... .......... .......... .......... .......... 62%  236M 0s","logger":"airflow.task.hooks.airflow.providers.standard.hooks.subprocess.SubprocessHook"}
{"timestamp":"2025-07-13T16:50:34.055149","level":"info","event":"  7650K .......... .......... .......... .......... .......... 62%  126M 0s","logger":"airflow.task.hooks.airflow.providers.standard.hooks.subprocess.SubprocessHook"}
{"timestamp":"2025-07-13T16:50:34.066876","level":"info","event":"  7700K .......... .......... .......... .......... .......... 63% 4.08M 0s","logger":"airflow.task.hooks.airflow.providers.standard.hooks.subprocess.SubprocessHook"}
{"timestamp":"2025-07-13T16:50:34.069968","level":"info","event":"  7750K .......... .......... .......... .......... .......... 63% 8.88M 0s","logger":"airflow.task.hooks.airflow.providers.standard.hooks.subprocess.SubprocessHook"}
{"timestamp":"2025-07-13T16:50:34.071361","level":"info","event":"  7800K .......... .......... .......... .......... .......... 63% 35.6M 0s","logger":"airflow.task.hooks.airflow.providers.standard.hooks.subprocess.SubprocessHook"}
{"timestamp":"2025-07-13T16:50:34.071783","level":"info","event":"  7850K .......... .......... .......... .......... .......... 64%  139M 0s","logger":"airflow.task.hooks.airflow.providers.standard.hooks.subprocess.SubprocessHook"}
{"timestamp":"2025-07-13T16:50:34.081191","level":"info","event":"  7900K .......... .......... .......... .......... .......... 64% 6.09M 0s","logger":"airflow.task.hooks.airflow.providers.standard.hooks.subprocess.SubprocessHook"}
{"timestamp":"2025-07-13T16:50:34.209034","level":"info","event":"  7950K .......... .......... .......... .......... .......... 65%  379K 0s","logger":"airflow.task.hooks.airflow.providers.standard.hooks.subprocess.SubprocessHook"}
{"timestamp":"2025-07-13T16:50:34.302222","level":"info","event":"  8000K .......... .......... .......... .......... .......... 65%  536K 0s","logger":"airflow.task.hooks.airflow.providers.standard.hooks.subprocess.SubprocessHook"}
{"timestamp":"2025-07-13T16:50:34.307237","level":"info","event":"  8050K .......... .......... .......... .......... .......... 65% 11.9M 0s","logger":"airflow.task.hooks.airflow.providers.standard.hooks.subprocess.SubprocessHook"}
{"timestamp":"2025-07-13T16:50:34.308815","level":"info","event":"  8100K .......... .......... .......... .......... .......... 66% 19.4M 0s","logger":"airflow.task.hooks.airflow.providers.standard.hooks.subprocess.SubprocessHook"}
{"timestamp":"2025-07-13T16:50:34.377896","level":"info","event":"  8150K .......... .......... .......... .......... .......... 66%  724K 0s","logger":"airflow.task.hooks.airflow.providers.standard.hooks.subprocess.SubprocessHook"}
{"timestamp":"2025-07-13T16:50:34.398896","level":"info","event":"  8200K .......... .......... .......... .......... .......... 67% 2.33M 0s","logger":"airflow.task.hooks.airflow.providers.standard.hooks.subprocess.SubprocessHook"}
{"timestamp":"2025-07-13T16:50:34.446346","level":"info","event":"  8250K .......... .......... .......... .......... .......... 67% 1.05M 0s","logger":"airflow.task.hooks.airflow.providers.standard.hooks.subprocess.SubprocessHook"}
{"timestamp":"2025-07-13T16:50:34.485789","level":"info","event":"  8300K .......... .......... .......... .......... .......... 67% 1.21M 0s","logger":"airflow.task.hooks.airflow.providers.standard.hooks.subprocess.SubprocessHook"}
{"timestamp":"2025-07-13T16:50:34.527973","level":"info","event":"  8350K .......... .......... .......... .......... .......... 68% 1.22M 0s","logger":"airflow.task.hooks.airflow.providers.standard.hooks.subprocess.SubprocessHook"}
{"timestamp":"2025-07-13T16:50:34.572286","level":"info","event":"  8400K .......... .......... .......... .......... .......... 68% 1.06M 0s","logger":"airflow.task.hooks.airflow.providers.standard.hooks.subprocess.SubprocessHook"}
{"timestamp":"2025-07-13T16:50:34.618046","level":"info","event":"  8450K .......... .......... .......... .......... .......... 69% 3.94M 0s","logger":"airflow.task.hooks.airflow.providers.standard.hooks.subprocess.SubprocessHook"}
{"timestamp":"2025-07-13T16:50:34.622181","level":"info","event":"  8500K .......... .......... .......... .......... .......... 69% 2.07M 0s","logger":"airflow.task.hooks.airflow.providers.standard.hooks.subprocess.SubprocessHook"}
{"timestamp":"2025-07-13T16:50:34.622266","level":"info","event":"  8550K .......... .......... .......... .......... .......... 69% 98.6M 0s","logger":"airflow.task.hooks.airflow.providers.standard.hooks.subprocess.SubprocessHook"}
{"timestamp":"2025-07-13T16:50:34.622296","level":"info","event":"  8600K .......... .......... .......... .......... .......... 70%  222M 0s","logger":"airflow.task.hooks.airflow.providers.standard.hooks.subprocess.SubprocessHook"}
{"timestamp":"2025-07-13T16:50:34.622317","level":"info","event":"  8650K .......... .......... .......... .......... .......... 70%  124M 0s","logger":"airflow.task.hooks.airflow.providers.standard.hooks.subprocess.SubprocessHook"}
{"timestamp":"2025-07-13T16:50:34.622338","level":"info","event":"  8700K .......... .......... .......... .......... .......... 71%  242M 0s","logger":"airflow.task.hooks.airflow.providers.standard.hooks.subprocess.SubprocessHook"}
{"timestamp":"2025-07-13T16:50:34.622357","level":"info","event":"  8750K .......... .......... .......... .......... .......... 71%  126M 0s","logger":"airflow.task.hooks.airflow.providers.standard.hooks.subprocess.SubprocessHook"}
{"timestamp":"2025-07-13T16:50:34.622397","level":"info","event":"  8800K .......... .......... .......... .......... .......... 71%  210M 0s","logger":"airflow.task.hooks.airflow.providers.standard.hooks.subprocess.SubprocessHook"}
{"timestamp":"2025-07-13T16:50:34.622444","level":"info","event":"  8850K .......... .......... .......... .......... .......... 72%  230M 0s","logger":"airflow.task.hooks.airflow.providers.standard.hooks.subprocess.SubprocessHook"}
{"timestamp":"2025-07-13T16:50:34.622464","level":"info","event":"  8900K .......... .......... .......... .......... .......... 72%  268M 0s","logger":"airflow.task.hooks.airflow.providers.standard.hooks.subprocess.SubprocessHook"}
{"timestamp":"2025-07-13T16:50:34.622483","level":"info","event":"  8950K .......... .......... .......... .......... .......... 73%  200M 0s","logger":"airflow.task.hooks.airflow.providers.standard.hooks.subprocess.SubprocessHook"}
{"timestamp":"2025-07-13T16:50:34.622502","level":"info","event":"  9000K .......... .......... .......... .......... .......... 73%  248M 0s","logger":"airflow.task.hooks.airflow.providers.standard.hooks.subprocess.SubprocessHook"}
{"timestamp":"2025-07-13T16:50:34.622535","level":"info","event":"  9050K .......... .......... .......... .......... .......... 74%  101M 0s","logger":"airflow.task.hooks.airflow.providers.standard.hooks.subprocess.SubprocessHook"}
{"timestamp":"2025-07-13T16:50:34.622554","level":"info","event":"  9100K .......... .......... .......... .......... .......... 74%  238M 0s","logger":"airflow.task.hooks.airflow.providers.standard.hooks.subprocess.SubprocessHook"}
{"timestamp":"2025-07-13T16:50:34.622572","level":"info","event":"  9150K .......... .......... .......... .......... .......... 74%  179M 0s","logger":"airflow.task.hooks.airflow.providers.standard.hooks.subprocess.SubprocessHook"}
{"timestamp":"2025-07-13T16:50:34.622589","level":"info","event":"  9200K .......... .......... .......... .......... .......... 75%  233M 0s","logger":"airflow.task.hooks.airflow.providers.standard.hooks.subprocess.SubprocessHook"}
{"timestamp":"2025-07-13T16:50:34.622607","level":"info","event":"  9250K .......... .......... .......... .......... .......... 75%  239M 0s","logger":"airflow.task.hooks.airflow.providers.standard.hooks.subprocess.SubprocessHook"}
{"timestamp":"2025-07-13T16:50:34.622625","level":"info","event":"  9300K .......... .......... .......... .......... .......... 76%  185M 0s","logger":"airflow.task.hooks.airflow.providers.standard.hooks.subprocess.SubprocessHook"}
{"timestamp":"2025-07-13T16:50:34.622643","level":"info","event":"  9350K .......... .......... .......... .......... .......... 76%  245M 0s","logger":"airflow.task.hooks.airflow.providers.standard.hooks.subprocess.SubprocessHook"}
{"timestamp":"2025-07-13T16:50:34.622662","level":"info","event":"  9400K .......... .......... .......... .......... .......... 76%  241M 0s","logger":"airflow.task.hooks.airflow.providers.standard.hooks.subprocess.SubprocessHook"}
{"timestamp":"2025-07-13T16:50:34.622680","level":"info","event":"  9450K .......... .......... .......... .......... .......... 77%  241M 0s","logger":"airflow.task.hooks.airflow.providers.standard.hooks.subprocess.SubprocessHook"}
{"timestamp":"2025-07-13T16:50:34.622698","level":"info","event":"  9500K .......... .......... .......... .......... .......... 77%  118M 0s","logger":"airflow.task.hooks.airflow.providers.standard.hooks.subprocess.SubprocessHook"}
{"timestamp":"2025-07-13T16:50:34.622724","level":"info","event":"  9550K .......... .......... .......... .......... .......... 78% 67.6M 0s","logger":"airflow.task.hooks.airflow.providers.standard.hooks.subprocess.SubprocessHook"}
{"timestamp":"2025-07-13T16:50:34.622759","level":"info","event":"  9600K .......... .......... .......... .......... .......... 78%  142M 0s","logger":"airflow.task.hooks.airflow.providers.standard.hooks.subprocess.SubprocessHook"}
{"timestamp":"2025-07-13T16:50:34.622786","level":"info","event":"  9650K .......... .......... .......... .......... .......... 78%  163M 0s","logger":"airflow.task.hooks.airflow.providers.standard.hooks.subprocess.SubprocessHook"}
{"timestamp":"2025-07-13T16:50:34.622820","level":"info","event":"  9700K .......... .......... .......... .......... .......... 79% 95.5M 0s","logger":"airflow.task.hooks.airflow.providers.standard.hooks.subprocess.SubprocessHook"}
{"timestamp":"2025-07-13T16:50:34.622842","level":"info","event":"  9750K .......... .......... .......... .......... .......... 79%  154M 0s","logger":"airflow.task.hooks.airflow.providers.standard.hooks.subprocess.SubprocessHook"}
{"timestamp":"2025-07-13T16:50:34.622861","level":"info","event":"  9800K .......... .......... .......... .......... .......... 80%  118M 0s","logger":"airflow.task.hooks.airflow.providers.standard.hooks.subprocess.SubprocessHook"}
{"timestamp":"2025-07-13T16:50:34.622879","level":"info","event":"  9850K .......... .......... .......... .......... .......... 80%  137M 0s","logger":"airflow.task.hooks.airflow.providers.standard.hooks.subprocess.SubprocessHook"}
{"timestamp":"2025-07-13T16:50:34.622913","level":"info","event":"  9900K .......... .......... .......... .......... .......... 80%  133M 0s","logger":"airflow.task.hooks.airflow.providers.standard.hooks.subprocess.SubprocessHook"}
{"timestamp":"2025-07-13T16:50:34.622937","level":"info","event":"  9950K .......... .......... .......... .......... .......... 81%  129M 0s","logger":"airflow.task.hooks.airflow.providers.standard.hooks.subprocess.SubprocessHook"}
{"timestamp":"2025-07-13T16:50:34.622955","level":"info","event":" 10000K .......... .......... .......... .......... .......... 81%  190M 0s","logger":"airflow.task.hooks.airflow.providers.standard.hooks.subprocess.SubprocessHook"}
{"timestamp":"2025-07-13T16:50:34.622973","level":"info","event":" 10050K .......... .......... .......... .......... .......... 82%  145M 0s","logger":"airflow.task.hooks.airflow.providers.standard.hooks.subprocess.SubprocessHook"}
{"timestamp":"2025-07-13T16:50:34.623007","level":"info","event":" 10100K .......... .......... .......... .......... .......... 82%  159M 0s","logger":"airflow.task.hooks.airflow.providers.standard.hooks.subprocess.SubprocessHook"}
{"timestamp":"2025-07-13T16:50:34.623026","level":"info","event":" 10150K .......... .......... .......... .......... .......... 82%  147M 0s","logger":"airflow.task.hooks.airflow.providers.standard.hooks.subprocess.SubprocessHook"}
{"timestamp":"2025-07-13T16:50:34.630438","level":"info","event":" 10200K .......... .......... .......... .......... .......... 83% 9.03M 0s","logger":"airflow.task.hooks.airflow.providers.standard.hooks.subprocess.SubprocessHook"}
{"timestamp":"2025-07-13T16:50:34.630543","level":"info","event":" 10250K .......... .......... .......... .......... .......... 83%  229M 0s","logger":"airflow.task.hooks.airflow.providers.standard.hooks.subprocess.SubprocessHook"}
{"timestamp":"2025-07-13T16:50:34.630577","level":"info","event":" 10300K .......... .......... .......... .......... .......... 84%  238M 0s","logger":"airflow.task.hooks.airflow.providers.standard.hooks.subprocess.SubprocessHook"}
{"timestamp":"2025-07-13T16:50:34.630598","level":"info","event":" 10350K .......... .......... .......... .......... .......... 84%  281M 0s","logger":"airflow.task.hooks.airflow.providers.standard.hooks.subprocess.SubprocessHook"}
{"timestamp":"2025-07-13T16:50:34.630626","level":"info","event":" 10400K .......... .......... .......... .......... .......... 84%  259M 0s","logger":"airflow.task.hooks.airflow.providers.standard.hooks.subprocess.SubprocessHook"}
{"timestamp":"2025-07-13T16:50:34.630652","level":"info","event":" 10450K .......... .......... .......... .......... .......... 85%  286M 0s","logger":"airflow.task.hooks.airflow.providers.standard.hooks.subprocess.SubprocessHook"}
{"timestamp":"2025-07-13T16:50:34.630672","level":"info","event":" 10500K .......... .......... .......... .......... .......... 85%  222M 0s","logger":"airflow.task.hooks.airflow.providers.standard.hooks.subprocess.SubprocessHook"}
{"timestamp":"2025-07-13T16:50:34.630699","level":"info","event":" 10550K .......... .......... .......... .......... .......... 86%  240M 0s","logger":"airflow.task.hooks.airflow.providers.standard.hooks.subprocess.SubprocessHook"}
{"timestamp":"2025-07-13T16:50:34.630733","level":"info","event":" 10600K .......... .......... .......... .......... .......... 86%  273M 0s","logger":"airflow.task.hooks.airflow.providers.standard.hooks.subprocess.SubprocessHook"}
{"timestamp":"2025-07-13T16:50:34.630770","level":"info","event":" 10650K .......... .......... .......... .......... .......... 87%  142M 0s","logger":"airflow.task.hooks.airflow.providers.standard.hooks.subprocess.SubprocessHook"}
{"timestamp":"2025-07-13T16:50:34.630805","level":"info","event":" 10700K .......... .......... .......... .......... .......... 87%  208M 0s","logger":"airflow.task.hooks.airflow.providers.standard.hooks.subprocess.SubprocessHook"}
{"timestamp":"2025-07-13T16:50:34.630853","level":"info","event":" 10750K .......... .......... .......... .......... .......... 87%  284M 0s","logger":"airflow.task.hooks.airflow.providers.standard.hooks.subprocess.SubprocessHook"}
{"timestamp":"2025-07-13T16:50:34.638167","level":"info","event":" 10800K .......... .......... .......... .......... .......... 88% 8.35M 0s","logger":"airflow.task.hooks.airflow.providers.standard.hooks.subprocess.SubprocessHook"}
{"timestamp":"2025-07-13T16:50:34.638263","level":"info","event":" 10850K .......... .......... .......... .......... .......... 88%  222M 0s","logger":"airflow.task.hooks.airflow.providers.standard.hooks.subprocess.SubprocessHook"}
{"timestamp":"2025-07-13T16:50:34.638314","level":"info","event":" 10900K .......... .......... .......... .......... .......... 89%  206M 0s","logger":"airflow.task.hooks.airflow.providers.standard.hooks.subprocess.SubprocessHook"}
{"timestamp":"2025-07-13T16:50:34.638365","level":"info","event":" 10950K .......... .......... .......... .......... .......... 89%  245M 0s","logger":"airflow.task.hooks.airflow.providers.standard.hooks.subprocess.SubprocessHook"}
{"timestamp":"2025-07-13T16:50:34.638391","level":"info","event":" 11000K .......... .......... .......... .......... .......... 89%  240M 0s","logger":"airflow.task.hooks.airflow.providers.standard.hooks.subprocess.SubprocessHook"}
{"timestamp":"2025-07-13T16:50:34.638446","level":"info","event":" 11050K .......... .......... .......... .......... .......... 90%  223M 0s","logger":"airflow.task.hooks.airflow.providers.standard.hooks.subprocess.SubprocessHook"}
{"timestamp":"2025-07-13T16:50:34.638471","level":"info","event":" 11100K .......... .......... .......... .......... .......... 90%  215M 0s","logger":"airflow.task.hooks.airflow.providers.standard.hooks.subprocess.SubprocessHook"}
{"timestamp":"2025-07-13T16:50:34.638497","level":"info","event":" 11150K .......... .......... .......... .......... .......... 91%  241M 0s","logger":"airflow.task.hooks.airflow.providers.standard.hooks.subprocess.SubprocessHook"}
{"timestamp":"2025-07-13T16:50:34.639109","level":"info","event":" 11200K .......... .......... .......... .......... .......... 91%  253M 0s","logger":"airflow.task.hooks.airflow.providers.standard.hooks.subprocess.SubprocessHook"}
{"timestamp":"2025-07-13T16:50:34.639164","level":"info","event":" 11250K .......... .......... .......... .......... .......... 91%  254M 0s","logger":"airflow.task.hooks.airflow.providers.standard.hooks.subprocess.SubprocessHook"}
{"timestamp":"2025-07-13T16:50:34.641329","level":"info","event":" 11300K .......... .......... .......... .......... .......... 92%  207M 0s","logger":"airflow.task.hooks.airflow.providers.standard.hooks.subprocess.SubprocessHook"}
{"timestamp":"2025-07-13T16:50:34.641494","level":"info","event":" 11350K .......... .......... .......... .......... .......... 92%  242M 0s","logger":"airflow.task.hooks.airflow.providers.standard.hooks.subprocess.SubprocessHook"}
{"timestamp":"2025-07-13T16:50:34.641566","level":"info","event":" 11400K .......... .......... .......... .......... .......... 93% 11.4M 0s","logger":"airflow.task.hooks.airflow.providers.standard.hooks.subprocess.SubprocessHook"}
{"timestamp":"2025-07-13T16:50:34.641594","level":"info","event":" 11450K .......... .......... .......... .......... .......... 93%  171M 0s","logger":"airflow.task.hooks.airflow.providers.standard.hooks.subprocess.SubprocessHook"}
{"timestamp":"2025-07-13T16:50:34.641627","level":"info","event":" 11500K .......... .......... .......... .......... .......... 93% 89.7M 0s","logger":"airflow.task.hooks.airflow.providers.standard.hooks.subprocess.SubprocessHook"}
{"timestamp":"2025-07-13T16:50:34.644887","level":"info","event":" 11550K .......... .......... .......... .......... .......... 94% 13.3M 0s","logger":"airflow.task.hooks.airflow.providers.standard.hooks.subprocess.SubprocessHook"}
{"timestamp":"2025-07-13T16:50:34.645849","level":"info","event":" 11600K .......... .......... .......... .......... .......... 94%  219M 0s","logger":"airflow.task.hooks.airflow.providers.standard.hooks.subprocess.SubprocessHook"}
{"timestamp":"2025-07-13T16:50:34.646139","level":"info","event":" 11650K .......... .......... .......... .......... .......... 95%  273M 0s","logger":"airflow.task.hooks.airflow.providers.standard.hooks.subprocess.SubprocessHook"}
{"timestamp":"2025-07-13T16:50:34.646386","level":"info","event":" 11700K .......... .......... .......... .......... .......... 95%  251M 0s","logger":"airflow.task.hooks.airflow.providers.standard.hooks.subprocess.SubprocessHook"}
{"timestamp":"2025-07-13T16:50:34.646460","level":"info","event":" 11750K .......... .......... .......... .......... .......... 95%  223M 0s","logger":"airflow.task.hooks.airflow.providers.standard.hooks.subprocess.SubprocessHook"}
{"timestamp":"2025-07-13T16:50:34.646752","level":"info","event":" 11800K .......... .......... .......... .......... .......... 96%  307M 0s","logger":"airflow.task.hooks.airflow.providers.standard.hooks.subprocess.SubprocessHook"}
{"timestamp":"2025-07-13T16:50:34.647674","level":"info","event":" 11850K .......... .......... .......... .......... .......... 96%  315M 0s","logger":"airflow.task.hooks.airflow.providers.standard.hooks.subprocess.SubprocessHook"}
{"timestamp":"2025-07-13T16:50:34.647789","level":"info","event":" 11900K .......... .......... .......... .......... .......... 97% 48.7M 0s","logger":"airflow.task.hooks.airflow.providers.standard.hooks.subprocess.SubprocessHook"}
{"timestamp":"2025-07-13T16:50:34.647855","level":"info","event":" 11950K .......... .......... .......... .......... .......... 97%  178M 0s","logger":"airflow.task.hooks.airflow.providers.standard.hooks.subprocess.SubprocessHook"}
{"timestamp":"2025-07-13T16:50:34.648766","level":"info","event":" 12000K .......... .......... .......... .......... .......... 97%  212M 0s","logger":"airflow.task.hooks.airflow.providers.standard.hooks.subprocess.SubprocessHook"}
{"timestamp":"2025-07-13T16:50:34.648942","level":"info","event":" 12050K .......... .......... .......... .......... .......... 98%  167M 0s","logger":"airflow.task.hooks.airflow.providers.standard.hooks.subprocess.SubprocessHook"}
{"timestamp":"2025-07-13T16:50:34.649171","level":"info","event":" 12100K .......... .......... .......... .......... .......... 98%  108M 0s","logger":"airflow.task.hooks.airflow.providers.standard.hooks.subprocess.SubprocessHook"}
{"timestamp":"2025-07-13T16:50:34.649265","level":"info","event":" 12150K .......... .......... .......... .......... .......... 99%  104M 0s","logger":"airflow.task.hooks.airflow.providers.standard.hooks.subprocess.SubprocessHook"}
{"timestamp":"2025-07-13T16:50:34.650170","level":"info","event":" 12200K .......... .......... .......... .......... .......... 99% 28.3M 0s","logger":"airflow.task.hooks.airflow.providers.standard.hooks.subprocess.SubprocessHook"}
{"timestamp":"2025-07-13T16:50:34.650265","level":"info","event":" 12250K .......... .......... .......... .......... .....     100%  107M=1.0s","logger":"airflow.task.hooks.airflow.providers.standard.hooks.subprocess.SubprocessHook"}
{"timestamp":"2025-07-13T16:50:34.650315","level":"info","event":"","logger":"airflow.task.hooks.airflow.providers.standard.hooks.subprocess.SubprocessHook"}
{"timestamp":"2025-07-13T16:50:34.654772","level":"info","event":"2025-07-13 16:50:34 (11.9 MB/s) - ‘/opt/airflow/fhv_tripdata_2019-09.csv.gz’ saved [12591100/12591100]","logger":"airflow.task.hooks.airflow.providers.standard.hooks.subprocess.SubprocessHook"}
{"timestamp":"2025-07-13T16:50:34.655057","level":"info","event":"","logger":"airflow.task.hooks.airflow.providers.standard.hooks.subprocess.SubprocessHook"}
{"timestamp":"2025-07-13T16:50:35.777023","level":"info","event":"Command exited with return code 0","logger":"airflow.task.hooks.airflow.providers.standard.hooks.subprocess.SubprocessHook"}
{"timestamp":"2025-07-13T16:50:35.794724","level":"info","event":"Pushing xcom","ti":"RuntimeTaskInstance(id=UUID('019804b1-dd11-7bde-8d23-9ca3e43946d0'), task_id='download_dataset_task', dag_id='upload_gcs_fhvtrips', run_id='scheduled__2019-09-02T06:00:00+00:00', try_number=1, map_index=-1, hostname='890ba30a36b0', context_carrier={}, task=<Task(BashOperator): download_dataset_task>, bundle_instance=LocalDagBundle(name=dags-folder), max_tries=0, start_date=datetime.datetime(2025, 7, 13, 16, 50, 23, 31770, tzinfo=TzInfo(UTC)), end_date=None, state=<TaskInstanceState.RUNNING: 'running'>, is_mapped=False, rendered_map_index=None)","logger":"task"}
{"timestamp":"2025-07-13T17:41:02.703160","level":"info","event":"DAG bundles loaded: dags-folder","logger":"airflow.dag_processing.bundles.manager.DagBundlesManager"}
{"timestamp":"2025-07-13T17:41:02.707804","level":"info","event":"Filling up the DagBag from /opt/airflow/dags/data_ingestion_gcs_dag.py","logger":"airflow.models.dagbag.DagBag"}
{"timestamp":"2025-07-13T17:41:06.852970","level":"info","event":"Tmp dir root location: /tmp","logger":"airflow.task.hooks.airflow.providers.standard.hooks.subprocess.SubprocessHook"}
{"timestamp":"2025-07-13T17:41:06.861995","level":"info","event":"Running command: ['/usr/bin/bash', '-c', 'echo https://github.com/DataTalksClub/nyc-tlc-data/releases/download/fhv/fhv_tripdata_2019-09.csv.gz && wget --no-verbose https://github.com/DataTalksClub/nyc-tlc-data/releases/download/fhv/fhv_tripdata_2019-09.csv.gz -O /opt/airflow/fhv_tripdata_2019-09.csv.gz && gunzip -f /opt/airflow/fhv_tripdata_2019-09.csv.gz']","logger":"airflow.task.hooks.airflow.providers.standard.hooks.subprocess.SubprocessHook"}
{"timestamp":"2025-07-13T17:41:06.945287","level":"info","event":"Output:","logger":"airflow.task.hooks.airflow.providers.standard.hooks.subprocess.SubprocessHook"}
{"timestamp":"2025-07-13T17:41:06.951252","level":"info","event":"https://github.com/DataTalksClub/nyc-tlc-data/releases/download/fhv/fhv_tripdata_2019-09.csv.gz","logger":"airflow.task.hooks.airflow.providers.standard.hooks.subprocess.SubprocessHook"}
{"timestamp":"2025-07-13T17:41:08.708146","level":"info","event":"2025-07-13 17:41:08 URL:https://release-assets.githubusercontent.com/github-production-release-asset/513814948/ab0c6399-aa20-4223-b7db-15e3ae8dab86?sp=r&sv=2018-11-09&sr=b&spr=https&se=2025-07-13T18%3A41%3A42Z&rscd=attachment%3B+filename%3Dfhv_tripdata_2019-09.csv.gz&rsct=application%2Foctet-stream&skoid=96c2d410-5711-43a1-aedd-ab1947aa7ab0&sktid=398a6654-997b-47e9-b12b-9515b896b4de&skt=2025-07-13T17%3A41%3A07Z&ske=2025-07-13T18%3A41%3A42Z&sks=b&skv=2018-11-09&sig=lcGx8dbbFmD7OvZFGps7JUbmKJrtW8TAn3hECJO7%2F54%3D&jwt=eyJ******&response-content-disposition=attachment%3B%20filename%3Dfhv_tripdata_2019-09.csv.gz&response-content-type=application%2Foctet-stream [12591100/12591100] -> \"/opt/airflow/fhv_tripdata_2019-09.csv.gz\" [1]","logger":"airflow.task.hooks.airflow.providers.standard.hooks.subprocess.SubprocessHook"}
{"timestamp":"2025-07-13T17:41:10.695463","level":"info","event":"Command exited with return code 0","logger":"airflow.task.hooks.airflow.providers.standard.hooks.subprocess.SubprocessHook"}
{"timestamp":"2025-07-13T17:41:10.804446","level":"info","event":"Pushing xcom","ti":"RuntimeTaskInstance(id=UUID('019804e0-3baa-76bb-b1d7-49bf1df0e78c'), task_id='download_dataset_task', dag_id='upload_gcs_fhvtrips', run_id='scheduled__2019-09-02T06:00:00+00:00', try_number=1, map_index=-1, hostname='890ba30a36b0', context_carrier={}, task=<Task(BashOperator): download_dataset_task>, bundle_instance=LocalDagBundle(name=dags-folder), max_tries=0, start_date=datetime.datetime(2025, 7, 13, 17, 41, 1, 594817, tzinfo=TzInfo(UTC)), end_date=None, state=<TaskInstanceState.RUNNING: 'running'>, is_mapped=False, rendered_map_index=None)","logger":"task"}
{"timestamp":"2025-07-13T17:51:14.141367","level":"info","event":"DAG bundles loaded: dags-folder","logger":"airflow.dag_processing.bundles.manager.DagBundlesManager"}
{"timestamp":"2025-07-13T17:51:14.142735","level":"info","event":"Filling up the DagBag from /opt/airflow/dags/data_ingestion_gcs_dag.py","logger":"airflow.models.dagbag.DagBag"}
{"timestamp":"2025-07-13T17:51:19.079369","level":"info","event":"Tmp dir root location: /tmp","logger":"airflow.task.hooks.airflow.providers.standard.hooks.subprocess.SubprocessHook"}
{"timestamp":"2025-07-13T17:51:19.134919","level":"info","event":"Running command: ['/usr/bin/bash', '-c', 'echo https://github.com/DataTalksClub/nyc-tlc-data/releases/download/fhv/fhv_tripdata_2019-09.csv.gz && wget --no-verbose https://github.com/DataTalksClub/nyc-tlc-data/releases/download/fhv/fhv_tripdata_2019-09.csv.gz -O /opt/airflow/fhv_tripdata_2019-09.csv.gz && gunzip -f /opt/airflow/fhv_tripdata_2019-09.csv.gz']","logger":"airflow.task.hooks.airflow.providers.standard.hooks.subprocess.SubprocessHook"}
{"timestamp":"2025-07-13T17:51:19.308158","level":"info","event":"Output:","logger":"airflow.task.hooks.airflow.providers.standard.hooks.subprocess.SubprocessHook"}
{"timestamp":"2025-07-13T17:51:19.320111","level":"info","event":"https://github.com/DataTalksClub/nyc-tlc-data/releases/download/fhv/fhv_tripdata_2019-09.csv.gz","logger":"airflow.task.hooks.airflow.providers.standard.hooks.subprocess.SubprocessHook"}
{"timestamp":"2025-07-13T17:51:21.150711","level":"info","event":"2025-07-13 17:51:21 URL:https://objects.githubusercontent.com/github-production-release-asset-2e65be/513814948/ab0c6399-aa20-4223-b7db-15e3ae8dab86?X-Amz-Algorithm=AWS4-HMAC-SHA256&X-Amz-Credential=releaseassetproduction%2F20250713%2Fus-east-1%2Fs3%2Faws4_request&X-Amz-Date=20250713T175119Z&X-Amz-Expires=1800&X-Amz-Signature=43348fa2ee03f6192976ad2c2725e87ee6efb39440aa35330bd74f2ab5676bed&X-Amz-SignedHeaders=host&response-content-disposition=attachment%3B%20filename%3Dfhv_tripdata_2019-09.csv.gz&response-content-type=application%2Foctet-stream [12591100/12591100] -> \"/opt/airflow/fhv_tripdata_2019-09.csv.gz\" [1]","logger":"airflow.task.hooks.airflow.providers.standard.hooks.subprocess.SubprocessHook"}
{"timestamp":"2025-07-13T17:51:22.108352","level":"info","event":"Command exited with return code 0","logger":"airflow.task.hooks.airflow.providers.standard.hooks.subprocess.SubprocessHook"}
{"timestamp":"2025-07-13T17:51:22.114240","level":"info","event":"Pushing xcom","ti":"RuntimeTaskInstance(id=UUID('019804e9-8f9e-742c-9d42-6576783801ef'), task_id='download_dataset_task', dag_id='upload_gcs_fhvtrips', run_id='scheduled__2019-09-02T06:00:00+00:00', try_number=1, map_index=-1, hostname='890ba30a36b0', context_carrier={}, task=<Task(BashOperator): download_dataset_task>, bundle_instance=LocalDagBundle(name=dags-folder), max_tries=0, start_date=datetime.datetime(2025, 7, 13, 17, 51, 12, 979921, tzinfo=TzInfo(UTC)), end_date=None, state=<TaskInstanceState.RUNNING: 'running'>, is_mapped=False, rendered_map_index=None)","logger":"task"}
