{"timestamp":"2025-07-13T16:41:48.900447","level":"info","event":"DAG bundles loaded: dags-folder","logger":"airflow.dag_processing.bundles.manager.DagBundlesManager"}
{"timestamp":"2025-07-13T16:41:48.901295","level":"info","event":"Filling up the DagBag from /opt/airflow/dags/data_ingestion_gcs_dag.py","logger":"airflow.models.dagbag.DagBag"}
{"timestamp":"2025-07-13T16:41:51.792868","level":"info","event":"Tmp dir root location: /tmp","logger":"airflow.task.hooks.airflow.providers.standard.hooks.subprocess.SubprocessHook"}
{"timestamp":"2025-07-13T16:41:51.795003","level":"info","event":"Running command: ['/usr/bin/bash', '-c', 'wget https://github.com/DataTalksClub/nyc-tlc-data/releases/download/fhv/fhv_tripdata_{yymm}.csv.gz -O /opt/airflow/fhv_tripdata_{yymm}.csv.gz && gunzip /opt/airflow/fhv_tripdata_{yymm}.csv.gz']","logger":"airflow.task.hooks.airflow.providers.standard.hooks.subprocess.SubprocessHook"}
{"timestamp":"2025-07-13T16:41:51.871144","level":"info","event":"Output:","logger":"airflow.task.hooks.airflow.providers.standard.hooks.subprocess.SubprocessHook"}
{"timestamp":"2025-07-13T16:41:51.936588","level":"info","event":"--2025-07-13 16:41:51--  https://github.com/DataTalksClub/nyc-tlc-data/releases/download/fhv/fhv_tripdata_%7Byymm%7D.csv.gz","logger":"airflow.task.hooks.airflow.providers.standard.hooks.subprocess.SubprocessHook"}
{"timestamp":"2025-07-13T16:41:52.008832","level":"info","event":"Resolving github.com (github.com)... 20.205.243.166","logger":"airflow.task.hooks.airflow.providers.standard.hooks.subprocess.SubprocessHook"}
{"timestamp":"2025-07-13T16:41:52.031888","level":"info","event":"Connecting to github.com (github.com)|20.205.243.166|:443... connected.","logger":"airflow.task.hooks.airflow.providers.standard.hooks.subprocess.SubprocessHook"}
{"timestamp":"2025-07-13T16:41:52.343977","level":"info","event":"HTTP request sent, awaiting response... 404 Not Found","logger":"airflow.task.hooks.airflow.providers.standard.hooks.subprocess.SubprocessHook"}
{"timestamp":"2025-07-13T16:41:52.344476","level":"info","event":"2025-07-13 16:41:52 ERROR 404: Not Found.","logger":"airflow.task.hooks.airflow.providers.standard.hooks.subprocess.SubprocessHook"}
{"timestamp":"2025-07-13T16:41:52.345573","level":"info","event":"","logger":"airflow.task.hooks.airflow.providers.standard.hooks.subprocess.SubprocessHook"}
{"timestamp":"2025-07-13T16:41:52.349737","level":"info","event":"Command exited with return code 8","logger":"airflow.task.hooks.airflow.providers.standard.hooks.subprocess.SubprocessHook"}
{"timestamp":"2025-07-13T16:41:52.359864","level":"error","event":"Task failed with exception","logger":"task","error_detail":[{"exc_type":"AirflowException","exc_value":"Bash command failed. The command returned a non-zero exit code 8.","exc_notes":[],"syntax_error":null,"is_cause":false,"frames":[{"filename":"/home/airflow/.local/lib/python3.12/site-packages/airflow/sdk/execution_time/task_runner.py","lineno":867,"name":"run"},{"filename":"/home/airflow/.local/lib/python3.12/site-packages/airflow/sdk/execution_time/task_runner.py","lineno":1159,"name":"_execute_task"},{"filename":"/home/airflow/.local/lib/python3.12/site-packages/airflow/sdk/bases/operator.py","lineno":397,"name":"wrapper"},{"filename":"/home/airflow/.local/lib/python3.12/site-packages/airflow/providers/standard/operators/bash.py","lineno":233,"name":"execute"}],"is_group":false,"exceptions":[]}]}
{"timestamp":"2025-07-13T16:49:01.326795","level":"info","event":"DAG bundles loaded: dags-folder","logger":"airflow.dag_processing.bundles.manager.DagBundlesManager"}
{"timestamp":"2025-07-13T16:49:01.335124","level":"info","event":"Filling up the DagBag from /opt/airflow/dags/data_ingestion_gcs_dag.py","logger":"airflow.models.dagbag.DagBag"}
{"timestamp":"2025-07-13T16:49:12.612435","level":"info","event":"Tmp dir root location: /tmp","logger":"airflow.task.hooks.airflow.providers.standard.hooks.subprocess.SubprocessHook"}
{"timestamp":"2025-07-13T16:49:12.628201","level":"info","event":"Running command: ['/usr/bin/bash', '-c', 'echo https://github.com/DataTalksClub/nyc-tlc-data/releases/download/fhv/fhv_tripdata_2019-06.csv.gz && wget https://github.com/DataTalksClub/nyc-tlc-data/releases/download/fhv/fhv_tripdata_2019-06.csv.gz -O /opt/airflow/fhv_tripdata_2019-06.csv.gz && gunzip /opt/airflow/fhv_tripdata_2019-06.csv.gz']","logger":"airflow.task.hooks.airflow.providers.standard.hooks.subprocess.SubprocessHook"}
{"timestamp":"2025-07-13T16:49:12.849815","level":"info","event":"Output:","logger":"airflow.task.hooks.airflow.providers.standard.hooks.subprocess.SubprocessHook"}
{"timestamp":"2025-07-13T16:49:12.891584","level":"info","event":"https://github.com/DataTalksClub/nyc-tlc-data/releases/download/fhv/fhv_tripdata_2019-06.csv.gz","logger":"airflow.task.hooks.airflow.providers.standard.hooks.subprocess.SubprocessHook"}
{"timestamp":"2025-07-13T16:49:12.952872","level":"info","event":"--2025-07-13 16:49:12--  https://github.com/DataTalksClub/nyc-tlc-data/releases/download/fhv/fhv_tripdata_2019-06.csv.gz","logger":"airflow.task.hooks.airflow.providers.standard.hooks.subprocess.SubprocessHook"}
{"timestamp":"2025-07-13T16:49:13.141231","level":"info","event":"Resolving github.com (github.com)... 20.205.243.166","logger":"airflow.task.hooks.airflow.providers.standard.hooks.subprocess.SubprocessHook"}
{"timestamp":"2025-07-13T16:49:13.189674","level":"info","event":"Connecting to github.com (github.com)|20.205.243.166|:443... connected.","logger":"airflow.task.hooks.airflow.providers.standard.hooks.subprocess.SubprocessHook"}
{"timestamp":"2025-07-13T16:49:13.665703","level":"info","event":"HTTP request sent, awaiting response... 302 Found","logger":"airflow.task.hooks.airflow.providers.standard.hooks.subprocess.SubprocessHook"}
{"timestamp":"2025-07-13T16:49:13.666263","level":"info","event":"Location: https://release-assets.githubusercontent.com/github-production-release-asset/513814948/ba21993c-2a6d-4c55-8f5c-9a325cc73e88?sp=r&sv=2018-11-09&sr=b&spr=https&se=2025-07-13T17%3A25%3A59Z&rscd=attachment%3B+filename%3Dfhv_tripdata_2019-06.csv.gz&rsct=application%2Foctet-stream&skoid=96c2d410-5711-43a1-aedd-ab1947aa7ab0&sktid=398a6654-997b-47e9-b12b-9515b896b4de&skt=2025-07-13T16%3A25%3A22Z&ske=2025-07-13T17%3A25%3A59Z&sks=b&skv=2018-11-09&sig=NIeqCTUZABT6vZWi6Z8GZAnL75oEcfank1Nn6xwwjHs%3D&jwt=eyJ******&response-content-disposition=attachment%3B%20filename%3Dfhv_tripdata_2019-06.csv.gz&response-content-type=application%2Foctet-stream [following]","logger":"airflow.task.hooks.airflow.providers.standard.hooks.subprocess.SubprocessHook"}
{"timestamp":"2025-07-13T16:49:13.666420","level":"info","event":"--2025-07-13 16:49:13--  https://release-assets.githubusercontent.com/github-production-release-asset/513814948/ba21993c-2a6d-4c55-8f5c-9a325cc73e88?sp=r&sv=2018-11-09&sr=b&spr=https&se=2025-07-13T17%3A25%3A59Z&rscd=attachment%3B+filename%3Dfhv_tripdata_2019-06.csv.gz&rsct=application%2Foctet-stream&skoid=96c2d410-5711-43a1-aedd-ab1947aa7ab0&sktid=398a6654-997b-47e9-b12b-9515b896b4de&skt=2025-07-13T16%3A25%3A22Z&ske=2025-07-13T17%3A25%3A59Z&sks=b&skv=2018-11-09&sig=NIeqCTUZABT6vZWi6Z8GZAnL75oEcfank1Nn6xwwjHs%3D&jwt=eyJ******&response-content-disposition=attachment%3B%20filename%3Dfhv_tripdata_2019-06.csv.gz&response-content-type=application%2Foctet-stream","logger":"airflow.task.hooks.airflow.providers.standard.hooks.subprocess.SubprocessHook"}
{"timestamp":"2025-07-13T16:49:13.720990","level":"info","event":"Resolving release-assets.githubusercontent.com (release-assets.githubusercontent.com)... 185.199.111.133, 185.199.109.133, 185.199.108.133, ...","logger":"airflow.task.hooks.airflow.providers.standard.hooks.subprocess.SubprocessHook"}
{"timestamp":"2025-07-13T16:49:13.736150","level":"info","event":"Connecting to release-assets.githubusercontent.com (release-assets.githubusercontent.com)|185.199.111.133|:443... connected.","logger":"airflow.task.hooks.airflow.providers.standard.hooks.subprocess.SubprocessHook"}
{"timestamp":"2025-07-13T16:49:14.074804","level":"info","event":"HTTP request sent, awaiting response... 200 OK","logger":"airflow.task.hooks.airflow.providers.standard.hooks.subprocess.SubprocessHook"}
{"timestamp":"2025-07-13T16:49:14.075151","level":"info","event":"Length: 18019362 (17M) [application/octet-stream]","logger":"airflow.task.hooks.airflow.providers.standard.hooks.subprocess.SubprocessHook"}
{"timestamp":"2025-07-13T16:49:14.075230","level":"info","event":"Saving to: ‘/opt/airflow/fhv_tripdata_2019-06.csv.gz’","logger":"airflow.task.hooks.airflow.providers.standard.hooks.subprocess.SubprocessHook"}
{"timestamp":"2025-07-13T16:49:14.075810","level":"info","event":"","logger":"airflow.task.hooks.airflow.providers.standard.hooks.subprocess.SubprocessHook"}
{"timestamp":"2025-07-13T16:49:14.083962","level":"info","event":"     0K .......... .......... .......... .......... ..........  0% 6.33M 3s","logger":"airflow.task.hooks.airflow.providers.standard.hooks.subprocess.SubprocessHook"}
{"timestamp":"2025-07-13T16:49:14.093317","level":"info","event":"    50K .......... .......... .......... .......... ..........  0% 4.74M 3s","logger":"airflow.task.hooks.airflow.providers.standard.hooks.subprocess.SubprocessHook"}
{"timestamp":"2025-07-13T16:49:14.096674","level":"info","event":"   100K .......... .......... .......... .......... ..........  0% 14.6M 2s","logger":"airflow.task.hooks.airflow.providers.standard.hooks.subprocess.SubprocessHook"}
{"timestamp":"2025-07-13T16:49:14.099604","level":"info","event":"   150K .......... .......... .......... .......... ..........  1% 15.5M 2s","logger":"airflow.task.hooks.airflow.providers.standard.hooks.subprocess.SubprocessHook"}
{"timestamp":"2025-07-13T16:49:14.102892","level":"info","event":"   200K .......... .......... .......... .......... ..........  1% 16.5M 2s","logger":"airflow.task.hooks.airflow.providers.standard.hooks.subprocess.SubprocessHook"}
{"timestamp":"2025-07-13T16:49:14.103992","level":"info","event":"   250K .......... .......... .......... .......... ..........  1% 34.2M 2s","logger":"airflow.task.hooks.airflow.providers.standard.hooks.subprocess.SubprocessHook"}
{"timestamp":"2025-07-13T16:49:14.106114","level":"info","event":"   300K .......... .......... .......... .......... ..........  1% 41.5M 1s","logger":"airflow.task.hooks.airflow.providers.standard.hooks.subprocess.SubprocessHook"}
{"timestamp":"2025-07-13T16:49:14.107107","level":"info","event":"   350K .......... .......... .......... .......... ..........  2% 24.9M 1s","logger":"airflow.task.hooks.airflow.providers.standard.hooks.subprocess.SubprocessHook"}
{"timestamp":"2025-07-13T16:49:14.107566","level":"info","event":"   400K .......... .......... .......... .......... ..........  2% 99.6M 1s","logger":"airflow.task.hooks.airflow.providers.standard.hooks.subprocess.SubprocessHook"}
{"timestamp":"2025-07-13T16:49:14.113312","level":"info","event":"   450K .......... .......... .......... .......... ..........  2% 8.77M 1s","logger":"airflow.task.hooks.airflow.providers.standard.hooks.subprocess.SubprocessHook"}
{"timestamp":"2025-07-13T16:49:14.127852","level":"info","event":"   500K .......... .......... .......... .......... ..........  3% 3.63M 2s","logger":"airflow.task.hooks.airflow.providers.standard.hooks.subprocess.SubprocessHook"}
{"timestamp":"2025-07-13T16:49:14.131838","level":"info","event":"   550K .......... .......... .......... .......... ..........  3% 9.79M 2s","logger":"airflow.task.hooks.airflow.providers.standard.hooks.subprocess.SubprocessHook"}
{"timestamp":"2025-07-13T16:49:14.131984","level":"info","event":"   600K .......... .......... .......... .......... ..........  3%  199M 1s","logger":"airflow.task.hooks.airflow.providers.standard.hooks.subprocess.SubprocessHook"}
{"timestamp":"2025-07-13T16:49:14.133186","level":"info","event":"   650K .......... .......... .......... .......... ..........  3% 42.2M 1s","logger":"airflow.task.hooks.airflow.providers.standard.hooks.subprocess.SubprocessHook"}
{"timestamp":"2025-07-13T16:49:14.134413","level":"info","event":"   700K .......... .......... .......... .......... ..........  4% 47.4M 1s","logger":"airflow.task.hooks.airflow.providers.standard.hooks.subprocess.SubprocessHook"}
{"timestamp":"2025-07-13T16:49:14.134662","level":"info","event":"   750K .......... .......... .......... .......... ..........  4%  145M 1s","logger":"airflow.task.hooks.airflow.providers.standard.hooks.subprocess.SubprocessHook"}
{"timestamp":"2025-07-13T16:49:14.134724","level":"info","event":"   800K .......... .......... .......... .......... ..........  4%  178M 1s","logger":"airflow.task.hooks.airflow.providers.standard.hooks.subprocess.SubprocessHook"}
{"timestamp":"2025-07-13T16:49:14.139200","level":"info","event":"   850K .......... .......... .......... .......... ..........  5% 11.2M 1s","logger":"airflow.task.hooks.airflow.providers.standard.hooks.subprocess.SubprocessHook"}
{"timestamp":"2025-07-13T16:49:14.146544","level":"info","event":"   900K .......... .......... .......... .......... ..........  5% 6.88M 1s","logger":"airflow.task.hooks.airflow.providers.standard.hooks.subprocess.SubprocessHook"}
{"timestamp":"2025-07-13T16:49:14.150462","level":"info","event":"   950K .......... .......... .......... .......... ..........  5% 11.4M 1s","logger":"airflow.task.hooks.airflow.providers.standard.hooks.subprocess.SubprocessHook"}
{"timestamp":"2025-07-13T16:49:14.157259","level":"info","event":"  1000K .......... .......... .......... .......... ..........  5% 7.35M 1s","logger":"airflow.task.hooks.airflow.providers.standard.hooks.subprocess.SubprocessHook"}
{"timestamp":"2025-07-13T16:49:14.163601","level":"info","event":"  1050K .......... .......... .......... .......... ..........  6% 7.63M 1s","logger":"airflow.task.hooks.airflow.providers.standard.hooks.subprocess.SubprocessHook"}
{"timestamp":"2025-07-13T16:49:14.172990","level":"info","event":"  1100K .......... .......... .......... .......... ..........  6% 6.41M 1s","logger":"airflow.task.hooks.airflow.providers.standard.hooks.subprocess.SubprocessHook"}
{"timestamp":"2025-07-13T16:49:14.181055","level":"info","event":"  1150K .......... .......... .......... .......... ..........  6% 5.03M 1s","logger":"airflow.task.hooks.airflow.providers.standard.hooks.subprocess.SubprocessHook"}
{"timestamp":"2025-07-13T16:49:14.190141","level":"info","event":"  1200K .......... .......... .......... .......... ..........  7% 6.26M 1s","logger":"airflow.task.hooks.airflow.providers.standard.hooks.subprocess.SubprocessHook"}
{"timestamp":"2025-07-13T16:49:14.196357","level":"info","event":"  1250K .......... .......... .......... .......... ..........  7% 6.69M 2s","logger":"airflow.task.hooks.airflow.providers.standard.hooks.subprocess.SubprocessHook"}
{"timestamp":"2025-07-13T16:49:14.198916","level":"info","event":"  1300K .......... .......... .......... .......... ..........  7% 18.2M 1s","logger":"airflow.task.hooks.airflow.providers.standard.hooks.subprocess.SubprocessHook"}
{"timestamp":"2025-07-13T16:49:14.204963","level":"info","event":"  1350K .......... .......... .......... .......... ..........  7% 7.71M 2s","logger":"airflow.task.hooks.airflow.providers.standard.hooks.subprocess.SubprocessHook"}
{"timestamp":"2025-07-13T16:49:14.210242","level":"info","event":"  1400K .......... .......... .......... .......... ..........  8% 9.47M 2s","logger":"airflow.task.hooks.airflow.providers.standard.hooks.subprocess.SubprocessHook"}
{"timestamp":"2025-07-13T16:49:14.218301","level":"info","event":"  1450K .......... .......... .......... .......... ..........  8% 6.02M 2s","logger":"airflow.task.hooks.airflow.providers.standard.hooks.subprocess.SubprocessHook"}
{"timestamp":"2025-07-13T16:49:14.224856","level":"info","event":"  1500K .......... .......... .......... .......... ..........  8% 7.74M 2s","logger":"airflow.task.hooks.airflow.providers.standard.hooks.subprocess.SubprocessHook"}
{"timestamp":"2025-07-13T16:49:14.231822","level":"info","event":"  1550K .......... .......... .......... .......... ..........  9% 6.78M 2s","logger":"airflow.task.hooks.airflow.providers.standard.hooks.subprocess.SubprocessHook"}
{"timestamp":"2025-07-13T16:49:14.238775","level":"info","event":"  1600K .......... .......... .......... .......... ..........  9% 7.03M 2s","logger":"airflow.task.hooks.airflow.providers.standard.hooks.subprocess.SubprocessHook"}
{"timestamp":"2025-07-13T16:49:14.244780","level":"info","event":"  1650K .......... .......... .......... .......... ..........  9% 8.33M 2s","logger":"airflow.task.hooks.airflow.providers.standard.hooks.subprocess.SubprocessHook"}
{"timestamp":"2025-07-13T16:49:14.250748","level":"info","event":"  1700K .......... .......... .......... .......... ..........  9% 8.03M 2s","logger":"airflow.task.hooks.airflow.providers.standard.hooks.subprocess.SubprocessHook"}
{"timestamp":"2025-07-13T16:49:14.258309","level":"info","event":"  1750K .......... .......... .......... .......... .......... 10% 6.56M 2s","logger":"airflow.task.hooks.airflow.providers.standard.hooks.subprocess.SubprocessHook"}
{"timestamp":"2025-07-13T16:49:14.750636","level":"info","event":"  1800K .......... .......... .......... .......... .......... 10%  103K 6s","logger":"airflow.task.hooks.airflow.providers.standard.hooks.subprocess.SubprocessHook"}
{"timestamp":"2025-07-13T16:49:14.753022","level":"info","event":"  1850K .......... .......... .......... .......... .......... 10% 17.7M 6s","logger":"airflow.task.hooks.airflow.providers.standard.hooks.subprocess.SubprocessHook"}
{"timestamp":"2025-07-13T16:49:14.754688","level":"info","event":"  1900K .......... .......... .......... .......... .......... 11% 22.8M 5s","logger":"airflow.task.hooks.airflow.providers.standard.hooks.subprocess.SubprocessHook"}
{"timestamp":"2025-07-13T16:49:14.755766","level":"info","event":"  1950K .......... .......... .......... .......... .......... 11% 46.9M 5s","logger":"airflow.task.hooks.airflow.providers.standard.hooks.subprocess.SubprocessHook"}
{"timestamp":"2025-07-13T16:49:14.755833","level":"info","event":"  2000K .......... .......... .......... .......... .......... 11%  219M 5s","logger":"airflow.task.hooks.airflow.providers.standard.hooks.subprocess.SubprocessHook"}
{"timestamp":"2025-07-13T16:49:14.759124","level":"info","event":"  2050K .......... .......... .......... .......... .......... 11% 18.1M 5s","logger":"airflow.task.hooks.airflow.providers.standard.hooks.subprocess.SubprocessHook"}
{"timestamp":"2025-07-13T16:49:14.760141","level":"info","event":"  2100K .......... .......... .......... .......... .......... 12% 32.6M 5s","logger":"airflow.task.hooks.airflow.providers.standard.hooks.subprocess.SubprocessHook"}
{"timestamp":"2025-07-13T16:49:14.760825","level":"info","event":"  2150K .......... .......... .......... .......... .......... 12%  242M 5s","logger":"airflow.task.hooks.airflow.providers.standard.hooks.subprocess.SubprocessHook"}
{"timestamp":"2025-07-13T16:49:14.762532","level":"info","event":"  2200K .......... .......... .......... .......... .......... 12% 22.3M 5s","logger":"airflow.task.hooks.airflow.providers.standard.hooks.subprocess.SubprocessHook"}
{"timestamp":"2025-07-13T16:49:14.763493","level":"info","event":"  2250K .......... .......... .......... .......... .......... 13% 44.2M 5s","logger":"airflow.task.hooks.airflow.providers.standard.hooks.subprocess.SubprocessHook"}
{"timestamp":"2025-07-13T16:49:14.778428","level":"info","event":"  2300K .......... .......... .......... .......... .......... 13% 19.2M 4s","logger":"airflow.task.hooks.airflow.providers.standard.hooks.subprocess.SubprocessHook"}
{"timestamp":"2025-07-13T16:49:14.780125","level":"info","event":"  2350K .......... .......... .......... .......... .......... 13% 3.52M 4s","logger":"airflow.task.hooks.airflow.providers.standard.hooks.subprocess.SubprocessHook"}
{"timestamp":"2025-07-13T16:49:14.781786","level":"info","event":"  2400K .......... .......... .......... .......... .......... 13% 56.4M 4s","logger":"airflow.task.hooks.airflow.providers.standard.hooks.subprocess.SubprocessHook"}
{"timestamp":"2025-07-13T16:49:14.782919","level":"info","event":"  2450K .......... .......... .......... .......... .......... 14% 48.5M 4s","logger":"airflow.task.hooks.airflow.providers.standard.hooks.subprocess.SubprocessHook"}
{"timestamp":"2025-07-13T16:49:14.783318","level":"info","event":"  2500K .......... .......... .......... .......... .......... 14% 45.0M 4s","logger":"airflow.task.hooks.airflow.providers.standard.hooks.subprocess.SubprocessHook"}
{"timestamp":"2025-07-13T16:49:14.783571","level":"info","event":"  2550K .......... .......... .......... .......... .......... 14%  191M 4s","logger":"airflow.task.hooks.airflow.providers.standard.hooks.subprocess.SubprocessHook"}
{"timestamp":"2025-07-13T16:49:14.783790","level":"info","event":"  2600K .......... .......... .......... .......... .......... 15% 66.4M 4s","logger":"airflow.task.hooks.airflow.providers.standard.hooks.subprocess.SubprocessHook"}
{"timestamp":"2025-07-13T16:49:14.784137","level":"info","event":"  2650K .......... .......... .......... .......... .......... 15%  213M 4s","logger":"airflow.task.hooks.airflow.providers.standard.hooks.subprocess.SubprocessHook"}
{"timestamp":"2025-07-13T16:49:14.789294","level":"info","event":"  2700K .......... .......... .......... .......... .......... 15% 9.58M 4s","logger":"airflow.task.hooks.airflow.providers.standard.hooks.subprocess.SubprocessHook"}
{"timestamp":"2025-07-13T16:49:14.790440","level":"info","event":"  2750K .......... .......... .......... .......... .......... 15% 41.2M 4s","logger":"airflow.task.hooks.airflow.providers.standard.hooks.subprocess.SubprocessHook"}
{"timestamp":"2025-07-13T16:49:14.793026","level":"info","event":"  2800K .......... .......... .......... .......... .......... 16% 21.1M 4s","logger":"airflow.task.hooks.airflow.providers.standard.hooks.subprocess.SubprocessHook"}
{"timestamp":"2025-07-13T16:49:14.794246","level":"info","event":"  2850K .......... .......... .......... .......... .......... 16% 30.8M 4s","logger":"airflow.task.hooks.airflow.providers.standard.hooks.subprocess.SubprocessHook"}
{"timestamp":"2025-07-13T16:49:14.796649","level":"info","event":"  2900K .......... .......... .......... .......... .......... 16% 21.3M 4s","logger":"airflow.task.hooks.airflow.providers.standard.hooks.subprocess.SubprocessHook"}
{"timestamp":"2025-07-13T16:49:14.799006","level":"info","event":"  2950K .......... .......... .......... .......... .......... 17% 21.2M 4s","logger":"airflow.task.hooks.airflow.providers.standard.hooks.subprocess.SubprocessHook"}
{"timestamp":"2025-07-13T16:49:14.799351","level":"info","event":"  3000K .......... .......... .......... .......... .......... 17%  101M 3s","logger":"airflow.task.hooks.airflow.providers.standard.hooks.subprocess.SubprocessHook"}
{"timestamp":"2025-07-13T16:49:14.800824","level":"info","event":"  3050K .......... .......... .......... .......... .......... 17% 31.8M 3s","logger":"airflow.task.hooks.airflow.providers.standard.hooks.subprocess.SubprocessHook"}
{"timestamp":"2025-07-13T16:49:14.804643","level":"info","event":"  3100K .......... .......... .......... .......... .......... 17% 18.3M 3s","logger":"airflow.task.hooks.airflow.providers.standard.hooks.subprocess.SubprocessHook"}
{"timestamp":"2025-07-13T16:49:14.805963","level":"info","event":"  3150K .......... .......... .......... .......... .......... 18% 20.8M 3s","logger":"airflow.task.hooks.airflow.providers.standard.hooks.subprocess.SubprocessHook"}
{"timestamp":"2025-07-13T16:49:14.806785","level":"info","event":"  3200K .......... .......... .......... .......... .......... 18% 48.4M 3s","logger":"airflow.task.hooks.airflow.providers.standard.hooks.subprocess.SubprocessHook"}
{"timestamp":"2025-07-13T16:49:14.809890","level":"info","event":"  3250K .......... .......... .......... .......... .......... 18% 15.9M 3s","logger":"airflow.task.hooks.airflow.providers.standard.hooks.subprocess.SubprocessHook"}
{"timestamp":"2025-07-13T16:49:14.812159","level":"info","event":"  3300K .......... .......... .......... .......... .......... 19% 21.9M 3s","logger":"airflow.task.hooks.airflow.providers.standard.hooks.subprocess.SubprocessHook"}
{"timestamp":"2025-07-13T16:49:14.814180","level":"info","event":"  3350K .......... .......... .......... .......... .......... 19% 22.9M 3s","logger":"airflow.task.hooks.airflow.providers.standard.hooks.subprocess.SubprocessHook"}
{"timestamp":"2025-07-13T16:49:14.815690","level":"info","event":"  3400K .......... .......... .......... .......... .......... 19% 33.1M 3s","logger":"airflow.task.hooks.airflow.providers.standard.hooks.subprocess.SubprocessHook"}
{"timestamp":"2025-07-13T16:49:14.819035","level":"info","event":"  3450K .......... .......... .......... .......... .......... 19% 14.7M 3s","logger":"airflow.task.hooks.airflow.providers.standard.hooks.subprocess.SubprocessHook"}
{"timestamp":"2025-07-13T16:49:14.823228","level":"info","event":"  3500K .......... .......... .......... .......... .......... 20% 11.9M 3s","logger":"airflow.task.hooks.airflow.providers.standard.hooks.subprocess.SubprocessHook"}
{"timestamp":"2025-07-13T16:49:14.824657","level":"info","event":"  3550K .......... .......... .......... .......... .......... 20% 32.6M 3s","logger":"airflow.task.hooks.airflow.providers.standard.hooks.subprocess.SubprocessHook"}
{"timestamp":"2025-07-13T16:49:14.826358","level":"info","event":"  3600K .......... .......... .......... .......... .......... 20% 28.4M 3s","logger":"airflow.task.hooks.airflow.providers.standard.hooks.subprocess.SubprocessHook"}
{"timestamp":"2025-07-13T16:49:14.990403","level":"info","event":"  3650K .......... .......... .......... .......... .......... 21%  308K 3s","logger":"airflow.task.hooks.airflow.providers.standard.hooks.subprocess.SubprocessHook"}
{"timestamp":"2025-07-13T16:49:14.991042","level":"info","event":"  3700K .......... .......... .......... .......... .......... 21%  167M 3s","logger":"airflow.task.hooks.airflow.providers.standard.hooks.subprocess.SubprocessHook"}
{"timestamp":"2025-07-13T16:49:14.992075","level":"info","event":"  3750K .......... .......... .......... .......... .......... 21% 17.5M 3s","logger":"airflow.task.hooks.airflow.providers.standard.hooks.subprocess.SubprocessHook"}
{"timestamp":"2025-07-13T16:49:15.002720","level":"info","event":"  3800K .......... .......... .......... .......... .......... 21% 8.23M 3s","logger":"airflow.task.hooks.airflow.providers.standard.hooks.subprocess.SubprocessHook"}
{"timestamp":"2025-07-13T16:49:15.004812","level":"info","event":"  3850K .......... .......... .......... .......... .......... 22% 7.27M 3s","logger":"airflow.task.hooks.airflow.providers.standard.hooks.subprocess.SubprocessHook"}
{"timestamp":"2025-07-13T16:49:15.004916","level":"info","event":"  3900K .......... .......... .......... .......... .......... 22%  195M 3s","logger":"airflow.task.hooks.airflow.providers.standard.hooks.subprocess.SubprocessHook"}
{"timestamp":"2025-07-13T16:49:15.005493","level":"info","event":"  3950K .......... .......... .......... .......... .......... 22%  136M 3s","logger":"airflow.task.hooks.airflow.providers.standard.hooks.subprocess.SubprocessHook"}
{"timestamp":"2025-07-13T16:49:15.005578","level":"info","event":"  4000K .......... .......... .......... .......... .......... 23%  173M 3s","logger":"airflow.task.hooks.airflow.providers.standard.hooks.subprocess.SubprocessHook"}
{"timestamp":"2025-07-13T16:49:15.005638","level":"info","event":"  4050K .......... .......... .......... .......... .......... 23%  184M 3s","logger":"airflow.task.hooks.airflow.providers.standard.hooks.subprocess.SubprocessHook"}
{"timestamp":"2025-07-13T16:49:15.043330","level":"info","event":"  4100K .......... .......... .......... .......... .......... 23% 1.31M 3s","logger":"airflow.task.hooks.airflow.providers.standard.hooks.subprocess.SubprocessHook"}
{"timestamp":"2025-07-13T16:49:15.142342","level":"info","event":"  4150K .......... .......... .......... .......... .......... 23%  505K 3s","logger":"airflow.task.hooks.airflow.providers.standard.hooks.subprocess.SubprocessHook"}
{"timestamp":"2025-07-13T16:49:15.144573","level":"info","event":"  4200K .......... .......... .......... .......... .......... 24% 18.7M 3s","logger":"airflow.task.hooks.airflow.providers.standard.hooks.subprocess.SubprocessHook"}
{"timestamp":"2025-07-13T16:49:15.146320","level":"info","event":"  4250K .......... .......... .......... .......... .......... 24% 28.3M 3s","logger":"airflow.task.hooks.airflow.providers.standard.hooks.subprocess.SubprocessHook"}
{"timestamp":"2025-07-13T16:49:15.146889","level":"info","event":"  4300K .......... .......... .......... .......... .......... 24% 83.7M 3s","logger":"airflow.task.hooks.airflow.providers.standard.hooks.subprocess.SubprocessHook"}
{"timestamp":"2025-07-13T16:49:15.147088","level":"info","event":"  4350K .......... .......... .......... .......... .......... 25%  231M 3s","logger":"airflow.task.hooks.airflow.providers.standard.hooks.subprocess.SubprocessHook"}
{"timestamp":"2025-07-13T16:49:15.148497","level":"info","event":"  4400K .......... .......... .......... .......... .......... 25% 47.3M 3s","logger":"airflow.task.hooks.airflow.providers.standard.hooks.subprocess.SubprocessHook"}
{"timestamp":"2025-07-13T16:49:15.149278","level":"info","event":"  4450K .......... .......... .......... .......... .......... 25% 50.9M 3s","logger":"airflow.task.hooks.airflow.providers.standard.hooks.subprocess.SubprocessHook"}
{"timestamp":"2025-07-13T16:49:15.149338","level":"info","event":"  4500K .......... .......... .......... .......... .......... 25%  300M 3s","logger":"airflow.task.hooks.airflow.providers.standard.hooks.subprocess.SubprocessHook"}
{"timestamp":"2025-07-13T16:49:15.150845","level":"info","event":"  4550K .......... .......... .......... .......... .......... 26% 34.5M 3s","logger":"airflow.task.hooks.airflow.providers.standard.hooks.subprocess.SubprocessHook"}
{"timestamp":"2025-07-13T16:49:15.151768","level":"info","event":"  4600K .......... .......... .......... .......... .......... 26% 58.8M 3s","logger":"airflow.task.hooks.airflow.providers.standard.hooks.subprocess.SubprocessHook"}
{"timestamp":"2025-07-13T16:49:15.151842","level":"info","event":"  4650K .......... .......... .......... .......... .......... 26%  193M 3s","logger":"airflow.task.hooks.airflow.providers.standard.hooks.subprocess.SubprocessHook"}
{"timestamp":"2025-07-13T16:49:15.152905","level":"info","event":"  4700K .......... .......... .......... .......... .......... 26% 68.2M 3s","logger":"airflow.task.hooks.airflow.providers.standard.hooks.subprocess.SubprocessHook"}
{"timestamp":"2025-07-13T16:49:15.153374","level":"info","event":"  4750K .......... .......... .......... .......... .......... 27% 53.5M 3s","logger":"airflow.task.hooks.airflow.providers.standard.hooks.subprocess.SubprocessHook"}
{"timestamp":"2025-07-13T16:49:15.154076","level":"info","event":"  4800K .......... .......... .......... .......... .......... 27% 69.7M 3s","logger":"airflow.task.hooks.airflow.providers.standard.hooks.subprocess.SubprocessHook"}
{"timestamp":"2025-07-13T16:49:15.156496","level":"info","event":"  4850K .......... .......... .......... .......... .......... 27% 21.1M 3s","logger":"airflow.task.hooks.airflow.providers.standard.hooks.subprocess.SubprocessHook"}
{"timestamp":"2025-07-13T16:49:15.157074","level":"info","event":"  4900K .......... .......... .......... .......... .......... 28% 74.0M 3s","logger":"airflow.task.hooks.airflow.providers.standard.hooks.subprocess.SubprocessHook"}
{"timestamp":"2025-07-13T16:49:15.166413","level":"info","event":"  4950K .......... .......... .......... .......... .......... 28% 7.32M 3s","logger":"airflow.task.hooks.airflow.providers.standard.hooks.subprocess.SubprocessHook"}
{"timestamp":"2025-07-13T16:49:15.177629","level":"info","event":"  5000K .......... .......... .......... .......... .......... 28% 3.54M 3s","logger":"airflow.task.hooks.airflow.providers.standard.hooks.subprocess.SubprocessHook"}
{"timestamp":"2025-07-13T16:49:15.179120","level":"info","event":"  5050K .......... .......... .......... .......... .......... 28% 34.2M 3s","logger":"airflow.task.hooks.airflow.providers.standard.hooks.subprocess.SubprocessHook"}
{"timestamp":"2025-07-13T16:49:15.180394","level":"info","event":"  5100K .......... .......... .......... .......... .......... 29% 71.6M 3s","logger":"airflow.task.hooks.airflow.providers.standard.hooks.subprocess.SubprocessHook"}
{"timestamp":"2025-07-13T16:49:15.181651","level":"info","event":"  5150K .......... .......... .......... .......... .......... 29% 25.1M 3s","logger":"airflow.task.hooks.airflow.providers.standard.hooks.subprocess.SubprocessHook"}
{"timestamp":"2025-07-13T16:49:15.189189","level":"info","event":"  5200K .......... .......... .......... .......... .......... 29% 6.87M 3s","logger":"airflow.task.hooks.airflow.providers.standard.hooks.subprocess.SubprocessHook"}
{"timestamp":"2025-07-13T16:49:15.189377","level":"info","event":"  5250K .......... .......... .......... .......... .......... 30%  218M 3s","logger":"airflow.task.hooks.airflow.providers.standard.hooks.subprocess.SubprocessHook"}
{"timestamp":"2025-07-13T16:49:15.195492","level":"info","event":"  5300K .......... .......... .......... .......... .......... 30% 7.53M 3s","logger":"airflow.task.hooks.airflow.providers.standard.hooks.subprocess.SubprocessHook"}
{"timestamp":"2025-07-13T16:49:15.200784","level":"info","event":"  5350K .......... .......... .......... .......... .......... 30% 9.37M 3s","logger":"airflow.task.hooks.airflow.providers.standard.hooks.subprocess.SubprocessHook"}
{"timestamp":"2025-07-13T16:49:15.201145","level":"info","event":"  5400K .......... .......... .......... .......... .......... 30%  103M 2s","logger":"airflow.task.hooks.airflow.providers.standard.hooks.subprocess.SubprocessHook"}
{"timestamp":"2025-07-13T16:49:15.202631","level":"info","event":"  5450K .......... .......... .......... .......... .......... 31% 33.7M 2s","logger":"airflow.task.hooks.airflow.providers.standard.hooks.subprocess.SubprocessHook"}
{"timestamp":"2025-07-13T16:49:15.204494","level":"info","event":"  5500K .......... .......... .......... .......... .......... 31% 61.6M 2s","logger":"airflow.task.hooks.airflow.providers.standard.hooks.subprocess.SubprocessHook"}
{"timestamp":"2025-07-13T16:49:15.205426","level":"info","event":"  5550K .......... .......... .......... .......... .......... 31% 23.1M 2s","logger":"airflow.task.hooks.airflow.providers.standard.hooks.subprocess.SubprocessHook"}
{"timestamp":"2025-07-13T16:49:15.206899","level":"info","event":"  5600K .......... .......... .......... .......... .......... 32% 32.8M 2s","logger":"airflow.task.hooks.airflow.providers.standard.hooks.subprocess.SubprocessHook"}
{"timestamp":"2025-07-13T16:49:15.207798","level":"info","event":"  5650K .......... .......... .......... .......... .......... 32% 66.7M 2s","logger":"airflow.task.hooks.airflow.providers.standard.hooks.subprocess.SubprocessHook"}
{"timestamp":"2025-07-13T16:49:15.207881","level":"info","event":"  5700K .......... .......... .......... .......... .......... 32%  184M 2s","logger":"airflow.task.hooks.airflow.providers.standard.hooks.subprocess.SubprocessHook"}
{"timestamp":"2025-07-13T16:49:15.208160","level":"info","event":"  5750K .......... .......... .......... .......... .......... 32%  210M 2s","logger":"airflow.task.hooks.airflow.providers.standard.hooks.subprocess.SubprocessHook"}
{"timestamp":"2025-07-13T16:49:15.209348","level":"info","event":"  5800K .......... .......... .......... .......... .......... 33% 38.9M 2s","logger":"airflow.task.hooks.airflow.providers.standard.hooks.subprocess.SubprocessHook"}
{"timestamp":"2025-07-13T16:49:15.210095","level":"info","event":"  5850K .......... .......... .......... .......... .......... 33% 66.3M 2s","logger":"airflow.task.hooks.airflow.providers.standard.hooks.subprocess.SubprocessHook"}
{"timestamp":"2025-07-13T16:49:15.212859","level":"info","event":"  5900K .......... .......... .......... .......... .......... 33% 19.2M 2s","logger":"airflow.task.hooks.airflow.providers.standard.hooks.subprocess.SubprocessHook"}
{"timestamp":"2025-07-13T16:49:15.219304","level":"info","event":"  5950K .......... .......... .......... .......... .......... 34% 7.66M 2s","logger":"airflow.task.hooks.airflow.providers.standard.hooks.subprocess.SubprocessHook"}
{"timestamp":"2025-07-13T16:49:15.228458","level":"info","event":"  6000K .......... .......... .......... .......... .......... 34% 5.24M 2s","logger":"airflow.task.hooks.airflow.providers.standard.hooks.subprocess.SubprocessHook"}
{"timestamp":"2025-07-13T16:49:15.230124","level":"info","event":"  6050K .......... .......... .......... .......... .......... 34% 28.0M 2s","logger":"airflow.task.hooks.airflow.providers.standard.hooks.subprocess.SubprocessHook"}
{"timestamp":"2025-07-13T16:49:15.230383","level":"info","event":"  6100K .......... .......... .......... .......... .......... 34%  165M 2s","logger":"airflow.task.hooks.airflow.providers.standard.hooks.subprocess.SubprocessHook"}
{"timestamp":"2025-07-13T16:49:15.233975","level":"info","event":"  6150K .......... .......... .......... .......... .......... 35% 14.4M 2s","logger":"airflow.task.hooks.airflow.providers.standard.hooks.subprocess.SubprocessHook"}
{"timestamp":"2025-07-13T16:49:15.241793","level":"info","event":"  6200K .......... .......... .......... .......... .......... 35% 6.12M 2s","logger":"airflow.task.hooks.airflow.providers.standard.hooks.subprocess.SubprocessHook"}
{"timestamp":"2025-07-13T16:49:15.242206","level":"info","event":"  6250K .......... .......... .......... .......... .......... 35%  108M 2s","logger":"airflow.task.hooks.airflow.providers.standard.hooks.subprocess.SubprocessHook"}
{"timestamp":"2025-07-13T16:49:15.242768","level":"info","event":"  6300K .......... .......... .......... .......... .......... 36% 97.7M 2s","logger":"airflow.task.hooks.airflow.providers.standard.hooks.subprocess.SubprocessHook"}
{"timestamp":"2025-07-13T16:49:15.245569","level":"info","event":"  6350K .......... .......... .......... .......... .......... 36% 19.9M 2s","logger":"airflow.task.hooks.airflow.providers.standard.hooks.subprocess.SubprocessHook"}
{"timestamp":"2025-07-13T16:49:15.249288","level":"info","event":"  6400K .......... .......... .......... .......... .......... 36% 13.2M 2s","logger":"airflow.task.hooks.airflow.providers.standard.hooks.subprocess.SubprocessHook"}
{"timestamp":"2025-07-13T16:49:15.262492","level":"info","event":"  6450K .......... .......... .......... .......... .......... 36% 3.78M 2s","logger":"airflow.task.hooks.airflow.providers.standard.hooks.subprocess.SubprocessHook"}
{"timestamp":"2025-07-13T16:49:15.290472","level":"info","event":"  6500K .......... .......... .......... .......... .......... 37% 1.71M 2s","logger":"airflow.task.hooks.airflow.providers.standard.hooks.subprocess.SubprocessHook"}
{"timestamp":"2025-07-13T16:49:15.298245","level":"info","event":"  6550K .......... .......... .......... .......... .......... 37% 6.54M 2s","logger":"airflow.task.hooks.airflow.providers.standard.hooks.subprocess.SubprocessHook"}
{"timestamp":"2025-07-13T16:49:15.298352","level":"info","event":"  6600K .......... .......... .......... .......... .......... 37%  154M 2s","logger":"airflow.task.hooks.airflow.providers.standard.hooks.subprocess.SubprocessHook"}
{"timestamp":"2025-07-13T16:49:15.299303","level":"info","event":"  6650K .......... .......... .......... .......... .......... 38% 43.7M 2s","logger":"airflow.task.hooks.airflow.providers.standard.hooks.subprocess.SubprocessHook"}
{"timestamp":"2025-07-13T16:49:15.303150","level":"info","event":"  6700K .......... .......... .......... .......... .......... 38% 14.9M 2s","logger":"airflow.task.hooks.airflow.providers.standard.hooks.subprocess.SubprocessHook"}
{"timestamp":"2025-07-13T16:49:15.305177","level":"info","event":"  6750K .......... .......... .......... .......... .......... 38% 47.3M 2s","logger":"airflow.task.hooks.airflow.providers.standard.hooks.subprocess.SubprocessHook"}
{"timestamp":"2025-07-13T16:49:15.305500","level":"info","event":"  6800K .......... .......... .......... .......... .......... 38%  106M 2s","logger":"airflow.task.hooks.airflow.providers.standard.hooks.subprocess.SubprocessHook"}
{"timestamp":"2025-07-13T16:49:15.315501","level":"info","event":"  6850K .......... .......... .......... .......... .......... 39% 4.67M 2s","logger":"airflow.task.hooks.airflow.providers.standard.hooks.subprocess.SubprocessHook"}
{"timestamp":"2025-07-13T16:49:15.315838","level":"info","event":"  6900K .......... .......... .......... .......... .......... 39% 50.5M 2s","logger":"airflow.task.hooks.airflow.providers.standard.hooks.subprocess.SubprocessHook"}
{"timestamp":"2025-07-13T16:49:15.315882","level":"info","event":"  6950K .......... .......... .......... .......... .......... 39%  135M 2s","logger":"airflow.task.hooks.airflow.providers.standard.hooks.subprocess.SubprocessHook"}
{"timestamp":"2025-07-13T16:49:15.323376","level":"info","event":"  7000K .......... .......... .......... .......... .......... 40% 7.20M 2s","logger":"airflow.task.hooks.airflow.providers.standard.hooks.subprocess.SubprocessHook"}
{"timestamp":"2025-07-13T16:49:15.383220","level":"info","event":"  7050K .......... .......... .......... .......... .......... 40%  828K 2s","logger":"airflow.task.hooks.airflow.providers.standard.hooks.subprocess.SubprocessHook"}
{"timestamp":"2025-07-13T16:49:15.443338","level":"info","event":"  7100K .......... .......... .......... .......... .......... 40%  882K 2s","logger":"airflow.task.hooks.airflow.providers.standard.hooks.subprocess.SubprocessHook"}
{"timestamp":"2025-07-13T16:49:15.448949","level":"info","event":"  7150K .......... .......... .......... .......... .......... 40% 5.55M 2s","logger":"airflow.task.hooks.airflow.providers.standard.hooks.subprocess.SubprocessHook"}
{"timestamp":"2025-07-13T16:49:15.453046","level":"info","event":"  7200K .......... .......... .......... .......... .......... 41% 10.8M 2s","logger":"airflow.task.hooks.airflow.providers.standard.hooks.subprocess.SubprocessHook"}
{"timestamp":"2025-07-13T16:49:15.471521","level":"info","event":"  7250K .......... .......... .......... .......... .......... 41% 2.66M 2s","logger":"airflow.task.hooks.airflow.providers.standard.hooks.subprocess.SubprocessHook"}
{"timestamp":"2025-07-13T16:49:15.485360","level":"info","event":"  7300K .......... .......... .......... .......... .......... 41% 3.51M 2s","logger":"airflow.task.hooks.airflow.providers.standard.hooks.subprocess.SubprocessHook"}
{"timestamp":"2025-07-13T16:49:15.485834","level":"info","event":"  7350K .......... .......... .......... .......... .......... 42%  115M 2s","logger":"airflow.task.hooks.airflow.providers.standard.hooks.subprocess.SubprocessHook"}
{"timestamp":"2025-07-13T16:49:15.486103","level":"info","event":"  7400K .......... .......... .......... .......... .......... 42%  141M 2s","logger":"airflow.task.hooks.airflow.providers.standard.hooks.subprocess.SubprocessHook"}
{"timestamp":"2025-07-13T16:49:15.486427","level":"info","event":"  7450K .......... .......... .......... .......... .......... 42%  162M 2s","logger":"airflow.task.hooks.airflow.providers.standard.hooks.subprocess.SubprocessHook"}
{"timestamp":"2025-07-13T16:49:15.490585","level":"info","event":"  7500K .......... .......... .......... .......... .......... 42%  135M 2s","logger":"airflow.task.hooks.airflow.providers.standard.hooks.subprocess.SubprocessHook"}
{"timestamp":"2025-07-13T16:49:15.498876","level":"info","event":"  7550K .......... .......... .......... .......... .......... 43% 4.01M 2s","logger":"airflow.task.hooks.airflow.providers.standard.hooks.subprocess.SubprocessHook"}
{"timestamp":"2025-07-13T16:49:15.508198","level":"info","event":"  7600K .......... .......... .......... .......... .......... 43% 5.31M 2s","logger":"airflow.task.hooks.airflow.providers.standard.hooks.subprocess.SubprocessHook"}
{"timestamp":"2025-07-13T16:49:15.521852","level":"info","event":"  7650K .......... .......... .......... .......... .......... 43% 3.74M 2s","logger":"airflow.task.hooks.airflow.providers.standard.hooks.subprocess.SubprocessHook"}
{"timestamp":"2025-07-13T16:49:15.538224","level":"info","event":"  7700K .......... .......... .......... .......... .......... 44% 3.52M 2s","logger":"airflow.task.hooks.airflow.providers.standard.hooks.subprocess.SubprocessHook"}
{"timestamp":"2025-07-13T16:49:15.541056","level":"info","event":"  7750K .......... .......... .......... .......... .......... 44% 80.8M 2s","logger":"airflow.task.hooks.airflow.providers.standard.hooks.subprocess.SubprocessHook"}
{"timestamp":"2025-07-13T16:49:15.541453","level":"info","event":"  7800K .......... .......... .......... .......... .......... 44% 99.9M 2s","logger":"airflow.task.hooks.airflow.providers.standard.hooks.subprocess.SubprocessHook"}
{"timestamp":"2025-07-13T16:49:15.558148","level":"info","event":"  7850K .......... .......... .......... .......... .......... 44% 2.22M 2s","logger":"airflow.task.hooks.airflow.providers.standard.hooks.subprocess.SubprocessHook"}
{"timestamp":"2025-07-13T16:49:15.559108","level":"info","event":"  7900K .......... .......... .......... .......... .......... 45%  122M 2s","logger":"airflow.task.hooks.airflow.providers.standard.hooks.subprocess.SubprocessHook"}
{"timestamp":"2025-07-13T16:49:15.559217","level":"info","event":"  7950K .......... .......... .......... .......... .......... 45% 65.6M 2s","logger":"airflow.task.hooks.airflow.providers.standard.hooks.subprocess.SubprocessHook"}
{"timestamp":"2025-07-13T16:49:15.560843","level":"info","event":"  8000K .......... .......... .......... .......... .......... 45% 69.4M 2s","logger":"airflow.task.hooks.airflow.providers.standard.hooks.subprocess.SubprocessHook"}
{"timestamp":"2025-07-13T16:49:15.560966","level":"info","event":"  8050K .......... .......... .......... .......... .......... 46%  141M 2s","logger":"airflow.task.hooks.airflow.providers.standard.hooks.subprocess.SubprocessHook"}
{"timestamp":"2025-07-13T16:49:15.561023","level":"info","event":"  8100K .......... .......... .......... .......... .......... 46%  150M 2s","logger":"airflow.task.hooks.airflow.providers.standard.hooks.subprocess.SubprocessHook"}
{"timestamp":"2025-07-13T16:49:15.561068","level":"info","event":"  8150K .......... .......... .......... .......... .......... 46%  126M 2s","logger":"airflow.task.hooks.airflow.providers.standard.hooks.subprocess.SubprocessHook"}
{"timestamp":"2025-07-13T16:49:15.561930","level":"info","event":"  8200K .......... .......... .......... .......... .......... 46% 79.7M 2s","logger":"airflow.task.hooks.airflow.providers.standard.hooks.subprocess.SubprocessHook"}
{"timestamp":"2025-07-13T16:49:15.563507","level":"info","event":"  8250K .......... .......... .......... .......... .......... 47% 30.0M 2s","logger":"airflow.task.hooks.airflow.providers.standard.hooks.subprocess.SubprocessHook"}
{"timestamp":"2025-07-13T16:49:15.563590","level":"info","event":"  8300K .......... .......... .......... .......... .......... 47%  141M 2s","logger":"airflow.task.hooks.airflow.providers.standard.hooks.subprocess.SubprocessHook"}
{"timestamp":"2025-07-13T16:49:15.566417","level":"info","event":"  8350K .......... .......... .......... .......... .......... 47% 23.9M 2s","logger":"airflow.task.hooks.airflow.providers.standard.hooks.subprocess.SubprocessHook"}
{"timestamp":"2025-07-13T16:49:15.566591","level":"info","event":"  8400K .......... .......... .......... .......... .......... 48%  143M 2s","logger":"airflow.task.hooks.airflow.providers.standard.hooks.subprocess.SubprocessHook"}
{"timestamp":"2025-07-13T16:49:15.567922","level":"info","event":"  8450K .......... .......... .......... .......... .......... 48% 25.7M 2s","logger":"airflow.task.hooks.airflow.providers.standard.hooks.subprocess.SubprocessHook"}
{"timestamp":"2025-07-13T16:49:15.569511","level":"info","event":"  8500K .......... .......... .......... .......... .......... 48%  129M 2s","logger":"airflow.task.hooks.airflow.providers.standard.hooks.subprocess.SubprocessHook"}
{"timestamp":"2025-07-13T16:49:15.569730","level":"info","event":"  8550K .......... .......... .......... .......... .......... 48% 73.0M 2s","logger":"airflow.task.hooks.airflow.providers.standard.hooks.subprocess.SubprocessHook"}
{"timestamp":"2025-07-13T16:49:15.569852","level":"info","event":"  8600K .......... .......... .......... .......... .......... 49%  141M 2s","logger":"airflow.task.hooks.airflow.providers.standard.hooks.subprocess.SubprocessHook"}
{"timestamp":"2025-07-13T16:49:15.569906","level":"info","event":"  8650K .......... .......... .......... .......... .......... 49% 80.1M 2s","logger":"airflow.task.hooks.airflow.providers.standard.hooks.subprocess.SubprocessHook"}
{"timestamp":"2025-07-13T16:49:15.574218","level":"info","event":"  8700K .......... .......... .......... .......... .......... 49%  138M 2s","logger":"airflow.task.hooks.airflow.providers.standard.hooks.subprocess.SubprocessHook"}
{"timestamp":"2025-07-13T16:49:15.575175","level":"info","event":"  8750K .......... .......... .......... .......... .......... 50% 13.3M 1s","logger":"airflow.task.hooks.airflow.providers.standard.hooks.subprocess.SubprocessHook"}
{"timestamp":"2025-07-13T16:49:15.575359","level":"info","event":"  8800K .......... .......... .......... .......... .......... 50%  104M 1s","logger":"airflow.task.hooks.airflow.providers.standard.hooks.subprocess.SubprocessHook"}
{"timestamp":"2025-07-13T16:49:15.575421","level":"info","event":"  8850K .......... .......... .......... .......... .......... 50% 61.2M 1s","logger":"airflow.task.hooks.airflow.providers.standard.hooks.subprocess.SubprocessHook"}
{"timestamp":"2025-07-13T16:49:15.575854","level":"info","event":"  8900K .......... .......... .......... .......... .......... 50%  155M 1s","logger":"airflow.task.hooks.airflow.providers.standard.hooks.subprocess.SubprocessHook"}
{"timestamp":"2025-07-13T16:49:15.576730","level":"info","event":"  8950K .......... .......... .......... .......... .......... 51% 55.5M 1s","logger":"airflow.task.hooks.airflow.providers.standard.hooks.subprocess.SubprocessHook"}
{"timestamp":"2025-07-13T16:49:15.577358","level":"info","event":"  9000K .......... .......... .......... .......... .......... 51% 76.8M 1s","logger":"airflow.task.hooks.airflow.providers.standard.hooks.subprocess.SubprocessHook"}
{"timestamp":"2025-07-13T16:49:15.577414","level":"info","event":"  9050K .......... .......... .......... .......... .......... 51%  154M 1s","logger":"airflow.task.hooks.airflow.providers.standard.hooks.subprocess.SubprocessHook"}
{"timestamp":"2025-07-13T16:49:15.579081","level":"info","event":"  9100K .......... .......... .......... .......... .......... 51%  150M 1s","logger":"airflow.task.hooks.airflow.providers.standard.hooks.subprocess.SubprocessHook"}
{"timestamp":"2025-07-13T16:49:15.579590","level":"info","event":"  9150K .......... .......... .......... .......... .......... 52% 66.8M 1s","logger":"airflow.task.hooks.airflow.providers.standard.hooks.subprocess.SubprocessHook"}
{"timestamp":"2025-07-13T16:49:15.579722","level":"info","event":"  9200K .......... .......... .......... .......... .......... 52% 59.1M 1s","logger":"airflow.task.hooks.airflow.providers.standard.hooks.subprocess.SubprocessHook"}
{"timestamp":"2025-07-13T16:49:15.579928","level":"info","event":"  9250K .......... .......... .......... .......... .......... 52%  137M 1s","logger":"airflow.task.hooks.airflow.providers.standard.hooks.subprocess.SubprocessHook"}
{"timestamp":"2025-07-13T16:49:15.580224","level":"info","event":"  9300K .......... .......... .......... .......... .......... 53%  141M 1s","logger":"airflow.task.hooks.airflow.providers.standard.hooks.subprocess.SubprocessHook"}
{"timestamp":"2025-07-13T16:49:15.580263","level":"info","event":"  9350K .......... .......... .......... .......... .......... 53%  133M 1s","logger":"airflow.task.hooks.airflow.providers.standard.hooks.subprocess.SubprocessHook"}
{"timestamp":"2025-07-13T16:49:15.581139","level":"info","event":"  9400K .......... .......... .......... .......... .......... 53%  146M 1s","logger":"airflow.task.hooks.airflow.providers.standard.hooks.subprocess.SubprocessHook"}
{"timestamp":"2025-07-13T16:49:15.581344","level":"info","event":"  9450K .......... .......... .......... .......... .......... 53% 91.9M 1s","logger":"airflow.task.hooks.airflow.providers.standard.hooks.subprocess.SubprocessHook"}
{"timestamp":"2025-07-13T16:49:15.581470","level":"info","event":"  9500K .......... .......... .......... .......... .......... 54%  160M 1s","logger":"airflow.task.hooks.airflow.providers.standard.hooks.subprocess.SubprocessHook"}
{"timestamp":"2025-07-13T16:49:15.583364","level":"info","event":"  9550K .......... .......... .......... .......... .......... 54% 68.9M 1s","logger":"airflow.task.hooks.airflow.providers.standard.hooks.subprocess.SubprocessHook"}
{"timestamp":"2025-07-13T16:49:15.583652","level":"info","event":"  9600K .......... .......... .......... .......... .......... 54% 41.0M 1s","logger":"airflow.task.hooks.airflow.providers.standard.hooks.subprocess.SubprocessHook"}
{"timestamp":"2025-07-13T16:49:15.583702","level":"info","event":"  9650K .......... .......... .......... .......... .......... 55%  142M 1s","logger":"airflow.task.hooks.airflow.providers.standard.hooks.subprocess.SubprocessHook"}
{"timestamp":"2025-07-13T16:49:15.584278","level":"info","event":"  9700K .......... .......... .......... .......... .......... 55%  128M 1s","logger":"airflow.task.hooks.airflow.providers.standard.hooks.subprocess.SubprocessHook"}
{"timestamp":"2025-07-13T16:49:15.584335","level":"info","event":"  9750K .......... .......... .......... .......... .......... 55%  154M 1s","logger":"airflow.task.hooks.airflow.providers.standard.hooks.subprocess.SubprocessHook"}
{"timestamp":"2025-07-13T16:49:15.589002","level":"info","event":"  9800K .......... .......... .......... .......... .......... 55% 10.6M 1s","logger":"airflow.task.hooks.airflow.providers.standard.hooks.subprocess.SubprocessHook"}
{"timestamp":"2025-07-13T16:49:15.589576","level":"info","event":"  9850K .......... .......... .......... .......... .......... 56%  163M 1s","logger":"airflow.task.hooks.airflow.providers.standard.hooks.subprocess.SubprocessHook"}
{"timestamp":"2025-07-13T16:49:15.589691","level":"info","event":"  9900K .......... .......... .......... .......... .......... 56%  121M 1s","logger":"airflow.task.hooks.airflow.providers.standard.hooks.subprocess.SubprocessHook"}
{"timestamp":"2025-07-13T16:49:15.590806","level":"info","event":"  9950K .......... .......... .......... .......... .......... 56%  107M 1s","logger":"airflow.task.hooks.airflow.providers.standard.hooks.subprocess.SubprocessHook"}
{"timestamp":"2025-07-13T16:49:15.590915","level":"info","event":" 10000K .......... .......... .......... .......... .......... 57%  122M 1s","logger":"airflow.task.hooks.airflow.providers.standard.hooks.subprocess.SubprocessHook"}
{"timestamp":"2025-07-13T16:49:15.590982","level":"info","event":" 10050K .......... .......... .......... .......... .......... 57%  164M 1s","logger":"airflow.task.hooks.airflow.providers.standard.hooks.subprocess.SubprocessHook"}
{"timestamp":"2025-07-13T16:49:15.599235","level":"info","event":" 10100K .......... .......... .......... .......... .......... 57% 14.9M 1s","logger":"airflow.task.hooks.airflow.providers.standard.hooks.subprocess.SubprocessHook"}
{"timestamp":"2025-07-13T16:49:15.599429","level":"info","event":" 10150K .......... .......... .......... .......... .......... 57% 46.3M 1s","logger":"airflow.task.hooks.airflow.providers.standard.hooks.subprocess.SubprocessHook"}
{"timestamp":"2025-07-13T16:49:15.599483","level":"info","event":" 10200K .......... .......... .......... .......... .......... 58% 60.4M 1s","logger":"airflow.task.hooks.airflow.providers.standard.hooks.subprocess.SubprocessHook"}
{"timestamp":"2025-07-13T16:49:15.599506","level":"info","event":" 10250K .......... .......... .......... .......... .......... 58%  158M 1s","logger":"airflow.task.hooks.airflow.providers.standard.hooks.subprocess.SubprocessHook"}
{"timestamp":"2025-07-13T16:49:15.599527","level":"info","event":" 10300K .......... .......... .......... .......... .......... 58% 20.0M 1s","logger":"airflow.task.hooks.airflow.providers.standard.hooks.subprocess.SubprocessHook"}
{"timestamp":"2025-07-13T16:49:15.617446","level":"info","event":" 10350K .......... .......... .......... .......... .......... 59% 2.67M 1s","logger":"airflow.task.hooks.airflow.providers.standard.hooks.subprocess.SubprocessHook"}
{"timestamp":"2025-07-13T16:49:15.617567","level":"info","event":" 10400K .......... .......... .......... .......... .......... 59%  188M 1s","logger":"airflow.task.hooks.airflow.providers.standard.hooks.subprocess.SubprocessHook"}
{"timestamp":"2025-07-13T16:49:15.620203","level":"info","event":" 10450K .......... .......... .......... .......... .......... 59% 19.9M 1s","logger":"airflow.task.hooks.airflow.providers.standard.hooks.subprocess.SubprocessHook"}
{"timestamp":"2025-07-13T16:49:15.630236","level":"info","event":" 10500K .......... .......... .......... .......... .......... 59% 5.20M 1s","logger":"airflow.task.hooks.airflow.providers.standard.hooks.subprocess.SubprocessHook"}
{"timestamp":"2025-07-13T16:49:15.640305","level":"info","event":" 10550K .......... .......... .......... .......... .......... 60% 4.41M 1s","logger":"airflow.task.hooks.airflow.providers.standard.hooks.subprocess.SubprocessHook"}
{"timestamp":"2025-07-13T16:49:15.643454","level":"info","event":" 10600K .......... .......... .......... .......... .......... 60% 43.4M 1s","logger":"airflow.task.hooks.airflow.providers.standard.hooks.subprocess.SubprocessHook"}
{"timestamp":"2025-07-13T16:49:15.645632","level":"info","event":" 10650K .......... .......... .......... .......... .......... 60% 11.5M 1s","logger":"airflow.task.hooks.airflow.providers.standard.hooks.subprocess.SubprocessHook"}
{"timestamp":"2025-07-13T16:49:15.650640","level":"info","event":" 10700K .......... .......... .......... .......... .......... 61% 10.4M 1s","logger":"airflow.task.hooks.airflow.providers.standard.hooks.subprocess.SubprocessHook"}
{"timestamp":"2025-07-13T16:49:15.657776","level":"info","event":" 10750K .......... .......... .......... .......... .......... 61% 6.55M 1s","logger":"airflow.task.hooks.airflow.providers.standard.hooks.subprocess.SubprocessHook"}
{"timestamp":"2025-07-13T16:49:15.666183","level":"info","event":" 10800K .......... .......... .......... .......... .......... 61% 5.90M 1s","logger":"airflow.task.hooks.airflow.providers.standard.hooks.subprocess.SubprocessHook"}
{"timestamp":"2025-07-13T16:49:15.673037","level":"info","event":" 10850K .......... .......... .......... .......... .......... 61% 7.72M 1s","logger":"airflow.task.hooks.airflow.providers.standard.hooks.subprocess.SubprocessHook"}
{"timestamp":"2025-07-13T16:49:15.682401","level":"info","event":" 10900K .......... .......... .......... .......... .......... 62% 6.63M 1s","logger":"airflow.task.hooks.airflow.providers.standard.hooks.subprocess.SubprocessHook"}
{"timestamp":"2025-07-13T16:49:15.700454","level":"info","event":" 10950K .......... .......... .......... .......... .......... 62% 2.36M 1s","logger":"airflow.task.hooks.airflow.providers.standard.hooks.subprocess.SubprocessHook"}
{"timestamp":"2025-07-13T16:49:15.706171","level":"info","event":" 11000K .......... .......... .......... .......... .......... 62% 11.7M 1s","logger":"airflow.task.hooks.airflow.providers.standard.hooks.subprocess.SubprocessHook"}
{"timestamp":"2025-07-13T16:49:15.706270","level":"info","event":" 11050K .......... .......... .......... .......... .......... 63% 82.2M 1s","logger":"airflow.task.hooks.airflow.providers.standard.hooks.subprocess.SubprocessHook"}
{"timestamp":"2025-07-13T16:49:15.708815","level":"info","event":" 11100K .......... .......... .......... .......... .......... 63% 13.9M 1s","logger":"airflow.task.hooks.airflow.providers.standard.hooks.subprocess.SubprocessHook"}
{"timestamp":"2025-07-13T16:49:15.731045","level":"info","event":" 11150K .......... .......... .......... .......... .......... 63% 2.35M 1s","logger":"airflow.task.hooks.airflow.providers.standard.hooks.subprocess.SubprocessHook"}
{"timestamp":"2025-07-13T16:49:15.732415","level":"info","event":" 11200K .......... .......... .......... .......... .......... 63% 22.8M 1s","logger":"airflow.task.hooks.airflow.providers.standard.hooks.subprocess.SubprocessHook"}
{"timestamp":"2025-07-13T16:49:15.740132","level":"info","event":" 11250K .......... .......... .......... .......... .......... 64% 6.19M 1s","logger":"airflow.task.hooks.airflow.providers.standard.hooks.subprocess.SubprocessHook"}
{"timestamp":"2025-07-13T16:49:15.755911","level":"info","event":" 11300K .......... .......... .......... .......... .......... 64% 3.92M 1s","logger":"airflow.task.hooks.airflow.providers.standard.hooks.subprocess.SubprocessHook"}
{"timestamp":"2025-07-13T16:49:15.756140","level":"info","event":" 11350K .......... .......... .......... .......... .......... 64% 22.3M 1s","logger":"airflow.task.hooks.airflow.providers.standard.hooks.subprocess.SubprocessHook"}
{"timestamp":"2025-07-13T16:49:15.759199","level":"info","event":" 11400K .......... .......... .......... .......... .......... 65% 9.77M 1s","logger":"airflow.task.hooks.airflow.providers.standard.hooks.subprocess.SubprocessHook"}
{"timestamp":"2025-07-13T16:49:15.818686","level":"info","event":" 11450K .......... .......... .......... .......... .......... 65%  843K 1s","logger":"airflow.task.hooks.airflow.providers.standard.hooks.subprocess.SubprocessHook"}
{"timestamp":"2025-07-13T16:49:15.843540","level":"info","event":" 11500K .......... .......... .......... .......... .......... 65% 3.69M 1s","logger":"airflow.task.hooks.airflow.providers.standard.hooks.subprocess.SubprocessHook"}
{"timestamp":"2025-07-13T16:49:15.843836","level":"info","event":" 11550K .......... .......... .......... .......... .......... 65% 5.90M 1s","logger":"airflow.task.hooks.airflow.providers.standard.hooks.subprocess.SubprocessHook"}
{"timestamp":"2025-07-13T16:49:15.845463","level":"info","event":" 11600K .......... .......... .......... .......... .......... 66% 9.01M 1s","logger":"airflow.task.hooks.airflow.providers.standard.hooks.subprocess.SubprocessHook"}
{"timestamp":"2025-07-13T16:49:15.866429","level":"info","event":" 11650K .......... .......... .......... .......... .......... 66% 10.2M 1s","logger":"airflow.task.hooks.airflow.providers.standard.hooks.subprocess.SubprocessHook"}
{"timestamp":"2025-07-13T16:49:15.866536","level":"info","event":" 11700K .......... .......... .......... .......... .......... 66% 3.25M 1s","logger":"airflow.task.hooks.airflow.providers.standard.hooks.subprocess.SubprocessHook"}
{"timestamp":"2025-07-13T16:49:15.887773","level":"info","event":" 11750K .......... .......... .......... .......... .......... 67% 2.40M 1s","logger":"airflow.task.hooks.airflow.providers.standard.hooks.subprocess.SubprocessHook"}
{"timestamp":"2025-07-13T16:49:15.887881","level":"info","event":" 11800K .......... .......... .......... .......... .......... 67% 24.2M 1s","logger":"airflow.task.hooks.airflow.providers.standard.hooks.subprocess.SubprocessHook"}
{"timestamp":"2025-07-13T16:49:15.888376","level":"info","event":" 11850K .......... .......... .......... .......... .......... 67% 83.2M 1s","logger":"airflow.task.hooks.airflow.providers.standard.hooks.subprocess.SubprocessHook"}
{"timestamp":"2025-07-13T16:49:15.889099","level":"info","event":" 11900K .......... .......... .......... .......... .......... 67% 50.7M 1s","logger":"airflow.task.hooks.airflow.providers.standard.hooks.subprocess.SubprocessHook"}
{"timestamp":"2025-07-13T16:49:15.919221","level":"info","event":" 11950K .......... .......... .......... .......... .......... 68% 17.9M 1s","logger":"airflow.task.hooks.airflow.providers.standard.hooks.subprocess.SubprocessHook"}
{"timestamp":"2025-07-13T16:49:15.919324","level":"info","event":" 12000K .......... .......... .......... .......... .......... 68% 7.68M 1s","logger":"airflow.task.hooks.airflow.providers.standard.hooks.subprocess.SubprocessHook"}
{"timestamp":"2025-07-13T16:49:15.932988","level":"info","event":" 12050K .......... .......... .......... .......... .......... 68% 1.41M 1s","logger":"airflow.task.hooks.airflow.providers.standard.hooks.subprocess.SubprocessHook"}
{"timestamp":"2025-07-13T16:49:15.933107","level":"info","event":" 12100K .......... .......... .......... .......... .......... 69%  157M 1s","logger":"airflow.task.hooks.airflow.providers.standard.hooks.subprocess.SubprocessHook"}
{"timestamp":"2025-07-13T16:49:15.936477","level":"info","event":" 12150K .......... .......... .......... .......... .......... 69% 66.9M 1s","logger":"airflow.task.hooks.airflow.providers.standard.hooks.subprocess.SubprocessHook"}
{"timestamp":"2025-07-13T16:49:15.941913","level":"info","event":" 12200K .......... .......... .......... .......... .......... 69%  112M 1s","logger":"airflow.task.hooks.airflow.providers.standard.hooks.subprocess.SubprocessHook"}
{"timestamp":"2025-07-13T16:49:15.942836","level":"info","event":" 12250K .......... .......... .......... .......... .......... 69% 22.2M 1s","logger":"airflow.task.hooks.airflow.providers.standard.hooks.subprocess.SubprocessHook"}
{"timestamp":"2025-07-13T16:49:15.943182","level":"info","event":" 12300K .......... .......... .......... .......... .......... 70% 54.9M 1s","logger":"airflow.task.hooks.airflow.providers.standard.hooks.subprocess.SubprocessHook"}
{"timestamp":"2025-07-13T16:49:15.951342","level":"info","event":" 12350K .......... .......... .......... .......... .......... 70% 3.59M 1s","logger":"airflow.task.hooks.airflow.providers.standard.hooks.subprocess.SubprocessHook"}
{"timestamp":"2025-07-13T16:49:15.951434","level":"info","event":" 12400K .......... .......... .......... .......... .......... 70%  162M 1s","logger":"airflow.task.hooks.airflow.providers.standard.hooks.subprocess.SubprocessHook"}
{"timestamp":"2025-07-13T16:49:15.967007","level":"info","event":" 12450K .......... .......... .......... .......... .......... 71% 3.51M 1s","logger":"airflow.task.hooks.airflow.providers.standard.hooks.subprocess.SubprocessHook"}
{"timestamp":"2025-07-13T16:49:15.967360","level":"info","event":" 12500K .......... .......... .......... .......... .......... 71%  183M 1s","logger":"airflow.task.hooks.airflow.providers.standard.hooks.subprocess.SubprocessHook"}
{"timestamp":"2025-07-13T16:49:15.999460","level":"info","event":" 12550K .......... .......... .......... .......... .......... 71% 1.48M 1s","logger":"airflow.task.hooks.airflow.providers.standard.hooks.subprocess.SubprocessHook"}
{"timestamp":"2025-07-13T16:49:15.999569","level":"info","event":" 12600K .......... .......... .......... .......... .......... 71%  157M 1s","logger":"airflow.task.hooks.airflow.providers.standard.hooks.subprocess.SubprocessHook"}
{"timestamp":"2025-07-13T16:49:16.000750","level":"info","event":" 12650K .......... .......... .......... .......... .......... 72% 28.7M 1s","logger":"airflow.task.hooks.airflow.providers.standard.hooks.subprocess.SubprocessHook"}
{"timestamp":"2025-07-13T16:49:16.004014","level":"info","event":" 12700K .......... .......... .......... .......... .......... 72% 14.2M 1s","logger":"airflow.task.hooks.airflow.providers.standard.hooks.subprocess.SubprocessHook"}
{"timestamp":"2025-07-13T16:49:16.007766","level":"info","event":" 12750K .......... .......... .......... .......... .......... 72% 13.1M 1s","logger":"airflow.task.hooks.airflow.providers.standard.hooks.subprocess.SubprocessHook"}
{"timestamp":"2025-07-13T16:49:16.011186","level":"info","event":" 12800K .......... .......... .......... .......... .......... 73% 17.2M 1s","logger":"airflow.task.hooks.airflow.providers.standard.hooks.subprocess.SubprocessHook"}
{"timestamp":"2025-07-13T16:49:16.012462","level":"info","event":" 12850K .......... .......... .......... .......... .......... 73% 35.8M 1s","logger":"airflow.task.hooks.airflow.providers.standard.hooks.subprocess.SubprocessHook"}
{"timestamp":"2025-07-13T16:49:16.012525","level":"info","event":" 12900K .......... .......... .......... .......... .......... 73%  120M 1s","logger":"airflow.task.hooks.airflow.providers.standard.hooks.subprocess.SubprocessHook"}
{"timestamp":"2025-07-13T16:49:16.014104","level":"info","event":" 12950K .......... .......... .......... .......... .......... 73% 45.2M 1s","logger":"airflow.task.hooks.airflow.providers.standard.hooks.subprocess.SubprocessHook"}
{"timestamp":"2025-07-13T16:49:16.020784","level":"info","event":" 13000K .......... .......... .......... .......... .......... 74% 6.88M 1s","logger":"airflow.task.hooks.airflow.providers.standard.hooks.subprocess.SubprocessHook"}
{"timestamp":"2025-07-13T16:49:16.041722","level":"info","event":" 13050K .......... .......... .......... .......... .......... 74% 2.79M 1s","logger":"airflow.task.hooks.airflow.providers.standard.hooks.subprocess.SubprocessHook"}
{"timestamp":"2025-07-13T16:49:16.043236","level":"info","event":" 13100K .......... .......... .......... .......... .......... 74% 79.3M 1s","logger":"airflow.task.hooks.airflow.providers.standard.hooks.subprocess.SubprocessHook"}
{"timestamp":"2025-07-13T16:49:16.045849","level":"info","event":" 13150K .......... .......... .......... .......... .......... 75% 9.36M 1s","logger":"airflow.task.hooks.airflow.providers.standard.hooks.subprocess.SubprocessHook"}
{"timestamp":"2025-07-13T16:49:16.050088","level":"info","event":" 13200K .......... .......... .......... .......... .......... 75% 16.1M 1s","logger":"airflow.task.hooks.airflow.providers.standard.hooks.subprocess.SubprocessHook"}
{"timestamp":"2025-07-13T16:49:16.052714","level":"info","event":" 13250K .......... .......... .......... .......... .......... 75% 10.9M 1s","logger":"airflow.task.hooks.airflow.providers.standard.hooks.subprocess.SubprocessHook"}
{"timestamp":"2025-07-13T16:49:16.069165","level":"info","event":" 13300K .......... .......... .......... .......... .......... 75% 3.34M 1s","logger":"airflow.task.hooks.airflow.providers.standard.hooks.subprocess.SubprocessHook"}
{"timestamp":"2025-07-13T16:49:16.069279","level":"info","event":" 13350K .......... .......... .......... .......... .......... 76% 38.0M 1s","logger":"airflow.task.hooks.airflow.providers.standard.hooks.subprocess.SubprocessHook"}
{"timestamp":"2025-07-13T16:49:16.071748","level":"info","event":" 13400K .......... .......... .......... .......... .......... 76% 13.5M 1s","logger":"airflow.task.hooks.airflow.providers.standard.hooks.subprocess.SubprocessHook"}
{"timestamp":"2025-07-13T16:49:16.071993","level":"info","event":" 13450K .......... .......... .......... .......... .......... 76%  168M 1s","logger":"airflow.task.hooks.airflow.providers.standard.hooks.subprocess.SubprocessHook"}
{"timestamp":"2025-07-13T16:49:16.077360","level":"info","event":" 13500K .......... .......... .......... .......... .......... 77% 9.02M 1s","logger":"airflow.task.hooks.airflow.providers.standard.hooks.subprocess.SubprocessHook"}
{"timestamp":"2025-07-13T16:49:16.077471","level":"info","event":" 13550K .......... .......... .......... .......... .......... 77%  145M 1s","logger":"airflow.task.hooks.airflow.providers.standard.hooks.subprocess.SubprocessHook"}
{"timestamp":"2025-07-13T16:49:16.077513","level":"info","event":" 13600K .......... .......... .......... .......... .......... 77%  277M 1s","logger":"airflow.task.hooks.airflow.providers.standard.hooks.subprocess.SubprocessHook"}
{"timestamp":"2025-07-13T16:49:16.077547","level":"info","event":" 13650K .......... .......... .......... .......... .......... 77%  275M 1s","logger":"airflow.task.hooks.airflow.providers.standard.hooks.subprocess.SubprocessHook"}
{"timestamp":"2025-07-13T16:49:16.079102","level":"info","event":" 13700K .......... .......... .......... .......... .......... 78% 32.4M 1s","logger":"airflow.task.hooks.airflow.providers.standard.hooks.subprocess.SubprocessHook"}
{"timestamp":"2025-07-13T16:49:16.080045","level":"info","event":" 13750K .......... .......... .......... .......... .......... 78% 36.1M 1s","logger":"airflow.task.hooks.airflow.providers.standard.hooks.subprocess.SubprocessHook"}
{"timestamp":"2025-07-13T16:49:16.085926","level":"info","event":" 13800K .......... .......... .......... .......... .......... 78% 8.46M 1s","logger":"airflow.task.hooks.airflow.providers.standard.hooks.subprocess.SubprocessHook"}
{"timestamp":"2025-07-13T16:49:16.091588","level":"info","event":" 13850K .......... .......... .......... .......... .......... 78% 8.58M 1s","logger":"airflow.task.hooks.airflow.providers.standard.hooks.subprocess.SubprocessHook"}
{"timestamp":"2025-07-13T16:49:16.095877","level":"info","event":" 13900K .......... .......... .......... .......... .......... 79% 11.8M 1s","logger":"airflow.task.hooks.airflow.providers.standard.hooks.subprocess.SubprocessHook"}
{"timestamp":"2025-07-13T16:49:16.098228","level":"info","event":" 13950K .......... .......... .......... .......... .......... 79% 31.4M 1s","logger":"airflow.task.hooks.airflow.providers.standard.hooks.subprocess.SubprocessHook"}
{"timestamp":"2025-07-13T16:49:16.098350","level":"info","event":" 14000K .......... .......... .......... .......... .......... 79%  195M 1s","logger":"airflow.task.hooks.airflow.providers.standard.hooks.subprocess.SubprocessHook"}
{"timestamp":"2025-07-13T16:49:16.108538","level":"info","event":" 14050K .......... .......... .......... .......... .......... 80% 5.05M 1s","logger":"airflow.task.hooks.airflow.providers.standard.hooks.subprocess.SubprocessHook"}
{"timestamp":"2025-07-13T16:49:16.108860","level":"info","event":" 14100K .......... .......... .......... .......... .......... 80%  135M 0s","logger":"airflow.task.hooks.airflow.providers.standard.hooks.subprocess.SubprocessHook"}
{"timestamp":"2025-07-13T16:49:16.109094","level":"info","event":" 14150K .......... .......... .......... .......... .......... 80% 43.5M 0s","logger":"airflow.task.hooks.airflow.providers.standard.hooks.subprocess.SubprocessHook"}
{"timestamp":"2025-07-13T16:49:16.116194","level":"info","event":" 14200K .......... .......... .......... .......... .......... 80% 7.34M 0s","logger":"airflow.task.hooks.airflow.providers.standard.hooks.subprocess.SubprocessHook"}
{"timestamp":"2025-07-13T16:49:16.116338","level":"info","event":" 14250K .......... .......... .......... .......... .......... 81%  197M 0s","logger":"airflow.task.hooks.airflow.providers.standard.hooks.subprocess.SubprocessHook"}
{"timestamp":"2025-07-13T16:49:16.121201","level":"info","event":" 14300K .......... .......... .......... .......... .......... 81% 12.5M 0s","logger":"airflow.task.hooks.airflow.providers.standard.hooks.subprocess.SubprocessHook"}
{"timestamp":"2025-07-13T16:49:16.129705","level":"info","event":" 14350K .......... .......... .......... .......... .......... 81% 6.69M 0s","logger":"airflow.task.hooks.airflow.providers.standard.hooks.subprocess.SubprocessHook"}
{"timestamp":"2025-07-13T16:49:16.135892","level":"info","event":" 14400K .......... .......... .......... .......... .......... 82% 8.31M 0s","logger":"airflow.task.hooks.airflow.providers.standard.hooks.subprocess.SubprocessHook"}
{"timestamp":"2025-07-13T16:49:16.136262","level":"info","event":" 14450K .......... .......... .......... .......... .......... 82%  261M 0s","logger":"airflow.task.hooks.airflow.providers.standard.hooks.subprocess.SubprocessHook"}
{"timestamp":"2025-07-13T16:49:16.136300","level":"info","event":" 14500K .......... .......... .......... .......... .......... 82%  282M 0s","logger":"airflow.task.hooks.airflow.providers.standard.hooks.subprocess.SubprocessHook"}
{"timestamp":"2025-07-13T16:49:16.138036","level":"info","event":" 14550K .......... .......... .......... .......... .......... 82% 11.9M 0s","logger":"airflow.task.hooks.airflow.providers.standard.hooks.subprocess.SubprocessHook"}
{"timestamp":"2025-07-13T16:49:16.138099","level":"info","event":" 14600K .......... .......... .......... .......... .......... 83%  132M 0s","logger":"airflow.task.hooks.airflow.providers.standard.hooks.subprocess.SubprocessHook"}
{"timestamp":"2025-07-13T16:49:16.144355","level":"info","event":" 14650K .......... .......... .......... .......... .......... 83% 8.78M 0s","logger":"airflow.task.hooks.airflow.providers.standard.hooks.subprocess.SubprocessHook"}
{"timestamp":"2025-07-13T16:49:16.149764","level":"info","event":" 14700K .......... .......... .......... .......... .......... 83% 20.0M 0s","logger":"airflow.task.hooks.airflow.providers.standard.hooks.subprocess.SubprocessHook"}
{"timestamp":"2025-07-13T16:49:16.159857","level":"info","event":" 14750K .......... .......... .......... .......... .......... 84% 3.46M 0s","logger":"airflow.task.hooks.airflow.providers.standard.hooks.subprocess.SubprocessHook"}
{"timestamp":"2025-07-13T16:49:16.159952","level":"info","event":" 14800K .......... .......... .......... .......... .......... 84%  135M 0s","logger":"airflow.task.hooks.airflow.providers.standard.hooks.subprocess.SubprocessHook"}
{"timestamp":"2025-07-13T16:49:16.160400","level":"info","event":" 14850K .......... .......... .......... .......... .......... 84%  157M 0s","logger":"airflow.task.hooks.airflow.providers.standard.hooks.subprocess.SubprocessHook"}
{"timestamp":"2025-07-13T16:49:16.174423","level":"info","event":" 14900K .......... .......... .......... .......... .......... 84% 5.18M 0s","logger":"airflow.task.hooks.airflow.providers.standard.hooks.subprocess.SubprocessHook"}
{"timestamp":"2025-07-13T16:49:16.174549","level":"info","event":" 14950K .......... .......... .......... .......... .......... 85% 11.7M 0s","logger":"airflow.task.hooks.airflow.providers.standard.hooks.subprocess.SubprocessHook"}
{"timestamp":"2025-07-13T16:49:16.192483","level":"info","event":" 15000K .......... .......... .......... .......... .......... 85%  206M 0s","logger":"airflow.task.hooks.airflow.providers.standard.hooks.subprocess.SubprocessHook"}
{"timestamp":"2025-07-13T16:49:16.192600","level":"info","event":" 15050K .......... .......... .......... .......... .......... 85%  168M 0s","logger":"airflow.task.hooks.airflow.providers.standard.hooks.subprocess.SubprocessHook"}
{"timestamp":"2025-07-13T16:49:16.192718","level":"info","event":" 15100K .......... .......... .......... .......... .......... 86%  161M 0s","logger":"airflow.task.hooks.airflow.providers.standard.hooks.subprocess.SubprocessHook"}
{"timestamp":"2025-07-13T16:49:16.192803","level":"info","event":" 15150K .......... .......... .......... .......... .......... 86% 19.1M 0s","logger":"airflow.task.hooks.airflow.providers.standard.hooks.subprocess.SubprocessHook"}
{"timestamp":"2025-07-13T16:49:16.192878","level":"info","event":" 15200K .......... .......... .......... .......... .......... 86% 34.1M 0s","logger":"airflow.task.hooks.airflow.providers.standard.hooks.subprocess.SubprocessHook"}
{"timestamp":"2025-07-13T16:49:16.192950","level":"info","event":" 15250K .......... .......... .......... .......... .......... 86% 6.17M 0s","logger":"airflow.task.hooks.airflow.providers.standard.hooks.subprocess.SubprocessHook"}
{"timestamp":"2025-07-13T16:49:16.255811","level":"info","event":" 15300K .......... .......... .......... .......... .......... 87% 2.37M 0s","logger":"airflow.task.hooks.airflow.providers.standard.hooks.subprocess.SubprocessHook"}
{"timestamp":"2025-07-13T16:49:16.255903","level":"info","event":" 15350K .......... .......... .......... .......... .......... 87% 74.9M 0s","logger":"airflow.task.hooks.airflow.providers.standard.hooks.subprocess.SubprocessHook"}
{"timestamp":"2025-07-13T16:49:16.255931","level":"info","event":" 15400K .......... .......... .......... .......... .......... 87%  148M 0s","logger":"airflow.task.hooks.airflow.providers.standard.hooks.subprocess.SubprocessHook"}
{"timestamp":"2025-07-13T16:49:16.255951","level":"info","event":" 15450K .......... .......... .......... .......... .......... 88% 93.5M 0s","logger":"airflow.task.hooks.airflow.providers.standard.hooks.subprocess.SubprocessHook"}
{"timestamp":"2025-07-13T16:49:16.255970","level":"info","event":" 15500K .......... .......... .......... .......... .......... 88%  197M 0s","logger":"airflow.task.hooks.airflow.providers.standard.hooks.subprocess.SubprocessHook"}
{"timestamp":"2025-07-13T16:49:16.255989","level":"info","event":" 15550K .......... .......... .......... .......... .......... 88% 7.78M 0s","logger":"airflow.task.hooks.airflow.providers.standard.hooks.subprocess.SubprocessHook"}
{"timestamp":"2025-07-13T16:49:16.256007","level":"info","event":" 15600K .......... .......... .......... .......... .......... 88% 1.36M 0s","logger":"airflow.task.hooks.airflow.providers.standard.hooks.subprocess.SubprocessHook"}
{"timestamp":"2025-07-13T16:49:16.274875","level":"info","event":" 15650K .......... .......... .......... .......... .......... 89% 2.57M 0s","logger":"airflow.task.hooks.airflow.providers.standard.hooks.subprocess.SubprocessHook"}
{"timestamp":"2025-07-13T16:49:16.274960","level":"info","event":" 15700K .......... .......... .......... .......... .......... 89%  234M 0s","logger":"airflow.task.hooks.airflow.providers.standard.hooks.subprocess.SubprocessHook"}
{"timestamp":"2025-07-13T16:49:16.274992","level":"info","event":" 15750K .......... .......... .......... .......... .......... 89%  224M 0s","logger":"airflow.task.hooks.airflow.providers.standard.hooks.subprocess.SubprocessHook"}
{"timestamp":"2025-07-13T16:49:16.275022","level":"info","event":" 15800K .......... .......... .......... .......... .......... 90% 44.8M 0s","logger":"airflow.task.hooks.airflow.providers.standard.hooks.subprocess.SubprocessHook"}
{"timestamp":"2025-07-13T16:49:16.275043","level":"info","event":" 15850K .......... .......... .......... .......... .......... 90%  225M 0s","logger":"airflow.task.hooks.airflow.providers.standard.hooks.subprocess.SubprocessHook"}
{"timestamp":"2025-07-13T16:49:16.275066","level":"info","event":" 15900K .......... .......... .......... .......... .......... 90%  278M 0s","logger":"airflow.task.hooks.airflow.providers.standard.hooks.subprocess.SubprocessHook"}
{"timestamp":"2025-07-13T16:49:16.275097","level":"info","event":" 15950K .......... .......... .......... .......... .......... 90%  202M 0s","logger":"airflow.task.hooks.airflow.providers.standard.hooks.subprocess.SubprocessHook"}
{"timestamp":"2025-07-13T16:49:16.275116","level":"info","event":" 16000K .......... .......... .......... .......... .......... 91%  255M 0s","logger":"airflow.task.hooks.airflow.providers.standard.hooks.subprocess.SubprocessHook"}
{"timestamp":"2025-07-13T16:49:16.275134","level":"info","event":" 16050K .......... .......... .......... .......... .......... 91%  271M 0s","logger":"airflow.task.hooks.airflow.providers.standard.hooks.subprocess.SubprocessHook"}
{"timestamp":"2025-07-13T16:49:16.284039","level":"info","event":" 16100K .......... .......... .......... .......... .......... 91% 15.8M 0s","logger":"airflow.task.hooks.airflow.providers.standard.hooks.subprocess.SubprocessHook"}
{"timestamp":"2025-07-13T16:49:16.284364","level":"info","event":" 16150K .......... .......... .......... .......... .......... 92%  241M 0s","logger":"airflow.task.hooks.airflow.providers.standard.hooks.subprocess.SubprocessHook"}
{"timestamp":"2025-07-13T16:49:16.297881","level":"info","event":" 16200K .......... .......... .......... .......... .......... 92% 3.36M 0s","logger":"airflow.task.hooks.airflow.providers.standard.hooks.subprocess.SubprocessHook"}
{"timestamp":"2025-07-13T16:49:16.297960","level":"info","event":" 16250K .......... .......... .......... .......... .......... 92%  247M 0s","logger":"airflow.task.hooks.airflow.providers.standard.hooks.subprocess.SubprocessHook"}
{"timestamp":"2025-07-13T16:49:16.297989","level":"info","event":" 16300K .......... .......... .......... .......... .......... 92%  213M 0s","logger":"airflow.task.hooks.airflow.providers.standard.hooks.subprocess.SubprocessHook"}
{"timestamp":"2025-07-13T16:49:16.298110","level":"info","event":" 16350K .......... .......... .......... .......... .......... 93%  186M 0s","logger":"airflow.task.hooks.airflow.providers.standard.hooks.subprocess.SubprocessHook"}
{"timestamp":"2025-07-13T16:49:16.298136","level":"info","event":" 16400K .......... .......... .......... .......... .......... 93%  242M 0s","logger":"airflow.task.hooks.airflow.providers.standard.hooks.subprocess.SubprocessHook"}
{"timestamp":"2025-07-13T16:49:16.298155","level":"info","event":" 16450K .......... .......... .......... .......... .......... 93%  223M 0s","logger":"airflow.task.hooks.airflow.providers.standard.hooks.subprocess.SubprocessHook"}
{"timestamp":"2025-07-13T16:49:16.298215","level":"info","event":" 16500K .......... .......... .......... .......... .......... 94% 67.9M 0s","logger":"airflow.task.hooks.airflow.providers.standard.hooks.subprocess.SubprocessHook"}
{"timestamp":"2025-07-13T16:49:16.298409","level":"info","event":" 16550K .......... .......... .......... .......... .......... 94%  212M 0s","logger":"airflow.task.hooks.airflow.providers.standard.hooks.subprocess.SubprocessHook"}
{"timestamp":"2025-07-13T16:49:16.298516","level":"info","event":" 16600K .......... .......... .......... .......... .......... 94%  183M 0s","logger":"airflow.task.hooks.airflow.providers.standard.hooks.subprocess.SubprocessHook"}
{"timestamp":"2025-07-13T16:49:16.298550","level":"info","event":" 16650K .......... .......... .......... .......... .......... 94%  222M 0s","logger":"airflow.task.hooks.airflow.providers.standard.hooks.subprocess.SubprocessHook"}
{"timestamp":"2025-07-13T16:49:16.303049","level":"info","event":" 16700K .......... .......... .......... .......... .......... 95% 4.93M 0s","logger":"airflow.task.hooks.airflow.providers.standard.hooks.subprocess.SubprocessHook"}
{"timestamp":"2025-07-13T16:49:16.306354","level":"info","event":" 16750K .......... .......... .......... .......... .......... 95% 17.1M 0s","logger":"airflow.task.hooks.airflow.providers.standard.hooks.subprocess.SubprocessHook"}
{"timestamp":"2025-07-13T16:49:16.311882","level":"info","event":" 16800K .......... .......... .......... .......... .......... 95% 8.40M 0s","logger":"airflow.task.hooks.airflow.providers.standard.hooks.subprocess.SubprocessHook"}
{"timestamp":"2025-07-13T16:49:16.337354","level":"info","event":" 16850K .......... .......... .......... .......... .......... 96% 2.00M 0s","logger":"airflow.task.hooks.airflow.providers.standard.hooks.subprocess.SubprocessHook"}
{"timestamp":"2025-07-13T16:49:16.337422","level":"info","event":" 16900K .......... .......... .......... .......... .......... 96%  193M 0s","logger":"airflow.task.hooks.airflow.providers.standard.hooks.subprocess.SubprocessHook"}
{"timestamp":"2025-07-13T16:49:16.337444","level":"info","event":" 16950K .......... .......... .......... .......... .......... 96%  163M 0s","logger":"airflow.task.hooks.airflow.providers.standard.hooks.subprocess.SubprocessHook"}
{"timestamp":"2025-07-13T16:49:16.337468","level":"info","event":" 17000K .......... .......... .......... .......... .......... 96% 61.6M 0s","logger":"airflow.task.hooks.airflow.providers.standard.hooks.subprocess.SubprocessHook"}
{"timestamp":"2025-07-13T16:49:16.340259","level":"info","event":" 17050K .......... .......... .......... .......... .......... 97%  111M 0s","logger":"airflow.task.hooks.airflow.providers.standard.hooks.subprocess.SubprocessHook"}
{"timestamp":"2025-07-13T16:49:16.340344","level":"info","event":" 17100K .......... .......... .......... .......... .......... 97%  195M 0s","logger":"airflow.task.hooks.airflow.providers.standard.hooks.subprocess.SubprocessHook"}
{"timestamp":"2025-07-13T16:49:16.340370","level":"info","event":" 17150K .......... .......... .......... .......... .......... 97% 58.2M 0s","logger":"airflow.task.hooks.airflow.providers.standard.hooks.subprocess.SubprocessHook"}
{"timestamp":"2025-07-13T16:49:16.340391","level":"info","event":" 17200K .......... .......... .......... .......... .......... 98%  172M 0s","logger":"airflow.task.hooks.airflow.providers.standard.hooks.subprocess.SubprocessHook"}
{"timestamp":"2025-07-13T16:49:16.347841","level":"info","event":" 17250K .......... .......... .......... .......... .......... 98% 5.94M 0s","logger":"airflow.task.hooks.airflow.providers.standard.hooks.subprocess.SubprocessHook"}
{"timestamp":"2025-07-13T16:49:16.349641","level":"info","event":" 17300K .......... .......... .......... .......... .......... 98% 68.4M 0s","logger":"airflow.task.hooks.airflow.providers.standard.hooks.subprocess.SubprocessHook"}
{"timestamp":"2025-07-13T16:49:16.362877","level":"info","event":" 17350K .......... .......... .......... .......... .......... 98% 3.61M 0s","logger":"airflow.task.hooks.airflow.providers.standard.hooks.subprocess.SubprocessHook"}
{"timestamp":"2025-07-13T16:49:16.362990","level":"info","event":" 17400K .......... .......... .......... .......... .......... 99% 82.1M 0s","logger":"airflow.task.hooks.airflow.providers.standard.hooks.subprocess.SubprocessHook"}
{"timestamp":"2025-07-13T16:49:16.363052","level":"info","event":" 17450K .......... .......... .......... .......... .......... 99% 79.7M 0s","logger":"airflow.task.hooks.airflow.providers.standard.hooks.subprocess.SubprocessHook"}
{"timestamp":"2025-07-13T16:49:16.366668","level":"info","event":" 17500K .......... .......... .......... .......... .......... 99%  163M 0s","logger":"airflow.task.hooks.airflow.providers.standard.hooks.subprocess.SubprocessHook"}
{"timestamp":"2025-07-13T16:49:16.366873","level":"info","event":" 17550K .......... .......... .......... .......... .......   100%  146M=2.3s","logger":"airflow.task.hooks.airflow.providers.standard.hooks.subprocess.SubprocessHook"}
{"timestamp":"2025-07-13T16:49:16.366992","level":"info","event":"","logger":"airflow.task.hooks.airflow.providers.standard.hooks.subprocess.SubprocessHook"}
{"timestamp":"2025-07-13T16:49:16.367186","level":"info","event":"2025-07-13 16:49:16 (7.52 MB/s) - ‘/opt/airflow/fhv_tripdata_2019-06.csv.gz’ saved [18019362/18019362]","logger":"airflow.task.hooks.airflow.providers.standard.hooks.subprocess.SubprocessHook"}
{"timestamp":"2025-07-13T16:49:16.367335","level":"info","event":"","logger":"airflow.task.hooks.airflow.providers.standard.hooks.subprocess.SubprocessHook"}
{"timestamp":"2025-07-13T16:49:18.812518","level":"info","event":"Command exited with return code 0","logger":"airflow.task.hooks.airflow.providers.standard.hooks.subprocess.SubprocessHook"}
{"timestamp":"2025-07-13T16:49:18.821420","level":"info","event":"Pushing xcom","ti":"RuntimeTaskInstance(id=UUID('019804b0-97db-7614-953e-8027a8a62a7d'), task_id='download_dataset_task', dag_id='upload_gcs_fhvtrips', run_id='scheduled__2019-06-02T06:00:00+00:00', try_number=1, map_index=-1, hostname='890ba30a36b0', context_carrier={}, task=<Task(BashOperator): download_dataset_task>, bundle_instance=LocalDagBundle(name=dags-folder), max_tries=0, start_date=datetime.datetime(2025, 7, 13, 16, 49, 0, 365604, tzinfo=TzInfo(UTC)), end_date=None, state=<TaskInstanceState.RUNNING: 'running'>, is_mapped=False, rendered_map_index=None)","logger":"task"}
{"timestamp":"2025-07-13T17:40:12.502810","level":"info","event":"DAG bundles loaded: dags-folder","logger":"airflow.dag_processing.bundles.manager.DagBundlesManager"}
{"timestamp":"2025-07-13T17:40:12.504253","level":"info","event":"Filling up the DagBag from /opt/airflow/dags/data_ingestion_gcs_dag.py","logger":"airflow.models.dagbag.DagBag"}
{"timestamp":"2025-07-13T17:40:18.883789","level":"info","event":"Tmp dir root location: /tmp","logger":"airflow.task.hooks.airflow.providers.standard.hooks.subprocess.SubprocessHook"}
{"timestamp":"2025-07-13T17:40:18.900757","level":"info","event":"Running command: ['/usr/bin/bash', '-c', 'echo https://github.com/DataTalksClub/nyc-tlc-data/releases/download/fhv/fhv_tripdata_2019-06.csv.gz && wget --no-verbose https://github.com/DataTalksClub/nyc-tlc-data/releases/download/fhv/fhv_tripdata_2019-06.csv.gz -O /opt/airflow/fhv_tripdata_2019-06.csv.gz && gunzip -f /opt/airflow/fhv_tripdata_2019-06.csv.gz']","logger":"airflow.task.hooks.airflow.providers.standard.hooks.subprocess.SubprocessHook"}
{"timestamp":"2025-07-13T17:40:19.101782","level":"info","event":"Output:","logger":"airflow.task.hooks.airflow.providers.standard.hooks.subprocess.SubprocessHook"}
{"timestamp":"2025-07-13T17:40:19.306686","level":"info","event":"https://github.com/DataTalksClub/nyc-tlc-data/releases/download/fhv/fhv_tripdata_2019-06.csv.gz","logger":"airflow.task.hooks.airflow.providers.standard.hooks.subprocess.SubprocessHook"}
{"timestamp":"2025-07-13T17:40:22.627803","level":"info","event":"2025-07-13 17:40:22 URL:https://objects.githubusercontent.com/github-production-release-asset-2e65be/513814948/ba21993c-2a6d-4c55-8f5c-9a325cc73e88?X-Amz-Algorithm=AWS4-HMAC-SHA256&X-Amz-Credential=releaseassetproduction%2F20250713%2Fus-east-1%2Fs3%2Faws4_request&X-Amz-Date=20250713T174020Z&X-Amz-Expires=1800&X-Amz-Signature=7472559000b8f6f01f1267d80c20d8d5c90887c4477dcf20a71f159a309082d6&X-Amz-SignedHeaders=host&response-content-disposition=attachment%3B%20filename%3Dfhv_tripdata_2019-06.csv.gz&response-content-type=application%2Foctet-stream [18019362/18019362] -> \"/opt/airflow/fhv_tripdata_2019-06.csv.gz\" [1]","logger":"airflow.task.hooks.airflow.providers.standard.hooks.subprocess.SubprocessHook"}
{"timestamp":"2025-07-13T17:40:24.478499","level":"info","event":"Command exited with return code 0","logger":"airflow.task.hooks.airflow.providers.standard.hooks.subprocess.SubprocessHook"}
{"timestamp":"2025-07-13T17:40:24.491938","level":"info","event":"Pushing xcom","ti":"RuntimeTaskInstance(id=UUID('019804df-77ef-7b19-8dc8-3419a4f9c4d7'), task_id='download_dataset_task', dag_id='upload_gcs_fhvtrips', run_id='scheduled__2019-06-02T06:00:00+00:00', try_number=1, map_index=-1, hostname='890ba30a36b0', context_carrier={}, task=<Task(BashOperator): download_dataset_task>, bundle_instance=LocalDagBundle(name=dags-folder), max_tries=0, start_date=datetime.datetime(2025, 7, 13, 17, 40, 11, 406845, tzinfo=TzInfo(UTC)), end_date=None, state=<TaskInstanceState.RUNNING: 'running'>, is_mapped=False, rendered_map_index=None)","logger":"task"}
{"timestamp":"2025-07-13T17:50:12.373689","level":"info","event":"DAG bundles loaded: dags-folder","logger":"airflow.dag_processing.bundles.manager.DagBundlesManager"}
{"timestamp":"2025-07-13T17:50:12.376825","level":"info","event":"Filling up the DagBag from /opt/airflow/dags/data_ingestion_gcs_dag.py","logger":"airflow.models.dagbag.DagBag"}
{"timestamp":"2025-07-13T17:50:32.729429","level":"info","event":"Tmp dir root location: /tmp","logger":"airflow.task.hooks.airflow.providers.standard.hooks.subprocess.SubprocessHook"}
{"timestamp":"2025-07-13T17:50:32.742304","level":"info","event":"Running command: ['/usr/bin/bash', '-c', 'echo https://github.com/DataTalksClub/nyc-tlc-data/releases/download/fhv/fhv_tripdata_2019-06.csv.gz && wget --no-verbose https://github.com/DataTalksClub/nyc-tlc-data/releases/download/fhv/fhv_tripdata_2019-06.csv.gz -O /opt/airflow/fhv_tripdata_2019-06.csv.gz && gunzip -f /opt/airflow/fhv_tripdata_2019-06.csv.gz']","logger":"airflow.task.hooks.airflow.providers.standard.hooks.subprocess.SubprocessHook"}
{"timestamp":"2025-07-13T17:50:33.247067","level":"info","event":"Output:","logger":"airflow.task.hooks.airflow.providers.standard.hooks.subprocess.SubprocessHook"}
{"timestamp":"2025-07-13T17:50:33.577908","level":"info","event":"https://github.com/DataTalksClub/nyc-tlc-data/releases/download/fhv/fhv_tripdata_2019-06.csv.gz","logger":"airflow.task.hooks.airflow.providers.standard.hooks.subprocess.SubprocessHook"}
{"timestamp":"2025-07-13T17:50:37.053833","level":"info","event":"2025-07-13 17:50:37 URL:https://objects.githubusercontent.com/github-production-release-asset-2e65be/513814948/ba21993c-2a6d-4c55-8f5c-9a325cc73e88?X-Amz-Algorithm=AWS4-HMAC-SHA256&X-Amz-Credential=releaseassetproduction%2F20250713%2Fus-east-1%2Fs3%2Faws4_request&X-Amz-Date=20250713T175034Z&X-Amz-Expires=1800&X-Amz-Signature=a089e6fcc4e717790d8e133f99e697044173d5bb8c6490bc0fab10e319215b3b&X-Amz-SignedHeaders=host&response-content-disposition=attachment%3B%20filename%3Dfhv_tripdata_2019-06.csv.gz&response-content-type=application%2Foctet-stream [18019362/18019362] -> \"/opt/airflow/fhv_tripdata_2019-06.csv.gz\" [1]","logger":"airflow.task.hooks.airflow.providers.standard.hooks.subprocess.SubprocessHook"}
{"timestamp":"2025-07-13T17:50:39.728345","level":"info","event":"Command exited with return code 0","logger":"airflow.task.hooks.airflow.providers.standard.hooks.subprocess.SubprocessHook"}
{"timestamp":"2025-07-13T17:50:39.835282","level":"info","event":"Pushing xcom","ti":"RuntimeTaskInstance(id=UUID('019804e8-981e-740f-822f-0424ba4f9d31'), task_id='download_dataset_task', dag_id='upload_gcs_fhvtrips', run_id='scheduled__2019-06-02T06:00:00+00:00', try_number=1, map_index=-1, hostname='890ba30a36b0', context_carrier={}, task=<Task(BashOperator): download_dataset_task>, bundle_instance=LocalDagBundle(name=dags-folder), max_tries=0, start_date=datetime.datetime(2025, 7, 13, 17, 50, 10, 241641, tzinfo=TzInfo(UTC)), end_date=None, state=<TaskInstanceState.RUNNING: 'running'>, is_mapped=False, rendered_map_index=None)","logger":"task"}
