{"timestamp":"2025-07-13T18:38:44.878661","level":"info","event":"DAG bundles loaded: dags-folder","logger":"airflow.dag_processing.bundles.manager.DagBundlesManager"}
{"timestamp":"2025-07-13T18:38:44.879574","level":"info","event":"Filling up the DagBag from /opt/airflow/dags/data_ingestion_gcs_dag.py","logger":"airflow.models.dagbag.DagBag"}
{"timestamp":"2025-07-13T18:38:47.330872","level":"info","event":"Tmp dir root location: /tmp","logger":"airflow.task.hooks.airflow.providers.standard.hooks.subprocess.SubprocessHook"}
{"timestamp":"2025-07-13T18:38:47.341625","level":"info","event":"Running command: ['/usr/bin/bash', '-c', 'echo https://github.com/DataTalksClub/nyc-tlc-data/releases/download/green/green_tripdata_2019-02.csv.gz && wget --no-verbose https://github.com/DataTalksClub/nyc-tlc-data/releases/download/green/green_tripdata_2019-02.csv.gz -O /opt/airflow/green_tripdata_2019-02.csv.gz && gunzip -f /opt/airflow/green_tripdata_2019-02.csv.gz']","logger":"airflow.task.hooks.airflow.providers.standard.hooks.subprocess.SubprocessHook"}
{"timestamp":"2025-07-13T18:38:47.383904","level":"info","event":"Output:","logger":"airflow.task.hooks.airflow.providers.standard.hooks.subprocess.SubprocessHook"}
{"timestamp":"2025-07-13T18:38:47.390127","level":"info","event":"https://github.com/DataTalksClub/nyc-tlc-data/releases/download/green/green_tripdata_2019-02.csv.gz","logger":"airflow.task.hooks.airflow.providers.standard.hooks.subprocess.SubprocessHook"}
{"timestamp":"2025-07-13T18:38:49.526053","level":"info","event":"2025-07-13 18:38:49 URL:https://objects.githubusercontent.com/github-production-release-asset-2e65be/513814948/9df56885-3ad8-4453-966a-ce5ccf8749a2?X-Amz-Algorithm=AWS4-HMAC-SHA256&X-Amz-Credential=releaseassetproduction%2F20250713%2Fus-east-1%2Fs3%2Faws4_request&X-Amz-Date=20250713T183847Z&X-Amz-Expires=1800&X-Amz-Signature=a4aeac0458bdad34735e880f83b213fd36fa9eb18e9ed8c05c56971cf639995f&X-Amz-SignedHeaders=host&response-content-disposition=attachment%3B%20filename%3Dgreen_tripdata_2019-02.csv.gz&response-content-type=application%2Foctet-stream [10376032/10376032] -> \"/opt/airflow/green_tripdata_2019-02.csv.gz\" [1]","logger":"airflow.task.hooks.airflow.providers.standard.hooks.subprocess.SubprocessHook"}
{"timestamp":"2025-07-13T18:38:49.877072","level":"info","event":"Command exited with return code 0","logger":"airflow.task.hooks.airflow.providers.standard.hooks.subprocess.SubprocessHook"}
{"timestamp":"2025-07-13T18:38:49.880083","level":"info","event":"Pushing xcom","ti":"RuntimeTaskInstance(id=UUID('01980515-12ac-7a43-96d1-7577f1de88b7'), task_id='download_dataset_task', dag_id='upload_gcs_greentrips', run_id='scheduled__2019-02-02T06:00:00+00:00', try_number=1, map_index=-1, hostname='fb7e26a7e74c', context_carrier={}, task=<Task(BashOperator): download_dataset_task>, bundle_instance=LocalDagBundle(name=dags-folder), max_tries=0, start_date=datetime.datetime(2025, 7, 13, 18, 38, 44, 247701, tzinfo=TzInfo(UTC)), end_date=None, state=<TaskInstanceState.RUNNING: 'running'>, is_mapped=False, rendered_map_index=None)","logger":"task"}
{"timestamp":"2025-07-17T08:53:53.999488","level":"info","event":"DAG bundles loaded: dags-folder","logger":"airflow.dag_processing.bundles.manager.DagBundlesManager"}
{"timestamp":"2025-07-17T08:53:54.000925","level":"info","event":"Filling up the DagBag from /opt/airflow/dags/data_ingestion_gcs_dag.py","logger":"airflow.models.dagbag.DagBag"}
{"timestamp":"2025-07-17T08:53:58.275437","level":"info","event":"Tmp dir root location: /tmp","logger":"airflow.task.hooks.airflow.providers.standard.hooks.subprocess.SubprocessHook"}
{"timestamp":"2025-07-17T08:53:58.276427","level":"info","event":"Running command: ['/usr/bin/bash', '-c', \"echo https://github.com/DataTalksClub/nyc-tlc-data/releases/download/green/green_tripdata_2019-02.csv.gz && wget --no-verbose https://github.com/DataTalksClub/nyc-tlc-data/releases/download/green/green_tripdata_2019-02.csv.gz -O /opt/airflow/green_tripdata_2019-02.csv.gz && gunzip -f /opt/airflow/green_tripdata_2019-02.csv.gz || echo 'invalid link or file not in gz format' && wget https://github.com/DataTalksClub/nyc-tlc-data/releases/download/green/green_tripdata_2019-02.csv.gz -O /opt/airflow/green_tripdata_2019-02.csv\"]","logger":"airflow.task.hooks.airflow.providers.standard.hooks.subprocess.SubprocessHook"}
{"timestamp":"2025-07-17T08:53:58.327651","level":"info","event":"Output:","logger":"airflow.task.hooks.airflow.providers.standard.hooks.subprocess.SubprocessHook"}
{"timestamp":"2025-07-17T08:53:58.331081","level":"info","event":"https://github.com/DataTalksClub/nyc-tlc-data/releases/download/green/green_tripdata_2019-02.csv.gz","logger":"airflow.task.hooks.airflow.providers.standard.hooks.subprocess.SubprocessHook"}
{"timestamp":"2025-07-17T08:54:00.182457","level":"info","event":"2025-07-17 08:54:00 URL:https://release-assets.githubusercontent.com/github-production-release-asset/513814948/9df56885-3ad8-4453-966a-ce5ccf8749a2?sp=r&sv=2018-11-09&sr=b&spr=https&se=2025-07-17T09%3A52%3A12Z&rscd=attachment%3B+filename%3Dgreen_tripdata_2019-02.csv.gz&rsct=application%2Foctet-stream&skoid=96c2d410-5711-43a1-aedd-ab1947aa7ab0&sktid=398a6654-997b-47e9-b12b-9515b896b4de&skt=2025-07-17T08%3A52%3A09Z&ske=2025-07-17T09%3A52%3A12Z&sks=b&skv=2018-11-09&sig=xx1vHHk9F%2Fsjyczy%2FyqthB9cd6zqNm47T%2B%2F402Yzab0%3D&jwt=eyJ******&response-content-disposition=attachment%3B%20filename%3Dgreen_tripdata_2019-02.csv.gz&response-content-type=application%2Foctet-stream [10376032/10376032] -> \"/opt/airflow/green_tripdata_2019-02.csv.gz\" [1]","logger":"airflow.task.hooks.airflow.providers.standard.hooks.subprocess.SubprocessHook"}
{"timestamp":"2025-07-17T08:54:00.857588","level":"info","event":"--2025-07-17 08:54:00--  https://github.com/DataTalksClub/nyc-tlc-data/releases/download/green/green_tripdata_2019-02.csv.gz","logger":"airflow.task.hooks.airflow.providers.standard.hooks.subprocess.SubprocessHook"}
{"timestamp":"2025-07-17T08:54:00.881431","level":"info","event":"Resolving github.com (github.com)... 20.205.243.166","logger":"airflow.task.hooks.airflow.providers.standard.hooks.subprocess.SubprocessHook"}
{"timestamp":"2025-07-17T08:54:00.894439","level":"info","event":"Connecting to github.com (github.com)|20.205.243.166|:443... connected.","logger":"airflow.task.hooks.airflow.providers.standard.hooks.subprocess.SubprocessHook"}
{"timestamp":"2025-07-17T08:54:00.941333","level":"info","event":"HTTP request sent, awaiting response... 302 Found","logger":"airflow.task.hooks.airflow.providers.standard.hooks.subprocess.SubprocessHook"}
{"timestamp":"2025-07-17T08:54:00.942519","level":"info","event":"Location: https://release-assets.githubusercontent.com/github-production-release-asset/513814948/9df56885-3ad8-4453-966a-ce5ccf8749a2?sp=r&sv=2018-11-09&sr=b&spr=https&se=2025-07-17T09%3A52%3A12Z&rscd=attachment%3B+filename%3Dgreen_tripdata_2019-02.csv.gz&rsct=application%2Foctet-stream&skoid=96c2d410-5711-43a1-aedd-ab1947aa7ab0&sktid=398a6654-997b-47e9-b12b-9515b896b4de&skt=2025-07-17T08%3A52%3A09Z&ske=2025-07-17T09%3A52%3A12Z&sks=b&skv=2018-11-09&sig=xx1vHHk9F%2Fsjyczy%2FyqthB9cd6zqNm47T%2B%2F402Yzab0%3D&jwt=eyJ******&response-content-disposition=attachment%3B%20filename%3Dgreen_tripdata_2019-02.csv.gz&response-content-type=application%2Foctet-stream [following]","logger":"airflow.task.hooks.airflow.providers.standard.hooks.subprocess.SubprocessHook"}
{"timestamp":"2025-07-17T08:54:00.942930","level":"info","event":"--2025-07-17 08:54:00--  https://release-assets.githubusercontent.com/github-production-release-asset/513814948/9df56885-3ad8-4453-966a-ce5ccf8749a2?sp=r&sv=2018-11-09&sr=b&spr=https&se=2025-07-17T09%3A52%3A12Z&rscd=attachment%3B+filename%3Dgreen_tripdata_2019-02.csv.gz&rsct=application%2Foctet-stream&skoid=96c2d410-5711-43a1-aedd-ab1947aa7ab0&sktid=398a6654-997b-47e9-b12b-9515b896b4de&skt=2025-07-17T08%3A52%3A09Z&ske=2025-07-17T09%3A52%3A12Z&sks=b&skv=2018-11-09&sig=xx1vHHk9F%2Fsjyczy%2FyqthB9cd6zqNm47T%2B%2F402Yzab0%3D&jwt=eyJ******&response-content-disposition=attachment%3B%20filename%3Dgreen_tripdata_2019-02.csv.gz&response-content-type=application%2Foctet-stream","logger":"airflow.task.hooks.airflow.providers.standard.hooks.subprocess.SubprocessHook"}
{"timestamp":"2025-07-17T08:54:00.951057","level":"info","event":"Resolving release-assets.githubusercontent.com (release-assets.githubusercontent.com)... 185.199.109.133, 185.199.110.133, 185.199.111.133, ...","logger":"airflow.task.hooks.airflow.providers.standard.hooks.subprocess.SubprocessHook"}
{"timestamp":"2025-07-17T08:54:00.960414","level":"info","event":"Connecting to release-assets.githubusercontent.com (release-assets.githubusercontent.com)|185.199.109.133|:443... connected.","logger":"airflow.task.hooks.airflow.providers.standard.hooks.subprocess.SubprocessHook"}
{"timestamp":"2025-07-17T08:54:00.983051","level":"info","event":"HTTP request sent, awaiting response... 200 OK","logger":"airflow.task.hooks.airflow.providers.standard.hooks.subprocess.SubprocessHook"}
{"timestamp":"2025-07-17T08:54:00.983285","level":"info","event":"Length: 10376032 (9.9M) [application/octet-stream]","logger":"airflow.task.hooks.airflow.providers.standard.hooks.subprocess.SubprocessHook"}
{"timestamp":"2025-07-17T08:54:00.983362","level":"info","event":"Saving to: ‘/opt/airflow/green_tripdata_2019-02.csv’","logger":"airflow.task.hooks.airflow.providers.standard.hooks.subprocess.SubprocessHook"}
{"timestamp":"2025-07-17T08:54:00.983510","level":"info","event":"","logger":"airflow.task.hooks.airflow.providers.standard.hooks.subprocess.SubprocessHook"}
{"timestamp":"2025-07-17T08:54:00.998659","level":"info","event":"     0K .......... .......... .......... .......... ..........  0% 3.19M 3s","logger":"airflow.task.hooks.airflow.providers.standard.hooks.subprocess.SubprocessHook"}
{"timestamp":"2025-07-17T08:54:00.998795","level":"info","event":"    50K .......... .......... .......... .......... ..........  0%  266M 2s","logger":"airflow.task.hooks.airflow.providers.standard.hooks.subprocess.SubprocessHook"}
{"timestamp":"2025-07-17T08:54:01.003999","level":"info","event":"   100K .......... .......... .......... .......... ..........  1% 9.02M 1s","logger":"airflow.task.hooks.airflow.providers.standard.hooks.subprocess.SubprocessHook"}
{"timestamp":"2025-07-17T08:54:01.004164","level":"info","event":"   150K .......... .......... .......... .......... ..........  1%  180M 1s","logger":"airflow.task.hooks.airflow.providers.standard.hooks.subprocess.SubprocessHook"}
{"timestamp":"2025-07-17T08:54:01.004822","level":"info","event":"   200K .......... .......... .......... .......... ..........  2% 91.9M 1s","logger":"airflow.task.hooks.airflow.providers.standard.hooks.subprocess.SubprocessHook"}
{"timestamp":"2025-07-17T08:54:01.012328","level":"info","event":"   250K .......... .......... .......... .......... ..........  2% 22.0M 1s","logger":"airflow.task.hooks.airflow.providers.standard.hooks.subprocess.SubprocessHook"}
{"timestamp":"2025-07-17T08:54:01.015354","level":"info","event":"   300K .......... .......... .......... .......... ..........  3% 5.97M 1s","logger":"airflow.task.hooks.airflow.providers.standard.hooks.subprocess.SubprocessHook"}
{"timestamp":"2025-07-17T08:54:01.019249","level":"info","event":"   350K .......... .......... .......... .......... ..........  3% 12.6M 1s","logger":"airflow.task.hooks.airflow.providers.standard.hooks.subprocess.SubprocessHook"}
{"timestamp":"2025-07-17T08:54:01.021359","level":"info","event":"   400K .......... .......... .......... .......... ..........  4% 91.4M 1s","logger":"airflow.task.hooks.airflow.providers.standard.hooks.subprocess.SubprocessHook"}
{"timestamp":"2025-07-17T08:54:01.021447","level":"info","event":"   450K .......... .......... .......... .......... ..........  4% 34.2M 1s","logger":"airflow.task.hooks.airflow.providers.standard.hooks.subprocess.SubprocessHook"}
{"timestamp":"2025-07-17T08:54:01.021501","level":"info","event":"   500K .......... .......... .......... .......... ..........  5%  171M 1s","logger":"airflow.task.hooks.airflow.providers.standard.hooks.subprocess.SubprocessHook"}
{"timestamp":"2025-07-17T08:54:01.022097","level":"info","event":"   550K .......... .......... .......... .......... ..........  5% 61.3M 1s","logger":"airflow.task.hooks.airflow.providers.standard.hooks.subprocess.SubprocessHook"}
{"timestamp":"2025-07-17T08:54:01.022214","level":"info","event":"   600K .......... .......... .......... .......... ..........  6%  221M 1s","logger":"airflow.task.hooks.airflow.providers.standard.hooks.subprocess.SubprocessHook"}
{"timestamp":"2025-07-17T08:54:01.027192","level":"info","event":"   650K .......... .......... .......... .......... ..........  6% 10.8M 1s","logger":"airflow.task.hooks.airflow.providers.standard.hooks.subprocess.SubprocessHook"}
{"timestamp":"2025-07-17T08:54:01.031232","level":"info","event":"   700K .......... .......... .......... .......... ..........  7% 14.3M 1s","logger":"airflow.task.hooks.airflow.providers.standard.hooks.subprocess.SubprocessHook"}
{"timestamp":"2025-07-17T08:54:01.031327","level":"info","event":"   750K .......... .......... .......... .......... ..........  7% 76.0M 1s","logger":"airflow.task.hooks.airflow.providers.standard.hooks.subprocess.SubprocessHook"}
{"timestamp":"2025-07-17T08:54:01.031877","level":"info","event":"   800K .......... .......... .......... .......... ..........  8% 65.9M 1s","logger":"airflow.task.hooks.airflow.providers.standard.hooks.subprocess.SubprocessHook"}
{"timestamp":"2025-07-17T08:54:01.032412","level":"info","event":"   850K .......... .......... .......... .......... ..........  8% 83.7M 1s","logger":"airflow.task.hooks.airflow.providers.standard.hooks.subprocess.SubprocessHook"}
{"timestamp":"2025-07-17T08:54:01.032526","level":"info","event":"   900K .......... .......... .......... .......... ..........  9%  211M 0s","logger":"airflow.task.hooks.airflow.providers.standard.hooks.subprocess.SubprocessHook"}
{"timestamp":"2025-07-17T08:54:01.032742","level":"info","event":"   950K .......... .......... .......... .......... ..........  9%  227M 0s","logger":"airflow.task.hooks.airflow.providers.standard.hooks.subprocess.SubprocessHook"}
{"timestamp":"2025-07-17T08:54:01.033047","level":"info","event":"  1000K .......... .......... .......... .......... .......... 10%  172M 0s","logger":"airflow.task.hooks.airflow.providers.standard.hooks.subprocess.SubprocessHook"}
{"timestamp":"2025-07-17T08:54:01.033789","level":"info","event":"  1050K .......... .......... .......... .......... .......... 10% 65.6M 0s","logger":"airflow.task.hooks.airflow.providers.standard.hooks.subprocess.SubprocessHook"}
{"timestamp":"2025-07-17T08:54:01.034177","level":"info","event":"  1100K .......... .......... .......... .......... .......... 11% 98.0M 0s","logger":"airflow.task.hooks.airflow.providers.standard.hooks.subprocess.SubprocessHook"}
{"timestamp":"2025-07-17T08:54:01.034400","level":"info","event":"  1150K .......... .......... .......... .......... .......... 11%  225M 0s","logger":"airflow.task.hooks.airflow.providers.standard.hooks.subprocess.SubprocessHook"}
{"timestamp":"2025-07-17T08:54:01.034796","level":"info","event":"  1200K .......... .......... .......... .......... .......... 12%  104M 0s","logger":"airflow.task.hooks.airflow.providers.standard.hooks.subprocess.SubprocessHook"}
{"timestamp":"2025-07-17T08:54:01.039436","level":"info","event":"  1250K .......... .......... .......... .......... .......... 12% 11.1M 0s","logger":"airflow.task.hooks.airflow.providers.standard.hooks.subprocess.SubprocessHook"}
{"timestamp":"2025-07-17T08:54:01.039691","level":"info","event":"  1300K .......... .......... .......... .......... .......... 13%  112M 0s","logger":"airflow.task.hooks.airflow.providers.standard.hooks.subprocess.SubprocessHook"}
{"timestamp":"2025-07-17T08:54:01.053430","level":"info","event":"  1350K .......... .......... .......... .......... .......... 13% 17.9M 0s","logger":"airflow.task.hooks.airflow.providers.standard.hooks.subprocess.SubprocessHook"}
{"timestamp":"2025-07-17T08:54:01.053659","level":"info","event":"  1400K .......... .......... .......... .......... .......... 14% 9.26M 0s","logger":"airflow.task.hooks.airflow.providers.standard.hooks.subprocess.SubprocessHook"}
{"timestamp":"2025-07-17T08:54:01.053738","level":"info","event":"  1450K .......... .......... .......... .......... .......... 14%  186M 0s","logger":"airflow.task.hooks.airflow.providers.standard.hooks.subprocess.SubprocessHook"}
{"timestamp":"2025-07-17T08:54:01.053911","level":"info","event":"  1500K .......... .......... .......... .......... .......... 15%  194M 0s","logger":"airflow.task.hooks.airflow.providers.standard.hooks.subprocess.SubprocessHook"}
{"timestamp":"2025-07-17T08:54:01.053955","level":"info","event":"  1550K .......... .......... .......... .......... .......... 15% 11.3M 0s","logger":"airflow.task.hooks.airflow.providers.standard.hooks.subprocess.SubprocessHook"}
{"timestamp":"2025-07-17T08:54:01.054028","level":"info","event":"  1600K .......... .......... .......... .......... .......... 16%  102M 0s","logger":"airflow.task.hooks.airflow.providers.standard.hooks.subprocess.SubprocessHook"}
{"timestamp":"2025-07-17T08:54:01.061484","level":"info","event":"  1650K .......... .......... .......... .......... .......... 16% 25.2M 0s","logger":"airflow.task.hooks.airflow.providers.standard.hooks.subprocess.SubprocessHook"}
{"timestamp":"2025-07-17T08:54:01.061940","level":"info","event":"  1700K .......... .......... .......... .......... .......... 17%  220M 0s","logger":"airflow.task.hooks.airflow.providers.standard.hooks.subprocess.SubprocessHook"}
{"timestamp":"2025-07-17T08:54:01.062093","level":"info","event":"  1750K .......... .......... .......... .......... .......... 17% 7.60M 0s","logger":"airflow.task.hooks.airflow.providers.standard.hooks.subprocess.SubprocessHook"}
{"timestamp":"2025-07-17T08:54:01.062245","level":"info","event":"  1800K .......... .......... .......... .......... .......... 18%  156M 0s","logger":"airflow.task.hooks.airflow.providers.standard.hooks.subprocess.SubprocessHook"}
{"timestamp":"2025-07-17T08:54:01.062341","level":"info","event":"  1850K .......... .......... .......... .......... .......... 18%  171M 0s","logger":"airflow.task.hooks.airflow.providers.standard.hooks.subprocess.SubprocessHook"}
{"timestamp":"2025-07-17T08:54:01.062798","level":"info","event":"  1900K .......... .......... .......... .......... .......... 19%  101M 0s","logger":"airflow.task.hooks.airflow.providers.standard.hooks.subprocess.SubprocessHook"}
{"timestamp":"2025-07-17T08:54:01.063248","level":"info","event":"  1950K .......... .......... .......... .......... .......... 19% 82.0M 0s","logger":"airflow.task.hooks.airflow.providers.standard.hooks.subprocess.SubprocessHook"}
{"timestamp":"2025-07-17T08:54:01.064309","level":"info","event":"  2000K .......... .......... .......... .......... .......... 20% 97.7M 0s","logger":"airflow.task.hooks.airflow.providers.standard.hooks.subprocess.SubprocessHook"}
{"timestamp":"2025-07-17T08:54:01.064413","level":"info","event":"  2050K .......... .......... .......... .......... .......... 20%  237M 0s","logger":"airflow.task.hooks.airflow.providers.standard.hooks.subprocess.SubprocessHook"}
{"timestamp":"2025-07-17T08:54:01.064475","level":"info","event":"  2100K .......... .......... .......... .......... .......... 21% 90.2M 0s","logger":"airflow.task.hooks.airflow.providers.standard.hooks.subprocess.SubprocessHook"}
{"timestamp":"2025-07-17T08:54:01.065016","level":"info","event":"  2150K .......... .......... .......... .......... .......... 21%  251M 0s","logger":"airflow.task.hooks.airflow.providers.standard.hooks.subprocess.SubprocessHook"}
{"timestamp":"2025-07-17T08:54:01.083619","level":"info","event":"  2200K .......... .......... .......... .......... .......... 22% 2.67M 0s","logger":"airflow.task.hooks.airflow.providers.standard.hooks.subprocess.SubprocessHook"}
{"timestamp":"2025-07-17T08:54:01.087486","level":"info","event":"  2250K .......... .......... .......... .......... .......... 22% 24.5M 0s","logger":"airflow.task.hooks.airflow.providers.standard.hooks.subprocess.SubprocessHook"}
{"timestamp":"2025-07-17T08:54:01.095792","level":"info","event":"  2300K .......... .......... .......... .......... .......... 23% 4.76M 0s","logger":"airflow.task.hooks.airflow.providers.standard.hooks.subprocess.SubprocessHook"}
{"timestamp":"2025-07-17T08:54:01.096005","level":"info","event":"  2350K .......... .......... .......... .......... .......... 23% 66.5M 0s","logger":"airflow.task.hooks.airflow.providers.standard.hooks.subprocess.SubprocessHook"}
{"timestamp":"2025-07-17T08:54:01.097151","level":"info","event":"  2400K .......... .......... .......... .......... .......... 24%  186M 0s","logger":"airflow.task.hooks.airflow.providers.standard.hooks.subprocess.SubprocessHook"}
{"timestamp":"2025-07-17T08:54:01.097230","level":"info","event":"  2450K .......... .......... .......... .......... .......... 24%  220M 0s","logger":"airflow.task.hooks.airflow.providers.standard.hooks.subprocess.SubprocessHook"}
{"timestamp":"2025-07-17T08:54:01.097273","level":"info","event":"  2500K .......... .......... .......... .......... .......... 25%  232M 0s","logger":"airflow.task.hooks.airflow.providers.standard.hooks.subprocess.SubprocessHook"}
{"timestamp":"2025-07-17T08:54:01.103394","level":"info","event":"  2550K .......... .......... .......... .......... .......... 25% 7.44M 0s","logger":"airflow.task.hooks.airflow.providers.standard.hooks.subprocess.SubprocessHook"}
{"timestamp":"2025-07-17T08:54:01.107816","level":"info","event":"  2600K .......... .......... .......... .......... .......... 26% 10.9M 0s","logger":"airflow.task.hooks.airflow.providers.standard.hooks.subprocess.SubprocessHook"}
{"timestamp":"2025-07-17T08:54:01.109508","level":"info","event":"  2650K .......... .......... .......... .......... .......... 26% 32.7M 0s","logger":"airflow.task.hooks.airflow.providers.standard.hooks.subprocess.SubprocessHook"}
{"timestamp":"2025-07-17T08:54:01.110864","level":"info","event":"  2700K .......... .......... .......... .......... .......... 27% 49.0M 0s","logger":"airflow.task.hooks.airflow.providers.standard.hooks.subprocess.SubprocessHook"}
{"timestamp":"2025-07-17T08:54:01.112281","level":"info","event":"  2750K .......... .......... .......... .......... .......... 27% 49.9M 0s","logger":"airflow.task.hooks.airflow.providers.standard.hooks.subprocess.SubprocessHook"}
{"timestamp":"2025-07-17T08:54:01.112603","level":"info","event":"  2800K .......... .......... .......... .......... .......... 28%  225M 0s","logger":"airflow.task.hooks.airflow.providers.standard.hooks.subprocess.SubprocessHook"}
{"timestamp":"2025-07-17T08:54:01.112678","level":"info","event":"  2850K .......... .......... .......... .......... .......... 28%  160M 0s","logger":"airflow.task.hooks.airflow.providers.standard.hooks.subprocess.SubprocessHook"}
{"timestamp":"2025-07-17T08:54:01.112750","level":"info","event":"  2900K .......... .......... .......... .......... .......... 29% 82.2M 0s","logger":"airflow.task.hooks.airflow.providers.standard.hooks.subprocess.SubprocessHook"}
{"timestamp":"2025-07-17T08:54:01.115348","level":"info","event":"  2950K .......... .......... .......... .......... .......... 29% 33.7M 0s","logger":"airflow.task.hooks.airflow.providers.standard.hooks.subprocess.SubprocessHook"}
{"timestamp":"2025-07-17T08:54:01.115488","level":"info","event":"  3000K .......... .......... .......... .......... .......... 30%  211M 0s","logger":"airflow.task.hooks.airflow.providers.standard.hooks.subprocess.SubprocessHook"}
{"timestamp":"2025-07-17T08:54:01.120714","level":"info","event":"  3050K .......... .......... .......... .......... .......... 30% 9.82M 0s","logger":"airflow.task.hooks.airflow.providers.standard.hooks.subprocess.SubprocessHook"}
{"timestamp":"2025-07-17T08:54:01.120856","level":"info","event":"  3100K .......... .......... .......... .......... .......... 31%  141M 0s","logger":"airflow.task.hooks.airflow.providers.standard.hooks.subprocess.SubprocessHook"}
{"timestamp":"2025-07-17T08:54:01.120904","level":"info","event":"  3150K .......... .......... .......... .......... .......... 31% 31.7M 0s","logger":"airflow.task.hooks.airflow.providers.standard.hooks.subprocess.SubprocessHook"}
{"timestamp":"2025-07-17T08:54:01.122378","level":"info","event":"  3200K .......... .......... .......... .......... .......... 32%  233M 0s","logger":"airflow.task.hooks.airflow.providers.standard.hooks.subprocess.SubprocessHook"}
{"timestamp":"2025-07-17T08:54:01.122490","level":"info","event":"  3250K .......... .......... .......... .......... .......... 32% 56.4M 0s","logger":"airflow.task.hooks.airflow.providers.standard.hooks.subprocess.SubprocessHook"}
{"timestamp":"2025-07-17T08:54:01.122537","level":"info","event":"  3300K .......... .......... .......... .......... .......... 33%  147M 0s","logger":"airflow.task.hooks.airflow.providers.standard.hooks.subprocess.SubprocessHook"}
{"timestamp":"2025-07-17T08:54:01.122668","level":"info","event":"  3350K .......... .......... .......... .......... .......... 33%  214M 0s","logger":"airflow.task.hooks.airflow.providers.standard.hooks.subprocess.SubprocessHook"}
{"timestamp":"2025-07-17T08:54:01.122745","level":"info","event":"  3400K .......... .......... .......... .......... .......... 34%  252M 0s","logger":"airflow.task.hooks.airflow.providers.standard.hooks.subprocess.SubprocessHook"}
{"timestamp":"2025-07-17T08:54:01.122791","level":"info","event":"  3450K .......... .......... .......... .......... .......... 34%  227M 0s","logger":"airflow.task.hooks.airflow.providers.standard.hooks.subprocess.SubprocessHook"}
{"timestamp":"2025-07-17T08:54:01.129132","level":"info","event":"  3500K .......... .......... .......... .......... .......... 35% 24.2M 0s","logger":"airflow.task.hooks.airflow.providers.standard.hooks.subprocess.SubprocessHook"}
{"timestamp":"2025-07-17T08:54:01.129295","level":"info","event":"  3550K .......... .......... .......... .......... .......... 35% 96.3M 0s","logger":"airflow.task.hooks.airflow.providers.standard.hooks.subprocess.SubprocessHook"}
{"timestamp":"2025-07-17T08:54:01.129333","level":"info","event":"  3600K .......... .......... .......... .......... .......... 36%  163M 0s","logger":"airflow.task.hooks.airflow.providers.standard.hooks.subprocess.SubprocessHook"}
{"timestamp":"2025-07-17T08:54:01.129354","level":"info","event":"  3650K .......... .......... .......... .......... .......... 36% 30.9M 0s","logger":"airflow.task.hooks.airflow.providers.standard.hooks.subprocess.SubprocessHook"}
{"timestamp":"2025-07-17T08:54:01.129374","level":"info","event":"  3700K .......... .......... .......... .......... .......... 37%  176M 0s","logger":"airflow.task.hooks.airflow.providers.standard.hooks.subprocess.SubprocessHook"}
{"timestamp":"2025-07-17T08:54:01.130107","level":"info","event":"  3750K .......... .......... .......... .......... .......... 37% 23.2M 0s","logger":"airflow.task.hooks.airflow.providers.standard.hooks.subprocess.SubprocessHook"}
{"timestamp":"2025-07-17T08:54:01.130154","level":"info","event":"  3800K .......... .......... .......... .......... .......... 37%  241M 0s","logger":"airflow.task.hooks.airflow.providers.standard.hooks.subprocess.SubprocessHook"}
{"timestamp":"2025-07-17T08:54:01.133191","level":"info","event":"  3850K .......... .......... .......... .......... .......... 38% 24.9M 0s","logger":"airflow.task.hooks.airflow.providers.standard.hooks.subprocess.SubprocessHook"}
{"timestamp":"2025-07-17T08:54:01.135334","level":"info","event":"  3900K .......... .......... .......... .......... .......... 38%  242M 0s","logger":"airflow.task.hooks.airflow.providers.standard.hooks.subprocess.SubprocessHook"}
{"timestamp":"2025-07-17T08:54:01.135467","level":"info","event":"  3950K .......... .......... .......... .......... .......... 39%  192M 0s","logger":"airflow.task.hooks.airflow.providers.standard.hooks.subprocess.SubprocessHook"}
{"timestamp":"2025-07-17T08:54:01.137074","level":"info","event":"  4000K .......... .......... .......... .......... .......... 39% 11.6M 0s","logger":"airflow.task.hooks.airflow.providers.standard.hooks.subprocess.SubprocessHook"}
{"timestamp":"2025-07-17T08:54:01.137167","level":"info","event":"  4050K .......... .......... .......... .......... .......... 40%  256M 0s","logger":"airflow.task.hooks.airflow.providers.standard.hooks.subprocess.SubprocessHook"}
{"timestamp":"2025-07-17T08:54:01.137214","level":"info","event":"  4100K .......... .......... .......... .......... .......... 40%  236M 0s","logger":"airflow.task.hooks.airflow.providers.standard.hooks.subprocess.SubprocessHook"}
{"timestamp":"2025-07-17T08:54:01.138510","level":"info","event":"  4150K .......... .......... .......... .......... .......... 41% 32.4M 0s","logger":"airflow.task.hooks.airflow.providers.standard.hooks.subprocess.SubprocessHook"}
{"timestamp":"2025-07-17T08:54:01.139248","level":"info","event":"  4200K .......... .......... .......... .......... .......... 41%  116M 0s","logger":"airflow.task.hooks.airflow.providers.standard.hooks.subprocess.SubprocessHook"}
{"timestamp":"2025-07-17T08:54:01.139429","level":"info","event":"  4250K .......... .......... .......... .......... .......... 42%  126M 0s","logger":"airflow.task.hooks.airflow.providers.standard.hooks.subprocess.SubprocessHook"}
{"timestamp":"2025-07-17T08:54:01.139564","level":"info","event":"  4300K .......... .......... .......... .......... .......... 42%  261M 0s","logger":"airflow.task.hooks.airflow.providers.standard.hooks.subprocess.SubprocessHook"}
{"timestamp":"2025-07-17T08:54:01.139703","level":"info","event":"  4350K .......... .......... .......... .......... .......... 43%  213M 0s","logger":"airflow.task.hooks.airflow.providers.standard.hooks.subprocess.SubprocessHook"}
{"timestamp":"2025-07-17T08:54:01.139828","level":"info","event":"  4400K .......... .......... .......... .......... .......... 43%  226M 0s","logger":"airflow.task.hooks.airflow.providers.standard.hooks.subprocess.SubprocessHook"}
{"timestamp":"2025-07-17T08:54:01.143368","level":"info","event":"  4450K .......... .......... .......... .......... .......... 44% 15.4M 0s","logger":"airflow.task.hooks.airflow.providers.standard.hooks.subprocess.SubprocessHook"}
{"timestamp":"2025-07-17T08:54:01.143481","level":"info","event":"  4500K .......... .......... .......... .......... .......... 44%  167M 0s","logger":"airflow.task.hooks.airflow.providers.standard.hooks.subprocess.SubprocessHook"}
{"timestamp":"2025-07-17T08:54:01.144145","level":"info","event":"  4550K .......... .......... .......... .......... .......... 45% 55.8M 0s","logger":"airflow.task.hooks.airflow.providers.standard.hooks.subprocess.SubprocessHook"}
{"timestamp":"2025-07-17T08:54:01.144628","level":"info","event":"  4600K .......... .......... .......... .......... .......... 45%  108M 0s","logger":"airflow.task.hooks.airflow.providers.standard.hooks.subprocess.SubprocessHook"}
{"timestamp":"2025-07-17T08:54:01.145685","level":"info","event":"  4650K .......... .......... .......... .......... .......... 46% 65.5M 0s","logger":"airflow.task.hooks.airflow.providers.standard.hooks.subprocess.SubprocessHook"}
{"timestamp":"2025-07-17T08:54:01.145924","level":"info","event":"  4700K .......... .......... .......... .......... .......... 46%  160M 0s","logger":"airflow.task.hooks.airflow.providers.standard.hooks.subprocess.SubprocessHook"}
{"timestamp":"2025-07-17T08:54:01.146089","level":"info","event":"  4750K .......... .......... .......... .......... .......... 47%  221M 0s","logger":"airflow.task.hooks.airflow.providers.standard.hooks.subprocess.SubprocessHook"}
{"timestamp":"2025-07-17T08:54:01.148650","level":"info","event":"  4800K .......... .......... .......... .......... .......... 47% 30.0M 0s","logger":"airflow.task.hooks.airflow.providers.standard.hooks.subprocess.SubprocessHook"}
{"timestamp":"2025-07-17T08:54:01.149010","level":"info","event":"  4850K .......... .......... .......... .......... .......... 48%  166M 0s","logger":"airflow.task.hooks.airflow.providers.standard.hooks.subprocess.SubprocessHook"}
{"timestamp":"2025-07-17T08:54:01.149224","level":"info","event":"  4900K .......... .......... .......... .......... .......... 48%  257M 0s","logger":"airflow.task.hooks.airflow.providers.standard.hooks.subprocess.SubprocessHook"}
{"timestamp":"2025-07-17T08:54:01.149294","level":"info","event":"  4950K .......... .......... .......... .......... .......... 49%  182M 0s","logger":"airflow.task.hooks.airflow.providers.standard.hooks.subprocess.SubprocessHook"}
{"timestamp":"2025-07-17T08:54:01.149326","level":"info","event":"  5000K .......... .......... .......... .......... .......... 49%  275M 0s","logger":"airflow.task.hooks.airflow.providers.standard.hooks.subprocess.SubprocessHook"}
{"timestamp":"2025-07-17T08:54:01.149352","level":"info","event":"  5050K .......... .......... .......... .......... .......... 50%  219M 0s","logger":"airflow.task.hooks.airflow.providers.standard.hooks.subprocess.SubprocessHook"}
{"timestamp":"2025-07-17T08:54:01.149373","level":"info","event":"  5100K .......... .......... .......... .......... .......... 50%  297M 0s","logger":"airflow.task.hooks.airflow.providers.standard.hooks.subprocess.SubprocessHook"}
{"timestamp":"2025-07-17T08:54:01.149892","level":"info","event":"  5150K .......... .......... .......... .......... .......... 51% 42.9M 0s","logger":"airflow.task.hooks.airflow.providers.standard.hooks.subprocess.SubprocessHook"}
{"timestamp":"2025-07-17T08:54:01.150198","level":"info","event":"  5200K .......... .......... .......... .......... .......... 51%  149M 0s","logger":"airflow.task.hooks.airflow.providers.standard.hooks.subprocess.SubprocessHook"}
{"timestamp":"2025-07-17T08:54:01.150786","level":"info","event":"  5250K .......... .......... .......... .......... .......... 52% 80.3M 0s","logger":"airflow.task.hooks.airflow.providers.standard.hooks.subprocess.SubprocessHook"}
{"timestamp":"2025-07-17T08:54:01.151062","level":"info","event":"  5300K .......... .......... .......... .......... .......... 52%  216M 0s","logger":"airflow.task.hooks.airflow.providers.standard.hooks.subprocess.SubprocessHook"}
{"timestamp":"2025-07-17T08:54:01.151191","level":"info","event":"  5350K .......... .......... .......... .......... .......... 53%  262M 0s","logger":"airflow.task.hooks.airflow.providers.standard.hooks.subprocess.SubprocessHook"}
{"timestamp":"2025-07-17T08:54:01.151607","level":"info","event":"  5400K .......... .......... .......... .......... .......... 53%  133M 0s","logger":"airflow.task.hooks.airflow.providers.standard.hooks.subprocess.SubprocessHook"}
{"timestamp":"2025-07-17T08:54:01.154376","level":"info","event":"  5450K .......... .......... .......... .......... .......... 54% 30.7M 0s","logger":"airflow.task.hooks.airflow.providers.standard.hooks.subprocess.SubprocessHook"}
{"timestamp":"2025-07-17T08:54:01.154466","level":"info","event":"  5500K .......... .......... .......... .......... .......... 54%  118M 0s","logger":"airflow.task.hooks.airflow.providers.standard.hooks.subprocess.SubprocessHook"}
{"timestamp":"2025-07-17T08:54:01.154525","level":"info","event":"  5550K .......... .......... .......... .......... .......... 55%  133M 0s","logger":"airflow.task.hooks.airflow.providers.standard.hooks.subprocess.SubprocessHook"}
{"timestamp":"2025-07-17T08:54:01.157083","level":"info","event":"  5600K .......... .......... .......... .......... .......... 55% 41.8M 0s","logger":"airflow.task.hooks.airflow.providers.standard.hooks.subprocess.SubprocessHook"}
{"timestamp":"2025-07-17T08:54:01.158625","level":"info","event":"  5650K .......... .......... .......... .......... .......... 56% 21.1M 0s","logger":"airflow.task.hooks.airflow.providers.standard.hooks.subprocess.SubprocessHook"}
{"timestamp":"2025-07-17T08:54:01.159140","level":"info","event":"  5700K .......... .......... .......... .......... .......... 56% 33.9M 0s","logger":"airflow.task.hooks.airflow.providers.standard.hooks.subprocess.SubprocessHook"}
{"timestamp":"2025-07-17T08:54:01.160287","level":"info","event":"  5750K .......... .......... .......... .......... .......... 57%  110M 0s","logger":"airflow.task.hooks.airflow.providers.standard.hooks.subprocess.SubprocessHook"}
{"timestamp":"2025-07-17T08:54:01.171500","level":"info","event":"  5800K .......... .......... .......... .......... .......... 57% 4.33M 0s","logger":"airflow.task.hooks.airflow.providers.standard.hooks.subprocess.SubprocessHook"}
{"timestamp":"2025-07-17T08:54:01.174343","level":"info","event":"  5850K .......... .......... .......... .......... .......... 58% 20.7M 0s","logger":"airflow.task.hooks.airflow.providers.standard.hooks.subprocess.SubprocessHook"}
{"timestamp":"2025-07-17T08:54:01.174434","level":"info","event":"  5900K .......... .......... .......... .......... .......... 58%  207M 0s","logger":"airflow.task.hooks.airflow.providers.standard.hooks.subprocess.SubprocessHook"}
{"timestamp":"2025-07-17T08:54:01.174612","level":"info","event":"  5950K .......... .......... .......... .......... .......... 59%  116M 0s","logger":"airflow.task.hooks.airflow.providers.standard.hooks.subprocess.SubprocessHook"}
{"timestamp":"2025-07-17T08:54:01.174653","level":"info","event":"  6000K .......... .......... .......... .......... .......... 59%  144M 0s","logger":"airflow.task.hooks.airflow.providers.standard.hooks.subprocess.SubprocessHook"}
{"timestamp":"2025-07-17T08:54:01.174692","level":"info","event":"  6050K .......... .......... .......... .......... .......... 60%  163M 0s","logger":"airflow.task.hooks.airflow.providers.standard.hooks.subprocess.SubprocessHook"}
{"timestamp":"2025-07-17T08:54:01.174749","level":"info","event":"  6100K .......... .......... .......... .......... .......... 60%  155M 0s","logger":"airflow.task.hooks.airflow.providers.standard.hooks.subprocess.SubprocessHook"}
{"timestamp":"2025-07-17T08:54:01.176414","level":"info","event":"  6150K .......... .......... .......... .......... .......... 61%  224M 0s","logger":"airflow.task.hooks.airflow.providers.standard.hooks.subprocess.SubprocessHook"}
{"timestamp":"2025-07-17T08:54:01.176461","level":"info","event":"  6200K .......... .......... .......... .......... .......... 61% 73.6M 0s","logger":"airflow.task.hooks.airflow.providers.standard.hooks.subprocess.SubprocessHook"}
{"timestamp":"2025-07-17T08:54:01.176490","level":"info","event":"  6250K .......... .......... .......... .......... .......... 62%  202M 0s","logger":"airflow.task.hooks.airflow.providers.standard.hooks.subprocess.SubprocessHook"}
{"timestamp":"2025-07-17T08:54:01.176539","level":"info","event":"  6300K .......... .......... .......... .......... .......... 62%  173M 0s","logger":"airflow.task.hooks.airflow.providers.standard.hooks.subprocess.SubprocessHook"}
{"timestamp":"2025-07-17T08:54:01.177736","level":"info","event":"  6350K .......... .......... .......... .......... .......... 63% 34.1M 0s","logger":"airflow.task.hooks.airflow.providers.standard.hooks.subprocess.SubprocessHook"}
{"timestamp":"2025-07-17T08:54:01.177806","level":"info","event":"  6400K .......... .......... .......... .......... .......... 63%  186M 0s","logger":"airflow.task.hooks.airflow.providers.standard.hooks.subprocess.SubprocessHook"}
{"timestamp":"2025-07-17T08:54:01.180426","level":"info","event":"  6450K .......... .......... .......... .......... .......... 64% 37.3M 0s","logger":"airflow.task.hooks.airflow.providers.standard.hooks.subprocess.SubprocessHook"}
{"timestamp":"2025-07-17T08:54:01.180517","level":"info","event":"  6500K .......... .......... .......... .......... .......... 64%  201M 0s","logger":"airflow.task.hooks.airflow.providers.standard.hooks.subprocess.SubprocessHook"}
{"timestamp":"2025-07-17T08:54:01.180561","level":"info","event":"  6550K .......... .......... .......... .......... .......... 65%  221M 0s","logger":"airflow.task.hooks.airflow.providers.standard.hooks.subprocess.SubprocessHook"}
{"timestamp":"2025-07-17T08:54:01.180594","level":"info","event":"  6600K .......... .......... .......... .......... .......... 65%  143M 0s","logger":"airflow.task.hooks.airflow.providers.standard.hooks.subprocess.SubprocessHook"}
{"timestamp":"2025-07-17T08:54:01.188139","level":"info","event":"  6650K .......... .......... .......... .......... .......... 66% 7.56M 0s","logger":"airflow.task.hooks.airflow.providers.standard.hooks.subprocess.SubprocessHook"}
{"timestamp":"2025-07-17T08:54:01.189578","level":"info","event":"  6700K .......... .......... .......... .......... .......... 66%  235M 0s","logger":"airflow.task.hooks.airflow.providers.standard.hooks.subprocess.SubprocessHook"}
{"timestamp":"2025-07-17T08:54:01.189656","level":"info","event":"  6750K .......... .......... .......... .......... .......... 67%  203M 0s","logger":"airflow.task.hooks.airflow.providers.standard.hooks.subprocess.SubprocessHook"}
{"timestamp":"2025-07-17T08:54:01.189717","level":"info","event":"  6800K .......... .......... .......... .......... .......... 67%  259M 0s","logger":"airflow.task.hooks.airflow.providers.standard.hooks.subprocess.SubprocessHook"}
{"timestamp":"2025-07-17T08:54:01.189757","level":"info","event":"  6850K .......... .......... .......... .......... .......... 68%  254M 0s","logger":"airflow.task.hooks.airflow.providers.standard.hooks.subprocess.SubprocessHook"}
{"timestamp":"2025-07-17T08:54:01.199285","level":"info","event":"  6900K .......... .......... .......... .......... .......... 68% 11.7M 0s","logger":"airflow.task.hooks.airflow.providers.standard.hooks.subprocess.SubprocessHook"}
{"timestamp":"2025-07-17T08:54:01.199383","level":"info","event":"  6950K .......... .......... .......... .......... .......... 69%  128M 0s","logger":"airflow.task.hooks.airflow.providers.standard.hooks.subprocess.SubprocessHook"}
{"timestamp":"2025-07-17T08:54:01.201569","level":"info","event":"  7000K .......... .......... .......... .......... .......... 69%  114M 0s","logger":"airflow.task.hooks.airflow.providers.standard.hooks.subprocess.SubprocessHook"}
{"timestamp":"2025-07-17T08:54:01.207429","level":"info","event":"  7050K .......... .......... .......... .......... .......... 70% 7.84M 0s","logger":"airflow.task.hooks.airflow.providers.standard.hooks.subprocess.SubprocessHook"}
{"timestamp":"2025-07-17T08:54:01.207515","level":"info","event":"  7100K .......... .......... .......... .......... .......... 70%  226M 0s","logger":"airflow.task.hooks.airflow.providers.standard.hooks.subprocess.SubprocessHook"}
{"timestamp":"2025-07-17T08:54:01.207543","level":"info","event":"  7150K .......... .......... .......... .......... .......... 71%  189M 0s","logger":"airflow.task.hooks.airflow.providers.standard.hooks.subprocess.SubprocessHook"}
{"timestamp":"2025-07-17T08:54:01.207564","level":"info","event":"  7200K .......... .......... .......... .......... .......... 71%  220M 0s","logger":"airflow.task.hooks.airflow.providers.standard.hooks.subprocess.SubprocessHook"}
{"timestamp":"2025-07-17T08:54:01.208177","level":"info","event":"  7250K .......... .......... .......... .......... .......... 72% 6.95M 0s","logger":"airflow.task.hooks.airflow.providers.standard.hooks.subprocess.SubprocessHook"}
{"timestamp":"2025-07-17T08:54:01.208300","level":"info","event":"  7300K .......... .......... .......... .......... .......... 72%  173M 0s","logger":"airflow.task.hooks.airflow.providers.standard.hooks.subprocess.SubprocessHook"}
{"timestamp":"2025-07-17T08:54:01.208372","level":"info","event":"  7350K .......... .......... .......... .......... .......... 73%  150M 0s","logger":"airflow.task.hooks.airflow.providers.standard.hooks.subprocess.SubprocessHook"}
{"timestamp":"2025-07-17T08:54:01.208402","level":"info","event":"  7400K .......... .......... .......... .......... .......... 73%  216M 0s","logger":"airflow.task.hooks.airflow.providers.standard.hooks.subprocess.SubprocessHook"}
{"timestamp":"2025-07-17T08:54:01.208470","level":"info","event":"  7450K .......... .......... .......... .......... .......... 74%  241M 0s","logger":"airflow.task.hooks.airflow.providers.standard.hooks.subprocess.SubprocessHook"}
{"timestamp":"2025-07-17T08:54:01.208520","level":"info","event":"  7500K .......... .......... .......... .......... .......... 74%  104M 0s","logger":"airflow.task.hooks.airflow.providers.standard.hooks.subprocess.SubprocessHook"}
{"timestamp":"2025-07-17T08:54:01.208564","level":"info","event":"  7550K .......... .......... .......... .......... .......... 75%  175M 0s","logger":"airflow.task.hooks.airflow.providers.standard.hooks.subprocess.SubprocessHook"}
{"timestamp":"2025-07-17T08:54:01.208629","level":"info","event":"  7600K .......... .......... .......... .......... .......... 75%  207M 0s","logger":"airflow.task.hooks.airflow.providers.standard.hooks.subprocess.SubprocessHook"}
{"timestamp":"2025-07-17T08:54:01.208666","level":"info","event":"  7650K .......... .......... .......... .......... .......... 75%  181M 0s","logger":"airflow.task.hooks.airflow.providers.standard.hooks.subprocess.SubprocessHook"}
{"timestamp":"2025-07-17T08:54:01.208716","level":"info","event":"  7700K .......... .......... .......... .......... .......... 76%  174M 0s","logger":"airflow.task.hooks.airflow.providers.standard.hooks.subprocess.SubprocessHook"}
{"timestamp":"2025-07-17T08:54:01.212283","level":"info","event":"  7750K .......... .......... .......... .......... .......... 76%  205M 0s","logger":"airflow.task.hooks.airflow.providers.standard.hooks.subprocess.SubprocessHook"}
{"timestamp":"2025-07-17T08:54:01.212370","level":"info","event":"  7800K .......... .......... .......... .......... .......... 77% 42.3M 0s","logger":"airflow.task.hooks.airflow.providers.standard.hooks.subprocess.SubprocessHook"}
{"timestamp":"2025-07-17T08:54:01.212397","level":"info","event":"  7850K .......... .......... .......... .......... .......... 77% 57.8M 0s","logger":"airflow.task.hooks.airflow.providers.standard.hooks.subprocess.SubprocessHook"}
{"timestamp":"2025-07-17T08:54:01.213166","level":"info","event":"  7900K .......... .......... .......... .......... .......... 78% 24.1M 0s","logger":"airflow.task.hooks.airflow.providers.standard.hooks.subprocess.SubprocessHook"}
{"timestamp":"2025-07-17T08:54:01.213634","level":"info","event":"  7950K .......... .......... .......... .......... .......... 78% 89.6M 0s","logger":"airflow.task.hooks.airflow.providers.standard.hooks.subprocess.SubprocessHook"}
{"timestamp":"2025-07-17T08:54:01.213909","level":"info","event":"  8000K .......... .......... .......... .......... .......... 79%  130M 0s","logger":"airflow.task.hooks.airflow.providers.standard.hooks.subprocess.SubprocessHook"}
{"timestamp":"2025-07-17T08:54:01.214332","level":"info","event":"  8050K .......... .......... .......... .......... .......... 79%  158M 0s","logger":"airflow.task.hooks.airflow.providers.standard.hooks.subprocess.SubprocessHook"}
{"timestamp":"2025-07-17T08:54:01.214659","level":"info","event":"  8100K .......... .......... .......... .......... .......... 80% 86.6M 0s","logger":"airflow.task.hooks.airflow.providers.standard.hooks.subprocess.SubprocessHook"}
{"timestamp":"2025-07-17T08:54:01.215289","level":"info","event":"  8150K .......... .......... .......... .......... .......... 80%  158M 0s","logger":"airflow.task.hooks.airflow.providers.standard.hooks.subprocess.SubprocessHook"}
{"timestamp":"2025-07-17T08:54:01.215412","level":"info","event":"  8200K .......... .......... .......... .......... .......... 81%  165M 0s","logger":"airflow.task.hooks.airflow.providers.standard.hooks.subprocess.SubprocessHook"}
{"timestamp":"2025-07-17T08:54:01.216289","level":"info","event":"  8250K .......... .......... .......... .......... .......... 81% 60.4M 0s","logger":"airflow.task.hooks.airflow.providers.standard.hooks.subprocess.SubprocessHook"}
{"timestamp":"2025-07-17T08:54:01.216416","level":"info","event":"  8300K .......... .......... .......... .......... .......... 82%  131M 0s","logger":"airflow.task.hooks.airflow.providers.standard.hooks.subprocess.SubprocessHook"}
{"timestamp":"2025-07-17T08:54:01.216758","level":"info","event":"  8350K .......... .......... .......... .......... .......... 82%  167M 0s","logger":"airflow.task.hooks.airflow.providers.standard.hooks.subprocess.SubprocessHook"}
{"timestamp":"2025-07-17T08:54:01.217228","level":"info","event":"  8400K .......... .......... .......... .......... .......... 83%  234M 0s","logger":"airflow.task.hooks.airflow.providers.standard.hooks.subprocess.SubprocessHook"}
{"timestamp":"2025-07-17T08:54:01.217266","level":"info","event":"  8450K .......... .......... .......... .......... .......... 83%  237M 0s","logger":"airflow.task.hooks.airflow.providers.standard.hooks.subprocess.SubprocessHook"}
{"timestamp":"2025-07-17T08:54:01.220913","level":"info","event":"  8500K .......... .......... .......... .......... .......... 84% 13.3M 0s","logger":"airflow.task.hooks.airflow.providers.standard.hooks.subprocess.SubprocessHook"}
{"timestamp":"2025-07-17T08:54:01.221361","level":"info","event":"  8550K .......... .......... .......... .......... .......... 84%  104M 0s","logger":"airflow.task.hooks.airflow.providers.standard.hooks.subprocess.SubprocessHook"}
{"timestamp":"2025-07-17T08:54:01.221872","level":"info","event":"  8600K .......... .......... .......... .......... .......... 85%  103M 0s","logger":"airflow.task.hooks.airflow.providers.standard.hooks.subprocess.SubprocessHook"}
{"timestamp":"2025-07-17T08:54:01.233410","level":"info","event":"  8650K .......... .......... .......... .......... .......... 85% 4.25M 0s","logger":"airflow.task.hooks.airflow.providers.standard.hooks.subprocess.SubprocessHook"}
{"timestamp":"2025-07-17T08:54:01.233886","level":"info","event":"  8700K .......... .......... .......... .......... .......... 86% 76.0M 0s","logger":"airflow.task.hooks.airflow.providers.standard.hooks.subprocess.SubprocessHook"}
{"timestamp":"2025-07-17T08:54:01.235481","level":"info","event":"  8750K .......... .......... .......... .......... .......... 86% 35.9M 0s","logger":"airflow.task.hooks.airflow.providers.standard.hooks.subprocess.SubprocessHook"}
{"timestamp":"2025-07-17T08:54:01.236311","level":"info","event":"  8800K .......... .......... .......... .......... .......... 87% 52.7M 0s","logger":"airflow.task.hooks.airflow.providers.standard.hooks.subprocess.SubprocessHook"}
{"timestamp":"2025-07-17T08:54:01.238420","level":"info","event":"  8850K .......... .......... .......... .......... .......... 87% 25.0M 0s","logger":"airflow.task.hooks.airflow.providers.standard.hooks.subprocess.SubprocessHook"}
{"timestamp":"2025-07-17T08:54:01.247327","level":"info","event":"  8900K .......... .......... .......... .......... .......... 88% 5.35M 0s","logger":"airflow.task.hooks.airflow.providers.standard.hooks.subprocess.SubprocessHook"}
{"timestamp":"2025-07-17T08:54:01.248234","level":"info","event":"  8950K .......... .......... .......... .......... .......... 88% 56.3M 0s","logger":"airflow.task.hooks.airflow.providers.standard.hooks.subprocess.SubprocessHook"}
{"timestamp":"2025-07-17T08:54:01.248820","level":"info","event":"  9000K .......... .......... .......... .......... .......... 89% 67.7M 0s","logger":"airflow.task.hooks.airflow.providers.standard.hooks.subprocess.SubprocessHook"}
{"timestamp":"2025-07-17T08:54:01.250350","level":"info","event":"  9050K .......... .......... .......... .......... .......... 89% 33.3M 0s","logger":"airflow.task.hooks.airflow.providers.standard.hooks.subprocess.SubprocessHook"}
{"timestamp":"2025-07-17T08:54:01.252272","level":"info","event":"  9100K .......... .......... .......... .......... .......... 90% 27.4M 0s","logger":"airflow.task.hooks.airflow.providers.standard.hooks.subprocess.SubprocessHook"}
{"timestamp":"2025-07-17T08:54:01.271530","level":"info","event":"  9150K .......... .......... .......... .......... .......... 90% 2.71M 0s","logger":"airflow.task.hooks.airflow.providers.standard.hooks.subprocess.SubprocessHook"}
{"timestamp":"2025-07-17T08:54:01.271831","level":"info","event":"  9200K .......... .......... .......... .......... .......... 91% 97.8M 0s","logger":"airflow.task.hooks.airflow.providers.standard.hooks.subprocess.SubprocessHook"}
{"timestamp":"2025-07-17T08:54:01.276227","level":"info","event":"  9250K .......... .......... .......... .......... .......... 91% 13.4M 0s","logger":"airflow.task.hooks.airflow.providers.standard.hooks.subprocess.SubprocessHook"}
{"timestamp":"2025-07-17T08:54:01.276321","level":"info","event":"  9300K .......... .......... .......... .......... .......... 92% 68.3M 0s","logger":"airflow.task.hooks.airflow.providers.standard.hooks.subprocess.SubprocessHook"}
{"timestamp":"2025-07-17T08:54:01.276358","level":"info","event":"  9350K .......... .......... .......... .......... .......... 92% 43.7M 0s","logger":"airflow.task.hooks.airflow.providers.standard.hooks.subprocess.SubprocessHook"}
{"timestamp":"2025-07-17T08:54:01.281974","level":"info","event":"  9400K .......... .......... .......... .......... .......... 93% 8.62M 0s","logger":"airflow.task.hooks.airflow.providers.standard.hooks.subprocess.SubprocessHook"}
{"timestamp":"2025-07-17T08:54:01.282764","level":"info","event":"  9450K .......... .......... .......... .......... .......... 93% 49.6M 0s","logger":"airflow.task.hooks.airflow.providers.standard.hooks.subprocess.SubprocessHook"}
{"timestamp":"2025-07-17T08:54:01.283502","level":"info","event":"  9500K .......... .......... .......... .......... .......... 94% 66.4M 0s","logger":"airflow.task.hooks.airflow.providers.standard.hooks.subprocess.SubprocessHook"}
{"timestamp":"2025-07-17T08:54:01.284744","level":"info","event":"  9550K .......... .......... .......... .......... .......... 94% 39.5M 0s","logger":"airflow.task.hooks.airflow.providers.standard.hooks.subprocess.SubprocessHook"}
{"timestamp":"2025-07-17T08:54:01.285865","level":"info","event":"  9600K .......... .......... .......... .......... .......... 95% 53.7M 0s","logger":"airflow.task.hooks.airflow.providers.standard.hooks.subprocess.SubprocessHook"}
{"timestamp":"2025-07-17T08:54:01.298747","level":"info","event":"  9650K .......... .......... .......... .......... .......... 95% 3.75M 0s","logger":"airflow.task.hooks.airflow.providers.standard.hooks.subprocess.SubprocessHook"}
{"timestamp":"2025-07-17T08:54:01.298844","level":"info","event":"  9700K .......... .......... .......... .......... .......... 96%  260M 0s","logger":"airflow.task.hooks.airflow.providers.standard.hooks.subprocess.SubprocessHook"}
{"timestamp":"2025-07-17T08:54:01.300450","level":"info","event":"  9750K .......... .......... .......... .......... .......... 96% 33.2M 0s","logger":"airflow.task.hooks.airflow.providers.standard.hooks.subprocess.SubprocessHook"}
{"timestamp":"2025-07-17T08:54:01.301281","level":"info","event":"  9800K .......... .......... .......... .......... .......... 97% 57.1M 0s","logger":"airflow.task.hooks.airflow.providers.standard.hooks.subprocess.SubprocessHook"}
{"timestamp":"2025-07-17T08:54:01.302238","level":"info","event":"  9850K .......... .......... .......... .......... .......... 97% 46.5M 0s","logger":"airflow.task.hooks.airflow.providers.standard.hooks.subprocess.SubprocessHook"}
{"timestamp":"2025-07-17T08:54:01.309730","level":"info","event":"  9900K .......... .......... .......... .......... .......... 98% 6.70M 0s","logger":"airflow.task.hooks.airflow.providers.standard.hooks.subprocess.SubprocessHook"}
{"timestamp":"2025-07-17T08:54:01.309888","level":"info","event":"  9950K .......... .......... .......... .......... .......... 98%  182M 0s","logger":"airflow.task.hooks.airflow.providers.standard.hooks.subprocess.SubprocessHook"}
{"timestamp":"2025-07-17T08:54:01.310758","level":"info","event":" 10000K .......... .......... .......... .......... .......... 99% 48.3M 0s","logger":"airflow.task.hooks.airflow.providers.standard.hooks.subprocess.SubprocessHook"}
{"timestamp":"2025-07-17T08:54:01.311636","level":"info","event":" 10050K .......... .......... .......... .......... .......... 99% 59.7M 0s","logger":"airflow.task.hooks.airflow.providers.standard.hooks.subprocess.SubprocessHook"}
{"timestamp":"2025-07-17T08:54:01.312338","level":"info","event":" 10100K .......... .......... .......... ..                   100% 43.1M=0.3s","logger":"airflow.task.hooks.airflow.providers.standard.hooks.subprocess.SubprocessHook"}
{"timestamp":"2025-07-17T08:54:01.312410","level":"info","event":"","logger":"airflow.task.hooks.airflow.providers.standard.hooks.subprocess.SubprocessHook"}
{"timestamp":"2025-07-17T08:54:01.312467","level":"info","event":"2025-07-17 08:54:01 (30.0 MB/s) - ‘/opt/airflow/green_tripdata_2019-02.csv’ saved [10376032/10376032]","logger":"airflow.task.hooks.airflow.providers.standard.hooks.subprocess.SubprocessHook"}
{"timestamp":"2025-07-17T08:54:01.312629","level":"info","event":"","logger":"airflow.task.hooks.airflow.providers.standard.hooks.subprocess.SubprocessHook"}
{"timestamp":"2025-07-17T08:54:01.319927","level":"info","event":"Command exited with return code 0","logger":"airflow.task.hooks.airflow.providers.standard.hooks.subprocess.SubprocessHook"}
{"timestamp":"2025-07-17T08:54:01.333977","level":"info","event":"Pushing xcom","ti":"RuntimeTaskInstance(id=UUID('01981797-0bcd-7c2d-b44f-d2ff8f7e9445'), task_id='download_dataset_task', dag_id='upload_gcs_greentrips', run_id='scheduled__2019-02-02T06:00:00+00:00', try_number=1, map_index=-1, hostname='8c16a644909e', context_carrier={}, task=<Task(BashOperator): download_dataset_task>, bundle_instance=LocalDagBundle(name=dags-folder), max_tries=0, start_date=datetime.datetime(2025, 7, 17, 8, 53, 52, 258560, tzinfo=TzInfo(UTC)), end_date=None, state=<TaskInstanceState.RUNNING: 'running'>, is_mapped=False, rendered_map_index=None)","logger":"task"}
{"timestamp":"2025-07-17T17:10:24.251689","level":"info","event":"DAG bundles loaded: dags-folder","logger":"airflow.dag_processing.bundles.manager.DagBundlesManager"}
{"timestamp":"2025-07-17T17:10:24.253471","level":"info","event":"Filling up the DagBag from /opt/airflow/dags/data_ingestion_gcs_dag.py","logger":"airflow.models.dagbag.DagBag"}
{"timestamp":"2025-07-17T17:10:26.359406","level":"info","event":"Tmp dir root location: /tmp","logger":"airflow.task.hooks.airflow.providers.standard.hooks.subprocess.SubprocessHook"}
{"timestamp":"2025-07-17T17:10:26.365578","level":"info","event":"Running command: ['/usr/bin/bash', '-c', 'echo https://github.com/DataTalksClub/nyc-tlc-data/releases/download/green/green_tripdata_2019-02.csv.gz && wget --no-verbose https://github.com/DataTalksClub/nyc-tlc-data/releases/download/green/green_tripdata_2019-02.csv.gz -O /opt/airflow/green_tripdata_2019-02.csv.gz && gunzip -f /opt/airflow/green_tripdata_2019-02.csv.gz']","logger":"airflow.task.hooks.airflow.providers.standard.hooks.subprocess.SubprocessHook"}
{"timestamp":"2025-07-17T17:10:26.399795","level":"info","event":"Output:","logger":"airflow.task.hooks.airflow.providers.standard.hooks.subprocess.SubprocessHook"}
{"timestamp":"2025-07-17T17:10:26.406778","level":"info","event":"https://github.com/DataTalksClub/nyc-tlc-data/releases/download/green/green_tripdata_2019-02.csv.gz","logger":"airflow.task.hooks.airflow.providers.standard.hooks.subprocess.SubprocessHook"}
{"timestamp":"2025-07-17T17:10:27.383164","level":"info","event":"2025-07-17 17:10:27 URL:https://release-assets.githubusercontent.com/github-production-release-asset/513814948/9df56885-3ad8-4453-966a-ce5ccf8749a2?sp=r&sv=2018-11-09&sr=b&spr=https&se=2025-07-17T17%3A45%3A33Z&rscd=attachment%3B+filename%3Dgreen_tripdata_2019-02.csv.gz&rsct=application%2Foctet-stream&skoid=96c2d410-5711-43a1-aedd-ab1947aa7ab0&sktid=398a6654-997b-47e9-b12b-9515b896b4de&skt=2025-07-17T16%3A44%3A36Z&ske=2025-07-17T17%3A45%3A33Z&sks=b&skv=2018-11-09&sig=psndDBp4Tr4utJPIBZOkEXc%2FbUdErcRUX7jrcFI%2Beag%3D&jwt=eyJ******&response-content-disposition=attachment%3B%20filename%3Dgreen_tripdata_2019-02.csv.gz&response-content-type=application%2Foctet-stream [10376032/10376032] -> \"/opt/airflow/green_tripdata_2019-02.csv.gz\" [1]","logger":"airflow.task.hooks.airflow.providers.standard.hooks.subprocess.SubprocessHook"}
{"timestamp":"2025-07-17T17:10:28.052100","level":"info","event":"Command exited with return code 0","logger":"airflow.task.hooks.airflow.providers.standard.hooks.subprocess.SubprocessHook"}
{"timestamp":"2025-07-17T17:10:28.055391","level":"info","event":"Pushing xcom","ti":"RuntimeTaskInstance(id=UUID('0198195d-a135-79a0-8311-57c91bea2458'), task_id='download_dataset_task', dag_id='upload_gcs_greentrips', run_id='scheduled__2019-02-02T06:00:00+00:00', try_number=1, map_index=-1, hostname='8c16a644909e', context_carrier={}, task=<Task(BashOperator): download_dataset_task>, bundle_instance=LocalDagBundle(name=dags-folder), max_tries=0, start_date=datetime.datetime(2025, 7, 17, 17, 10, 23, 784025, tzinfo=TzInfo(UTC)), end_date=None, state=<TaskInstanceState.RUNNING: 'running'>, is_mapped=False, rendered_map_index=None)","logger":"task"}
{"timestamp":"2025-07-17T17:16:53.661825","level":"info","event":"DAG bundles loaded: dags-folder","logger":"airflow.dag_processing.bundles.manager.DagBundlesManager"}
{"timestamp":"2025-07-17T17:16:53.664242","level":"info","event":"Filling up the DagBag from /opt/airflow/dags/data_ingestion_gcs_dag.py","logger":"airflow.models.dagbag.DagBag"}
{"timestamp":"2025-07-17T17:16:55.198059","level":"info","event":"Tmp dir root location: /tmp","logger":"airflow.task.hooks.airflow.providers.standard.hooks.subprocess.SubprocessHook"}
{"timestamp":"2025-07-17T17:16:55.200617","level":"info","event":"Running command: ['/usr/bin/bash', '-c', 'echo https://github.com/DataTalksClub/nyc-tlc-data/releases/download/green/green_tripdata_2019-02.csv.gz && wget --no-verbose https://github.com/DataTalksClub/nyc-tlc-data/releases/download/green/green_tripdata_2019-02.csv.gz -O /opt/airflow/green_tripdata_2019-02.csv.gz && gunzip -f /opt/airflow/green_tripdata_2019-02.csv.gz']","logger":"airflow.task.hooks.airflow.providers.standard.hooks.subprocess.SubprocessHook"}
{"timestamp":"2025-07-17T17:16:55.245571","level":"info","event":"Output:","logger":"airflow.task.hooks.airflow.providers.standard.hooks.subprocess.SubprocessHook"}
{"timestamp":"2025-07-17T17:16:55.250192","level":"info","event":"https://github.com/DataTalksClub/nyc-tlc-data/releases/download/green/green_tripdata_2019-02.csv.gz","logger":"airflow.task.hooks.airflow.providers.standard.hooks.subprocess.SubprocessHook"}
{"timestamp":"2025-07-17T17:16:56.242721","level":"info","event":"2025-07-17 17:16:56 URL:https://release-assets.githubusercontent.com/github-production-release-asset/513814948/9df56885-3ad8-4453-966a-ce5ccf8749a2?sp=r&sv=2018-11-09&sr=b&spr=https&se=2025-07-17T18%3A13%3A29Z&rscd=attachment%3B+filename%3Dgreen_tripdata_2019-02.csv.gz&rsct=application%2Foctet-stream&skoid=96c2d410-5711-43a1-aedd-ab1947aa7ab0&sktid=398a6654-997b-47e9-b12b-9515b896b4de&skt=2025-07-17T17%3A12%3A36Z&ske=2025-07-17T18%3A13%3A29Z&sks=b&skv=2018-11-09&sig=Z8Ckisz82rZb%2BFWovv1CAxOUavBEvvSTbplpsVHMn74%3D&jwt=eyJ******&response-content-disposition=attachment%3B%20filename%3Dgreen_tripdata_2019-02.csv.gz&response-content-type=application%2Foctet-stream [10376032/10376032] -> \"/opt/airflow/green_tripdata_2019-02.csv.gz\" [1]","logger":"airflow.task.hooks.airflow.providers.standard.hooks.subprocess.SubprocessHook"}
{"timestamp":"2025-07-17T17:16:56.607557","level":"info","event":"Command exited with return code 0","logger":"airflow.task.hooks.airflow.providers.standard.hooks.subprocess.SubprocessHook"}
{"timestamp":"2025-07-17T17:16:56.612426","level":"info","event":"Pushing xcom","ti":"RuntimeTaskInstance(id=UUID('01981963-9373-7aa1-8d4c-77a4f5eb0282'), task_id='download_dataset_task', dag_id='upload_gcs_greentrips', run_id='scheduled__2019-02-02T06:00:00+00:00', try_number=1, map_index=-1, hostname='8c16a644909e', context_carrier={}, task=<Task(BashOperator): download_dataset_task>, bundle_instance=LocalDagBundle(name=dags-folder), max_tries=0, start_date=datetime.datetime(2025, 7, 17, 17, 16, 53, 182969, tzinfo=TzInfo(UTC)), end_date=None, state=<TaskInstanceState.RUNNING: 'running'>, is_mapped=False, rendered_map_index=None)","logger":"task"}
{"timestamp":"2025-07-17T17:19:45.039848","level":"info","event":"DAG bundles loaded: dags-folder","logger":"airflow.dag_processing.bundles.manager.DagBundlesManager"}
{"timestamp":"2025-07-17T17:19:45.042425","level":"info","event":"Filling up the DagBag from /opt/airflow/dags/data_ingestion_gcs_dag.py","logger":"airflow.models.dagbag.DagBag"}
{"timestamp":"2025-07-17T17:19:47.297391","level":"info","event":"Tmp dir root location: /tmp","logger":"airflow.task.hooks.airflow.providers.standard.hooks.subprocess.SubprocessHook"}
{"timestamp":"2025-07-17T17:19:47.303532","level":"info","event":"Running command: ['/usr/bin/bash', '-c', 'echo https://github.com/DataTalksClub/nyc-tlc-data/releases/download/green/green_tripdata_2019-02.csv.gz && wget --no-verbose https://github.com/DataTalksClub/nyc-tlc-data/releases/download/green/green_tripdata_2019-02.csv.gz -O /opt/airflow/green_tripdata_2019-02.csv.gz && gunzip -f /opt/airflow/green_tripdata_2019-02.csv.gz']","logger":"airflow.task.hooks.airflow.providers.standard.hooks.subprocess.SubprocessHook"}
{"timestamp":"2025-07-17T17:19:47.342703","level":"info","event":"Output:","logger":"airflow.task.hooks.airflow.providers.standard.hooks.subprocess.SubprocessHook"}
{"timestamp":"2025-07-17T17:19:47.343518","level":"info","event":"https://github.com/DataTalksClub/nyc-tlc-data/releases/download/green/green_tripdata_2019-02.csv.gz","logger":"airflow.task.hooks.airflow.providers.standard.hooks.subprocess.SubprocessHook"}
{"timestamp":"2025-07-17T17:19:48.499471","level":"info","event":"2025-07-17 17:19:48 URL:https://release-assets.githubusercontent.com/github-production-release-asset/513814948/9df56885-3ad8-4453-966a-ce5ccf8749a2?sp=r&sv=2018-11-09&sr=b&spr=https&se=2025-07-17T18%3A14%3A33Z&rscd=attachment%3B+filename%3Dgreen_tripdata_2019-02.csv.gz&rsct=application%2Foctet-stream&skoid=96c2d410-5711-43a1-aedd-ab1947aa7ab0&sktid=398a6654-997b-47e9-b12b-9515b896b4de&skt=2025-07-17T17%3A14%3A22Z&ske=2025-07-17T18%3A14%3A33Z&sks=b&skv=2018-11-09&sig=vIVTdckuX077vnay6UBvphOWg9pWQU%2FMfuxwRpBCsFA%3D&jwt=eyJ******&response-content-disposition=attachment%3B%20filename%3Dgreen_tripdata_2019-02.csv.gz&response-content-type=application%2Foctet-stream [10376032/10376032] -> \"/opt/airflow/green_tripdata_2019-02.csv.gz\" [1]","logger":"airflow.task.hooks.airflow.providers.standard.hooks.subprocess.SubprocessHook"}
{"timestamp":"2025-07-17T17:19:48.908997","level":"info","event":"Command exited with return code 0","logger":"airflow.task.hooks.airflow.providers.standard.hooks.subprocess.SubprocessHook"}
{"timestamp":"2025-07-17T17:19:48.913529","level":"info","event":"Pushing xcom","ti":"RuntimeTaskInstance(id=UUID('01981966-2ee3-72fe-824f-7abd73e0e0f6'), task_id='download_dataset_task', dag_id='upload_gcs_greentrips', run_id='scheduled__2019-02-02T06:00:00+00:00', try_number=1, map_index=-1, hostname='8c16a644909e', context_carrier={}, task=<Task(BashOperator): download_dataset_task>, bundle_instance=LocalDagBundle(name=dags-folder), max_tries=0, start_date=datetime.datetime(2025, 7, 17, 17, 19, 44, 107360, tzinfo=TzInfo(UTC)), end_date=None, state=<TaskInstanceState.RUNNING: 'running'>, is_mapped=False, rendered_map_index=None)","logger":"task"}
{"timestamp":"2025-07-17T17:23:06.815603","level":"info","event":"DAG bundles loaded: dags-folder","logger":"airflow.dag_processing.bundles.manager.DagBundlesManager"}
{"timestamp":"2025-07-17T17:23:06.817692","level":"info","event":"Filling up the DagBag from /opt/airflow/dags/data_ingestion_gcs_dag.py","logger":"airflow.models.dagbag.DagBag"}
{"timestamp":"2025-07-17T17:23:08.978814","level":"info","event":"Tmp dir root location: /tmp","logger":"airflow.task.hooks.airflow.providers.standard.hooks.subprocess.SubprocessHook"}
{"timestamp":"2025-07-17T17:23:08.984109","level":"info","event":"Running command: ['/usr/bin/bash', '-c', 'echo https://github.com/DataTalksClub/nyc-tlc-data/releases/download/green/green_tripdata_2019-02.csv.gz && wget --no-verbose https://github.com/DataTalksClub/nyc-tlc-data/releases/download/green/green_tripdata_2019-02.csv.gz -O /opt/airflow/green_tripdata_2019-02.csv.gz && gunzip -f /opt/airflow/green_tripdata_2019-02.csv.gz']","logger":"airflow.task.hooks.airflow.providers.standard.hooks.subprocess.SubprocessHook"}
{"timestamp":"2025-07-17T17:23:09.033720","level":"info","event":"Output:","logger":"airflow.task.hooks.airflow.providers.standard.hooks.subprocess.SubprocessHook"}
{"timestamp":"2025-07-17T17:23:09.042240","level":"info","event":"https://github.com/DataTalksClub/nyc-tlc-data/releases/download/green/green_tripdata_2019-02.csv.gz","logger":"airflow.task.hooks.airflow.providers.standard.hooks.subprocess.SubprocessHook"}
{"timestamp":"2025-07-17T17:23:09.926090","level":"info","event":"2025-07-17 17:23:09 URL:https://release-assets.githubusercontent.com/github-production-release-asset/513814948/9df56885-3ad8-4453-966a-ce5ccf8749a2?sp=r&sv=2018-11-09&sr=b&spr=https&se=2025-07-17T18%3A15%3A15Z&rscd=attachment%3B+filename%3Dgreen_tripdata_2019-02.csv.gz&rsct=application%2Foctet-stream&skoid=96c2d410-5711-43a1-aedd-ab1947aa7ab0&sktid=398a6654-997b-47e9-b12b-9515b896b4de&skt=2025-07-17T17%3A15%3A01Z&ske=2025-07-17T18%3A15%3A15Z&sks=b&skv=2018-11-09&sig=RKRm92%2BGEoQq63yLEiZdwrRjD1aDNN8OtOFYzpg008w%3D&jwt=eyJ******&response-content-disposition=attachment%3B%20filename%3Dgreen_tripdata_2019-02.csv.gz&response-content-type=application%2Foctet-stream [10376032/10376032] -> \"/opt/airflow/green_tripdata_2019-02.csv.gz\" [1]","logger":"airflow.task.hooks.airflow.providers.standard.hooks.subprocess.SubprocessHook"}
{"timestamp":"2025-07-17T17:23:10.283504","level":"info","event":"Command exited with return code 0","logger":"airflow.task.hooks.airflow.providers.standard.hooks.subprocess.SubprocessHook"}
{"timestamp":"2025-07-17T17:23:10.286299","level":"info","event":"Pushing xcom","ti":"RuntimeTaskInstance(id=UUID('01981969-44ca-7a97-9ab0-f0fc1eb6f44b'), task_id='download_dataset_task', dag_id='upload_gcs_greentrips', run_id='scheduled__2019-02-02T06:00:00+00:00', try_number=1, map_index=-1, hostname='8c16a644909e', context_carrier={}, task=<Task(BashOperator): download_dataset_task>, bundle_instance=LocalDagBundle(name=dags-folder), max_tries=0, start_date=datetime.datetime(2025, 7, 17, 17, 23, 6, 326132, tzinfo=TzInfo(UTC)), end_date=None, state=<TaskInstanceState.RUNNING: 'running'>, is_mapped=False, rendered_map_index=None)","logger":"task"}
{"timestamp":"2025-07-17T17:43:26.718946","level":"info","event":"DAG bundles loaded: dags-folder","logger":"airflow.dag_processing.bundles.manager.DagBundlesManager"}
{"timestamp":"2025-07-17T17:43:26.720857","level":"info","event":"Filling up the DagBag from /opt/airflow/dags/data_ingestion_gcs_dag.py","logger":"airflow.models.dagbag.DagBag"}
{"timestamp":"2025-07-17T17:43:28.853074","level":"info","event":"Tmp dir root location: /tmp","logger":"airflow.task.hooks.airflow.providers.standard.hooks.subprocess.SubprocessHook"}
{"timestamp":"2025-07-17T17:43:28.870486","level":"info","event":"Running command: ['/usr/bin/bash', '-c', 'echo https://github.com/DataTalksClub/nyc-tlc-data/releases/download/green/green_tripdata_2019-02.csv.gz && wget --no-verbose https://github.com/DataTalksClub/nyc-tlc-data/releases/download/green/green_tripdata_2019-02.csv.gz -O /opt/airflow/green_tripdata_2019-02.csv.gz && gunzip -f /opt/airflow/green_tripdata_2019-02.csv.gz']","logger":"airflow.task.hooks.airflow.providers.standard.hooks.subprocess.SubprocessHook"}
{"timestamp":"2025-07-17T17:43:28.915524","level":"info","event":"Output:","logger":"airflow.task.hooks.airflow.providers.standard.hooks.subprocess.SubprocessHook"}
{"timestamp":"2025-07-17T17:43:28.920307","level":"info","event":"https://github.com/DataTalksClub/nyc-tlc-data/releases/download/green/green_tripdata_2019-02.csv.gz","logger":"airflow.task.hooks.airflow.providers.standard.hooks.subprocess.SubprocessHook"}
{"timestamp":"2025-07-17T17:43:30.256483","level":"info","event":"2025-07-17 17:43:30 URL:https://release-assets.githubusercontent.com/github-production-release-asset/513814948/9df56885-3ad8-4453-966a-ce5ccf8749a2?sp=r&sv=2018-11-09&sr=b&spr=https&se=2025-07-17T18%3A39%3A49Z&rscd=attachment%3B+filename%3Dgreen_tripdata_2019-02.csv.gz&rsct=application%2Foctet-stream&skoid=96c2d410-5711-43a1-aedd-ab1947aa7ab0&sktid=398a6654-997b-47e9-b12b-9515b896b4de&skt=2025-07-17T17%3A39%3A11Z&ske=2025-07-17T18%3A39%3A49Z&sks=b&skv=2018-11-09&sig=d36EMa1zEA6qurzkiHtVooAeJZgDhRNOnvtzz1msnMA%3D&jwt=eyJ******&response-content-disposition=attachment%3B%20filename%3Dgreen_tripdata_2019-02.csv.gz&response-content-type=application%2Foctet-stream [10376032/10376032] -> \"/opt/airflow/green_tripdata_2019-02.csv.gz\" [1]","logger":"airflow.task.hooks.airflow.providers.standard.hooks.subprocess.SubprocessHook"}
{"timestamp":"2025-07-17T17:43:30.850359","level":"info","event":"Command exited with return code 0","logger":"airflow.task.hooks.airflow.providers.standard.hooks.subprocess.SubprocessHook"}
{"timestamp":"2025-07-17T17:43:30.866062","level":"info","event":"Pushing xcom","ti":"RuntimeTaskInstance(id=UUID('0198197b-dfa7-74f6-8fdc-2947dbb8d201'), task_id='download_dataset_task', dag_id='upload_gcs_greentrips', run_id='scheduled__2019-02-02T06:00:00+00:00', try_number=1, map_index=-1, hostname='8c16a644909e', context_carrier={}, task=<Task(BashOperator): download_dataset_task>, bundle_instance=LocalDagBundle(name=dags-folder), max_tries=0, start_date=datetime.datetime(2025, 7, 17, 17, 43, 25, 787231, tzinfo=TzInfo(UTC)), end_date=None, state=<TaskInstanceState.RUNNING: 'running'>, is_mapped=False, rendered_map_index=None)","logger":"task"}
{"timestamp":"2025-07-17T17:53:19.903560","level":"info","event":"DAG bundles loaded: dags-folder","logger":"airflow.dag_processing.bundles.manager.DagBundlesManager"}
{"timestamp":"2025-07-17T17:53:19.904765","level":"info","event":"Filling up the DagBag from /opt/airflow/dags/data_ingestion_gcs_dag.py","logger":"airflow.models.dagbag.DagBag"}
{"timestamp":"2025-07-17T17:53:22.830496","level":"info","event":"Tmp dir root location: /tmp","logger":"airflow.task.hooks.airflow.providers.standard.hooks.subprocess.SubprocessHook"}
{"timestamp":"2025-07-17T17:53:22.844429","level":"info","event":"Running command: ['/usr/bin/bash', '-c', 'echo https://github.com/DataTalksClub/nyc-tlc-data/releases/download/green/green_tripdata_2019-02.csv.gz && wget --no-verbose https://github.com/DataTalksClub/nyc-tlc-data/releases/download/green/green_tripdata_2019-02.csv.gz -O /opt/airflow/green_tripdata_2019-02.csv.gz && gunzip -f /opt/airflow/green_tripdata_2019-02.csv.gz']","logger":"airflow.task.hooks.airflow.providers.standard.hooks.subprocess.SubprocessHook"}
{"timestamp":"2025-07-17T17:53:22.899885","level":"info","event":"Output:","logger":"airflow.task.hooks.airflow.providers.standard.hooks.subprocess.SubprocessHook"}
{"timestamp":"2025-07-17T17:53:22.911991","level":"info","event":"https://github.com/DataTalksClub/nyc-tlc-data/releases/download/green/green_tripdata_2019-02.csv.gz","logger":"airflow.task.hooks.airflow.providers.standard.hooks.subprocess.SubprocessHook"}
{"timestamp":"2025-07-17T17:53:24.087579","level":"info","event":"2025-07-17 17:53:24 URL:https://release-assets.githubusercontent.com/github-production-release-asset/513814948/9df56885-3ad8-4453-966a-ce5ccf8749a2?sp=r&sv=2018-11-09&sr=b&spr=https&se=2025-07-17T18%3A41%3A56Z&rscd=attachment%3B+filename%3Dgreen_tripdata_2019-02.csv.gz&rsct=application%2Foctet-stream&skoid=96c2d410-5711-43a1-aedd-ab1947aa7ab0&sktid=398a6654-997b-47e9-b12b-9515b896b4de&skt=2025-07-17T17%3A41%3A51Z&ske=2025-07-17T18%3A41%3A56Z&sks=b&skv=2018-11-09&sig=aZ9qzozY9BPZFfin1BwSy87B0CVmzC%2BLIZWd1yLqhZ0%3D&jwt=eyJ******&response-content-disposition=attachment%3B%20filename%3Dgreen_tripdata_2019-02.csv.gz&response-content-type=application%2Foctet-stream [10376032/10376032] -> \"/opt/airflow/green_tripdata_2019-02.csv.gz\" [1]","logger":"airflow.task.hooks.airflow.providers.standard.hooks.subprocess.SubprocessHook"}
{"timestamp":"2025-07-17T17:53:24.630059","level":"info","event":"Command exited with return code 0","logger":"airflow.task.hooks.airflow.providers.standard.hooks.subprocess.SubprocessHook"}
{"timestamp":"2025-07-17T17:53:24.636737","level":"info","event":"Pushing xcom","ti":"RuntimeTaskInstance(id=UUID('01981984-ebe0-7f81-ad28-11662e1e9745'), task_id='download_dataset_task', dag_id='upload_gcs_greentrips', run_id='scheduled__2019-02-02T06:00:00+00:00', try_number=1, map_index=-1, hostname='8c16a644909e', context_carrier={}, task=<Task(BashOperator): download_dataset_task>, bundle_instance=LocalDagBundle(name=dags-folder), max_tries=0, start_date=datetime.datetime(2025, 7, 17, 17, 53, 18, 738492, tzinfo=TzInfo(UTC)), end_date=None, state=<TaskInstanceState.RUNNING: 'running'>, is_mapped=False, rendered_map_index=None)","logger":"task"}
{"timestamp":"2025-07-17T18:01:40.566733","level":"info","event":"DAG bundles loaded: dags-folder","logger":"airflow.dag_processing.bundles.manager.DagBundlesManager"}
{"timestamp":"2025-07-17T18:01:40.568478","level":"info","event":"Filling up the DagBag from /opt/airflow/dags/data_ingestion_gcs_dag.py","logger":"airflow.models.dagbag.DagBag"}
{"timestamp":"2025-07-17T18:01:43.737232","level":"info","event":"Tmp dir root location: /tmp","logger":"airflow.task.hooks.airflow.providers.standard.hooks.subprocess.SubprocessHook"}
{"timestamp":"2025-07-17T18:01:43.755767","level":"info","event":"Running command: ['/usr/bin/bash', '-c', 'echo https://github.com/DataTalksClub/nyc-tlc-data/releases/download/green/green_tripdata_2019-02.csv.gz && wget --no-verbose https://github.com/DataTalksClub/nyc-tlc-data/releases/download/green/green_tripdata_2019-02.csv.gz -O /opt/airflow/green_tripdata_2019-02.csv.gz && gunzip -f /opt/airflow/green_tripdata_2019-02.csv.gz']","logger":"airflow.task.hooks.airflow.providers.standard.hooks.subprocess.SubprocessHook"}
{"timestamp":"2025-07-17T18:01:43.828457","level":"info","event":"Output:","logger":"airflow.task.hooks.airflow.providers.standard.hooks.subprocess.SubprocessHook"}
{"timestamp":"2025-07-17T18:01:43.830550","level":"info","event":"https://github.com/DataTalksClub/nyc-tlc-data/releases/download/green/green_tripdata_2019-02.csv.gz","logger":"airflow.task.hooks.airflow.providers.standard.hooks.subprocess.SubprocessHook"}
{"timestamp":"2025-07-17T18:01:45.410707","level":"info","event":"2025-07-17 18:01:45 URL:https://release-assets.githubusercontent.com/github-production-release-asset/513814948/9df56885-3ad8-4453-966a-ce5ccf8749a2?sp=r&sv=2018-11-09&sr=b&spr=https&se=2025-07-17T18%3A55%3A18Z&rscd=attachment%3B+filename%3Dgreen_tripdata_2019-02.csv.gz&rsct=application%2Foctet-stream&skoid=96c2d410-5711-43a1-aedd-ab1947aa7ab0&sktid=398a6654-997b-47e9-b12b-9515b896b4de&skt=2025-07-17T17%3A54%3A45Z&ske=2025-07-17T18%3A55%3A18Z&sks=b&skv=2018-11-09&sig=Wv96AHxT3M6RL%2Blo1KYWsuTxI7VMo7oXod6YP49YKfo%3D&jwt=eyJ******&response-content-disposition=attachment%3B%20filename%3Dgreen_tripdata_2019-02.csv.gz&response-content-type=application%2Foctet-stream [10376032/10376032] -> \"/opt/airflow/green_tripdata_2019-02.csv.gz\" [1]","logger":"airflow.task.hooks.airflow.providers.standard.hooks.subprocess.SubprocessHook"}
{"timestamp":"2025-07-17T18:01:45.900198","level":"info","event":"Command exited with return code 0","logger":"airflow.task.hooks.airflow.providers.standard.hooks.subprocess.SubprocessHook"}
{"timestamp":"2025-07-17T18:01:45.907061","level":"info","event":"Pushing xcom","ti":"RuntimeTaskInstance(id=UUID('0198198c-922f-7031-9470-76f2b00cfe93'), task_id='download_dataset_task', dag_id='upload_gcs_greentrips', run_id='scheduled__2019-02-02T06:00:00+00:00', try_number=1, map_index=-1, hostname='8c16a644909e', context_carrier={}, task=<Task(BashOperator): download_dataset_task>, bundle_instance=LocalDagBundle(name=dags-folder), max_tries=0, start_date=datetime.datetime(2025, 7, 17, 18, 1, 39, 911364, tzinfo=TzInfo(UTC)), end_date=None, state=<TaskInstanceState.RUNNING: 'running'>, is_mapped=False, rendered_map_index=None)","logger":"task"}
{"timestamp":"2025-07-17T18:05:55.530511","level":"info","event":"DAG bundles loaded: dags-folder","logger":"airflow.dag_processing.bundles.manager.DagBundlesManager"}
{"timestamp":"2025-07-17T18:05:55.531113","level":"info","event":"Filling up the DagBag from /opt/airflow/dags/data_ingestion_gcs_dag.py","logger":"airflow.models.dagbag.DagBag"}
{"timestamp":"2025-07-17T18:05:56.834544","level":"info","event":"Tmp dir root location: /tmp","logger":"airflow.task.hooks.airflow.providers.standard.hooks.subprocess.SubprocessHook"}
{"timestamp":"2025-07-17T18:05:56.836219","level":"info","event":"Running command: ['/usr/bin/bash', '-c', 'echo https://github.com/DataTalksClub/nyc-tlc-data/releases/download/green/green_tripdata_2019-02.csv.gz && wget --no-verbose https://github.com/DataTalksClub/nyc-tlc-data/releases/download/green/green_tripdata_2019-02.csv.gz -O /opt/airflow/green_tripdata_2019-02.csv.gz && gunzip -f /opt/airflow/green_tripdata_2019-02.csv.gz']","logger":"airflow.task.hooks.airflow.providers.standard.hooks.subprocess.SubprocessHook"}
{"timestamp":"2025-07-17T18:05:56.862102","level":"info","event":"Output:","logger":"airflow.task.hooks.airflow.providers.standard.hooks.subprocess.SubprocessHook"}
{"timestamp":"2025-07-17T18:05:56.863939","level":"info","event":"https://github.com/DataTalksClub/nyc-tlc-data/releases/download/green/green_tripdata_2019-02.csv.gz","logger":"airflow.task.hooks.airflow.providers.standard.hooks.subprocess.SubprocessHook"}
{"timestamp":"2025-07-17T18:05:57.950258","level":"info","event":"2025-07-17 18:05:57 URL:https://release-assets.githubusercontent.com/github-production-release-asset/513814948/9df56885-3ad8-4453-966a-ce5ccf8749a2?sp=r&sv=2018-11-09&sr=b&spr=https&se=2025-07-17T18%3A56%3A48Z&rscd=attachment%3B+filename%3Dgreen_tripdata_2019-02.csv.gz&rsct=application%2Foctet-stream&skoid=96c2d410-5711-43a1-aedd-ab1947aa7ab0&sktid=398a6654-997b-47e9-b12b-9515b896b4de&skt=2025-07-17T17%3A56%3A13Z&ske=2025-07-17T18%3A56%3A48Z&sks=b&skv=2018-11-09&sig=BQSMQ2D6eXMBkj0q3D2TN0hpt7uCpsRd68EtLun1tGA%3D&jwt=eyJ******&response-content-disposition=attachment%3B%20filename%3Dgreen_tripdata_2019-02.csv.gz&response-content-type=application%2Foctet-stream [10376032/10376032] -> \"/opt/airflow/green_tripdata_2019-02.csv.gz\" [1]","logger":"airflow.task.hooks.airflow.providers.standard.hooks.subprocess.SubprocessHook"}
{"timestamp":"2025-07-17T18:05:58.407258","level":"info","event":"Command exited with return code 0","logger":"airflow.task.hooks.airflow.providers.standard.hooks.subprocess.SubprocessHook"}
{"timestamp":"2025-07-17T18:05:58.424153","level":"info","event":"Pushing xcom","ti":"RuntimeTaskInstance(id=UUID('01981990-776b-753b-a50c-ba4c1abe41aa'), task_id='download_dataset_task', dag_id='upload_gcs_greentrips', run_id='scheduled__2019-02-02T06:00:00+00:00', try_number=1, map_index=-1, hostname='8c16a644909e', context_carrier={}, task=<Task(BashOperator): download_dataset_task>, bundle_instance=LocalDagBundle(name=dags-folder), max_tries=0, start_date=datetime.datetime(2025, 7, 17, 18, 5, 55, 221588, tzinfo=TzInfo(UTC)), end_date=None, state=<TaskInstanceState.RUNNING: 'running'>, is_mapped=False, rendered_map_index=None)","logger":"task"}
{"timestamp":"2025-07-17T18:07:42.374374","level":"info","event":"DAG bundles loaded: dags-folder","logger":"airflow.dag_processing.bundles.manager.DagBundlesManager"}
{"timestamp":"2025-07-17T18:07:42.376400","level":"info","event":"Filling up the DagBag from /opt/airflow/dags/data_ingestion_gcs_dag.py","logger":"airflow.models.dagbag.DagBag"}
{"timestamp":"2025-07-17T18:07:43.848299","level":"info","event":"Tmp dir root location: /tmp","logger":"airflow.task.hooks.airflow.providers.standard.hooks.subprocess.SubprocessHook"}
{"timestamp":"2025-07-17T18:07:43.851484","level":"info","event":"Running command: ['/usr/bin/bash', '-c', 'echo https://github.com/DataTalksClub/nyc-tlc-data/releases/download/green/green_tripdata_2019-02.csv.gz && wget --no-verbose https://github.com/DataTalksClub/nyc-tlc-data/releases/download/green/green_tripdata_2019-02.csv.gz -O /opt/airflow/green_tripdata_2019-02.csv.gz && gunzip -f /opt/airflow/green_tripdata_2019-02.csv.gz']","logger":"airflow.task.hooks.airflow.providers.standard.hooks.subprocess.SubprocessHook"}
{"timestamp":"2025-07-17T18:07:43.888967","level":"info","event":"Output:","logger":"airflow.task.hooks.airflow.providers.standard.hooks.subprocess.SubprocessHook"}
{"timestamp":"2025-07-17T18:07:43.896257","level":"info","event":"https://github.com/DataTalksClub/nyc-tlc-data/releases/download/green/green_tripdata_2019-02.csv.gz","logger":"airflow.task.hooks.airflow.providers.standard.hooks.subprocess.SubprocessHook"}
{"timestamp":"2025-07-17T18:07:44.682023","level":"info","event":"2025-07-17 18:07:44 URL:https://release-assets.githubusercontent.com/github-production-release-asset/513814948/9df56885-3ad8-4453-966a-ce5ccf8749a2?sp=r&sv=2018-11-09&sr=b&spr=https&se=2025-07-17T18%3A56%3A48Z&rscd=attachment%3B+filename%3Dgreen_tripdata_2019-02.csv.gz&rsct=application%2Foctet-stream&skoid=96c2d410-5711-43a1-aedd-ab1947aa7ab0&sktid=398a6654-997b-47e9-b12b-9515b896b4de&skt=2025-07-17T17%3A56%3A13Z&ske=2025-07-17T18%3A56%3A48Z&sks=b&skv=2018-11-09&sig=BQSMQ2D6eXMBkj0q3D2TN0hpt7uCpsRd68EtLun1tGA%3D&jwt=eyJ******&response-content-disposition=attachment%3B%20filename%3Dgreen_tripdata_2019-02.csv.gz&response-content-type=application%2Foctet-stream [10376032/10376032] -> \"/opt/airflow/green_tripdata_2019-02.csv.gz\" [1]","logger":"airflow.task.hooks.airflow.providers.standard.hooks.subprocess.SubprocessHook"}
{"timestamp":"2025-07-17T18:07:45.133045","level":"info","event":"Command exited with return code 0","logger":"airflow.task.hooks.airflow.providers.standard.hooks.subprocess.SubprocessHook"}
{"timestamp":"2025-07-17T18:07:45.147878","level":"info","event":"Pushing xcom","ti":"RuntimeTaskInstance(id=UUID('01981992-1698-7b0e-b595-a7d88bd85e24'), task_id='download_dataset_task', dag_id='upload_gcs_greentrips', run_id='scheduled__2019-02-02T06:00:00+00:00', try_number=1, map_index=-1, hostname='8c16a644909e', context_carrier={}, task=<Task(BashOperator): download_dataset_task>, bundle_instance=LocalDagBundle(name=dags-folder), max_tries=0, start_date=datetime.datetime(2025, 7, 17, 18, 7, 41, 629213, tzinfo=TzInfo(UTC)), end_date=None, state=<TaskInstanceState.RUNNING: 'running'>, is_mapped=False, rendered_map_index=None)","logger":"task"}
