{"timestamp":"2025-07-13T18:39:42.603492","level":"info","event":"DAG bundles loaded: dags-folder","logger":"airflow.dag_processing.bundles.manager.DagBundlesManager"}
{"timestamp":"2025-07-13T18:39:42.606346","level":"info","event":"Filling up the DagBag from /opt/airflow/dags/data_ingestion_gcs_dag.py","logger":"airflow.models.dagbag.DagBag"}
{"timestamp":"2025-07-13T18:39:45.352459","level":"info","event":"Tmp dir root location: /tmp","logger":"airflow.task.hooks.airflow.providers.standard.hooks.subprocess.SubprocessHook"}
{"timestamp":"2025-07-13T18:39:45.356259","level":"info","event":"Running command: ['/usr/bin/bash', '-c', 'rm /opt/airflow/green_tripdata_2019-09.parquet /opt/airflow/green_tripdata_2019-09.csv']","logger":"airflow.task.hooks.airflow.providers.standard.hooks.subprocess.SubprocessHook"}
{"timestamp":"2025-07-13T18:39:45.430586","level":"info","event":"Output:","logger":"airflow.task.hooks.airflow.providers.standard.hooks.subprocess.SubprocessHook"}
{"timestamp":"2025-07-13T18:39:45.494979","level":"info","event":"Command exited with return code 0","logger":"airflow.task.hooks.airflow.providers.standard.hooks.subprocess.SubprocessHook"}
{"timestamp":"2025-07-13T18:39:45.508663","level":"info","event":"Pushing xcom","ti":"RuntimeTaskInstance(id=UUID('01980515-b80b-7819-ae01-c70643450690'), task_id='remove_csv_pq', dag_id='upload_gcs_greentrips', run_id='scheduled__2019-09-02T06:00:00+00:00', try_number=1, map_index=-1, hostname='fb7e26a7e74c', context_carrier={}, task=<Task(BashOperator): remove_csv_pq>, bundle_instance=LocalDagBundle(name=dags-folder), max_tries=0, start_date=datetime.datetime(2025, 7, 13, 18, 39, 41, 851431, tzinfo=TzInfo(UTC)), end_date=None, state=<TaskInstanceState.RUNNING: 'running'>, is_mapped=False, rendered_map_index=None)","logger":"task"}
{"timestamp":"2025-07-17T17:11:35.245233","level":"info","event":"DAG bundles loaded: dags-folder","logger":"airflow.dag_processing.bundles.manager.DagBundlesManager"}
{"timestamp":"2025-07-17T17:11:35.245959","level":"info","event":"Filling up the DagBag from /opt/airflow/dags/data_ingestion_gcs_dag.py","logger":"airflow.models.dagbag.DagBag"}
{"timestamp":"2025-07-17T17:11:37.111449","level":"info","event":"Tmp dir root location: /tmp","logger":"airflow.task.hooks.airflow.providers.standard.hooks.subprocess.SubprocessHook"}
{"timestamp":"2025-07-17T17:11:37.115661","level":"info","event":"Running command: ['/usr/bin/bash', '-c', 'rm /opt/airflow/green_tripdata_2019-09.parquet /opt/airflow/green_tripdata_2019-09.csv']","logger":"airflow.task.hooks.airflow.providers.standard.hooks.subprocess.SubprocessHook"}
{"timestamp":"2025-07-17T17:11:37.171095","level":"info","event":"Output:","logger":"airflow.task.hooks.airflow.providers.standard.hooks.subprocess.SubprocessHook"}
{"timestamp":"2025-07-17T17:11:37.210732","level":"info","event":"Command exited with return code 0","logger":"airflow.task.hooks.airflow.providers.standard.hooks.subprocess.SubprocessHook"}
{"timestamp":"2025-07-17T17:11:37.212050","level":"info","event":"Pushing xcom","ti":"RuntimeTaskInstance(id=UUID('0198195e-6a43-7634-8d9c-0c0cd1bdd8b2'), task_id='remove_csv_pq', dag_id='upload_gcs_greentrips', run_id='scheduled__2019-09-02T06:00:00+00:00', try_number=1, map_index=-1, hostname='8c16a644909e', context_carrier={}, task=<Task(BashOperator): remove_csv_pq>, bundle_instance=LocalDagBundle(name=dags-folder), max_tries=0, start_date=datetime.datetime(2025, 7, 17, 17, 11, 34, 680540, tzinfo=TzInfo(UTC)), end_date=None, state=<TaskInstanceState.RUNNING: 'running'>, is_mapped=False, rendered_map_index=None)","logger":"task"}
{"timestamp":"2025-07-17T17:24:09.496612","level":"info","event":"DAG bundles loaded: dags-folder","logger":"airflow.dag_processing.bundles.manager.DagBundlesManager"}
{"timestamp":"2025-07-17T17:24:09.501133","level":"info","event":"Filling up the DagBag from /opt/airflow/dags/data_ingestion_gcs_dag.py","logger":"airflow.models.dagbag.DagBag"}
{"timestamp":"2025-07-17T17:24:16.940922","level":"info","event":"Tmp dir root location: /tmp","logger":"airflow.task.hooks.airflow.providers.standard.hooks.subprocess.SubprocessHook"}
{"timestamp":"2025-07-17T17:24:16.955636","level":"info","event":"Running command: ['/usr/bin/bash', '-c', 'rm /opt/airflow/green_tripdata_2019-09.parquet /opt/airflow/green_tripdata_2019-09.csv']","logger":"airflow.task.hooks.airflow.providers.standard.hooks.subprocess.SubprocessHook"}
{"timestamp":"2025-07-17T17:24:17.015350","level":"info","event":"Output:","logger":"airflow.task.hooks.airflow.providers.standard.hooks.subprocess.SubprocessHook"}
{"timestamp":"2025-07-17T17:24:17.089837","level":"info","event":"Command exited with return code 0","logger":"airflow.task.hooks.airflow.providers.standard.hooks.subprocess.SubprocessHook"}
{"timestamp":"2025-07-17T17:24:17.090996","level":"info","event":"Pushing xcom","ti":"RuntimeTaskInstance(id=UUID('0198196a-03cc-7300-9d10-cd4765927f75'), task_id='remove_csv_pq', dag_id='upload_gcs_greentrips', run_id='scheduled__2019-09-02T06:00:00+00:00', try_number=1, map_index=-1, hostname='8c16a644909e', context_carrier={}, task=<Task(BashOperator): remove_csv_pq>, bundle_instance=LocalDagBundle(name=dags-folder), max_tries=0, start_date=datetime.datetime(2025, 7, 17, 17, 24, 8, 576433, tzinfo=TzInfo(UTC)), end_date=None, state=<TaskInstanceState.RUNNING: 'running'>, is_mapped=False, rendered_map_index=None)","logger":"task"}
{"timestamp":"2025-07-17T17:44:35.801114","level":"info","event":"DAG bundles loaded: dags-folder","logger":"airflow.dag_processing.bundles.manager.DagBundlesManager"}
{"timestamp":"2025-07-17T17:44:35.802251","level":"info","event":"Filling up the DagBag from /opt/airflow/dags/data_ingestion_gcs_dag.py","logger":"airflow.models.dagbag.DagBag"}
{"timestamp":"2025-07-17T17:44:38.435730","level":"info","event":"Tmp dir root location: /tmp","logger":"airflow.task.hooks.airflow.providers.standard.hooks.subprocess.SubprocessHook"}
{"timestamp":"2025-07-17T17:44:38.441700","level":"info","event":"Running command: ['/usr/bin/bash', '-c', 'rm /opt/airflow/green_tripdata_2019-09.parquet /opt/airflow/green_tripdata_2019-09.csv']","logger":"airflow.task.hooks.airflow.providers.standard.hooks.subprocess.SubprocessHook"}
{"timestamp":"2025-07-17T17:44:38.507584","level":"info","event":"Output:","logger":"airflow.task.hooks.airflow.providers.standard.hooks.subprocess.SubprocessHook"}
{"timestamp":"2025-07-17T17:44:38.562034","level":"info","event":"Command exited with return code 0","logger":"airflow.task.hooks.airflow.providers.standard.hooks.subprocess.SubprocessHook"}
{"timestamp":"2025-07-17T17:44:38.563525","level":"info","event":"Pushing xcom","ti":"RuntimeTaskInstance(id=UUID('0198197c-a7ce-76b6-8c23-11bfaaef544e'), task_id='remove_csv_pq', dag_id='upload_gcs_greentrips', run_id='scheduled__2019-09-02T06:00:00+00:00', try_number=1, map_index=-1, hostname='8c16a644909e', context_carrier={}, task=<Task(BashOperator): remove_csv_pq>, bundle_instance=LocalDagBundle(name=dags-folder), max_tries=0, start_date=datetime.datetime(2025, 7, 17, 17, 44, 35, 194123, tzinfo=TzInfo(UTC)), end_date=None, state=<TaskInstanceState.RUNNING: 'running'>, is_mapped=False, rendered_map_index=None)","logger":"task"}
{"timestamp":"2025-07-17T17:54:17.478147","level":"info","event":"DAG bundles loaded: dags-folder","logger":"airflow.dag_processing.bundles.manager.DagBundlesManager"}
{"timestamp":"2025-07-17T17:54:17.478932","level":"info","event":"Filling up the DagBag from /opt/airflow/dags/data_ingestion_gcs_dag.py","logger":"airflow.models.dagbag.DagBag"}
{"timestamp":"2025-07-17T17:54:19.770013","level":"info","event":"Tmp dir root location: /tmp","logger":"airflow.task.hooks.airflow.providers.standard.hooks.subprocess.SubprocessHook"}
{"timestamp":"2025-07-17T17:54:19.779008","level":"info","event":"Running command: ['/usr/bin/bash', '-c', 'rm /opt/airflow/green_tripdata_2019-09.parquet /opt/airflow/green_tripdata_2019-09.csv']","logger":"airflow.task.hooks.airflow.providers.standard.hooks.subprocess.SubprocessHook"}
{"timestamp":"2025-07-17T17:54:19.851464","level":"info","event":"Output:","logger":"airflow.task.hooks.airflow.providers.standard.hooks.subprocess.SubprocessHook"}
{"timestamp":"2025-07-17T17:54:19.924138","level":"info","event":"Command exited with return code 0","logger":"airflow.task.hooks.airflow.providers.standard.hooks.subprocess.SubprocessHook"}
{"timestamp":"2025-07-17T17:54:19.925209","level":"info","event":"Pushing xcom","ti":"RuntimeTaskInstance(id=UUID('01981985-9d93-7daf-9842-2a3675aa1b98'), task_id='remove_csv_pq', dag_id='upload_gcs_greentrips', run_id='scheduled__2019-09-02T06:00:00+00:00', try_number=1, map_index=-1, hostname='8c16a644909e', context_carrier={}, task=<Task(BashOperator): remove_csv_pq>, bundle_instance=LocalDagBundle(name=dags-folder), max_tries=0, start_date=datetime.datetime(2025, 7, 17, 17, 54, 16, 962297, tzinfo=TzInfo(UTC)), end_date=None, state=<TaskInstanceState.RUNNING: 'running'>, is_mapped=False, rendered_map_index=None)","logger":"task"}
{"timestamp":"2025-07-17T18:06:45.805068","level":"info","event":"DAG bundles loaded: dags-folder","logger":"airflow.dag_processing.bundles.manager.DagBundlesManager"}
{"timestamp":"2025-07-17T18:06:45.806196","level":"info","event":"Filling up the DagBag from /opt/airflow/dags/data_ingestion_gcs_dag.py","logger":"airflow.models.dagbag.DagBag"}
{"timestamp":"2025-07-17T18:06:49.250487","level":"info","event":"Tmp dir root location: /tmp","logger":"airflow.task.hooks.airflow.providers.standard.hooks.subprocess.SubprocessHook"}
{"timestamp":"2025-07-17T18:06:49.263558","level":"info","event":"Running command: ['/usr/bin/bash', '-c', 'rm /opt/airflow/green_tripdata_2019-09.parquet /opt/airflow/green_tripdata_2019-09.csv']","logger":"airflow.task.hooks.airflow.providers.standard.hooks.subprocess.SubprocessHook"}
{"timestamp":"2025-07-17T18:06:49.402853","level":"info","event":"Output:","logger":"airflow.task.hooks.airflow.providers.standard.hooks.subprocess.SubprocessHook"}
{"timestamp":"2025-07-17T18:06:49.522169","level":"info","event":"Command exited with return code 0","logger":"airflow.task.hooks.airflow.providers.standard.hooks.subprocess.SubprocessHook"}
{"timestamp":"2025-07-17T18:06:49.526105","level":"info","event":"Pushing xcom","ti":"RuntimeTaskInstance(id=UUID('01981991-07c6-7be8-9714-bcd336dbe4db'), task_id='remove_csv_pq', dag_id='upload_gcs_greentrips', run_id='scheduled__2019-09-02T06:00:00+00:00', try_number=1, map_index=-1, hostname='8c16a644909e', context_carrier={}, task=<Task(BashOperator): remove_csv_pq>, bundle_instance=LocalDagBundle(name=dags-folder), max_tries=0, start_date=datetime.datetime(2025, 7, 17, 18, 6, 45, 49793, tzinfo=TzInfo(UTC)), end_date=None, state=<TaskInstanceState.RUNNING: 'running'>, is_mapped=False, rendered_map_index=None)","logger":"task"}
{"timestamp":"2025-07-17T18:08:44.587506","level":"info","event":"DAG bundles loaded: dags-folder","logger":"airflow.dag_processing.bundles.manager.DagBundlesManager"}
{"timestamp":"2025-07-17T18:08:44.588645","level":"info","event":"Filling up the DagBag from /opt/airflow/dags/data_ingestion_gcs_dag.py","logger":"airflow.models.dagbag.DagBag"}
{"timestamp":"2025-07-17T18:08:46.714631","level":"info","event":"Tmp dir root location: /tmp","logger":"airflow.task.hooks.airflow.providers.standard.hooks.subprocess.SubprocessHook"}
{"timestamp":"2025-07-17T18:08:46.718101","level":"info","event":"Running command: ['/usr/bin/bash', '-c', 'rm /opt/airflow/green_tripdata_2019-09.parquet /opt/airflow/green_tripdata_2019-09.csv']","logger":"airflow.task.hooks.airflow.providers.standard.hooks.subprocess.SubprocessHook"}
{"timestamp":"2025-07-17T18:08:46.761944","level":"info","event":"Output:","logger":"airflow.task.hooks.airflow.providers.standard.hooks.subprocess.SubprocessHook"}
{"timestamp":"2025-07-17T18:08:46.804581","level":"info","event":"Command exited with return code 0","logger":"airflow.task.hooks.airflow.providers.standard.hooks.subprocess.SubprocessHook"}
{"timestamp":"2025-07-17T18:08:46.805399","level":"info","event":"Pushing xcom","ti":"RuntimeTaskInstance(id=UUID('01981992-d65a-7783-9825-1e85aa190850'), task_id='remove_csv_pq', dag_id='upload_gcs_greentrips', run_id='scheduled__2019-09-02T06:00:00+00:00', try_number=1, map_index=-1, hostname='8c16a644909e', context_carrier={}, task=<Task(BashOperator): remove_csv_pq>, bundle_instance=LocalDagBundle(name=dags-folder), max_tries=0, start_date=datetime.datetime(2025, 7, 17, 18, 8, 43, 638227, tzinfo=TzInfo(UTC)), end_date=None, state=<TaskInstanceState.RUNNING: 'running'>, is_mapped=False, rendered_map_index=None)","logger":"task"}
