{"timestamp":"2025-07-13T17:11:24.666805","level":"info","event":"DAG bundles loaded: dags-folder","logger":"airflow.dag_processing.bundles.manager.DagBundlesManager"}
{"timestamp":"2025-07-13T17:11:24.685004","level":"info","event":"Filling up the DagBag from /opt/airflow/dags/data_ingestion_gcs_dag.py","logger":"airflow.models.dagbag.DagBag"}
{"timestamp":"2025-07-13T17:11:40.595075","level":"info","event":"Tmp dir root location: /tmp","logger":"airflow.task.hooks.airflow.providers.standard.hooks.subprocess.SubprocessHook"}
{"timestamp":"2025-07-13T17:11:40.614125","level":"info","event":"Running command: ['/usr/bin/bash', '-c', 'echo https://github.com/DataTalksClub/nyc-tlc-data/releases/download/yellow/yellow_tripdata_2019-07.csv.gz && wget --no-verbose https://github.com/DataTalksClub/nyc-tlc-data/releases/download/yellow/yellow_tripdata_2019-07.csv.gz -O /opt/airflow/yellow_tripdata_2019-07.csv.gz && gunzip -f /opt/airflow/yellow_tripdata_2019-07.csv.gz']","logger":"airflow.task.hooks.airflow.providers.standard.hooks.subprocess.SubprocessHook"}
{"timestamp":"2025-07-13T17:11:40.758893","level":"info","event":"Output:","logger":"airflow.task.hooks.airflow.providers.standard.hooks.subprocess.SubprocessHook"}
{"timestamp":"2025-07-13T17:11:40.863468","level":"info","event":"https://github.com/DataTalksClub/nyc-tlc-data/releases/download/yellow/yellow_tripdata_2019-07.csv.gz","logger":"airflow.task.hooks.airflow.providers.standard.hooks.subprocess.SubprocessHook"}
{"timestamp":"2025-07-13T17:11:53.804124","level":"info","event":"2025-07-13 17:11:53 URL:https://objects.githubusercontent.com/github-production-release-asset-2e65be/513814948/2a11064d-04da-40fa-8a4d-3fd93cfb07e1?X-Amz-Algorithm=AWS4-HMAC-SHA256&X-Amz-Credential=releaseassetproduction%2F20250713%2Fus-east-1%2Fs3%2Faws4_request&X-Amz-Date=20250713T171141Z&X-Amz-Expires=1800&X-Amz-Signature=fee403a0fed9abcc0662346d4ffaadd8ee29bdf30694fba22dde15cae5638a65&X-Amz-SignedHeaders=host&response-content-disposition=attachment%3B%20filename%3Dyellow_tripdata_2019-07.csv.gz&response-content-type=application%2Foctet-stream [115817922/115817922] -> \"/opt/airflow/yellow_tripdata_2019-07.csv.gz\" [1]","logger":"airflow.task.hooks.airflow.providers.standard.hooks.subprocess.SubprocessHook"}
{"timestamp":"2025-07-13T17:12:08.844333","level":"info","event":"Command exited with return code 0","logger":"airflow.task.hooks.airflow.providers.standard.hooks.subprocess.SubprocessHook"}
{"timestamp":"2025-07-13T17:12:08.894831","level":"info","event":"Pushing xcom","ti":"RuntimeTaskInstance(id=UUID('019804c5-1746-7a2a-9b56-c2296fae5859'), task_id='download_dataset_task', dag_id='upload_gcs_yellowtrips', run_id='scheduled__2019-07-02T06:00:00+00:00', try_number=1, map_index=-1, hostname='890ba30a36b0', context_carrier={}, task=<Task(BashOperator): download_dataset_task>, bundle_instance=LocalDagBundle(name=dags-folder), max_tries=0, start_date=datetime.datetime(2025, 7, 13, 17, 11, 23, 43406, tzinfo=TzInfo(UTC)), end_date=None, state=<TaskInstanceState.RUNNING: 'running'>, is_mapped=False, rendered_map_index=None)","logger":"task"}
{"timestamp":"2025-07-13T17:56:47.052344","level":"info","event":"DAG bundles loaded: dags-folder","logger":"airflow.dag_processing.bundles.manager.DagBundlesManager"}
{"timestamp":"2025-07-13T17:56:47.059547","level":"info","event":"Filling up the DagBag from /opt/airflow/dags/data_ingestion_gcs_dag.py","logger":"airflow.models.dagbag.DagBag"}
{"timestamp":"2025-07-13T17:57:19.376739","level":"error","event":"Process timed out, PID: 4239","logger":"airflow.utils.timeout.TimeoutPosix"}
{"timestamp":"2025-07-13T17:57:19.408381Z","level":"error","event":"Exception ignored in: <function WeakKeyDictionary.__init__.<locals>.remove at 0xffff915947c0>","chan":"stderr","logger":"task"}
{"timestamp":"2025-07-13T17:57:19.416984Z","level":"error","event":"Traceback (most recent call last):","chan":"stderr","logger":"task"}
{"timestamp":"2025-07-13T17:57:19.430358Z","level":"error","event":"  File \"/usr/local/lib/python3.12/weakref.py\", line 369, in remove","chan":"stderr","logger":"task"}
{"timestamp":"2025-07-13T17:57:19.432251Z","level":"error","event":"    def remove(k, selfref=ref(self)):","chan":"stderr","logger":"task"}
{"timestamp":"2025-07-13T17:57:19.435861Z","level":"error","event":"","chan":"stderr","logger":"task"}
{"timestamp":"2025-07-13T17:57:19.436934Z","level":"error","event":"  File \"/home/airflow/.local/lib/python3.12/site-packages/airflow/utils/timeout.py\", line 69, in handle_timeout","chan":"stderr","logger":"task"}
{"timestamp":"2025-07-13T17:57:19.437647Z","level":"error","event":"    raise AirflowTaskTimeout(self.error_message)","chan":"stderr","logger":"task"}
{"timestamp":"2025-07-13T17:57:19.440149Z","level":"error","event":"airflow.exceptions.AirflowTaskTimeout: DagBag import timeout for /opt/airflow/dags/data_ingestion_gcs_dag.py after 30.0s.","chan":"stderr","logger":"task"}
{"timestamp":"2025-07-13T17:57:19.441054Z","level":"error","event":"Please take a look at these docs to improve your DAG import time:","chan":"stderr","logger":"task"}
{"timestamp":"2025-07-13T17:57:19.444697Z","level":"error","event":"* https://airflow.apache.org/docs/apache-airflow/3.0.2/best-practices.html#top-level-python-code","chan":"stderr","logger":"task"}
{"timestamp":"2025-07-13T17:57:19.445817Z","level":"error","event":"* https://airflow.apache.org/docs/apache-airflow/3.0.2/best-practices.html#reducing-dag-complexity, PID: 4239","chan":"stderr","logger":"task"}
{"timestamp":"2025-07-13T17:57:24.140342","level":"info","event":"Tmp dir root location: /tmp","logger":"airflow.task.hooks.airflow.providers.standard.hooks.subprocess.SubprocessHook"}
{"timestamp":"2025-07-13T17:57:24.193006","level":"info","event":"Running command: ['/usr/bin/bash', '-c', 'echo https://github.com/DataTalksClub/nyc-tlc-data/releases/download/yellow/yellow_tripdata_2019-07.csv.gz && wget --no-verbose https://github.com/DataTalksClub/nyc-tlc-data/releases/download/yellow/yellow_tripdata_2019-07.csv.gz -O /opt/airflow/yellow_tripdata_2019-07.csv.gz && gunzip -f /opt/airflow/yellow_tripdata_2019-07.csv.gz']","logger":"airflow.task.hooks.airflow.providers.standard.hooks.subprocess.SubprocessHook"}
{"timestamp":"2025-07-13T17:57:24.414214","level":"info","event":"Output:","logger":"airflow.task.hooks.airflow.providers.standard.hooks.subprocess.SubprocessHook"}
{"timestamp":"2025-07-13T17:57:24.472052","level":"info","event":"https://github.com/DataTalksClub/nyc-tlc-data/releases/download/yellow/yellow_tripdata_2019-07.csv.gz","logger":"airflow.task.hooks.airflow.providers.standard.hooks.subprocess.SubprocessHook"}
{"timestamp":"2025-07-13T17:57:32.429256","level":"info","event":"2025-07-13 17:57:32 URL:https://objects.githubusercontent.com/github-production-release-asset-2e65be/513814948/2a11064d-04da-40fa-8a4d-3fd93cfb07e1?X-Amz-Algorithm=AWS4-HMAC-SHA256&X-Amz-Credential=releaseassetproduction%2F20250713%2Fus-east-1%2Fs3%2Faws4_request&X-Amz-Date=20250713T175725Z&X-Amz-Expires=1800&X-Amz-Signature=b6c385af1066173f8fa202eba819ad28f89abb2e4a57e5f5e4218bd5e75de496&X-Amz-SignedHeaders=host&response-content-disposition=attachment%3B%20filename%3Dyellow_tripdata_2019-07.csv.gz&response-content-type=application%2Foctet-stream [115817922/115817922] -> \"/opt/airflow/yellow_tripdata_2019-07.csv.gz\" [1]","logger":"airflow.task.hooks.airflow.providers.standard.hooks.subprocess.SubprocessHook"}
{"timestamp":"2025-07-13T17:57:49.502693","level":"info","event":"Command exited with return code 0","logger":"airflow.task.hooks.airflow.providers.standard.hooks.subprocess.SubprocessHook"}
{"timestamp":"2025-07-13T17:57:49.598119","level":"info","event":"Pushing xcom","ti":"RuntimeTaskInstance(id=UUID('019804ee-8363-79da-a4aa-2df023b8fce5'), task_id='download_dataset_task', dag_id='upload_gcs_yellowtrips', run_id='scheduled__2019-07-02T06:00:00+00:00', try_number=1, map_index=-1, hostname='890ba30a36b0', context_carrier={}, task=<Task(BashOperator): download_dataset_task>, bundle_instance=LocalDagBundle(name=dags-folder), max_tries=0, start_date=datetime.datetime(2025, 7, 13, 17, 56, 41, 460184, tzinfo=TzInfo(UTC)), end_date=None, state=<TaskInstanceState.RUNNING: 'running'>, is_mapped=False, rendered_map_index=None)","logger":"task"}
{"timestamp":"2025-07-13T18:10:57.240696","level":"info","event":"DAG bundles loaded: dags-folder","logger":"airflow.dag_processing.bundles.manager.DagBundlesManager"}
{"timestamp":"2025-07-13T18:10:57.241422","level":"info","event":"Filling up the DagBag from /opt/airflow/dags/data_ingestion_gcs_dag.py","logger":"airflow.models.dagbag.DagBag"}
{"timestamp":"2025-07-13T18:10:58.767606","level":"info","event":"Tmp dir root location: /tmp","logger":"airflow.task.hooks.airflow.providers.standard.hooks.subprocess.SubprocessHook"}
{"timestamp":"2025-07-13T18:10:58.769377","level":"info","event":"Running command: ['/usr/bin/bash', '-c', 'echo https://github.com/DataTalksClub/nyc-tlc-data/releases/download/yellow/yellow_tripdata_2019-07.csv.gz && wget --no-verbose https://github.com/DataTalksClub/nyc-tlc-data/releases/download/yellow/yellow_tripdata_2019-07.csv.gz -O /opt/airflow/yellow_tripdata_2019-07.csv.gz && gunzip -f /opt/airflow/yellow_tripdata_2019-07.csv.gz']","logger":"airflow.task.hooks.airflow.providers.standard.hooks.subprocess.SubprocessHook"}
{"timestamp":"2025-07-13T18:10:58.792738","level":"info","event":"Output:","logger":"airflow.task.hooks.airflow.providers.standard.hooks.subprocess.SubprocessHook"}
{"timestamp":"2025-07-13T18:10:58.801930","level":"info","event":"https://github.com/DataTalksClub/nyc-tlc-data/releases/download/yellow/yellow_tripdata_2019-07.csv.gz","logger":"airflow.task.hooks.airflow.providers.standard.hooks.subprocess.SubprocessHook"}
{"timestamp":"2025-07-13T18:11:05.149450","level":"info","event":"2025-07-13 18:11:05 URL:https://objects.githubusercontent.com/github-production-release-asset-2e65be/513814948/2a11064d-04da-40fa-8a4d-3fd93cfb07e1?X-Amz-Algorithm=AWS4-HMAC-SHA256&X-Amz-Credential=releaseassetproduction%2F20250713%2Fus-east-1%2Fs3%2Faws4_request&X-Amz-Date=20250713T181059Z&X-Amz-Expires=1800&X-Amz-Signature=f49366a3ab7867506cdc498bea5257399ddf5184e0a192f2ee0b452f0f1f73e5&X-Amz-SignedHeaders=host&response-content-disposition=attachment%3B%20filename%3Dyellow_tripdata_2019-07.csv.gz&response-content-type=application%2Foctet-stream [115817922/115817922] -> \"/opt/airflow/yellow_tripdata_2019-07.csv.gz\" [1]","logger":"airflow.task.hooks.airflow.providers.standard.hooks.subprocess.SubprocessHook"}
{"timestamp":"2025-07-13T18:11:11.074165","level":"info","event":"Command exited with return code 0","logger":"airflow.task.hooks.airflow.providers.standard.hooks.subprocess.SubprocessHook"}
{"timestamp":"2025-07-13T18:11:11.084615","level":"info","event":"Pushing xcom","ti":"RuntimeTaskInstance(id=UUID('019804fb-a0fa-7133-8cde-55471ca8470c'), task_id='download_dataset_task', dag_id='upload_gcs_yellowtrips', run_id='scheduled__2019-07-02T06:00:00+00:00', try_number=1, map_index=-1, hostname='fb7e26a7e74c', context_carrier={}, task=<Task(BashOperator): download_dataset_task>, bundle_instance=LocalDagBundle(name=dags-folder), max_tries=0, start_date=datetime.datetime(2025, 7, 13, 18, 10, 56, 832036, tzinfo=TzInfo(UTC)), end_date=None, state=<TaskInstanceState.RUNNING: 'running'>, is_mapped=False, rendered_map_index=None)","logger":"task"}
