{"timestamp":"2025-07-13T17:14:16.260570","level":"info","event":"DAG bundles loaded: dags-folder","logger":"airflow.dag_processing.bundles.manager.DagBundlesManager"}
{"timestamp":"2025-07-13T17:14:16.267632","level":"info","event":"Filling up the DagBag from /opt/airflow/dags/data_ingestion_gcs_dag.py","logger":"airflow.models.dagbag.DagBag"}
{"timestamp":"2025-07-13T17:14:24.586198","level":"info","event":"Tmp dir root location: /tmp","logger":"airflow.task.hooks.airflow.providers.standard.hooks.subprocess.SubprocessHook"}
{"timestamp":"2025-07-13T17:14:24.591903","level":"info","event":"Running command: ['/usr/bin/bash', '-c', 'rm /opt/airflow/yellow_tripdata_2019-08.parquet /opt/airflow/yellow_tripdata_2019-08.csv']","logger":"airflow.task.hooks.airflow.providers.standard.hooks.subprocess.SubprocessHook"}
{"timestamp":"2025-07-13T17:14:24.673910","level":"info","event":"Output:","logger":"airflow.task.hooks.airflow.providers.standard.hooks.subprocess.SubprocessHook"}
{"timestamp":"2025-07-13T17:14:25.035853","level":"info","event":"Command exited with return code 0","logger":"airflow.task.hooks.airflow.providers.standard.hooks.subprocess.SubprocessHook"}
{"timestamp":"2025-07-13T17:14:25.045192","level":"info","event":"Pushing xcom","ti":"RuntimeTaskInstance(id=UUID('019804c5-deda-7a24-be4c-243cabdeb7f7'), task_id='remove_csv_pq', dag_id='upload_gcs_yellowtrips', run_id='scheduled__2019-08-02T06:00:00+00:00', try_number=1, map_index=-1, hostname='890ba30a36b0', context_carrier={}, task=<Task(BashOperator): remove_csv_pq>, bundle_instance=LocalDagBundle(name=dags-folder), max_tries=0, start_date=datetime.datetime(2025, 7, 13, 17, 14, 12, 841867, tzinfo=TzInfo(UTC)), end_date=None, state=<TaskInstanceState.RUNNING: 'running'>, is_mapped=False, rendered_map_index=None)","logger":"task"}
{"timestamp":"2025-07-13T18:00:42.280814","level":"info","event":"DAG bundles loaded: dags-folder","logger":"airflow.dag_processing.bundles.manager.DagBundlesManager"}
{"timestamp":"2025-07-13T18:00:42.296724","level":"info","event":"Filling up the DagBag from /opt/airflow/dags/data_ingestion_gcs_dag.py","logger":"airflow.models.dagbag.DagBag"}
{"timestamp":"2025-07-13T18:00:55.015138","level":"info","event":"Tmp dir root location: /tmp","logger":"airflow.task.hooks.airflow.providers.standard.hooks.subprocess.SubprocessHook"}
{"timestamp":"2025-07-13T18:00:55.017959","level":"info","event":"Running command: ['/usr/bin/bash', '-c', 'rm /opt/airflow/yellow_tripdata_2019-08.parquet /opt/airflow/yellow_tripdata_2019-08.csv']","logger":"airflow.task.hooks.airflow.providers.standard.hooks.subprocess.SubprocessHook"}
{"timestamp":"2025-07-13T18:00:55.100581","level":"info","event":"Output:","logger":"airflow.task.hooks.airflow.providers.standard.hooks.subprocess.SubprocessHook"}
{"timestamp":"2025-07-13T18:00:55.198021","level":"info","event":"Command exited with return code 0","logger":"airflow.task.hooks.airflow.providers.standard.hooks.subprocess.SubprocessHook"}
{"timestamp":"2025-07-13T18:00:55.200348","level":"info","event":"Pushing xcom","ti":"RuntimeTaskInstance(id=UUID('019804ee-8af6-7958-a185-6115a2c3bb52'), task_id='remove_csv_pq', dag_id='upload_gcs_yellowtrips', run_id='scheduled__2019-08-02T06:00:00+00:00', try_number=1, map_index=-1, hostname='890ba30a36b0', context_carrier={}, task=<Task(BashOperator): remove_csv_pq>, bundle_instance=LocalDagBundle(name=dags-folder), max_tries=0, start_date=datetime.datetime(2025, 7, 13, 18, 0, 37, 632900, tzinfo=TzInfo(UTC)), end_date=None, state=<TaskInstanceState.RUNNING: 'running'>, is_mapped=False, rendered_map_index=None)","logger":"task"}
{"timestamp":"2025-07-13T18:11:51.867795","level":"info","event":"DAG bundles loaded: dags-folder","logger":"airflow.dag_processing.bundles.manager.DagBundlesManager"}
{"timestamp":"2025-07-13T18:11:51.869452","level":"info","event":"Filling up the DagBag from /opt/airflow/dags/data_ingestion_gcs_dag.py","logger":"airflow.models.dagbag.DagBag"}
{"timestamp":"2025-07-13T18:11:54.105172","level":"info","event":"Tmp dir root location: /tmp","logger":"airflow.task.hooks.airflow.providers.standard.hooks.subprocess.SubprocessHook"}
{"timestamp":"2025-07-13T18:11:54.112743","level":"info","event":"Running command: ['/usr/bin/bash', '-c', 'rm /opt/airflow/yellow_tripdata_2019-08.parquet /opt/airflow/yellow_tripdata_2019-08.csv']","logger":"airflow.task.hooks.airflow.providers.standard.hooks.subprocess.SubprocessHook"}
{"timestamp":"2025-07-13T18:11:54.163364","level":"info","event":"Output:","logger":"airflow.task.hooks.airflow.providers.standard.hooks.subprocess.SubprocessHook"}
{"timestamp":"2025-07-13T18:11:54.348723","level":"info","event":"Command exited with return code 0","logger":"airflow.task.hooks.airflow.providers.standard.hooks.subprocess.SubprocessHook"}
{"timestamp":"2025-07-13T18:11:54.349984","level":"info","event":"Pushing xcom","ti":"RuntimeTaskInstance(id=UUID('019804fb-e191-7c32-b233-0312132446e9'), task_id='remove_csv_pq', dag_id='upload_gcs_yellowtrips', run_id='scheduled__2019-08-02T06:00:00+00:00', try_number=1, map_index=-1, hostname='fb7e26a7e74c', context_carrier={}, task=<Task(BashOperator): remove_csv_pq>, bundle_instance=LocalDagBundle(name=dags-folder), max_tries=0, start_date=datetime.datetime(2025, 7, 13, 18, 11, 51, 626847, tzinfo=TzInfo(UTC)), end_date=None, state=<TaskInstanceState.RUNNING: 'running'>, is_mapped=False, rendered_map_index=None)","logger":"task"}
