{"timestamp":"2025-07-13T15:49:06.340620","level":"info","event":"DAG bundles loaded: dags-folder","logger":"airflow.dag_processing.bundles.manager.DagBundlesManager"}
{"timestamp":"2025-07-13T15:49:06.341392","level":"info","event":"Filling up the DagBag from /opt/airflow/dags/data_ingestion_localpg_dag.py","logger":"airflow.models.dagbag.DagBag"}
{"timestamp":"2025-07-13T15:49:06.381958","level":"info","event":"Tmp dir root location: /tmp","logger":"airflow.task.hooks.airflow.providers.standard.hooks.subprocess.SubprocessHook"}
{"timestamp":"2025-07-13T15:49:06.383115","level":"info","event":"Running command: ['/usr/bin/bash', '-c', \"wget https://github.com/DataTalksClub/nyc-tlc-data/releases/download/yellow/yellow_tripdata_2022-11.csv.gz -O /opt/airflow/yellow_tripdata_2022-11.csv.gz && gunzip yellow_tripdata_2022-11.csv.gz || echo 'invalid folder download link'\"]","logger":"airflow.task.hooks.airflow.providers.standard.hooks.subprocess.SubprocessHook"}
{"timestamp":"2025-07-13T15:49:06.395268","level":"info","event":"Output:","logger":"airflow.task.hooks.airflow.providers.standard.hooks.subprocess.SubprocessHook"}
{"timestamp":"2025-07-13T15:49:06.403092","level":"info","event":"--2025-07-13 15:49:06--  https://github.com/DataTalksClub/nyc-tlc-data/releases/download/yellow/yellow_tripdata_2022-11.csv.gz","logger":"airflow.task.hooks.airflow.providers.standard.hooks.subprocess.SubprocessHook"}
{"timestamp":"2025-07-13T15:49:06.432663","level":"info","event":"Resolving github.com (github.com)... 20.205.243.166","logger":"airflow.task.hooks.airflow.providers.standard.hooks.subprocess.SubprocessHook"}
{"timestamp":"2025-07-13T15:49:06.442996","level":"info","event":"Connecting to github.com (github.com)|20.205.243.166|:443... connected.","logger":"airflow.task.hooks.airflow.providers.standard.hooks.subprocess.SubprocessHook"}
{"timestamp":"2025-07-13T15:49:06.750127","level":"info","event":"HTTP request sent, awaiting response... 404 Not Found","logger":"airflow.task.hooks.airflow.providers.standard.hooks.subprocess.SubprocessHook"}
{"timestamp":"2025-07-13T15:49:06.750301","level":"info","event":"2025-07-13 15:49:06 ERROR 404: Not Found.","logger":"airflow.task.hooks.airflow.providers.standard.hooks.subprocess.SubprocessHook"}
{"timestamp":"2025-07-13T15:49:06.750345","level":"info","event":"","logger":"airflow.task.hooks.airflow.providers.standard.hooks.subprocess.SubprocessHook"}
{"timestamp":"2025-07-13T15:49:06.751331","level":"info","event":"invalid folder download link","logger":"airflow.task.hooks.airflow.providers.standard.hooks.subprocess.SubprocessHook"}
{"timestamp":"2025-07-13T15:49:06.751452","level":"info","event":"Command exited with return code 0","logger":"airflow.task.hooks.airflow.providers.standard.hooks.subprocess.SubprocessHook"}
{"timestamp":"2025-07-13T15:49:06.752155","level":"info","event":"Pushing xcom","ti":"RuntimeTaskInstance(id=UUID('01980479-c4dd-73c5-9c8f-dfe290e72058'), task_id='wget_trips_csvgz', dag_id='local_ingestion_pg', run_id='scheduled__2022-11-02T06:00:00+00:00', try_number=1, map_index=-1, hostname='bcfb6bdbe20d', context_carrier={}, task=<Task(BashOperator): wget_trips_csvgz>, bundle_instance=LocalDagBundle(name=dags-folder), max_tries=0, start_date=datetime.datetime(2025, 7, 13, 15, 49, 6, 86758, tzinfo=TzInfo(UTC)), end_date=None, state=<TaskInstanceState.RUNNING: 'running'>, is_mapped=False, rendered_map_index=None)","logger":"task"}
{"timestamp":"2025-07-13T16:06:26.156433","level":"info","event":"DAG bundles loaded: dags-folder","logger":"airflow.dag_processing.bundles.manager.DagBundlesManager"}
{"timestamp":"2025-07-13T16:06:26.156945","level":"info","event":"Filling up the DagBag from /opt/airflow/dags/data_ingestion_localpg_dag.py","logger":"airflow.models.dagbag.DagBag"}
{"timestamp":"2025-07-13T16:06:26.610968","level":"info","event":"Tmp dir root location: /tmp","logger":"airflow.task.hooks.airflow.providers.standard.hooks.subprocess.SubprocessHook"}
{"timestamp":"2025-07-13T16:06:26.613127","level":"info","event":"Running command: ['/usr/bin/bash', '-c', \"wget https://github.com/DataTalksClub/nyc-tlc-data/releases/download/yellow/yellow_tripdata_2022-11.csv.gz -O /opt/airflow/yellow_tripdata_2022-11.csv.gz && gunzip -f /opt/airflow/yellow_tripdata_2022-11.csv.gz || echo 'invalid folder download link'\"]","logger":"airflow.task.hooks.airflow.providers.standard.hooks.subprocess.SubprocessHook"}
{"timestamp":"2025-07-13T16:06:26.632204","level":"info","event":"Output:","logger":"airflow.task.hooks.airflow.providers.standard.hooks.subprocess.SubprocessHook"}
{"timestamp":"2025-07-13T16:06:26.658908","level":"info","event":"--2025-07-13 16:06:26--  https://github.com/DataTalksClub/nyc-tlc-data/releases/download/yellow/yellow_tripdata_2022-11.csv.gz","logger":"airflow.task.hooks.airflow.providers.standard.hooks.subprocess.SubprocessHook"}
{"timestamp":"2025-07-13T16:06:26.708626","level":"info","event":"Resolving github.com (github.com)... 20.205.243.166","logger":"airflow.task.hooks.airflow.providers.standard.hooks.subprocess.SubprocessHook"}
{"timestamp":"2025-07-13T16:06:26.721398","level":"info","event":"Connecting to github.com (github.com)|20.205.243.166|:443... connected.","logger":"airflow.task.hooks.airflow.providers.standard.hooks.subprocess.SubprocessHook"}
{"timestamp":"2025-07-13T16:06:27.040566","level":"info","event":"HTTP request sent, awaiting response... 404 Not Found","logger":"airflow.task.hooks.airflow.providers.standard.hooks.subprocess.SubprocessHook"}
{"timestamp":"2025-07-13T16:06:27.040698","level":"info","event":"2025-07-13 16:06:27 ERROR 404: Not Found.","logger":"airflow.task.hooks.airflow.providers.standard.hooks.subprocess.SubprocessHook"}
{"timestamp":"2025-07-13T16:06:27.040775","level":"info","event":"","logger":"airflow.task.hooks.airflow.providers.standard.hooks.subprocess.SubprocessHook"}
{"timestamp":"2025-07-13T16:06:27.044675","level":"info","event":"invalid folder download link","logger":"airflow.task.hooks.airflow.providers.standard.hooks.subprocess.SubprocessHook"}
{"timestamp":"2025-07-13T16:06:27.045364","level":"info","event":"Command exited with return code 0","logger":"airflow.task.hooks.airflow.providers.standard.hooks.subprocess.SubprocessHook"}
{"timestamp":"2025-07-13T16:06:27.047325","level":"info","event":"Pushing xcom","ti":"RuntimeTaskInstance(id=UUID('01980489-a348-7999-bbc7-4a4664dbac8c'), task_id='wget_trips_csvgz', dag_id='local_ingestion_pg', run_id='scheduled__2022-11-02T06:00:00+00:00', try_number=1, map_index=-1, hostname='890ba30a36b0', context_carrier={}, task=<Task(BashOperator): wget_trips_csvgz>, bundle_instance=LocalDagBundle(name=dags-folder), max_tries=0, start_date=datetime.datetime(2025, 7, 13, 16, 6, 25, 958493, tzinfo=TzInfo(UTC)), end_date=None, state=<TaskInstanceState.RUNNING: 'running'>, is_mapped=False, rendered_map_index=None)","logger":"task"}
{"timestamp":"2025-07-13T16:34:58.823532","level":"info","event":"DAG bundles loaded: dags-folder","logger":"airflow.dag_processing.bundles.manager.DagBundlesManager"}
{"timestamp":"2025-07-13T16:34:58.828749","level":"info","event":"Filling up the DagBag from /opt/airflow/dags/data_ingestion_localpg_dag.py","logger":"airflow.models.dagbag.DagBag"}
{"timestamp":"2025-07-13T16:34:59.784763","level":"info","event":"Tmp dir root location: /tmp","logger":"airflow.task.hooks.airflow.providers.standard.hooks.subprocess.SubprocessHook"}
{"timestamp":"2025-07-13T16:34:59.787586","level":"info","event":"Running command: ['/usr/bin/bash', '-c', 'wget https://github.com/DataTalksClub/nyc-tlc-data/releases/download/yellow/yellow_tripdata_2022-11.csv.gz -O /opt/airflow/yellow_tripdata_2022-11.csv.gz && gunzip -f /opt/airflow/yellow_tripdata_2022-11.csv.gz || rm -f /opt/airflow/yellow_tripdata_2022-11.csv.gz']","logger":"airflow.task.hooks.airflow.providers.standard.hooks.subprocess.SubprocessHook"}
{"timestamp":"2025-07-13T16:34:59.829562","level":"info","event":"Output:","logger":"airflow.task.hooks.airflow.providers.standard.hooks.subprocess.SubprocessHook"}
{"timestamp":"2025-07-13T16:34:59.845800","level":"info","event":"--2025-07-13 16:34:59--  https://github.com/DataTalksClub/nyc-tlc-data/releases/download/yellow/yellow_tripdata_2022-11.csv.gz","logger":"airflow.task.hooks.airflow.providers.standard.hooks.subprocess.SubprocessHook"}
{"timestamp":"2025-07-13T16:34:59.875864","level":"info","event":"Resolving github.com (github.com)... 20.205.243.166","logger":"airflow.task.hooks.airflow.providers.standard.hooks.subprocess.SubprocessHook"}
{"timestamp":"2025-07-13T16:34:59.885919","level":"info","event":"Connecting to github.com (github.com)|20.205.243.166|:443... connected.","logger":"airflow.task.hooks.airflow.providers.standard.hooks.subprocess.SubprocessHook"}
{"timestamp":"2025-07-13T16:35:00.194469","level":"info","event":"HTTP request sent, awaiting response... 404 Not Found","logger":"airflow.task.hooks.airflow.providers.standard.hooks.subprocess.SubprocessHook"}
{"timestamp":"2025-07-13T16:35:00.194691","level":"info","event":"2025-07-13 16:35:00 ERROR 404: Not Found.","logger":"airflow.task.hooks.airflow.providers.standard.hooks.subprocess.SubprocessHook"}
{"timestamp":"2025-07-13T16:35:00.194751","level":"info","event":"","logger":"airflow.task.hooks.airflow.providers.standard.hooks.subprocess.SubprocessHook"}
{"timestamp":"2025-07-13T16:35:00.199358","level":"info","event":"Command exited with return code 0","logger":"airflow.task.hooks.airflow.providers.standard.hooks.subprocess.SubprocessHook"}
{"timestamp":"2025-07-13T16:35:00.201091","level":"info","event":"Pushing xcom","ti":"RuntimeTaskInstance(id=UUID('019804a3-c168-72a3-a3a2-151dcf11c2d0'), task_id='wget_trips_csvgz', dag_id='local_ingestion_pg', run_id='scheduled__2022-11-02T06:00:00+00:00', try_number=1, map_index=-1, hostname='890ba30a36b0', context_carrier={}, task=<Task(BashOperator): wget_trips_csvgz>, bundle_instance=LocalDagBundle(name=dags-folder), max_tries=0, start_date=datetime.datetime(2025, 7, 13, 16, 34, 58, 134936, tzinfo=TzInfo(UTC)), end_date=None, state=<TaskInstanceState.RUNNING: 'running'>, is_mapped=False, rendered_map_index=None)","logger":"task"}
