{"timestamp":"2025-07-17T06:42:24.149707","level":"info","event":"DAG bundles loaded: dags-folder","logger":"airflow.dag_processing.bundles.manager.DagBundlesManager"}
{"timestamp":"2025-07-17T06:42:24.150964","level":"info","event":"Filling up the DagBag from /opt/airflow/dags/data_ingestion_localpg_dag.py","logger":"airflow.models.dagbag.DagBag"}
{"timestamp":"2025-07-17T06:42:24.477926","level":"info","event":"Tmp dir root location: /tmp","logger":"airflow.task.hooks.airflow.providers.standard.hooks.subprocess.SubprocessHook"}
{"timestamp":"2025-07-17T06:42:24.479262","level":"info","event":"Running command: ['/usr/bin/bash', '-c', 'wget https://github.com/DataTalksClub/nyc-tlc-data/releases/download/green/green_tripdata_2020-01.csv.gz -O /opt/airflow/green_tripdata_2020-01.csv.gz && gunzip -f /opt/airflow/green_tripdata_2020-01.csv.gz || rm -f /opt/airflow/green_tripdata_2020-01.csv.gz']","logger":"airflow.task.hooks.airflow.providers.standard.hooks.subprocess.SubprocessHook"}
{"timestamp":"2025-07-17T06:42:24.492059","level":"info","event":"Output:","logger":"airflow.task.hooks.airflow.providers.standard.hooks.subprocess.SubprocessHook"}
{"timestamp":"2025-07-17T06:42:24.496625","level":"info","event":"--2025-07-17 06:42:24--  https://github.com/DataTalksClub/nyc-tlc-data/releases/download/green/green_tripdata_2020-01.csv.gz","logger":"airflow.task.hooks.airflow.providers.standard.hooks.subprocess.SubprocessHook"}
{"timestamp":"2025-07-17T06:42:24.514432","level":"info","event":"Resolving github.com (github.com)... 20.205.243.166","logger":"airflow.task.hooks.airflow.providers.standard.hooks.subprocess.SubprocessHook"}
{"timestamp":"2025-07-17T06:42:24.522616","level":"info","event":"Connecting to github.com (github.com)|20.205.243.166|:443... connected.","logger":"airflow.task.hooks.airflow.providers.standard.hooks.subprocess.SubprocessHook"}
{"timestamp":"2025-07-17T06:42:24.875419","level":"info","event":"HTTP request sent, awaiting response... 302 Found","logger":"airflow.task.hooks.airflow.providers.standard.hooks.subprocess.SubprocessHook"}
{"timestamp":"2025-07-17T06:42:24.875914","level":"info","event":"Location: https://release-assets.githubusercontent.com/github-production-release-asset/513814948/6e8a7b28-b1ea-455e-9803-cd8943d96c26?sp=r&sv=2018-11-09&sr=b&spr=https&se=2025-07-17T07%3A42%3A42Z&rscd=attachment%3B+filename%3Dgreen_tripdata_2020-01.csv.gz&rsct=application%2Foctet-stream&skoid=96c2d410-5711-43a1-aedd-ab1947aa7ab0&sktid=398a6654-997b-47e9-b12b-9515b896b4de&skt=2025-07-17T06%3A42%3A17Z&ske=2025-07-17T07%3A42%3A42Z&sks=b&skv=2018-11-09&sig=%2FzC5egPyWOZnyHRXNik2eG8HR%2BxkFGFbtCboXULnyAA%3D&jwt=eyJ******&response-content-disposition=attachment%3B%20filename%3Dgreen_tripdata_2020-01.csv.gz&response-content-type=application%2Foctet-stream [following]","logger":"airflow.task.hooks.airflow.providers.standard.hooks.subprocess.SubprocessHook"}
{"timestamp":"2025-07-17T06:42:24.876250","level":"info","event":"--2025-07-17 06:42:24--  https://release-assets.githubusercontent.com/github-production-release-asset/513814948/6e8a7b28-b1ea-455e-9803-cd8943d96c26?sp=r&sv=2018-11-09&sr=b&spr=https&se=2025-07-17T07%3A42%3A42Z&rscd=attachment%3B+filename%3Dgreen_tripdata_2020-01.csv.gz&rsct=application%2Foctet-stream&skoid=96c2d410-5711-43a1-aedd-ab1947aa7ab0&sktid=398a6654-997b-47e9-b12b-9515b896b4de&skt=2025-07-17T06%3A42%3A17Z&ske=2025-07-17T07%3A42%3A42Z&sks=b&skv=2018-11-09&sig=%2FzC5egPyWOZnyHRXNik2eG8HR%2BxkFGFbtCboXULnyAA%3D&jwt=eyJ******&response-content-disposition=attachment%3B%20filename%3Dgreen_tripdata_2020-01.csv.gz&response-content-type=application%2Foctet-stream","logger":"airflow.task.hooks.airflow.providers.standard.hooks.subprocess.SubprocessHook"}
{"timestamp":"2025-07-17T06:42:24.896654","level":"info","event":"Resolving release-assets.githubusercontent.com (release-assets.githubusercontent.com)... 185.199.108.133, 185.199.109.133, 185.199.110.133, ...","logger":"airflow.task.hooks.airflow.providers.standard.hooks.subprocess.SubprocessHook"}
{"timestamp":"2025-07-17T06:42:24.912223","level":"info","event":"Connecting to release-assets.githubusercontent.com (release-assets.githubusercontent.com)|185.199.108.133|:443... connected.","logger":"airflow.task.hooks.airflow.providers.standard.hooks.subprocess.SubprocessHook"}
{"timestamp":"2025-07-17T06:42:25.332387","level":"info","event":"HTTP request sent, awaiting response... 200 OK","logger":"airflow.task.hooks.airflow.providers.standard.hooks.subprocess.SubprocessHook"}
{"timestamp":"2025-07-17T06:42:25.332616","level":"info","event":"Length: 7541109 (7.2M) [application/octet-stream]","logger":"airflow.task.hooks.airflow.providers.standard.hooks.subprocess.SubprocessHook"}
{"timestamp":"2025-07-17T06:42:25.332677","level":"info","event":"Saving to: ‘/opt/airflow/green_tripdata_2020-01.csv.gz’","logger":"airflow.task.hooks.airflow.providers.standard.hooks.subprocess.SubprocessHook"}
{"timestamp":"2025-07-17T06:42:25.332783","level":"info","event":"","logger":"airflow.task.hooks.airflow.providers.standard.hooks.subprocess.SubprocessHook"}
{"timestamp":"2025-07-17T06:42:25.351612","level":"info","event":"     0K .......... .......... .......... .......... ..........  0% 2.79M 3s","logger":"airflow.task.hooks.airflow.providers.standard.hooks.subprocess.SubprocessHook"}
{"timestamp":"2025-07-17T06:42:25.360828","level":"info","event":"    50K .......... .......... .......... .......... ..........  1% 4.44M 2s","logger":"airflow.task.hooks.airflow.providers.standard.hooks.subprocess.SubprocessHook"}
{"timestamp":"2025-07-17T06:42:25.363619","level":"info","event":"   100K .......... .......... .......... .......... ..........  2% 18.0M 2s","logger":"airflow.task.hooks.airflow.providers.standard.hooks.subprocess.SubprocessHook"}
{"timestamp":"2025-07-17T06:42:25.382151","level":"info","event":"   150K .......... .......... .......... .......... ..........  2% 2.66M 2s","logger":"airflow.task.hooks.airflow.providers.standard.hooks.subprocess.SubprocessHook"}
{"timestamp":"2025-07-17T06:42:25.388191","level":"info","event":"   200K .......... .......... .......... .......... ..........  3% 9.24M 2s","logger":"airflow.task.hooks.airflow.providers.standard.hooks.subprocess.SubprocessHook"}
{"timestamp":"2025-07-17T06:42:25.404417","level":"info","event":"   250K .......... .......... .......... .......... ..........  4% 14.9M 1s","logger":"airflow.task.hooks.airflow.providers.standard.hooks.subprocess.SubprocessHook"}
{"timestamp":"2025-07-17T06:42:25.408971","level":"info","event":"   300K .......... .......... .......... .......... ..........  4% 3.31M 1s","logger":"airflow.task.hooks.airflow.providers.standard.hooks.subprocess.SubprocessHook"}
{"timestamp":"2025-07-17T06:42:25.415538","level":"info","event":"   350K .......... .......... .......... .......... ..........  5% 4.99M 1s","logger":"airflow.task.hooks.airflow.providers.standard.hooks.subprocess.SubprocessHook"}
{"timestamp":"2025-07-17T06:42:25.444002","level":"info","event":"   400K .......... .......... .......... .......... ..........  6% 3.95M 1s","logger":"airflow.task.hooks.airflow.providers.standard.hooks.subprocess.SubprocessHook"}
{"timestamp":"2025-07-17T06:42:25.463658","level":"info","event":"   450K .......... .......... .......... .......... ..........  6% 1.51M 2s","logger":"airflow.task.hooks.airflow.providers.standard.hooks.subprocess.SubprocessHook"}
{"timestamp":"2025-07-17T06:42:25.463780","level":"info","event":"   500K .......... .......... .......... .......... ..........  7% 10.9M 2s","logger":"airflow.task.hooks.airflow.providers.standard.hooks.subprocess.SubprocessHook"}
{"timestamp":"2025-07-17T06:42:25.465713","level":"info","event":"   550K .......... .......... .......... .......... ..........  8% 24.9M 2s","logger":"airflow.task.hooks.airflow.providers.standard.hooks.subprocess.SubprocessHook"}
{"timestamp":"2025-07-17T06:42:25.471948","level":"info","event":"   600K .......... .......... .......... .......... ..........  8% 7.92M 1s","logger":"airflow.task.hooks.airflow.providers.standard.hooks.subprocess.SubprocessHook"}
{"timestamp":"2025-07-17T06:42:25.472859","level":"info","event":"   650K .......... .......... .......... .......... ..........  9% 56.2M 1s","logger":"airflow.task.hooks.airflow.providers.standard.hooks.subprocess.SubprocessHook"}
{"timestamp":"2025-07-17T06:42:25.474795","level":"info","event":"   700K .......... .......... .......... .......... .......... 10% 25.9M 1s","logger":"airflow.task.hooks.airflow.providers.standard.hooks.subprocess.SubprocessHook"}
{"timestamp":"2025-07-17T06:42:25.476288","level":"info","event":"   750K .......... .......... .......... .......... .......... 10% 46.3M 1s","logger":"airflow.task.hooks.airflow.providers.standard.hooks.subprocess.SubprocessHook"}
{"timestamp":"2025-07-17T06:42:25.476431","level":"info","event":"   800K .......... .......... .......... .......... .......... 11%  174M 1s","logger":"airflow.task.hooks.airflow.providers.standard.hooks.subprocess.SubprocessHook"}
{"timestamp":"2025-07-17T06:42:25.476507","level":"info","event":"   850K .......... .......... .......... .......... .......... 12%  182M 1s","logger":"airflow.task.hooks.airflow.providers.standard.hooks.subprocess.SubprocessHook"}
{"timestamp":"2025-07-17T06:42:25.476970","level":"info","event":"   900K .......... .......... .......... .......... .......... 12%  218M 1s","logger":"airflow.task.hooks.airflow.providers.standard.hooks.subprocess.SubprocessHook"}
{"timestamp":"2025-07-17T06:42:25.477033","level":"info","event":"   950K .......... .......... .......... .......... .......... 13% 67.7M 1s","logger":"airflow.task.hooks.airflow.providers.standard.hooks.subprocess.SubprocessHook"}
{"timestamp":"2025-07-17T06:42:25.478250","level":"info","event":"  1000K .......... .......... .......... .......... .......... 14% 47.9M 1s","logger":"airflow.task.hooks.airflow.providers.standard.hooks.subprocess.SubprocessHook"}
{"timestamp":"2025-07-17T06:42:25.480062","level":"info","event":"  1050K .......... .......... .......... .......... .......... 14% 27.1M 1s","logger":"airflow.task.hooks.airflow.providers.standard.hooks.subprocess.SubprocessHook"}
{"timestamp":"2025-07-17T06:42:25.482324","level":"info","event":"  1100K .......... .......... .......... .......... .......... 15% 24.9M 1s","logger":"airflow.task.hooks.airflow.providers.standard.hooks.subprocess.SubprocessHook"}
{"timestamp":"2025-07-17T06:42:25.482735","level":"info","event":"  1150K .......... .......... .......... .......... .......... 16% 79.5M 1s","logger":"airflow.task.hooks.airflow.providers.standard.hooks.subprocess.SubprocessHook"}
{"timestamp":"2025-07-17T06:42:25.486678","level":"info","event":"  1200K .......... .......... .......... .......... .......... 16% 12.5M 1s","logger":"airflow.task.hooks.airflow.providers.standard.hooks.subprocess.SubprocessHook"}
{"timestamp":"2025-07-17T06:42:25.486809","level":"info","event":"  1250K .......... .......... .......... .......... .......... 17%  192M 1s","logger":"airflow.task.hooks.airflow.providers.standard.hooks.subprocess.SubprocessHook"}
{"timestamp":"2025-07-17T06:42:25.486880","level":"info","event":"  1300K .......... .......... .......... .......... .......... 18%  236M 1s","logger":"airflow.task.hooks.airflow.providers.standard.hooks.subprocess.SubprocessHook"}
{"timestamp":"2025-07-17T06:42:25.487406","level":"info","event":"  1350K .......... .......... .......... .......... .......... 19%  100M 1s","logger":"airflow.task.hooks.airflow.providers.standard.hooks.subprocess.SubprocessHook"}
{"timestamp":"2025-07-17T06:42:25.488134","level":"info","event":"  1400K .......... .......... .......... .......... .......... 19% 58.0M 1s","logger":"airflow.task.hooks.airflow.providers.standard.hooks.subprocess.SubprocessHook"}
{"timestamp":"2025-07-17T06:42:25.488665","level":"info","event":"  1450K .......... .......... .......... .......... .......... 20%  137M 1s","logger":"airflow.task.hooks.airflow.providers.standard.hooks.subprocess.SubprocessHook"}
{"timestamp":"2025-07-17T06:42:25.489938","level":"info","event":"  1500K .......... .......... .......... .......... .......... 21% 38.6M 1s","logger":"airflow.task.hooks.airflow.providers.standard.hooks.subprocess.SubprocessHook"}
{"timestamp":"2025-07-17T06:42:25.490894","level":"info","event":"  1550K .......... .......... .......... .......... .......... 21% 49.8M 1s","logger":"airflow.task.hooks.airflow.providers.standard.hooks.subprocess.SubprocessHook"}
{"timestamp":"2025-07-17T06:42:25.492590","level":"info","event":"  1600K .......... .......... .......... .......... .......... 22% 32.3M 1s","logger":"airflow.task.hooks.airflow.providers.standard.hooks.subprocess.SubprocessHook"}
{"timestamp":"2025-07-17T06:42:25.495820","level":"info","event":"  1650K .......... .......... .......... .......... .......... 23% 22.5M 1s","logger":"airflow.task.hooks.airflow.providers.standard.hooks.subprocess.SubprocessHook"}
{"timestamp":"2025-07-17T06:42:25.496278","level":"info","event":"  1700K .......... .......... .......... .......... .......... 23% 40.9M 1s","logger":"airflow.task.hooks.airflow.providers.standard.hooks.subprocess.SubprocessHook"}
{"timestamp":"2025-07-17T06:42:25.500179","level":"info","event":"  1750K .......... .......... .......... .......... .......... 24% 13.4M 1s","logger":"airflow.task.hooks.airflow.providers.standard.hooks.subprocess.SubprocessHook"}
{"timestamp":"2025-07-17T06:42:25.511321","level":"info","event":"  1800K .......... .......... .......... .......... .......... 25% 4.50M 1s","logger":"airflow.task.hooks.airflow.providers.standard.hooks.subprocess.SubprocessHook"}
{"timestamp":"2025-07-17T06:42:25.515419","level":"info","event":"  1850K .......... .......... .......... .......... .......... 25% 12.6M 1s","logger":"airflow.task.hooks.airflow.providers.standard.hooks.subprocess.SubprocessHook"}
{"timestamp":"2025-07-17T06:42:25.515515","level":"info","event":"  1900K .......... .......... .......... .......... .......... 26%  162M 1s","logger":"airflow.task.hooks.airflow.providers.standard.hooks.subprocess.SubprocessHook"}
{"timestamp":"2025-07-17T06:42:25.515709","level":"info","event":"  1950K .......... .......... .......... .......... .......... 27%  163M 0s","logger":"airflow.task.hooks.airflow.providers.standard.hooks.subprocess.SubprocessHook"}
{"timestamp":"2025-07-17T06:42:25.515951","level":"info","event":"  2000K .......... .......... .......... .......... .......... 27%  218M 0s","logger":"airflow.task.hooks.airflow.providers.standard.hooks.subprocess.SubprocessHook"}
{"timestamp":"2025-07-17T06:42:25.520251","level":"info","event":"  2050K .......... .......... .......... .......... .......... 28% 13.2M 0s","logger":"airflow.task.hooks.airflow.providers.standard.hooks.subprocess.SubprocessHook"}
{"timestamp":"2025-07-17T06:42:25.521262","level":"info","event":"  2100K .......... .......... .......... .......... .......... 29% 32.5M 0s","logger":"airflow.task.hooks.airflow.providers.standard.hooks.subprocess.SubprocessHook"}
{"timestamp":"2025-07-17T06:42:25.524762","level":"info","event":"  2150K .......... .......... .......... .......... .......... 29% 11.6M 0s","logger":"airflow.task.hooks.airflow.providers.standard.hooks.subprocess.SubprocessHook"}
{"timestamp":"2025-07-17T06:42:25.527301","level":"info","event":"  2200K .......... .......... .......... .......... .......... 30% 35.5M 0s","logger":"airflow.task.hooks.airflow.providers.standard.hooks.subprocess.SubprocessHook"}
{"timestamp":"2025-07-17T06:42:25.528908","level":"info","event":"  2250K .......... .......... .......... .......... .......... 31% 15.9M 0s","logger":"airflow.task.hooks.airflow.providers.standard.hooks.subprocess.SubprocessHook"}
{"timestamp":"2025-07-17T06:42:25.529873","level":"info","event":"  2300K .......... .......... .......... .......... .......... 31% 53.5M 0s","logger":"airflow.task.hooks.airflow.providers.standard.hooks.subprocess.SubprocessHook"}
{"timestamp":"2025-07-17T06:42:25.530838","level":"info","event":"  2350K .......... .......... .......... .......... .......... 32% 63.7M 0s","logger":"airflow.task.hooks.airflow.providers.standard.hooks.subprocess.SubprocessHook"}
{"timestamp":"2025-07-17T06:42:25.531927","level":"info","event":"  2400K .......... .......... .......... .......... .......... 33% 41.7M 0s","logger":"airflow.task.hooks.airflow.providers.standard.hooks.subprocess.SubprocessHook"}
{"timestamp":"2025-07-17T06:42:25.532903","level":"info","event":"  2450K .......... .......... .......... .......... .......... 33% 38.6M 0s","logger":"airflow.task.hooks.airflow.providers.standard.hooks.subprocess.SubprocessHook"}
{"timestamp":"2025-07-17T06:42:25.537320","level":"info","event":"  2500K .......... .......... .......... .......... .......... 34% 12.5M 0s","logger":"airflow.task.hooks.airflow.providers.standard.hooks.subprocess.SubprocessHook"}
{"timestamp":"2025-07-17T06:42:25.542181","level":"info","event":"  2550K .......... .......... .......... .......... .......... 35% 10.8M 0s","logger":"airflow.task.hooks.airflow.providers.standard.hooks.subprocess.SubprocessHook"}
{"timestamp":"2025-07-17T06:42:25.543278","level":"info","event":"  2600K .......... .......... .......... .......... .......... 35% 31.9M 0s","logger":"airflow.task.hooks.airflow.providers.standard.hooks.subprocess.SubprocessHook"}
{"timestamp":"2025-07-17T06:42:25.543557","level":"info","event":"  2650K .......... .......... .......... .......... .......... 36% 65.1M 0s","logger":"airflow.task.hooks.airflow.providers.standard.hooks.subprocess.SubprocessHook"}
{"timestamp":"2025-07-17T06:42:25.543826","level":"info","event":"  2700K .......... .......... .......... .......... .......... 37%  177M 0s","logger":"airflow.task.hooks.airflow.providers.standard.hooks.subprocess.SubprocessHook"}
{"timestamp":"2025-07-17T06:42:25.544239","level":"info","event":"  2750K .......... .......... .......... .......... .......... 38%  108M 0s","logger":"airflow.task.hooks.airflow.providers.standard.hooks.subprocess.SubprocessHook"}
{"timestamp":"2025-07-17T06:42:25.545011","level":"info","event":"  2800K .......... .......... .......... .......... .......... 38% 70.2M 0s","logger":"airflow.task.hooks.airflow.providers.standard.hooks.subprocess.SubprocessHook"}
{"timestamp":"2025-07-17T06:42:25.545396","level":"info","event":"  2850K .......... .......... .......... .......... .......... 39%  114M 0s","logger":"airflow.task.hooks.airflow.providers.standard.hooks.subprocess.SubprocessHook"}
{"timestamp":"2025-07-17T06:42:25.546967","level":"info","event":"  2900K .......... .......... .......... .......... .......... 40% 36.3M 0s","logger":"airflow.task.hooks.airflow.providers.standard.hooks.subprocess.SubprocessHook"}
{"timestamp":"2025-07-17T06:42:25.548248","level":"info","event":"  2950K .......... .......... .......... .......... .......... 40% 34.9M 0s","logger":"airflow.task.hooks.airflow.providers.standard.hooks.subprocess.SubprocessHook"}
{"timestamp":"2025-07-17T06:42:25.549833","level":"info","event":"  3000K .......... .......... .......... .......... .......... 41% 31.5M 0s","logger":"airflow.task.hooks.airflow.providers.standard.hooks.subprocess.SubprocessHook"}
{"timestamp":"2025-07-17T06:42:25.550209","level":"info","event":"  3050K .......... .......... .......... .......... .......... 42%  123M 0s","logger":"airflow.task.hooks.airflow.providers.standard.hooks.subprocess.SubprocessHook"}
{"timestamp":"2025-07-17T06:42:25.550912","level":"info","event":"  3100K .......... .......... .......... .......... .......... 42% 86.6M 0s","logger":"airflow.task.hooks.airflow.providers.standard.hooks.subprocess.SubprocessHook"}
{"timestamp":"2025-07-17T06:42:25.555964","level":"info","event":"  3150K .......... .......... .......... .......... .......... 43% 11.8M 0s","logger":"airflow.task.hooks.airflow.providers.standard.hooks.subprocess.SubprocessHook"}
{"timestamp":"2025-07-17T06:42:25.557458","level":"info","event":"  3200K .......... .......... .......... .......... .......... 44% 29.0M 0s","logger":"airflow.task.hooks.airflow.providers.standard.hooks.subprocess.SubprocessHook"}
{"timestamp":"2025-07-17T06:42:25.558385","level":"info","event":"  3250K .......... .......... .......... .......... .......... 44% 31.8M 0s","logger":"airflow.task.hooks.airflow.providers.standard.hooks.subprocess.SubprocessHook"}
{"timestamp":"2025-07-17T06:42:25.558921","level":"info","event":"  3300K .......... .......... .......... .......... .......... 45%  180M 0s","logger":"airflow.task.hooks.airflow.providers.standard.hooks.subprocess.SubprocessHook"}
{"timestamp":"2025-07-17T06:42:25.562621","level":"info","event":"  3350K .......... .......... .......... .......... .......... 46% 12.0M 0s","logger":"airflow.task.hooks.airflow.providers.standard.hooks.subprocess.SubprocessHook"}
{"timestamp":"2025-07-17T06:42:25.567219","level":"info","event":"  3400K .......... .......... .......... .......... .......... 46% 12.0M 0s","logger":"airflow.task.hooks.airflow.providers.standard.hooks.subprocess.SubprocessHook"}
{"timestamp":"2025-07-17T06:42:25.567352","level":"info","event":"  3450K .......... .......... .......... .......... .......... 47%  128M 0s","logger":"airflow.task.hooks.airflow.providers.standard.hooks.subprocess.SubprocessHook"}
{"timestamp":"2025-07-17T06:42:25.567386","level":"info","event":"  3500K .......... .......... .......... .......... .......... 48%  126M 0s","logger":"airflow.task.hooks.airflow.providers.standard.hooks.subprocess.SubprocessHook"}
{"timestamp":"2025-07-17T06:42:25.569709","level":"info","event":"  3550K .......... .......... .......... .......... .......... 48% 19.3M 0s","logger":"airflow.task.hooks.airflow.providers.standard.hooks.subprocess.SubprocessHook"}
{"timestamp":"2025-07-17T06:42:25.570006","level":"info","event":"  3600K .......... .......... .......... .......... .......... 49%  193M 0s","logger":"airflow.task.hooks.airflow.providers.standard.hooks.subprocess.SubprocessHook"}
{"timestamp":"2025-07-17T06:42:25.570676","level":"info","event":"  3650K .......... .......... .......... .......... .......... 50% 71.4M 0s","logger":"airflow.task.hooks.airflow.providers.standard.hooks.subprocess.SubprocessHook"}
{"timestamp":"2025-07-17T06:42:25.571275","level":"info","event":"  3700K .......... .......... .......... .......... .......... 50% 97.3M 0s","logger":"airflow.task.hooks.airflow.providers.standard.hooks.subprocess.SubprocessHook"}
{"timestamp":"2025-07-17T06:42:25.573452","level":"info","event":"  3750K .......... .......... .......... .......... .......... 51% 21.0M 0s","logger":"airflow.task.hooks.airflow.providers.standard.hooks.subprocess.SubprocessHook"}
{"timestamp":"2025-07-17T06:42:25.574498","level":"info","event":"  3800K .......... .......... .......... .......... .......... 52%  104M 0s","logger":"airflow.task.hooks.airflow.providers.standard.hooks.subprocess.SubprocessHook"}
{"timestamp":"2025-07-17T06:42:25.575617","level":"info","event":"  3850K .......... .......... .......... .......... .......... 52% 33.0M 0s","logger":"airflow.task.hooks.airflow.providers.standard.hooks.subprocess.SubprocessHook"}
{"timestamp":"2025-07-17T06:42:25.575726","level":"info","event":"  3900K .......... .......... .......... .......... .......... 53%  243M 0s","logger":"airflow.task.hooks.airflow.providers.standard.hooks.subprocess.SubprocessHook"}
{"timestamp":"2025-07-17T06:42:25.576632","level":"info","event":"  3950K .......... .......... .......... .......... .......... 54% 47.3M 0s","logger":"airflow.task.hooks.airflow.providers.standard.hooks.subprocess.SubprocessHook"}
{"timestamp":"2025-07-17T06:42:25.577597","level":"info","event":"  4000K .......... .......... .......... .......... .......... 54% 68.8M 0s","logger":"airflow.task.hooks.airflow.providers.standard.hooks.subprocess.SubprocessHook"}
{"timestamp":"2025-07-17T06:42:25.577649","level":"info","event":"  4050K .......... .......... .......... .......... .......... 55%  167M 0s","logger":"airflow.task.hooks.airflow.providers.standard.hooks.subprocess.SubprocessHook"}
{"timestamp":"2025-07-17T06:42:25.578436","level":"info","event":"  4100K .......... .......... .......... .......... .......... 56%  214M 0s","logger":"airflow.task.hooks.airflow.providers.standard.hooks.subprocess.SubprocessHook"}
{"timestamp":"2025-07-17T06:42:25.586412","level":"info","event":"  4150K .......... .......... .......... .......... .......... 57% 9.32M 0s","logger":"airflow.task.hooks.airflow.providers.standard.hooks.subprocess.SubprocessHook"}
{"timestamp":"2025-07-17T06:42:25.586605","level":"info","event":"  4200K .......... .......... .......... .......... .......... 57% 16.7M 0s","logger":"airflow.task.hooks.airflow.providers.standard.hooks.subprocess.SubprocessHook"}
{"timestamp":"2025-07-17T06:42:25.588856","level":"info","event":"  4250K .......... .......... .......... .......... .......... 58% 19.0M 0s","logger":"airflow.task.hooks.airflow.providers.standard.hooks.subprocess.SubprocessHook"}
{"timestamp":"2025-07-17T06:42:25.591511","level":"info","event":"  4300K .......... .......... .......... .......... .......... 59% 19.9M 0s","logger":"airflow.task.hooks.airflow.providers.standard.hooks.subprocess.SubprocessHook"}
{"timestamp":"2025-07-17T06:42:25.592426","level":"info","event":"  4350K .......... .......... .......... .......... .......... 59% 37.2M 0s","logger":"airflow.task.hooks.airflow.providers.standard.hooks.subprocess.SubprocessHook"}
{"timestamp":"2025-07-17T06:42:25.593006","level":"info","event":"  4400K .......... .......... .......... .......... .......... 60% 85.8M 0s","logger":"airflow.task.hooks.airflow.providers.standard.hooks.subprocess.SubprocessHook"}
{"timestamp":"2025-07-17T06:42:25.593457","level":"info","event":"  4450K .......... .......... .......... .......... .......... 61% 86.6M 0s","logger":"airflow.task.hooks.airflow.providers.standard.hooks.subprocess.SubprocessHook"}
{"timestamp":"2025-07-17T06:42:25.594022","level":"info","event":"  4500K .......... .......... .......... .......... .......... 61%  208M 0s","logger":"airflow.task.hooks.airflow.providers.standard.hooks.subprocess.SubprocessHook"}
{"timestamp":"2025-07-17T06:42:25.594111","level":"info","event":"  4550K .......... .......... .......... .......... .......... 62%  114M 0s","logger":"airflow.task.hooks.airflow.providers.standard.hooks.subprocess.SubprocessHook"}
{"timestamp":"2025-07-17T06:42:25.594517","level":"info","event":"  4600K .......... .......... .......... .......... .......... 63%  146M 0s","logger":"airflow.task.hooks.airflow.providers.standard.hooks.subprocess.SubprocessHook"}
{"timestamp":"2025-07-17T06:42:25.595178","level":"info","event":"  4650K .......... .......... .......... .......... .......... 63% 81.2M 0s","logger":"airflow.task.hooks.airflow.providers.standard.hooks.subprocess.SubprocessHook"}
{"timestamp":"2025-07-17T06:42:25.595956","level":"info","event":"  4700K .......... .......... .......... .......... .......... 64% 61.1M 0s","logger":"airflow.task.hooks.airflow.providers.standard.hooks.subprocess.SubprocessHook"}
{"timestamp":"2025-07-17T06:42:25.597865","level":"info","event":"  4750K .......... .......... .......... .......... .......... 65% 25.7M 0s","logger":"airflow.task.hooks.airflow.providers.standard.hooks.subprocess.SubprocessHook"}
{"timestamp":"2025-07-17T06:42:25.598651","level":"info","event":"  4800K .......... .......... .......... .......... .......... 65% 59.3M 0s","logger":"airflow.task.hooks.airflow.providers.standard.hooks.subprocess.SubprocessHook"}
{"timestamp":"2025-07-17T06:42:25.600003","level":"info","event":"  4850K .......... .......... .......... .......... .......... 66% 39.3M 0s","logger":"airflow.task.hooks.airflow.providers.standard.hooks.subprocess.SubprocessHook"}
{"timestamp":"2025-07-17T06:42:25.600499","level":"info","event":"  4900K .......... .......... .......... .......... .......... 67% 83.3M 0s","logger":"airflow.task.hooks.airflow.providers.standard.hooks.subprocess.SubprocessHook"}
{"timestamp":"2025-07-17T06:42:25.600835","level":"info","event":"  4950K .......... .......... .......... .......... .......... 67%  114M 0s","logger":"airflow.task.hooks.airflow.providers.standard.hooks.subprocess.SubprocessHook"}
{"timestamp":"2025-07-17T06:42:25.602442","level":"info","event":"  5000K .......... .......... .......... .......... .......... 68% 38.4M 0s","logger":"airflow.task.hooks.airflow.providers.standard.hooks.subprocess.SubprocessHook"}
{"timestamp":"2025-07-17T06:42:25.602938","level":"info","event":"  5050K .......... .......... .......... .......... .......... 69% 61.7M 0s","logger":"airflow.task.hooks.airflow.providers.standard.hooks.subprocess.SubprocessHook"}
{"timestamp":"2025-07-17T06:42:25.604062","level":"info","event":"  5100K .......... .......... .......... .......... .......... 69% 49.2M 0s","logger":"airflow.task.hooks.airflow.providers.standard.hooks.subprocess.SubprocessHook"}
{"timestamp":"2025-07-17T06:42:25.604282","level":"info","event":"  5150K .......... .......... .......... .......... .......... 70%  147M 0s","logger":"airflow.task.hooks.airflow.providers.standard.hooks.subprocess.SubprocessHook"}
{"timestamp":"2025-07-17T06:42:25.605445","level":"info","event":"  5200K .......... .......... .......... .......... .......... 71% 52.5M 0s","logger":"airflow.task.hooks.airflow.providers.standard.hooks.subprocess.SubprocessHook"}
{"timestamp":"2025-07-17T06:42:25.608718","level":"info","event":"  5250K .......... .......... .......... .......... .......... 71% 27.5M 0s","logger":"airflow.task.hooks.airflow.providers.standard.hooks.subprocess.SubprocessHook"}
{"timestamp":"2025-07-17T06:42:25.613573","level":"info","event":"  5300K .......... .......... .......... .......... .......... 72% 8.39M 0s","logger":"airflow.task.hooks.airflow.providers.standard.hooks.subprocess.SubprocessHook"}
{"timestamp":"2025-07-17T06:42:25.621413","level":"info","event":"  5350K .......... .......... .......... .......... .......... 73% 6.19M 0s","logger":"airflow.task.hooks.airflow.providers.standard.hooks.subprocess.SubprocessHook"}
{"timestamp":"2025-07-17T06:42:25.624860","level":"info","event":"  5400K .......... .......... .......... .......... .......... 74% 13.9M 0s","logger":"airflow.task.hooks.airflow.providers.standard.hooks.subprocess.SubprocessHook"}
{"timestamp":"2025-07-17T06:42:25.625055","level":"info","event":"  5450K .......... .......... .......... .......... .......... 74%  122M 0s","logger":"airflow.task.hooks.airflow.providers.standard.hooks.subprocess.SubprocessHook"}
{"timestamp":"2025-07-17T06:42:25.627119","level":"info","event":"  5500K .......... .......... .......... .......... .......... 75% 22.4M 0s","logger":"airflow.task.hooks.airflow.providers.standard.hooks.subprocess.SubprocessHook"}
{"timestamp":"2025-07-17T06:42:25.629550","level":"info","event":"  5550K .......... .......... .......... .......... .......... 76% 19.6M 0s","logger":"airflow.task.hooks.airflow.providers.standard.hooks.subprocess.SubprocessHook"}
{"timestamp":"2025-07-17T06:42:25.629930","level":"info","event":"  5600K .......... .......... .......... .......... .......... 76%  211M 0s","logger":"airflow.task.hooks.airflow.providers.standard.hooks.subprocess.SubprocessHook"}
{"timestamp":"2025-07-17T06:42:25.630254","level":"info","event":"  5650K .......... .......... .......... .......... .......... 77% 70.2M 0s","logger":"airflow.task.hooks.airflow.providers.standard.hooks.subprocess.SubprocessHook"}
{"timestamp":"2025-07-17T06:42:25.630928","level":"info","event":"  5700K .......... .......... .......... .......... .......... 78% 89.3M 0s","logger":"airflow.task.hooks.airflow.providers.standard.hooks.subprocess.SubprocessHook"}
{"timestamp":"2025-07-17T06:42:25.634963","level":"info","event":"  5750K .......... .......... .......... .......... .......... 78% 18.1M 0s","logger":"airflow.task.hooks.airflow.providers.standard.hooks.subprocess.SubprocessHook"}
{"timestamp":"2025-07-17T06:42:25.636440","level":"info","event":"  5800K .......... .......... .......... .......... .......... 79% 20.8M 0s","logger":"airflow.task.hooks.airflow.providers.standard.hooks.subprocess.SubprocessHook"}
{"timestamp":"2025-07-17T06:42:25.638494","level":"info","event":"  5850K .......... .......... .......... .......... .......... 80% 19.0M 0s","logger":"airflow.task.hooks.airflow.providers.standard.hooks.subprocess.SubprocessHook"}
{"timestamp":"2025-07-17T06:42:25.639985","level":"info","event":"  5900K .......... .......... .......... .......... .......... 80% 35.9M 0s","logger":"airflow.task.hooks.airflow.providers.standard.hooks.subprocess.SubprocessHook"}
{"timestamp":"2025-07-17T06:42:25.643800","level":"info","event":"  5950K .......... .......... .......... .......... .......... 81% 16.5M 0s","logger":"airflow.task.hooks.airflow.providers.standard.hooks.subprocess.SubprocessHook"}
{"timestamp":"2025-07-17T06:42:25.644229","level":"info","event":"  6000K .......... .......... .......... .......... .......... 82% 51.8M 0s","logger":"airflow.task.hooks.airflow.providers.standard.hooks.subprocess.SubprocessHook"}
{"timestamp":"2025-07-17T06:42:25.647356","level":"info","event":"  6050K .......... .......... .......... .......... .......... 82% 20.1M 0s","logger":"airflow.task.hooks.airflow.providers.standard.hooks.subprocess.SubprocessHook"}
{"timestamp":"2025-07-17T06:42:25.652469","level":"info","event":"  6100K .......... .......... .......... .......... .......... 83% 8.69M 0s","logger":"airflow.task.hooks.airflow.providers.standard.hooks.subprocess.SubprocessHook"}
{"timestamp":"2025-07-17T06:42:25.652545","level":"info","event":"  6150K .......... .......... .......... .......... .......... 84%  166M 0s","logger":"airflow.task.hooks.airflow.providers.standard.hooks.subprocess.SubprocessHook"}
{"timestamp":"2025-07-17T06:42:25.652575","level":"info","event":"  6200K .......... .......... .......... .......... .......... 84%  158M 0s","logger":"airflow.task.hooks.airflow.providers.standard.hooks.subprocess.SubprocessHook"}
{"timestamp":"2025-07-17T06:42:25.658523","level":"info","event":"  6250K .......... .......... .......... .......... .......... 85% 29.3M 0s","logger":"airflow.task.hooks.airflow.providers.standard.hooks.subprocess.SubprocessHook"}
{"timestamp":"2025-07-17T06:42:25.658674","level":"info","event":"  6300K .......... .......... .......... .......... .......... 86% 95.7M 0s","logger":"airflow.task.hooks.airflow.providers.standard.hooks.subprocess.SubprocessHook"}
{"timestamp":"2025-07-17T06:42:25.659151","level":"info","event":"  6350K .......... .......... .......... .......... .......... 86% 10.8M 0s","logger":"airflow.task.hooks.airflow.providers.standard.hooks.subprocess.SubprocessHook"}
{"timestamp":"2025-07-17T06:42:25.661490","level":"info","event":"  6400K .......... .......... .......... .......... .......... 87% 25.7M 0s","logger":"airflow.task.hooks.airflow.providers.standard.hooks.subprocess.SubprocessHook"}
{"timestamp":"2025-07-17T06:42:25.662094","level":"info","event":"  6450K .......... .......... .......... .......... .......... 88% 53.2M 0s","logger":"airflow.task.hooks.airflow.providers.standard.hooks.subprocess.SubprocessHook"}
{"timestamp":"2025-07-17T06:42:25.663776","level":"info","event":"  6500K .......... .......... .......... .......... .......... 88% 28.9M 0s","logger":"airflow.task.hooks.airflow.providers.standard.hooks.subprocess.SubprocessHook"}
{"timestamp":"2025-07-17T06:42:25.664305","level":"info","event":"  6550K .......... .......... .......... .......... .......... 89% 71.9M 0s","logger":"airflow.task.hooks.airflow.providers.standard.hooks.subprocess.SubprocessHook"}
{"timestamp":"2025-07-17T06:42:25.666762","level":"info","event":"  6600K .......... .......... .......... .......... .......... 90% 20.8M 0s","logger":"airflow.task.hooks.airflow.providers.standard.hooks.subprocess.SubprocessHook"}
{"timestamp":"2025-07-17T06:42:25.667395","level":"info","event":"  6650K .......... .......... .......... .......... .......... 90% 62.3M 0s","logger":"airflow.task.hooks.airflow.providers.standard.hooks.subprocess.SubprocessHook"}
{"timestamp":"2025-07-17T06:42:25.668188","level":"info","event":"  6700K .......... .......... .......... .......... .......... 91% 53.4M 0s","logger":"airflow.task.hooks.airflow.providers.standard.hooks.subprocess.SubprocessHook"}
{"timestamp":"2025-07-17T06:42:25.669536","level":"info","event":"  6750K .......... .......... .......... .......... .......... 92% 37.9M 0s","logger":"airflow.task.hooks.airflow.providers.standard.hooks.subprocess.SubprocessHook"}
{"timestamp":"2025-07-17T06:42:25.673334","level":"info","event":"  6800K .......... .......... .......... .......... .......... 93% 20.1M 0s","logger":"airflow.task.hooks.airflow.providers.standard.hooks.subprocess.SubprocessHook"}
{"timestamp":"2025-07-17T06:42:25.674049","level":"info","event":"  6850K .......... .......... .......... .......... .......... 93% 24.9M 0s","logger":"airflow.task.hooks.airflow.providers.standard.hooks.subprocess.SubprocessHook"}
{"timestamp":"2025-07-17T06:42:25.675002","level":"info","event":"  6900K .......... .......... .......... .......... .......... 94% 45.3M 0s","logger":"airflow.task.hooks.airflow.providers.standard.hooks.subprocess.SubprocessHook"}
{"timestamp":"2025-07-17T06:42:25.679836","level":"info","event":"  6950K .......... .......... .......... .......... .......... 95% 10.6M 0s","logger":"airflow.task.hooks.airflow.providers.standard.hooks.subprocess.SubprocessHook"}
{"timestamp":"2025-07-17T06:42:25.681291","level":"info","event":"  7000K .......... .......... .......... .......... .......... 95% 31.9M 0s","logger":"airflow.task.hooks.airflow.providers.standard.hooks.subprocess.SubprocessHook"}
{"timestamp":"2025-07-17T06:42:25.683285","level":"info","event":"  7050K .......... .......... .......... .......... .......... 96% 26.0M 0s","logger":"airflow.task.hooks.airflow.providers.standard.hooks.subprocess.SubprocessHook"}
{"timestamp":"2025-07-17T06:42:25.684983","level":"info","event":"  7100K .......... .......... .......... .......... .......... 97% 37.3M 0s","logger":"airflow.task.hooks.airflow.providers.standard.hooks.subprocess.SubprocessHook"}
{"timestamp":"2025-07-17T06:42:25.686120","level":"info","event":"  7150K .......... .......... .......... .......... .......... 97% 31.3M 0s","logger":"airflow.task.hooks.airflow.providers.standard.hooks.subprocess.SubprocessHook"}
{"timestamp":"2025-07-17T06:42:25.687697","level":"info","event":"  7200K .......... .......... .......... .......... .......... 98% 31.8M 0s","logger":"airflow.task.hooks.airflow.providers.standard.hooks.subprocess.SubprocessHook"}
{"timestamp":"2025-07-17T06:42:25.688282","level":"info","event":"  7250K .......... .......... .......... .......... .......... 99% 59.3M 0s","logger":"airflow.task.hooks.airflow.providers.standard.hooks.subprocess.SubprocessHook"}
{"timestamp":"2025-07-17T06:42:25.690183","level":"info","event":"  7300K .......... .......... .......... .......... .......... 99% 31.7M 0s","logger":"airflow.task.hooks.airflow.providers.standard.hooks.subprocess.SubprocessHook"}
{"timestamp":"2025-07-17T06:42:25.691179","level":"info","event":"  7350K .......... ....                                       100% 17.4M=0.4s","logger":"airflow.task.hooks.airflow.providers.standard.hooks.subprocess.SubprocessHook"}
{"timestamp":"2025-07-17T06:42:25.692216","level":"info","event":"","logger":"airflow.task.hooks.airflow.providers.standard.hooks.subprocess.SubprocessHook"}
{"timestamp":"2025-07-17T06:42:25.692871","level":"info","event":"2025-07-17 06:42:25 (20.0 MB/s) - ‘/opt/airflow/green_tripdata_2020-01.csv.gz’ saved [7541109/7541109]","logger":"airflow.task.hooks.airflow.providers.standard.hooks.subprocess.SubprocessHook"}
{"timestamp":"2025-07-17T06:42:25.693317","level":"info","event":"","logger":"airflow.task.hooks.airflow.providers.standard.hooks.subprocess.SubprocessHook"}
{"timestamp":"2025-07-17T06:42:26.420005","level":"info","event":"Command exited with return code 0","logger":"airflow.task.hooks.airflow.providers.standard.hooks.subprocess.SubprocessHook"}
{"timestamp":"2025-07-17T06:42:26.429931","level":"info","event":"Pushing xcom","ti":"RuntimeTaskInstance(id=UUID('0198171e-af5b-793f-916e-29fab619f71d'), task_id='wget_trips_csvgz', dag_id='local_ingestion_pg_green', run_id='scheduled__2020-01-02T06:00:00+00:00', try_number=1, map_index=-1, hostname='3f7f1d329e72', context_carrier={}, task=<Task(BashOperator): wget_trips_csvgz>, bundle_instance=LocalDagBundle(name=dags-folder), max_tries=0, start_date=datetime.datetime(2025, 7, 17, 6, 42, 23, 827610, tzinfo=TzInfo(UTC)), end_date=None, state=<TaskInstanceState.RUNNING: 'running'>, is_mapped=False, rendered_map_index=None)","logger":"task"}
{"timestamp":"2025-07-17T06:53:11.998696","level":"info","event":"DAG bundles loaded: dags-folder","logger":"airflow.dag_processing.bundles.manager.DagBundlesManager"}
{"timestamp":"2025-07-17T06:53:11.999694","level":"info","event":"Filling up the DagBag from /opt/airflow/dags/data_ingestion_localpg_dag.py","logger":"airflow.models.dagbag.DagBag"}
{"timestamp":"2025-07-17T06:53:12.530539","level":"info","event":"Tmp dir root location: /tmp","logger":"airflow.task.hooks.airflow.providers.standard.hooks.subprocess.SubprocessHook"}
{"timestamp":"2025-07-17T06:53:12.534487","level":"info","event":"Running command: ['/usr/bin/bash', '-c', 'wget https://github.com/DataTalksClub/nyc-tlc-data/releases/download/green/green_tripdata_2020-01.csv.gz -O /opt/airflow/green_tripdata_2020-01.csv.gz && gunzip -f /opt/airflow/green_tripdata_2020-01.csv.gz || rm -f /opt/airflow/green_tripdata_2020-01.csv.gz']","logger":"airflow.task.hooks.airflow.providers.standard.hooks.subprocess.SubprocessHook"}
{"timestamp":"2025-07-17T06:53:12.559057","level":"info","event":"Output:","logger":"airflow.task.hooks.airflow.providers.standard.hooks.subprocess.SubprocessHook"}
{"timestamp":"2025-07-17T06:53:12.578000","level":"info","event":"--2025-07-17 06:53:12--  https://github.com/DataTalksClub/nyc-tlc-data/releases/download/green/green_tripdata_2020-01.csv.gz","logger":"airflow.task.hooks.airflow.providers.standard.hooks.subprocess.SubprocessHook"}
{"timestamp":"2025-07-17T06:53:12.634219","level":"info","event":"Resolving github.com (github.com)... 20.205.243.166","logger":"airflow.task.hooks.airflow.providers.standard.hooks.subprocess.SubprocessHook"}
{"timestamp":"2025-07-17T06:53:12.653857","level":"info","event":"Connecting to github.com (github.com)|20.205.243.166|:443... connected.","logger":"airflow.task.hooks.airflow.providers.standard.hooks.subprocess.SubprocessHook"}
{"timestamp":"2025-07-17T06:53:12.970722","level":"info","event":"HTTP request sent, awaiting response... 302 Found","logger":"airflow.task.hooks.airflow.providers.standard.hooks.subprocess.SubprocessHook"}
{"timestamp":"2025-07-17T06:53:12.970966","level":"info","event":"Location: https://release-assets.githubusercontent.com/github-production-release-asset/513814948/6e8a7b28-b1ea-455e-9803-cd8943d96c26?sp=r&sv=2018-11-09&sr=b&spr=https&se=2025-07-17T07%3A46%3A47Z&rscd=attachment%3B+filename%3Dgreen_tripdata_2020-01.csv.gz&rsct=application%2Foctet-stream&skoid=96c2d410-5711-43a1-aedd-ab1947aa7ab0&sktid=398a6654-997b-47e9-b12b-9515b896b4de&skt=2025-07-17T06%3A45%3A51Z&ske=2025-07-17T07%3A46%3A47Z&sks=b&skv=2018-11-09&sig=iLbNCQRRz74DQdBI8L7KuP1V9EPIGKuHrJeAbVA%2Bd6w%3D&jwt=eyJ******&response-content-disposition=attachment%3B%20filename%3Dgreen_tripdata_2020-01.csv.gz&response-content-type=application%2Foctet-stream [following]","logger":"airflow.task.hooks.airflow.providers.standard.hooks.subprocess.SubprocessHook"}
{"timestamp":"2025-07-17T06:53:12.971078","level":"info","event":"--2025-07-17 06:53:12--  https://release-assets.githubusercontent.com/github-production-release-asset/513814948/6e8a7b28-b1ea-455e-9803-cd8943d96c26?sp=r&sv=2018-11-09&sr=b&spr=https&se=2025-07-17T07%3A46%3A47Z&rscd=attachment%3B+filename%3Dgreen_tripdata_2020-01.csv.gz&rsct=application%2Foctet-stream&skoid=96c2d410-5711-43a1-aedd-ab1947aa7ab0&sktid=398a6654-997b-47e9-b12b-9515b896b4de&skt=2025-07-17T06%3A45%3A51Z&ske=2025-07-17T07%3A46%3A47Z&sks=b&skv=2018-11-09&sig=iLbNCQRRz74DQdBI8L7KuP1V9EPIGKuHrJeAbVA%2Bd6w%3D&jwt=eyJ******&response-content-disposition=attachment%3B%20filename%3Dgreen_tripdata_2020-01.csv.gz&response-content-type=application%2Foctet-stream","logger":"airflow.task.hooks.airflow.providers.standard.hooks.subprocess.SubprocessHook"}
{"timestamp":"2025-07-17T06:53:12.979486","level":"info","event":"Resolving release-assets.githubusercontent.com (release-assets.githubusercontent.com)... 185.199.111.133, 185.199.108.133, 185.199.109.133, ...","logger":"airflow.task.hooks.airflow.providers.standard.hooks.subprocess.SubprocessHook"}
{"timestamp":"2025-07-17T06:53:12.992630","level":"info","event":"Connecting to release-assets.githubusercontent.com (release-assets.githubusercontent.com)|185.199.111.133|:443... connected.","logger":"airflow.task.hooks.airflow.providers.standard.hooks.subprocess.SubprocessHook"}
{"timestamp":"2025-07-17T06:53:13.042117","level":"info","event":"HTTP request sent, awaiting response... 200 OK","logger":"airflow.task.hooks.airflow.providers.standard.hooks.subprocess.SubprocessHook"}
{"timestamp":"2025-07-17T06:53:13.042266","level":"info","event":"Length: 7541109 (7.2M) [application/octet-stream]","logger":"airflow.task.hooks.airflow.providers.standard.hooks.subprocess.SubprocessHook"}
{"timestamp":"2025-07-17T06:53:13.042317","level":"info","event":"Saving to: ‘/opt/airflow/green_tripdata_2020-01.csv.gz’","logger":"airflow.task.hooks.airflow.providers.standard.hooks.subprocess.SubprocessHook"}
{"timestamp":"2025-07-17T06:53:13.042373","level":"info","event":"","logger":"airflow.task.hooks.airflow.providers.standard.hooks.subprocess.SubprocessHook"}
{"timestamp":"2025-07-17T06:53:13.052600","level":"info","event":"     0K .......... .......... .......... .......... ..........  0% 4.76M 1s","logger":"airflow.task.hooks.airflow.providers.standard.hooks.subprocess.SubprocessHook"}
{"timestamp":"2025-07-17T06:53:13.055495","level":"info","event":"    50K .......... .......... .......... .......... ..........  1% 16.7M 1s","logger":"airflow.task.hooks.airflow.providers.standard.hooks.subprocess.SubprocessHook"}
{"timestamp":"2025-07-17T06:53:13.061426","level":"info","event":"   100K .......... .......... .......... .......... ..........  2% 8.26M 1s","logger":"airflow.task.hooks.airflow.providers.standard.hooks.subprocess.SubprocessHook"}
{"timestamp":"2025-07-17T06:53:13.063803","level":"info","event":"   150K .......... .......... .......... .......... ..........  2% 19.5M 1s","logger":"airflow.task.hooks.airflow.providers.standard.hooks.subprocess.SubprocessHook"}
{"timestamp":"2025-07-17T06:53:13.064644","level":"info","event":"   200K .......... .......... .......... .......... ..........  3% 60.8M 1s","logger":"airflow.task.hooks.airflow.providers.standard.hooks.subprocess.SubprocessHook"}
{"timestamp":"2025-07-17T06:53:13.067568","level":"info","event":"   250K .......... .......... .......... .......... ..........  4% 17.0M 1s","logger":"airflow.task.hooks.airflow.providers.standard.hooks.subprocess.SubprocessHook"}
{"timestamp":"2025-07-17T06:53:13.070147","level":"info","event":"   300K .......... .......... .......... .......... ..........  4% 19.5M 1s","logger":"airflow.task.hooks.airflow.providers.standard.hooks.subprocess.SubprocessHook"}
{"timestamp":"2025-07-17T06:53:13.072379","level":"info","event":"   350K .......... .......... .......... .......... ..........  5% 21.0M 1s","logger":"airflow.task.hooks.airflow.providers.standard.hooks.subprocess.SubprocessHook"}
{"timestamp":"2025-07-17T06:53:13.073324","level":"info","event":"   400K .......... .......... .......... .......... ..........  6% 56.2M 0s","logger":"airflow.task.hooks.airflow.providers.standard.hooks.subprocess.SubprocessHook"}
{"timestamp":"2025-07-17T06:53:13.074986","level":"info","event":"   450K .......... .......... .......... .......... ..........  6% 31.7M 0s","logger":"airflow.task.hooks.airflow.providers.standard.hooks.subprocess.SubprocessHook"}
{"timestamp":"2025-07-17T06:53:13.081504","level":"info","event":"   500K .......... .......... .......... .......... ..........  7% 7.89M 0s","logger":"airflow.task.hooks.airflow.providers.standard.hooks.subprocess.SubprocessHook"}
{"timestamp":"2025-07-17T06:53:13.081633","level":"info","event":"   550K .......... .......... .......... .......... ..........  8%  138M 0s","logger":"airflow.task.hooks.airflow.providers.standard.hooks.subprocess.SubprocessHook"}
{"timestamp":"2025-07-17T06:53:13.082640","level":"info","event":"   600K .......... .......... .......... .......... ..........  8% 50.0M 0s","logger":"airflow.task.hooks.airflow.providers.standard.hooks.subprocess.SubprocessHook"}
{"timestamp":"2025-07-17T06:53:13.083780","level":"info","event":"   650K .......... .......... .......... .......... ..........  9% 35.4M 0s","logger":"airflow.task.hooks.airflow.providers.standard.hooks.subprocess.SubprocessHook"}
{"timestamp":"2025-07-17T06:53:13.085501","level":"info","event":"   700K .......... .......... .......... .......... .......... 10% 39.1M 0s","logger":"airflow.task.hooks.airflow.providers.standard.hooks.subprocess.SubprocessHook"}
{"timestamp":"2025-07-17T06:53:13.086471","level":"info","event":"   750K .......... .......... .......... .......... .......... 10% 33.0M 0s","logger":"airflow.task.hooks.airflow.providers.standard.hooks.subprocess.SubprocessHook"}
{"timestamp":"2025-07-17T06:53:13.088518","level":"info","event":"   800K .......... .......... .......... .......... .......... 11% 24.6M 0s","logger":"airflow.task.hooks.airflow.providers.standard.hooks.subprocess.SubprocessHook"}
{"timestamp":"2025-07-17T06:53:13.090175","level":"info","event":"   850K .......... .......... .......... .......... .......... 12% 34.0M 0s","logger":"airflow.task.hooks.airflow.providers.standard.hooks.subprocess.SubprocessHook"}
{"timestamp":"2025-07-17T06:53:13.091243","level":"info","event":"   900K .......... .......... .......... .......... .......... 12% 38.6M 0s","logger":"airflow.task.hooks.airflow.providers.standard.hooks.subprocess.SubprocessHook"}
{"timestamp":"2025-07-17T06:53:13.091573","level":"info","event":"   950K .......... .......... .......... .......... .......... 13%  130M 0s","logger":"airflow.task.hooks.airflow.providers.standard.hooks.subprocess.SubprocessHook"}
{"timestamp":"2025-07-17T06:53:13.092556","level":"info","event":"  1000K .......... .......... .......... .......... .......... 14% 67.3M 0s","logger":"airflow.task.hooks.airflow.providers.standard.hooks.subprocess.SubprocessHook"}
{"timestamp":"2025-07-17T06:53:13.092604","level":"info","event":"  1050K .......... .......... .......... .......... .......... 14%  137M 0s","logger":"airflow.task.hooks.airflow.providers.standard.hooks.subprocess.SubprocessHook"}
{"timestamp":"2025-07-17T06:53:13.095192","level":"info","event":"  1100K .......... .......... .......... .......... .......... 15%  128M 0s","logger":"airflow.task.hooks.airflow.providers.standard.hooks.subprocess.SubprocessHook"}
{"timestamp":"2025-07-17T06:53:13.095437","level":"info","event":"  1150K .......... .......... .......... .......... .......... 16% 19.3M 0s","logger":"airflow.task.hooks.airflow.providers.standard.hooks.subprocess.SubprocessHook"}
{"timestamp":"2025-07-17T06:53:13.096572","level":"info","event":"  1200K .......... .......... .......... .......... .......... 16% 59.9M 0s","logger":"airflow.task.hooks.airflow.providers.standard.hooks.subprocess.SubprocessHook"}
{"timestamp":"2025-07-17T06:53:13.096879","level":"info","event":"  1250K .......... .......... .......... .......... .......... 17% 92.7M 0s","logger":"airflow.task.hooks.airflow.providers.standard.hooks.subprocess.SubprocessHook"}
{"timestamp":"2025-07-17T06:53:13.097574","level":"info","event":"  1300K .......... .......... .......... .......... .......... 18% 65.7M 0s","logger":"airflow.task.hooks.airflow.providers.standard.hooks.subprocess.SubprocessHook"}
{"timestamp":"2025-07-17T06:53:13.098205","level":"info","event":"  1350K .......... .......... .......... .......... .......... 19% 71.8M 0s","logger":"airflow.task.hooks.airflow.providers.standard.hooks.subprocess.SubprocessHook"}
{"timestamp":"2025-07-17T06:53:13.098499","level":"info","event":"  1400K .......... .......... .......... .......... .......... 19%  159M 0s","logger":"airflow.task.hooks.airflow.providers.standard.hooks.subprocess.SubprocessHook"}
{"timestamp":"2025-07-17T06:53:13.098744","level":"info","event":"  1450K .......... .......... .......... .......... .......... 20%  184M 0s","logger":"airflow.task.hooks.airflow.providers.standard.hooks.subprocess.SubprocessHook"}
{"timestamp":"2025-07-17T06:53:13.099124","level":"info","event":"  1500K .......... .......... .......... .......... .......... 21%  162M 0s","logger":"airflow.task.hooks.airflow.providers.standard.hooks.subprocess.SubprocessHook"}
{"timestamp":"2025-07-17T06:53:13.099348","level":"info","event":"  1550K .......... .......... .......... .......... .......... 21%  164M 0s","logger":"airflow.task.hooks.airflow.providers.standard.hooks.subprocess.SubprocessHook"}
{"timestamp":"2025-07-17T06:53:13.100802","level":"info","event":"  1600K .......... .......... .......... .......... .......... 22% 35.9M 0s","logger":"airflow.task.hooks.airflow.providers.standard.hooks.subprocess.SubprocessHook"}
{"timestamp":"2025-07-17T06:53:13.101354","level":"info","event":"  1650K .......... .......... .......... .......... .......... 23% 83.3M 0s","logger":"airflow.task.hooks.airflow.providers.standard.hooks.subprocess.SubprocessHook"}
{"timestamp":"2025-07-17T06:53:13.102372","level":"info","event":"  1700K .......... .......... .......... .......... .......... 23% 50.1M 0s","logger":"airflow.task.hooks.airflow.providers.standard.hooks.subprocess.SubprocessHook"}
{"timestamp":"2025-07-17T06:53:13.102955","level":"info","event":"  1750K .......... .......... .......... .......... .......... 24% 99.1M 0s","logger":"airflow.task.hooks.airflow.providers.standard.hooks.subprocess.SubprocessHook"}
{"timestamp":"2025-07-17T06:53:13.104980","level":"info","event":"  1800K .......... .......... .......... .......... .......... 25% 24.8M 0s","logger":"airflow.task.hooks.airflow.providers.standard.hooks.subprocess.SubprocessHook"}
{"timestamp":"2025-07-17T06:53:13.105285","level":"info","event":"  1850K .......... .......... .......... .......... .......... 25% 91.9M 0s","logger":"airflow.task.hooks.airflow.providers.standard.hooks.subprocess.SubprocessHook"}
{"timestamp":"2025-07-17T06:53:13.105827","level":"info","event":"  1900K .......... .......... .......... .......... .......... 26%  146M 0s","logger":"airflow.task.hooks.airflow.providers.standard.hooks.subprocess.SubprocessHook"}
{"timestamp":"2025-07-17T06:53:13.106169","level":"info","event":"  1950K .......... .......... .......... .......... .......... 27% 88.1M 0s","logger":"airflow.task.hooks.airflow.providers.standard.hooks.subprocess.SubprocessHook"}
{"timestamp":"2025-07-17T06:53:13.106465","level":"info","event":"  2000K .......... .......... .......... .......... .......... 27%  169M 0s","logger":"airflow.task.hooks.airflow.providers.standard.hooks.subprocess.SubprocessHook"}
{"timestamp":"2025-07-17T06:53:13.107728","level":"info","event":"  2050K .......... .......... .......... .......... .......... 28% 39.0M 0s","logger":"airflow.task.hooks.airflow.providers.standard.hooks.subprocess.SubprocessHook"}
{"timestamp":"2025-07-17T06:53:13.108095","level":"info","event":"  2100K .......... .......... .......... .......... .......... 29%  179M 0s","logger":"airflow.task.hooks.airflow.providers.standard.hooks.subprocess.SubprocessHook"}
{"timestamp":"2025-07-17T06:53:13.108662","level":"info","event":"  2150K .......... .......... .......... .......... .......... 29%  100M 0s","logger":"airflow.task.hooks.airflow.providers.standard.hooks.subprocess.SubprocessHook"}
{"timestamp":"2025-07-17T06:53:13.112345","level":"info","event":"  2200K .......... .......... .......... .......... .......... 30% 12.9M 0s","logger":"airflow.task.hooks.airflow.providers.standard.hooks.subprocess.SubprocessHook"}
{"timestamp":"2025-07-17T06:53:13.112689","level":"info","event":"  2250K .......... .......... .......... .......... .......... 31%  113M 0s","logger":"airflow.task.hooks.airflow.providers.standard.hooks.subprocess.SubprocessHook"}
{"timestamp":"2025-07-17T06:53:13.113098","level":"info","event":"  2300K .......... .......... .......... .......... .......... 31%  169M 0s","logger":"airflow.task.hooks.airflow.providers.standard.hooks.subprocess.SubprocessHook"}
{"timestamp":"2025-07-17T06:53:13.113410","level":"info","event":"  2350K .......... .......... .......... .......... .......... 32%  111M 0s","logger":"airflow.task.hooks.airflow.providers.standard.hooks.subprocess.SubprocessHook"}
{"timestamp":"2025-07-17T06:53:13.115756","level":"info","event":"  2400K .......... .......... .......... .......... .......... 33% 22.4M 0s","logger":"airflow.task.hooks.airflow.providers.standard.hooks.subprocess.SubprocessHook"}
{"timestamp":"2025-07-17T06:53:13.116124","level":"info","event":"  2450K .......... .......... .......... .......... .......... 33%  124M 0s","logger":"airflow.task.hooks.airflow.providers.standard.hooks.subprocess.SubprocessHook"}
{"timestamp":"2025-07-17T06:53:13.116788","level":"info","event":"  2500K .......... .......... .......... .......... .......... 34%  132M 0s","logger":"airflow.task.hooks.airflow.providers.standard.hooks.subprocess.SubprocessHook"}
{"timestamp":"2025-07-17T06:53:13.117799","level":"info","event":"  2550K .......... .......... .......... .......... .......... 35% 36.3M 0s","logger":"airflow.task.hooks.airflow.providers.standard.hooks.subprocess.SubprocessHook"}
{"timestamp":"2025-07-17T06:53:13.117998","level":"info","event":"  2600K .......... .......... .......... .......... .......... 35%  184M 0s","logger":"airflow.task.hooks.airflow.providers.standard.hooks.subprocess.SubprocessHook"}
{"timestamp":"2025-07-17T06:53:13.118557","level":"info","event":"  2650K .......... .......... .......... .......... .......... 36% 82.3M 0s","logger":"airflow.task.hooks.airflow.providers.standard.hooks.subprocess.SubprocessHook"}
{"timestamp":"2025-07-17T06:53:13.118914","level":"info","event":"  2700K .......... .......... .......... .......... .......... 37%  178M 0s","logger":"airflow.task.hooks.airflow.providers.standard.hooks.subprocess.SubprocessHook"}
{"timestamp":"2025-07-17T06:53:13.119229","level":"info","event":"  2750K .......... .......... .......... .......... .......... 38%  138M 0s","logger":"airflow.task.hooks.airflow.providers.standard.hooks.subprocess.SubprocessHook"}
{"timestamp":"2025-07-17T06:53:13.119578","level":"info","event":"  2800K .......... .......... .......... .......... .......... 38%  129M 0s","logger":"airflow.task.hooks.airflow.providers.standard.hooks.subprocess.SubprocessHook"}
{"timestamp":"2025-07-17T06:53:13.120357","level":"info","event":"  2850K .......... .......... .......... .......... .......... 39% 68.9M 0s","logger":"airflow.task.hooks.airflow.providers.standard.hooks.subprocess.SubprocessHook"}
{"timestamp":"2025-07-17T06:53:13.120976","level":"info","event":"  2900K .......... .......... .......... .......... .......... 40% 77.8M 0s","logger":"airflow.task.hooks.airflow.providers.standard.hooks.subprocess.SubprocessHook"}
{"timestamp":"2025-07-17T06:53:13.121940","level":"info","event":"  2950K .......... .......... .......... .......... .......... 40% 54.5M 0s","logger":"airflow.task.hooks.airflow.providers.standard.hooks.subprocess.SubprocessHook"}
{"timestamp":"2025-07-17T06:53:13.125445","level":"info","event":"  3000K .......... .......... .......... .......... .......... 41% 13.8M 0s","logger":"airflow.task.hooks.airflow.providers.standard.hooks.subprocess.SubprocessHook"}
{"timestamp":"2025-07-17T06:53:13.126315","level":"info","event":"  3050K .......... .......... .......... .......... .......... 42% 50.4M 0s","logger":"airflow.task.hooks.airflow.providers.standard.hooks.subprocess.SubprocessHook"}
{"timestamp":"2025-07-17T06:53:13.127354","level":"info","event":"  3100K .......... .......... .......... .......... .......... 42% 55.0M 0s","logger":"airflow.task.hooks.airflow.providers.standard.hooks.subprocess.SubprocessHook"}
{"timestamp":"2025-07-17T06:53:13.129143","level":"info","event":"  3150K .......... .......... .......... .......... .......... 43% 25.9M 0s","logger":"airflow.task.hooks.airflow.providers.standard.hooks.subprocess.SubprocessHook"}
{"timestamp":"2025-07-17T06:53:13.130163","level":"info","event":"  3200K .......... .......... .......... .......... .......... 44% 47.4M 0s","logger":"airflow.task.hooks.airflow.providers.standard.hooks.subprocess.SubprocessHook"}
{"timestamp":"2025-07-17T06:53:13.131230","level":"info","event":"  3250K .......... .......... .......... .......... .......... 44% 45.3M 0s","logger":"airflow.task.hooks.airflow.providers.standard.hooks.subprocess.SubprocessHook"}
{"timestamp":"2025-07-17T06:53:13.131899","level":"info","event":"  3300K .......... .......... .......... .......... .......... 45% 77.5M 0s","logger":"airflow.task.hooks.airflow.providers.standard.hooks.subprocess.SubprocessHook"}
{"timestamp":"2025-07-17T06:53:13.132986","level":"info","event":"  3350K .......... .......... .......... .......... .......... 46% 43.9M 0s","logger":"airflow.task.hooks.airflow.providers.standard.hooks.subprocess.SubprocessHook"}
{"timestamp":"2025-07-17T06:53:13.133314","level":"info","event":"  3400K .......... .......... .......... .......... .......... 46%  155M 0s","logger":"airflow.task.hooks.airflow.providers.standard.hooks.subprocess.SubprocessHook"}
{"timestamp":"2025-07-17T06:53:13.133773","level":"info","event":"  3450K .......... .......... .......... .......... .......... 47% 94.2M 0s","logger":"airflow.task.hooks.airflow.providers.standard.hooks.subprocess.SubprocessHook"}
{"timestamp":"2025-07-17T06:53:13.134689","level":"info","event":"  3500K .......... .......... .......... .......... .......... 48% 59.1M 0s","logger":"airflow.task.hooks.airflow.providers.standard.hooks.subprocess.SubprocessHook"}
{"timestamp":"2025-07-17T06:53:13.135675","level":"info","event":"  3550K .......... .......... .......... .......... .......... 48% 75.4M 0s","logger":"airflow.task.hooks.airflow.providers.standard.hooks.subprocess.SubprocessHook"}
{"timestamp":"2025-07-17T06:53:13.142273","level":"info","event":"  3600K .......... .......... .......... .......... .......... 49% 7.38M 0s","logger":"airflow.task.hooks.airflow.providers.standard.hooks.subprocess.SubprocessHook"}
{"timestamp":"2025-07-17T06:53:13.144116","level":"info","event":"  3650K .......... .......... .......... .......... .......... 50% 23.5M 0s","logger":"airflow.task.hooks.airflow.providers.standard.hooks.subprocess.SubprocessHook"}
{"timestamp":"2025-07-17T06:53:13.147433","level":"info","event":"  3700K .......... .......... .......... .......... .......... 50% 14.6M 0s","logger":"airflow.task.hooks.airflow.providers.standard.hooks.subprocess.SubprocessHook"}
{"timestamp":"2025-07-17T06:53:13.148152","level":"info","event":"  3750K .......... .......... .......... .......... .......... 51% 62.0M 0s","logger":"airflow.task.hooks.airflow.providers.standard.hooks.subprocess.SubprocessHook"}
{"timestamp":"2025-07-17T06:53:13.148575","level":"info","event":"  3800K .......... .......... .......... .......... .......... 52%  101M 0s","logger":"airflow.task.hooks.airflow.providers.standard.hooks.subprocess.SubprocessHook"}
{"timestamp":"2025-07-17T06:53:13.149691","level":"info","event":"  3850K .......... .......... .......... .......... .......... 52% 46.2M 0s","logger":"airflow.task.hooks.airflow.providers.standard.hooks.subprocess.SubprocessHook"}
{"timestamp":"2025-07-17T06:53:13.150359","level":"info","event":"  3900K .......... .......... .......... .......... .......... 53% 88.8M 0s","logger":"airflow.task.hooks.airflow.providers.standard.hooks.subprocess.SubprocessHook"}
{"timestamp":"2025-07-17T06:53:13.150645","level":"info","event":"  3950K .......... .......... .......... .......... .......... 54%  129M 0s","logger":"airflow.task.hooks.airflow.providers.standard.hooks.subprocess.SubprocessHook"}
{"timestamp":"2025-07-17T06:53:13.151625","level":"info","event":"  4000K .......... .......... .......... .......... .......... 54% 50.4M 0s","logger":"airflow.task.hooks.airflow.providers.standard.hooks.subprocess.SubprocessHook"}
{"timestamp":"2025-07-17T06:53:13.160349","level":"info","event":"  4050K .......... .......... .......... .......... .......... 55% 5.58M 0s","logger":"airflow.task.hooks.airflow.providers.standard.hooks.subprocess.SubprocessHook"}
{"timestamp":"2025-07-17T06:53:13.160533","level":"info","event":"  4100K .......... .......... .......... .......... .......... 56%  183M 0s","logger":"airflow.task.hooks.airflow.providers.standard.hooks.subprocess.SubprocessHook"}
{"timestamp":"2025-07-17T06:53:13.161828","level":"info","event":"  4150K .......... .......... .......... .......... .......... 57% 37.6M 0s","logger":"airflow.task.hooks.airflow.providers.standard.hooks.subprocess.SubprocessHook"}
{"timestamp":"2025-07-17T06:53:13.163124","level":"info","event":"  4200K .......... .......... .......... .......... .......... 57% 38.4M 0s","logger":"airflow.task.hooks.airflow.providers.standard.hooks.subprocess.SubprocessHook"}
{"timestamp":"2025-07-17T06:53:13.164587","level":"info","event":"  4250K .......... .......... .......... .......... .......... 58% 33.8M 0s","logger":"airflow.task.hooks.airflow.providers.standard.hooks.subprocess.SubprocessHook"}
{"timestamp":"2025-07-17T06:53:13.175705","level":"info","event":"  4300K .......... .......... .......... .......... .......... 59% 4.47M 0s","logger":"airflow.task.hooks.airflow.providers.standard.hooks.subprocess.SubprocessHook"}
{"timestamp":"2025-07-17T06:53:13.176839","level":"info","event":"  4350K .......... .......... .......... .......... .......... 59% 71.5M 0s","logger":"airflow.task.hooks.airflow.providers.standard.hooks.subprocess.SubprocessHook"}
{"timestamp":"2025-07-17T06:53:13.178029","level":"info","event":"  4400K .......... .......... .......... .......... .......... 60% 28.0M 0s","logger":"airflow.task.hooks.airflow.providers.standard.hooks.subprocess.SubprocessHook"}
{"timestamp":"2025-07-17T06:53:13.178404","level":"info","event":"  4450K .......... .......... .......... .......... .......... 61%  121M 0s","logger":"airflow.task.hooks.airflow.providers.standard.hooks.subprocess.SubprocessHook"}
{"timestamp":"2025-07-17T06:53:13.179235","level":"info","event":"  4500K .......... .......... .......... .......... .......... 61% 61.2M 0s","logger":"airflow.task.hooks.airflow.providers.standard.hooks.subprocess.SubprocessHook"}
{"timestamp":"2025-07-17T06:53:13.180655","level":"info","event":"  4550K .......... .......... .......... .......... .......... 62% 39.4M 0s","logger":"airflow.task.hooks.airflow.providers.standard.hooks.subprocess.SubprocessHook"}
{"timestamp":"2025-07-17T06:53:13.181826","level":"info","event":"  4600K .......... .......... .......... .......... .......... 63% 33.2M 0s","logger":"airflow.task.hooks.airflow.providers.standard.hooks.subprocess.SubprocessHook"}
{"timestamp":"2025-07-17T06:53:13.182381","level":"info","event":"  4650K .......... .......... .......... .......... .......... 63% 97.9M 0s","logger":"airflow.task.hooks.airflow.providers.standard.hooks.subprocess.SubprocessHook"}
{"timestamp":"2025-07-17T06:53:13.187541","level":"info","event":"  4700K .......... .......... .......... .......... .......... 64% 9.59M 0s","logger":"airflow.task.hooks.airflow.providers.standard.hooks.subprocess.SubprocessHook"}
{"timestamp":"2025-07-17T06:53:13.187841","level":"info","event":"  4750K .......... .......... .......... .......... .......... 65%  117M 0s","logger":"airflow.task.hooks.airflow.providers.standard.hooks.subprocess.SubprocessHook"}
{"timestamp":"2025-07-17T06:53:13.194911","level":"info","event":"  4800K .......... .......... .......... .......... .......... 65% 7.22M 0s","logger":"airflow.task.hooks.airflow.providers.standard.hooks.subprocess.SubprocessHook"}
{"timestamp":"2025-07-17T06:53:13.195125","level":"info","event":"  4850K .......... .......... .......... .......... .......... 66% 93.6M 0s","logger":"airflow.task.hooks.airflow.providers.standard.hooks.subprocess.SubprocessHook"}
{"timestamp":"2025-07-17T06:53:13.195431","level":"info","event":"  4900K .......... .......... .......... .......... .......... 67%  151M 0s","logger":"airflow.task.hooks.airflow.providers.standard.hooks.subprocess.SubprocessHook"}
{"timestamp":"2025-07-17T06:53:13.195720","level":"info","event":"  4950K .......... .......... .......... .......... .......... 67%  140M 0s","logger":"airflow.task.hooks.airflow.providers.standard.hooks.subprocess.SubprocessHook"}
{"timestamp":"2025-07-17T06:53:13.196039","level":"info","event":"  5000K .......... .......... .......... .......... .......... 68%  166M 0s","logger":"airflow.task.hooks.airflow.providers.standard.hooks.subprocess.SubprocessHook"}
{"timestamp":"2025-07-17T06:53:13.196336","level":"info","event":"  5050K .......... .......... .......... .......... .......... 69%  152M 0s","logger":"airflow.task.hooks.airflow.providers.standard.hooks.subprocess.SubprocessHook"}
{"timestamp":"2025-07-17T06:53:13.196750","level":"info","event":"  5100K .......... .......... .......... .......... .......... 69%  158M 0s","logger":"airflow.task.hooks.airflow.providers.standard.hooks.subprocess.SubprocessHook"}
{"timestamp":"2025-07-17T06:53:13.197239","level":"info","event":"  5150K .......... .......... .......... .......... .......... 70%  133M 0s","logger":"airflow.task.hooks.airflow.providers.standard.hooks.subprocess.SubprocessHook"}
{"timestamp":"2025-07-17T06:53:13.197477","level":"info","event":"  5200K .......... .......... .......... .......... .......... 71%  173M 0s","logger":"airflow.task.hooks.airflow.providers.standard.hooks.subprocess.SubprocessHook"}
{"timestamp":"2025-07-17T06:53:13.201227","level":"info","event":"  5250K .......... .......... .......... .......... .......... 71% 12.8M 0s","logger":"airflow.task.hooks.airflow.providers.standard.hooks.subprocess.SubprocessHook"}
{"timestamp":"2025-07-17T06:53:13.209267","level":"info","event":"  5300K .......... .......... .......... .......... .......... 72% 6.23M 0s","logger":"airflow.task.hooks.airflow.providers.standard.hooks.subprocess.SubprocessHook"}
{"timestamp":"2025-07-17T06:53:13.210473","level":"info","event":"  5350K .......... .......... .......... .......... .......... 73% 44.4M 0s","logger":"airflow.task.hooks.airflow.providers.standard.hooks.subprocess.SubprocessHook"}
{"timestamp":"2025-07-17T06:53:13.212447","level":"info","event":"  5400K .......... .......... .......... .......... .......... 74% 40.2M 0s","logger":"airflow.task.hooks.airflow.providers.standard.hooks.subprocess.SubprocessHook"}
{"timestamp":"2025-07-17T06:53:13.214319","level":"info","event":"  5450K .......... .......... .......... .......... .......... 74% 21.8M 0s","logger":"airflow.task.hooks.airflow.providers.standard.hooks.subprocess.SubprocessHook"}
{"timestamp":"2025-07-17T06:53:13.217348","level":"info","event":"  5500K .......... .......... .......... .......... .......... 75% 13.8M 0s","logger":"airflow.task.hooks.airflow.providers.standard.hooks.subprocess.SubprocessHook"}
{"timestamp":"2025-07-17T06:53:13.217632","level":"info","event":"  5550K .......... .......... .......... .......... .......... 76% 94.3M 0s","logger":"airflow.task.hooks.airflow.providers.standard.hooks.subprocess.SubprocessHook"}
{"timestamp":"2025-07-17T06:53:13.218385","level":"info","event":"  5600K .......... .......... .......... .......... .......... 76% 68.8M 0s","logger":"airflow.task.hooks.airflow.providers.standard.hooks.subprocess.SubprocessHook"}
{"timestamp":"2025-07-17T06:53:13.218551","level":"info","event":"  5650K .......... .......... .......... .......... .......... 77%  179M 0s","logger":"airflow.task.hooks.airflow.providers.standard.hooks.subprocess.SubprocessHook"}
{"timestamp":"2025-07-17T06:53:13.225286","level":"info","event":"  5700K .......... .......... .......... .......... .......... 78% 7.60M 0s","logger":"airflow.task.hooks.airflow.providers.standard.hooks.subprocess.SubprocessHook"}
{"timestamp":"2025-07-17T06:53:13.225433","level":"info","event":"  5750K .......... .......... .......... .......... .......... 78%  123M 0s","logger":"airflow.task.hooks.airflow.providers.standard.hooks.subprocess.SubprocessHook"}
{"timestamp":"2025-07-17T06:53:13.226969","level":"info","event":"  5800K .......... .......... .......... .......... .......... 79% 38.2M 0s","logger":"airflow.task.hooks.airflow.providers.standard.hooks.subprocess.SubprocessHook"}
{"timestamp":"2025-07-17T06:53:13.227558","level":"info","event":"  5850K .......... .......... .......... .......... .......... 80% 63.8M 0s","logger":"airflow.task.hooks.airflow.providers.standard.hooks.subprocess.SubprocessHook"}
{"timestamp":"2025-07-17T06:53:13.227831","level":"info","event":"  5900K .......... .......... .......... .......... .......... 80%  158M 0s","logger":"airflow.task.hooks.airflow.providers.standard.hooks.subprocess.SubprocessHook"}
{"timestamp":"2025-07-17T06:53:13.228158","level":"info","event":"  5950K .......... .......... .......... .......... .......... 81%  148M 0s","logger":"airflow.task.hooks.airflow.providers.standard.hooks.subprocess.SubprocessHook"}
{"timestamp":"2025-07-17T06:53:13.229108","level":"info","event":"  6000K .......... .......... .......... .......... .......... 82% 48.6M 0s","logger":"airflow.task.hooks.airflow.providers.standard.hooks.subprocess.SubprocessHook"}
{"timestamp":"2025-07-17T06:53:13.229512","level":"info","event":"  6050K .......... .......... .......... .......... .......... 82%  156M 0s","logger":"airflow.task.hooks.airflow.providers.standard.hooks.subprocess.SubprocessHook"}
{"timestamp":"2025-07-17T06:53:13.236724","level":"info","event":"  6100K .......... .......... .......... .......... .......... 83% 7.07M 0s","logger":"airflow.task.hooks.airflow.providers.standard.hooks.subprocess.SubprocessHook"}
{"timestamp":"2025-07-17T06:53:13.237415","level":"info","event":"  6150K .......... .......... .......... .......... .......... 84% 64.9M 0s","logger":"airflow.task.hooks.airflow.providers.standard.hooks.subprocess.SubprocessHook"}
{"timestamp":"2025-07-17T06:53:13.237544","level":"info","event":"  6200K .......... .......... .......... .......... .......... 84%  104M 0s","logger":"airflow.task.hooks.airflow.providers.standard.hooks.subprocess.SubprocessHook"}
{"timestamp":"2025-07-17T06:53:13.238036","level":"info","event":"  6250K .......... .......... .......... .......... .......... 85% 89.5M 0s","logger":"airflow.task.hooks.airflow.providers.standard.hooks.subprocess.SubprocessHook"}
{"timestamp":"2025-07-17T06:53:13.238430","level":"info","event":"  6300K .......... .......... .......... .......... .......... 86%  145M 0s","logger":"airflow.task.hooks.airflow.providers.standard.hooks.subprocess.SubprocessHook"}
{"timestamp":"2025-07-17T06:53:13.238689","level":"info","event":"  6350K .......... .......... .......... .......... .......... 86%  155M 0s","logger":"airflow.task.hooks.airflow.providers.standard.hooks.subprocess.SubprocessHook"}
{"timestamp":"2025-07-17T06:53:13.238948","level":"info","event":"  6400K .......... .......... .......... .......... .......... 87%  202M 0s","logger":"airflow.task.hooks.airflow.providers.standard.hooks.subprocess.SubprocessHook"}
{"timestamp":"2025-07-17T06:53:13.251309","level":"info","event":"  6450K .......... .......... .......... .......... .......... 88% 4.20M 0s","logger":"airflow.task.hooks.airflow.providers.standard.hooks.subprocess.SubprocessHook"}
{"timestamp":"2025-07-17T06:53:13.251848","level":"info","event":"  6500K .......... .......... .......... .......... .......... 88% 41.9M 0s","logger":"airflow.task.hooks.airflow.providers.standard.hooks.subprocess.SubprocessHook"}
{"timestamp":"2025-07-17T06:53:13.252497","level":"info","event":"  6550K .......... .......... .......... .......... .......... 89% 66.7M 0s","logger":"airflow.task.hooks.airflow.providers.standard.hooks.subprocess.SubprocessHook"}
{"timestamp":"2025-07-17T06:53:13.254546","level":"info","event":"  6600K .......... .......... .......... .......... .......... 90% 42.0M 0s","logger":"airflow.task.hooks.airflow.providers.standard.hooks.subprocess.SubprocessHook"}
{"timestamp":"2025-07-17T06:53:13.255122","level":"info","event":"  6650K .......... .......... .......... .......... .......... 90% 39.4M 0s","logger":"airflow.task.hooks.airflow.providers.standard.hooks.subprocess.SubprocessHook"}
{"timestamp":"2025-07-17T06:53:13.255498","level":"info","event":"  6700K .......... .......... .......... .......... .......... 91%  158M 0s","logger":"airflow.task.hooks.airflow.providers.standard.hooks.subprocess.SubprocessHook"}
{"timestamp":"2025-07-17T06:53:13.256228","level":"info","event":"  6750K .......... .......... .......... .......... .......... 92% 52.6M 0s","logger":"airflow.task.hooks.airflow.providers.standard.hooks.subprocess.SubprocessHook"}
{"timestamp":"2025-07-17T06:53:13.256383","level":"info","event":"  6800K .......... .......... .......... .......... .......... 93%  165M 0s","logger":"airflow.task.hooks.airflow.providers.standard.hooks.subprocess.SubprocessHook"}
{"timestamp":"2025-07-17T06:53:13.257017","level":"info","event":"  6850K .......... .......... .......... .......... .......... 93% 79.7M 0s","logger":"airflow.task.hooks.airflow.providers.standard.hooks.subprocess.SubprocessHook"}
{"timestamp":"2025-07-17T06:53:13.257479","level":"info","event":"  6900K .......... .......... .......... .......... .......... 94%  148M 0s","logger":"airflow.task.hooks.airflow.providers.standard.hooks.subprocess.SubprocessHook"}
{"timestamp":"2025-07-17T06:53:13.257840","level":"info","event":"  6950K .......... .......... .......... .......... .......... 95% 91.9M 0s","logger":"airflow.task.hooks.airflow.providers.standard.hooks.subprocess.SubprocessHook"}
{"timestamp":"2025-07-17T06:53:13.262065","level":"info","event":"  7000K .......... .......... .......... .......... .......... 95% 12.8M 0s","logger":"airflow.task.hooks.airflow.providers.standard.hooks.subprocess.SubprocessHook"}
{"timestamp":"2025-07-17T06:53:13.262911","level":"info","event":"  7050K .......... .......... .......... .......... .......... 96% 43.0M 0s","logger":"airflow.task.hooks.airflow.providers.standard.hooks.subprocess.SubprocessHook"}
{"timestamp":"2025-07-17T06:53:13.263289","level":"info","event":"  7100K .......... .......... .......... .......... .......... 97%  122M 0s","logger":"airflow.task.hooks.airflow.providers.standard.hooks.subprocess.SubprocessHook"}
{"timestamp":"2025-07-17T06:53:13.263617","level":"info","event":"  7150K .......... .......... .......... .......... .......... 97%  131M 0s","logger":"airflow.task.hooks.airflow.providers.standard.hooks.subprocess.SubprocessHook"}
{"timestamp":"2025-07-17T06:53:13.265542","level":"info","event":"  7200K .......... .......... .......... .......... .......... 98% 30.6M 0s","logger":"airflow.task.hooks.airflow.providers.standard.hooks.subprocess.SubprocessHook"}
{"timestamp":"2025-07-17T06:53:13.265619","level":"info","event":"  7250K .......... .......... .......... .......... .......... 99%  154M 0s","logger":"airflow.task.hooks.airflow.providers.standard.hooks.subprocess.SubprocessHook"}
{"timestamp":"2025-07-17T06:53:13.266360","level":"info","event":"  7300K .......... .......... .......... .......... .......... 99% 65.1M 0s","logger":"airflow.task.hooks.airflow.providers.standard.hooks.subprocess.SubprocessHook"}
{"timestamp":"2025-07-17T06:53:13.266559","level":"info","event":"  7350K .......... ....                                       100% 80.5M=0.2s","logger":"airflow.task.hooks.airflow.providers.standard.hooks.subprocess.SubprocessHook"}
{"timestamp":"2025-07-17T06:53:13.266619","level":"info","event":"","logger":"airflow.task.hooks.airflow.providers.standard.hooks.subprocess.SubprocessHook"}
{"timestamp":"2025-07-17T06:53:13.266675","level":"info","event":"2025-07-17 06:53:13 (32.1 MB/s) - ‘/opt/airflow/green_tripdata_2020-01.csv.gz’ saved [7541109/7541109]","logger":"airflow.task.hooks.airflow.providers.standard.hooks.subprocess.SubprocessHook"}
{"timestamp":"2025-07-17T06:53:13.266738","level":"info","event":"","logger":"airflow.task.hooks.airflow.providers.standard.hooks.subprocess.SubprocessHook"}
{"timestamp":"2025-07-17T06:53:13.695685","level":"info","event":"Command exited with return code 0","logger":"airflow.task.hooks.airflow.providers.standard.hooks.subprocess.SubprocessHook"}
{"timestamp":"2025-07-17T06:53:13.697136","level":"info","event":"Pushing xcom","ti":"RuntimeTaskInstance(id=UUID('01981728-8f71-7c94-89ca-beeaac515bb6'), task_id='wget_trips_csvgz', dag_id='local_ingestion_pg_green', run_id='scheduled__2020-01-02T06:00:00+00:00', try_number=1, map_index=-1, hostname='3f7f1d329e72', context_carrier={}, task=<Task(BashOperator): wget_trips_csvgz>, bundle_instance=LocalDagBundle(name=dags-folder), max_tries=0, start_date=datetime.datetime(2025, 7, 17, 6, 53, 11, 196033, tzinfo=TzInfo(UTC)), end_date=None, state=<TaskInstanceState.RUNNING: 'running'>, is_mapped=False, rendered_map_index=None)","logger":"task"}
