{"timestamp":"2025-07-13T18:39:26.708591","level":"info","event":"DAG bundles loaded: dags-folder","logger":"airflow.dag_processing.bundles.manager.DagBundlesManager"}
{"timestamp":"2025-07-13T18:39:26.712716","level":"info","event":"Filling up the DagBag from /opt/airflow/dags/data_ingestion_gcs_dag.py","logger":"airflow.models.dagbag.DagBag"}
{"timestamp":"2025-07-13T18:39:30.321767","level":"info","event":"Tmp dir root location: /tmp","logger":"airflow.task.hooks.airflow.providers.standard.hooks.subprocess.SubprocessHook"}
{"timestamp":"2025-07-13T18:39:30.325289","level":"info","event":"Running command: ['/usr/bin/bash', '-c', 'echo https://github.com/DataTalksClub/nyc-tlc-data/releases/download/green/green_tripdata_2019-08.csv.gz && wget --no-verbose https://github.com/DataTalksClub/nyc-tlc-data/releases/download/green/green_tripdata_2019-08.csv.gz -O /opt/airflow/green_tripdata_2019-08.csv.gz && gunzip -f /opt/airflow/green_tripdata_2019-08.csv.gz']","logger":"airflow.task.hooks.airflow.providers.standard.hooks.subprocess.SubprocessHook"}
{"timestamp":"2025-07-13T18:39:30.397805","level":"info","event":"Output:","logger":"airflow.task.hooks.airflow.providers.standard.hooks.subprocess.SubprocessHook"}
{"timestamp":"2025-07-13T18:39:30.409183","level":"info","event":"https://github.com/DataTalksClub/nyc-tlc-data/releases/download/green/green_tripdata_2019-08.csv.gz","logger":"airflow.task.hooks.airflow.providers.standard.hooks.subprocess.SubprocessHook"}
{"timestamp":"2025-07-13T18:39:31.954835","level":"info","event":"2025-07-13 18:39:31 URL:https://release-assets.githubusercontent.com/github-production-release-asset/513814948/f1ab280a-d5ea-4af2-9711-79f047a29d59?sp=r&sv=2018-11-09&sr=b&spr=https&se=2025-07-13T19%3A17%3A28Z&rscd=attachment%3B+filename%3Dgreen_tripdata_2019-08.csv.gz&rsct=application%2Foctet-stream&skoid=96c2d410-5711-43a1-aedd-ab1947aa7ab0&sktid=398a6654-997b-47e9-b12b-9515b896b4de&skt=2025-07-13T18%3A17%3A02Z&ske=2025-07-13T19%3A17%3A28Z&sks=b&skv=2018-11-09&sig=yigQE5Hz6ArTRFHhWLJJAx8ggFp43Khdt%2FtbNyResKo%3D&jwt=eyJ******&response-content-disposition=attachment%3B%20filename%3Dgreen_tripdata_2019-08.csv.gz&response-content-type=application%2Foctet-stream [7860096/7860096] -> \"/opt/airflow/green_tripdata_2019-08.csv.gz\" [1]","logger":"airflow.task.hooks.airflow.providers.standard.hooks.subprocess.SubprocessHook"}
{"timestamp":"2025-07-13T18:39:32.553635","level":"info","event":"Command exited with return code 0","logger":"airflow.task.hooks.airflow.providers.standard.hooks.subprocess.SubprocessHook"}
{"timestamp":"2025-07-13T18:39:32.576676","level":"info","event":"Pushing xcom","ti":"RuntimeTaskInstance(id=UUID('01980515-b758-72e5-921f-941afdd1c3ab'), task_id='download_dataset_task', dag_id='upload_gcs_greentrips', run_id='scheduled__2019-08-02T06:00:00+00:00', try_number=1, map_index=-1, hostname='fb7e26a7e74c', context_carrier={}, task=<Task(BashOperator): download_dataset_task>, bundle_instance=LocalDagBundle(name=dags-folder), max_tries=0, start_date=datetime.datetime(2025, 7, 13, 18, 39, 26, 257605, tzinfo=TzInfo(UTC)), end_date=None, state=<TaskInstanceState.RUNNING: 'running'>, is_mapped=False, rendered_map_index=None)","logger":"task"}
{"timestamp":"2025-07-17T08:54:26.743069","level":"info","event":"DAG bundles loaded: dags-folder","logger":"airflow.dag_processing.bundles.manager.DagBundlesManager"}
{"timestamp":"2025-07-17T08:54:26.743922","level":"info","event":"Filling up the DagBag from /opt/airflow/dags/data_ingestion_gcs_dag.py","logger":"airflow.models.dagbag.DagBag"}
{"timestamp":"2025-07-17T08:54:28.391246","level":"info","event":"Tmp dir root location: /tmp","logger":"airflow.task.hooks.airflow.providers.standard.hooks.subprocess.SubprocessHook"}
{"timestamp":"2025-07-17T08:54:28.393678","level":"info","event":"Running command: ['/usr/bin/bash', '-c', \"echo https://github.com/DataTalksClub/nyc-tlc-data/releases/download/green/green_tripdata_2019-08.csv.gz && wget --no-verbose https://github.com/DataTalksClub/nyc-tlc-data/releases/download/green/green_tripdata_2019-08.csv.gz -O /opt/airflow/green_tripdata_2019-08.csv.gz && gunzip -f /opt/airflow/green_tripdata_2019-08.csv.gz || echo 'invalid link or file not in gz format' && wget https://github.com/DataTalksClub/nyc-tlc-data/releases/download/green/green_tripdata_2019-08.csv.gz -O /opt/airflow/green_tripdata_2019-08.csv\"]","logger":"airflow.task.hooks.airflow.providers.standard.hooks.subprocess.SubprocessHook"}
{"timestamp":"2025-07-17T08:54:28.479051","level":"info","event":"Output:","logger":"airflow.task.hooks.airflow.providers.standard.hooks.subprocess.SubprocessHook"}
{"timestamp":"2025-07-17T08:54:28.484737","level":"info","event":"https://github.com/DataTalksClub/nyc-tlc-data/releases/download/green/green_tripdata_2019-08.csv.gz","logger":"airflow.task.hooks.airflow.providers.standard.hooks.subprocess.SubprocessHook"}
{"timestamp":"2025-07-17T08:54:29.609662","level":"info","event":"2025-07-17 08:54:29 URL:https://release-assets.githubusercontent.com/github-production-release-asset/513814948/f1ab280a-d5ea-4af2-9711-79f047a29d59?sp=r&sv=2018-11-09&sr=b&spr=https&se=2025-07-17T09%3A50%3A40Z&rscd=attachment%3B+filename%3Dgreen_tripdata_2019-08.csv.gz&rsct=application%2Foctet-stream&skoid=96c2d410-5711-43a1-aedd-ab1947aa7ab0&sktid=398a6654-997b-47e9-b12b-9515b896b4de&skt=2025-07-17T08%3A49%3A43Z&ske=2025-07-17T09%3A50%3A40Z&sks=b&skv=2018-11-09&sig=jTNGiMSxuQBPiyTpkJ5ZcTgxuJDX5mn6nowpdu1bUBg%3D&jwt=eyJ******&response-content-disposition=attachment%3B%20filename%3Dgreen_tripdata_2019-08.csv.gz&response-content-type=application%2Foctet-stream [7860096/7860096] -> \"/opt/airflow/green_tripdata_2019-08.csv.gz\" [1]","logger":"airflow.task.hooks.airflow.providers.standard.hooks.subprocess.SubprocessHook"}
{"timestamp":"2025-07-17T08:54:29.870442","level":"info","event":"--2025-07-17 08:54:29--  https://github.com/DataTalksClub/nyc-tlc-data/releases/download/green/green_tripdata_2019-08.csv.gz","logger":"airflow.task.hooks.airflow.providers.standard.hooks.subprocess.SubprocessHook"}
{"timestamp":"2025-07-17T08:54:29.880806","level":"info","event":"Resolving github.com (github.com)... 20.205.243.166","logger":"airflow.task.hooks.airflow.providers.standard.hooks.subprocess.SubprocessHook"}
{"timestamp":"2025-07-17T08:54:29.889083","level":"info","event":"Connecting to github.com (github.com)|20.205.243.166|:443... connected.","logger":"airflow.task.hooks.airflow.providers.standard.hooks.subprocess.SubprocessHook"}
{"timestamp":"2025-07-17T08:54:29.917092","level":"info","event":"HTTP request sent, awaiting response... 302 Found","logger":"airflow.task.hooks.airflow.providers.standard.hooks.subprocess.SubprocessHook"}
{"timestamp":"2025-07-17T08:54:29.917262","level":"info","event":"Location: https://release-assets.githubusercontent.com/github-production-release-asset/513814948/f1ab280a-d5ea-4af2-9711-79f047a29d59?sp=r&sv=2018-11-09&sr=b&spr=https&se=2025-07-17T09%3A50%3A40Z&rscd=attachment%3B+filename%3Dgreen_tripdata_2019-08.csv.gz&rsct=application%2Foctet-stream&skoid=96c2d410-5711-43a1-aedd-ab1947aa7ab0&sktid=398a6654-997b-47e9-b12b-9515b896b4de&skt=2025-07-17T08%3A49%3A43Z&ske=2025-07-17T09%3A50%3A40Z&sks=b&skv=2018-11-09&sig=jTNGiMSxuQBPiyTpkJ5ZcTgxuJDX5mn6nowpdu1bUBg%3D&jwt=eyJ******&response-content-disposition=attachment%3B%20filename%3Dgreen_tripdata_2019-08.csv.gz&response-content-type=application%2Foctet-stream [following]","logger":"airflow.task.hooks.airflow.providers.standard.hooks.subprocess.SubprocessHook"}
{"timestamp":"2025-07-17T08:54:29.917441","level":"info","event":"--2025-07-17 08:54:29--  https://release-assets.githubusercontent.com/github-production-release-asset/513814948/f1ab280a-d5ea-4af2-9711-79f047a29d59?sp=r&sv=2018-11-09&sr=b&spr=https&se=2025-07-17T09%3A50%3A40Z&rscd=attachment%3B+filename%3Dgreen_tripdata_2019-08.csv.gz&rsct=application%2Foctet-stream&skoid=96c2d410-5711-43a1-aedd-ab1947aa7ab0&sktid=398a6654-997b-47e9-b12b-9515b896b4de&skt=2025-07-17T08%3A49%3A43Z&ske=2025-07-17T09%3A50%3A40Z&sks=b&skv=2018-11-09&sig=jTNGiMSxuQBPiyTpkJ5ZcTgxuJDX5mn6nowpdu1bUBg%3D&jwt=eyJ******&response-content-disposition=attachment%3B%20filename%3Dgreen_tripdata_2019-08.csv.gz&response-content-type=application%2Foctet-stream","logger":"airflow.task.hooks.airflow.providers.standard.hooks.subprocess.SubprocessHook"}
{"timestamp":"2025-07-17T08:54:29.923605","level":"info","event":"Resolving release-assets.githubusercontent.com (release-assets.githubusercontent.com)... 185.199.109.133, 185.199.110.133, 185.199.111.133, ...","logger":"airflow.task.hooks.airflow.providers.standard.hooks.subprocess.SubprocessHook"}
{"timestamp":"2025-07-17T08:54:29.930857","level":"info","event":"Connecting to release-assets.githubusercontent.com (release-assets.githubusercontent.com)|185.199.109.133|:443... connected.","logger":"airflow.task.hooks.airflow.providers.standard.hooks.subprocess.SubprocessHook"}
{"timestamp":"2025-07-17T08:54:29.954300","level":"info","event":"HTTP request sent, awaiting response... 200 OK","logger":"airflow.task.hooks.airflow.providers.standard.hooks.subprocess.SubprocessHook"}
{"timestamp":"2025-07-17T08:54:29.954408","level":"info","event":"Length: 7860096 (7.5M) [application/octet-stream]","logger":"airflow.task.hooks.airflow.providers.standard.hooks.subprocess.SubprocessHook"}
{"timestamp":"2025-07-17T08:54:29.954474","level":"info","event":"Saving to: ‘/opt/airflow/green_tripdata_2019-08.csv’","logger":"airflow.task.hooks.airflow.providers.standard.hooks.subprocess.SubprocessHook"}
{"timestamp":"2025-07-17T08:54:29.955862","level":"info","event":"","logger":"airflow.task.hooks.airflow.providers.standard.hooks.subprocess.SubprocessHook"}
{"timestamp":"2025-07-17T08:54:29.965081","level":"info","event":"     0K .......... .......... .......... .......... ..........  0% 4.56M 2s","logger":"airflow.task.hooks.airflow.providers.standard.hooks.subprocess.SubprocessHook"}
{"timestamp":"2025-07-17T08:54:29.968185","level":"info","event":"    50K .......... .......... .......... .......... ..........  1% 15.7M 1s","logger":"airflow.task.hooks.airflow.providers.standard.hooks.subprocess.SubprocessHook"}
{"timestamp":"2025-07-17T08:54:29.974310","level":"info","event":"   100K .......... .......... .......... .......... ..........  1% 7.98M 1s","logger":"airflow.task.hooks.airflow.providers.standard.hooks.subprocess.SubprocessHook"}
{"timestamp":"2025-07-17T08:54:29.975484","level":"info","event":"   150K .......... .......... .......... .......... ..........  2% 39.9M 1s","logger":"airflow.task.hooks.airflow.providers.standard.hooks.subprocess.SubprocessHook"}
{"timestamp":"2025-07-17T08:54:29.978147","level":"info","event":"   200K .......... .......... .......... .......... ..........  3% 18.5M 1s","logger":"airflow.task.hooks.airflow.providers.standard.hooks.subprocess.SubprocessHook"}
{"timestamp":"2025-07-17T08:54:29.980572","level":"info","event":"   250K .......... .......... .......... .......... ..........  3% 20.5M 1s","logger":"airflow.task.hooks.airflow.providers.standard.hooks.subprocess.SubprocessHook"}
{"timestamp":"2025-07-17T08:54:29.984129","level":"info","event":"   300K .......... .......... .......... .......... ..........  4% 13.6M 1s","logger":"airflow.task.hooks.airflow.providers.standard.hooks.subprocess.SubprocessHook"}
{"timestamp":"2025-07-17T08:54:29.985235","level":"info","event":"   350K .......... .......... .......... .......... ..........  5% 46.6M 1s","logger":"airflow.task.hooks.airflow.providers.standard.hooks.subprocess.SubprocessHook"}
{"timestamp":"2025-07-17T08:54:29.986602","level":"info","event":"   400K .......... .......... .......... .......... ..........  5% 35.0M 1s","logger":"airflow.task.hooks.airflow.providers.standard.hooks.subprocess.SubprocessHook"}
{"timestamp":"2025-07-17T08:54:29.987735","level":"info","event":"   450K .......... .......... .......... .......... ..........  6% 42.7M 0s","logger":"airflow.task.hooks.airflow.providers.standard.hooks.subprocess.SubprocessHook"}
{"timestamp":"2025-07-17T08:54:29.988778","level":"info","event":"   500K .......... .......... .......... .......... ..........  7% 47.6M 0s","logger":"airflow.task.hooks.airflow.providers.standard.hooks.subprocess.SubprocessHook"}
{"timestamp":"2025-07-17T08:54:29.989758","level":"info","event":"   550K .......... .......... .......... .......... ..........  7% 47.3M 0s","logger":"airflow.task.hooks.airflow.providers.standard.hooks.subprocess.SubprocessHook"}
{"timestamp":"2025-07-17T08:54:29.990471","level":"info","event":"   600K .......... .......... .......... .......... ..........  8% 69.4M 0s","logger":"airflow.task.hooks.airflow.providers.standard.hooks.subprocess.SubprocessHook"}
{"timestamp":"2025-07-17T08:54:29.992210","level":"info","event":"   650K .......... .......... .......... .......... ..........  9% 28.1M 0s","logger":"airflow.task.hooks.airflow.providers.standard.hooks.subprocess.SubprocessHook"}
{"timestamp":"2025-07-17T08:54:29.994145","level":"info","event":"   700K .......... .......... .......... .......... ..........  9% 26.1M 0s","logger":"airflow.task.hooks.airflow.providers.standard.hooks.subprocess.SubprocessHook"}
{"timestamp":"2025-07-17T08:54:29.998210","level":"info","event":"   750K .......... .......... .......... .......... .......... 10% 11.9M 0s","logger":"airflow.task.hooks.airflow.providers.standard.hooks.subprocess.SubprocessHook"}
{"timestamp":"2025-07-17T08:54:29.999162","level":"info","event":"   800K .......... .......... .......... .......... .......... 11% 51.5M 0s","logger":"airflow.task.hooks.airflow.providers.standard.hooks.subprocess.SubprocessHook"}
{"timestamp":"2025-07-17T08:54:30.000211","level":"info","event":"   850K .......... .......... .......... .......... .......... 11% 44.7M 0s","logger":"airflow.task.hooks.airflow.providers.standard.hooks.subprocess.SubprocessHook"}
{"timestamp":"2025-07-17T08:54:30.000952","level":"info","event":"   900K .......... .......... .......... .......... .......... 12% 66.0M 0s","logger":"airflow.task.hooks.airflow.providers.standard.hooks.subprocess.SubprocessHook"}
{"timestamp":"2025-07-17T08:54:30.002120","level":"info","event":"   950K .......... .......... .......... .......... .......... 13% 81.4M 0s","logger":"airflow.task.hooks.airflow.providers.standard.hooks.subprocess.SubprocessHook"}
{"timestamp":"2025-07-17T08:54:30.003525","level":"info","event":"  1000K .......... .......... .......... .......... .......... 13% 30.3M 0s","logger":"airflow.task.hooks.airflow.providers.standard.hooks.subprocess.SubprocessHook"}
{"timestamp":"2025-07-17T08:54:30.004355","level":"info","event":"  1050K .......... .......... .......... .......... .......... 14% 40.5M 0s","logger":"airflow.task.hooks.airflow.providers.standard.hooks.subprocess.SubprocessHook"}
{"timestamp":"2025-07-17T08:54:30.005461","level":"info","event":"  1100K .......... .......... .......... .......... .......... 14% 45.5M 0s","logger":"airflow.task.hooks.airflow.providers.standard.hooks.subprocess.SubprocessHook"}
{"timestamp":"2025-07-17T08:54:30.006212","level":"info","event":"  1150K .......... .......... .......... .......... .......... 15% 65.7M 0s","logger":"airflow.task.hooks.airflow.providers.standard.hooks.subprocess.SubprocessHook"}
{"timestamp":"2025-07-17T08:54:30.007879","level":"info","event":"  1200K .......... .......... .......... .......... .......... 16% 36.9M 0s","logger":"airflow.task.hooks.airflow.providers.standard.hooks.subprocess.SubprocessHook"}
{"timestamp":"2025-07-17T08:54:30.008093","level":"info","event":"  1250K .......... .......... .......... .......... .......... 16% 90.2M 0s","logger":"airflow.task.hooks.airflow.providers.standard.hooks.subprocess.SubprocessHook"}
{"timestamp":"2025-07-17T08:54:30.009111","level":"info","event":"  1300K .......... .......... .......... .......... .......... 17% 46.2M 0s","logger":"airflow.task.hooks.airflow.providers.standard.hooks.subprocess.SubprocessHook"}
{"timestamp":"2025-07-17T08:54:30.009822","level":"info","event":"  1350K .......... .......... .......... .......... .......... 18% 68.8M 0s","logger":"airflow.task.hooks.airflow.providers.standard.hooks.subprocess.SubprocessHook"}
{"timestamp":"2025-07-17T08:54:30.012050","level":"info","event":"  1400K .......... .......... .......... .......... .......... 18% 22.3M 0s","logger":"airflow.task.hooks.airflow.providers.standard.hooks.subprocess.SubprocessHook"}
{"timestamp":"2025-07-17T08:54:30.012390","level":"info","event":"  1450K .......... .......... .......... .......... .......... 19%  120M 0s","logger":"airflow.task.hooks.airflow.providers.standard.hooks.subprocess.SubprocessHook"}
{"timestamp":"2025-07-17T08:54:30.013574","level":"info","event":"  1500K .......... .......... .......... .......... .......... 20% 45.1M 0s","logger":"airflow.task.hooks.airflow.providers.standard.hooks.subprocess.SubprocessHook"}
{"timestamp":"2025-07-17T08:54:30.014568","level":"info","event":"  1550K .......... .......... .......... .......... .......... 20% 48.1M 0s","logger":"airflow.task.hooks.airflow.providers.standard.hooks.subprocess.SubprocessHook"}
{"timestamp":"2025-07-17T08:54:30.015882","level":"info","event":"  1600K .......... .......... .......... .......... .......... 21% 35.3M 0s","logger":"airflow.task.hooks.airflow.providers.standard.hooks.subprocess.SubprocessHook"}
{"timestamp":"2025-07-17T08:54:30.017189","level":"info","event":"  1650K .......... .......... .......... .......... .......... 22% 38.1M 0s","logger":"airflow.task.hooks.airflow.providers.standard.hooks.subprocess.SubprocessHook"}
{"timestamp":"2025-07-17T08:54:30.018881","level":"info","event":"  1700K .......... .......... .......... .......... .......... 22% 32.7M 0s","logger":"airflow.task.hooks.airflow.providers.standard.hooks.subprocess.SubprocessHook"}
{"timestamp":"2025-07-17T08:54:30.019449","level":"info","event":"  1750K .......... .......... .......... .......... .......... 23% 62.7M 0s","logger":"airflow.task.hooks.airflow.providers.standard.hooks.subprocess.SubprocessHook"}
{"timestamp":"2025-07-17T08:54:30.020747","level":"info","event":"  1800K .......... .......... .......... .......... .......... 24% 44.8M 0s","logger":"airflow.task.hooks.airflow.providers.standard.hooks.subprocess.SubprocessHook"}
{"timestamp":"2025-07-17T08:54:30.021354","level":"info","event":"  1850K .......... .......... .......... .......... .......... 24% 59.9M 0s","logger":"airflow.task.hooks.airflow.providers.standard.hooks.subprocess.SubprocessHook"}
{"timestamp":"2025-07-17T08:54:30.022004","level":"info","event":"  1900K .......... .......... .......... .......... .......... 25% 73.8M 0s","logger":"airflow.task.hooks.airflow.providers.standard.hooks.subprocess.SubprocessHook"}
{"timestamp":"2025-07-17T08:54:30.023284","level":"info","event":"  1950K .......... .......... .......... .......... .......... 26% 41.0M 0s","logger":"airflow.task.hooks.airflow.providers.standard.hooks.subprocess.SubprocessHook"}
{"timestamp":"2025-07-17T08:54:30.024606","level":"info","event":"  2000K .......... .......... .......... .......... .......... 26% 37.0M 0s","logger":"airflow.task.hooks.airflow.providers.standard.hooks.subprocess.SubprocessHook"}
{"timestamp":"2025-07-17T08:54:30.025255","level":"info","event":"  2050K .......... .......... .......... .......... .......... 27% 70.7M 0s","logger":"airflow.task.hooks.airflow.providers.standard.hooks.subprocess.SubprocessHook"}
{"timestamp":"2025-07-17T08:54:30.026582","level":"info","event":"  2100K .......... .......... .......... .......... .......... 28% 36.8M 0s","logger":"airflow.task.hooks.airflow.providers.standard.hooks.subprocess.SubprocessHook"}
{"timestamp":"2025-07-17T08:54:30.027090","level":"info","event":"  2150K .......... .......... .......... .......... .......... 28% 94.0M 0s","logger":"airflow.task.hooks.airflow.providers.standard.hooks.subprocess.SubprocessHook"}
{"timestamp":"2025-07-17T08:54:30.028093","level":"info","event":"  2200K .......... .......... .......... .......... .......... 29% 48.2M 0s","logger":"airflow.task.hooks.airflow.providers.standard.hooks.subprocess.SubprocessHook"}
{"timestamp":"2025-07-17T08:54:30.028657","level":"info","event":"  2250K .......... .......... .......... .......... .......... 29% 84.8M 0s","logger":"airflow.task.hooks.airflow.providers.standard.hooks.subprocess.SubprocessHook"}
{"timestamp":"2025-07-17T08:54:30.031001","level":"info","event":"  2300K .......... .......... .......... .......... .......... 30% 21.0M 0s","logger":"airflow.task.hooks.airflow.providers.standard.hooks.subprocess.SubprocessHook"}
{"timestamp":"2025-07-17T08:54:30.031755","level":"info","event":"  2350K .......... .......... .......... .......... .......... 31% 67.9M 0s","logger":"airflow.task.hooks.airflow.providers.standard.hooks.subprocess.SubprocessHook"}
{"timestamp":"2025-07-17T08:54:30.033209","level":"info","event":"  2400K .......... .......... .......... .......... .......... 31% 42.2M 0s","logger":"airflow.task.hooks.airflow.providers.standard.hooks.subprocess.SubprocessHook"}
{"timestamp":"2025-07-17T08:54:30.033880","level":"info","event":"  2450K .......... .......... .......... .......... .......... 32% 50.7M 0s","logger":"airflow.task.hooks.airflow.providers.standard.hooks.subprocess.SubprocessHook"}
{"timestamp":"2025-07-17T08:54:30.034801","level":"info","event":"  2500K .......... .......... .......... .......... .......... 33% 51.4M 0s","logger":"airflow.task.hooks.airflow.providers.standard.hooks.subprocess.SubprocessHook"}
{"timestamp":"2025-07-17T08:54:30.035492","level":"info","event":"  2550K .......... .......... .......... .......... .......... 33% 67.4M 0s","logger":"airflow.task.hooks.airflow.providers.standard.hooks.subprocess.SubprocessHook"}
{"timestamp":"2025-07-17T08:54:30.036545","level":"info","event":"  2600K .......... .......... .......... .......... .......... 34% 46.8M 0s","logger":"airflow.task.hooks.airflow.providers.standard.hooks.subprocess.SubprocessHook"}
{"timestamp":"2025-07-17T08:54:30.037375","level":"info","event":"  2650K .......... .......... .......... .......... .......... 35% 57.4M 0s","logger":"airflow.task.hooks.airflow.providers.standard.hooks.subprocess.SubprocessHook"}
{"timestamp":"2025-07-17T08:54:30.039099","level":"info","event":"  2700K .......... .......... .......... .......... .......... 35% 28.8M 0s","logger":"airflow.task.hooks.airflow.providers.standard.hooks.subprocess.SubprocessHook"}
{"timestamp":"2025-07-17T08:54:30.040278","level":"info","event":"  2750K .......... .......... .......... .......... .......... 36% 42.2M 0s","logger":"airflow.task.hooks.airflow.providers.standard.hooks.subprocess.SubprocessHook"}
{"timestamp":"2025-07-17T08:54:30.041381","level":"info","event":"  2800K .......... .......... .......... .......... .......... 37% 44.4M 0s","logger":"airflow.task.hooks.airflow.providers.standard.hooks.subprocess.SubprocessHook"}
{"timestamp":"2025-07-17T08:54:30.041891","level":"info","event":"  2850K .......... .......... .......... .......... .......... 37% 91.0M 0s","logger":"airflow.task.hooks.airflow.providers.standard.hooks.subprocess.SubprocessHook"}
{"timestamp":"2025-07-17T08:54:30.042884","level":"info","event":"  2900K .......... .......... .......... .......... .......... 38% 48.3M 0s","logger":"airflow.task.hooks.airflow.providers.standard.hooks.subprocess.SubprocessHook"}
{"timestamp":"2025-07-17T08:54:30.043340","level":"info","event":"  2950K .......... .......... .......... .......... .......... 39%  117M 0s","logger":"airflow.task.hooks.airflow.providers.standard.hooks.subprocess.SubprocessHook"}
{"timestamp":"2025-07-17T08:54:30.045085","level":"info","event":"  3000K .......... .......... .......... .......... .......... 39% 27.3M 0s","logger":"airflow.task.hooks.airflow.providers.standard.hooks.subprocess.SubprocessHook"}
{"timestamp":"2025-07-17T08:54:30.046210","level":"info","event":"  3050K .......... .......... .......... .......... .......... 40% 44.2M 0s","logger":"airflow.task.hooks.airflow.providers.standard.hooks.subprocess.SubprocessHook"}
{"timestamp":"2025-07-17T08:54:30.047610","level":"info","event":"  3100K .......... .......... .......... .......... .......... 41% 36.3M 0s","logger":"airflow.task.hooks.airflow.providers.standard.hooks.subprocess.SubprocessHook"}
{"timestamp":"2025-07-17T08:54:30.049414","level":"info","event":"  3150K .......... .......... .......... .......... .......... 41% 30.1M 0s","logger":"airflow.task.hooks.airflow.providers.standard.hooks.subprocess.SubprocessHook"}
{"timestamp":"2025-07-17T08:54:30.060666","level":"info","event":"  3200K .......... .......... .......... .......... .......... 42% 4.33M 0s","logger":"airflow.task.hooks.airflow.providers.standard.hooks.subprocess.SubprocessHook"}
{"timestamp":"2025-07-17T08:54:30.060774","level":"info","event":"  3250K .......... .......... .......... .......... .......... 42%  228M 0s","logger":"airflow.task.hooks.airflow.providers.standard.hooks.subprocess.SubprocessHook"}
{"timestamp":"2025-07-17T08:54:30.062575","level":"info","event":"  3300K .......... .......... .......... .......... .......... 43% 30.2M 0s","logger":"airflow.task.hooks.airflow.providers.standard.hooks.subprocess.SubprocessHook"}
{"timestamp":"2025-07-17T08:54:30.063528","level":"info","event":"  3350K .......... .......... .......... .......... .......... 44%  111M 0s","logger":"airflow.task.hooks.airflow.providers.standard.hooks.subprocess.SubprocessHook"}
{"timestamp":"2025-07-17T08:54:30.063574","level":"info","event":"  3400K .......... .......... .......... .......... .......... 44% 86.6M 0s","logger":"airflow.task.hooks.airflow.providers.standard.hooks.subprocess.SubprocessHook"}
{"timestamp":"2025-07-17T08:54:30.063597","level":"info","event":"  3450K .......... .......... .......... .......... .......... 45%  291M 0s","logger":"airflow.task.hooks.airflow.providers.standard.hooks.subprocess.SubprocessHook"}
{"timestamp":"2025-07-17T08:54:30.064349","level":"info","event":"  3500K .......... .......... .......... .......... .......... 46% 54.8M 0s","logger":"airflow.task.hooks.airflow.providers.standard.hooks.subprocess.SubprocessHook"}
{"timestamp":"2025-07-17T08:54:30.064929","level":"info","event":"  3550K .......... .......... .......... .......... .......... 46% 84.7M 0s","logger":"airflow.task.hooks.airflow.providers.standard.hooks.subprocess.SubprocessHook"}
{"timestamp":"2025-07-17T08:54:30.066057","level":"info","event":"  3600K .......... .......... .......... .......... .......... 47% 43.5M 0s","logger":"airflow.task.hooks.airflow.providers.standard.hooks.subprocess.SubprocessHook"}
{"timestamp":"2025-07-17T08:54:30.066613","level":"info","event":"  3650K .......... .......... .......... .......... .......... 48% 90.8M 0s","logger":"airflow.task.hooks.airflow.providers.standard.hooks.subprocess.SubprocessHook"}
{"timestamp":"2025-07-17T08:54:30.066755","level":"info","event":"  3700K .......... .......... .......... .......... .......... 48%  295M 0s","logger":"airflow.task.hooks.airflow.providers.standard.hooks.subprocess.SubprocessHook"}
{"timestamp":"2025-07-17T08:54:30.066974","level":"info","event":"  3750K .......... .......... .......... .......... .......... 49%  271M 0s","logger":"airflow.task.hooks.airflow.providers.standard.hooks.subprocess.SubprocessHook"}
{"timestamp":"2025-07-17T08:54:30.068027","level":"info","event":"  3800K .......... .......... .......... .......... .......... 50% 45.6M 0s","logger":"airflow.task.hooks.airflow.providers.standard.hooks.subprocess.SubprocessHook"}
{"timestamp":"2025-07-17T08:54:30.068218","level":"info","event":"  3850K .......... .......... .......... .......... .......... 50%  249M 0s","logger":"airflow.task.hooks.airflow.providers.standard.hooks.subprocess.SubprocessHook"}
{"timestamp":"2025-07-17T08:54:30.068539","level":"info","event":"  3900K .......... .......... .......... .......... .......... 51%  146M 0s","logger":"airflow.task.hooks.airflow.providers.standard.hooks.subprocess.SubprocessHook"}
{"timestamp":"2025-07-17T08:54:30.069269","level":"info","event":"  3950K .......... .......... .......... .......... .......... 52% 77.4M 0s","logger":"airflow.task.hooks.airflow.providers.standard.hooks.subprocess.SubprocessHook"}
{"timestamp":"2025-07-17T08:54:30.069997","level":"info","event":"  4000K .......... .......... .......... .......... .......... 52% 58.2M 0s","logger":"airflow.task.hooks.airflow.providers.standard.hooks.subprocess.SubprocessHook"}
{"timestamp":"2025-07-17T08:54:30.070412","level":"info","event":"  4050K .......... .......... .......... .......... .......... 53%  121M 0s","logger":"airflow.task.hooks.airflow.providers.standard.hooks.subprocess.SubprocessHook"}
{"timestamp":"2025-07-17T08:54:30.071051","level":"info","event":"  4100K .......... .......... .......... .......... .......... 54% 77.2M 0s","logger":"airflow.task.hooks.airflow.providers.standard.hooks.subprocess.SubprocessHook"}
{"timestamp":"2025-07-17T08:54:30.071468","level":"info","event":"  4150K .......... .......... .......... .......... .......... 54%  112M 0s","logger":"airflow.task.hooks.airflow.providers.standard.hooks.subprocess.SubprocessHook"}
{"timestamp":"2025-07-17T08:54:30.071818","level":"info","event":"  4200K .......... .......... .......... .......... .......... 55%  134M 0s","logger":"airflow.task.hooks.airflow.providers.standard.hooks.subprocess.SubprocessHook"}
{"timestamp":"2025-07-17T08:54:30.072149","level":"info","event":"  4250K .......... .......... .......... .......... .......... 56%  150M 0s","logger":"airflow.task.hooks.airflow.providers.standard.hooks.subprocess.SubprocessHook"}
{"timestamp":"2025-07-17T08:54:30.072438","level":"info","event":"  4300K .......... .......... .......... .......... .......... 56%  180M 0s","logger":"airflow.task.hooks.airflow.providers.standard.hooks.subprocess.SubprocessHook"}
{"timestamp":"2025-07-17T08:54:30.072870","level":"info","event":"  4350K .......... .......... .......... .......... .......... 57%  107M 0s","logger":"airflow.task.hooks.airflow.providers.standard.hooks.subprocess.SubprocessHook"}
{"timestamp":"2025-07-17T08:54:30.074365","level":"info","event":"  4400K .......... .......... .......... .......... .......... 57% 37.9M 0s","logger":"airflow.task.hooks.airflow.providers.standard.hooks.subprocess.SubprocessHook"}
{"timestamp":"2025-07-17T08:54:30.075001","level":"info","event":"  4450K .......... .......... .......... .......... .......... 58% 63.8M 0s","logger":"airflow.task.hooks.airflow.providers.standard.hooks.subprocess.SubprocessHook"}
{"timestamp":"2025-07-17T08:54:30.076402","level":"info","event":"  4500K .......... .......... .......... .......... .......... 59% 65.4M 0s","logger":"airflow.task.hooks.airflow.providers.standard.hooks.subprocess.SubprocessHook"}
{"timestamp":"2025-07-17T08:54:30.077010","level":"info","event":"  4550K .......... .......... .......... .......... .......... 59% 46.6M 0s","logger":"airflow.task.hooks.airflow.providers.standard.hooks.subprocess.SubprocessHook"}
{"timestamp":"2025-07-17T08:54:30.077446","level":"info","event":"  4600K .......... .......... .......... .......... .......... 60% 68.2M 0s","logger":"airflow.task.hooks.airflow.providers.standard.hooks.subprocess.SubprocessHook"}
{"timestamp":"2025-07-17T08:54:30.077857","level":"info","event":"  4650K .......... .......... .......... .......... .......... 61%  296M 0s","logger":"airflow.task.hooks.airflow.providers.standard.hooks.subprocess.SubprocessHook"}
{"timestamp":"2025-07-17T08:54:30.078482","level":"info","event":"  4700K .......... .......... .......... .......... .......... 61% 56.8M 0s","logger":"airflow.task.hooks.airflow.providers.standard.hooks.subprocess.SubprocessHook"}
{"timestamp":"2025-07-17T08:54:30.079038","level":"info","event":"  4750K .......... .......... .......... .......... .......... 62% 83.6M 0s","logger":"airflow.task.hooks.airflow.providers.standard.hooks.subprocess.SubprocessHook"}
{"timestamp":"2025-07-17T08:54:30.080438","level":"info","event":"  4800K .......... .......... .......... .......... .......... 63% 36.2M 0s","logger":"airflow.task.hooks.airflow.providers.standard.hooks.subprocess.SubprocessHook"}
{"timestamp":"2025-07-17T08:54:30.081227","level":"info","event":"  4850K .......... .......... .......... .......... .......... 63% 63.0M 0s","logger":"airflow.task.hooks.airflow.providers.standard.hooks.subprocess.SubprocessHook"}
{"timestamp":"2025-07-17T08:54:30.082478","level":"info","event":"  4900K .......... .......... .......... .......... .......... 64% 54.8M 0s","logger":"airflow.task.hooks.airflow.providers.standard.hooks.subprocess.SubprocessHook"}
{"timestamp":"2025-07-17T08:54:30.083526","level":"info","event":"  4950K .......... .......... .......... .......... .......... 65% 35.3M 0s","logger":"airflow.task.hooks.airflow.providers.standard.hooks.subprocess.SubprocessHook"}
{"timestamp":"2025-07-17T08:54:30.084140","level":"info","event":"  5000K .......... .......... .......... .......... .......... 65% 73.8M 0s","logger":"airflow.task.hooks.airflow.providers.standard.hooks.subprocess.SubprocessHook"}
{"timestamp":"2025-07-17T08:54:30.085324","level":"info","event":"  5050K .......... .......... .......... .......... .......... 66% 41.7M 0s","logger":"airflow.task.hooks.airflow.providers.standard.hooks.subprocess.SubprocessHook"}
{"timestamp":"2025-07-17T08:54:30.087222","level":"info","event":"  5100K .......... .......... .......... .......... .......... 67% 27.0M 0s","logger":"airflow.task.hooks.airflow.providers.standard.hooks.subprocess.SubprocessHook"}
{"timestamp":"2025-07-17T08:54:30.087994","level":"info","event":"  5150K .......... .......... .......... .......... .......... 67% 55.7M 0s","logger":"airflow.task.hooks.airflow.providers.standard.hooks.subprocess.SubprocessHook"}
{"timestamp":"2025-07-17T08:54:30.089123","level":"info","event":"  5200K .......... .......... .......... .......... .......... 68% 42.9M 0s","logger":"airflow.task.hooks.airflow.providers.standard.hooks.subprocess.SubprocessHook"}
{"timestamp":"2025-07-17T08:54:30.092216","level":"info","event":"  5250K .......... .......... .......... .......... .......... 69% 15.9M 0s","logger":"airflow.task.hooks.airflow.providers.standard.hooks.subprocess.SubprocessHook"}
{"timestamp":"2025-07-17T08:54:30.093518","level":"info","event":"  5300K .......... .......... .......... .......... .......... 69% 37.3M 0s","logger":"airflow.task.hooks.airflow.providers.standard.hooks.subprocess.SubprocessHook"}
{"timestamp":"2025-07-17T08:54:30.094189","level":"info","event":"  5350K .......... .......... .......... .......... .......... 70% 71.6M 0s","logger":"airflow.task.hooks.airflow.providers.standard.hooks.subprocess.SubprocessHook"}
{"timestamp":"2025-07-17T08:54:30.095984","level":"info","event":"  5400K .......... .......... .......... .......... .......... 71% 27.3M 0s","logger":"airflow.task.hooks.airflow.providers.standard.hooks.subprocess.SubprocessHook"}
{"timestamp":"2025-07-17T08:54:30.096963","level":"info","event":"  5450K .......... .......... .......... .......... .......... 71% 48.4M 0s","logger":"airflow.task.hooks.airflow.providers.standard.hooks.subprocess.SubprocessHook"}
{"timestamp":"2025-07-17T08:54:30.098013","level":"info","event":"  5500K .......... .......... .......... .......... .......... 72% 47.7M 0s","logger":"airflow.task.hooks.airflow.providers.standard.hooks.subprocess.SubprocessHook"}
{"timestamp":"2025-07-17T08:54:30.099468","level":"info","event":"  5550K .......... .......... .......... .......... .......... 72% 33.7M 0s","logger":"airflow.task.hooks.airflow.providers.standard.hooks.subprocess.SubprocessHook"}
{"timestamp":"2025-07-17T08:54:30.100248","level":"info","event":"  5600K .......... .......... .......... .......... .......... 73% 60.9M 0s","logger":"airflow.task.hooks.airflow.providers.standard.hooks.subprocess.SubprocessHook"}
{"timestamp":"2025-07-17T08:54:30.101148","level":"info","event":"  5650K .......... .......... .......... .......... .......... 74% 53.8M 0s","logger":"airflow.task.hooks.airflow.providers.standard.hooks.subprocess.SubprocessHook"}
{"timestamp":"2025-07-17T08:54:30.101953","level":"info","event":"  5700K .......... .......... .......... .......... .......... 74% 62.8M 0s","logger":"airflow.task.hooks.airflow.providers.standard.hooks.subprocess.SubprocessHook"}
{"timestamp":"2025-07-17T08:54:30.102916","level":"info","event":"  5750K .......... .......... .......... .......... .......... 75% 50.1M 0s","logger":"airflow.task.hooks.airflow.providers.standard.hooks.subprocess.SubprocessHook"}
{"timestamp":"2025-07-17T08:54:30.103937","level":"info","event":"  5800K .......... .......... .......... .......... .......... 76% 48.6M 0s","logger":"airflow.task.hooks.airflow.providers.standard.hooks.subprocess.SubprocessHook"}
{"timestamp":"2025-07-17T08:54:30.106803","level":"info","event":"  5850K .......... .......... .......... .......... .......... 76% 17.1M 0s","logger":"airflow.task.hooks.airflow.providers.standard.hooks.subprocess.SubprocessHook"}
{"timestamp":"2025-07-17T08:54:30.108014","level":"info","event":"  5900K .......... .......... .......... .......... .......... 77% 39.8M 0s","logger":"airflow.task.hooks.airflow.providers.standard.hooks.subprocess.SubprocessHook"}
{"timestamp":"2025-07-17T08:54:30.109614","level":"info","event":"  5950K .......... .......... .......... .......... .......... 78% 31.1M 0s","logger":"airflow.task.hooks.airflow.providers.standard.hooks.subprocess.SubprocessHook"}
{"timestamp":"2025-07-17T08:54:30.110911","level":"info","event":"  6000K .......... .......... .......... .......... .......... 78% 37.1M 0s","logger":"airflow.task.hooks.airflow.providers.standard.hooks.subprocess.SubprocessHook"}
{"timestamp":"2025-07-17T08:54:30.113003","level":"info","event":"  6050K .......... .......... .......... .......... .......... 79% 24.0M 0s","logger":"airflow.task.hooks.airflow.providers.standard.hooks.subprocess.SubprocessHook"}
{"timestamp":"2025-07-17T08:54:30.114007","level":"info","event":"  6100K .......... .......... .......... .......... .......... 80% 44.5M 0s","logger":"airflow.task.hooks.airflow.providers.standard.hooks.subprocess.SubprocessHook"}
{"timestamp":"2025-07-17T08:54:30.115236","level":"info","event":"  6150K .......... .......... .......... .......... .......... 80% 42.8M 0s","logger":"airflow.task.hooks.airflow.providers.standard.hooks.subprocess.SubprocessHook"}
{"timestamp":"2025-07-17T08:54:30.116690","level":"info","event":"  6200K .......... .......... .......... .......... .......... 81% 32.2M 0s","logger":"airflow.task.hooks.airflow.providers.standard.hooks.subprocess.SubprocessHook"}
{"timestamp":"2025-07-17T08:54:30.118013","level":"info","event":"  6250K .......... .......... .......... .......... .......... 82% 36.8M 0s","logger":"airflow.task.hooks.airflow.providers.standard.hooks.subprocess.SubprocessHook"}
{"timestamp":"2025-07-17T08:54:30.118853","level":"info","event":"  6300K .......... .......... .......... .......... .......... 82%  127M 0s","logger":"airflow.task.hooks.airflow.providers.standard.hooks.subprocess.SubprocessHook"}
{"timestamp":"2025-07-17T08:54:30.119499","level":"info","event":"  6350K .......... .......... .......... .......... .......... 83% 43.9M 0s","logger":"airflow.task.hooks.airflow.providers.standard.hooks.subprocess.SubprocessHook"}
{"timestamp":"2025-07-17T08:54:30.121331","level":"info","event":"  6400K .......... .......... .......... .......... .......... 84% 28.7M 0s","logger":"airflow.task.hooks.airflow.providers.standard.hooks.subprocess.SubprocessHook"}
{"timestamp":"2025-07-17T08:54:30.121756","level":"info","event":"  6450K .......... .......... .......... .......... .......... 84% 90.4M 0s","logger":"airflow.task.hooks.airflow.providers.standard.hooks.subprocess.SubprocessHook"}
{"timestamp":"2025-07-17T08:54:30.123368","level":"info","event":"  6500K .......... .......... .......... .......... .......... 85% 33.4M 0s","logger":"airflow.task.hooks.airflow.providers.standard.hooks.subprocess.SubprocessHook"}
{"timestamp":"2025-07-17T08:54:30.124676","level":"info","event":"  6550K .......... .......... .......... .......... .......... 85% 35.3M 0s","logger":"airflow.task.hooks.airflow.providers.standard.hooks.subprocess.SubprocessHook"}
{"timestamp":"2025-07-17T08:54:30.124863","level":"info","event":"  6600K .......... .......... .......... .......... .......... 86%  190M 0s","logger":"airflow.task.hooks.airflow.providers.standard.hooks.subprocess.SubprocessHook"}
{"timestamp":"2025-07-17T08:54:30.125762","level":"info","event":"  6650K .......... .......... .......... .......... .......... 87% 57.2M 0s","logger":"airflow.task.hooks.airflow.providers.standard.hooks.subprocess.SubprocessHook"}
{"timestamp":"2025-07-17T08:54:30.126555","level":"info","event":"  6700K .......... .......... .......... .......... .......... 87% 85.5M 0s","logger":"airflow.task.hooks.airflow.providers.standard.hooks.subprocess.SubprocessHook"}
{"timestamp":"2025-07-17T08:54:30.127571","level":"info","event":"  6750K .......... .......... .......... .......... .......... 88% 42.4M 0s","logger":"airflow.task.hooks.airflow.providers.standard.hooks.subprocess.SubprocessHook"}
{"timestamp":"2025-07-17T08:54:30.128428","level":"info","event":"  6800K .......... .......... .......... .......... .......... 89% 53.7M 0s","logger":"airflow.task.hooks.airflow.providers.standard.hooks.subprocess.SubprocessHook"}
{"timestamp":"2025-07-17T08:54:30.138390","level":"info","event":"  6850K .......... .......... .......... .......... .......... 89% 4.89M 0s","logger":"airflow.task.hooks.airflow.providers.standard.hooks.subprocess.SubprocessHook"}
{"timestamp":"2025-07-17T08:54:30.138568","level":"info","event":"  6900K .......... .......... .......... .......... .......... 90%  254M 0s","logger":"airflow.task.hooks.airflow.providers.standard.hooks.subprocess.SubprocessHook"}
{"timestamp":"2025-07-17T08:54:30.139248","level":"info","event":"  6950K .......... .......... .......... .......... .......... 91% 68.9M 0s","logger":"airflow.task.hooks.airflow.providers.standard.hooks.subprocess.SubprocessHook"}
{"timestamp":"2025-07-17T08:54:30.139607","level":"info","event":"  7000K .......... .......... .......... .......... .......... 91%  127M 0s","logger":"airflow.task.hooks.airflow.providers.standard.hooks.subprocess.SubprocessHook"}
{"timestamp":"2025-07-17T08:54:30.141233","level":"info","event":"  7050K .......... .......... .......... .......... .......... 92% 30.0M 0s","logger":"airflow.task.hooks.airflow.providers.standard.hooks.subprocess.SubprocessHook"}
{"timestamp":"2025-07-17T08:54:30.142393","level":"info","event":"  7100K .......... .......... .......... .......... .......... 93% 91.5M 0s","logger":"airflow.task.hooks.airflow.providers.standard.hooks.subprocess.SubprocessHook"}
{"timestamp":"2025-07-17T08:54:30.143240","level":"info","event":"  7150K .......... .......... .......... .......... .......... 93% 34.3M 0s","logger":"airflow.task.hooks.airflow.providers.standard.hooks.subprocess.SubprocessHook"}
{"timestamp":"2025-07-17T08:54:30.143990","level":"info","event":"  7200K .......... .......... .......... .......... .......... 94% 64.2M 0s","logger":"airflow.task.hooks.airflow.providers.standard.hooks.subprocess.SubprocessHook"}
{"timestamp":"2025-07-17T08:54:30.145020","level":"info","event":"  7250K .......... .......... .......... .......... .......... 95% 47.0M 0s","logger":"airflow.task.hooks.airflow.providers.standard.hooks.subprocess.SubprocessHook"}
{"timestamp":"2025-07-17T08:54:30.145925","level":"info","event":"  7300K .......... .......... .......... .......... .......... 95% 52.8M 0s","logger":"airflow.task.hooks.airflow.providers.standard.hooks.subprocess.SubprocessHook"}
{"timestamp":"2025-07-17T08:54:30.146571","level":"info","event":"  7350K .......... .......... .......... .......... .......... 96% 73.3M 0s","logger":"airflow.task.hooks.airflow.providers.standard.hooks.subprocess.SubprocessHook"}
{"timestamp":"2025-07-17T08:54:30.156198","level":"info","event":"  7400K .......... .......... .......... .......... .......... 97% 5.11M 0s","logger":"airflow.task.hooks.airflow.providers.standard.hooks.subprocess.SubprocessHook"}
{"timestamp":"2025-07-17T08:54:30.156498","level":"info","event":"  7450K .......... .......... .......... .......... .......... 97%  153M 0s","logger":"airflow.task.hooks.airflow.providers.standard.hooks.subprocess.SubprocessHook"}
{"timestamp":"2025-07-17T08:54:30.157101","level":"info","event":"  7500K .......... .......... .......... .......... .......... 98% 74.9M 0s","logger":"airflow.task.hooks.airflow.providers.standard.hooks.subprocess.SubprocessHook"}
{"timestamp":"2025-07-17T08:54:30.157559","level":"info","event":"  7550K .......... .......... .......... .......... .......... 99%  129M 0s","logger":"airflow.task.hooks.airflow.providers.standard.hooks.subprocess.SubprocessHook"}
{"timestamp":"2025-07-17T08:54:30.159235","level":"info","event":"  7600K .......... .......... .......... .......... .......... 99% 30.9M 0s","logger":"airflow.task.hooks.airflow.providers.standard.hooks.subprocess.SubprocessHook"}
{"timestamp":"2025-07-17T08:54:30.160529","level":"info","event":"  7650K .......... .......... .....                           100% 27.9M=0.2s","logger":"airflow.task.hooks.airflow.providers.standard.hooks.subprocess.SubprocessHook"}
{"timestamp":"2025-07-17T08:54:30.160712","level":"info","event":"","logger":"airflow.task.hooks.airflow.providers.standard.hooks.subprocess.SubprocessHook"}
{"timestamp":"2025-07-17T08:54:30.160826","level":"info","event":"2025-07-17 08:54:30 (36.5 MB/s) - ‘/opt/airflow/green_tripdata_2019-08.csv’ saved [7860096/7860096]","logger":"airflow.task.hooks.airflow.providers.standard.hooks.subprocess.SubprocessHook"}
{"timestamp":"2025-07-17T08:54:30.160923","level":"info","event":"","logger":"airflow.task.hooks.airflow.providers.standard.hooks.subprocess.SubprocessHook"}
{"timestamp":"2025-07-17T08:54:30.165323","level":"info","event":"Command exited with return code 0","logger":"airflow.task.hooks.airflow.providers.standard.hooks.subprocess.SubprocessHook"}
{"timestamp":"2025-07-17T08:54:30.171150","level":"info","event":"Pushing xcom","ti":"RuntimeTaskInstance(id=UUID('01981797-92d5-7b97-b121-5a80712dec0a'), task_id='download_dataset_task', dag_id='upload_gcs_greentrips', run_id='scheduled__2019-08-02T06:00:00+00:00', try_number=1, map_index=-1, hostname='8c16a644909e', context_carrier={}, task=<Task(BashOperator): download_dataset_task>, bundle_instance=LocalDagBundle(name=dags-folder), max_tries=0, start_date=datetime.datetime(2025, 7, 17, 8, 54, 26, 414547, tzinfo=TzInfo(UTC)), end_date=None, state=<TaskInstanceState.RUNNING: 'running'>, is_mapped=False, rendered_map_index=None)","logger":"task"}
{"timestamp":"2025-07-17T17:11:15.245663","level":"info","event":"DAG bundles loaded: dags-folder","logger":"airflow.dag_processing.bundles.manager.DagBundlesManager"}
{"timestamp":"2025-07-17T17:11:15.246325","level":"info","event":"Filling up the DagBag from /opt/airflow/dags/data_ingestion_gcs_dag.py","logger":"airflow.models.dagbag.DagBag"}
{"timestamp":"2025-07-17T17:11:17.267760","level":"info","event":"Tmp dir root location: /tmp","logger":"airflow.task.hooks.airflow.providers.standard.hooks.subprocess.SubprocessHook"}
{"timestamp":"2025-07-17T17:11:17.269944","level":"info","event":"Running command: ['/usr/bin/bash', '-c', 'echo https://github.com/DataTalksClub/nyc-tlc-data/releases/download/green/green_tripdata_2019-08.csv.gz && wget --no-verbose https://github.com/DataTalksClub/nyc-tlc-data/releases/download/green/green_tripdata_2019-08.csv.gz -O /opt/airflow/green_tripdata_2019-08.csv.gz && gunzip -f /opt/airflow/green_tripdata_2019-08.csv.gz']","logger":"airflow.task.hooks.airflow.providers.standard.hooks.subprocess.SubprocessHook"}
{"timestamp":"2025-07-17T17:11:17.416955","level":"info","event":"Output:","logger":"airflow.task.hooks.airflow.providers.standard.hooks.subprocess.SubprocessHook"}
{"timestamp":"2025-07-17T17:11:17.429837","level":"info","event":"https://github.com/DataTalksClub/nyc-tlc-data/releases/download/green/green_tripdata_2019-08.csv.gz","logger":"airflow.task.hooks.airflow.providers.standard.hooks.subprocess.SubprocessHook"}
{"timestamp":"2025-07-17T17:11:18.224984","level":"info","event":"2025-07-17 17:11:18 URL:https://release-assets.githubusercontent.com/github-production-release-asset/513814948/f1ab280a-d5ea-4af2-9711-79f047a29d59?sp=r&sv=2018-11-09&sr=b&spr=https&se=2025-07-17T17%3A44%3A47Z&rscd=attachment%3B+filename%3Dgreen_tripdata_2019-08.csv.gz&rsct=application%2Foctet-stream&skoid=96c2d410-5711-43a1-aedd-ab1947aa7ab0&sktid=398a6654-997b-47e9-b12b-9515b896b4de&skt=2025-07-17T16%3A44%3A33Z&ske=2025-07-17T17%3A44%3A47Z&sks=b&skv=2018-11-09&sig=jgxm2kJmns4MXkRt9OF3jqebXMGMAn9ChhOtDZwXvjg%3D&jwt=eyJ******&response-content-disposition=attachment%3B%20filename%3Dgreen_tripdata_2019-08.csv.gz&response-content-type=application%2Foctet-stream [7860096/7860096] -> \"/opt/airflow/green_tripdata_2019-08.csv.gz\" [1]","logger":"airflow.task.hooks.airflow.providers.standard.hooks.subprocess.SubprocessHook"}
{"timestamp":"2025-07-17T17:11:18.760799","level":"info","event":"Command exited with return code 0","logger":"airflow.task.hooks.airflow.providers.standard.hooks.subprocess.SubprocessHook"}
{"timestamp":"2025-07-17T17:11:18.776143","level":"info","event":"Pushing xcom","ti":"RuntimeTaskInstance(id=UUID('0198195e-69eb-78b6-84e0-a48d7335ed82'), task_id='download_dataset_task', dag_id='upload_gcs_greentrips', run_id='scheduled__2019-08-02T06:00:00+00:00', try_number=1, map_index=-1, hostname='8c16a644909e', context_carrier={}, task=<Task(BashOperator): download_dataset_task>, bundle_instance=LocalDagBundle(name=dags-folder), max_tries=0, start_date=datetime.datetime(2025, 7, 17, 17, 11, 14, 778175, tzinfo=TzInfo(UTC)), end_date=None, state=<TaskInstanceState.RUNNING: 'running'>, is_mapped=False, rendered_map_index=None)","logger":"task"}
{"timestamp":"2025-07-17T17:17:47.526724","level":"info","event":"DAG bundles loaded: dags-folder","logger":"airflow.dag_processing.bundles.manager.DagBundlesManager"}
{"timestamp":"2025-07-17T17:17:47.527832","level":"info","event":"Filling up the DagBag from /opt/airflow/dags/data_ingestion_gcs_dag.py","logger":"airflow.models.dagbag.DagBag"}
{"timestamp":"2025-07-17T17:17:49.840568","level":"info","event":"Tmp dir root location: /tmp","logger":"airflow.task.hooks.airflow.providers.standard.hooks.subprocess.SubprocessHook"}
{"timestamp":"2025-07-17T17:17:49.844275","level":"info","event":"Running command: ['/usr/bin/bash', '-c', 'echo https://github.com/DataTalksClub/nyc-tlc-data/releases/download/green/green_tripdata_2019-08.csv.gz && wget --no-verbose https://github.com/DataTalksClub/nyc-tlc-data/releases/download/green/green_tripdata_2019-08.csv.gz -O /opt/airflow/green_tripdata_2019-08.csv.gz && gunzip -f /opt/airflow/green_tripdata_2019-08.csv.gz']","logger":"airflow.task.hooks.airflow.providers.standard.hooks.subprocess.SubprocessHook"}
{"timestamp":"2025-07-17T17:17:49.902856","level":"info","event":"Output:","logger":"airflow.task.hooks.airflow.providers.standard.hooks.subprocess.SubprocessHook"}
{"timestamp":"2025-07-17T17:17:49.905481","level":"info","event":"https://github.com/DataTalksClub/nyc-tlc-data/releases/download/green/green_tripdata_2019-08.csv.gz","logger":"airflow.task.hooks.airflow.providers.standard.hooks.subprocess.SubprocessHook"}
{"timestamp":"2025-07-17T17:17:50.899679","level":"info","event":"2025-07-17 17:17:50 URL:https://release-assets.githubusercontent.com/github-production-release-asset/513814948/f1ab280a-d5ea-4af2-9711-79f047a29d59?sp=r&sv=2018-11-09&sr=b&spr=https&se=2025-07-17T18%3A12%3A42Z&rscd=attachment%3B+filename%3Dgreen_tripdata_2019-08.csv.gz&rsct=application%2Foctet-stream&skoid=96c2d410-5711-43a1-aedd-ab1947aa7ab0&sktid=398a6654-997b-47e9-b12b-9515b896b4de&skt=2025-07-17T17%3A12%3A18Z&ske=2025-07-17T18%3A12%3A42Z&sks=b&skv=2018-11-09&sig=Peqykqjb1zqCOZA%2FHKn4pDnhD09th%2BKDQwiQim55KLU%3D&jwt=eyJ******&response-content-disposition=attachment%3B%20filename%3Dgreen_tripdata_2019-08.csv.gz&response-content-type=application%2Foctet-stream [7860096/7860096] -> \"/opt/airflow/green_tripdata_2019-08.csv.gz\" [1]","logger":"airflow.task.hooks.airflow.providers.standard.hooks.subprocess.SubprocessHook"}
{"timestamp":"2025-07-17T17:17:51.263509","level":"info","event":"Command exited with return code 0","logger":"airflow.task.hooks.airflow.providers.standard.hooks.subprocess.SubprocessHook"}
{"timestamp":"2025-07-17T17:17:51.268062","level":"info","event":"Pushing xcom","ti":"RuntimeTaskInstance(id=UUID('01981964-64c8-7484-82b7-f8751fb1b40d'), task_id='download_dataset_task', dag_id='upload_gcs_greentrips', run_id='scheduled__2019-08-02T06:00:00+00:00', try_number=1, map_index=-1, hostname='8c16a644909e', context_carrier={}, task=<Task(BashOperator): download_dataset_task>, bundle_instance=LocalDagBundle(name=dags-folder), max_tries=0, start_date=datetime.datetime(2025, 7, 17, 17, 17, 46, 983937, tzinfo=TzInfo(UTC)), end_date=None, state=<TaskInstanceState.RUNNING: 'running'>, is_mapped=False, rendered_map_index=None)","logger":"task"}
{"timestamp":"2025-07-17T17:20:39.386163","level":"info","event":"DAG bundles loaded: dags-folder","logger":"airflow.dag_processing.bundles.manager.DagBundlesManager"}
{"timestamp":"2025-07-17T17:20:39.388081","level":"info","event":"Filling up the DagBag from /opt/airflow/dags/data_ingestion_gcs_dag.py","logger":"airflow.models.dagbag.DagBag"}
{"timestamp":"2025-07-17T17:20:42.719008","level":"info","event":"Tmp dir root location: /tmp","logger":"airflow.task.hooks.airflow.providers.standard.hooks.subprocess.SubprocessHook"}
{"timestamp":"2025-07-17T17:20:42.725948","level":"info","event":"Running command: ['/usr/bin/bash', '-c', 'echo https://github.com/DataTalksClub/nyc-tlc-data/releases/download/green/green_tripdata_2019-08.csv.gz && wget --no-verbose https://github.com/DataTalksClub/nyc-tlc-data/releases/download/green/green_tripdata_2019-08.csv.gz -O /opt/airflow/green_tripdata_2019-08.csv.gz && gunzip -f /opt/airflow/green_tripdata_2019-08.csv.gz']","logger":"airflow.task.hooks.airflow.providers.standard.hooks.subprocess.SubprocessHook"}
{"timestamp":"2025-07-17T17:20:42.836878","level":"info","event":"Output:","logger":"airflow.task.hooks.airflow.providers.standard.hooks.subprocess.SubprocessHook"}
{"timestamp":"2025-07-17T17:20:42.840012","level":"info","event":"https://github.com/DataTalksClub/nyc-tlc-data/releases/download/green/green_tripdata_2019-08.csv.gz","logger":"airflow.task.hooks.airflow.providers.standard.hooks.subprocess.SubprocessHook"}
{"timestamp":"2025-07-17T17:20:43.993176","level":"info","event":"2025-07-17 17:20:43 URL:https://release-assets.githubusercontent.com/github-production-release-asset/513814948/f1ab280a-d5ea-4af2-9711-79f047a29d59?sp=r&sv=2018-11-09&sr=b&spr=https&se=2025-07-17T18%3A15%3A52Z&rscd=attachment%3B+filename%3Dgreen_tripdata_2019-08.csv.gz&rsct=application%2Foctet-stream&skoid=96c2d410-5711-43a1-aedd-ab1947aa7ab0&sktid=398a6654-997b-47e9-b12b-9515b896b4de&skt=2025-07-17T17%3A15%3A21Z&ske=2025-07-17T18%3A15%3A52Z&sks=b&skv=2018-11-09&sig=%2FmKDFcNPfxms68qpIZ4KNaAnn%2FysYdg5MfZ06Zq8psg%3D&jwt=eyJ******&response-content-disposition=attachment%3B%20filename%3Dgreen_tripdata_2019-08.csv.gz&response-content-type=application%2Foctet-stream [7860096/7860096] -> \"/opt/airflow/green_tripdata_2019-08.csv.gz\" [1]","logger":"airflow.task.hooks.airflow.providers.standard.hooks.subprocess.SubprocessHook"}
{"timestamp":"2025-07-17T17:20:44.293581","level":"info","event":"Command exited with return code 0","logger":"airflow.task.hooks.airflow.providers.standard.hooks.subprocess.SubprocessHook"}
{"timestamp":"2025-07-17T17:20:44.297351","level":"info","event":"Pushing xcom","ti":"RuntimeTaskInstance(id=UUID('01981967-0445-7077-8331-bbde1bc5993c'), task_id='download_dataset_task', dag_id='upload_gcs_greentrips', run_id='scheduled__2019-08-02T06:00:00+00:00', try_number=1, map_index=-1, hostname='8c16a644909e', context_carrier={}, task=<Task(BashOperator): download_dataset_task>, bundle_instance=LocalDagBundle(name=dags-folder), max_tries=0, start_date=datetime.datetime(2025, 7, 17, 17, 20, 38, 805266, tzinfo=TzInfo(UTC)), end_date=None, state=<TaskInstanceState.RUNNING: 'running'>, is_mapped=False, rendered_map_index=None)","logger":"task"}
{"timestamp":"2025-07-17T17:23:55.403758","level":"info","event":"DAG bundles loaded: dags-folder","logger":"airflow.dag_processing.bundles.manager.DagBundlesManager"}
{"timestamp":"2025-07-17T17:23:55.404472","level":"info","event":"Filling up the DagBag from /opt/airflow/dags/data_ingestion_gcs_dag.py","logger":"airflow.models.dagbag.DagBag"}
{"timestamp":"2025-07-17T17:23:56.568194","level":"info","event":"Tmp dir root location: /tmp","logger":"airflow.task.hooks.airflow.providers.standard.hooks.subprocess.SubprocessHook"}
{"timestamp":"2025-07-17T17:23:56.572841","level":"info","event":"Running command: ['/usr/bin/bash', '-c', 'echo https://github.com/DataTalksClub/nyc-tlc-data/releases/download/green/green_tripdata_2019-08.csv.gz && wget --no-verbose https://github.com/DataTalksClub/nyc-tlc-data/releases/download/green/green_tripdata_2019-08.csv.gz -O /opt/airflow/green_tripdata_2019-08.csv.gz && gunzip -f /opt/airflow/green_tripdata_2019-08.csv.gz']","logger":"airflow.task.hooks.airflow.providers.standard.hooks.subprocess.SubprocessHook"}
{"timestamp":"2025-07-17T17:23:56.600296","level":"info","event":"Output:","logger":"airflow.task.hooks.airflow.providers.standard.hooks.subprocess.SubprocessHook"}
{"timestamp":"2025-07-17T17:23:56.606885","level":"info","event":"https://github.com/DataTalksClub/nyc-tlc-data/releases/download/green/green_tripdata_2019-08.csv.gz","logger":"airflow.task.hooks.airflow.providers.standard.hooks.subprocess.SubprocessHook"}
{"timestamp":"2025-07-17T17:23:57.453077","level":"info","event":"2025-07-17 17:23:57 URL:https://release-assets.githubusercontent.com/github-production-release-asset/513814948/f1ab280a-d5ea-4af2-9711-79f047a29d59?sp=r&sv=2018-11-09&sr=b&spr=https&se=2025-07-17T18%3A13%3A30Z&rscd=attachment%3B+filename%3Dgreen_tripdata_2019-08.csv.gz&rsct=application%2Foctet-stream&skoid=96c2d410-5711-43a1-aedd-ab1947aa7ab0&sktid=398a6654-997b-47e9-b12b-9515b896b4de&skt=2025-07-17T17%3A12%3A50Z&ske=2025-07-17T18%3A13%3A30Z&sks=b&skv=2018-11-09&sig=d99sukgz9jvxx1Zxv5I6M%2FrzudW0VJXCpeog1kL8DYk%3D&jwt=eyJ******&response-content-disposition=attachment%3B%20filename%3Dgreen_tripdata_2019-08.csv.gz&response-content-type=application%2Foctet-stream [7860096/7860096] -> \"/opt/airflow/green_tripdata_2019-08.csv.gz\" [1]","logger":"airflow.task.hooks.airflow.providers.standard.hooks.subprocess.SubprocessHook"}
{"timestamp":"2025-07-17T17:23:58.046912","level":"info","event":"Command exited with return code 0","logger":"airflow.task.hooks.airflow.providers.standard.hooks.subprocess.SubprocessHook"}
{"timestamp":"2025-07-17T17:23:58.050080","level":"info","event":"Pushing xcom","ti":"RuntimeTaskInstance(id=UUID('0198196a-037d-7a20-978b-41daf26581a6'), task_id='download_dataset_task', dag_id='upload_gcs_greentrips', run_id='scheduled__2019-08-02T06:00:00+00:00', try_number=1, map_index=-1, hostname='8c16a644909e', context_carrier={}, task=<Task(BashOperator): download_dataset_task>, bundle_instance=LocalDagBundle(name=dags-folder), max_tries=0, start_date=datetime.datetime(2025, 7, 17, 17, 23, 55, 11043, tzinfo=TzInfo(UTC)), end_date=None, state=<TaskInstanceState.RUNNING: 'running'>, is_mapped=False, rendered_map_index=None)","logger":"task"}
{"timestamp":"2025-07-17T17:44:13.331742","level":"info","event":"DAG bundles loaded: dags-folder","logger":"airflow.dag_processing.bundles.manager.DagBundlesManager"}
{"timestamp":"2025-07-17T17:44:13.333394","level":"info","event":"Filling up the DagBag from /opt/airflow/dags/data_ingestion_gcs_dag.py","logger":"airflow.models.dagbag.DagBag"}
{"timestamp":"2025-07-17T17:44:14.610327","level":"info","event":"Tmp dir root location: /tmp","logger":"airflow.task.hooks.airflow.providers.standard.hooks.subprocess.SubprocessHook"}
{"timestamp":"2025-07-17T17:44:14.611404","level":"info","event":"Running command: ['/usr/bin/bash', '-c', 'echo https://github.com/DataTalksClub/nyc-tlc-data/releases/download/green/green_tripdata_2019-08.csv.gz && wget --no-verbose https://github.com/DataTalksClub/nyc-tlc-data/releases/download/green/green_tripdata_2019-08.csv.gz -O /opt/airflow/green_tripdata_2019-08.csv.gz && gunzip -f /opt/airflow/green_tripdata_2019-08.csv.gz']","logger":"airflow.task.hooks.airflow.providers.standard.hooks.subprocess.SubprocessHook"}
{"timestamp":"2025-07-17T17:44:14.632633","level":"info","event":"Output:","logger":"airflow.task.hooks.airflow.providers.standard.hooks.subprocess.SubprocessHook"}
{"timestamp":"2025-07-17T17:44:14.634349","level":"info","event":"https://github.com/DataTalksClub/nyc-tlc-data/releases/download/green/green_tripdata_2019-08.csv.gz","logger":"airflow.task.hooks.airflow.providers.standard.hooks.subprocess.SubprocessHook"}
{"timestamp":"2025-07-17T17:44:15.535861","level":"info","event":"2025-07-17 17:44:15 URL:https://release-assets.githubusercontent.com/github-production-release-asset/513814948/f1ab280a-d5ea-4af2-9711-79f047a29d59?sp=r&sv=2018-11-09&sr=b&spr=https&se=2025-07-17T18%3A40%3A11Z&rscd=attachment%3B+filename%3Dgreen_tripdata_2019-08.csv.gz&rsct=application%2Foctet-stream&skoid=96c2d410-5711-43a1-aedd-ab1947aa7ab0&sktid=398a6654-997b-47e9-b12b-9515b896b4de&skt=2025-07-17T17%3A40%3A07Z&ske=2025-07-17T18%3A40%3A11Z&sks=b&skv=2018-11-09&sig=5fTJjBo8qxGHNxRP5LwstCeWr6HCrRFu1o5eiXiSM3Y%3D&jwt=eyJ******&response-content-disposition=attachment%3B%20filename%3Dgreen_tripdata_2019-08.csv.gz&response-content-type=application%2Foctet-stream [7860096/7860096] -> \"/opt/airflow/green_tripdata_2019-08.csv.gz\" [1]","logger":"airflow.task.hooks.airflow.providers.standard.hooks.subprocess.SubprocessHook"}
{"timestamp":"2025-07-17T17:44:15.952181","level":"info","event":"Command exited with return code 0","logger":"airflow.task.hooks.airflow.providers.standard.hooks.subprocess.SubprocessHook"}
{"timestamp":"2025-07-17T17:44:15.956240","level":"info","event":"Pushing xcom","ti":"RuntimeTaskInstance(id=UUID('0198197c-983d-78ee-8902-6b485f2f5956'), task_id='download_dataset_task', dag_id='upload_gcs_greentrips', run_id='scheduled__2019-08-02T06:00:00+00:00', try_number=1, map_index=-1, hostname='8c16a644909e', context_carrier={}, task=<Task(BashOperator): download_dataset_task>, bundle_instance=LocalDagBundle(name=dags-folder), max_tries=0, start_date=datetime.datetime(2025, 7, 17, 17, 44, 12, 911285, tzinfo=TzInfo(UTC)), end_date=None, state=<TaskInstanceState.RUNNING: 'running'>, is_mapped=False, rendered_map_index=None)","logger":"task"}
{"timestamp":"2025-07-17T17:54:04.367374","level":"info","event":"DAG bundles loaded: dags-folder","logger":"airflow.dag_processing.bundles.manager.DagBundlesManager"}
{"timestamp":"2025-07-17T17:54:04.368167","level":"info","event":"Filling up the DagBag from /opt/airflow/dags/data_ingestion_gcs_dag.py","logger":"airflow.models.dagbag.DagBag"}
{"timestamp":"2025-07-17T17:54:05.941925","level":"info","event":"Tmp dir root location: /tmp","logger":"airflow.task.hooks.airflow.providers.standard.hooks.subprocess.SubprocessHook"}
{"timestamp":"2025-07-17T17:54:05.944278","level":"info","event":"Running command: ['/usr/bin/bash', '-c', 'echo https://github.com/DataTalksClub/nyc-tlc-data/releases/download/green/green_tripdata_2019-08.csv.gz && wget --no-verbose https://github.com/DataTalksClub/nyc-tlc-data/releases/download/green/green_tripdata_2019-08.csv.gz -O /opt/airflow/green_tripdata_2019-08.csv.gz && gunzip -f /opt/airflow/green_tripdata_2019-08.csv.gz']","logger":"airflow.task.hooks.airflow.providers.standard.hooks.subprocess.SubprocessHook"}
{"timestamp":"2025-07-17T17:54:05.988894","level":"info","event":"Output:","logger":"airflow.task.hooks.airflow.providers.standard.hooks.subprocess.SubprocessHook"}
{"timestamp":"2025-07-17T17:54:05.990180","level":"info","event":"https://github.com/DataTalksClub/nyc-tlc-data/releases/download/green/green_tripdata_2019-08.csv.gz","logger":"airflow.task.hooks.airflow.providers.standard.hooks.subprocess.SubprocessHook"}
{"timestamp":"2025-07-17T17:54:07.014339","level":"info","event":"2025-07-17 17:54:07 URL:https://release-assets.githubusercontent.com/github-production-release-asset/513814948/f1ab280a-d5ea-4af2-9711-79f047a29d59?sp=r&sv=2018-11-09&sr=b&spr=https&se=2025-07-17T18%3A49%3A23Z&rscd=attachment%3B+filename%3Dgreen_tripdata_2019-08.csv.gz&rsct=application%2Foctet-stream&skoid=96c2d410-5711-43a1-aedd-ab1947aa7ab0&sktid=398a6654-997b-47e9-b12b-9515b896b4de&skt=2025-07-17T17%3A48%3A54Z&ske=2025-07-17T18%3A49%3A23Z&sks=b&skv=2018-11-09&sig=32CVYHcdtXnIdVygiCknP5IukBzc8Y7GlyiyXIOcBqA%3D&jwt=eyJ******&response-content-disposition=attachment%3B%20filename%3Dgreen_tripdata_2019-08.csv.gz&response-content-type=application%2Foctet-stream [7860096/7860096] -> \"/opt/airflow/green_tripdata_2019-08.csv.gz\" [1]","logger":"airflow.task.hooks.airflow.providers.standard.hooks.subprocess.SubprocessHook"}
{"timestamp":"2025-07-17T17:54:07.330753","level":"info","event":"Command exited with return code 0","logger":"airflow.task.hooks.airflow.providers.standard.hooks.subprocess.SubprocessHook"}
{"timestamp":"2025-07-17T17:54:07.335921","level":"info","event":"Pushing xcom","ti":"RuntimeTaskInstance(id=UUID('01981985-9d26-7b81-84b1-2dcecef0fa0f'), task_id='download_dataset_task', dag_id='upload_gcs_greentrips', run_id='scheduled__2019-08-02T06:00:00+00:00', try_number=1, map_index=-1, hostname='8c16a644909e', context_carrier={}, task=<Task(BashOperator): download_dataset_task>, bundle_instance=LocalDagBundle(name=dags-folder), max_tries=0, start_date=datetime.datetime(2025, 7, 17, 17, 54, 3, 869137, tzinfo=TzInfo(UTC)), end_date=None, state=<TaskInstanceState.RUNNING: 'running'>, is_mapped=False, rendered_map_index=None)","logger":"task"}
{"timestamp":"2025-07-17T18:02:41.217286","level":"info","event":"DAG bundles loaded: dags-folder","logger":"airflow.dag_processing.bundles.manager.DagBundlesManager"}
{"timestamp":"2025-07-17T18:02:41.220637","level":"info","event":"Filling up the DagBag from /opt/airflow/dags/data_ingestion_gcs_dag.py","logger":"airflow.models.dagbag.DagBag"}
{"timestamp":"2025-07-17T18:02:43.202455","level":"info","event":"Tmp dir root location: /tmp","logger":"airflow.task.hooks.airflow.providers.standard.hooks.subprocess.SubprocessHook"}
{"timestamp":"2025-07-17T18:02:43.207622","level":"info","event":"Running command: ['/usr/bin/bash', '-c', 'echo https://github.com/DataTalksClub/nyc-tlc-data/releases/download/green/green_tripdata_2019-08.csv.gz && wget --no-verbose https://github.com/DataTalksClub/nyc-tlc-data/releases/download/green/green_tripdata_2019-08.csv.gz -O /opt/airflow/green_tripdata_2019-08.csv.gz && gunzip -f /opt/airflow/green_tripdata_2019-08.csv.gz']","logger":"airflow.task.hooks.airflow.providers.standard.hooks.subprocess.SubprocessHook"}
{"timestamp":"2025-07-17T18:02:43.255407","level":"info","event":"Output:","logger":"airflow.task.hooks.airflow.providers.standard.hooks.subprocess.SubprocessHook"}
{"timestamp":"2025-07-17T18:02:43.255897","level":"info","event":"https://github.com/DataTalksClub/nyc-tlc-data/releases/download/green/green_tripdata_2019-08.csv.gz","logger":"airflow.task.hooks.airflow.providers.standard.hooks.subprocess.SubprocessHook"}
{"timestamp":"2025-07-17T18:02:44.537087","level":"info","event":"2025-07-17 18:02:44 URL:https://release-assets.githubusercontent.com/github-production-release-asset/513814948/f1ab280a-d5ea-4af2-9711-79f047a29d59?sp=r&sv=2018-11-09&sr=b&spr=https&se=2025-07-17T18%3A54%3A28Z&rscd=attachment%3B+filename%3Dgreen_tripdata_2019-08.csv.gz&rsct=application%2Foctet-stream&skoid=96c2d410-5711-43a1-aedd-ab1947aa7ab0&sktid=398a6654-997b-47e9-b12b-9515b896b4de&skt=2025-07-17T17%3A53%3A29Z&ske=2025-07-17T18%3A54%3A28Z&sks=b&skv=2018-11-09&sig=2WgCeUFUoBrAdEwtxva8m6the6ezvsidw46L8Tp6UrA%3D&jwt=eyJ******&response-content-disposition=attachment%3B%20filename%3Dgreen_tripdata_2019-08.csv.gz&response-content-type=application%2Foctet-stream [7860096/7860096] -> \"/opt/airflow/green_tripdata_2019-08.csv.gz\" [1]","logger":"airflow.task.hooks.airflow.providers.standard.hooks.subprocess.SubprocessHook"}
{"timestamp":"2025-07-17T18:02:44.994659","level":"info","event":"Command exited with return code 0","logger":"airflow.task.hooks.airflow.providers.standard.hooks.subprocess.SubprocessHook"}
{"timestamp":"2025-07-17T18:02:45.004010","level":"info","event":"Pushing xcom","ti":"RuntimeTaskInstance(id=UUID('0198198d-7dd6-732d-809d-bcc3a722cf65'), task_id='download_dataset_task', dag_id='upload_gcs_greentrips', run_id='scheduled__2019-08-02T06:00:00+00:00', try_number=1, map_index=-1, hostname='8c16a644909e', context_carrier={}, task=<Task(BashOperator): download_dataset_task>, bundle_instance=LocalDagBundle(name=dags-folder), max_tries=0, start_date=datetime.datetime(2025, 7, 17, 18, 2, 40, 292957, tzinfo=TzInfo(UTC)), end_date=None, state=<TaskInstanceState.RUNNING: 'running'>, is_mapped=False, rendered_map_index=None)","logger":"task"}
{"timestamp":"2025-07-17T18:06:26.535214","level":"info","event":"DAG bundles loaded: dags-folder","logger":"airflow.dag_processing.bundles.manager.DagBundlesManager"}
{"timestamp":"2025-07-17T18:06:26.536401","level":"info","event":"Filling up the DagBag from /opt/airflow/dags/data_ingestion_gcs_dag.py","logger":"airflow.models.dagbag.DagBag"}
{"timestamp":"2025-07-17T18:06:30.242577","level":"info","event":"Tmp dir root location: /tmp","logger":"airflow.task.hooks.airflow.providers.standard.hooks.subprocess.SubprocessHook"}
{"timestamp":"2025-07-17T18:06:30.248245","level":"info","event":"Running command: ['/usr/bin/bash', '-c', 'echo https://github.com/DataTalksClub/nyc-tlc-data/releases/download/green/green_tripdata_2019-08.csv.gz && wget --no-verbose https://github.com/DataTalksClub/nyc-tlc-data/releases/download/green/green_tripdata_2019-08.csv.gz -O /opt/airflow/green_tripdata_2019-08.csv.gz && gunzip -f /opt/airflow/green_tripdata_2019-08.csv.gz']","logger":"airflow.task.hooks.airflow.providers.standard.hooks.subprocess.SubprocessHook"}
{"timestamp":"2025-07-17T18:06:30.274154","level":"info","event":"Output:","logger":"airflow.task.hooks.airflow.providers.standard.hooks.subprocess.SubprocessHook"}
{"timestamp":"2025-07-17T18:06:30.280592","level":"info","event":"https://github.com/DataTalksClub/nyc-tlc-data/releases/download/green/green_tripdata_2019-08.csv.gz","logger":"airflow.task.hooks.airflow.providers.standard.hooks.subprocess.SubprocessHook"}
{"timestamp":"2025-07-17T18:06:30.916560","level":"info","event":"2025-07-17 18:06:30 URL:https://release-assets.githubusercontent.com/github-production-release-asset/513814948/f1ab280a-d5ea-4af2-9711-79f047a29d59?sp=r&sv=2018-11-09&sr=b&spr=https&se=2025-07-17T18%3A56%3A44Z&rscd=attachment%3B+filename%3Dgreen_tripdata_2019-08.csv.gz&rsct=application%2Foctet-stream&skoid=96c2d410-5711-43a1-aedd-ab1947aa7ab0&sktid=398a6654-997b-47e9-b12b-9515b896b4de&skt=2025-07-17T17%3A56%3A05Z&ske=2025-07-17T18%3A56%3A44Z&sks=b&skv=2018-11-09&sig=9m%2FOnjKHlrRSLKtRCTaj9y9n0jS80iNBq%2FGaoFTNY3Q%3D&jwt=eyJ******&response-content-disposition=attachment%3B%20filename%3Dgreen_tripdata_2019-08.csv.gz&response-content-type=application%2Foctet-stream [7860096/7860096] -> \"/opt/airflow/green_tripdata_2019-08.csv.gz\" [1]","logger":"airflow.task.hooks.airflow.providers.standard.hooks.subprocess.SubprocessHook"}
{"timestamp":"2025-07-17T18:06:31.331776","level":"info","event":"Command exited with return code 0","logger":"airflow.task.hooks.airflow.providers.standard.hooks.subprocess.SubprocessHook"}
{"timestamp":"2025-07-17T18:06:31.334128","level":"info","event":"Pushing xcom","ti":"RuntimeTaskInstance(id=UUID('01981990-eef8-75d7-82aa-59646da645cd'), task_id='download_dataset_task', dag_id='upload_gcs_greentrips', run_id='scheduled__2019-08-02T06:00:00+00:00', try_number=1, map_index=-1, hostname='8c16a644909e', context_carrier={}, task=<Task(BashOperator): download_dataset_task>, bundle_instance=LocalDagBundle(name=dags-folder), max_tries=0, start_date=datetime.datetime(2025, 7, 17, 18, 6, 25, 947049, tzinfo=TzInfo(UTC)), end_date=None, state=<TaskInstanceState.RUNNING: 'running'>, is_mapped=False, rendered_map_index=None)","logger":"task"}
{"timestamp":"2025-07-17T18:08:31.128264","level":"info","event":"DAG bundles loaded: dags-folder","logger":"airflow.dag_processing.bundles.manager.DagBundlesManager"}
{"timestamp":"2025-07-17T18:08:31.129282","level":"info","event":"Filling up the DagBag from /opt/airflow/dags/data_ingestion_gcs_dag.py","logger":"airflow.models.dagbag.DagBag"}
{"timestamp":"2025-07-17T18:08:32.757681","level":"info","event":"Tmp dir root location: /tmp","logger":"airflow.task.hooks.airflow.providers.standard.hooks.subprocess.SubprocessHook"}
{"timestamp":"2025-07-17T18:08:32.760795","level":"info","event":"Running command: ['/usr/bin/bash', '-c', 'echo https://github.com/DataTalksClub/nyc-tlc-data/releases/download/green/green_tripdata_2019-08.csv.gz && wget --no-verbose https://github.com/DataTalksClub/nyc-tlc-data/releases/download/green/green_tripdata_2019-08.csv.gz -O /opt/airflow/green_tripdata_2019-08.csv.gz && gunzip -f /opt/airflow/green_tripdata_2019-08.csv.gz']","logger":"airflow.task.hooks.airflow.providers.standard.hooks.subprocess.SubprocessHook"}
{"timestamp":"2025-07-17T18:08:32.786983","level":"info","event":"Output:","logger":"airflow.task.hooks.airflow.providers.standard.hooks.subprocess.SubprocessHook"}
{"timestamp":"2025-07-17T18:08:32.790979","level":"info","event":"https://github.com/DataTalksClub/nyc-tlc-data/releases/download/green/green_tripdata_2019-08.csv.gz","logger":"airflow.task.hooks.airflow.providers.standard.hooks.subprocess.SubprocessHook"}
{"timestamp":"2025-07-17T18:08:33.350670","level":"info","event":"2025-07-17 18:08:33 URL:https://release-assets.githubusercontent.com/github-production-release-asset/513814948/f1ab280a-d5ea-4af2-9711-79f047a29d59?sp=r&sv=2018-11-09&sr=b&spr=https&se=2025-07-17T18%3A56%3A44Z&rscd=attachment%3B+filename%3Dgreen_tripdata_2019-08.csv.gz&rsct=application%2Foctet-stream&skoid=96c2d410-5711-43a1-aedd-ab1947aa7ab0&sktid=398a6654-997b-47e9-b12b-9515b896b4de&skt=2025-07-17T17%3A56%3A05Z&ske=2025-07-17T18%3A56%3A44Z&sks=b&skv=2018-11-09&sig=9m%2FOnjKHlrRSLKtRCTaj9y9n0jS80iNBq%2FGaoFTNY3Q%3D&jwt=eyJ******&response-content-disposition=attachment%3B%20filename%3Dgreen_tripdata_2019-08.csv.gz&response-content-type=application%2Foctet-stream [7860096/7860096] -> \"/opt/airflow/green_tripdata_2019-08.csv.gz\" [1]","logger":"airflow.task.hooks.airflow.providers.standard.hooks.subprocess.SubprocessHook"}
{"timestamp":"2025-07-17T18:08:33.848931","level":"info","event":"Command exited with return code 0","logger":"airflow.task.hooks.airflow.providers.standard.hooks.subprocess.SubprocessHook"}
{"timestamp":"2025-07-17T18:08:33.851988","level":"info","event":"Pushing xcom","ti":"RuntimeTaskInstance(id=UUID('01981992-d5b2-74d3-bcde-54d5ec9b0063'), task_id='download_dataset_task', dag_id='upload_gcs_greentrips', run_id='scheduled__2019-08-02T06:00:00+00:00', try_number=1, map_index=-1, hostname='8c16a644909e', context_carrier={}, task=<Task(BashOperator): download_dataset_task>, bundle_instance=LocalDagBundle(name=dags-folder), max_tries=0, start_date=datetime.datetime(2025, 7, 17, 18, 8, 30, 402820, tzinfo=TzInfo(UTC)), end_date=None, state=<TaskInstanceState.RUNNING: 'running'>, is_mapped=False, rendered_map_index=None)","logger":"task"}
