{"timestamp":"2025-07-17T06:42:23.280188","level":"info","event":"DAG bundles loaded: dags-folder","logger":"airflow.dag_processing.bundles.manager.DagBundlesManager"}
{"timestamp":"2025-07-17T06:42:23.281037","level":"info","event":"Filling up the DagBag from /opt/airflow/dags/data_ingestion_localpg_dag.py","logger":"airflow.models.dagbag.DagBag"}
{"timestamp":"2025-07-17T06:42:23.547037","level":"info","event":"Tmp dir root location: /tmp","logger":"airflow.task.hooks.airflow.providers.standard.hooks.subprocess.SubprocessHook"}
{"timestamp":"2025-07-17T06:42:23.548739","level":"info","event":"Running command: ['/usr/bin/bash', '-c', 'wget https://github.com/DataTalksClub/nyc-tlc-data/releases/download/green/green_tripdata_2019-12.csv.gz -O /opt/airflow/green_tripdata_2019-12.csv.gz && gunzip -f /opt/airflow/green_tripdata_2019-12.csv.gz || rm -f /opt/airflow/green_tripdata_2019-12.csv.gz']","logger":"airflow.task.hooks.airflow.providers.standard.hooks.subprocess.SubprocessHook"}
{"timestamp":"2025-07-17T06:42:23.558185","level":"info","event":"Output:","logger":"airflow.task.hooks.airflow.providers.standard.hooks.subprocess.SubprocessHook"}
{"timestamp":"2025-07-17T06:42:23.570377","level":"info","event":"--2025-07-17 06:42:23--  https://github.com/DataTalksClub/nyc-tlc-data/releases/download/green/green_tripdata_2019-12.csv.gz","logger":"airflow.task.hooks.airflow.providers.standard.hooks.subprocess.SubprocessHook"}
{"timestamp":"2025-07-17T06:42:23.601629","level":"info","event":"Resolving github.com (github.com)... 20.205.243.166","logger":"airflow.task.hooks.airflow.providers.standard.hooks.subprocess.SubprocessHook"}
{"timestamp":"2025-07-17T06:42:23.612197","level":"info","event":"Connecting to github.com (github.com)|20.205.243.166|:443... connected.","logger":"airflow.task.hooks.airflow.providers.standard.hooks.subprocess.SubprocessHook"}
{"timestamp":"2025-07-17T06:42:23.953962","level":"info","event":"HTTP request sent, awaiting response... 302 Found","logger":"airflow.task.hooks.airflow.providers.standard.hooks.subprocess.SubprocessHook"}
{"timestamp":"2025-07-17T06:42:23.954444","level":"info","event":"Location: https://objects.githubusercontent.com/github-production-release-asset-2e65be/513814948/9964ec55-3364-4b23-bac0-a6f90a4f00c7?X-Amz-Algorithm=AWS4-HMAC-SHA256&X-Amz-Credential=releaseassetproduction%2F20250717%2Fus-east-1%2Fs3%2Faws4_request&X-Amz-Date=20250717T064223Z&X-Amz-Expires=1800&X-Amz-Signature=7bbf6ef2941608b8b340995dbc9952a736f38e24e498b9dd986d1f47ef9343a5&X-Amz-SignedHeaders=host&response-content-disposition=attachment%3B%20filename%3Dgreen_tripdata_2019-12.csv.gz&response-content-type=application%2Foctet-stream [following]","logger":"airflow.task.hooks.airflow.providers.standard.hooks.subprocess.SubprocessHook"}
{"timestamp":"2025-07-17T06:42:23.954738","level":"info","event":"--2025-07-17 06:42:23--  https://objects.githubusercontent.com/github-production-release-asset-2e65be/513814948/9964ec55-3364-4b23-bac0-a6f90a4f00c7?X-Amz-Algorithm=AWS4-HMAC-SHA256&X-Amz-Credential=releaseassetproduction%2F20250717%2Fus-east-1%2Fs3%2Faws4_request&X-Amz-Date=20250717T064223Z&X-Amz-Expires=1800&X-Amz-Signature=7bbf6ef2941608b8b340995dbc9952a736f38e24e498b9dd986d1f47ef9343a5&X-Amz-SignedHeaders=host&response-content-disposition=attachment%3B%20filename%3Dgreen_tripdata_2019-12.csv.gz&response-content-type=application%2Foctet-stream","logger":"airflow.task.hooks.airflow.providers.standard.hooks.subprocess.SubprocessHook"}
{"timestamp":"2025-07-17T06:42:23.966604","level":"info","event":"Resolving objects.githubusercontent.com (objects.githubusercontent.com)... 185.199.111.133, 185.199.108.133, 185.199.109.133, ...","logger":"airflow.task.hooks.airflow.providers.standard.hooks.subprocess.SubprocessHook"}
{"timestamp":"2025-07-17T06:42:23.974066","level":"info","event":"Connecting to objects.githubusercontent.com (objects.githubusercontent.com)|185.199.111.133|:443... connected.","logger":"airflow.task.hooks.airflow.providers.standard.hooks.subprocess.SubprocessHook"}
{"timestamp":"2025-07-17T06:42:25.249235","level":"info","event":"HTTP request sent, awaiting response... 200 OK","logger":"airflow.task.hooks.airflow.providers.standard.hooks.subprocess.SubprocessHook"}
{"timestamp":"2025-07-17T06:42:25.253252","level":"info","event":"Length: 7792073 (7.4M) [application/octet-stream]","logger":"airflow.task.hooks.airflow.providers.standard.hooks.subprocess.SubprocessHook"}
{"timestamp":"2025-07-17T06:42:25.253594","level":"info","event":"Saving to: ‘/opt/airflow/green_tripdata_2019-12.csv.gz’","logger":"airflow.task.hooks.airflow.providers.standard.hooks.subprocess.SubprocessHook"}
{"timestamp":"2025-07-17T06:42:25.255142","level":"info","event":"","logger":"airflow.task.hooks.airflow.providers.standard.hooks.subprocess.SubprocessHook"}
{"timestamp":"2025-07-17T06:42:25.255622","level":"info","event":"     0K .......... .......... .......... .......... ..........  0% 2.29M 3s","logger":"airflow.task.hooks.airflow.providers.standard.hooks.subprocess.SubprocessHook"}
{"timestamp":"2025-07-17T06:42:25.255672","level":"info","event":"    50K .......... .......... .......... .......... ..........  1% 38.1M 2s","logger":"airflow.task.hooks.airflow.providers.standard.hooks.subprocess.SubprocessHook"}
{"timestamp":"2025-07-17T06:42:25.258748","level":"info","event":"   100K .......... .......... .......... .......... ..........  1% 3.17M 2s","logger":"airflow.task.hooks.airflow.providers.standard.hooks.subprocess.SubprocessHook"}
{"timestamp":"2025-07-17T06:42:25.267159","level":"info","event":"   150K .......... .......... .......... .......... ..........  2% 5.69M 2s","logger":"airflow.task.hooks.airflow.providers.standard.hooks.subprocess.SubprocessHook"}
{"timestamp":"2025-07-17T06:42:25.279628","level":"info","event":"   200K .......... .......... .......... .......... ..........  3% 3.87M 2s","logger":"airflow.task.hooks.airflow.providers.standard.hooks.subprocess.SubprocessHook"}
{"timestamp":"2025-07-17T06:42:25.350868","level":"info","event":"   250K .......... .......... .......... .......... ..........  3%  723K 3s","logger":"airflow.task.hooks.airflow.providers.standard.hooks.subprocess.SubprocessHook"}
{"timestamp":"2025-07-17T06:42:25.350994","level":"info","event":"   300K .......... .......... .......... .......... ..........  4% 48.6M 3s","logger":"airflow.task.hooks.airflow.providers.standard.hooks.subprocess.SubprocessHook"}
{"timestamp":"2025-07-17T06:42:25.358715","level":"info","event":"   350K .......... .......... .......... .......... ..........  5% 6.50M 2s","logger":"airflow.task.hooks.airflow.providers.standard.hooks.subprocess.SubprocessHook"}
{"timestamp":"2025-07-17T06:42:25.360640","level":"info","event":"   400K .......... .......... .......... .......... ..........  5% 15.7M 2s","logger":"airflow.task.hooks.airflow.providers.standard.hooks.subprocess.SubprocessHook"}
{"timestamp":"2025-07-17T06:42:25.361201","level":"info","event":"   450K .......... .......... .......... .......... ..........  6% 57.4M 2s","logger":"airflow.task.hooks.airflow.providers.standard.hooks.subprocess.SubprocessHook"}
{"timestamp":"2025-07-17T06:42:25.362493","level":"info","event":"   500K .......... .......... .......... .......... ..........  7% 51.4M 2s","logger":"airflow.task.hooks.airflow.providers.standard.hooks.subprocess.SubprocessHook"}
{"timestamp":"2025-07-17T06:42:25.363552","level":"info","event":"   550K .......... .......... .......... .......... ..........  7% 46.4M 2s","logger":"airflow.task.hooks.airflow.providers.standard.hooks.subprocess.SubprocessHook"}
{"timestamp":"2025-07-17T06:42:25.369693","level":"info","event":"   600K .......... .......... .......... .......... ..........  8% 12.1M 2s","logger":"airflow.task.hooks.airflow.providers.standard.hooks.subprocess.SubprocessHook"}
{"timestamp":"2025-07-17T06:42:25.379036","level":"info","event":"   650K .......... .......... .......... .......... ..........  9% 4.48M 2s","logger":"airflow.task.hooks.airflow.providers.standard.hooks.subprocess.SubprocessHook"}
{"timestamp":"2025-07-17T06:42:25.379321","level":"info","event":"   700K .......... .......... .......... .......... ..........  9%  222M 1s","logger":"airflow.task.hooks.airflow.providers.standard.hooks.subprocess.SubprocessHook"}
{"timestamp":"2025-07-17T06:42:25.388821","level":"info","event":"   750K .......... .......... .......... .......... .......... 10% 4.81M 1s","logger":"airflow.task.hooks.airflow.providers.standard.hooks.subprocess.SubprocessHook"}
{"timestamp":"2025-07-17T06:42:25.405625","level":"info","event":"   800K .......... .......... .......... .......... .......... 11% 5.50M 1s","logger":"airflow.task.hooks.airflow.providers.standard.hooks.subprocess.SubprocessHook"}
{"timestamp":"2025-07-17T06:42:25.412218","level":"info","event":"   850K .......... .......... .......... .......... .......... 11% 4.89M 1s","logger":"airflow.task.hooks.airflow.providers.standard.hooks.subprocess.SubprocessHook"}
{"timestamp":"2025-07-17T06:42:25.412366","level":"info","event":"   900K .......... .......... .......... .......... .......... 12% 10.3M 1s","logger":"airflow.task.hooks.airflow.providers.standard.hooks.subprocess.SubprocessHook"}
{"timestamp":"2025-07-17T06:42:25.415112","level":"info","event":"   950K .......... .......... .......... .......... .......... 13% 24.5M 1s","logger":"airflow.task.hooks.airflow.providers.standard.hooks.subprocess.SubprocessHook"}
{"timestamp":"2025-07-17T06:42:25.415622","level":"info","event":"  1000K .......... .......... .......... .......... .......... 13% 64.4M 1s","logger":"airflow.task.hooks.airflow.providers.standard.hooks.subprocess.SubprocessHook"}
{"timestamp":"2025-07-17T06:42:25.416619","level":"info","event":"  1050K .......... .......... .......... .......... .......... 14% 28.7M 1s","logger":"airflow.task.hooks.airflow.providers.standard.hooks.subprocess.SubprocessHook"}
{"timestamp":"2025-07-17T06:42:25.454840","level":"info","event":"  1100K .......... .......... .......... .......... .......... 15% 1.29M 1s","logger":"airflow.task.hooks.airflow.providers.standard.hooks.subprocess.SubprocessHook"}
{"timestamp":"2025-07-17T06:42:25.464301","level":"info","event":"  1150K .......... .......... .......... .......... .......... 15% 7.47M 1s","logger":"airflow.task.hooks.airflow.providers.standard.hooks.subprocess.SubprocessHook"}
{"timestamp":"2025-07-17T06:42:25.464411","level":"info","event":"  1200K .......... .......... .......... .......... .......... 16% 28.2M 1s","logger":"airflow.task.hooks.airflow.providers.standard.hooks.subprocess.SubprocessHook"}
{"timestamp":"2025-07-17T06:42:25.465968","level":"info","event":"  1250K .......... .......... .......... .......... .......... 17% 16.1M 1s","logger":"airflow.task.hooks.airflow.providers.standard.hooks.subprocess.SubprocessHook"}
{"timestamp":"2025-07-17T06:42:25.468386","level":"info","event":"  1300K .......... .......... .......... .......... .......... 17% 20.9M 1s","logger":"airflow.task.hooks.airflow.providers.standard.hooks.subprocess.SubprocessHook"}
{"timestamp":"2025-07-17T06:42:25.469367","level":"info","event":"  1350K .......... .......... .......... .......... .......... 18% 56.6M 1s","logger":"airflow.task.hooks.airflow.providers.standard.hooks.subprocess.SubprocessHook"}
{"timestamp":"2025-07-17T06:42:25.473295","level":"info","event":"  1400K .......... .......... .......... .......... .......... 19% 12.1M 1s","logger":"airflow.task.hooks.airflow.providers.standard.hooks.subprocess.SubprocessHook"}
{"timestamp":"2025-07-17T06:42:25.473418","level":"info","event":"  1450K .......... .......... .......... .......... .......... 19%  199M 1s","logger":"airflow.task.hooks.airflow.providers.standard.hooks.subprocess.SubprocessHook"}
{"timestamp":"2025-07-17T06:42:25.475073","level":"info","event":"  1500K .......... .......... .......... .......... .......... 20% 30.7M 1s","logger":"airflow.task.hooks.airflow.providers.standard.hooks.subprocess.SubprocessHook"}
{"timestamp":"2025-07-17T06:42:25.476921","level":"info","event":"  1550K .......... .......... .......... .......... .......... 21% 39.5M 1s","logger":"airflow.task.hooks.airflow.providers.standard.hooks.subprocess.SubprocessHook"}
{"timestamp":"2025-07-17T06:42:25.477008","level":"info","event":"  1600K .......... .......... .......... .......... .......... 21% 95.1M 1s","logger":"airflow.task.hooks.airflow.providers.standard.hooks.subprocess.SubprocessHook"}
{"timestamp":"2025-07-17T06:42:25.477519","level":"info","event":"  1650K .......... .......... .......... .......... .......... 22% 61.6M 1s","logger":"airflow.task.hooks.airflow.providers.standard.hooks.subprocess.SubprocessHook"}
{"timestamp":"2025-07-17T06:42:25.477570","level":"info","event":"  1700K .......... .......... .......... .......... .......... 22%  231M 1s","logger":"airflow.task.hooks.airflow.providers.standard.hooks.subprocess.SubprocessHook"}
{"timestamp":"2025-07-17T06:42:25.478897","level":"info","event":"  1750K .......... .......... .......... .......... .......... 23% 36.5M 1s","logger":"airflow.task.hooks.airflow.providers.standard.hooks.subprocess.SubprocessHook"}
{"timestamp":"2025-07-17T06:42:25.479398","level":"info","event":"  1800K .......... .......... .......... .......... .......... 24% 95.3M 1s","logger":"airflow.task.hooks.airflow.providers.standard.hooks.subprocess.SubprocessHook"}
{"timestamp":"2025-07-17T06:42:25.482629","level":"info","event":"  1850K .......... .......... .......... .......... .......... 24% 20.3M 1s","logger":"airflow.task.hooks.airflow.providers.standard.hooks.subprocess.SubprocessHook"}
{"timestamp":"2025-07-17T06:42:25.490925","level":"info","event":"  1900K .......... .......... .......... .......... .......... 25% 5.44M 1s","logger":"airflow.task.hooks.airflow.providers.standard.hooks.subprocess.SubprocessHook"}
{"timestamp":"2025-07-17T06:42:25.522581","level":"info","event":"  1950K .......... .......... .......... .......... .......... 26% 1.98M 1s","logger":"airflow.task.hooks.airflow.providers.standard.hooks.subprocess.SubprocessHook"}
{"timestamp":"2025-07-17T06:42:25.523058","level":"info","event":"  2000K .......... .......... .......... .......... .......... 26% 6.52M 1s","logger":"airflow.task.hooks.airflow.providers.standard.hooks.subprocess.SubprocessHook"}
{"timestamp":"2025-07-17T06:42:25.525759","level":"info","event":"  2050K .......... .......... .......... .......... .......... 27% 69.6M 1s","logger":"airflow.task.hooks.airflow.providers.standard.hooks.subprocess.SubprocessHook"}
{"timestamp":"2025-07-17T06:42:25.526383","level":"info","event":"  2100K .......... .......... .......... .......... .......... 28% 23.9M 1s","logger":"airflow.task.hooks.airflow.providers.standard.hooks.subprocess.SubprocessHook"}
{"timestamp":"2025-07-17T06:42:25.537620","level":"info","event":"  2150K .......... .......... .......... .......... .......... 28% 4.13M 1s","logger":"airflow.task.hooks.airflow.providers.standard.hooks.subprocess.SubprocessHook"}
{"timestamp":"2025-07-17T06:42:25.547114","level":"info","event":"  2200K .......... .......... .......... .......... .......... 29% 5.18M 1s","logger":"airflow.task.hooks.airflow.providers.standard.hooks.subprocess.SubprocessHook"}
{"timestamp":"2025-07-17T06:42:25.548237","level":"info","event":"  2250K .......... .......... .......... .......... .......... 30% 35.3M 1s","logger":"airflow.task.hooks.airflow.providers.standard.hooks.subprocess.SubprocessHook"}
{"timestamp":"2025-07-17T06:42:25.556788","level":"info","event":"  2300K .......... .......... .......... .......... .......... 30% 7.25M 1s","logger":"airflow.task.hooks.airflow.providers.standard.hooks.subprocess.SubprocessHook"}
{"timestamp":"2025-07-17T06:42:25.564782","level":"info","event":"  2350K .......... .......... .......... .......... .......... 31% 5.42M 1s","logger":"airflow.task.hooks.airflow.providers.standard.hooks.subprocess.SubprocessHook"}
{"timestamp":"2025-07-17T06:42:25.567963","level":"info","event":"  2400K .......... .......... .......... .......... .......... 32% 12.9M 1s","logger":"airflow.task.hooks.airflow.providers.standard.hooks.subprocess.SubprocessHook"}
{"timestamp":"2025-07-17T06:42:25.569627","level":"info","event":"  2450K .......... .......... .......... .......... .......... 32% 32.7M 1s","logger":"airflow.task.hooks.airflow.providers.standard.hooks.subprocess.SubprocessHook"}
{"timestamp":"2025-07-17T06:42:25.574954","level":"info","event":"  2500K .......... .......... .......... .......... .......... 33% 8.81M 1s","logger":"airflow.task.hooks.airflow.providers.standard.hooks.subprocess.SubprocessHook"}
{"timestamp":"2025-07-17T06:42:25.586824","level":"info","event":"  2550K .......... .......... .......... .......... .......... 34% 4.23M 1s","logger":"airflow.task.hooks.airflow.providers.standard.hooks.subprocess.SubprocessHook"}
{"timestamp":"2025-07-17T06:42:25.590428","level":"info","event":"  2600K .......... .......... .......... .......... .......... 34% 12.8M 1s","logger":"airflow.task.hooks.airflow.providers.standard.hooks.subprocess.SubprocessHook"}
{"timestamp":"2025-07-17T06:42:25.591521","level":"info","event":"  2650K .......... .......... .......... .......... .......... 35% 66.5M 1s","logger":"airflow.task.hooks.airflow.providers.standard.hooks.subprocess.SubprocessHook"}
{"timestamp":"2025-07-17T06:42:25.592324","level":"info","event":"  2700K .......... .......... .......... .......... .......... 36% 37.8M 1s","logger":"airflow.task.hooks.airflow.providers.standard.hooks.subprocess.SubprocessHook"}
{"timestamp":"2025-07-17T06:42:25.603692","level":"info","event":"  2750K .......... .......... .......... .......... .......... 36% 4.29M 1s","logger":"airflow.task.hooks.airflow.providers.standard.hooks.subprocess.SubprocessHook"}
{"timestamp":"2025-07-17T06:42:25.607730","level":"info","event":"  2800K .......... .......... .......... .......... .......... 37% 18.1M 1s","logger":"airflow.task.hooks.airflow.providers.standard.hooks.subprocess.SubprocessHook"}
{"timestamp":"2025-07-17T06:42:25.613362","level":"info","event":"  2850K .......... .......... .......... .......... .......... 38% 7.33M 1s","logger":"airflow.task.hooks.airflow.providers.standard.hooks.subprocess.SubprocessHook"}
{"timestamp":"2025-07-17T06:42:25.618736","level":"info","event":"  2900K .......... .......... .......... .......... .......... 38% 15.9M 1s","logger":"airflow.task.hooks.airflow.providers.standard.hooks.subprocess.SubprocessHook"}
{"timestamp":"2025-07-17T06:42:25.621730","level":"info","event":"  2950K .......... .......... .......... .......... .......... 39% 9.06M 1s","logger":"airflow.task.hooks.airflow.providers.standard.hooks.subprocess.SubprocessHook"}
{"timestamp":"2025-07-17T06:42:25.622865","level":"info","event":"  3000K .......... .......... .......... .......... .......... 40% 46.9M 1s","logger":"airflow.task.hooks.airflow.providers.standard.hooks.subprocess.SubprocessHook"}
{"timestamp":"2025-07-17T06:42:25.623750","level":"info","event":"  3050K .......... .......... .......... .......... .......... 40%  129M 1s","logger":"airflow.task.hooks.airflow.providers.standard.hooks.subprocess.SubprocessHook"}
{"timestamp":"2025-07-17T06:42:25.626644","level":"info","event":"  3100K .......... .......... .......... .......... .......... 41% 13.9M 1s","logger":"airflow.task.hooks.airflow.providers.standard.hooks.subprocess.SubprocessHook"}
{"timestamp":"2025-07-17T06:42:25.629104","level":"info","event":"  3150K .......... .......... .......... .......... .......... 42% 21.3M 1s","logger":"airflow.task.hooks.airflow.providers.standard.hooks.subprocess.SubprocessHook"}
{"timestamp":"2025-07-17T06:42:25.630945","level":"info","event":"  3200K .......... .......... .......... .......... .......... 42% 25.9M 1s","logger":"airflow.task.hooks.airflow.providers.standard.hooks.subprocess.SubprocessHook"}
{"timestamp":"2025-07-17T06:42:25.631027","level":"info","event":"  3250K .......... .......... .......... .......... .......... 43%  179M 1s","logger":"airflow.task.hooks.airflow.providers.standard.hooks.subprocess.SubprocessHook"}
{"timestamp":"2025-07-17T06:42:25.636706","level":"info","event":"  3300K .......... .......... .......... .......... .......... 44% 8.79M 1s","logger":"airflow.task.hooks.airflow.providers.standard.hooks.subprocess.SubprocessHook"}
{"timestamp":"2025-07-17T06:42:25.638341","level":"info","event":"  3350K .......... .......... .......... .......... .......... 44% 28.7M 1s","logger":"airflow.task.hooks.airflow.providers.standard.hooks.subprocess.SubprocessHook"}
{"timestamp":"2025-07-17T06:42:25.638407","level":"info","event":"  3400K .......... .......... .......... .......... .......... 45%  178M 1s","logger":"airflow.task.hooks.airflow.providers.standard.hooks.subprocess.SubprocessHook"}
{"timestamp":"2025-07-17T06:42:25.640481","level":"info","event":"  3450K .......... .......... .......... .......... .......... 45% 23.8M 0s","logger":"airflow.task.hooks.airflow.providers.standard.hooks.subprocess.SubprocessHook"}
{"timestamp":"2025-07-17T06:42:25.651812","level":"info","event":"  3500K .......... .......... .......... .......... .......... 46% 7.25M 0s","logger":"airflow.task.hooks.airflow.providers.standard.hooks.subprocess.SubprocessHook"}
{"timestamp":"2025-07-17T06:42:25.660602","level":"info","event":"  3550K .......... .......... .......... .......... .......... 47% 3.68M 0s","logger":"airflow.task.hooks.airflow.providers.standard.hooks.subprocess.SubprocessHook"}
{"timestamp":"2025-07-17T06:42:25.661953","level":"info","event":"  3600K .......... .......... .......... .......... .......... 47% 38.0M 0s","logger":"airflow.task.hooks.airflow.providers.standard.hooks.subprocess.SubprocessHook"}
{"timestamp":"2025-07-17T06:42:25.662630","level":"info","event":"  3650K .......... .......... .......... .......... .......... 48% 50.0M 0s","logger":"airflow.task.hooks.airflow.providers.standard.hooks.subprocess.SubprocessHook"}
{"timestamp":"2025-07-17T06:42:25.663175","level":"info","event":"  3700K .......... .......... .......... .......... .......... 49%  120M 0s","logger":"airflow.task.hooks.airflow.providers.standard.hooks.subprocess.SubprocessHook"}
{"timestamp":"2025-07-17T06:42:25.664507","level":"info","event":"  3750K .......... .......... .......... .......... .......... 49% 78.7M 0s","logger":"airflow.task.hooks.airflow.providers.standard.hooks.subprocess.SubprocessHook"}
{"timestamp":"2025-07-17T06:42:25.666204","level":"info","event":"  3800K .......... .......... .......... .......... .......... 50% 23.4M 0s","logger":"airflow.task.hooks.airflow.providers.standard.hooks.subprocess.SubprocessHook"}
{"timestamp":"2025-07-17T06:42:25.666274","level":"info","event":"  3850K .......... .......... .......... .......... .......... 51%  236M 0s","logger":"airflow.task.hooks.airflow.providers.standard.hooks.subprocess.SubprocessHook"}
{"timestamp":"2025-07-17T06:42:25.667382","level":"info","event":"  3900K .......... .......... .......... .......... .......... 51% 35.6M 0s","logger":"airflow.task.hooks.airflow.providers.standard.hooks.subprocess.SubprocessHook"}
{"timestamp":"2025-07-17T06:42:25.669285","level":"info","event":"  3950K .......... .......... .......... .......... .......... 52% 30.5M 0s","logger":"airflow.task.hooks.airflow.providers.standard.hooks.subprocess.SubprocessHook"}
{"timestamp":"2025-07-17T06:42:25.673484","level":"info","event":"  4000K .......... .......... .......... .......... .......... 53% 11.1M 0s","logger":"airflow.task.hooks.airflow.providers.standard.hooks.subprocess.SubprocessHook"}
{"timestamp":"2025-07-17T06:42:25.675103","level":"info","event":"  4050K .......... .......... .......... .......... .......... 53% 31.4M 0s","logger":"airflow.task.hooks.airflow.providers.standard.hooks.subprocess.SubprocessHook"}
{"timestamp":"2025-07-17T06:42:25.676063","level":"info","event":"  4100K .......... .......... .......... .......... .......... 54% 43.2M 0s","logger":"airflow.task.hooks.airflow.providers.standard.hooks.subprocess.SubprocessHook"}
{"timestamp":"2025-07-17T06:42:25.680678","level":"info","event":"  4150K .......... .......... .......... .......... .......... 55% 10.9M 0s","logger":"airflow.task.hooks.airflow.providers.standard.hooks.subprocess.SubprocessHook"}
{"timestamp":"2025-07-17T06:42:25.705184","level":"info","event":"  4200K .......... .......... .......... .......... .......... 55% 2.02M 0s","logger":"airflow.task.hooks.airflow.providers.standard.hooks.subprocess.SubprocessHook"}
{"timestamp":"2025-07-17T06:42:25.708143","level":"info","event":"  4250K .......... .......... .......... .......... .......... 56% 14.4M 0s","logger":"airflow.task.hooks.airflow.providers.standard.hooks.subprocess.SubprocessHook"}
{"timestamp":"2025-07-17T06:42:25.711861","level":"info","event":"  4300K .......... .......... .......... .......... .......... 57% 14.1M 0s","logger":"airflow.task.hooks.airflow.providers.standard.hooks.subprocess.SubprocessHook"}
{"timestamp":"2025-07-17T06:42:25.714193","level":"info","event":"  4350K .......... .......... .......... .......... .......... 57% 37.3M 0s","logger":"airflow.task.hooks.airflow.providers.standard.hooks.subprocess.SubprocessHook"}
{"timestamp":"2025-07-17T06:42:25.718633","level":"info","event":"  4400K .......... .......... .......... .......... .......... 58% 14.3M 0s","logger":"airflow.task.hooks.airflow.providers.standard.hooks.subprocess.SubprocessHook"}
{"timestamp":"2025-07-17T06:42:25.763756","level":"info","event":"  4450K .......... .......... .......... .......... .......... 59% 1.05M 0s","logger":"airflow.task.hooks.airflow.providers.standard.hooks.subprocess.SubprocessHook"}
{"timestamp":"2025-07-17T06:42:25.780095","level":"info","event":"  4500K .......... .......... .......... .......... .......... 59% 3.01M 0s","logger":"airflow.task.hooks.airflow.providers.standard.hooks.subprocess.SubprocessHook"}
{"timestamp":"2025-07-17T06:42:25.786579","level":"info","event":"  4550K .......... .......... .......... .......... .......... 60% 6.65M 0s","logger":"airflow.task.hooks.airflow.providers.standard.hooks.subprocess.SubprocessHook"}
{"timestamp":"2025-07-17T06:42:25.788749","level":"info","event":"  4600K .......... .......... .......... .......... .......... 61% 34.9M 0s","logger":"airflow.task.hooks.airflow.providers.standard.hooks.subprocess.SubprocessHook"}
{"timestamp":"2025-07-17T06:42:25.790866","level":"info","event":"  4650K .......... .......... .......... .......... .......... 61% 22.1M 0s","logger":"airflow.task.hooks.airflow.providers.standard.hooks.subprocess.SubprocessHook"}
{"timestamp":"2025-07-17T06:42:25.793898","level":"info","event":"  4700K .......... .......... .......... .......... .......... 62% 13.2M 0s","logger":"airflow.task.hooks.airflow.providers.standard.hooks.subprocess.SubprocessHook"}
{"timestamp":"2025-07-17T06:42:25.795200","level":"info","event":"  4750K .......... .......... .......... .......... .......... 63% 42.7M 0s","logger":"airflow.task.hooks.airflow.providers.standard.hooks.subprocess.SubprocessHook"}
{"timestamp":"2025-07-17T06:42:25.797204","level":"info","event":"  4800K .......... .......... .......... .......... .......... 63% 34.7M 0s","logger":"airflow.task.hooks.airflow.providers.standard.hooks.subprocess.SubprocessHook"}
{"timestamp":"2025-07-17T06:42:25.797294","level":"info","event":"  4850K .......... .......... .......... .......... .......... 64% 52.4M 0s","logger":"airflow.task.hooks.airflow.providers.standard.hooks.subprocess.SubprocessHook"}
{"timestamp":"2025-07-17T06:42:25.799793","level":"info","event":"  4900K .......... .......... .......... .......... .......... 65% 19.4M 0s","logger":"airflow.task.hooks.airflow.providers.standard.hooks.subprocess.SubprocessHook"}
{"timestamp":"2025-07-17T06:42:25.800467","level":"info","event":"  4950K .......... .......... .......... .......... .......... 65%  163M 0s","logger":"airflow.task.hooks.airflow.providers.standard.hooks.subprocess.SubprocessHook"}
{"timestamp":"2025-07-17T06:42:25.800564","level":"info","event":"  5000K .......... .......... .......... .......... .......... 66%  179M 0s","logger":"airflow.task.hooks.airflow.providers.standard.hooks.subprocess.SubprocessHook"}
{"timestamp":"2025-07-17T06:42:25.800617","level":"info","event":"  5050K .......... .......... .......... .......... .......... 67%  193M 0s","logger":"airflow.task.hooks.airflow.providers.standard.hooks.subprocess.SubprocessHook"}
{"timestamp":"2025-07-17T06:42:25.800922","level":"info","event":"  5100K .......... .......... .......... .......... .......... 67%  173M 0s","logger":"airflow.task.hooks.airflow.providers.standard.hooks.subprocess.SubprocessHook"}
{"timestamp":"2025-07-17T06:42:25.801531","level":"info","event":"  5150K .......... .......... .......... .......... .......... 68% 96.4M 0s","logger":"airflow.task.hooks.airflow.providers.standard.hooks.subprocess.SubprocessHook"}
{"timestamp":"2025-07-17T06:42:25.801566","level":"info","event":"  5200K .......... .......... .......... .......... .......... 68%  218M 0s","logger":"airflow.task.hooks.airflow.providers.standard.hooks.subprocess.SubprocessHook"}
{"timestamp":"2025-07-17T06:42:25.802673","level":"info","event":"  5250K .......... .......... .......... .......... .......... 69% 49.7M 0s","logger":"airflow.task.hooks.airflow.providers.standard.hooks.subprocess.SubprocessHook"}
{"timestamp":"2025-07-17T06:42:25.804301","level":"info","event":"  5300K .......... .......... .......... .......... .......... 70% 28.6M 0s","logger":"airflow.task.hooks.airflow.providers.standard.hooks.subprocess.SubprocessHook"}
{"timestamp":"2025-07-17T06:42:25.805546","level":"info","event":"  5350K .......... .......... .......... .......... .......... 70% 38.7M 0s","logger":"airflow.task.hooks.airflow.providers.standard.hooks.subprocess.SubprocessHook"}
{"timestamp":"2025-07-17T06:42:25.810798","level":"info","event":"  5400K .......... .......... .......... .......... .......... 71% 9.84M 0s","logger":"airflow.task.hooks.airflow.providers.standard.hooks.subprocess.SubprocessHook"}
{"timestamp":"2025-07-17T06:42:25.812083","level":"info","event":"  5450K .......... .......... .......... .......... .......... 72% 30.8M 0s","logger":"airflow.task.hooks.airflow.providers.standard.hooks.subprocess.SubprocessHook"}
{"timestamp":"2025-07-17T06:42:25.812683","level":"info","event":"  5500K .......... .......... .......... .......... .......... 72% 79.0M 0s","logger":"airflow.task.hooks.airflow.providers.standard.hooks.subprocess.SubprocessHook"}
{"timestamp":"2025-07-17T06:42:25.818610","level":"info","event":"  5550K .......... .......... .......... .......... .......... 73% 9.18M 0s","logger":"airflow.task.hooks.airflow.providers.standard.hooks.subprocess.SubprocessHook"}
{"timestamp":"2025-07-17T06:42:25.819889","level":"info","event":"  5600K .......... .......... .......... .......... .......... 74% 26.0M 0s","logger":"airflow.task.hooks.airflow.providers.standard.hooks.subprocess.SubprocessHook"}
{"timestamp":"2025-07-17T06:42:25.821439","level":"info","event":"  5650K .......... .......... .......... .......... .......... 74% 30.5M 0s","logger":"airflow.task.hooks.airflow.providers.standard.hooks.subprocess.SubprocessHook"}
{"timestamp":"2025-07-17T06:42:25.823875","level":"info","event":"  5700K .......... .......... .......... .......... .......... 75% 20.2M 0s","logger":"airflow.task.hooks.airflow.providers.standard.hooks.subprocess.SubprocessHook"}
{"timestamp":"2025-07-17T06:42:25.826283","level":"info","event":"  5750K .......... .......... .......... .......... .......... 76% 21.3M 0s","logger":"airflow.task.hooks.airflow.providers.standard.hooks.subprocess.SubprocessHook"}
{"timestamp":"2025-07-17T06:42:25.826657","level":"info","event":"  5800K .......... .......... .......... .......... .......... 76%  173M 0s","logger":"airflow.task.hooks.airflow.providers.standard.hooks.subprocess.SubprocessHook"}
{"timestamp":"2025-07-17T06:42:25.840617","level":"info","event":"  5850K .......... .......... .......... .......... .......... 77% 6.21M 0s","logger":"airflow.task.hooks.airflow.providers.standard.hooks.subprocess.SubprocessHook"}
{"timestamp":"2025-07-17T06:42:25.840901","level":"info","event":"  5900K .......... .......... .......... .......... .......... 78% 17.5M 0s","logger":"airflow.task.hooks.airflow.providers.standard.hooks.subprocess.SubprocessHook"}
{"timestamp":"2025-07-17T06:42:25.849724","level":"info","event":"  5950K .......... .......... .......... .......... .......... 78% 5.21M 0s","logger":"airflow.task.hooks.airflow.providers.standard.hooks.subprocess.SubprocessHook"}
{"timestamp":"2025-07-17T06:42:25.849883","level":"info","event":"  6000K .......... .......... .......... .......... .......... 79%  192M 0s","logger":"airflow.task.hooks.airflow.providers.standard.hooks.subprocess.SubprocessHook"}
{"timestamp":"2025-07-17T06:42:25.849956","level":"info","event":"  6050K .......... .......... .......... .......... .......... 80%  221M 0s","logger":"airflow.task.hooks.airflow.providers.standard.hooks.subprocess.SubprocessHook"}
{"timestamp":"2025-07-17T06:42:25.850063","level":"info","event":"  6100K .......... .......... .......... .......... .......... 80%  219M 0s","logger":"airflow.task.hooks.airflow.providers.standard.hooks.subprocess.SubprocessHook"}
{"timestamp":"2025-07-17T06:42:25.850128","level":"info","event":"  6150K .......... .......... .......... .......... .......... 81% 97.4M 0s","logger":"airflow.task.hooks.airflow.providers.standard.hooks.subprocess.SubprocessHook"}
{"timestamp":"2025-07-17T06:42:25.853381","level":"info","event":"  6200K .......... .......... .......... .......... .......... 82% 9.92M 0s","logger":"airflow.task.hooks.airflow.providers.standard.hooks.subprocess.SubprocessHook"}
{"timestamp":"2025-07-17T06:42:25.859078","level":"info","event":"  6250K .......... .......... .......... .......... .......... 82% 7.69M 0s","logger":"airflow.task.hooks.airflow.providers.standard.hooks.subprocess.SubprocessHook"}
{"timestamp":"2025-07-17T06:42:25.860338","level":"info","event":"  6300K .......... .......... .......... .......... .......... 83% 57.4M 0s","logger":"airflow.task.hooks.airflow.providers.standard.hooks.subprocess.SubprocessHook"}
{"timestamp":"2025-07-17T06:42:25.869440","level":"info","event":"  6350K .......... .......... .......... .......... .......... 84% 17.5M 0s","logger":"airflow.task.hooks.airflow.providers.standard.hooks.subprocess.SubprocessHook"}
{"timestamp":"2025-07-17T06:42:25.883761","level":"info","event":"  6400K .......... .......... .......... .......... .......... 84% 29.5M 0s","logger":"airflow.task.hooks.airflow.providers.standard.hooks.subprocess.SubprocessHook"}
{"timestamp":"2025-07-17T06:42:25.905045","level":"info","event":"  6450K .......... .......... .......... .......... .......... 85% 1.57M 0s","logger":"airflow.task.hooks.airflow.providers.standard.hooks.subprocess.SubprocessHook"}
{"timestamp":"2025-07-17T06:42:25.909896","level":"info","event":"  6500K .......... .......... .......... .......... .......... 86%  122M 0s","logger":"airflow.task.hooks.airflow.providers.standard.hooks.subprocess.SubprocessHook"}
{"timestamp":"2025-07-17T06:42:25.920113","level":"info","event":"  6550K .......... .......... .......... .......... .......... 86% 37.9M 0s","logger":"airflow.task.hooks.airflow.providers.standard.hooks.subprocess.SubprocessHook"}
{"timestamp":"2025-07-17T06:42:25.921398","level":"info","event":"  6600K .......... .......... .......... .......... .......... 87% 21.2M 0s","logger":"airflow.task.hooks.airflow.providers.standard.hooks.subprocess.SubprocessHook"}
{"timestamp":"2025-07-17T06:42:25.922074","level":"info","event":"  6650K .......... .......... .......... .......... .......... 88% 4.68M 0s","logger":"airflow.task.hooks.airflow.providers.standard.hooks.subprocess.SubprocessHook"}
{"timestamp":"2025-07-17T06:42:25.922188","level":"info","event":"  6700K .......... .......... .......... .......... .......... 88%  216M 0s","logger":"airflow.task.hooks.airflow.providers.standard.hooks.subprocess.SubprocessHook"}
{"timestamp":"2025-07-17T06:42:25.932456","level":"info","event":"  6750K .......... .......... .......... .......... .......... 89% 2.73M 0s","logger":"airflow.task.hooks.airflow.providers.standard.hooks.subprocess.SubprocessHook"}
{"timestamp":"2025-07-17T06:42:25.943087","level":"info","event":"  6800K .......... .......... .......... .......... .......... 90% 4.18M 0s","logger":"airflow.task.hooks.airflow.providers.standard.hooks.subprocess.SubprocessHook"}
{"timestamp":"2025-07-17T06:42:25.943879","level":"info","event":"  6850K .......... .......... .......... .......... .......... 90% 91.7M 0s","logger":"airflow.task.hooks.airflow.providers.standard.hooks.subprocess.SubprocessHook"}
{"timestamp":"2025-07-17T06:42:25.943987","level":"info","event":"  6900K .......... .......... .......... .......... .......... 91% 22.0M 0s","logger":"airflow.task.hooks.airflow.providers.standard.hooks.subprocess.SubprocessHook"}
{"timestamp":"2025-07-17T06:42:25.944062","level":"info","event":"  6950K .......... .......... .......... .......... .......... 91% 29.4M 0s","logger":"airflow.task.hooks.airflow.providers.standard.hooks.subprocess.SubprocessHook"}
{"timestamp":"2025-07-17T06:42:25.946481","level":"info","event":"  7000K .......... .......... .......... .......... .......... 92%  161M 0s","logger":"airflow.task.hooks.airflow.providers.standard.hooks.subprocess.SubprocessHook"}
{"timestamp":"2025-07-17T06:42:25.946608","level":"info","event":"  7050K .......... .......... .......... .......... .......... 93% 29.5M 0s","logger":"airflow.task.hooks.airflow.providers.standard.hooks.subprocess.SubprocessHook"}
{"timestamp":"2025-07-17T06:42:25.946680","level":"info","event":"  7100K .......... .......... .......... .......... .......... 93% 80.3M 0s","logger":"airflow.task.hooks.airflow.providers.standard.hooks.subprocess.SubprocessHook"}
{"timestamp":"2025-07-17T06:42:25.948643","level":"info","event":"  7150K .......... .......... .......... .......... .......... 94% 38.0M 0s","logger":"airflow.task.hooks.airflow.providers.standard.hooks.subprocess.SubprocessHook"}
{"timestamp":"2025-07-17T06:42:25.951114","level":"info","event":"  7200K .......... .......... .......... .......... .......... 95% 18.4M 0s","logger":"airflow.task.hooks.airflow.providers.standard.hooks.subprocess.SubprocessHook"}
{"timestamp":"2025-07-17T06:42:25.955371","level":"info","event":"  7250K .......... .......... .......... .......... .......... 95% 16.1M 0s","logger":"airflow.task.hooks.airflow.providers.standard.hooks.subprocess.SubprocessHook"}
{"timestamp":"2025-07-17T06:42:25.955963","level":"info","event":"  7300K .......... .......... .......... .......... .......... 96% 59.9M 0s","logger":"airflow.task.hooks.airflow.providers.standard.hooks.subprocess.SubprocessHook"}
{"timestamp":"2025-07-17T06:42:25.956299","level":"info","event":"  7350K .......... .......... .......... .......... .......... 97% 44.1M 0s","logger":"airflow.task.hooks.airflow.providers.standard.hooks.subprocess.SubprocessHook"}
{"timestamp":"2025-07-17T06:42:25.956915","level":"info","event":"  7400K .......... .......... .......... .......... .......... 97% 80.2M 0s","logger":"airflow.task.hooks.airflow.providers.standard.hooks.subprocess.SubprocessHook"}
{"timestamp":"2025-07-17T06:42:25.957806","level":"info","event":"  7450K .......... .......... .......... .......... .......... 98% 33.7M 0s","logger":"airflow.task.hooks.airflow.providers.standard.hooks.subprocess.SubprocessHook"}
{"timestamp":"2025-07-17T06:42:25.959377","level":"info","event":"  7500K .......... .......... .......... .......... .......... 99% 27.6M 0s","logger":"airflow.task.hooks.airflow.providers.standard.hooks.subprocess.SubprocessHook"}
{"timestamp":"2025-07-17T06:42:25.960852","level":"info","event":"  7550K .......... .......... .......... .......... .......... 99% 35.9M 0s","logger":"airflow.task.hooks.airflow.providers.standard.hooks.subprocess.SubprocessHook"}
{"timestamp":"2025-07-17T06:42:25.961406","level":"info","event":"  7600K .........                                             100% 67.9M=0.7s","logger":"airflow.task.hooks.airflow.providers.standard.hooks.subprocess.SubprocessHook"}
{"timestamp":"2025-07-17T06:42:25.962248","level":"info","event":"","logger":"airflow.task.hooks.airflow.providers.standard.hooks.subprocess.SubprocessHook"}
{"timestamp":"2025-07-17T06:42:25.962555","level":"info","event":"2025-07-17 06:42:25 (10.0 MB/s) - ‘/opt/airflow/green_tripdata_2019-12.csv.gz’ saved [7792073/7792073]","logger":"airflow.task.hooks.airflow.providers.standard.hooks.subprocess.SubprocessHook"}
{"timestamp":"2025-07-17T06:42:25.962889","level":"info","event":"","logger":"airflow.task.hooks.airflow.providers.standard.hooks.subprocess.SubprocessHook"}
{"timestamp":"2025-07-17T06:42:26.520289","level":"info","event":"Command exited with return code 0","logger":"airflow.task.hooks.airflow.providers.standard.hooks.subprocess.SubprocessHook"}
{"timestamp":"2025-07-17T06:42:26.536707","level":"info","event":"Pushing xcom","ti":"RuntimeTaskInstance(id=UUID('0198171e-aafb-7abe-90d2-0a8d04abaa9e'), task_id='wget_trips_csvgz', dag_id='local_ingestion_pg_green', run_id='scheduled__2019-12-02T06:00:00+00:00', try_number=1, map_index=-1, hostname='3f7f1d329e72', context_carrier={}, task=<Task(BashOperator): wget_trips_csvgz>, bundle_instance=LocalDagBundle(name=dags-folder), max_tries=0, start_date=datetime.datetime(2025, 7, 17, 6, 42, 22, 950495, tzinfo=TzInfo(UTC)), end_date=None, state=<TaskInstanceState.RUNNING: 'running'>, is_mapped=False, rendered_map_index=None)","logger":"task"}
{"timestamp":"2025-07-17T06:52:01.979136","level":"info","event":"DAG bundles loaded: dags-folder","logger":"airflow.dag_processing.bundles.manager.DagBundlesManager"}
{"timestamp":"2025-07-17T06:52:01.980590","level":"info","event":"Filling up the DagBag from /opt/airflow/dags/data_ingestion_localpg_dag.py","logger":"airflow.models.dagbag.DagBag"}
{"timestamp":"2025-07-17T06:52:02.437926","level":"info","event":"Tmp dir root location: /tmp","logger":"airflow.task.hooks.airflow.providers.standard.hooks.subprocess.SubprocessHook"}
{"timestamp":"2025-07-17T06:52:02.441661","level":"info","event":"Running command: ['/usr/bin/bash', '-c', 'wget https://github.com/DataTalksClub/nyc-tlc-data/releases/download/green/green_tripdata_2019-12.csv.gz -O /opt/airflow/green_tripdata_2019-12.csv.gz && gunzip -f /opt/airflow/green_tripdata_2019-12.csv.gz || rm -f /opt/airflow/green_tripdata_2019-12.csv.gz']","logger":"airflow.task.hooks.airflow.providers.standard.hooks.subprocess.SubprocessHook"}
{"timestamp":"2025-07-17T06:52:02.458169","level":"info","event":"Output:","logger":"airflow.task.hooks.airflow.providers.standard.hooks.subprocess.SubprocessHook"}
{"timestamp":"2025-07-17T06:52:02.469586","level":"info","event":"--2025-07-17 06:52:02--  https://github.com/DataTalksClub/nyc-tlc-data/releases/download/green/green_tripdata_2019-12.csv.gz","logger":"airflow.task.hooks.airflow.providers.standard.hooks.subprocess.SubprocessHook"}
{"timestamp":"2025-07-17T06:52:02.492711","level":"info","event":"Resolving github.com (github.com)... 20.205.243.166","logger":"airflow.task.hooks.airflow.providers.standard.hooks.subprocess.SubprocessHook"}
{"timestamp":"2025-07-17T06:52:02.505339","level":"info","event":"Connecting to github.com (github.com)|20.205.243.166|:443... connected.","logger":"airflow.task.hooks.airflow.providers.standard.hooks.subprocess.SubprocessHook"}
{"timestamp":"2025-07-17T06:52:02.825936","level":"info","event":"HTTP request sent, awaiting response... 302 Found","logger":"airflow.task.hooks.airflow.providers.standard.hooks.subprocess.SubprocessHook"}
{"timestamp":"2025-07-17T06:52:02.826370","level":"info","event":"Location: https://release-assets.githubusercontent.com/github-production-release-asset/513814948/9964ec55-3364-4b23-bac0-a6f90a4f00c7?sp=r&sv=2018-11-09&sr=b&spr=https&se=2025-07-17T07%3A42%3A43Z&rscd=attachment%3B+filename%3Dgreen_tripdata_2019-12.csv.gz&rsct=application%2Foctet-stream&skoid=96c2d410-5711-43a1-aedd-ab1947aa7ab0&sktid=398a6654-997b-47e9-b12b-9515b896b4de&skt=2025-07-17T06%3A42%3A19Z&ske=2025-07-17T07%3A42%3A43Z&sks=b&skv=2018-11-09&sig=28qlneQ7lE1CvFfqWqHfZAI6ugKmfEK%2F9lC1sdpVvtA%3D&jwt=eyJ******&response-content-disposition=attachment%3B%20filename%3Dgreen_tripdata_2019-12.csv.gz&response-content-type=application%2Foctet-stream [following]","logger":"airflow.task.hooks.airflow.providers.standard.hooks.subprocess.SubprocessHook"}
{"timestamp":"2025-07-17T06:52:02.826883","level":"info","event":"--2025-07-17 06:52:02--  https://release-assets.githubusercontent.com/github-production-release-asset/513814948/9964ec55-3364-4b23-bac0-a6f90a4f00c7?sp=r&sv=2018-11-09&sr=b&spr=https&se=2025-07-17T07%3A42%3A43Z&rscd=attachment%3B+filename%3Dgreen_tripdata_2019-12.csv.gz&rsct=application%2Foctet-stream&skoid=96c2d410-5711-43a1-aedd-ab1947aa7ab0&sktid=398a6654-997b-47e9-b12b-9515b896b4de&skt=2025-07-17T06%3A42%3A19Z&ske=2025-07-17T07%3A42%3A43Z&sks=b&skv=2018-11-09&sig=28qlneQ7lE1CvFfqWqHfZAI6ugKmfEK%2F9lC1sdpVvtA%3D&jwt=eyJ******&response-content-disposition=attachment%3B%20filename%3Dgreen_tripdata_2019-12.csv.gz&response-content-type=application%2Foctet-stream","logger":"airflow.task.hooks.airflow.providers.standard.hooks.subprocess.SubprocessHook"}
{"timestamp":"2025-07-17T06:52:02.835368","level":"info","event":"Resolving release-assets.githubusercontent.com (release-assets.githubusercontent.com)... 185.199.111.133, 185.199.108.133, 185.199.109.133, ...","logger":"airflow.task.hooks.airflow.providers.standard.hooks.subprocess.SubprocessHook"}
{"timestamp":"2025-07-17T06:52:02.845276","level":"info","event":"Connecting to release-assets.githubusercontent.com (release-assets.githubusercontent.com)|185.199.111.133|:443... connected.","logger":"airflow.task.hooks.airflow.providers.standard.hooks.subprocess.SubprocessHook"}
{"timestamp":"2025-07-17T06:52:03.132632","level":"info","event":"HTTP request sent, awaiting response... 200 OK","logger":"airflow.task.hooks.airflow.providers.standard.hooks.subprocess.SubprocessHook"}
{"timestamp":"2025-07-17T06:52:03.133372","level":"info","event":"Length: 7792073 (7.4M) [application/octet-stream]","logger":"airflow.task.hooks.airflow.providers.standard.hooks.subprocess.SubprocessHook"}
{"timestamp":"2025-07-17T06:52:03.134226","level":"info","event":"Saving to: ‘/opt/airflow/green_tripdata_2019-12.csv.gz’","logger":"airflow.task.hooks.airflow.providers.standard.hooks.subprocess.SubprocessHook"}
{"timestamp":"2025-07-17T06:52:03.135985","level":"info","event":"","logger":"airflow.task.hooks.airflow.providers.standard.hooks.subprocess.SubprocessHook"}
{"timestamp":"2025-07-17T06:52:03.141474","level":"info","event":"     0K .......... .......... .......... .......... ..........  0% 6.31M 1s","logger":"airflow.task.hooks.airflow.providers.standard.hooks.subprocess.SubprocessHook"}
{"timestamp":"2025-07-17T06:52:03.145276","level":"info","event":"    50K .......... .......... .......... .......... ..........  1% 12.0M 1s","logger":"airflow.task.hooks.airflow.providers.standard.hooks.subprocess.SubprocessHook"}
{"timestamp":"2025-07-17T06:52:03.149710","level":"info","event":"   100K .......... .......... .......... .......... ..........  1% 11.3M 1s","logger":"airflow.task.hooks.airflow.providers.standard.hooks.subprocess.SubprocessHook"}
{"timestamp":"2025-07-17T06:52:03.151339","level":"info","event":"   150K .......... .......... .......... .......... ..........  2% 28.1M 1s","logger":"airflow.task.hooks.airflow.providers.standard.hooks.subprocess.SubprocessHook"}
{"timestamp":"2025-07-17T06:52:03.153556","level":"info","event":"   200K .......... .......... .......... .......... ..........  3% 21.6M 1s","logger":"airflow.task.hooks.airflow.providers.standard.hooks.subprocess.SubprocessHook"}
{"timestamp":"2025-07-17T06:52:03.156924","level":"info","event":"   250K .......... .......... .......... .......... ..........  3% 14.5M 1s","logger":"airflow.task.hooks.airflow.providers.standard.hooks.subprocess.SubprocessHook"}
{"timestamp":"2025-07-17T06:52:03.160020","level":"info","event":"   300K .......... .......... .......... .......... ..........  4% 16.3M 1s","logger":"airflow.task.hooks.airflow.providers.standard.hooks.subprocess.SubprocessHook"}
{"timestamp":"2025-07-17T06:52:03.162804","level":"info","event":"   350K .......... .......... .......... .......... ..........  5% 19.2M 1s","logger":"airflow.task.hooks.airflow.providers.standard.hooks.subprocess.SubprocessHook"}
{"timestamp":"2025-07-17T06:52:03.164655","level":"info","event":"   400K .......... .......... .......... .......... ..........  5% 23.8M 0s","logger":"airflow.task.hooks.airflow.providers.standard.hooks.subprocess.SubprocessHook"}
{"timestamp":"2025-07-17T06:52:03.167662","level":"info","event":"   450K .......... .......... .......... .......... ..........  6% 18.6M 0s","logger":"airflow.task.hooks.airflow.providers.standard.hooks.subprocess.SubprocessHook"}
{"timestamp":"2025-07-17T06:52:03.167754","level":"info","event":"   500K .......... .......... .......... .......... ..........  7%  135M 0s","logger":"airflow.task.hooks.airflow.providers.standard.hooks.subprocess.SubprocessHook"}
{"timestamp":"2025-07-17T06:52:03.168092","level":"info","event":"   550K .......... .......... .......... .......... ..........  7% 75.4M 0s","logger":"airflow.task.hooks.airflow.providers.standard.hooks.subprocess.SubprocessHook"}
{"timestamp":"2025-07-17T06:52:03.169925","level":"info","event":"   600K .......... .......... .......... .......... ..........  8% 26.1M 0s","logger":"airflow.task.hooks.airflow.providers.standard.hooks.subprocess.SubprocessHook"}
{"timestamp":"2025-07-17T06:52:03.170269","level":"info","event":"   650K .......... .......... .......... .......... ..........  9%  205M 0s","logger":"airflow.task.hooks.airflow.providers.standard.hooks.subprocess.SubprocessHook"}
{"timestamp":"2025-07-17T06:52:03.171372","level":"info","event":"   700K .......... .......... .......... .......... ..........  9% 40.3M 0s","logger":"airflow.task.hooks.airflow.providers.standard.hooks.subprocess.SubprocessHook"}
{"timestamp":"2025-07-17T06:52:03.172710","level":"info","event":"   750K .......... .......... .......... .......... .......... 10% 38.2M 0s","logger":"airflow.task.hooks.airflow.providers.standard.hooks.subprocess.SubprocessHook"}
{"timestamp":"2025-07-17T06:52:03.172984","level":"info","event":"   800K .......... .......... .......... .......... .......... 11%  165M 0s","logger":"airflow.task.hooks.airflow.providers.standard.hooks.subprocess.SubprocessHook"}
{"timestamp":"2025-07-17T06:52:03.173477","level":"info","event":"   850K .......... .......... .......... .......... .......... 11%  111M 0s","logger":"airflow.task.hooks.airflow.providers.standard.hooks.subprocess.SubprocessHook"}
{"timestamp":"2025-07-17T06:52:03.173903","level":"info","event":"   900K .......... .......... .......... .......... .......... 12%  210M 0s","logger":"airflow.task.hooks.airflow.providers.standard.hooks.subprocess.SubprocessHook"}
{"timestamp":"2025-07-17T06:52:03.174207","level":"info","event":"   950K .......... .......... .......... .......... .......... 13%  146M 0s","logger":"airflow.task.hooks.airflow.providers.standard.hooks.subprocess.SubprocessHook"}
{"timestamp":"2025-07-17T06:52:03.176375","level":"info","event":"  1000K .......... .......... .......... .......... .......... 13% 20.6M 0s","logger":"airflow.task.hooks.airflow.providers.standard.hooks.subprocess.SubprocessHook"}
{"timestamp":"2025-07-17T06:52:03.178744","level":"info","event":"  1050K .......... .......... .......... .......... .......... 14% 20.9M 0s","logger":"airflow.task.hooks.airflow.providers.standard.hooks.subprocess.SubprocessHook"}
{"timestamp":"2025-07-17T06:52:03.179798","level":"info","event":"  1100K .......... .......... .......... .......... .......... 15% 43.4M 0s","logger":"airflow.task.hooks.airflow.providers.standard.hooks.subprocess.SubprocessHook"}
{"timestamp":"2025-07-17T06:52:03.181069","level":"info","event":"  1150K .......... .......... .......... .......... .......... 15% 40.1M 0s","logger":"airflow.task.hooks.airflow.providers.standard.hooks.subprocess.SubprocessHook"}
{"timestamp":"2025-07-17T06:52:03.184391","level":"info","event":"  1200K .......... .......... .......... .......... .......... 16% 16.6M 0s","logger":"airflow.task.hooks.airflow.providers.standard.hooks.subprocess.SubprocessHook"}
{"timestamp":"2025-07-17T06:52:03.186664","level":"info","event":"  1250K .......... .......... .......... .......... .......... 17% 18.4M 0s","logger":"airflow.task.hooks.airflow.providers.standard.hooks.subprocess.SubprocessHook"}
{"timestamp":"2025-07-17T06:52:03.188121","level":"info","event":"  1300K .......... .......... .......... .......... .......... 17% 37.6M 0s","logger":"airflow.task.hooks.airflow.providers.standard.hooks.subprocess.SubprocessHook"}
{"timestamp":"2025-07-17T06:52:03.190902","level":"info","event":"  1350K .......... .......... .......... .......... .......... 18% 20.2M 0s","logger":"airflow.task.hooks.airflow.providers.standard.hooks.subprocess.SubprocessHook"}
{"timestamp":"2025-07-17T06:52:03.191663","level":"info","event":"  1400K .......... .......... .......... .......... .......... 19% 37.1M 0s","logger":"airflow.task.hooks.airflow.providers.standard.hooks.subprocess.SubprocessHook"}
{"timestamp":"2025-07-17T06:52:03.197270","level":"info","event":"  1450K .......... .......... .......... .......... .......... 19% 10.7M 0s","logger":"airflow.task.hooks.airflow.providers.standard.hooks.subprocess.SubprocessHook"}
{"timestamp":"2025-07-17T06:52:03.198225","level":"info","event":"  1500K .......... .......... .......... .......... .......... 20% 25.0M 0s","logger":"airflow.task.hooks.airflow.providers.standard.hooks.subprocess.SubprocessHook"}
{"timestamp":"2025-07-17T06:52:03.198855","level":"info","event":"  1550K .......... .......... .......... .......... .......... 21% 73.0M 0s","logger":"airflow.task.hooks.airflow.providers.standard.hooks.subprocess.SubprocessHook"}
{"timestamp":"2025-07-17T06:52:03.199182","level":"info","event":"  1600K .......... .......... .......... .......... .......... 21%  235M 0s","logger":"airflow.task.hooks.airflow.providers.standard.hooks.subprocess.SubprocessHook"}
{"timestamp":"2025-07-17T06:52:03.199750","level":"info","event":"  1650K .......... .......... .......... .......... .......... 22% 69.6M 0s","logger":"airflow.task.hooks.airflow.providers.standard.hooks.subprocess.SubprocessHook"}
{"timestamp":"2025-07-17T06:52:03.202115","level":"info","event":"  1700K .......... .......... .......... .......... .......... 22% 20.8M 0s","logger":"airflow.task.hooks.airflow.providers.standard.hooks.subprocess.SubprocessHook"}
{"timestamp":"2025-07-17T06:52:03.205128","level":"info","event":"  1750K .......... .......... .......... .......... .......... 23% 16.2M 0s","logger":"airflow.task.hooks.airflow.providers.standard.hooks.subprocess.SubprocessHook"}
{"timestamp":"2025-07-17T06:52:03.211686","level":"info","event":"  1800K .......... .......... .......... .......... .......... 24% 7.63M 0s","logger":"airflow.task.hooks.airflow.providers.standard.hooks.subprocess.SubprocessHook"}
{"timestamp":"2025-07-17T06:52:03.212154","level":"info","event":"  1850K .......... .......... .......... .......... .......... 24% 78.9M 0s","logger":"airflow.task.hooks.airflow.providers.standard.hooks.subprocess.SubprocessHook"}
{"timestamp":"2025-07-17T06:52:03.212973","level":"info","event":"  1900K .......... .......... .......... .......... .......... 25% 57.5M 0s","logger":"airflow.task.hooks.airflow.providers.standard.hooks.subprocess.SubprocessHook"}
{"timestamp":"2025-07-17T06:52:03.214780","level":"info","event":"  1950K .......... .......... .......... .......... .......... 26% 33.4M 0s","logger":"airflow.task.hooks.airflow.providers.standard.hooks.subprocess.SubprocessHook"}
{"timestamp":"2025-07-17T06:52:03.216015","level":"info","event":"  2000K .......... .......... .......... .......... .......... 26% 32.1M 0s","logger":"airflow.task.hooks.airflow.providers.standard.hooks.subprocess.SubprocessHook"}
{"timestamp":"2025-07-17T06:52:03.218215","level":"info","event":"  2050K .......... .......... .......... .......... .......... 27% 25.4M 0s","logger":"airflow.task.hooks.airflow.providers.standard.hooks.subprocess.SubprocessHook"}
{"timestamp":"2025-07-17T06:52:03.219757","level":"info","event":"  2100K .......... .......... .......... .......... .......... 28% 32.2M 0s","logger":"airflow.task.hooks.airflow.providers.standard.hooks.subprocess.SubprocessHook"}
{"timestamp":"2025-07-17T06:52:03.220298","level":"info","event":"  2150K .......... .......... .......... .......... .......... 28% 78.8M 0s","logger":"airflow.task.hooks.airflow.providers.standard.hooks.subprocess.SubprocessHook"}
{"timestamp":"2025-07-17T06:52:03.221594","level":"info","event":"  2200K .......... .......... .......... .......... .......... 29% 34.2M 0s","logger":"airflow.task.hooks.airflow.providers.standard.hooks.subprocess.SubprocessHook"}
{"timestamp":"2025-07-17T06:52:03.223671","level":"info","event":"  2250K .......... .......... .......... .......... .......... 30% 22.6M 0s","logger":"airflow.task.hooks.airflow.providers.standard.hooks.subprocess.SubprocessHook"}
{"timestamp":"2025-07-17T06:52:03.225680","level":"info","event":"  2300K .......... .......... .......... .......... .......... 30% 28.9M 0s","logger":"airflow.task.hooks.airflow.providers.standard.hooks.subprocess.SubprocessHook"}
{"timestamp":"2025-07-17T06:52:03.226378","level":"info","event":"  2350K .......... .......... .......... .......... .......... 31% 50.2M 0s","logger":"airflow.task.hooks.airflow.providers.standard.hooks.subprocess.SubprocessHook"}
{"timestamp":"2025-07-17T06:52:03.229375","level":"info","event":"  2400K .......... .......... .......... .......... .......... 32% 18.6M 0s","logger":"airflow.task.hooks.airflow.providers.standard.hooks.subprocess.SubprocessHook"}
{"timestamp":"2025-07-17T06:52:03.230885","level":"info","event":"  2450K .......... .......... .......... .......... .......... 32% 27.8M 0s","logger":"airflow.task.hooks.airflow.providers.standard.hooks.subprocess.SubprocessHook"}
{"timestamp":"2025-07-17T06:52:03.232112","level":"info","event":"  2500K .......... .......... .......... .......... .......... 33% 35.1M 0s","logger":"airflow.task.hooks.airflow.providers.standard.hooks.subprocess.SubprocessHook"}
{"timestamp":"2025-07-17T06:52:03.233697","level":"info","event":"  2550K .......... .......... .......... .......... .......... 34% 29.5M 0s","logger":"airflow.task.hooks.airflow.providers.standard.hooks.subprocess.SubprocessHook"}
{"timestamp":"2025-07-17T06:52:03.234809","level":"info","event":"  2600K .......... .......... .......... .......... .......... 34% 45.3M 0s","logger":"airflow.task.hooks.airflow.providers.standard.hooks.subprocess.SubprocessHook"}
{"timestamp":"2025-07-17T06:52:03.236956","level":"info","event":"  2650K .......... .......... .......... .......... .......... 35% 23.0M 0s","logger":"airflow.task.hooks.airflow.providers.standard.hooks.subprocess.SubprocessHook"}
{"timestamp":"2025-07-17T06:52:03.239222","level":"info","event":"  2700K .......... .......... .......... .......... .......... 36% 21.6M 0s","logger":"airflow.task.hooks.airflow.providers.standard.hooks.subprocess.SubprocessHook"}
{"timestamp":"2025-07-17T06:52:03.245781","level":"info","event":"  2750K .......... .......... .......... .......... .......... 36% 7.52M 0s","logger":"airflow.task.hooks.airflow.providers.standard.hooks.subprocess.SubprocessHook"}
{"timestamp":"2025-07-17T06:52:03.247206","level":"info","event":"  2800K .......... .......... .......... .......... .......... 37% 32.3M 0s","logger":"airflow.task.hooks.airflow.providers.standard.hooks.subprocess.SubprocessHook"}
{"timestamp":"2025-07-17T06:52:03.247787","level":"info","event":"  2850K .......... .......... .......... .......... .......... 38% 85.2M 0s","logger":"airflow.task.hooks.airflow.providers.standard.hooks.subprocess.SubprocessHook"}
{"timestamp":"2025-07-17T06:52:03.250763","level":"info","event":"  2900K .......... .......... .......... .......... .......... 38% 17.5M 0s","logger":"airflow.task.hooks.airflow.providers.standard.hooks.subprocess.SubprocessHook"}
{"timestamp":"2025-07-17T06:52:03.251116","level":"info","event":"  2950K .......... .......... .......... .......... .......... 39%  121M 0s","logger":"airflow.task.hooks.airflow.providers.standard.hooks.subprocess.SubprocessHook"}
{"timestamp":"2025-07-17T06:52:03.254166","level":"info","event":"  3000K .......... .......... .......... .......... .......... 40% 15.4M 0s","logger":"airflow.task.hooks.airflow.providers.standard.hooks.subprocess.SubprocessHook"}
{"timestamp":"2025-07-17T06:52:03.258820","level":"info","event":"  3050K .......... .......... .......... .......... .......... 40% 11.2M 0s","logger":"airflow.task.hooks.airflow.providers.standard.hooks.subprocess.SubprocessHook"}
{"timestamp":"2025-07-17T06:52:03.259474","level":"info","event":"  3100K .......... .......... .......... .......... .......... 41% 51.2M 0s","logger":"airflow.task.hooks.airflow.providers.standard.hooks.subprocess.SubprocessHook"}
{"timestamp":"2025-07-17T06:52:03.840770","level":"info","event":"  3150K .......... .......... .......... .......... .......... 42% 86.0K 1s","logger":"airflow.task.hooks.airflow.providers.standard.hooks.subprocess.SubprocessHook"}
{"timestamp":"2025-07-17T06:52:03.856391","level":"info","event":"  3200K .......... .......... .......... .......... .......... 42% 5.68M 1s","logger":"airflow.task.hooks.airflow.providers.standard.hooks.subprocess.SubprocessHook"}
{"timestamp":"2025-07-17T06:52:03.857521","level":"info","event":"  3250K .......... .......... .......... .......... .......... 43% 6.00M 1s","logger":"airflow.task.hooks.airflow.providers.standard.hooks.subprocess.SubprocessHook"}
{"timestamp":"2025-07-17T06:52:03.858997","level":"info","event":"  3300K .......... .......... .......... .......... .......... 44% 33.1M 1s","logger":"airflow.task.hooks.airflow.providers.standard.hooks.subprocess.SubprocessHook"}
{"timestamp":"2025-07-17T06:52:03.860697","level":"info","event":"  3350K .......... .......... .......... .......... .......... 44% 40.9M 1s","logger":"airflow.task.hooks.airflow.providers.standard.hooks.subprocess.SubprocessHook"}
{"timestamp":"2025-07-17T06:52:03.861370","level":"info","event":"  3400K .......... .......... .......... .......... .......... 45%  226M 1s","logger":"airflow.task.hooks.airflow.providers.standard.hooks.subprocess.SubprocessHook"}
{"timestamp":"2025-07-17T06:52:03.861480","level":"info","event":"  3450K .......... .......... .......... .......... .......... 45%  314M 1s","logger":"airflow.task.hooks.airflow.providers.standard.hooks.subprocess.SubprocessHook"}
{"timestamp":"2025-07-17T06:52:03.862554","level":"info","event":"  3500K .......... .......... .......... .......... .......... 46% 28.6M 1s","logger":"airflow.task.hooks.airflow.providers.standard.hooks.subprocess.SubprocessHook"}
{"timestamp":"2025-07-17T06:52:03.862629","level":"info","event":"  3550K .......... .......... .......... .......... .......... 47% 86.4M 1s","logger":"airflow.task.hooks.airflow.providers.standard.hooks.subprocess.SubprocessHook"}
{"timestamp":"2025-07-17T06:52:03.866685","level":"info","event":"  3600K .......... .......... .......... .......... .......... 47% 13.9M 1s","logger":"airflow.task.hooks.airflow.providers.standard.hooks.subprocess.SubprocessHook"}
{"timestamp":"2025-07-17T06:52:03.867801","level":"info","event":"  3650K .......... .......... .......... .......... .......... 48% 50.4M 1s","logger":"airflow.task.hooks.airflow.providers.standard.hooks.subprocess.SubprocessHook"}
{"timestamp":"2025-07-17T06:52:03.869852","level":"info","event":"  3700K .......... .......... .......... .......... .......... 49% 21.5M 1s","logger":"airflow.task.hooks.airflow.providers.standard.hooks.subprocess.SubprocessHook"}
{"timestamp":"2025-07-17T06:52:03.869948","level":"info","event":"  3750K .......... .......... .......... .......... .......... 49%  160M 1s","logger":"airflow.task.hooks.airflow.providers.standard.hooks.subprocess.SubprocessHook"}
{"timestamp":"2025-07-17T06:52:03.870672","level":"info","event":"  3800K .......... .......... .......... .......... .......... 50% 68.2M 1s","logger":"airflow.task.hooks.airflow.providers.standard.hooks.subprocess.SubprocessHook"}
{"timestamp":"2025-07-17T06:52:03.871671","level":"info","event":"  3850K .......... .......... .......... .......... .......... 51% 46.7M 1s","logger":"airflow.task.hooks.airflow.providers.standard.hooks.subprocess.SubprocessHook"}
{"timestamp":"2025-07-17T06:52:03.876651","level":"info","event":"  3900K .......... .......... .......... .......... .......... 51% 9.57M 1s","logger":"airflow.task.hooks.airflow.providers.standard.hooks.subprocess.SubprocessHook"}
{"timestamp":"2025-07-17T06:52:03.877121","level":"info","event":"  3950K .......... .......... .......... .......... .......... 52% 89.7M 1s","logger":"airflow.task.hooks.airflow.providers.standard.hooks.subprocess.SubprocessHook"}
{"timestamp":"2025-07-17T06:52:03.880186","level":"info","event":"  4000K .......... .......... .......... .......... .......... 53% 19.3M 1s","logger":"airflow.task.hooks.airflow.providers.standard.hooks.subprocess.SubprocessHook"}
{"timestamp":"2025-07-17T06:52:03.882169","level":"info","event":"  4050K .......... .......... .......... .......... .......... 53% 20.8M 1s","logger":"airflow.task.hooks.airflow.providers.standard.hooks.subprocess.SubprocessHook"}
{"timestamp":"2025-07-17T06:52:03.883492","level":"info","event":"  4100K .......... .......... .......... .......... .......... 54% 40.7M 1s","logger":"airflow.task.hooks.airflow.providers.standard.hooks.subprocess.SubprocessHook"}
{"timestamp":"2025-07-17T06:52:03.884744","level":"info","event":"  4150K .......... .......... .......... .......... .......... 55% 32.1M 1s","logger":"airflow.task.hooks.airflow.providers.standard.hooks.subprocess.SubprocessHook"}
{"timestamp":"2025-07-17T06:52:03.888435","level":"info","event":"  4200K .......... .......... .......... .......... .......... 55% 13.8M 1s","logger":"airflow.task.hooks.airflow.providers.standard.hooks.subprocess.SubprocessHook"}
{"timestamp":"2025-07-17T06:52:03.890071","level":"info","event":"  4250K .......... .......... .......... .......... .......... 56% 29.3M 1s","logger":"airflow.task.hooks.airflow.providers.standard.hooks.subprocess.SubprocessHook"}
{"timestamp":"2025-07-17T06:52:03.892071","level":"info","event":"  4300K .......... .......... .......... .......... .......... 57% 23.8M 1s","logger":"airflow.task.hooks.airflow.providers.standard.hooks.subprocess.SubprocessHook"}
{"timestamp":"2025-07-17T06:52:03.897334","level":"info","event":"  4350K .......... .......... .......... .......... .......... 57% 9.30M 1s","logger":"airflow.task.hooks.airflow.providers.standard.hooks.subprocess.SubprocessHook"}
{"timestamp":"2025-07-17T06:52:03.897888","level":"info","event":"  4400K .......... .......... .......... .......... .......... 58%  154M 1s","logger":"airflow.task.hooks.airflow.providers.standard.hooks.subprocess.SubprocessHook"}
{"timestamp":"2025-07-17T06:52:03.898378","level":"info","event":"  4450K .......... .......... .......... .......... .......... 59% 63.9M 1s","logger":"airflow.task.hooks.airflow.providers.standard.hooks.subprocess.SubprocessHook"}
{"timestamp":"2025-07-17T06:52:03.898990","level":"info","event":"  4500K .......... .......... .......... .......... .......... 59% 72.5M 1s","logger":"airflow.task.hooks.airflow.providers.standard.hooks.subprocess.SubprocessHook"}
{"timestamp":"2025-07-17T06:52:03.899929","level":"info","event":"  4550K .......... .......... .......... .......... .......... 60% 51.5M 1s","logger":"airflow.task.hooks.airflow.providers.standard.hooks.subprocess.SubprocessHook"}
{"timestamp":"2025-07-17T06:52:03.900756","level":"info","event":"  4600K .......... .......... .......... .......... .......... 61% 63.2M 0s","logger":"airflow.task.hooks.airflow.providers.standard.hooks.subprocess.SubprocessHook"}
{"timestamp":"2025-07-17T06:52:03.901706","level":"info","event":"  4650K .......... .......... .......... .......... .......... 61% 57.3M 0s","logger":"airflow.task.hooks.airflow.providers.standard.hooks.subprocess.SubprocessHook"}
{"timestamp":"2025-07-17T06:52:03.902255","level":"info","event":"  4700K .......... .......... .......... .......... .......... 62% 69.4M 0s","logger":"airflow.task.hooks.airflow.providers.standard.hooks.subprocess.SubprocessHook"}
{"timestamp":"2025-07-17T06:52:03.912559","level":"info","event":"  4750K .......... .......... .......... .......... .......... 63% 4.93M 0s","logger":"airflow.task.hooks.airflow.providers.standard.hooks.subprocess.SubprocessHook"}
{"timestamp":"2025-07-17T06:52:03.914139","level":"info","event":"  4800K .......... .......... .......... .......... .......... 63% 31.1M 0s","logger":"airflow.task.hooks.airflow.providers.standard.hooks.subprocess.SubprocessHook"}
{"timestamp":"2025-07-17T06:52:03.915564","level":"info","event":"  4850K .......... .......... .......... .......... .......... 64% 39.5M 0s","logger":"airflow.task.hooks.airflow.providers.standard.hooks.subprocess.SubprocessHook"}
{"timestamp":"2025-07-17T06:52:03.925305","level":"info","event":"  4900K .......... .......... .......... .......... .......... 65% 5.19M 0s","logger":"airflow.task.hooks.airflow.providers.standard.hooks.subprocess.SubprocessHook"}
{"timestamp":"2025-07-17T06:52:03.925445","level":"info","event":"  4950K .......... .......... .......... .......... .......... 65% 63.9M 0s","logger":"airflow.task.hooks.airflow.providers.standard.hooks.subprocess.SubprocessHook"}
{"timestamp":"2025-07-17T06:52:03.927960","level":"info","event":"  5000K .......... .......... .......... .......... .......... 66% 18.6M 0s","logger":"airflow.task.hooks.airflow.providers.standard.hooks.subprocess.SubprocessHook"}
{"timestamp":"2025-07-17T06:52:03.933147","level":"info","event":"  5050K .......... .......... .......... .......... .......... 67% 9.43M 0s","logger":"airflow.task.hooks.airflow.providers.standard.hooks.subprocess.SubprocessHook"}
{"timestamp":"2025-07-17T06:52:03.936778","level":"info","event":"  5100K .......... .......... .......... .......... .......... 67% 13.8M 0s","logger":"airflow.task.hooks.airflow.providers.standard.hooks.subprocess.SubprocessHook"}
{"timestamp":"2025-07-17T06:52:03.938336","level":"info","event":"  5150K .......... .......... .......... .......... .......... 68% 31.9M 0s","logger":"airflow.task.hooks.airflow.providers.standard.hooks.subprocess.SubprocessHook"}
{"timestamp":"2025-07-17T06:52:03.938594","level":"info","event":"  5200K .......... .......... .......... .......... .......... 68%  214M 0s","logger":"airflow.task.hooks.airflow.providers.standard.hooks.subprocess.SubprocessHook"}
{"timestamp":"2025-07-17T06:52:03.938742","level":"info","event":"  5250K .......... .......... .......... .......... .......... 69%  133M 0s","logger":"airflow.task.hooks.airflow.providers.standard.hooks.subprocess.SubprocessHook"}
{"timestamp":"2025-07-17T06:52:03.939280","level":"info","event":"  5300K .......... .......... .......... .......... .......... 70%  101M 0s","logger":"airflow.task.hooks.airflow.providers.standard.hooks.subprocess.SubprocessHook"}
{"timestamp":"2025-07-17T06:52:03.940718","level":"info","event":"  5350K .......... .......... .......... .......... .......... 70% 32.4M 0s","logger":"airflow.task.hooks.airflow.providers.standard.hooks.subprocess.SubprocessHook"}
{"timestamp":"2025-07-17T06:52:03.941643","level":"info","event":"  5400K .......... .......... .......... .......... .......... 71% 57.2M 0s","logger":"airflow.task.hooks.airflow.providers.standard.hooks.subprocess.SubprocessHook"}
{"timestamp":"2025-07-17T06:52:03.943125","level":"info","event":"  5450K .......... .......... .......... .......... .......... 72% 29.6M 0s","logger":"airflow.task.hooks.airflow.providers.standard.hooks.subprocess.SubprocessHook"}
{"timestamp":"2025-07-17T06:52:03.944200","level":"info","event":"  5500K .......... .......... .......... .......... .......... 72% 44.8M 0s","logger":"airflow.task.hooks.airflow.providers.standard.hooks.subprocess.SubprocessHook"}
{"timestamp":"2025-07-17T06:52:03.946132","level":"info","event":"  5550K .......... .......... .......... .......... .......... 73% 26.1M 0s","logger":"airflow.task.hooks.airflow.providers.standard.hooks.subprocess.SubprocessHook"}
{"timestamp":"2025-07-17T06:52:03.947000","level":"info","event":"  5600K .......... .......... .......... .......... .......... 74% 56.6M 0s","logger":"airflow.task.hooks.airflow.providers.standard.hooks.subprocess.SubprocessHook"}
{"timestamp":"2025-07-17T06:52:03.949121","level":"info","event":"  5650K .......... .......... .......... .......... .......... 74% 25.5M 0s","logger":"airflow.task.hooks.airflow.providers.standard.hooks.subprocess.SubprocessHook"}
{"timestamp":"2025-07-17T06:52:03.951299","level":"info","event":"  5700K .......... .......... .......... .......... .......... 75% 20.0M 0s","logger":"airflow.task.hooks.airflow.providers.standard.hooks.subprocess.SubprocessHook"}
{"timestamp":"2025-07-17T06:52:03.952518","level":"info","event":"  5750K .......... .......... .......... .......... .......... 76% 41.7M 0s","logger":"airflow.task.hooks.airflow.providers.standard.hooks.subprocess.SubprocessHook"}
{"timestamp":"2025-07-17T06:52:03.962930","level":"info","event":"  5800K .......... .......... .......... .......... .......... 76% 4.69M 0s","logger":"airflow.task.hooks.airflow.providers.standard.hooks.subprocess.SubprocessHook"}
{"timestamp":"2025-07-17T06:52:03.964678","level":"info","event":"  5850K .......... .......... .......... .......... .......... 77% 30.2M 0s","logger":"airflow.task.hooks.airflow.providers.standard.hooks.subprocess.SubprocessHook"}
{"timestamp":"2025-07-17T06:52:03.966343","level":"info","event":"  5900K .......... .......... .......... .......... .......... 78% 29.7M 0s","logger":"airflow.task.hooks.airflow.providers.standard.hooks.subprocess.SubprocessHook"}
{"timestamp":"2025-07-17T06:52:03.969305","level":"info","event":"  5950K .......... .......... .......... .......... .......... 78% 16.8M 0s","logger":"airflow.task.hooks.airflow.providers.standard.hooks.subprocess.SubprocessHook"}
{"timestamp":"2025-07-17T06:52:03.969877","level":"info","event":"  6000K .......... .......... .......... .......... .......... 79% 58.1M 0s","logger":"airflow.task.hooks.airflow.providers.standard.hooks.subprocess.SubprocessHook"}
{"timestamp":"2025-07-17T06:52:03.970915","level":"info","event":"  6050K .......... .......... .......... .......... .......... 80% 61.1M 0s","logger":"airflow.task.hooks.airflow.providers.standard.hooks.subprocess.SubprocessHook"}
{"timestamp":"2025-07-17T06:52:03.971871","level":"info","event":"  6100K .......... .......... .......... .......... .......... 80% 43.1M 0s","logger":"airflow.task.hooks.airflow.providers.standard.hooks.subprocess.SubprocessHook"}
{"timestamp":"2025-07-17T06:52:03.972446","level":"info","event":"  6150K .......... .......... .......... .......... .......... 81% 87.4M 0s","logger":"airflow.task.hooks.airflow.providers.standard.hooks.subprocess.SubprocessHook"}
{"timestamp":"2025-07-17T06:52:03.973888","level":"info","event":"  6200K .......... .......... .......... .......... .......... 82% 41.9M 0s","logger":"airflow.task.hooks.airflow.providers.standard.hooks.subprocess.SubprocessHook"}
{"timestamp":"2025-07-17T06:52:03.974008","level":"info","event":"  6250K .......... .......... .......... .......... .......... 82% 92.4M 0s","logger":"airflow.task.hooks.airflow.providers.standard.hooks.subprocess.SubprocessHook"}
{"timestamp":"2025-07-17T06:52:03.975516","level":"info","event":"  6300K .......... .......... .......... .......... .......... 83% 36.0M 0s","logger":"airflow.task.hooks.airflow.providers.standard.hooks.subprocess.SubprocessHook"}
{"timestamp":"2025-07-17T06:52:04.078922","level":"info","event":"  6350K .......... .......... .......... .......... .......... 84%  486K 0s","logger":"airflow.task.hooks.airflow.providers.standard.hooks.subprocess.SubprocessHook"}
{"timestamp":"2025-07-17T06:52:04.080503","level":"info","event":"  6400K .......... .......... .......... .......... .......... 84% 24.5M 0s","logger":"airflow.task.hooks.airflow.providers.standard.hooks.subprocess.SubprocessHook"}
{"timestamp":"2025-07-17T06:52:04.080850","level":"info","event":"  6450K .......... .......... .......... .......... .......... 85% 96.6M 0s","logger":"airflow.task.hooks.airflow.providers.standard.hooks.subprocess.SubprocessHook"}
{"timestamp":"2025-07-17T06:52:04.081306","level":"info","event":"  6500K .......... .......... .......... .......... .......... 86%  102M 0s","logger":"airflow.task.hooks.airflow.providers.standard.hooks.subprocess.SubprocessHook"}
{"timestamp":"2025-07-17T06:52:04.082063","level":"info","event":"  6550K .......... .......... .......... .......... .......... 86% 65.1M 0s","logger":"airflow.task.hooks.airflow.providers.standard.hooks.subprocess.SubprocessHook"}
{"timestamp":"2025-07-17T06:52:04.082717","level":"info","event":"  6600K .......... .......... .......... .......... .......... 87% 73.6M 0s","logger":"airflow.task.hooks.airflow.providers.standard.hooks.subprocess.SubprocessHook"}
{"timestamp":"2025-07-17T06:52:04.084262","level":"info","event":"  6650K .......... .......... .......... .......... .......... 88% 35.5M 0s","logger":"airflow.task.hooks.airflow.providers.standard.hooks.subprocess.SubprocessHook"}
{"timestamp":"2025-07-17T06:52:04.084704","level":"info","event":"  6700K .......... .......... .......... .......... .......... 88% 79.1M 0s","logger":"airflow.task.hooks.airflow.providers.standard.hooks.subprocess.SubprocessHook"}
{"timestamp":"2025-07-17T06:52:04.086067","level":"info","event":"  6750K .......... .......... .......... .......... .......... 89% 35.8M 0s","logger":"airflow.task.hooks.airflow.providers.standard.hooks.subprocess.SubprocessHook"}
{"timestamp":"2025-07-17T06:52:04.088601","level":"info","event":"  6800K .......... .......... .......... .......... .......... 90% 19.9M 0s","logger":"airflow.task.hooks.airflow.providers.standard.hooks.subprocess.SubprocessHook"}
{"timestamp":"2025-07-17T06:52:04.089837","level":"info","event":"  6850K .......... .......... .......... .......... .......... 90% 38.8M 0s","logger":"airflow.task.hooks.airflow.providers.standard.hooks.subprocess.SubprocessHook"}
{"timestamp":"2025-07-17T06:52:04.092378","level":"info","event":"  6900K .......... .......... .......... .......... .......... 91% 19.8M 0s","logger":"airflow.task.hooks.airflow.providers.standard.hooks.subprocess.SubprocessHook"}
{"timestamp":"2025-07-17T06:52:04.092952","level":"info","event":"  6950K .......... .......... .......... .......... .......... 91% 82.8M 0s","logger":"airflow.task.hooks.airflow.providers.standard.hooks.subprocess.SubprocessHook"}
{"timestamp":"2025-07-17T06:52:04.093555","level":"info","event":"  7000K .......... .......... .......... .......... .......... 92% 80.5M 0s","logger":"airflow.task.hooks.airflow.providers.standard.hooks.subprocess.SubprocessHook"}
{"timestamp":"2025-07-17T06:52:04.094341","level":"info","event":"  7050K .......... .......... .......... .......... .......... 93% 62.3M 0s","logger":"airflow.task.hooks.airflow.providers.standard.hooks.subprocess.SubprocessHook"}
{"timestamp":"2025-07-17T06:52:04.095391","level":"info","event":"  7100K .......... .......... .......... .......... .......... 93% 41.8M 0s","logger":"airflow.task.hooks.airflow.providers.standard.hooks.subprocess.SubprocessHook"}
{"timestamp":"2025-07-17T06:52:04.096690","level":"info","event":"  7150K .......... .......... .......... .......... .......... 94% 38.9M 0s","logger":"airflow.task.hooks.airflow.providers.standard.hooks.subprocess.SubprocessHook"}
{"timestamp":"2025-07-17T06:52:04.098060","level":"info","event":"  7200K .......... .......... .......... .......... .......... 95% 36.3M 0s","logger":"airflow.task.hooks.airflow.providers.standard.hooks.subprocess.SubprocessHook"}
{"timestamp":"2025-07-17T06:52:04.100610","level":"info","event":"  7250K .......... .......... .......... .......... .......... 95% 19.7M 0s","logger":"airflow.task.hooks.airflow.providers.standard.hooks.subprocess.SubprocessHook"}
{"timestamp":"2025-07-17T06:52:04.102081","level":"info","event":"  7300K .......... .......... .......... .......... .......... 96% 33.4M 0s","logger":"airflow.task.hooks.airflow.providers.standard.hooks.subprocess.SubprocessHook"}
{"timestamp":"2025-07-17T06:52:04.103327","level":"info","event":"  7350K .......... .......... .......... .......... .......... 97% 39.6M 0s","logger":"airflow.task.hooks.airflow.providers.standard.hooks.subprocess.SubprocessHook"}
{"timestamp":"2025-07-17T06:52:04.106166","level":"info","event":"  7400K .......... .......... .......... .......... .......... 97% 18.1M 0s","logger":"airflow.task.hooks.airflow.providers.standard.hooks.subprocess.SubprocessHook"}
{"timestamp":"2025-07-17T06:52:04.106721","level":"info","event":"  7450K .......... .......... .......... .......... .......... 98% 74.6M 0s","logger":"airflow.task.hooks.airflow.providers.standard.hooks.subprocess.SubprocessHook"}
{"timestamp":"2025-07-17T06:52:04.107035","level":"info","event":"  7500K .......... .......... .......... .......... .......... 99%  111M 0s","logger":"airflow.task.hooks.airflow.providers.standard.hooks.subprocess.SubprocessHook"}
{"timestamp":"2025-07-17T06:52:04.108658","level":"info","event":"  7550K .......... .......... .......... .......... .......... 99% 29.4M 0s","logger":"airflow.task.hooks.airflow.providers.standard.hooks.subprocess.SubprocessHook"}
{"timestamp":"2025-07-17T06:52:04.108757","level":"info","event":"  7600K .........                                             100%  516M=1.0s","logger":"airflow.task.hooks.airflow.providers.standard.hooks.subprocess.SubprocessHook"}
{"timestamp":"2025-07-17T06:52:04.108811","level":"info","event":"","logger":"airflow.task.hooks.airflow.providers.standard.hooks.subprocess.SubprocessHook"}
{"timestamp":"2025-07-17T06:52:04.109184","level":"info","event":"2025-07-17 06:52:04 (7.62 MB/s) - ‘/opt/airflow/green_tripdata_2019-12.csv.gz’ saved [7792073/7792073]","logger":"airflow.task.hooks.airflow.providers.standard.hooks.subprocess.SubprocessHook"}
{"timestamp":"2025-07-17T06:52:04.109294","level":"info","event":"","logger":"airflow.task.hooks.airflow.providers.standard.hooks.subprocess.SubprocessHook"}
{"timestamp":"2025-07-17T06:52:04.621353","level":"info","event":"Command exited with return code 0","logger":"airflow.task.hooks.airflow.providers.standard.hooks.subprocess.SubprocessHook"}
{"timestamp":"2025-07-17T06:52:04.629639","level":"info","event":"Pushing xcom","ti":"RuntimeTaskInstance(id=UUID('01981727-7fee-7fbb-a8d6-a1fc0f2398da'), task_id='wget_trips_csvgz', dag_id='local_ingestion_pg_green', run_id='scheduled__2019-12-02T06:00:00+00:00', try_number=1, map_index=-1, hostname='3f7f1d329e72', context_carrier={}, task=<Task(BashOperator): wget_trips_csvgz>, bundle_instance=LocalDagBundle(name=dags-folder), max_tries=0, start_date=datetime.datetime(2025, 7, 17, 6, 52, 1, 626886, tzinfo=TzInfo(UTC)), end_date=None, state=<TaskInstanceState.RUNNING: 'running'>, is_mapped=False, rendered_map_index=None)","logger":"task"}
