{"timestamp":"2025-07-13T18:40:13.764232","level":"info","event":"DAG bundles loaded: dags-folder","logger":"airflow.dag_processing.bundles.manager.DagBundlesManager"}
{"timestamp":"2025-07-13T18:40:13.766229","level":"info","event":"Filling up the DagBag from /opt/airflow/dags/data_ingestion_gcs_dag.py","logger":"airflow.models.dagbag.DagBag"}
{"timestamp":"2025-07-13T18:40:15.900732","level":"info","event":"Tmp dir root location: /tmp","logger":"airflow.task.hooks.airflow.providers.standard.hooks.subprocess.SubprocessHook"}
{"timestamp":"2025-07-13T18:40:15.905651","level":"info","event":"Running command: ['/usr/bin/bash', '-c', 'echo https://github.com/DataTalksClub/nyc-tlc-data/releases/download/green/green_tripdata_2020-01.csv.gz && wget --no-verbose https://github.com/DataTalksClub/nyc-tlc-data/releases/download/green/green_tripdata_2020-01.csv.gz -O /opt/airflow/green_tripdata_2020-01.csv.gz && gunzip -f /opt/airflow/green_tripdata_2020-01.csv.gz']","logger":"airflow.task.hooks.airflow.providers.standard.hooks.subprocess.SubprocessHook"}
{"timestamp":"2025-07-13T18:40:15.936636","level":"info","event":"Output:","logger":"airflow.task.hooks.airflow.providers.standard.hooks.subprocess.SubprocessHook"}
{"timestamp":"2025-07-13T18:40:15.940770","level":"info","event":"https://github.com/DataTalksClub/nyc-tlc-data/releases/download/green/green_tripdata_2020-01.csv.gz","logger":"airflow.task.hooks.airflow.providers.standard.hooks.subprocess.SubprocessHook"}
{"timestamp":"2025-07-13T18:40:17.741917","level":"info","event":"2025-07-13 18:40:17 URL:https://objects.githubusercontent.com/github-production-release-asset-2e65be/513814948/6e8a7b28-b1ea-455e-9803-cd8943d96c26?X-Amz-Algorithm=AWS4-HMAC-SHA256&X-Amz-Credential=releaseassetproduction%2F20250713%2Fus-east-1%2Fs3%2Faws4_request&X-Amz-Date=20250713T184016Z&X-Amz-Expires=1800&X-Amz-Signature=267efae2355248af34696e96759d21c10350455b3b7e615f3d87889103602e61&X-Amz-SignedHeaders=host&response-content-disposition=attachment%3B%20filename%3Dgreen_tripdata_2020-01.csv.gz&response-content-type=application%2Foctet-stream [7541109/7541109] -> \"/opt/airflow/green_tripdata_2020-01.csv.gz\" [1]","logger":"airflow.task.hooks.airflow.providers.standard.hooks.subprocess.SubprocessHook"}
{"timestamp":"2025-07-13T18:40:18.083037","level":"info","event":"Command exited with return code 0","logger":"airflow.task.hooks.airflow.providers.standard.hooks.subprocess.SubprocessHook"}
{"timestamp":"2025-07-13T18:40:18.087854","level":"info","event":"Pushing xcom","ti":"RuntimeTaskInstance(id=UUID('01980516-6cda-716b-b0d6-73f5ac57f347'), task_id='download_dataset_task', dag_id='upload_gcs_greentrips', run_id='scheduled__2020-01-02T06:00:00+00:00', try_number=1, map_index=-1, hostname='fb7e26a7e74c', context_carrier={}, task=<Task(BashOperator): download_dataset_task>, bundle_instance=LocalDagBundle(name=dags-folder), max_tries=0, start_date=datetime.datetime(2025, 7, 13, 18, 40, 12, 948813, tzinfo=TzInfo(UTC)), end_date=None, state=<TaskInstanceState.RUNNING: 'running'>, is_mapped=False, rendered_map_index=None)","logger":"task"}
{"timestamp":"2025-07-17T08:54:54.323732","level":"info","event":"DAG bundles loaded: dags-folder","logger":"airflow.dag_processing.bundles.manager.DagBundlesManager"}
{"timestamp":"2025-07-17T08:54:54.326053","level":"info","event":"Filling up the DagBag from /opt/airflow/dags/data_ingestion_gcs_dag.py","logger":"airflow.models.dagbag.DagBag"}
{"timestamp":"2025-07-17T08:54:57.556649","level":"info","event":"Tmp dir root location: /tmp","logger":"airflow.task.hooks.airflow.providers.standard.hooks.subprocess.SubprocessHook"}
{"timestamp":"2025-07-17T08:54:57.568605","level":"info","event":"Running command: ['/usr/bin/bash', '-c', \"echo https://github.com/DataTalksClub/nyc-tlc-data/releases/download/green/green_tripdata_2020-01.csv.gz && wget --no-verbose https://github.com/DataTalksClub/nyc-tlc-data/releases/download/green/green_tripdata_2020-01.csv.gz -O /opt/airflow/green_tripdata_2020-01.csv.gz && gunzip -f /opt/airflow/green_tripdata_2020-01.csv.gz || echo 'invalid link or file not in gz format' && wget https://github.com/DataTalksClub/nyc-tlc-data/releases/download/green/green_tripdata_2020-01.csv.gz -O /opt/airflow/green_tripdata_2020-01.csv\"]","logger":"airflow.task.hooks.airflow.providers.standard.hooks.subprocess.SubprocessHook"}
{"timestamp":"2025-07-17T08:54:57.659621","level":"info","event":"Output:","logger":"airflow.task.hooks.airflow.providers.standard.hooks.subprocess.SubprocessHook"}
{"timestamp":"2025-07-17T08:54:57.660741","level":"info","event":"https://github.com/DataTalksClub/nyc-tlc-data/releases/download/green/green_tripdata_2020-01.csv.gz","logger":"airflow.task.hooks.airflow.providers.standard.hooks.subprocess.SubprocessHook"}
{"timestamp":"2025-07-17T08:54:59.257390","level":"info","event":"2025-07-17 08:54:59 URL:https://release-assets.githubusercontent.com/github-production-release-asset/513814948/6e8a7b28-b1ea-455e-9803-cd8943d96c26?sp=r&sv=2018-11-09&sr=b&spr=https&se=2025-07-17T09%3A51%3A06Z&rscd=attachment%3B+filename%3Dgreen_tripdata_2020-01.csv.gz&rsct=application%2Foctet-stream&skoid=96c2d410-5711-43a1-aedd-ab1947aa7ab0&sktid=398a6654-997b-47e9-b12b-9515b896b4de&skt=2025-07-17T08%3A50%3A48Z&ske=2025-07-17T09%3A51%3A06Z&sks=b&skv=2018-11-09&sig=LVLtaBKFWPtokgs6zUh8lPmP%2BwcqpUo3inydU8QwodQ%3D&jwt=eyJ******&response-content-disposition=attachment%3B%20filename%3Dgreen_tripdata_2020-01.csv.gz&response-content-type=application%2Foctet-stream [7541109/7541109] -> \"/opt/airflow/green_tripdata_2020-01.csv.gz\" [1]","logger":"airflow.task.hooks.airflow.providers.standard.hooks.subprocess.SubprocessHook"}
{"timestamp":"2025-07-17T08:54:59.548075","level":"info","event":"--2025-07-17 08:54:59--  https://github.com/DataTalksClub/nyc-tlc-data/releases/download/green/green_tripdata_2020-01.csv.gz","logger":"airflow.task.hooks.airflow.providers.standard.hooks.subprocess.SubprocessHook"}
{"timestamp":"2025-07-17T08:54:59.574066","level":"info","event":"Resolving github.com (github.com)... 20.205.243.166","logger":"airflow.task.hooks.airflow.providers.standard.hooks.subprocess.SubprocessHook"}
{"timestamp":"2025-07-17T08:54:59.590617","level":"info","event":"Connecting to github.com (github.com)|20.205.243.166|:443... connected.","logger":"airflow.task.hooks.airflow.providers.standard.hooks.subprocess.SubprocessHook"}
{"timestamp":"2025-07-17T08:54:59.622802","level":"info","event":"HTTP request sent, awaiting response... 302 Found","logger":"airflow.task.hooks.airflow.providers.standard.hooks.subprocess.SubprocessHook"}
{"timestamp":"2025-07-17T08:54:59.622971","level":"info","event":"Location: https://release-assets.githubusercontent.com/github-production-release-asset/513814948/6e8a7b28-b1ea-455e-9803-cd8943d96c26?sp=r&sv=2018-11-09&sr=b&spr=https&se=2025-07-17T09%3A51%3A06Z&rscd=attachment%3B+filename%3Dgreen_tripdata_2020-01.csv.gz&rsct=application%2Foctet-stream&skoid=96c2d410-5711-43a1-aedd-ab1947aa7ab0&sktid=398a6654-997b-47e9-b12b-9515b896b4de&skt=2025-07-17T08%3A50%3A48Z&ske=2025-07-17T09%3A51%3A06Z&sks=b&skv=2018-11-09&sig=LVLtaBKFWPtokgs6zUh8lPmP%2BwcqpUo3inydU8QwodQ%3D&jwt=eyJ******&response-content-disposition=attachment%3B%20filename%3Dgreen_tripdata_2020-01.csv.gz&response-content-type=application%2Foctet-stream [following]","logger":"airflow.task.hooks.airflow.providers.standard.hooks.subprocess.SubprocessHook"}
{"timestamp":"2025-07-17T08:54:59.623120","level":"info","event":"--2025-07-17 08:54:59--  https://release-assets.githubusercontent.com/github-production-release-asset/513814948/6e8a7b28-b1ea-455e-9803-cd8943d96c26?sp=r&sv=2018-11-09&sr=b&spr=https&se=2025-07-17T09%3A51%3A06Z&rscd=attachment%3B+filename%3Dgreen_tripdata_2020-01.csv.gz&rsct=application%2Foctet-stream&skoid=96c2d410-5711-43a1-aedd-ab1947aa7ab0&sktid=398a6654-997b-47e9-b12b-9515b896b4de&skt=2025-07-17T08%3A50%3A48Z&ske=2025-07-17T09%3A51%3A06Z&sks=b&skv=2018-11-09&sig=LVLtaBKFWPtokgs6zUh8lPmP%2BwcqpUo3inydU8QwodQ%3D&jwt=eyJ******&response-content-disposition=attachment%3B%20filename%3Dgreen_tripdata_2020-01.csv.gz&response-content-type=application%2Foctet-stream","logger":"airflow.task.hooks.airflow.providers.standard.hooks.subprocess.SubprocessHook"}
{"timestamp":"2025-07-17T08:54:59.628796","level":"info","event":"Resolving release-assets.githubusercontent.com (release-assets.githubusercontent.com)... 185.199.109.133, 185.199.110.133, 185.199.111.133, ...","logger":"airflow.task.hooks.airflow.providers.standard.hooks.subprocess.SubprocessHook"}
{"timestamp":"2025-07-17T08:54:59.636278","level":"info","event":"Connecting to release-assets.githubusercontent.com (release-assets.githubusercontent.com)|185.199.109.133|:443... connected.","logger":"airflow.task.hooks.airflow.providers.standard.hooks.subprocess.SubprocessHook"}
{"timestamp":"2025-07-17T08:54:59.656987","level":"info","event":"HTTP request sent, awaiting response... 200 OK","logger":"airflow.task.hooks.airflow.providers.standard.hooks.subprocess.SubprocessHook"}
{"timestamp":"2025-07-17T08:54:59.657173","level":"info","event":"Length: 7541109 (7.2M) [application/octet-stream]","logger":"airflow.task.hooks.airflow.providers.standard.hooks.subprocess.SubprocessHook"}
{"timestamp":"2025-07-17T08:54:59.657249","level":"info","event":"Saving to: ‘/opt/airflow/green_tripdata_2020-01.csv’","logger":"airflow.task.hooks.airflow.providers.standard.hooks.subprocess.SubprocessHook"}
{"timestamp":"2025-07-17T08:54:59.659335","level":"info","event":"","logger":"airflow.task.hooks.airflow.providers.standard.hooks.subprocess.SubprocessHook"}
{"timestamp":"2025-07-17T08:54:59.667201","level":"info","event":"     0K .......... .......... .......... .......... ..........  0% 4.81M 1s","logger":"airflow.task.hooks.airflow.providers.standard.hooks.subprocess.SubprocessHook"}
{"timestamp":"2025-07-17T08:54:59.669907","level":"info","event":"    50K .......... .......... .......... .......... ..........  1% 17.0M 1s","logger":"airflow.task.hooks.airflow.providers.standard.hooks.subprocess.SubprocessHook"}
{"timestamp":"2025-07-17T08:54:59.675511","level":"info","event":"   100K .......... .......... .......... .......... ..........  2% 8.79M 1s","logger":"airflow.task.hooks.airflow.providers.standard.hooks.subprocess.SubprocessHook"}
{"timestamp":"2025-07-17T08:54:59.676563","level":"info","event":"   150K .......... .......... .......... .......... ..........  2% 44.9M 1s","logger":"airflow.task.hooks.airflow.providers.standard.hooks.subprocess.SubprocessHook"}
{"timestamp":"2025-07-17T08:54:59.678768","level":"info","event":"   200K .......... .......... .......... .......... ..........  3% 21.8M 1s","logger":"airflow.task.hooks.airflow.providers.standard.hooks.subprocess.SubprocessHook"}
{"timestamp":"2025-07-17T08:54:59.683072","level":"info","event":"   250K .......... .......... .......... .......... ..........  4% 11.4M 1s","logger":"airflow.task.hooks.airflow.providers.standard.hooks.subprocess.SubprocessHook"}
{"timestamp":"2025-07-17T08:54:59.687446","level":"info","event":"   300K .......... .......... .......... .......... ..........  4% 13.4M 1s","logger":"airflow.task.hooks.airflow.providers.standard.hooks.subprocess.SubprocessHook"}
{"timestamp":"2025-07-17T08:54:59.688810","level":"info","event":"   350K .......... .......... .......... .......... ..........  5% 23.1M 1s","logger":"airflow.task.hooks.airflow.providers.standard.hooks.subprocess.SubprocessHook"}
{"timestamp":"2025-07-17T08:54:59.689788","level":"info","event":"   400K .......... .......... .......... .......... ..........  6% 51.8M 1s","logger":"airflow.task.hooks.airflow.providers.standard.hooks.subprocess.SubprocessHook"}
{"timestamp":"2025-07-17T08:54:59.691279","level":"info","event":"   450K .......... .......... .......... .......... ..........  6% 31.9M 0s","logger":"airflow.task.hooks.airflow.providers.standard.hooks.subprocess.SubprocessHook"}
{"timestamp":"2025-07-17T08:54:59.692974","level":"info","event":"   500K .......... .......... .......... .......... ..........  7% 30.5M 0s","logger":"airflow.task.hooks.airflow.providers.standard.hooks.subprocess.SubprocessHook"}
{"timestamp":"2025-07-17T08:54:59.696355","level":"info","event":"   550K .......... .......... .......... .......... ..........  8% 14.4M 0s","logger":"airflow.task.hooks.airflow.providers.standard.hooks.subprocess.SubprocessHook"}
{"timestamp":"2025-07-17T08:54:59.696983","level":"info","event":"   600K .......... .......... .......... .......... ..........  8% 70.7M 0s","logger":"airflow.task.hooks.airflow.providers.standard.hooks.subprocess.SubprocessHook"}
{"timestamp":"2025-07-17T08:54:59.698600","level":"info","event":"   650K .......... .......... .......... .......... ..........  9% 30.2M 0s","logger":"airflow.task.hooks.airflow.providers.standard.hooks.subprocess.SubprocessHook"}
{"timestamp":"2025-07-17T08:54:59.702532","level":"info","event":"   700K .......... .......... .......... .......... .......... 10% 12.4M 0s","logger":"airflow.task.hooks.airflow.providers.standard.hooks.subprocess.SubprocessHook"}
{"timestamp":"2025-07-17T08:54:59.703981","level":"info","event":"   750K .......... .......... .......... .......... .......... 10% 34.2M 0s","logger":"airflow.task.hooks.airflow.providers.standard.hooks.subprocess.SubprocessHook"}
{"timestamp":"2025-07-17T08:54:59.704955","level":"info","event":"   800K .......... .......... .......... .......... .......... 11% 49.0M 0s","logger":"airflow.task.hooks.airflow.providers.standard.hooks.subprocess.SubprocessHook"}
{"timestamp":"2025-07-17T08:54:59.706401","level":"info","event":"   850K .......... .......... .......... .......... .......... 12% 33.5M 0s","logger":"airflow.task.hooks.airflow.providers.standard.hooks.subprocess.SubprocessHook"}
{"timestamp":"2025-07-17T08:54:59.706954","level":"info","event":"   900K .......... .......... .......... .......... .......... 12% 87.4M 0s","logger":"airflow.task.hooks.airflow.providers.standard.hooks.subprocess.SubprocessHook"}
{"timestamp":"2025-07-17T08:54:59.709458","level":"info","event":"   950K .......... .......... .......... .......... .......... 13% 19.7M 0s","logger":"airflow.task.hooks.airflow.providers.standard.hooks.subprocess.SubprocessHook"}
{"timestamp":"2025-07-17T08:54:59.710289","level":"info","event":"  1000K .......... .......... .......... .......... .......... 14% 55.4M 0s","logger":"airflow.task.hooks.airflow.providers.standard.hooks.subprocess.SubprocessHook"}
{"timestamp":"2025-07-17T08:54:59.711465","level":"info","event":"  1050K .......... .......... .......... .......... .......... 14% 42.7M 0s","logger":"airflow.task.hooks.airflow.providers.standard.hooks.subprocess.SubprocessHook"}
{"timestamp":"2025-07-17T08:54:59.715217","level":"info","event":"  1100K .......... .......... .......... .......... .......... 15% 15.1M 0s","logger":"airflow.task.hooks.airflow.providers.standard.hooks.subprocess.SubprocessHook"}
{"timestamp":"2025-07-17T08:54:59.716044","level":"info","event":"  1150K .......... .......... .......... .......... .......... 16% 37.7M 0s","logger":"airflow.task.hooks.airflow.providers.standard.hooks.subprocess.SubprocessHook"}
{"timestamp":"2025-07-17T08:54:59.717427","level":"info","event":"  1200K .......... .......... .......... .......... .......... 16% 33.9M 0s","logger":"airflow.task.hooks.airflow.providers.standard.hooks.subprocess.SubprocessHook"}
{"timestamp":"2025-07-17T08:54:59.718337","level":"info","event":"  1250K .......... .......... .......... .......... .......... 17% 53.6M 0s","logger":"airflow.task.hooks.airflow.providers.standard.hooks.subprocess.SubprocessHook"}
{"timestamp":"2025-07-17T08:54:59.724432","level":"info","event":"  1300K .......... .......... .......... .......... .......... 18% 10.0M 0s","logger":"airflow.task.hooks.airflow.providers.standard.hooks.subprocess.SubprocessHook"}
{"timestamp":"2025-07-17T08:54:59.725780","level":"info","event":"  1350K .......... .......... .......... .......... .......... 19% 21.4M 0s","logger":"airflow.task.hooks.airflow.providers.standard.hooks.subprocess.SubprocessHook"}
{"timestamp":"2025-07-17T08:54:59.731479","level":"info","event":"  1400K .......... .......... .......... .......... .......... 19% 8.25M 0s","logger":"airflow.task.hooks.airflow.providers.standard.hooks.subprocess.SubprocessHook"}
{"timestamp":"2025-07-17T08:54:59.734455","level":"info","event":"  1450K .......... .......... .......... .......... .......... 20% 21.0M 0s","logger":"airflow.task.hooks.airflow.providers.standard.hooks.subprocess.SubprocessHook"}
{"timestamp":"2025-07-17T08:54:59.734544","level":"info","event":"  1500K .......... .......... .......... .......... .......... 21% 62.2M 0s","logger":"airflow.task.hooks.airflow.providers.standard.hooks.subprocess.SubprocessHook"}
{"timestamp":"2025-07-17T08:54:59.735606","level":"info","event":"  1550K .......... .......... .......... .......... .......... 21% 89.9M 0s","logger":"airflow.task.hooks.airflow.providers.standard.hooks.subprocess.SubprocessHook"}
{"timestamp":"2025-07-17T08:54:59.737198","level":"info","event":"  1600K .......... .......... .......... .......... .......... 22% 30.6M 0s","logger":"airflow.task.hooks.airflow.providers.standard.hooks.subprocess.SubprocessHook"}
{"timestamp":"2025-07-17T08:54:59.737310","level":"info","event":"  1650K .......... .......... .......... .......... .......... 23%  162M 0s","logger":"airflow.task.hooks.airflow.providers.standard.hooks.subprocess.SubprocessHook"}
{"timestamp":"2025-07-17T08:54:59.737340","level":"info","event":"  1700K .......... .......... .......... .......... .......... 23%  220M 0s","logger":"airflow.task.hooks.airflow.providers.standard.hooks.subprocess.SubprocessHook"}
{"timestamp":"2025-07-17T08:54:59.737572","level":"info","event":"  1750K .......... .......... .......... .......... .......... 24%  130M 0s","logger":"airflow.task.hooks.airflow.providers.standard.hooks.subprocess.SubprocessHook"}
{"timestamp":"2025-07-17T08:54:59.738539","level":"info","event":"  1800K .......... .......... .......... .......... .......... 25% 53.1M 0s","logger":"airflow.task.hooks.airflow.providers.standard.hooks.subprocess.SubprocessHook"}
{"timestamp":"2025-07-17T08:54:59.742019","level":"info","event":"  1850K .......... .......... .......... .......... .......... 25% 14.3M 0s","logger":"airflow.task.hooks.airflow.providers.standard.hooks.subprocess.SubprocessHook"}
{"timestamp":"2025-07-17T08:54:59.746638","level":"info","event":"  1900K .......... .......... .......... .......... .......... 26% 10.4M 0s","logger":"airflow.task.hooks.airflow.providers.standard.hooks.subprocess.SubprocessHook"}
{"timestamp":"2025-07-17T08:54:59.747188","level":"info","event":"  1950K .......... .......... .......... .......... .......... 27% 86.6M 0s","logger":"airflow.task.hooks.airflow.providers.standard.hooks.subprocess.SubprocessHook"}
{"timestamp":"2025-07-17T08:54:59.748169","level":"info","event":"  2000K .......... .......... .......... .......... .......... 27% 49.0M 0s","logger":"airflow.task.hooks.airflow.providers.standard.hooks.subprocess.SubprocessHook"}
{"timestamp":"2025-07-17T08:54:59.748585","level":"info","event":"  2050K .......... .......... .......... .......... .......... 28%  111M 0s","logger":"airflow.task.hooks.airflow.providers.standard.hooks.subprocess.SubprocessHook"}
{"timestamp":"2025-07-17T08:54:59.749467","level":"info","event":"  2100K .......... .......... .......... .......... .......... 29% 54.8M 0s","logger":"airflow.task.hooks.airflow.providers.standard.hooks.subprocess.SubprocessHook"}
{"timestamp":"2025-07-17T08:54:59.754553","level":"info","event":"  2150K .......... .......... .......... .......... .......... 29% 10.2M 0s","logger":"airflow.task.hooks.airflow.providers.standard.hooks.subprocess.SubprocessHook"}
{"timestamp":"2025-07-17T08:54:59.757227","level":"info","event":"  2200K .......... .......... .......... .......... .......... 30% 17.1M 0s","logger":"airflow.task.hooks.airflow.providers.standard.hooks.subprocess.SubprocessHook"}
{"timestamp":"2025-07-17T08:54:59.764478","level":"info","event":"  2250K .......... .......... .......... .......... .......... 31% 6.72M 0s","logger":"airflow.task.hooks.airflow.providers.standard.hooks.subprocess.SubprocessHook"}
{"timestamp":"2025-07-17T08:54:59.766286","level":"info","event":"  2300K .......... .......... .......... .......... .......... 31% 26.9M 0s","logger":"airflow.task.hooks.airflow.providers.standard.hooks.subprocess.SubprocessHook"}
{"timestamp":"2025-07-17T08:54:59.767839","level":"info","event":"  2350K .......... .......... .......... .......... .......... 32% 32.9M 0s","logger":"airflow.task.hooks.airflow.providers.standard.hooks.subprocess.SubprocessHook"}
{"timestamp":"2025-07-17T08:54:59.769325","level":"info","event":"  2400K .......... .......... .......... .......... .......... 33% 29.6M 0s","logger":"airflow.task.hooks.airflow.providers.standard.hooks.subprocess.SubprocessHook"}
{"timestamp":"2025-07-17T08:54:59.771810","level":"info","event":"  2450K .......... .......... .......... .......... .......... 33% 23.3M 0s","logger":"airflow.task.hooks.airflow.providers.standard.hooks.subprocess.SubprocessHook"}
{"timestamp":"2025-07-17T08:54:59.772145","level":"info","event":"  2500K .......... .......... .......... .......... .......... 34% 73.6M 0s","logger":"airflow.task.hooks.airflow.providers.standard.hooks.subprocess.SubprocessHook"}
{"timestamp":"2025-07-17T08:54:59.772518","level":"info","event":"  2550K .......... .......... .......... .......... .......... 35%  134M 0s","logger":"airflow.task.hooks.airflow.providers.standard.hooks.subprocess.SubprocessHook"}
{"timestamp":"2025-07-17T08:54:59.772923","level":"info","event":"  2600K .......... .......... .......... .......... .......... 35%  106M 0s","logger":"airflow.task.hooks.airflow.providers.standard.hooks.subprocess.SubprocessHook"}
{"timestamp":"2025-07-17T08:54:59.774181","level":"info","event":"  2650K .......... .......... .......... .......... .......... 36% 39.3M 0s","logger":"airflow.task.hooks.airflow.providers.standard.hooks.subprocess.SubprocessHook"}
{"timestamp":"2025-07-17T08:54:59.777031","level":"info","event":"  2700K .......... .......... .......... .......... .......... 37% 17.3M 0s","logger":"airflow.task.hooks.airflow.providers.standard.hooks.subprocess.SubprocessHook"}
{"timestamp":"2025-07-17T08:54:59.779154","level":"info","event":"  2750K .......... .......... .......... .......... .......... 38% 23.3M 0s","logger":"airflow.task.hooks.airflow.providers.standard.hooks.subprocess.SubprocessHook"}
{"timestamp":"2025-07-17T08:54:59.779732","level":"info","event":"  2800K .......... .......... .......... .......... .......... 38% 75.7M 0s","logger":"airflow.task.hooks.airflow.providers.standard.hooks.subprocess.SubprocessHook"}
{"timestamp":"2025-07-17T08:54:59.784409","level":"info","event":"  2850K .......... .......... .......... .......... .......... 39% 13.0M 0s","logger":"airflow.task.hooks.airflow.providers.standard.hooks.subprocess.SubprocessHook"}
{"timestamp":"2025-07-17T08:54:59.791521","level":"info","event":"  2900K .......... .......... .......... .......... .......... 40% 6.24M 0s","logger":"airflow.task.hooks.airflow.providers.standard.hooks.subprocess.SubprocessHook"}
{"timestamp":"2025-07-17T08:54:59.792145","level":"info","event":"  2950K .......... .......... .......... .......... .......... 40% 62.8M 0s","logger":"airflow.task.hooks.airflow.providers.standard.hooks.subprocess.SubprocessHook"}
{"timestamp":"2025-07-17T08:54:59.792732","level":"info","event":"  3000K .......... .......... .......... .......... .......... 41% 82.7M 0s","logger":"airflow.task.hooks.airflow.providers.standard.hooks.subprocess.SubprocessHook"}
{"timestamp":"2025-07-17T08:54:59.793042","level":"info","event":"  3050K .......... .......... .......... .......... .......... 42%  140M 0s","logger":"airflow.task.hooks.airflow.providers.standard.hooks.subprocess.SubprocessHook"}
{"timestamp":"2025-07-17T08:54:59.793258","level":"info","event":"  3100K .......... .......... .......... .......... .......... 42%  212M 0s","logger":"airflow.task.hooks.airflow.providers.standard.hooks.subprocess.SubprocessHook"}
{"timestamp":"2025-07-17T08:54:59.793546","level":"info","event":"  3150K .......... .......... .......... .......... .......... 43%  192M 0s","logger":"airflow.task.hooks.airflow.providers.standard.hooks.subprocess.SubprocessHook"}
{"timestamp":"2025-07-17T08:54:59.794073","level":"info","event":"  3200K .......... .......... .......... .......... .......... 44% 88.5M 0s","logger":"airflow.task.hooks.airflow.providers.standard.hooks.subprocess.SubprocessHook"}
{"timestamp":"2025-07-17T08:54:59.794522","level":"info","event":"  3250K .......... .......... .......... .......... .......... 44%  112M 0s","logger":"airflow.task.hooks.airflow.providers.standard.hooks.subprocess.SubprocessHook"}
{"timestamp":"2025-07-17T08:54:59.797147","level":"info","event":"  3300K .......... .......... .......... .......... .......... 45% 19.0M 0s","logger":"airflow.task.hooks.airflow.providers.standard.hooks.subprocess.SubprocessHook"}
{"timestamp":"2025-07-17T08:54:59.800388","level":"info","event":"  3350K .......... .......... .......... .......... .......... 46% 14.8M 0s","logger":"airflow.task.hooks.airflow.providers.standard.hooks.subprocess.SubprocessHook"}
{"timestamp":"2025-07-17T08:54:59.801337","level":"info","event":"  3400K .......... .......... .......... .......... .......... 46% 55.4M 0s","logger":"airflow.task.hooks.airflow.providers.standard.hooks.subprocess.SubprocessHook"}
{"timestamp":"2025-07-17T08:54:59.802519","level":"info","event":"  3450K .......... .......... .......... .......... .......... 47% 43.6M 0s","logger":"airflow.task.hooks.airflow.providers.standard.hooks.subprocess.SubprocessHook"}
{"timestamp":"2025-07-17T08:54:59.806477","level":"info","event":"  3500K .......... .......... .......... .......... .......... 48% 12.3M 0s","logger":"airflow.task.hooks.airflow.providers.standard.hooks.subprocess.SubprocessHook"}
{"timestamp":"2025-07-17T08:54:59.807101","level":"info","event":"  3550K .......... .......... .......... .......... .......... 48%  104M 0s","logger":"airflow.task.hooks.airflow.providers.standard.hooks.subprocess.SubprocessHook"}
{"timestamp":"2025-07-17T08:54:59.807187","level":"info","event":"  3600K .......... .......... .......... .......... .......... 49%  198M 0s","logger":"airflow.task.hooks.airflow.providers.standard.hooks.subprocess.SubprocessHook"}
{"timestamp":"2025-07-17T08:54:59.808658","level":"info","event":"  3650K .......... .......... .......... .......... .......... 50% 32.0M 0s","logger":"airflow.task.hooks.airflow.providers.standard.hooks.subprocess.SubprocessHook"}
{"timestamp":"2025-07-17T08:54:59.809798","level":"info","event":"  3700K .......... .......... .......... .......... .......... 50% 42.5M 0s","logger":"airflow.task.hooks.airflow.providers.standard.hooks.subprocess.SubprocessHook"}
{"timestamp":"2025-07-17T08:54:59.810620","level":"info","event":"  3750K .......... .......... .......... .......... .......... 51% 72.8M 0s","logger":"airflow.task.hooks.airflow.providers.standard.hooks.subprocess.SubprocessHook"}
{"timestamp":"2025-07-17T08:54:59.817907","level":"info","event":"  3800K .......... .......... .......... .......... .......... 52% 8.15M 0s","logger":"airflow.task.hooks.airflow.providers.standard.hooks.subprocess.SubprocessHook"}
{"timestamp":"2025-07-17T08:54:59.818647","level":"info","event":"  3850K .......... .......... .......... .......... .......... 52% 21.8M 0s","logger":"airflow.task.hooks.airflow.providers.standard.hooks.subprocess.SubprocessHook"}
{"timestamp":"2025-07-17T08:54:59.820871","level":"info","event":"  3900K .......... .......... .......... .......... .......... 53% 21.8M 0s","logger":"airflow.task.hooks.airflow.providers.standard.hooks.subprocess.SubprocessHook"}
{"timestamp":"2025-07-17T08:54:59.821939","level":"info","event":"  3950K .......... .......... .......... .......... .......... 54% 46.7M 0s","logger":"airflow.task.hooks.airflow.providers.standard.hooks.subprocess.SubprocessHook"}
{"timestamp":"2025-07-17T08:54:59.823819","level":"info","event":"  4000K .......... .......... .......... .......... .......... 54% 25.6M 0s","logger":"airflow.task.hooks.airflow.providers.standard.hooks.subprocess.SubprocessHook"}
{"timestamp":"2025-07-17T08:54:59.826913","level":"info","event":"  4050K .......... .......... .......... .......... .......... 55% 16.2M 0s","logger":"airflow.task.hooks.airflow.providers.standard.hooks.subprocess.SubprocessHook"}
{"timestamp":"2025-07-17T08:54:59.827627","level":"info","event":"  4100K .......... .......... .......... .......... .......... 56% 64.2M 0s","logger":"airflow.task.hooks.airflow.providers.standard.hooks.subprocess.SubprocessHook"}
{"timestamp":"2025-07-17T08:54:59.835616","level":"info","event":"  4150K .......... .......... .......... .......... .......... 57% 6.22M 0s","logger":"airflow.task.hooks.airflow.providers.standard.hooks.subprocess.SubprocessHook"}
{"timestamp":"2025-07-17T08:54:59.837718","level":"info","event":"  4200K .......... .......... .......... .......... .......... 57% 22.0M 0s","logger":"airflow.task.hooks.airflow.providers.standard.hooks.subprocess.SubprocessHook"}
{"timestamp":"2025-07-17T08:54:59.838537","level":"info","event":"  4250K .......... .......... .......... .......... .......... 58% 75.0M 0s","logger":"airflow.task.hooks.airflow.providers.standard.hooks.subprocess.SubprocessHook"}
{"timestamp":"2025-07-17T08:54:59.840873","level":"info","event":"  4300K .......... .......... .......... .......... .......... 59% 21.7M 0s","logger":"airflow.task.hooks.airflow.providers.standard.hooks.subprocess.SubprocessHook"}
{"timestamp":"2025-07-17T08:54:59.840934","level":"info","event":"  4350K .......... .......... .......... .......... .......... 59%  176M 0s","logger":"airflow.task.hooks.airflow.providers.standard.hooks.subprocess.SubprocessHook"}
{"timestamp":"2025-07-17T08:54:59.841306","level":"info","event":"  4400K .......... .......... .......... .......... .......... 60%  163M 0s","logger":"airflow.task.hooks.airflow.providers.standard.hooks.subprocess.SubprocessHook"}
{"timestamp":"2025-07-17T08:54:59.841577","level":"info","event":"  4450K .......... .......... .......... .......... .......... 61%  131M 0s","logger":"airflow.task.hooks.airflow.providers.standard.hooks.subprocess.SubprocessHook"}
{"timestamp":"2025-07-17T08:54:59.841908","level":"info","event":"  4500K .......... .......... .......... .......... .......... 61%  161M 0s","logger":"airflow.task.hooks.airflow.providers.standard.hooks.subprocess.SubprocessHook"}
{"timestamp":"2025-07-17T08:54:59.842659","level":"info","event":"  4550K .......... .......... .......... .......... .......... 62% 67.5M 0s","logger":"airflow.task.hooks.airflow.providers.standard.hooks.subprocess.SubprocessHook"}
{"timestamp":"2025-07-17T08:54:59.843673","level":"info","event":"  4600K .......... .......... .......... .......... .......... 63% 54.4M 0s","logger":"airflow.task.hooks.airflow.providers.standard.hooks.subprocess.SubprocessHook"}
{"timestamp":"2025-07-17T08:54:59.844818","level":"info","event":"  4650K .......... .......... .......... .......... .......... 63% 36.8M 0s","logger":"airflow.task.hooks.airflow.providers.standard.hooks.subprocess.SubprocessHook"}
{"timestamp":"2025-07-17T08:54:59.845814","level":"info","event":"  4700K .......... .......... .......... .......... .......... 64% 46.8M 0s","logger":"airflow.task.hooks.airflow.providers.standard.hooks.subprocess.SubprocessHook"}
{"timestamp":"2025-07-17T08:54:59.848678","level":"info","event":"  4750K .......... .......... .......... .......... .......... 65% 17.5M 0s","logger":"airflow.task.hooks.airflow.providers.standard.hooks.subprocess.SubprocessHook"}
{"timestamp":"2025-07-17T08:54:59.849418","level":"info","event":"  4800K .......... .......... .......... .......... .......... 65% 68.8M 0s","logger":"airflow.task.hooks.airflow.providers.standard.hooks.subprocess.SubprocessHook"}
{"timestamp":"2025-07-17T08:54:59.849696","level":"info","event":"  4850K .......... .......... .......... .......... .......... 66%  178M 0s","logger":"airflow.task.hooks.airflow.providers.standard.hooks.subprocess.SubprocessHook"}
{"timestamp":"2025-07-17T08:54:59.851004","level":"info","event":"  4900K .......... .......... .......... .......... .......... 67% 35.8M 0s","logger":"airflow.task.hooks.airflow.providers.standard.hooks.subprocess.SubprocessHook"}
{"timestamp":"2025-07-17T08:54:59.857929","level":"info","event":"  4950K .......... .......... .......... .......... .......... 67% 7.14M 0s","logger":"airflow.task.hooks.airflow.providers.standard.hooks.subprocess.SubprocessHook"}
{"timestamp":"2025-07-17T08:54:59.858242","level":"info","event":"  5000K .......... .......... .......... .......... .......... 68%  153M 0s","logger":"airflow.task.hooks.airflow.providers.standard.hooks.subprocess.SubprocessHook"}
{"timestamp":"2025-07-17T08:54:59.858621","level":"info","event":"  5050K .......... .......... .......... .......... .......... 69%  102M 0s","logger":"airflow.task.hooks.airflow.providers.standard.hooks.subprocess.SubprocessHook"}
{"timestamp":"2025-07-17T08:54:59.858845","level":"info","event":"  5100K .......... .......... .......... .......... .......... 69%  202M 0s","logger":"airflow.task.hooks.airflow.providers.standard.hooks.subprocess.SubprocessHook"}
{"timestamp":"2025-07-17T08:54:59.864013","level":"info","event":"  5150K .......... .......... .......... .......... .......... 70% 9.54M 0s","logger":"airflow.task.hooks.airflow.providers.standard.hooks.subprocess.SubprocessHook"}
{"timestamp":"2025-07-17T08:54:59.865390","level":"info","event":"  5200K .......... .......... .......... .......... .......... 71% 37.6M 0s","logger":"airflow.task.hooks.airflow.providers.standard.hooks.subprocess.SubprocessHook"}
{"timestamp":"2025-07-17T08:54:59.866999","level":"info","event":"  5250K .......... .......... .......... .......... .......... 71% 29.1M 0s","logger":"airflow.task.hooks.airflow.providers.standard.hooks.subprocess.SubprocessHook"}
{"timestamp":"2025-07-17T08:54:59.868989","level":"info","event":"  5300K .......... .......... .......... .......... .......... 72% 25.0M 0s","logger":"airflow.task.hooks.airflow.providers.standard.hooks.subprocess.SubprocessHook"}
{"timestamp":"2025-07-17T08:54:59.870812","level":"info","event":"  5350K .......... .......... .......... .......... .......... 73% 28.3M 0s","logger":"airflow.task.hooks.airflow.providers.standard.hooks.subprocess.SubprocessHook"}
{"timestamp":"2025-07-17T08:54:59.871800","level":"info","event":"  5400K .......... .......... .......... .......... .......... 74% 42.7M 0s","logger":"airflow.task.hooks.airflow.providers.standard.hooks.subprocess.SubprocessHook"}
{"timestamp":"2025-07-17T08:54:59.873442","level":"info","event":"  5450K .......... .......... .......... .......... .......... 74% 34.3M 0s","logger":"airflow.task.hooks.airflow.providers.standard.hooks.subprocess.SubprocessHook"}
{"timestamp":"2025-07-17T08:54:59.876302","level":"info","event":"  5500K .......... .......... .......... .......... .......... 75% 16.6M 0s","logger":"airflow.task.hooks.airflow.providers.standard.hooks.subprocess.SubprocessHook"}
{"timestamp":"2025-07-17T08:54:59.876726","level":"info","event":"  5550K .......... .......... .......... .......... .......... 76% 81.3M 0s","logger":"airflow.task.hooks.airflow.providers.standard.hooks.subprocess.SubprocessHook"}
{"timestamp":"2025-07-17T08:54:59.877585","level":"info","event":"  5600K .......... .......... .......... .......... .......... 76% 54.8M 0s","logger":"airflow.task.hooks.airflow.providers.standard.hooks.subprocess.SubprocessHook"}
{"timestamp":"2025-07-17T08:54:59.878171","level":"info","event":"  5650K .......... .......... .......... .......... .......... 77% 88.8M 0s","logger":"airflow.task.hooks.airflow.providers.standard.hooks.subprocess.SubprocessHook"}
{"timestamp":"2025-07-17T08:54:59.881650","level":"info","event":"  5700K .......... .......... .......... .......... .......... 78% 14.7M 0s","logger":"airflow.task.hooks.airflow.providers.standard.hooks.subprocess.SubprocessHook"}
{"timestamp":"2025-07-17T08:54:59.881887","level":"info","event":"  5750K .......... .......... .......... .......... .......... 78%  126M 0s","logger":"airflow.task.hooks.airflow.providers.standard.hooks.subprocess.SubprocessHook"}
{"timestamp":"2025-07-17T08:54:59.892655","level":"info","event":"  5800K .......... .......... .......... .......... .......... 79% 4.58M 0s","logger":"airflow.task.hooks.airflow.providers.standard.hooks.subprocess.SubprocessHook"}
{"timestamp":"2025-07-17T08:54:59.894546","level":"info","event":"  5850K .......... .......... .......... .......... .......... 80% 24.3M 0s","logger":"airflow.task.hooks.airflow.providers.standard.hooks.subprocess.SubprocessHook"}
{"timestamp":"2025-07-17T08:54:59.895552","level":"info","event":"  5900K .......... .......... .......... .......... .......... 80% 48.9M 0s","logger":"airflow.task.hooks.airflow.providers.standard.hooks.subprocess.SubprocessHook"}
{"timestamp":"2025-07-17T08:54:59.905171","level":"info","event":"  5950K .......... .......... .......... .......... .......... 81% 5.17M 0s","logger":"airflow.task.hooks.airflow.providers.standard.hooks.subprocess.SubprocessHook"}
{"timestamp":"2025-07-17T08:54:59.906587","level":"info","event":"  6000K .......... .......... .......... .......... .......... 82% 31.6M 0s","logger":"airflow.task.hooks.airflow.providers.standard.hooks.subprocess.SubprocessHook"}
{"timestamp":"2025-07-17T08:54:59.909550","level":"info","event":"  6050K .......... .......... .......... .......... .......... 82% 20.7M 0s","logger":"airflow.task.hooks.airflow.providers.standard.hooks.subprocess.SubprocessHook"}
{"timestamp":"2025-07-17T08:54:59.911539","level":"info","event":"  6100K .......... .......... .......... .......... .......... 83% 19.1M 0s","logger":"airflow.task.hooks.airflow.providers.standard.hooks.subprocess.SubprocessHook"}
{"timestamp":"2025-07-17T08:54:59.921771","level":"info","event":"  6150K .......... .......... .......... .......... .......... 84% 4.76M 0s","logger":"airflow.task.hooks.airflow.providers.standard.hooks.subprocess.SubprocessHook"}
{"timestamp":"2025-07-17T08:54:59.923486","level":"info","event":"  6200K .......... .......... .......... .......... .......... 84% 30.3M 0s","logger":"airflow.task.hooks.airflow.providers.standard.hooks.subprocess.SubprocessHook"}
{"timestamp":"2025-07-17T08:54:59.925995","level":"info","event":"  6250K .......... .......... .......... .......... .......... 85% 18.4M 0s","logger":"airflow.task.hooks.airflow.providers.standard.hooks.subprocess.SubprocessHook"}
{"timestamp":"2025-07-17T08:54:59.940117","level":"info","event":"  6300K .......... .......... .......... .......... .......... 86% 3.50M 0s","logger":"airflow.task.hooks.airflow.providers.standard.hooks.subprocess.SubprocessHook"}
{"timestamp":"2025-07-17T08:54:59.940830","level":"info","event":"  6350K .......... .......... .......... .......... .......... 86% 59.7M 0s","logger":"airflow.task.hooks.airflow.providers.standard.hooks.subprocess.SubprocessHook"}
{"timestamp":"2025-07-17T08:54:59.946447","level":"info","event":"  6400K .......... .......... .......... .......... .......... 87% 8.69M 0s","logger":"airflow.task.hooks.airflow.providers.standard.hooks.subprocess.SubprocessHook"}
{"timestamp":"2025-07-17T08:54:59.954462","level":"info","event":"  6450K .......... .......... .......... .......... .......... 88% 6.18M 0s","logger":"airflow.task.hooks.airflow.providers.standard.hooks.subprocess.SubprocessHook"}
{"timestamp":"2025-07-17T08:54:59.955047","level":"info","event":"  6500K .......... .......... .......... .......... .......... 88%  156M 0s","logger":"airflow.task.hooks.airflow.providers.standard.hooks.subprocess.SubprocessHook"}
{"timestamp":"2025-07-17T08:54:59.955547","level":"info","event":"  6550K .......... .......... .......... .......... .......... 89% 62.3M 0s","logger":"airflow.task.hooks.airflow.providers.standard.hooks.subprocess.SubprocessHook"}
{"timestamp":"2025-07-17T08:54:59.958789","level":"info","event":"  6600K .......... .......... .......... .......... .......... 90% 49.3M 0s","logger":"airflow.task.hooks.airflow.providers.standard.hooks.subprocess.SubprocessHook"}
{"timestamp":"2025-07-17T08:54:59.959809","level":"info","event":"  6650K .......... .......... .......... .......... .......... 90%  146M 0s","logger":"airflow.task.hooks.airflow.providers.standard.hooks.subprocess.SubprocessHook"}
{"timestamp":"2025-07-17T08:54:59.959903","level":"info","event":"  6700K .......... .......... .......... .......... .......... 91% 37.8M 0s","logger":"airflow.task.hooks.airflow.providers.standard.hooks.subprocess.SubprocessHook"}
{"timestamp":"2025-07-17T08:54:59.968830","level":"info","event":"  6750K .......... .......... .......... .......... .......... 92% 13.8M 0s","logger":"airflow.task.hooks.airflow.providers.standard.hooks.subprocess.SubprocessHook"}
{"timestamp":"2025-07-17T08:54:59.968906","level":"info","event":"  6800K .......... .......... .......... .......... .......... 93%  200M 0s","logger":"airflow.task.hooks.airflow.providers.standard.hooks.subprocess.SubprocessHook"}
{"timestamp":"2025-07-17T08:54:59.968931","level":"info","event":"  6850K .......... .......... .......... .......... .......... 93%  201M 0s","logger":"airflow.task.hooks.airflow.providers.standard.hooks.subprocess.SubprocessHook"}
{"timestamp":"2025-07-17T08:54:59.968969","level":"info","event":"  6900K .......... .......... .......... .......... .......... 94% 8.30M 0s","logger":"airflow.task.hooks.airflow.providers.standard.hooks.subprocess.SubprocessHook"}
{"timestamp":"2025-07-17T08:54:59.969080","level":"info","event":"  6950K .......... .......... .......... .......... .......... 95%  140M 0s","logger":"airflow.task.hooks.airflow.providers.standard.hooks.subprocess.SubprocessHook"}
{"timestamp":"2025-07-17T08:54:59.969100","level":"info","event":"  7000K .......... .......... .......... .......... .......... 95%  165M 0s","logger":"airflow.task.hooks.airflow.providers.standard.hooks.subprocess.SubprocessHook"}
{"timestamp":"2025-07-17T08:54:59.969121","level":"info","event":"  7050K .......... .......... .......... .......... .......... 96%  174M 0s","logger":"airflow.task.hooks.airflow.providers.standard.hooks.subprocess.SubprocessHook"}
{"timestamp":"2025-07-17T08:54:59.969542","level":"info","event":"  7100K .......... .......... .......... .......... .......... 97%  184M 0s","logger":"airflow.task.hooks.airflow.providers.standard.hooks.subprocess.SubprocessHook"}
{"timestamp":"2025-07-17T08:54:59.969957","level":"info","event":"  7150K .......... .......... .......... .......... .......... 97% 81.0M 0s","logger":"airflow.task.hooks.airflow.providers.standard.hooks.subprocess.SubprocessHook"}
{"timestamp":"2025-07-17T08:54:59.970040","level":"info","event":"  7200K .......... .......... .......... .......... .......... 98%  188M 0s","logger":"airflow.task.hooks.airflow.providers.standard.hooks.subprocess.SubprocessHook"}
{"timestamp":"2025-07-17T08:54:59.974600","level":"info","event":"  7250K .......... .......... .......... .......... .......... 99% 12.4M 0s","logger":"airflow.task.hooks.airflow.providers.standard.hooks.subprocess.SubprocessHook"}
{"timestamp":"2025-07-17T08:54:59.975637","level":"info","event":"  7300K .......... .......... .......... .......... .......... 99% 42.5M 0s","logger":"airflow.task.hooks.airflow.providers.standard.hooks.subprocess.SubprocessHook"}
{"timestamp":"2025-07-17T08:54:59.975754","level":"info","event":"  7350K .......... ....                                       100% 42.3M=0.3s","logger":"airflow.task.hooks.airflow.providers.standard.hooks.subprocess.SubprocessHook"}
{"timestamp":"2025-07-17T08:54:59.979324","level":"info","event":"","logger":"airflow.task.hooks.airflow.providers.standard.hooks.subprocess.SubprocessHook"}
{"timestamp":"2025-07-17T08:54:59.979582","level":"info","event":"2025-07-17 08:54:59 (22.6 MB/s) - ‘/opt/airflow/green_tripdata_2020-01.csv’ saved [7541109/7541109]","logger":"airflow.task.hooks.airflow.providers.standard.hooks.subprocess.SubprocessHook"}
{"timestamp":"2025-07-17T08:54:59.981214","level":"info","event":"","logger":"airflow.task.hooks.airflow.providers.standard.hooks.subprocess.SubprocessHook"}
{"timestamp":"2025-07-17T08:54:59.990438","level":"info","event":"Command exited with return code 0","logger":"airflow.task.hooks.airflow.providers.standard.hooks.subprocess.SubprocessHook"}
{"timestamp":"2025-07-17T08:55:00.078651","level":"info","event":"Pushing xcom","ti":"RuntimeTaskInstance(id=UUID('01981797-fe5a-7fcb-9f4d-1739ca1fdcd4'), task_id='download_dataset_task', dag_id='upload_gcs_greentrips', run_id='scheduled__2020-01-02T06:00:00+00:00', try_number=1, map_index=-1, hostname='8c16a644909e', context_carrier={}, task=<Task(BashOperator): download_dataset_task>, bundle_instance=LocalDagBundle(name=dags-folder), max_tries=0, start_date=datetime.datetime(2025, 7, 17, 8, 54, 53, 946572, tzinfo=TzInfo(UTC)), end_date=None, state=<TaskInstanceState.RUNNING: 'running'>, is_mapped=False, rendered_map_index=None)","logger":"task"}
{"timestamp":"2025-07-17T17:12:04.434575","level":"info","event":"DAG bundles loaded: dags-folder","logger":"airflow.dag_processing.bundles.manager.DagBundlesManager"}
{"timestamp":"2025-07-17T17:12:04.436276","level":"info","event":"Filling up the DagBag from /opt/airflow/dags/data_ingestion_gcs_dag.py","logger":"airflow.models.dagbag.DagBag"}
{"timestamp":"2025-07-17T17:12:06.931041","level":"info","event":"Tmp dir root location: /tmp","logger":"airflow.task.hooks.airflow.providers.standard.hooks.subprocess.SubprocessHook"}
{"timestamp":"2025-07-17T17:12:06.945131","level":"info","event":"Running command: ['/usr/bin/bash', '-c', 'echo https://github.com/DataTalksClub/nyc-tlc-data/releases/download/green/green_tripdata_2020-01.csv.gz && wget --no-verbose https://github.com/DataTalksClub/nyc-tlc-data/releases/download/green/green_tripdata_2020-01.csv.gz -O /opt/airflow/green_tripdata_2020-01.csv.gz && gunzip -f /opt/airflow/green_tripdata_2020-01.csv.gz']","logger":"airflow.task.hooks.airflow.providers.standard.hooks.subprocess.SubprocessHook"}
{"timestamp":"2025-07-17T17:12:07.003543","level":"info","event":"Output:","logger":"airflow.task.hooks.airflow.providers.standard.hooks.subprocess.SubprocessHook"}
{"timestamp":"2025-07-17T17:12:07.011958","level":"info","event":"https://github.com/DataTalksClub/nyc-tlc-data/releases/download/green/green_tripdata_2020-01.csv.gz","logger":"airflow.task.hooks.airflow.providers.standard.hooks.subprocess.SubprocessHook"}
{"timestamp":"2025-07-17T17:12:09.061630","level":"info","event":"2025-07-17 17:12:09 URL:https://release-assets.githubusercontent.com/github-production-release-asset/513814948/6e8a7b28-b1ea-455e-9803-cd8943d96c26?sp=r&sv=2018-11-09&sr=b&spr=https&se=2025-07-17T17%3A46%3A57Z&rscd=attachment%3B+filename%3Dgreen_tripdata_2020-01.csv.gz&rsct=application%2Foctet-stream&skoid=96c2d410-5711-43a1-aedd-ab1947aa7ab0&sktid=398a6654-997b-47e9-b12b-9515b896b4de&skt=2025-07-17T16%3A46%3A21Z&ske=2025-07-17T17%3A46%3A57Z&sks=b&skv=2018-11-09&sig=7cDmNQMtwpYcBqH3Q9jrGxqZITJxs04VBcHNkjGWilg%3D&jwt=eyJ******&response-content-disposition=attachment%3B%20filename%3Dgreen_tripdata_2020-01.csv.gz&response-content-type=application%2Foctet-stream [7541109/7541109] -> \"/opt/airflow/green_tripdata_2020-01.csv.gz\" [1]","logger":"airflow.task.hooks.airflow.providers.standard.hooks.subprocess.SubprocessHook"}
{"timestamp":"2025-07-17T17:12:09.644849","level":"info","event":"Command exited with return code 0","logger":"airflow.task.hooks.airflow.providers.standard.hooks.subprocess.SubprocessHook"}
{"timestamp":"2025-07-17T17:12:09.653265","level":"info","event":"Pushing xcom","ti":"RuntimeTaskInstance(id=UUID('0198195f-29d4-7a40-99d8-611df29870ce'), task_id='download_dataset_task', dag_id='upload_gcs_greentrips', run_id='scheduled__2020-01-02T06:00:00+00:00', try_number=1, map_index=-1, hostname='8c16a644909e', context_carrier={}, task=<Task(BashOperator): download_dataset_task>, bundle_instance=LocalDagBundle(name=dags-folder), max_tries=0, start_date=datetime.datetime(2025, 7, 17, 17, 12, 3, 975317, tzinfo=TzInfo(UTC)), end_date=None, state=<TaskInstanceState.RUNNING: 'running'>, is_mapped=False, rendered_map_index=None)","logger":"task"}
{"timestamp":"2025-07-17T17:18:24.043543","level":"info","event":"DAG bundles loaded: dags-folder","logger":"airflow.dag_processing.bundles.manager.DagBundlesManager"}
{"timestamp":"2025-07-17T17:18:24.057533","level":"info","event":"Filling up the DagBag from /opt/airflow/dags/data_ingestion_gcs_dag.py","logger":"airflow.models.dagbag.DagBag"}
{"timestamp":"2025-07-17T17:18:27.557383","level":"info","event":"Tmp dir root location: /tmp","logger":"airflow.task.hooks.airflow.providers.standard.hooks.subprocess.SubprocessHook"}
{"timestamp":"2025-07-17T17:18:27.564972","level":"info","event":"Running command: ['/usr/bin/bash', '-c', 'echo https://github.com/DataTalksClub/nyc-tlc-data/releases/download/green/green_tripdata_2020-01.csv.gz && wget --no-verbose https://github.com/DataTalksClub/nyc-tlc-data/releases/download/green/green_tripdata_2020-01.csv.gz -O /opt/airflow/green_tripdata_2020-01.csv.gz && gunzip -f /opt/airflow/green_tripdata_2020-01.csv.gz']","logger":"airflow.task.hooks.airflow.providers.standard.hooks.subprocess.SubprocessHook"}
{"timestamp":"2025-07-17T17:18:27.589756","level":"info","event":"Output:","logger":"airflow.task.hooks.airflow.providers.standard.hooks.subprocess.SubprocessHook"}
{"timestamp":"2025-07-17T17:18:27.590052","level":"info","event":"https://github.com/DataTalksClub/nyc-tlc-data/releases/download/green/green_tripdata_2020-01.csv.gz","logger":"airflow.task.hooks.airflow.providers.standard.hooks.subprocess.SubprocessHook"}
{"timestamp":"2025-07-17T17:18:29.540062","level":"info","event":"2025-07-17 17:18:29 URL:https://release-assets.githubusercontent.com/github-production-release-asset/513814948/6e8a7b28-b1ea-455e-9803-cd8943d96c26?sp=r&sv=2018-11-09&sr=b&spr=https&se=2025-07-17T18%3A15%3A02Z&rscd=attachment%3B+filename%3Dgreen_tripdata_2020-01.csv.gz&rsct=application%2Foctet-stream&skoid=96c2d410-5711-43a1-aedd-ab1947aa7ab0&sktid=398a6654-997b-47e9-b12b-9515b896b4de&skt=2025-07-17T17%3A14%3A27Z&ske=2025-07-17T18%3A15%3A02Z&sks=b&skv=2018-11-09&sig=5SBqJtjg8Oh5YdQhQ2BO8dOGTDFqVtzrIhspH26ja08%3D&jwt=eyJ******&response-content-disposition=attachment%3B%20filename%3Dgreen_tripdata_2020-01.csv.gz&response-content-type=application%2Foctet-stream [7541109/7541109] -> \"/opt/airflow/green_tripdata_2020-01.csv.gz\" [1]","logger":"airflow.task.hooks.airflow.providers.standard.hooks.subprocess.SubprocessHook"}
{"timestamp":"2025-07-17T17:18:29.992881","level":"info","event":"Command exited with return code 0","logger":"airflow.task.hooks.airflow.providers.standard.hooks.subprocess.SubprocessHook"}
{"timestamp":"2025-07-17T17:18:30.023118","level":"info","event":"Pushing xcom","ti":"RuntimeTaskInstance(id=UUID('01981964-ed4e-7c7f-816b-99abc552fc20'), task_id='download_dataset_task', dag_id='upload_gcs_greentrips', run_id='scheduled__2020-01-02T06:00:00+00:00', try_number=1, map_index=-1, hostname='8c16a644909e', context_carrier={}, task=<Task(BashOperator): download_dataset_task>, bundle_instance=LocalDagBundle(name=dags-folder), max_tries=0, start_date=datetime.datetime(2025, 7, 17, 17, 18, 22, 331118, tzinfo=TzInfo(UTC)), end_date=None, state=<TaskInstanceState.RUNNING: 'running'>, is_mapped=False, rendered_map_index=None)","logger":"task"}
{"timestamp":"2025-07-17T17:21:09.424186","level":"info","event":"DAG bundles loaded: dags-folder","logger":"airflow.dag_processing.bundles.manager.DagBundlesManager"}
{"timestamp":"2025-07-17T17:21:09.425566","level":"info","event":"Filling up the DagBag from /opt/airflow/dags/data_ingestion_gcs_dag.py","logger":"airflow.models.dagbag.DagBag"}
{"timestamp":"2025-07-17T17:21:11.373085","level":"info","event":"Tmp dir root location: /tmp","logger":"airflow.task.hooks.airflow.providers.standard.hooks.subprocess.SubprocessHook"}
{"timestamp":"2025-07-17T17:21:11.374812","level":"info","event":"Running command: ['/usr/bin/bash', '-c', 'echo https://github.com/DataTalksClub/nyc-tlc-data/releases/download/green/green_tripdata_2020-01.csv.gz && wget --no-verbose https://github.com/DataTalksClub/nyc-tlc-data/releases/download/green/green_tripdata_2020-01.csv.gz -O /opt/airflow/green_tripdata_2020-01.csv.gz && gunzip -f /opt/airflow/green_tripdata_2020-01.csv.gz']","logger":"airflow.task.hooks.airflow.providers.standard.hooks.subprocess.SubprocessHook"}
{"timestamp":"2025-07-17T17:21:11.395959","level":"info","event":"Output:","logger":"airflow.task.hooks.airflow.providers.standard.hooks.subprocess.SubprocessHook"}
{"timestamp":"2025-07-17T17:21:11.399237","level":"info","event":"https://github.com/DataTalksClub/nyc-tlc-data/releases/download/green/green_tripdata_2020-01.csv.gz","logger":"airflow.task.hooks.airflow.providers.standard.hooks.subprocess.SubprocessHook"}
{"timestamp":"2025-07-17T17:21:11.998968","level":"info","event":"2025-07-17 17:21:11 URL:https://release-assets.githubusercontent.com/github-production-release-asset/513814948/6e8a7b28-b1ea-455e-9803-cd8943d96c26?sp=r&sv=2018-11-09&sr=b&spr=https&se=2025-07-17T18%3A14%3A06Z&rscd=attachment%3B+filename%3Dgreen_tripdata_2020-01.csv.gz&rsct=application%2Foctet-stream&skoid=96c2d410-5711-43a1-aedd-ab1947aa7ab0&sktid=398a6654-997b-47e9-b12b-9515b896b4de&skt=2025-07-17T17%3A13%3A08Z&ske=2025-07-17T18%3A14%3A06Z&sks=b&skv=2018-11-09&sig=6YWUscZoOXop91leYOrJNCb7fuOMqJkS5%2BWkqVTx5qA%3D&jwt=eyJ******&response-content-disposition=attachment%3B%20filename%3Dgreen_tripdata_2020-01.csv.gz&response-content-type=application%2Foctet-stream [7541109/7541109] -> \"/opt/airflow/green_tripdata_2020-01.csv.gz\" [1]","logger":"airflow.task.hooks.airflow.providers.standard.hooks.subprocess.SubprocessHook"}
{"timestamp":"2025-07-17T17:21:12.307856","level":"info","event":"Command exited with return code 0","logger":"airflow.task.hooks.airflow.providers.standard.hooks.subprocess.SubprocessHook"}
{"timestamp":"2025-07-17T17:21:12.309106","level":"info","event":"Pushing xcom","ti":"RuntimeTaskInstance(id=UUID('01981967-79e8-7929-a6a7-f9fe5f8a15a2'), task_id='download_dataset_task', dag_id='upload_gcs_greentrips', run_id='scheduled__2020-01-02T06:00:00+00:00', try_number=1, map_index=-1, hostname='8c16a644909e', context_carrier={}, task=<Task(BashOperator): download_dataset_task>, bundle_instance=LocalDagBundle(name=dags-folder), max_tries=0, start_date=datetime.datetime(2025, 7, 17, 17, 21, 8, 910194, tzinfo=TzInfo(UTC)), end_date=None, state=<TaskInstanceState.RUNNING: 'running'>, is_mapped=False, rendered_map_index=None)","logger":"task"}
{"timestamp":"2025-07-17T17:24:45.280734","level":"info","event":"DAG bundles loaded: dags-folder","logger":"airflow.dag_processing.bundles.manager.DagBundlesManager"}
{"timestamp":"2025-07-17T17:24:45.282178","level":"info","event":"Filling up the DagBag from /opt/airflow/dags/data_ingestion_gcs_dag.py","logger":"airflow.models.dagbag.DagBag"}
{"timestamp":"2025-07-17T17:24:48.644474","level":"info","event":"Tmp dir root location: /tmp","logger":"airflow.task.hooks.airflow.providers.standard.hooks.subprocess.SubprocessHook"}
{"timestamp":"2025-07-17T17:24:48.694587","level":"info","event":"Running command: ['/usr/bin/bash', '-c', 'echo https://github.com/DataTalksClub/nyc-tlc-data/releases/download/green/green_tripdata_2020-01.csv.gz && wget --no-verbose https://github.com/DataTalksClub/nyc-tlc-data/releases/download/green/green_tripdata_2020-01.csv.gz -O /opt/airflow/green_tripdata_2020-01.csv.gz && gunzip -f /opt/airflow/green_tripdata_2020-01.csv.gz']","logger":"airflow.task.hooks.airflow.providers.standard.hooks.subprocess.SubprocessHook"}
{"timestamp":"2025-07-17T17:24:48.836044","level":"info","event":"Output:","logger":"airflow.task.hooks.airflow.providers.standard.hooks.subprocess.SubprocessHook"}
{"timestamp":"2025-07-17T17:24:48.838288","level":"info","event":"https://github.com/DataTalksClub/nyc-tlc-data/releases/download/green/green_tripdata_2020-01.csv.gz","logger":"airflow.task.hooks.airflow.providers.standard.hooks.subprocess.SubprocessHook"}
{"timestamp":"2025-07-17T17:24:49.957165","level":"info","event":"2025-07-17 17:24:49 URL:https://release-assets.githubusercontent.com/github-production-release-asset/513814948/6e8a7b28-b1ea-455e-9803-cd8943d96c26?sp=r&sv=2018-11-09&sr=b&spr=https&se=2025-07-17T18%3A12%3A40Z&rscd=attachment%3B+filename%3Dgreen_tripdata_2020-01.csv.gz&rsct=application%2Foctet-stream&skoid=96c2d410-5711-43a1-aedd-ab1947aa7ab0&sktid=398a6654-997b-47e9-b12b-9515b896b4de&skt=2025-07-17T17%3A11%3A58Z&ske=2025-07-17T18%3A12%3A40Z&sks=b&skv=2018-11-09&sig=6Li%2BybP9aSr1B9j%2Fv8Gv%2F7AFfXixnCUzmhmLbJ72Kgs%3D&jwt=eyJ******&response-content-disposition=attachment%3B%20filename%3Dgreen_tripdata_2020-01.csv.gz&response-content-type=application%2Foctet-stream [7541109/7541109] -> \"/opt/airflow/green_tripdata_2020-01.csv.gz\" [1]","logger":"airflow.task.hooks.airflow.providers.standard.hooks.subprocess.SubprocessHook"}
{"timestamp":"2025-07-17T17:24:50.732187","level":"info","event":"Command exited with return code 0","logger":"airflow.task.hooks.airflow.providers.standard.hooks.subprocess.SubprocessHook"}
{"timestamp":"2025-07-17T17:24:50.761567","level":"info","event":"Pushing xcom","ti":"RuntimeTaskInstance(id=UUID('0198196a-c20b-7c8f-9f3b-eb576234cb4e'), task_id='download_dataset_task', dag_id='upload_gcs_greentrips', run_id='scheduled__2020-01-02T06:00:00+00:00', try_number=1, map_index=-1, hostname='8c16a644909e', context_carrier={}, task=<Task(BashOperator): download_dataset_task>, bundle_instance=LocalDagBundle(name=dags-folder), max_tries=0, start_date=datetime.datetime(2025, 7, 17, 17, 24, 44, 478627, tzinfo=TzInfo(UTC)), end_date=None, state=<TaskInstanceState.RUNNING: 'running'>, is_mapped=False, rendered_map_index=None)","logger":"task"}
{"timestamp":"2025-07-17T17:44:59.981335","level":"info","event":"DAG bundles loaded: dags-folder","logger":"airflow.dag_processing.bundles.manager.DagBundlesManager"}
{"timestamp":"2025-07-17T17:44:59.982823","level":"info","event":"Filling up the DagBag from /opt/airflow/dags/data_ingestion_gcs_dag.py","logger":"airflow.models.dagbag.DagBag"}
{"timestamp":"2025-07-17T17:45:07.049893","level":"info","event":"Tmp dir root location: /tmp","logger":"airflow.task.hooks.airflow.providers.standard.hooks.subprocess.SubprocessHook"}
{"timestamp":"2025-07-17T17:45:07.068433","level":"info","event":"Running command: ['/usr/bin/bash', '-c', 'echo https://github.com/DataTalksClub/nyc-tlc-data/releases/download/green/green_tripdata_2020-01.csv.gz && wget --no-verbose https://github.com/DataTalksClub/nyc-tlc-data/releases/download/green/green_tripdata_2020-01.csv.gz -O /opt/airflow/green_tripdata_2020-01.csv.gz && gunzip -f /opt/airflow/green_tripdata_2020-01.csv.gz']","logger":"airflow.task.hooks.airflow.providers.standard.hooks.subprocess.SubprocessHook"}
{"timestamp":"2025-07-17T17:45:07.163266","level":"info","event":"Output:","logger":"airflow.task.hooks.airflow.providers.standard.hooks.subprocess.SubprocessHook"}
{"timestamp":"2025-07-17T17:45:07.173098","level":"info","event":"https://github.com/DataTalksClub/nyc-tlc-data/releases/download/green/green_tripdata_2020-01.csv.gz","logger":"airflow.task.hooks.airflow.providers.standard.hooks.subprocess.SubprocessHook"}
{"timestamp":"2025-07-17T17:45:08.582477","level":"info","event":"2025-07-17 17:45:08 URL:https://release-assets.githubusercontent.com/github-production-release-asset/513814948/6e8a7b28-b1ea-455e-9803-cd8943d96c26?sp=r&sv=2018-11-09&sr=b&spr=https&se=2025-07-17T18%3A28%3A49Z&rscd=attachment%3B+filename%3Dgreen_tripdata_2020-01.csv.gz&rsct=application%2Foctet-stream&skoid=96c2d410-5711-43a1-aedd-ab1947aa7ab0&sktid=398a6654-997b-47e9-b12b-9515b896b4de&skt=2025-07-17T17%3A27%3A59Z&ske=2025-07-17T18%3A28%3A49Z&sks=b&skv=2018-11-09&sig=%2FA4Z7CgBj5m8UB7RIvCqbbJnAaOxx7wBhZDvrgDmcFQ%3D&jwt=eyJ******&response-content-disposition=attachment%3B%20filename%3Dgreen_tripdata_2020-01.csv.gz&response-content-type=application%2Foctet-stream [7541109/7541109] -> \"/opt/airflow/green_tripdata_2020-01.csv.gz\" [1]","logger":"airflow.task.hooks.airflow.providers.standard.hooks.subprocess.SubprocessHook"}
{"timestamp":"2025-07-17T17:45:09.112949","level":"info","event":"Command exited with return code 0","logger":"airflow.task.hooks.airflow.providers.standard.hooks.subprocess.SubprocessHook"}
{"timestamp":"2025-07-17T17:45:09.124102","level":"info","event":"Pushing xcom","ti":"RuntimeTaskInstance(id=UUID('0198197d-4bf7-7ac6-a0ef-cfcb71485ed9'), task_id='download_dataset_task', dag_id='upload_gcs_greentrips', run_id='scheduled__2020-01-02T06:00:00+00:00', try_number=1, map_index=-1, hostname='8c16a644909e', context_carrier={}, task=<Task(BashOperator): download_dataset_task>, bundle_instance=LocalDagBundle(name=dags-folder), max_tries=0, start_date=datetime.datetime(2025, 7, 17, 17, 44, 58, 903508, tzinfo=TzInfo(UTC)), end_date=None, state=<TaskInstanceState.RUNNING: 'running'>, is_mapped=False, rendered_map_index=None)","logger":"task"}
{"timestamp":"2025-07-17T17:54:48.072584","level":"info","event":"DAG bundles loaded: dags-folder","logger":"airflow.dag_processing.bundles.manager.DagBundlesManager"}
{"timestamp":"2025-07-17T17:54:48.074741","level":"info","event":"Filling up the DagBag from /opt/airflow/dags/data_ingestion_gcs_dag.py","logger":"airflow.models.dagbag.DagBag"}
{"timestamp":"2025-07-17T17:54:49.510723","level":"info","event":"Tmp dir root location: /tmp","logger":"airflow.task.hooks.airflow.providers.standard.hooks.subprocess.SubprocessHook"}
{"timestamp":"2025-07-17T17:54:49.514114","level":"info","event":"Running command: ['/usr/bin/bash', '-c', 'echo https://github.com/DataTalksClub/nyc-tlc-data/releases/download/green/green_tripdata_2020-01.csv.gz && wget --no-verbose https://github.com/DataTalksClub/nyc-tlc-data/releases/download/green/green_tripdata_2020-01.csv.gz -O /opt/airflow/green_tripdata_2020-01.csv.gz && gunzip -f /opt/airflow/green_tripdata_2020-01.csv.gz']","logger":"airflow.task.hooks.airflow.providers.standard.hooks.subprocess.SubprocessHook"}
{"timestamp":"2025-07-17T17:54:49.538407","level":"info","event":"Output:","logger":"airflow.task.hooks.airflow.providers.standard.hooks.subprocess.SubprocessHook"}
{"timestamp":"2025-07-17T17:54:49.542246","level":"info","event":"https://github.com/DataTalksClub/nyc-tlc-data/releases/download/green/green_tripdata_2020-01.csv.gz","logger":"airflow.task.hooks.airflow.providers.standard.hooks.subprocess.SubprocessHook"}
{"timestamp":"2025-07-17T17:54:50.421057","level":"info","event":"2025-07-17 17:54:50 URL:https://release-assets.githubusercontent.com/github-production-release-asset/513814948/6e8a7b28-b1ea-455e-9803-cd8943d96c26?sp=r&sv=2018-11-09&sr=b&spr=https&se=2025-07-17T18%3A40%3A44Z&rscd=attachment%3B+filename%3Dgreen_tripdata_2020-01.csv.gz&rsct=application%2Foctet-stream&skoid=96c2d410-5711-43a1-aedd-ab1947aa7ab0&sktid=398a6654-997b-47e9-b12b-9515b896b4de&skt=2025-07-17T17%3A39%3A51Z&ske=2025-07-17T18%3A40%3A44Z&sks=b&skv=2018-11-09&sig=KnCI9dJ1qJ%2FFVS3pUQNi2osdVLTilJqiI4g77Gp0Fck%3D&jwt=eyJ******&response-content-disposition=attachment%3B%20filename%3Dgreen_tripdata_2020-01.csv.gz&response-content-type=application%2Foctet-stream [7541109/7541109] -> \"/opt/airflow/green_tripdata_2020-01.csv.gz\" [1]","logger":"airflow.task.hooks.airflow.providers.standard.hooks.subprocess.SubprocessHook"}
{"timestamp":"2025-07-17T17:54:50.647250","level":"info","event":"Command exited with return code 0","logger":"airflow.task.hooks.airflow.providers.standard.hooks.subprocess.SubprocessHook"}
{"timestamp":"2025-07-17T17:54:50.648987","level":"info","event":"Pushing xcom","ti":"RuntimeTaskInstance(id=UUID('01981986-4854-7027-9dbd-1275e946d174'), task_id='download_dataset_task', dag_id='upload_gcs_greentrips', run_id='scheduled__2020-01-02T06:00:00+00:00', try_number=1, map_index=-1, hostname='8c16a644909e', context_carrier={}, task=<Task(BashOperator): download_dataset_task>, bundle_instance=LocalDagBundle(name=dags-folder), max_tries=0, start_date=datetime.datetime(2025, 7, 17, 17, 54, 47, 635559, tzinfo=TzInfo(UTC)), end_date=None, state=<TaskInstanceState.RUNNING: 'running'>, is_mapped=False, rendered_map_index=None)","logger":"task"}
{"timestamp":"2025-07-17T18:03:12.276374","level":"info","event":"DAG bundles loaded: dags-folder","logger":"airflow.dag_processing.bundles.manager.DagBundlesManager"}
{"timestamp":"2025-07-17T18:03:12.277317","level":"info","event":"Filling up the DagBag from /opt/airflow/dags/data_ingestion_gcs_dag.py","logger":"airflow.models.dagbag.DagBag"}
{"timestamp":"2025-07-17T18:03:13.980353","level":"info","event":"Tmp dir root location: /tmp","logger":"airflow.task.hooks.airflow.providers.standard.hooks.subprocess.SubprocessHook"}
{"timestamp":"2025-07-17T18:03:13.985079","level":"info","event":"Running command: ['/usr/bin/bash', '-c', 'echo https://github.com/DataTalksClub/nyc-tlc-data/releases/download/green/green_tripdata_2020-01.csv.gz && wget --no-verbose https://github.com/DataTalksClub/nyc-tlc-data/releases/download/green/green_tripdata_2020-01.csv.gz -O /opt/airflow/green_tripdata_2020-01.csv.gz && gunzip -f /opt/airflow/green_tripdata_2020-01.csv.gz']","logger":"airflow.task.hooks.airflow.providers.standard.hooks.subprocess.SubprocessHook"}
{"timestamp":"2025-07-17T18:03:14.074967","level":"info","event":"Output:","logger":"airflow.task.hooks.airflow.providers.standard.hooks.subprocess.SubprocessHook"}
{"timestamp":"2025-07-17T18:03:14.094709","level":"info","event":"https://github.com/DataTalksClub/nyc-tlc-data/releases/download/green/green_tripdata_2020-01.csv.gz","logger":"airflow.task.hooks.airflow.providers.standard.hooks.subprocess.SubprocessHook"}
{"timestamp":"2025-07-17T18:03:14.750173","level":"info","event":"2025-07-17 18:03:14 URL:https://release-assets.githubusercontent.com/github-production-release-asset/513814948/6e8a7b28-b1ea-455e-9803-cd8943d96c26?sp=r&sv=2018-11-09&sr=b&spr=https&se=2025-07-17T18%3A53%3A52Z&rscd=attachment%3B+filename%3Dgreen_tripdata_2020-01.csv.gz&rsct=application%2Foctet-stream&skoid=96c2d410-5711-43a1-aedd-ab1947aa7ab0&sktid=398a6654-997b-47e9-b12b-9515b896b4de&skt=2025-07-17T17%3A53%3A48Z&ske=2025-07-17T18%3A53%3A52Z&sks=b&skv=2018-11-09&sig=6IBB03tgh4UkVMh6arGLK9eXSNDO8gV1rWzfybg2QGw%3D&jwt=eyJ******&response-content-disposition=attachment%3B%20filename%3Dgreen_tripdata_2020-01.csv.gz&response-content-type=application%2Foctet-stream [7541109/7541109] -> \"/opt/airflow/green_tripdata_2020-01.csv.gz\" [1]","logger":"airflow.task.hooks.airflow.providers.standard.hooks.subprocess.SubprocessHook"}
{"timestamp":"2025-07-17T18:03:15.371169","level":"info","event":"Command exited with return code 0","logger":"airflow.task.hooks.airflow.providers.standard.hooks.subprocess.SubprocessHook"}
{"timestamp":"2025-07-17T18:03:15.381063","level":"info","event":"Pushing xcom","ti":"RuntimeTaskInstance(id=UUID('0198198d-f972-7ae6-a71f-a7266e128f76'), task_id='download_dataset_task', dag_id='upload_gcs_greentrips', run_id='scheduled__2020-01-02T06:00:00+00:00', try_number=1, map_index=-1, hostname='8c16a644909e', context_carrier={}, task=<Task(BashOperator): download_dataset_task>, bundle_instance=LocalDagBundle(name=dags-folder), max_tries=0, start_date=datetime.datetime(2025, 7, 17, 18, 3, 11, 825996, tzinfo=TzInfo(UTC)), end_date=None, state=<TaskInstanceState.RUNNING: 'running'>, is_mapped=False, rendered_map_index=None)","logger":"task"}
{"timestamp":"2025-07-17T18:09:11.230516","level":"info","event":"DAG bundles loaded: dags-folder","logger":"airflow.dag_processing.bundles.manager.DagBundlesManager"}
{"timestamp":"2025-07-17T18:09:11.231236","level":"info","event":"Filling up the DagBag from /opt/airflow/dags/data_ingestion_gcs_dag.py","logger":"airflow.models.dagbag.DagBag"}
{"timestamp":"2025-07-17T18:09:12.421966","level":"info","event":"Tmp dir root location: /tmp","logger":"airflow.task.hooks.airflow.providers.standard.hooks.subprocess.SubprocessHook"}
{"timestamp":"2025-07-17T18:09:12.425113","level":"info","event":"Running command: ['/usr/bin/bash', '-c', 'echo https://github.com/DataTalksClub/nyc-tlc-data/releases/download/green/green_tripdata_2020-01.csv.gz && wget --no-verbose https://github.com/DataTalksClub/nyc-tlc-data/releases/download/green/green_tripdata_2020-01.csv.gz -O /opt/airflow/green_tripdata_2020-01.csv.gz && gunzip -f /opt/airflow/green_tripdata_2020-01.csv.gz']","logger":"airflow.task.hooks.airflow.providers.standard.hooks.subprocess.SubprocessHook"}
{"timestamp":"2025-07-17T18:09:12.479860","level":"info","event":"Output:","logger":"airflow.task.hooks.airflow.providers.standard.hooks.subprocess.SubprocessHook"}
{"timestamp":"2025-07-17T18:09:12.483943","level":"info","event":"https://github.com/DataTalksClub/nyc-tlc-data/releases/download/green/green_tripdata_2020-01.csv.gz","logger":"airflow.task.hooks.airflow.providers.standard.hooks.subprocess.SubprocessHook"}
{"timestamp":"2025-07-17T18:09:13.408727","level":"info","event":"2025-07-17 18:09:13 URL:https://release-assets.githubusercontent.com/github-production-release-asset/513814948/6e8a7b28-b1ea-455e-9803-cd8943d96c26?sp=r&sv=2018-11-09&sr=b&spr=https&se=2025-07-17T18%3A55%3A38Z&rscd=attachment%3B+filename%3Dgreen_tripdata_2020-01.csv.gz&rsct=application%2Foctet-stream&skoid=96c2d410-5711-43a1-aedd-ab1947aa7ab0&sktid=398a6654-997b-47e9-b12b-9515b896b4de&skt=2025-07-17T17%3A55%3A25Z&ske=2025-07-17T18%3A55%3A38Z&sks=b&skv=2018-11-09&sig=aWj5yYVXqTNbf0AoZWt2cv%2BFmlTZC7SLiuR6D1EfbFw%3D&jwt=eyJ******&response-content-disposition=attachment%3B%20filename%3Dgreen_tripdata_2020-01.csv.gz&response-content-type=application%2Foctet-stream [7541109/7541109] -> \"/opt/airflow/green_tripdata_2020-01.csv.gz\" [1]","logger":"airflow.task.hooks.airflow.providers.standard.hooks.subprocess.SubprocessHook"}
{"timestamp":"2025-07-17T18:09:13.997143","level":"info","event":"Command exited with return code 0","logger":"airflow.task.hooks.airflow.providers.standard.hooks.subprocess.SubprocessHook"}
{"timestamp":"2025-07-17T18:09:14.021967","level":"info","event":"Pushing xcom","ti":"RuntimeTaskInstance(id=UUID('01981993-7374-79e9-8129-7ac53990c9d1'), task_id='download_dataset_task', dag_id='upload_gcs_greentrips', run_id='scheduled__2020-01-02T06:00:00+00:00', try_number=1, map_index=-1, hostname='8c16a644909e', context_carrier={}, task=<Task(BashOperator): download_dataset_task>, bundle_instance=LocalDagBundle(name=dags-folder), max_tries=0, start_date=datetime.datetime(2025, 7, 17, 18, 9, 10, 746760, tzinfo=TzInfo(UTC)), end_date=None, state=<TaskInstanceState.RUNNING: 'running'>, is_mapped=False, rendered_map_index=None)","logger":"task"}
