{"timestamp":"2025-07-17T06:42:24.167255","level":"info","event":"DAG bundles loaded: dags-folder","logger":"airflow.dag_processing.bundles.manager.DagBundlesManager"}
{"timestamp":"2025-07-17T06:42:24.168245","level":"info","event":"Filling up the DagBag from /opt/airflow/dags/data_ingestion_localpg_dag.py","logger":"airflow.models.dagbag.DagBag"}
{"timestamp":"2025-07-17T06:42:24.483971","level":"info","event":"Tmp dir root location: /tmp","logger":"airflow.task.hooks.airflow.providers.standard.hooks.subprocess.SubprocessHook"}
{"timestamp":"2025-07-17T06:42:24.485466","level":"info","event":"Running command: ['/usr/bin/bash', '-c', 'wget https://github.com/DataTalksClub/nyc-tlc-data/releases/download/green/green_tripdata_2020-02.csv.gz -O /opt/airflow/green_tripdata_2020-02.csv.gz && gunzip -f /opt/airflow/green_tripdata_2020-02.csv.gz || rm -f /opt/airflow/green_tripdata_2020-02.csv.gz']","logger":"airflow.task.hooks.airflow.providers.standard.hooks.subprocess.SubprocessHook"}
{"timestamp":"2025-07-17T06:42:24.497076","level":"info","event":"Output:","logger":"airflow.task.hooks.airflow.providers.standard.hooks.subprocess.SubprocessHook"}
{"timestamp":"2025-07-17T06:42:24.500531","level":"info","event":"--2025-07-17 06:42:24--  https://github.com/DataTalksClub/nyc-tlc-data/releases/download/green/green_tripdata_2020-02.csv.gz","logger":"airflow.task.hooks.airflow.providers.standard.hooks.subprocess.SubprocessHook"}
{"timestamp":"2025-07-17T06:42:24.514459","level":"info","event":"Resolving github.com (github.com)... 20.205.243.166","logger":"airflow.task.hooks.airflow.providers.standard.hooks.subprocess.SubprocessHook"}
{"timestamp":"2025-07-17T06:42:24.521466","level":"info","event":"Connecting to github.com (github.com)|20.205.243.166|:443... connected.","logger":"airflow.task.hooks.airflow.providers.standard.hooks.subprocess.SubprocessHook"}
{"timestamp":"2025-07-17T06:42:24.875428","level":"info","event":"HTTP request sent, awaiting response... 302 Found","logger":"airflow.task.hooks.airflow.providers.standard.hooks.subprocess.SubprocessHook"}
{"timestamp":"2025-07-17T06:42:24.876047","level":"info","event":"Location: https://release-assets.githubusercontent.com/github-production-release-asset/513814948/a044ac3e-1cf9-4cc5-ba7b-a96aeee93065?sp=r&sv=2018-11-09&sr=b&spr=https&se=2025-07-17T07%3A25%3A42Z&rscd=attachment%3B+filename%3Dgreen_tripdata_2020-02.csv.gz&rsct=application%2Foctet-stream&skoid=96c2d410-5711-43a1-aedd-ab1947aa7ab0&sktid=398a6654-997b-47e9-b12b-9515b896b4de&skt=2025-07-17T06%3A25%3A02Z&ske=2025-07-17T07%3A25%3A42Z&sks=b&skv=2018-11-09&sig=lakMk4UFDrVBCqy1rlSJ5BllN3uiRRlR0gl83vZ91qY%3D&jwt=eyJ******&response-content-disposition=attachment%3B%20filename%3Dgreen_tripdata_2020-02.csv.gz&response-content-type=application%2Foctet-stream [following]","logger":"airflow.task.hooks.airflow.providers.standard.hooks.subprocess.SubprocessHook"}
{"timestamp":"2025-07-17T06:42:24.876366","level":"info","event":"--2025-07-17 06:42:24--  https://release-assets.githubusercontent.com/github-production-release-asset/513814948/a044ac3e-1cf9-4cc5-ba7b-a96aeee93065?sp=r&sv=2018-11-09&sr=b&spr=https&se=2025-07-17T07%3A25%3A42Z&rscd=attachment%3B+filename%3Dgreen_tripdata_2020-02.csv.gz&rsct=application%2Foctet-stream&skoid=96c2d410-5711-43a1-aedd-ab1947aa7ab0&sktid=398a6654-997b-47e9-b12b-9515b896b4de&skt=2025-07-17T06%3A25%3A02Z&ske=2025-07-17T07%3A25%3A42Z&sks=b&skv=2018-11-09&sig=lakMk4UFDrVBCqy1rlSJ5BllN3uiRRlR0gl83vZ91qY%3D&jwt=eyJ******&response-content-disposition=attachment%3B%20filename%3Dgreen_tripdata_2020-02.csv.gz&response-content-type=application%2Foctet-stream","logger":"airflow.task.hooks.airflow.providers.standard.hooks.subprocess.SubprocessHook"}
{"timestamp":"2025-07-17T06:42:24.908464","level":"info","event":"Resolving release-assets.githubusercontent.com (release-assets.githubusercontent.com)... 185.199.108.133, 185.199.109.133, 185.199.110.133, ...","logger":"airflow.task.hooks.airflow.providers.standard.hooks.subprocess.SubprocessHook"}
{"timestamp":"2025-07-17T06:42:24.916203","level":"info","event":"Connecting to release-assets.githubusercontent.com (release-assets.githubusercontent.com)|185.199.108.133|:443... connected.","logger":"airflow.task.hooks.airflow.providers.standard.hooks.subprocess.SubprocessHook"}
{"timestamp":"2025-07-17T06:42:25.175812","level":"info","event":"HTTP request sent, awaiting response... 200 OK","logger":"airflow.task.hooks.airflow.providers.standard.hooks.subprocess.SubprocessHook"}
{"timestamp":"2025-07-17T06:42:25.176187","level":"info","event":"Length: 6891456 (6.6M) [application/octet-stream]","logger":"airflow.task.hooks.airflow.providers.standard.hooks.subprocess.SubprocessHook"}
{"timestamp":"2025-07-17T06:42:25.176251","level":"info","event":"Saving to: ‘/opt/airflow/green_tripdata_2020-02.csv.gz’","logger":"airflow.task.hooks.airflow.providers.standard.hooks.subprocess.SubprocessHook"}
{"timestamp":"2025-07-17T06:42:25.177326","level":"info","event":"","logger":"airflow.task.hooks.airflow.providers.standard.hooks.subprocess.SubprocessHook"}
{"timestamp":"2025-07-17T06:42:25.185657","level":"info","event":"     0K .......... .......... .......... .......... ..........  0% 5.08M 1s","logger":"airflow.task.hooks.airflow.providers.standard.hooks.subprocess.SubprocessHook"}
{"timestamp":"2025-07-17T06:42:25.188583","level":"info","event":"    50K .......... .......... .......... .......... ..........  1% 16.0M 1s","logger":"airflow.task.hooks.airflow.providers.standard.hooks.subprocess.SubprocessHook"}
{"timestamp":"2025-07-17T06:42:25.192808","level":"info","event":"   100K .......... .......... .......... .......... ..........  2% 11.8M 1s","logger":"airflow.task.hooks.airflow.providers.standard.hooks.subprocess.SubprocessHook"}
{"timestamp":"2025-07-17T06:42:25.196786","level":"info","event":"   150K .......... .......... .......... .......... ..........  2% 13.0M 1s","logger":"airflow.task.hooks.airflow.providers.standard.hooks.subprocess.SubprocessHook"}
{"timestamp":"2025-07-17T06:42:25.198175","level":"info","event":"   200K .......... .......... .......... .......... ..........  3% 29.9M 1s","logger":"airflow.task.hooks.airflow.providers.standard.hooks.subprocess.SubprocessHook"}
{"timestamp":"2025-07-17T06:42:25.203865","level":"info","event":"   250K .......... .......... .......... .......... ..........  4% 10.2M 1s","logger":"airflow.task.hooks.airflow.providers.standard.hooks.subprocess.SubprocessHook"}
{"timestamp":"2025-07-17T06:42:25.205416","level":"info","event":"   300K .......... .......... .......... .......... ..........  5% 46.3M 1s","logger":"airflow.task.hooks.airflow.providers.standard.hooks.subprocess.SubprocessHook"}
{"timestamp":"2025-07-17T06:42:25.205951","level":"info","event":"   350K .......... .......... .......... .......... ..........  5% 26.4M 0s","logger":"airflow.task.hooks.airflow.providers.standard.hooks.subprocess.SubprocessHook"}
{"timestamp":"2025-07-17T06:42:25.211303","level":"info","event":"   400K .......... .......... .......... .......... ..........  6% 9.71M 0s","logger":"airflow.task.hooks.airflow.providers.standard.hooks.subprocess.SubprocessHook"}
{"timestamp":"2025-07-17T06:42:25.214398","level":"info","event":"   450K .......... .......... .......... .......... ..........  7% 17.5M 0s","logger":"airflow.task.hooks.airflow.providers.standard.hooks.subprocess.SubprocessHook"}
{"timestamp":"2025-07-17T06:42:25.216966","level":"info","event":"   500K .......... .......... .......... .......... ..........  8% 15.0M 0s","logger":"airflow.task.hooks.airflow.providers.standard.hooks.subprocess.SubprocessHook"}
{"timestamp":"2025-07-17T06:42:25.217551","level":"info","event":"   550K .......... .......... .......... .......... ..........  8% 75.1M 0s","logger":"airflow.task.hooks.airflow.providers.standard.hooks.subprocess.SubprocessHook"}
{"timestamp":"2025-07-17T06:42:25.228261","level":"info","event":"   600K .......... .......... .......... .......... ..........  9% 4.64M 0s","logger":"airflow.task.hooks.airflow.providers.standard.hooks.subprocess.SubprocessHook"}
{"timestamp":"2025-07-17T06:42:25.237759","level":"info","event":"   650K .......... .......... .......... .......... .......... 10% 5.12M 1s","logger":"airflow.task.hooks.airflow.providers.standard.hooks.subprocess.SubprocessHook"}
{"timestamp":"2025-07-17T06:42:25.237871","level":"info","event":"   700K .......... .......... .......... .......... .......... 11%  190M 0s","logger":"airflow.task.hooks.airflow.providers.standard.hooks.subprocess.SubprocessHook"}
{"timestamp":"2025-07-17T06:42:25.238600","level":"info","event":"   750K .......... .......... .......... .......... .......... 11% 61.2M 0s","logger":"airflow.task.hooks.airflow.providers.standard.hooks.subprocess.SubprocessHook"}
{"timestamp":"2025-07-17T06:42:25.241420","level":"info","event":"   800K .......... .......... .......... .......... .......... 12% 27.4M 0s","logger":"airflow.task.hooks.airflow.providers.standard.hooks.subprocess.SubprocessHook"}
{"timestamp":"2025-07-17T06:42:25.241623","level":"info","event":"   850K .......... .......... .......... .......... .......... 13%  147M 0s","logger":"airflow.task.hooks.airflow.providers.standard.hooks.subprocess.SubprocessHook"}
{"timestamp":"2025-07-17T06:42:25.241872","level":"info","event":"   900K .......... .......... .......... .......... .......... 14%  167M 0s","logger":"airflow.task.hooks.airflow.providers.standard.hooks.subprocess.SubprocessHook"}
{"timestamp":"2025-07-17T06:42:25.243406","level":"info","event":"   950K .......... .......... .......... .......... .......... 14% 23.0M 0s","logger":"airflow.task.hooks.airflow.providers.standard.hooks.subprocess.SubprocessHook"}
{"timestamp":"2025-07-17T06:42:25.244034","level":"info","event":"  1000K .......... .......... .......... .......... .......... 15%  100M 0s","logger":"airflow.task.hooks.airflow.providers.standard.hooks.subprocess.SubprocessHook"}
{"timestamp":"2025-07-17T06:42:25.246020","level":"info","event":"  1050K .......... .......... .......... .......... .......... 16% 23.2M 0s","logger":"airflow.task.hooks.airflow.providers.standard.hooks.subprocess.SubprocessHook"}
{"timestamp":"2025-07-17T06:42:25.247049","level":"info","event":"  1100K .......... .......... .......... .......... .......... 17% 43.1M 0s","logger":"airflow.task.hooks.airflow.providers.standard.hooks.subprocess.SubprocessHook"}
{"timestamp":"2025-07-17T06:42:25.248589","level":"info","event":"  1150K .......... .......... .......... .......... .......... 17% 42.0M 0s","logger":"airflow.task.hooks.airflow.providers.standard.hooks.subprocess.SubprocessHook"}
{"timestamp":"2025-07-17T06:42:25.250108","level":"info","event":"  1200K .......... .......... .......... .......... .......... 18% 29.8M 0s","logger":"airflow.task.hooks.airflow.providers.standard.hooks.subprocess.SubprocessHook"}
{"timestamp":"2025-07-17T06:42:25.250660","level":"info","event":"  1250K .......... .......... .......... .......... .......... 19% 57.7M 0s","logger":"airflow.task.hooks.airflow.providers.standard.hooks.subprocess.SubprocessHook"}
{"timestamp":"2025-07-17T06:42:25.253846","level":"info","event":"  1300K .......... .......... .......... .......... .......... 20% 18.2M 0s","logger":"airflow.task.hooks.airflow.providers.standard.hooks.subprocess.SubprocessHook"}
{"timestamp":"2025-07-17T06:42:25.257109","level":"info","event":"  1350K .......... .......... .......... .......... .......... 20% 15.0M 0s","logger":"airflow.task.hooks.airflow.providers.standard.hooks.subprocess.SubprocessHook"}
{"timestamp":"2025-07-17T06:42:25.258947","level":"info","event":"  1400K .......... .......... .......... .......... .......... 21% 25.5M 0s","logger":"airflow.task.hooks.airflow.providers.standard.hooks.subprocess.SubprocessHook"}
{"timestamp":"2025-07-17T06:42:25.259015","level":"info","event":"  1450K .......... .......... .......... .......... .......... 22%  154M 0s","logger":"airflow.task.hooks.airflow.providers.standard.hooks.subprocess.SubprocessHook"}
{"timestamp":"2025-07-17T06:42:25.259853","level":"info","event":"  1500K .......... .......... .......... .......... .......... 23%  147M 0s","logger":"airflow.task.hooks.airflow.providers.standard.hooks.subprocess.SubprocessHook"}
{"timestamp":"2025-07-17T06:42:25.259965","level":"info","event":"  1550K .......... .......... .......... .......... .......... 23% 55.4M 0s","logger":"airflow.task.hooks.airflow.providers.standard.hooks.subprocess.SubprocessHook"}
{"timestamp":"2025-07-17T06:42:25.260437","level":"info","event":"  1600K .......... .......... .......... .......... .......... 24%  145M 0s","logger":"airflow.task.hooks.airflow.providers.standard.hooks.subprocess.SubprocessHook"}
{"timestamp":"2025-07-17T06:42:25.261368","level":"info","event":"  1650K .......... .......... .......... .......... .......... 25%  154M 0s","logger":"airflow.task.hooks.airflow.providers.standard.hooks.subprocess.SubprocessHook"}
{"timestamp":"2025-07-17T06:42:25.264100","level":"info","event":"  1700K .......... .......... .......... .......... .......... 26% 16.0M 0s","logger":"airflow.task.hooks.airflow.providers.standard.hooks.subprocess.SubprocessHook"}
{"timestamp":"2025-07-17T06:42:25.264568","level":"info","event":"  1750K .......... .......... .......... .......... .......... 26% 57.3M 0s","logger":"airflow.task.hooks.airflow.providers.standard.hooks.subprocess.SubprocessHook"}
{"timestamp":"2025-07-17T06:42:25.264872","level":"info","event":"  1800K .......... .......... .......... .......... .......... 27%  130M 0s","logger":"airflow.task.hooks.airflow.providers.standard.hooks.subprocess.SubprocessHook"}
{"timestamp":"2025-07-17T06:42:25.265961","level":"info","event":"  1850K .......... .......... .......... .......... .......... 28% 48.5M 0s","logger":"airflow.task.hooks.airflow.providers.standard.hooks.subprocess.SubprocessHook"}
{"timestamp":"2025-07-17T06:42:25.267497","level":"info","event":"  1900K .......... .......... .......... .......... .......... 28% 84.0M 0s","logger":"airflow.task.hooks.airflow.providers.standard.hooks.subprocess.SubprocessHook"}
{"timestamp":"2025-07-17T06:42:25.268529","level":"info","event":"  1950K .......... .......... .......... .......... .......... 29% 32.4M 0s","logger":"airflow.task.hooks.airflow.providers.standard.hooks.subprocess.SubprocessHook"}
{"timestamp":"2025-07-17T06:42:25.268746","level":"info","event":"  2000K .......... .......... .......... .......... .......... 30%  101M 0s","logger":"airflow.task.hooks.airflow.providers.standard.hooks.subprocess.SubprocessHook"}
{"timestamp":"2025-07-17T06:42:25.268803","level":"info","event":"  2050K .......... .......... .......... .......... .......... 31%  169M 0s","logger":"airflow.task.hooks.airflow.providers.standard.hooks.subprocess.SubprocessHook"}
{"timestamp":"2025-07-17T06:42:25.270148","level":"info","event":"  2100K .......... .......... .......... .......... .......... 31% 37.0M 0s","logger":"airflow.task.hooks.airflow.providers.standard.hooks.subprocess.SubprocessHook"}
{"timestamp":"2025-07-17T06:42:25.270955","level":"info","event":"  2150K .......... .......... .......... .......... .......... 32% 55.4M 0s","logger":"airflow.task.hooks.airflow.providers.standard.hooks.subprocess.SubprocessHook"}
{"timestamp":"2025-07-17T06:42:25.271276","level":"info","event":"  2200K .......... .......... .......... .......... .......... 33%  127M 0s","logger":"airflow.task.hooks.airflow.providers.standard.hooks.subprocess.SubprocessHook"}
{"timestamp":"2025-07-17T06:42:25.271531","level":"info","event":"  2250K .......... .......... .......... .......... .......... 34%  181M 0s","logger":"airflow.task.hooks.airflow.providers.standard.hooks.subprocess.SubprocessHook"}
{"timestamp":"2025-07-17T06:42:25.273473","level":"info","event":"  2300K .......... .......... .......... .......... .......... 34% 29.4M 0s","logger":"airflow.task.hooks.airflow.providers.standard.hooks.subprocess.SubprocessHook"}
{"timestamp":"2025-07-17T06:42:25.274733","level":"info","event":"  2350K .......... .......... .......... .......... .......... 35% 51.9M 0s","logger":"airflow.task.hooks.airflow.providers.standard.hooks.subprocess.SubprocessHook"}
{"timestamp":"2025-07-17T06:42:25.275517","level":"info","event":"  2400K .......... .......... .......... .......... .......... 36% 43.2M 0s","logger":"airflow.task.hooks.airflow.providers.standard.hooks.subprocess.SubprocessHook"}
{"timestamp":"2025-07-17T06:42:25.277397","level":"info","event":"  2450K .......... .......... .......... .......... .......... 37% 28.4M 0s","logger":"airflow.task.hooks.airflow.providers.standard.hooks.subprocess.SubprocessHook"}
{"timestamp":"2025-07-17T06:42:25.277623","level":"info","event":"  2500K .......... .......... .......... .......... .......... 37% 85.4M 0s","logger":"airflow.task.hooks.airflow.providers.standard.hooks.subprocess.SubprocessHook"}
{"timestamp":"2025-07-17T06:42:25.280868","level":"info","event":"  2550K .......... .......... .......... .......... .......... 38% 15.4M 0s","logger":"airflow.task.hooks.airflow.providers.standard.hooks.subprocess.SubprocessHook"}
{"timestamp":"2025-07-17T06:42:25.283030","level":"info","event":"  2600K .......... .......... .......... .......... .......... 39% 23.5M 0s","logger":"airflow.task.hooks.airflow.providers.standard.hooks.subprocess.SubprocessHook"}
{"timestamp":"2025-07-17T06:42:25.283147","level":"info","event":"  2650K .......... .......... .......... .......... .......... 40%  230M 0s","logger":"airflow.task.hooks.airflow.providers.standard.hooks.subprocess.SubprocessHook"}
{"timestamp":"2025-07-17T06:42:25.284010","level":"info","event":"  2700K .......... .......... .......... .......... .......... 40% 75.1M 0s","logger":"airflow.task.hooks.airflow.providers.standard.hooks.subprocess.SubprocessHook"}
{"timestamp":"2025-07-17T06:42:25.297599","level":"info","event":"  2750K .......... .......... .......... .......... .......... 41% 3.58M 0s","logger":"airflow.task.hooks.airflow.providers.standard.hooks.subprocess.SubprocessHook"}
{"timestamp":"2025-07-17T06:42:25.298230","level":"info","event":"  2800K .......... .......... .......... .......... .......... 42% 68.9M 0s","logger":"airflow.task.hooks.airflow.providers.standard.hooks.subprocess.SubprocessHook"}
{"timestamp":"2025-07-17T06:42:25.300211","level":"info","event":"  2850K .......... .......... .......... .......... .......... 43% 23.5M 0s","logger":"airflow.task.hooks.airflow.providers.standard.hooks.subprocess.SubprocessHook"}
{"timestamp":"2025-07-17T06:42:25.301590","level":"info","event":"  2900K .......... .......... .......... .......... .......... 43% 50.6M 0s","logger":"airflow.task.hooks.airflow.providers.standard.hooks.subprocess.SubprocessHook"}
{"timestamp":"2025-07-17T06:42:25.301692","level":"info","event":"  2950K .......... .......... .......... .......... .......... 44%  161M 0s","logger":"airflow.task.hooks.airflow.providers.standard.hooks.subprocess.SubprocessHook"}
{"timestamp":"2025-07-17T06:42:25.315825","level":"info","event":"  3000K .......... .......... .......... .......... .......... 45% 3.44M 0s","logger":"airflow.task.hooks.airflow.providers.standard.hooks.subprocess.SubprocessHook"}
{"timestamp":"2025-07-17T06:42:25.319762","level":"info","event":"  3050K .......... .......... .......... .......... .......... 46% 13.0M 0s","logger":"airflow.task.hooks.airflow.providers.standard.hooks.subprocess.SubprocessHook"}
{"timestamp":"2025-07-17T06:42:25.319883","level":"info","event":"  3100K .......... .......... .......... .......... .......... 46%  127M 0s","logger":"airflow.task.hooks.airflow.providers.standard.hooks.subprocess.SubprocessHook"}
{"timestamp":"2025-07-17T06:42:25.320540","level":"info","event":"  3150K .......... .......... .......... .......... .......... 47% 76.1M 0s","logger":"airflow.task.hooks.airflow.providers.standard.hooks.subprocess.SubprocessHook"}
{"timestamp":"2025-07-17T06:42:25.320826","level":"info","event":"  3200K .......... .......... .......... .......... .......... 48%  133M 0s","logger":"airflow.task.hooks.airflow.providers.standard.hooks.subprocess.SubprocessHook"}
{"timestamp":"2025-07-17T06:42:25.325751","level":"info","event":"  3250K .......... .......... .......... .......... .......... 49% 10.3M 0s","logger":"airflow.task.hooks.airflow.providers.standard.hooks.subprocess.SubprocessHook"}
{"timestamp":"2025-07-17T06:42:25.326802","level":"info","event":"  3300K .......... .......... .......... .......... .......... 49% 41.4M 0s","logger":"airflow.task.hooks.airflow.providers.standard.hooks.subprocess.SubprocessHook"}
{"timestamp":"2025-07-17T06:42:25.346265","level":"info","event":"  3350K .......... .......... .......... .......... .......... 50% 2.58M 0s","logger":"airflow.task.hooks.airflow.providers.standard.hooks.subprocess.SubprocessHook"}
{"timestamp":"2025-07-17T06:42:25.353137","level":"info","event":"  3400K .......... .......... .......... .......... .......... 51% 10.2M 0s","logger":"airflow.task.hooks.airflow.providers.standard.hooks.subprocess.SubprocessHook"}
{"timestamp":"2025-07-17T06:42:25.358788","level":"info","event":"  3450K .......... .......... .......... .......... .......... 52% 7.25M 0s","logger":"airflow.task.hooks.airflow.providers.standard.hooks.subprocess.SubprocessHook"}
{"timestamp":"2025-07-17T06:42:25.370256","level":"info","event":"  3500K .......... .......... .......... .......... .......... 52% 4.04M 0s","logger":"airflow.task.hooks.airflow.providers.standard.hooks.subprocess.SubprocessHook"}
{"timestamp":"2025-07-17T06:42:25.381706","level":"info","event":"  3550K .......... .......... .......... .......... .......... 53% 3.95M 0s","logger":"airflow.task.hooks.airflow.providers.standard.hooks.subprocess.SubprocessHook"}
{"timestamp":"2025-07-17T06:42:25.384393","level":"info","event":"  3600K .......... .......... .......... .......... .......... 54% 25.9M 0s","logger":"airflow.task.hooks.airflow.providers.standard.hooks.subprocess.SubprocessHook"}
{"timestamp":"2025-07-17T06:42:25.384542","level":"info","event":"  3650K .......... .......... .......... .......... .......... 54%  157M 0s","logger":"airflow.task.hooks.airflow.providers.standard.hooks.subprocess.SubprocessHook"}
{"timestamp":"2025-07-17T06:42:25.390779","level":"info","event":"  3700K .......... .......... .......... .......... .......... 55% 8.81M 0s","logger":"airflow.task.hooks.airflow.providers.standard.hooks.subprocess.SubprocessHook"}
{"timestamp":"2025-07-17T06:42:25.421495","level":"info","event":"  3750K .......... .......... .......... .......... .......... 56% 3.47M 0s","logger":"airflow.task.hooks.airflow.providers.standard.hooks.subprocess.SubprocessHook"}
{"timestamp":"2025-07-17T06:42:25.421643","level":"info","event":"  3800K .......... .......... .......... .......... .......... 57% 32.5M 0s","logger":"airflow.task.hooks.airflow.providers.standard.hooks.subprocess.SubprocessHook"}
{"timestamp":"2025-07-17T06:42:25.421766","level":"info","event":"  3850K .......... .......... .......... .......... .......... 57% 4.37M 0s","logger":"airflow.task.hooks.airflow.providers.standard.hooks.subprocess.SubprocessHook"}
{"timestamp":"2025-07-17T06:42:25.462389","level":"info","event":"  3900K .......... .......... .......... .......... .......... 58% 1.08M 0s","logger":"airflow.task.hooks.airflow.providers.standard.hooks.subprocess.SubprocessHook"}
{"timestamp":"2025-07-17T06:42:25.465945","level":"info","event":"  3950K .......... .......... .......... .......... .......... 59% 10.6M 0s","logger":"airflow.task.hooks.airflow.providers.standard.hooks.subprocess.SubprocessHook"}
{"timestamp":"2025-07-17T06:42:25.468424","level":"info","event":"  4000K .......... .......... .......... .......... .......... 60% 21.2M 0s","logger":"airflow.task.hooks.airflow.providers.standard.hooks.subprocess.SubprocessHook"}
{"timestamp":"2025-07-17T06:42:25.686253","level":"info","event":"  4050K .......... .......... .......... .......... .......... 60%  233K 0s","logger":"airflow.task.hooks.airflow.providers.standard.hooks.subprocess.SubprocessHook"}
{"timestamp":"2025-07-17T06:42:25.688741","level":"info","event":"  4100K .......... .......... .......... .......... .......... 61% 8.68M 0s","logger":"airflow.task.hooks.airflow.providers.standard.hooks.subprocess.SubprocessHook"}
{"timestamp":"2025-07-17T06:42:25.693409","level":"info","event":"  4150K .......... .......... .......... .......... .......... 62% 22.7M 0s","logger":"airflow.task.hooks.airflow.providers.standard.hooks.subprocess.SubprocessHook"}
{"timestamp":"2025-07-17T06:42:25.700823","level":"info","event":"  4200K .......... .......... .......... .......... .......... 63% 6.04M 0s","logger":"airflow.task.hooks.airflow.providers.standard.hooks.subprocess.SubprocessHook"}
{"timestamp":"2025-07-17T06:42:25.701366","level":"info","event":"  4250K .......... .......... .......... .......... .......... 63%  210M 0s","logger":"airflow.task.hooks.airflow.providers.standard.hooks.subprocess.SubprocessHook"}
{"timestamp":"2025-07-17T06:42:25.705301","level":"info","event":"  4300K .......... .......... .......... .......... .......... 64% 24.1M 0s","logger":"airflow.task.hooks.airflow.providers.standard.hooks.subprocess.SubprocessHook"}
{"timestamp":"2025-07-17T06:42:25.710746","level":"info","event":"  4350K .......... .......... .......... .......... .......... 65% 6.96M 0s","logger":"airflow.task.hooks.airflow.providers.standard.hooks.subprocess.SubprocessHook"}
{"timestamp":"2025-07-17T06:42:25.710900","level":"info","event":"  4400K .......... .......... .......... .......... .......... 66% 31.7M 0s","logger":"airflow.task.hooks.airflow.providers.standard.hooks.subprocess.SubprocessHook"}
{"timestamp":"2025-07-17T06:42:25.711116","level":"info","event":"  4450K .......... .......... .......... .......... .......... 66%  110M 0s","logger":"airflow.task.hooks.airflow.providers.standard.hooks.subprocess.SubprocessHook"}
{"timestamp":"2025-07-17T06:42:25.713250","level":"info","event":"  4500K .......... .......... .......... .......... .......... 67% 20.1M 0s","logger":"airflow.task.hooks.airflow.providers.standard.hooks.subprocess.SubprocessHook"}
{"timestamp":"2025-07-17T06:42:25.714821","level":"info","event":"  4550K .......... .......... .......... .......... .......... 68% 27.7M 0s","logger":"airflow.task.hooks.airflow.providers.standard.hooks.subprocess.SubprocessHook"}
{"timestamp":"2025-07-17T06:42:25.717303","level":"info","event":"  4600K .......... .......... .......... .......... .......... 69% 19.9M 0s","logger":"airflow.task.hooks.airflow.providers.standard.hooks.subprocess.SubprocessHook"}
{"timestamp":"2025-07-17T06:42:25.720725","level":"info","event":"  4650K .......... .......... .......... .......... .......... 69% 12.2M 0s","logger":"airflow.task.hooks.airflow.providers.standard.hooks.subprocess.SubprocessHook"}
{"timestamp":"2025-07-17T06:42:25.722754","level":"info","event":"  4700K .......... .......... .......... .......... .......... 70% 46.8M 0s","logger":"airflow.task.hooks.airflow.providers.standard.hooks.subprocess.SubprocessHook"}
{"timestamp":"2025-07-17T06:42:25.723182","level":"info","event":"  4750K .......... .......... .......... .......... .......... 71% 38.4M 0s","logger":"airflow.task.hooks.airflow.providers.standard.hooks.subprocess.SubprocessHook"}
{"timestamp":"2025-07-17T06:42:25.723691","level":"info","event":"  4800K .......... .......... .......... .......... .......... 72%  103M 0s","logger":"airflow.task.hooks.airflow.providers.standard.hooks.subprocess.SubprocessHook"}
{"timestamp":"2025-07-17T06:42:25.723721","level":"info","event":"  4850K .......... .......... .......... .......... .......... 72%  205M 0s","logger":"airflow.task.hooks.airflow.providers.standard.hooks.subprocess.SubprocessHook"}
{"timestamp":"2025-07-17T06:42:25.723896","level":"info","event":"  4900K .......... .......... .......... .......... .......... 73%  220M 0s","logger":"airflow.task.hooks.airflow.providers.standard.hooks.subprocess.SubprocessHook"}
{"timestamp":"2025-07-17T06:42:25.727112","level":"info","event":"  4950K .......... .......... .......... .......... .......... 74% 16.7M 0s","logger":"airflow.task.hooks.airflow.providers.standard.hooks.subprocess.SubprocessHook"}
{"timestamp":"2025-07-17T06:42:25.728839","level":"info","event":"  5000K .......... .......... .......... .......... .......... 75% 59.5M 0s","logger":"airflow.task.hooks.airflow.providers.standard.hooks.subprocess.SubprocessHook"}
{"timestamp":"2025-07-17T06:42:25.728959","level":"info","event":"  5050K .......... .......... .......... .......... .......... 75%  246M 0s","logger":"airflow.task.hooks.airflow.providers.standard.hooks.subprocess.SubprocessHook"}
{"timestamp":"2025-07-17T06:42:25.737833","level":"info","event":"  5100K .......... .......... .......... .......... .......... 76% 5.53M 0s","logger":"airflow.task.hooks.airflow.providers.standard.hooks.subprocess.SubprocessHook"}
{"timestamp":"2025-07-17T06:42:25.739576","level":"info","event":"  5150K .......... .......... .......... .......... .......... 77% 17.5M 0s","logger":"airflow.task.hooks.airflow.providers.standard.hooks.subprocess.SubprocessHook"}
{"timestamp":"2025-07-17T06:42:25.745805","level":"info","event":"  5200K .......... .......... .......... .......... .......... 78% 16.6M 0s","logger":"airflow.task.hooks.airflow.providers.standard.hooks.subprocess.SubprocessHook"}
{"timestamp":"2025-07-17T06:42:25.747677","level":"info","event":"  5250K .......... .......... .......... .......... .......... 78% 14.1M 0s","logger":"airflow.task.hooks.airflow.providers.standard.hooks.subprocess.SubprocessHook"}
{"timestamp":"2025-07-17T06:42:25.754185","level":"info","event":"  5300K .......... .......... .......... .......... .......... 79% 6.20M 0s","logger":"airflow.task.hooks.airflow.providers.standard.hooks.subprocess.SubprocessHook"}
{"timestamp":"2025-07-17T06:42:25.754887","level":"info","event":"  5350K .......... .......... .......... .......... .......... 80%  225M 0s","logger":"airflow.task.hooks.airflow.providers.standard.hooks.subprocess.SubprocessHook"}
{"timestamp":"2025-07-17T06:42:25.762671","level":"info","event":"  5400K .......... .......... .......... .......... .......... 80% 5.98M 0s","logger":"airflow.task.hooks.airflow.providers.standard.hooks.subprocess.SubprocessHook"}
{"timestamp":"2025-07-17T06:42:25.786035","level":"info","event":"  5450K .......... .......... .......... .......... .......... 81% 2.07M 0s","logger":"airflow.task.hooks.airflow.providers.standard.hooks.subprocess.SubprocessHook"}
{"timestamp":"2025-07-17T06:42:25.792136","level":"info","event":"  5500K .......... .......... .......... .......... .......... 82% 10.7M 0s","logger":"airflow.task.hooks.airflow.providers.standard.hooks.subprocess.SubprocessHook"}
{"timestamp":"2025-07-17T06:42:25.794988","level":"info","event":"  5550K .......... .......... .......... .......... .......... 83% 13.7M 0s","logger":"airflow.task.hooks.airflow.providers.standard.hooks.subprocess.SubprocessHook"}
{"timestamp":"2025-07-17T06:42:25.800774","level":"info","event":"  5600K .......... .......... .......... .......... .......... 83% 8.25M 0s","logger":"airflow.task.hooks.airflow.providers.standard.hooks.subprocess.SubprocessHook"}
{"timestamp":"2025-07-17T06:42:25.800853","level":"info","event":"  5650K .......... .......... .......... .......... .......... 84%  187M 0s","logger":"airflow.task.hooks.airflow.providers.standard.hooks.subprocess.SubprocessHook"}
{"timestamp":"2025-07-17T06:42:25.800889","level":"info","event":"  5700K .......... .......... .......... .......... .......... 85%  208M 0s","logger":"airflow.task.hooks.airflow.providers.standard.hooks.subprocess.SubprocessHook"}
{"timestamp":"2025-07-17T06:42:25.800914","level":"info","event":"  5750K .......... .......... .......... .......... .......... 86% 93.3M 0s","logger":"airflow.task.hooks.airflow.providers.standard.hooks.subprocess.SubprocessHook"}
{"timestamp":"2025-07-17T06:42:25.801109","level":"info","event":"  5800K .......... .......... .......... .......... .......... 86%  179M 0s","logger":"airflow.task.hooks.airflow.providers.standard.hooks.subprocess.SubprocessHook"}
{"timestamp":"2025-07-17T06:42:25.801862","level":"info","event":"  5850K .......... .......... .......... .......... .......... 87% 62.3M 0s","logger":"airflow.task.hooks.airflow.providers.standard.hooks.subprocess.SubprocessHook"}
{"timestamp":"2025-07-17T06:42:25.803400","level":"info","event":"  5900K .......... .......... .......... .......... .......... 88% 43.3M 0s","logger":"airflow.task.hooks.airflow.providers.standard.hooks.subprocess.SubprocessHook"}
{"timestamp":"2025-07-17T06:42:25.803471","level":"info","event":"  5950K .......... .......... .......... .......... .......... 89%  150M 0s","logger":"airflow.task.hooks.airflow.providers.standard.hooks.subprocess.SubprocessHook"}
{"timestamp":"2025-07-17T06:42:25.804281","level":"info","event":"  6000K .......... .......... .......... .......... .......... 89% 49.5M 0s","logger":"airflow.task.hooks.airflow.providers.standard.hooks.subprocess.SubprocessHook"}
{"timestamp":"2025-07-17T06:42:25.805858","level":"info","event":"  6050K .......... .......... .......... .......... .......... 90% 36.8M 0s","logger":"airflow.task.hooks.airflow.providers.standard.hooks.subprocess.SubprocessHook"}
{"timestamp":"2025-07-17T06:42:25.806037","level":"info","event":"  6100K .......... .......... .......... .......... .......... 91%  160M 0s","logger":"airflow.task.hooks.airflow.providers.standard.hooks.subprocess.SubprocessHook"}
{"timestamp":"2025-07-17T06:42:25.806310","level":"info","event":"  6150K .......... .......... .......... .......... .......... 92%  127M 0s","logger":"airflow.task.hooks.airflow.providers.standard.hooks.subprocess.SubprocessHook"}
{"timestamp":"2025-07-17T06:42:25.806919","level":"info","event":"  6200K .......... .......... .......... .......... .......... 92%  199M 0s","logger":"airflow.task.hooks.airflow.providers.standard.hooks.subprocess.SubprocessHook"}
{"timestamp":"2025-07-17T06:42:25.807226","level":"info","event":"  6250K .......... .......... .......... .......... .......... 93% 79.0M 0s","logger":"airflow.task.hooks.airflow.providers.standard.hooks.subprocess.SubprocessHook"}
{"timestamp":"2025-07-17T06:42:25.807432","level":"info","event":"  6300K .......... .......... .......... .......... .......... 94%  236M 0s","logger":"airflow.task.hooks.airflow.providers.standard.hooks.subprocess.SubprocessHook"}
{"timestamp":"2025-07-17T06:42:25.807548","level":"info","event":"  6350K .......... .......... .......... .......... .......... 95%  204M 0s","logger":"airflow.task.hooks.airflow.providers.standard.hooks.subprocess.SubprocessHook"}
{"timestamp":"2025-07-17T06:42:25.808021","level":"info","event":"  6400K .......... .......... .......... .......... .......... 95%  214M 0s","logger":"airflow.task.hooks.airflow.providers.standard.hooks.subprocess.SubprocessHook"}
{"timestamp":"2025-07-17T06:42:25.808166","level":"info","event":"  6450K .......... .......... .......... .......... .......... 96%  254M 0s","logger":"airflow.task.hooks.airflow.providers.standard.hooks.subprocess.SubprocessHook"}
{"timestamp":"2025-07-17T06:42:25.808216","level":"info","event":"  6500K .......... .......... .......... .......... .......... 97%  239M 0s","logger":"airflow.task.hooks.airflow.providers.standard.hooks.subprocess.SubprocessHook"}
{"timestamp":"2025-07-17T06:42:25.808454","level":"info","event":"  6550K .......... .......... .......... .......... .......... 98%  186M 0s","logger":"airflow.task.hooks.airflow.providers.standard.hooks.subprocess.SubprocessHook"}
{"timestamp":"2025-07-17T06:42:25.808847","level":"info","event":"  6600K .......... .......... .......... .......... .......... 98%  187M 0s","logger":"airflow.task.hooks.airflow.providers.standard.hooks.subprocess.SubprocessHook"}
{"timestamp":"2025-07-17T06:42:25.809831","level":"info","event":"  6650K .......... .......... .......... .......... .......... 99%  117M 0s","logger":"airflow.task.hooks.airflow.providers.standard.hooks.subprocess.SubprocessHook"}
{"timestamp":"2025-07-17T06:42:25.809920","level":"info","event":"  6700K .......... .......... .........                       100%  182M=0.6s","logger":"airflow.task.hooks.airflow.providers.standard.hooks.subprocess.SubprocessHook"}
{"timestamp":"2025-07-17T06:42:25.810005","level":"info","event":"","logger":"airflow.task.hooks.airflow.providers.standard.hooks.subprocess.SubprocessHook"}
{"timestamp":"2025-07-17T06:42:25.810079","level":"info","event":"2025-07-17 06:42:25 (10.4 MB/s) - ‘/opt/airflow/green_tripdata_2020-02.csv.gz’ saved [6891456/6891456]","logger":"airflow.task.hooks.airflow.providers.standard.hooks.subprocess.SubprocessHook"}
{"timestamp":"2025-07-17T06:42:25.810188","level":"info","event":"","logger":"airflow.task.hooks.airflow.providers.standard.hooks.subprocess.SubprocessHook"}
{"timestamp":"2025-07-17T06:42:26.283671","level":"info","event":"Command exited with return code 0","logger":"airflow.task.hooks.airflow.providers.standard.hooks.subprocess.SubprocessHook"}
{"timestamp":"2025-07-17T06:42:26.342373","level":"info","event":"Pushing xcom","ti":"RuntimeTaskInstance(id=UUID('0198171e-afa1-7cfd-8152-9d4a8723005b'), task_id='wget_trips_csvgz', dag_id='local_ingestion_pg_green', run_id='scheduled__2020-02-02T06:00:00+00:00', try_number=1, map_index=-1, hostname='3f7f1d329e72', context_carrier={}, task=<Task(BashOperator): wget_trips_csvgz>, bundle_instance=LocalDagBundle(name=dags-folder), max_tries=0, start_date=datetime.datetime(2025, 7, 17, 6, 42, 23, 922148, tzinfo=TzInfo(UTC)), end_date=None, state=<TaskInstanceState.RUNNING: 'running'>, is_mapped=False, rendered_map_index=None)","logger":"task"}
{"timestamp":"2025-07-17T06:53:15.475396","level":"info","event":"DAG bundles loaded: dags-folder","logger":"airflow.dag_processing.bundles.manager.DagBundlesManager"}
{"timestamp":"2025-07-17T06:53:15.476542","level":"info","event":"Filling up the DagBag from /opt/airflow/dags/data_ingestion_localpg_dag.py","logger":"airflow.models.dagbag.DagBag"}
{"timestamp":"2025-07-17T06:53:16.500290","level":"info","event":"Tmp dir root location: /tmp","logger":"airflow.task.hooks.airflow.providers.standard.hooks.subprocess.SubprocessHook"}
{"timestamp":"2025-07-17T06:53:16.578840","level":"info","event":"Running command: ['/usr/bin/bash', '-c', 'wget https://github.com/DataTalksClub/nyc-tlc-data/releases/download/green/green_tripdata_2020-02.csv.gz -O /opt/airflow/green_tripdata_2020-02.csv.gz && gunzip -f /opt/airflow/green_tripdata_2020-02.csv.gz || rm -f /opt/airflow/green_tripdata_2020-02.csv.gz']","logger":"airflow.task.hooks.airflow.providers.standard.hooks.subprocess.SubprocessHook"}
{"timestamp":"2025-07-17T06:53:16.727698","level":"info","event":"Output:","logger":"airflow.task.hooks.airflow.providers.standard.hooks.subprocess.SubprocessHook"}
{"timestamp":"2025-07-17T06:53:16.995787","level":"info","event":"--2025-07-17 06:53:16--  https://github.com/DataTalksClub/nyc-tlc-data/releases/download/green/green_tripdata_2020-02.csv.gz","logger":"airflow.task.hooks.airflow.providers.standard.hooks.subprocess.SubprocessHook"}
{"timestamp":"2025-07-17T06:53:17.246645","level":"info","event":"Resolving github.com (github.com)... 20.205.243.166","logger":"airflow.task.hooks.airflow.providers.standard.hooks.subprocess.SubprocessHook"}
{"timestamp":"2025-07-17T06:53:17.265632","level":"info","event":"Connecting to github.com (github.com)|20.205.243.166|:443... connected.","logger":"airflow.task.hooks.airflow.providers.standard.hooks.subprocess.SubprocessHook"}
{"timestamp":"2025-07-17T06:53:17.729961","level":"info","event":"HTTP request sent, awaiting response... 302 Found","logger":"airflow.task.hooks.airflow.providers.standard.hooks.subprocess.SubprocessHook"}
{"timestamp":"2025-07-17T06:53:17.730564","level":"info","event":"Location: https://release-assets.githubusercontent.com/github-production-release-asset/513814948/a044ac3e-1cf9-4cc5-ba7b-a96aeee93065?sp=r&sv=2018-11-09&sr=b&spr=https&se=2025-07-17T07%3A43%3A31Z&rscd=attachment%3B+filename%3Dgreen_tripdata_2020-02.csv.gz&rsct=application%2Foctet-stream&skoid=96c2d410-5711-43a1-aedd-ab1947aa7ab0&sktid=398a6654-997b-47e9-b12b-9515b896b4de&skt=2025-07-17T06%3A42%3A58Z&ske=2025-07-17T07%3A43%3A31Z&sks=b&skv=2018-11-09&sig=hwHqayaLHU7J%2B7szMHjZ%2BtrTPY%2BVl6uEu5PKmRVtceA%3D&jwt=eyJ******&response-content-disposition=attachment%3B%20filename%3Dgreen_tripdata_2020-02.csv.gz&response-content-type=application%2Foctet-stream [following]","logger":"airflow.task.hooks.airflow.providers.standard.hooks.subprocess.SubprocessHook"}
{"timestamp":"2025-07-17T06:53:17.731057","level":"info","event":"--2025-07-17 06:53:17--  https://release-assets.githubusercontent.com/github-production-release-asset/513814948/a044ac3e-1cf9-4cc5-ba7b-a96aeee93065?sp=r&sv=2018-11-09&sr=b&spr=https&se=2025-07-17T07%3A43%3A31Z&rscd=attachment%3B+filename%3Dgreen_tripdata_2020-02.csv.gz&rsct=application%2Foctet-stream&skoid=96c2d410-5711-43a1-aedd-ab1947aa7ab0&sktid=398a6654-997b-47e9-b12b-9515b896b4de&skt=2025-07-17T06%3A42%3A58Z&ske=2025-07-17T07%3A43%3A31Z&sks=b&skv=2018-11-09&sig=hwHqayaLHU7J%2B7szMHjZ%2BtrTPY%2BVl6uEu5PKmRVtceA%3D&jwt=eyJ******&response-content-disposition=attachment%3B%20filename%3Dgreen_tripdata_2020-02.csv.gz&response-content-type=application%2Foctet-stream","logger":"airflow.task.hooks.airflow.providers.standard.hooks.subprocess.SubprocessHook"}
{"timestamp":"2025-07-17T06:53:17.751222","level":"info","event":"Resolving release-assets.githubusercontent.com (release-assets.githubusercontent.com)... 185.199.111.133, 185.199.108.133, 185.199.109.133, ...","logger":"airflow.task.hooks.airflow.providers.standard.hooks.subprocess.SubprocessHook"}
{"timestamp":"2025-07-17T06:53:17.763013","level":"info","event":"Connecting to release-assets.githubusercontent.com (release-assets.githubusercontent.com)|185.199.111.133|:443... connected.","logger":"airflow.task.hooks.airflow.providers.standard.hooks.subprocess.SubprocessHook"}
{"timestamp":"2025-07-17T06:53:17.812570","level":"info","event":"HTTP request sent, awaiting response... 200 OK","logger":"airflow.task.hooks.airflow.providers.standard.hooks.subprocess.SubprocessHook"}
{"timestamp":"2025-07-17T06:53:17.813987","level":"info","event":"Length: 6891456 (6.6M) [application/octet-stream]","logger":"airflow.task.hooks.airflow.providers.standard.hooks.subprocess.SubprocessHook"}
{"timestamp":"2025-07-17T06:53:17.814078","level":"info","event":"Saving to: ‘/opt/airflow/green_tripdata_2020-02.csv.gz’","logger":"airflow.task.hooks.airflow.providers.standard.hooks.subprocess.SubprocessHook"}
{"timestamp":"2025-07-17T06:53:17.814155","level":"info","event":"","logger":"airflow.task.hooks.airflow.providers.standard.hooks.subprocess.SubprocessHook"}
{"timestamp":"2025-07-17T06:53:17.820806","level":"info","event":"     0K .......... .......... .......... .......... ..........  0% 6.71M 1s","logger":"airflow.task.hooks.airflow.providers.standard.hooks.subprocess.SubprocessHook"}
{"timestamp":"2025-07-17T06:53:17.829676","level":"info","event":"    50K .......... .......... .......... .......... ..........  1% 6.17M 1s","logger":"airflow.task.hooks.airflow.providers.standard.hooks.subprocess.SubprocessHook"}
{"timestamp":"2025-07-17T06:53:17.832451","level":"info","event":"   100K .......... .......... .......... .......... ..........  2% 12.1M 1s","logger":"airflow.task.hooks.airflow.providers.standard.hooks.subprocess.SubprocessHook"}
{"timestamp":"2025-07-17T06:53:17.834109","level":"info","event":"   150K .......... .......... .......... .......... ..........  2% 28.7M 1s","logger":"airflow.task.hooks.airflow.providers.standard.hooks.subprocess.SubprocessHook"}
{"timestamp":"2025-07-17T06:53:17.834236","level":"info","event":"   200K .......... .......... .......... .......... ..........  3%  233M 1s","logger":"airflow.task.hooks.airflow.providers.standard.hooks.subprocess.SubprocessHook"}
{"timestamp":"2025-07-17T06:53:17.838445","level":"info","event":"   250K .......... .......... .......... .......... ..........  4% 11.3M 1s","logger":"airflow.task.hooks.airflow.providers.standard.hooks.subprocess.SubprocessHook"}
{"timestamp":"2025-07-17T06:53:17.838544","level":"info","event":"   300K .......... .......... .......... .......... ..........  5%  290M 0s","logger":"airflow.task.hooks.airflow.providers.standard.hooks.subprocess.SubprocessHook"}
{"timestamp":"2025-07-17T06:53:17.838712","level":"info","event":"   350K .......... .......... .......... .......... ..........  5%  239M 0s","logger":"airflow.task.hooks.airflow.providers.standard.hooks.subprocess.SubprocessHook"}
{"timestamp":"2025-07-17T06:53:17.842364","level":"info","event":"   400K .......... .......... .......... .......... ..........  6% 14.3M 0s","logger":"airflow.task.hooks.airflow.providers.standard.hooks.subprocess.SubprocessHook"}
{"timestamp":"2025-07-17T06:53:17.843773","level":"info","event":"   450K .......... .......... .......... .......... ..........  7% 41.9M 0s","logger":"airflow.task.hooks.airflow.providers.standard.hooks.subprocess.SubprocessHook"}
{"timestamp":"2025-07-17T06:53:17.845612","level":"info","event":"   500K .......... .......... .......... .......... ..........  8% 24.2M 0s","logger":"airflow.task.hooks.airflow.providers.standard.hooks.subprocess.SubprocessHook"}
{"timestamp":"2025-07-17T06:53:17.848938","level":"info","event":"   550K .......... .......... .......... .......... ..........  8% 14.6M 0s","logger":"airflow.task.hooks.airflow.providers.standard.hooks.subprocess.SubprocessHook"}
{"timestamp":"2025-07-17T06:53:17.849018","level":"info","event":"   600K .......... .......... .......... .......... ..........  9%  285M 0s","logger":"airflow.task.hooks.airflow.providers.standard.hooks.subprocess.SubprocessHook"}
{"timestamp":"2025-07-17T06:53:17.850830","level":"info","event":"   650K .......... .......... .......... .......... .......... 10% 31.3M 0s","logger":"airflow.task.hooks.airflow.providers.standard.hooks.subprocess.SubprocessHook"}
{"timestamp":"2025-07-17T06:53:17.855655","level":"info","event":"   700K .......... .......... .......... .......... .......... 11% 20.3M 0s","logger":"airflow.task.hooks.airflow.providers.standard.hooks.subprocess.SubprocessHook"}
{"timestamp":"2025-07-17T06:53:17.855808","level":"info","event":"   750K .......... .......... .......... .......... .......... 11% 79.2M 0s","logger":"airflow.task.hooks.airflow.providers.standard.hooks.subprocess.SubprocessHook"}
{"timestamp":"2025-07-17T06:53:17.864090","level":"info","event":"   800K .......... .......... .......... .......... .......... 12% 4.61M 0s","logger":"airflow.task.hooks.airflow.providers.standard.hooks.subprocess.SubprocessHook"}
{"timestamp":"2025-07-17T06:53:17.872328","level":"info","event":"   850K .......... .......... .......... .......... .......... 13% 5.95M 0s","logger":"airflow.task.hooks.airflow.providers.standard.hooks.subprocess.SubprocessHook"}
{"timestamp":"2025-07-17T06:53:17.874112","level":"info","event":"   900K .......... .......... .......... .......... .......... 14% 72.8M 0s","logger":"airflow.task.hooks.airflow.providers.standard.hooks.subprocess.SubprocessHook"}
{"timestamp":"2025-07-17T06:53:17.875359","level":"info","event":"   950K .......... .......... .......... .......... .......... 14% 21.2M 0s","logger":"airflow.task.hooks.airflow.providers.standard.hooks.subprocess.SubprocessHook"}
{"timestamp":"2025-07-17T06:53:17.875781","level":"info","event":"  1000K .......... .......... .......... .......... .......... 15%  201M 0s","logger":"airflow.task.hooks.airflow.providers.standard.hooks.subprocess.SubprocessHook"}
{"timestamp":"2025-07-17T06:53:17.882644","level":"info","event":"  1050K .......... .......... .......... .......... .......... 16% 7.12M 0s","logger":"airflow.task.hooks.airflow.providers.standard.hooks.subprocess.SubprocessHook"}
{"timestamp":"2025-07-17T06:53:17.891056","level":"info","event":"  1100K .......... .......... .......... .......... .......... 17% 7.07M 0s","logger":"airflow.task.hooks.airflow.providers.standard.hooks.subprocess.SubprocessHook"}
{"timestamp":"2025-07-17T06:53:17.894093","level":"info","event":"  1150K .......... .......... .......... .......... .......... 17% 17.7M 0s","logger":"airflow.task.hooks.airflow.providers.standard.hooks.subprocess.SubprocessHook"}
{"timestamp":"2025-07-17T06:53:17.894304","level":"info","event":"  1200K .......... .......... .......... .......... .......... 18% 31.5M 0s","logger":"airflow.task.hooks.airflow.providers.standard.hooks.subprocess.SubprocessHook"}
{"timestamp":"2025-07-17T06:53:17.894429","level":"info","event":"  1250K .......... .......... .......... .......... .......... 19%  206M 0s","logger":"airflow.task.hooks.airflow.providers.standard.hooks.subprocess.SubprocessHook"}
{"timestamp":"2025-07-17T06:53:17.894564","level":"info","event":"  1300K .......... .......... .......... .......... .......... 20% 61.6M 0s","logger":"airflow.task.hooks.airflow.providers.standard.hooks.subprocess.SubprocessHook"}
{"timestamp":"2025-07-17T06:53:17.894732","level":"info","event":"  1350K .......... .......... .......... .......... .......... 20%  223M 0s","logger":"airflow.task.hooks.airflow.providers.standard.hooks.subprocess.SubprocessHook"}
{"timestamp":"2025-07-17T06:53:17.895783","level":"info","event":"  1400K .......... .......... .......... .......... .......... 21%  109M 0s","logger":"airflow.task.hooks.airflow.providers.standard.hooks.subprocess.SubprocessHook"}
{"timestamp":"2025-07-17T06:53:17.895934","level":"info","event":"  1450K .......... .......... .......... .......... .......... 22%  220M 0s","logger":"airflow.task.hooks.airflow.providers.standard.hooks.subprocess.SubprocessHook"}
{"timestamp":"2025-07-17T06:53:17.896239","level":"info","event":"  1500K .......... .......... .......... .......... .......... 23%  112M 0s","logger":"airflow.task.hooks.airflow.providers.standard.hooks.subprocess.SubprocessHook"}
{"timestamp":"2025-07-17T06:53:17.896306","level":"info","event":"  1550K .......... .......... .......... .......... .......... 23%  177M 0s","logger":"airflow.task.hooks.airflow.providers.standard.hooks.subprocess.SubprocessHook"}
{"timestamp":"2025-07-17T06:53:17.896370","level":"info","event":"  1600K .......... .......... .......... .......... .......... 24%  242M 0s","logger":"airflow.task.hooks.airflow.providers.standard.hooks.subprocess.SubprocessHook"}
{"timestamp":"2025-07-17T06:53:17.898478","level":"info","event":"  1650K .......... .......... .......... .......... .......... 25%  239M 0s","logger":"airflow.task.hooks.airflow.providers.standard.hooks.subprocess.SubprocessHook"}
{"timestamp":"2025-07-17T06:53:17.898676","level":"info","event":"  1700K .......... .......... .......... .......... .......... 26%  215M 0s","logger":"airflow.task.hooks.airflow.providers.standard.hooks.subprocess.SubprocessHook"}
{"timestamp":"2025-07-17T06:53:17.898820","level":"info","event":"  1750K .......... .......... .......... .......... .......... 26%  206M 0s","logger":"airflow.task.hooks.airflow.providers.standard.hooks.subprocess.SubprocessHook"}
{"timestamp":"2025-07-17T06:53:17.898982","level":"info","event":"  1800K .......... .......... .......... .......... .......... 27%  264M 0s","logger":"airflow.task.hooks.airflow.providers.standard.hooks.subprocess.SubprocessHook"}
{"timestamp":"2025-07-17T06:53:17.900345","level":"info","event":"  1850K .......... .......... .......... .......... .......... 28% 46.0M 0s","logger":"airflow.task.hooks.airflow.providers.standard.hooks.subprocess.SubprocessHook"}
{"timestamp":"2025-07-17T06:53:17.902745","level":"info","event":"  1900K .......... .......... .......... .......... .......... 28%  231M 0s","logger":"airflow.task.hooks.airflow.providers.standard.hooks.subprocess.SubprocessHook"}
{"timestamp":"2025-07-17T06:53:17.903121","level":"info","event":"  1950K .......... .......... .......... .......... .......... 29% 10.5M 0s","logger":"airflow.task.hooks.airflow.providers.standard.hooks.subprocess.SubprocessHook"}
{"timestamp":"2025-07-17T06:53:17.907500","level":"info","event":"  2000K .......... .......... .......... .......... .......... 30% 11.4M 0s","logger":"airflow.task.hooks.airflow.providers.standard.hooks.subprocess.SubprocessHook"}
{"timestamp":"2025-07-17T06:53:17.916763","level":"info","event":"  2050K .......... .......... .......... .......... .......... 31% 21.3M 0s","logger":"airflow.task.hooks.airflow.providers.standard.hooks.subprocess.SubprocessHook"}
{"timestamp":"2025-07-17T06:53:17.917200","level":"info","event":"  2100K .......... .......... .......... .......... .......... 31% 6.88M 0s","logger":"airflow.task.hooks.airflow.providers.standard.hooks.subprocess.SubprocessHook"}
{"timestamp":"2025-07-17T06:53:17.919516","level":"info","event":"  2150K .......... .......... .......... .......... .......... 32% 27.5M 0s","logger":"airflow.task.hooks.airflow.providers.standard.hooks.subprocess.SubprocessHook"}
{"timestamp":"2025-07-17T06:53:17.920496","level":"info","event":"  2200K .......... .......... .......... .......... .......... 33%  212M 0s","logger":"airflow.task.hooks.airflow.providers.standard.hooks.subprocess.SubprocessHook"}
{"timestamp":"2025-07-17T06:53:17.920562","level":"info","event":"  2250K .......... .......... .......... .......... .......... 34%  223M 0s","logger":"airflow.task.hooks.airflow.providers.standard.hooks.subprocess.SubprocessHook"}
{"timestamp":"2025-07-17T06:53:17.920760","level":"info","event":"  2300K .......... .......... .......... .......... .......... 34%  149M 0s","logger":"airflow.task.hooks.airflow.providers.standard.hooks.subprocess.SubprocessHook"}
{"timestamp":"2025-07-17T06:53:17.923803","level":"info","event":"  2350K .......... .......... .......... .......... .......... 35% 15.2M 0s","logger":"airflow.task.hooks.airflow.providers.standard.hooks.subprocess.SubprocessHook"}
{"timestamp":"2025-07-17T06:53:17.924004","level":"info","event":"  2400K .......... .......... .......... .......... .......... 36% 34.5M 0s","logger":"airflow.task.hooks.airflow.providers.standard.hooks.subprocess.SubprocessHook"}
{"timestamp":"2025-07-17T06:53:17.925771","level":"info","event":"  2450K .......... .......... .......... .......... .......... 37%  141M 0s","logger":"airflow.task.hooks.airflow.providers.standard.hooks.subprocess.SubprocessHook"}
{"timestamp":"2025-07-17T06:53:17.925854","level":"info","event":"  2500K .......... .......... .......... .......... .......... 37%  138M 0s","logger":"airflow.task.hooks.airflow.providers.standard.hooks.subprocess.SubprocessHook"}
{"timestamp":"2025-07-17T06:53:17.925949","level":"info","event":"  2550K .......... .......... .......... .......... .......... 38% 41.6M 0s","logger":"airflow.task.hooks.airflow.providers.standard.hooks.subprocess.SubprocessHook"}
{"timestamp":"2025-07-17T06:53:17.961801","level":"info","event":"  2600K .......... .......... .......... .......... .......... 39% 1.44M 0s","logger":"airflow.task.hooks.airflow.providers.standard.hooks.subprocess.SubprocessHook"}
{"timestamp":"2025-07-17T06:53:17.964606","level":"info","event":"  2650K .......... .......... .......... .......... .......... 40% 17.2M 0s","logger":"airflow.task.hooks.airflow.providers.standard.hooks.subprocess.SubprocessHook"}
{"timestamp":"2025-07-17T06:53:17.964694","level":"info","event":"  2700K .......... .......... .......... .......... .......... 40%  106M 0s","logger":"airflow.task.hooks.airflow.providers.standard.hooks.subprocess.SubprocessHook"}
{"timestamp":"2025-07-17T06:53:17.964740","level":"info","event":"  2750K .......... .......... .......... .......... .......... 41% 38.8M 0s","logger":"airflow.task.hooks.airflow.providers.standard.hooks.subprocess.SubprocessHook"}
{"timestamp":"2025-07-17T06:53:17.974467","level":"info","event":"  2800K .......... .......... .......... .......... .......... 42% 5.67M 0s","logger":"airflow.task.hooks.airflow.providers.standard.hooks.subprocess.SubprocessHook"}
{"timestamp":"2025-07-17T06:53:17.974563","level":"info","event":"  2850K .......... .......... .......... .......... .......... 43%  165M 0s","logger":"airflow.task.hooks.airflow.providers.standard.hooks.subprocess.SubprocessHook"}
{"timestamp":"2025-07-17T06:53:17.974604","level":"info","event":"  2900K .......... .......... .......... .......... .......... 43%  205M 0s","logger":"airflow.task.hooks.airflow.providers.standard.hooks.subprocess.SubprocessHook"}
{"timestamp":"2025-07-17T06:53:17.981833","level":"info","event":"  2950K .......... .......... .......... .......... .......... 44% 8.06M 0s","logger":"airflow.task.hooks.airflow.providers.standard.hooks.subprocess.SubprocessHook"}
{"timestamp":"2025-07-17T06:53:17.982313","level":"info","event":"  3000K .......... .......... .......... .......... .......... 45% 16.6M 0s","logger":"airflow.task.hooks.airflow.providers.standard.hooks.subprocess.SubprocessHook"}
{"timestamp":"2025-07-17T06:53:17.982839","level":"info","event":"  3050K .......... .......... .......... .......... .......... 46% 94.6M 0s","logger":"airflow.task.hooks.airflow.providers.standard.hooks.subprocess.SubprocessHook"}
{"timestamp":"2025-07-17T06:53:17.997903","level":"info","event":"  3100K .......... .......... .......... .......... .......... 46% 3.32M 0s","logger":"airflow.task.hooks.airflow.providers.standard.hooks.subprocess.SubprocessHook"}
{"timestamp":"2025-07-17T06:53:17.998576","level":"info","event":"  3150K .......... .......... .......... .......... .......... 47% 48.6M 0s","logger":"airflow.task.hooks.airflow.providers.standard.hooks.subprocess.SubprocessHook"}
{"timestamp":"2025-07-17T06:53:17.999743","level":"info","event":"  3200K .......... .......... .......... .......... .......... 48% 42.7M 0s","logger":"airflow.task.hooks.airflow.providers.standard.hooks.subprocess.SubprocessHook"}
{"timestamp":"2025-07-17T06:53:18.000331","level":"info","event":"  3250K .......... .......... .......... .......... .......... 49% 78.9M 0s","logger":"airflow.task.hooks.airflow.providers.standard.hooks.subprocess.SubprocessHook"}
{"timestamp":"2025-07-17T06:53:18.000876","level":"info","event":"  3300K .......... .......... .......... .......... .......... 49% 98.1M 0s","logger":"airflow.task.hooks.airflow.providers.standard.hooks.subprocess.SubprocessHook"}
{"timestamp":"2025-07-17T06:53:18.001425","level":"info","event":"  3350K .......... .......... .......... .......... .......... 50% 82.4M 0s","logger":"airflow.task.hooks.airflow.providers.standard.hooks.subprocess.SubprocessHook"}
{"timestamp":"2025-07-17T06:53:18.003274","level":"info","event":"  3400K .......... .......... .......... .......... .......... 51% 27.1M 0s","logger":"airflow.task.hooks.airflow.providers.standard.hooks.subprocess.SubprocessHook"}
{"timestamp":"2025-07-17T06:53:18.006689","level":"info","event":"  3450K .......... .......... .......... .......... .......... 52% 14.3M 0s","logger":"airflow.task.hooks.airflow.providers.standard.hooks.subprocess.SubprocessHook"}
{"timestamp":"2025-07-17T06:53:18.008116","level":"info","event":"  3500K .......... .......... .......... .......... .......... 52% 78.6M 0s","logger":"airflow.task.hooks.airflow.providers.standard.hooks.subprocess.SubprocessHook"}
{"timestamp":"2025-07-17T06:53:18.008204","level":"info","event":"  3550K .......... .......... .......... .......... .......... 53%  135M 0s","logger":"airflow.task.hooks.airflow.providers.standard.hooks.subprocess.SubprocessHook"}
{"timestamp":"2025-07-17T06:53:18.021024","level":"info","event":"  3600K .......... .......... .......... .......... .......... 54% 3.68M 0s","logger":"airflow.task.hooks.airflow.providers.standard.hooks.subprocess.SubprocessHook"}
{"timestamp":"2025-07-17T06:53:18.206925","level":"info","event":"  3650K .......... .......... .......... .......... .......... 54%  618K 0s","logger":"airflow.task.hooks.airflow.providers.standard.hooks.subprocess.SubprocessHook"}
{"timestamp":"2025-07-17T06:53:18.207161","level":"info","event":"  3700K .......... .......... .......... .......... .......... 55%  953K 0s","logger":"airflow.task.hooks.airflow.providers.standard.hooks.subprocess.SubprocessHook"}
{"timestamp":"2025-07-17T06:53:18.207214","level":"info","event":"  3750K .......... .......... .......... .......... .......... 56% 81.7M 0s","logger":"airflow.task.hooks.airflow.providers.standard.hooks.subprocess.SubprocessHook"}
{"timestamp":"2025-07-17T06:53:18.207256","level":"info","event":"  3800K .......... .......... .......... .......... .......... 57% 6.31M 0s","logger":"airflow.task.hooks.airflow.providers.standard.hooks.subprocess.SubprocessHook"}
{"timestamp":"2025-07-17T06:53:18.207310","level":"info","event":"  3850K .......... .......... .......... .......... .......... 57% 5.88M 0s","logger":"airflow.task.hooks.airflow.providers.standard.hooks.subprocess.SubprocessHook"}
{"timestamp":"2025-07-17T06:53:18.207331","level":"info","event":"  3900K .......... .......... .......... .......... .......... 58%  147M 0s","logger":"airflow.task.hooks.airflow.providers.standard.hooks.subprocess.SubprocessHook"}
{"timestamp":"2025-07-17T06:53:18.207350","level":"info","event":"  3950K .......... .......... .......... .......... .......... 59%  107M 0s","logger":"airflow.task.hooks.airflow.providers.standard.hooks.subprocess.SubprocessHook"}
{"timestamp":"2025-07-17T06:53:18.207370","level":"info","event":"  4000K .......... .......... .......... .......... .......... 60%  156M 0s","logger":"airflow.task.hooks.airflow.providers.standard.hooks.subprocess.SubprocessHook"}
{"timestamp":"2025-07-17T06:53:18.207389","level":"info","event":"  4050K .......... .......... .......... .......... .......... 60%  140M 0s","logger":"airflow.task.hooks.airflow.providers.standard.hooks.subprocess.SubprocessHook"}
{"timestamp":"2025-07-17T06:53:18.207408","level":"info","event":"  4100K .......... .......... .......... .......... .......... 61%  164M 0s","logger":"airflow.task.hooks.airflow.providers.standard.hooks.subprocess.SubprocessHook"}
{"timestamp":"2025-07-17T06:53:18.207428","level":"info","event":"  4150K .......... .......... .......... .......... .......... 62%  132M 0s","logger":"airflow.task.hooks.airflow.providers.standard.hooks.subprocess.SubprocessHook"}
{"timestamp":"2025-07-17T06:53:18.207447","level":"info","event":"  4200K .......... .......... .......... .......... .......... 63%  143M 0s","logger":"airflow.task.hooks.airflow.providers.standard.hooks.subprocess.SubprocessHook"}
{"timestamp":"2025-07-17T06:53:18.207477","level":"info","event":"  4250K .......... .......... .......... .......... .......... 63%  131M 0s","logger":"airflow.task.hooks.airflow.providers.standard.hooks.subprocess.SubprocessHook"}
{"timestamp":"2025-07-17T06:53:18.207563","level":"info","event":"  4300K .......... .......... .......... .......... .......... 64%  149M 0s","logger":"airflow.task.hooks.airflow.providers.standard.hooks.subprocess.SubprocessHook"}
{"timestamp":"2025-07-17T06:53:18.207595","level":"info","event":"  4350K .......... .......... .......... .......... .......... 65% 10.6M 0s","logger":"airflow.task.hooks.airflow.providers.standard.hooks.subprocess.SubprocessHook"}
{"timestamp":"2025-07-17T06:53:18.207614","level":"info","event":"  4400K .......... .......... .......... .......... .......... 66% 3.28M 0s","logger":"airflow.task.hooks.airflow.providers.standard.hooks.subprocess.SubprocessHook"}
{"timestamp":"2025-07-17T06:53:18.230091","level":"info","event":"  4450K .......... .......... .......... .......... .......... 66% 3.79M 0s","logger":"airflow.task.hooks.airflow.providers.standard.hooks.subprocess.SubprocessHook"}
{"timestamp":"2025-07-17T06:53:18.230212","level":"info","event":"  4500K .......... .......... .......... .......... .......... 67% 50.0M 0s","logger":"airflow.task.hooks.airflow.providers.standard.hooks.subprocess.SubprocessHook"}
{"timestamp":"2025-07-17T06:53:18.230245","level":"info","event":"  4550K .......... .......... .......... .......... .......... 68% 6.82M 0s","logger":"airflow.task.hooks.airflow.providers.standard.hooks.subprocess.SubprocessHook"}
{"timestamp":"2025-07-17T06:53:18.230267","level":"info","event":"  4600K .......... .......... .......... .......... .......... 69% 4.24M 0s","logger":"airflow.task.hooks.airflow.providers.standard.hooks.subprocess.SubprocessHook"}
{"timestamp":"2025-07-17T06:53:18.236631","level":"info","event":"  4650K .......... .......... .......... .......... .......... 69%  144M 0s","logger":"airflow.task.hooks.airflow.providers.standard.hooks.subprocess.SubprocessHook"}
{"timestamp":"2025-07-17T06:53:18.236712","level":"info","event":"  4700K .......... .......... .......... .......... .......... 70%  153M 0s","logger":"airflow.task.hooks.airflow.providers.standard.hooks.subprocess.SubprocessHook"}
{"timestamp":"2025-07-17T06:53:18.236740","level":"info","event":"  4750K .......... .......... .......... .......... .......... 71% 20.8M 0s","logger":"airflow.task.hooks.airflow.providers.standard.hooks.subprocess.SubprocessHook"}
{"timestamp":"2025-07-17T06:53:18.236776","level":"info","event":"  4800K .......... .......... .......... .......... .......... 72%  164M 0s","logger":"airflow.task.hooks.airflow.providers.standard.hooks.subprocess.SubprocessHook"}
{"timestamp":"2025-07-17T06:53:18.236815","level":"info","event":"  4850K .......... .......... .......... .......... .......... 72%  160M 0s","logger":"airflow.task.hooks.airflow.providers.standard.hooks.subprocess.SubprocessHook"}
{"timestamp":"2025-07-17T06:53:18.236856","level":"info","event":"  4900K .......... .......... .......... .......... .......... 73%  129M 0s","logger":"airflow.task.hooks.airflow.providers.standard.hooks.subprocess.SubprocessHook"}
{"timestamp":"2025-07-17T06:53:18.236926","level":"info","event":"  4950K .......... .......... .......... .......... .......... 74%  158M 0s","logger":"airflow.task.hooks.airflow.providers.standard.hooks.subprocess.SubprocessHook"}
{"timestamp":"2025-07-17T06:53:18.236951","level":"info","event":"  5000K .......... .......... .......... .......... .......... 75% 31.6M 0s","logger":"airflow.task.hooks.airflow.providers.standard.hooks.subprocess.SubprocessHook"}
{"timestamp":"2025-07-17T06:53:18.236995","level":"info","event":"  5050K .......... .......... .......... .......... .......... 75%  115M 0s","logger":"airflow.task.hooks.airflow.providers.standard.hooks.subprocess.SubprocessHook"}
{"timestamp":"2025-07-17T06:53:18.237031","level":"info","event":"  5100K .......... .......... .......... .......... .......... 76% 22.1M 0s","logger":"airflow.task.hooks.airflow.providers.standard.hooks.subprocess.SubprocessHook"}
{"timestamp":"2025-07-17T06:53:18.327154","level":"info","event":"  5150K .......... .......... .......... .......... .......... 77%  541K 0s","logger":"airflow.task.hooks.airflow.providers.standard.hooks.subprocess.SubprocessHook"}
{"timestamp":"2025-07-17T06:53:18.358910","level":"info","event":"  5200K .......... .......... .......... .......... .......... 78% 1.66M 0s","logger":"airflow.task.hooks.airflow.providers.standard.hooks.subprocess.SubprocessHook"}
{"timestamp":"2025-07-17T06:53:18.359015","level":"info","event":"  5250K .......... .......... .......... .......... .......... 78% 29.2M 0s","logger":"airflow.task.hooks.airflow.providers.standard.hooks.subprocess.SubprocessHook"}
{"timestamp":"2025-07-17T06:53:18.359063","level":"info","event":"  5300K .......... .......... .......... .......... .......... 79%  145M 0s","logger":"airflow.task.hooks.airflow.providers.standard.hooks.subprocess.SubprocessHook"}
{"timestamp":"2025-07-17T06:53:18.359363","level":"info","event":"  5350K .......... .......... .......... .......... .......... 80% 57.8M 0s","logger":"airflow.task.hooks.airflow.providers.standard.hooks.subprocess.SubprocessHook"}
{"timestamp":"2025-07-17T06:53:18.366016","level":"info","event":"  5400K .......... .......... .......... .......... .......... 80% 9.69M 0s","logger":"airflow.task.hooks.airflow.providers.standard.hooks.subprocess.SubprocessHook"}
{"timestamp":"2025-07-17T06:53:18.366206","level":"info","event":"  5450K .......... .......... .......... .......... .......... 81%  180M 0s","logger":"airflow.task.hooks.airflow.providers.standard.hooks.subprocess.SubprocessHook"}
{"timestamp":"2025-07-17T06:53:18.369701","level":"info","event":"  5500K .......... .......... .......... .......... .......... 82%  156M 0s","logger":"airflow.task.hooks.airflow.providers.standard.hooks.subprocess.SubprocessHook"}
{"timestamp":"2025-07-17T06:53:18.392884","level":"info","event":"  5550K .......... .......... .......... .......... .......... 83% 1.77M 0s","logger":"airflow.task.hooks.airflow.providers.standard.hooks.subprocess.SubprocessHook"}
{"timestamp":"2025-07-17T06:53:18.412933","level":"info","event":"  5600K .......... .......... .......... .......... .......... 83% 2.61M 0s","logger":"airflow.task.hooks.airflow.providers.standard.hooks.subprocess.SubprocessHook"}
{"timestamp":"2025-07-17T06:53:18.538636","level":"info","event":"  5650K .......... .......... .......... .......... .......... 84%  399K 0s","logger":"airflow.task.hooks.airflow.providers.standard.hooks.subprocess.SubprocessHook"}
{"timestamp":"2025-07-17T06:53:18.611512","level":"info","event":"  5700K .......... .......... .......... .......... .......... 85%  677K 0s","logger":"airflow.task.hooks.airflow.providers.standard.hooks.subprocess.SubprocessHook"}
{"timestamp":"2025-07-17T06:53:18.628535","level":"info","event":"  5750K .......... .......... .......... .......... .......... 86% 2.75M 0s","logger":"airflow.task.hooks.airflow.providers.standard.hooks.subprocess.SubprocessHook"}
{"timestamp":"2025-07-17T06:53:18.663176","level":"info","event":"  5800K .......... .......... .......... .......... .......... 86% 1.52M 0s","logger":"airflow.task.hooks.airflow.providers.standard.hooks.subprocess.SubprocessHook"}
{"timestamp":"2025-07-17T06:53:18.712489","level":"info","event":"  5850K .......... .......... .......... .......... .......... 87% 1.04M 0s","logger":"airflow.task.hooks.airflow.providers.standard.hooks.subprocess.SubprocessHook"}
{"timestamp":"2025-07-17T06:53:18.727609","level":"info","event":"  5900K .......... .......... .......... .......... .......... 88% 3.43M 0s","logger":"airflow.task.hooks.airflow.providers.standard.hooks.subprocess.SubprocessHook"}
{"timestamp":"2025-07-17T06:53:18.729775","level":"info","event":"  5950K .......... .......... .......... .......... .......... 89%  125M 0s","logger":"airflow.task.hooks.airflow.providers.standard.hooks.subprocess.SubprocessHook"}
{"timestamp":"2025-07-17T06:53:18.729947","level":"info","event":"  6000K .......... .......... .......... .......... .......... 89%  148M 0s","logger":"airflow.task.hooks.airflow.providers.standard.hooks.subprocess.SubprocessHook"}
{"timestamp":"2025-07-17T06:53:18.730007","level":"info","event":"  6050K .......... .......... .......... .......... .......... 90%  180M 0s","logger":"airflow.task.hooks.airflow.providers.standard.hooks.subprocess.SubprocessHook"}
{"timestamp":"2025-07-17T06:53:18.730050","level":"info","event":"  6100K .......... .......... .......... .......... .......... 91% 87.4M 0s","logger":"airflow.task.hooks.airflow.providers.standard.hooks.subprocess.SubprocessHook"}
{"timestamp":"2025-07-17T06:53:18.730089","level":"info","event":"  6150K .......... .......... .......... .......... .......... 92% 39.5M 0s","logger":"airflow.task.hooks.airflow.providers.standard.hooks.subprocess.SubprocessHook"}
{"timestamp":"2025-07-17T06:53:18.730125","level":"info","event":"  6200K .......... .......... .......... .......... .......... 92% 37.3M 0s","logger":"airflow.task.hooks.airflow.providers.standard.hooks.subprocess.SubprocessHook"}
{"timestamp":"2025-07-17T06:53:18.730157","level":"info","event":"  6250K .......... .......... .......... .......... .......... 93% 73.1M 0s","logger":"airflow.task.hooks.airflow.providers.standard.hooks.subprocess.SubprocessHook"}
{"timestamp":"2025-07-17T06:53:18.730192","level":"info","event":"  6300K .......... .......... .......... .......... .......... 94%  110M 0s","logger":"airflow.task.hooks.airflow.providers.standard.hooks.subprocess.SubprocessHook"}
{"timestamp":"2025-07-17T06:53:18.730226","level":"info","event":"  6350K .......... .......... .......... .......... .......... 95% 86.9M 0s","logger":"airflow.task.hooks.airflow.providers.standard.hooks.subprocess.SubprocessHook"}
{"timestamp":"2025-07-17T06:53:18.787647","level":"info","event":"  6400K .......... .......... .......... .......... .......... 95%  885K 0s","logger":"airflow.task.hooks.airflow.providers.standard.hooks.subprocess.SubprocessHook"}
{"timestamp":"2025-07-17T06:53:18.817190","level":"info","event":"  6450K .......... .......... .......... .......... .......... 96% 1.47M 0s","logger":"airflow.task.hooks.airflow.providers.standard.hooks.subprocess.SubprocessHook"}
{"timestamp":"2025-07-17T06:53:18.825550","level":"info","event":"  6500K .......... .......... .......... .......... .......... 97% 5.97M 0s","logger":"airflow.task.hooks.airflow.providers.standard.hooks.subprocess.SubprocessHook"}
{"timestamp":"2025-07-17T06:53:18.826589","level":"info","event":"  6550K .......... .......... .......... .......... .......... 98% 69.5M 0s","logger":"airflow.task.hooks.airflow.providers.standard.hooks.subprocess.SubprocessHook"}
{"timestamp":"2025-07-17T06:53:18.826711","level":"info","event":"  6600K .......... .......... .......... .......... .......... 98%  132M 0s","logger":"airflow.task.hooks.airflow.providers.standard.hooks.subprocess.SubprocessHook"}
{"timestamp":"2025-07-17T06:53:18.827638","level":"info","event":"  6650K .......... .......... .......... .......... .......... 99% 41.9M 0s","logger":"airflow.task.hooks.airflow.providers.standard.hooks.subprocess.SubprocessHook"}
{"timestamp":"2025-07-17T06:53:18.828128","level":"info","event":"  6700K .......... .......... .........                       100% 76.9M=1.0s","logger":"airflow.task.hooks.airflow.providers.standard.hooks.subprocess.SubprocessHook"}
{"timestamp":"2025-07-17T06:53:18.828628","level":"info","event":"","logger":"airflow.task.hooks.airflow.providers.standard.hooks.subprocess.SubprocessHook"}
{"timestamp":"2025-07-17T06:53:18.830330","level":"info","event":"2025-07-17 06:53:18 (6.48 MB/s) - ‘/opt/airflow/green_tripdata_2020-02.csv.gz’ saved [6891456/6891456]","logger":"airflow.task.hooks.airflow.providers.standard.hooks.subprocess.SubprocessHook"}
{"timestamp":"2025-07-17T06:53:18.831804","level":"info","event":"","logger":"airflow.task.hooks.airflow.providers.standard.hooks.subprocess.SubprocessHook"}
{"timestamp":"2025-07-17T06:53:19.423411","level":"info","event":"Command exited with return code 0","logger":"airflow.task.hooks.airflow.providers.standard.hooks.subprocess.SubprocessHook"}
{"timestamp":"2025-07-17T06:53:19.473573","level":"info","event":"Pushing xcom","ti":"RuntimeTaskInstance(id=UUID('01981728-9df5-7a50-a209-0286329ad41f'), task_id='wget_trips_csvgz', dag_id='local_ingestion_pg_green', run_id='scheduled__2020-02-02T06:00:00+00:00', try_number=1, map_index=-1, hostname='3f7f1d329e72', context_carrier={}, task=<Task(BashOperator): wget_trips_csvgz>, bundle_instance=LocalDagBundle(name=dags-folder), max_tries=0, start_date=datetime.datetime(2025, 7, 17, 6, 53, 14, 906887, tzinfo=TzInfo(UTC)), end_date=None, state=<TaskInstanceState.RUNNING: 'running'>, is_mapped=False, rendered_map_index=None)","logger":"task"}
