{"timestamp":"2025-07-17T06:27:41.574637","level":"info","event":"DAG bundles loaded: dags-folder","logger":"airflow.dag_processing.bundles.manager.DagBundlesManager"}
{"timestamp":"2025-07-17T06:27:41.576807","level":"info","event":"Filling up the DagBag from /opt/airflow/dags/data_ingestion_localpg_dag.py","logger":"airflow.models.dagbag.DagBag"}
{"timestamp":"2025-07-17T06:27:43.019505","level":"error","event":"Task failed with exception","logger":"task","error_detail":[{"exc_type":"FileNotFoundError","exc_value":"[Errno 2] No such file or directory: '/opt/airflow/yellow_tripdata_2019-05.csv.gz'","exc_notes":[],"syntax_error":null,"is_cause":false,"frames":[{"filename":"/home/airflow/.local/lib/python3.12/site-packages/airflow/sdk/execution_time/task_runner.py","lineno":867,"name":"run"},{"filename":"/home/airflow/.local/lib/python3.12/site-packages/airflow/sdk/execution_time/task_runner.py","lineno":1159,"name":"_execute_task"},{"filename":"/home/airflow/.local/lib/python3.12/site-packages/airflow/sdk/bases/operator.py","lineno":397,"name":"wrapper"},{"filename":"/home/airflow/.local/lib/python3.12/site-packages/airflow/providers/standard/operators/python.py","lineno":216,"name":"execute"},{"filename":"/home/airflow/.local/lib/python3.12/site-packages/airflow/providers/standard/operators/python.py","lineno":239,"name":"execute_callable"},{"filename":"/home/airflow/.local/lib/python3.12/site-packages/airflow/sdk/execution_time/callback_runner.py","lineno":81,"name":"run"},{"filename":"/opt/airflow/dags/ingest_data.py","lineno":10,"name":"ingest_callable"},{"filename":"/home/airflow/.local/lib/python3.12/site-packages/pandas/io/parsers/readers.py","lineno":948,"name":"read_csv"},{"filename":"/home/airflow/.local/lib/python3.12/site-packages/pandas/io/parsers/readers.py","lineno":611,"name":"_read"},{"filename":"/home/airflow/.local/lib/python3.12/site-packages/pandas/io/parsers/readers.py","lineno":1448,"name":"__init__"},{"filename":"/home/airflow/.local/lib/python3.12/site-packages/pandas/io/parsers/readers.py","lineno":1705,"name":"_make_engine"},{"filename":"/home/airflow/.local/lib/python3.12/site-packages/pandas/io/common.py","lineno":755,"name":"get_handle"},{"filename":"/usr/local/lib/python3.12/gzip.py","lineno":201,"name":"__init__"}],"is_group":false,"exceptions":[]}]}
{"timestamp":"2025-07-17T07:11:46.405510","level":"info","event":"DAG bundles loaded: dags-folder","logger":"airflow.dag_processing.bundles.manager.DagBundlesManager"}
{"timestamp":"2025-07-17T07:11:46.407557","level":"info","event":"Filling up the DagBag from /opt/airflow/dags/data_ingestion_localpg_dag.py","logger":"airflow.models.dagbag.DagBag"}
{"timestamp":"2025-07-17T07:11:56.825500Z","level":"info","event":"inserted 100000 chunks, took 9.644","chan":"stdout","logger":"task"}
{"timestamp":"2025-07-17T07:12:08.527153Z","level":"info","event":"inserted 100000 chunks, took 11.702","chan":"stdout","logger":"task"}
{"timestamp":"2025-07-17T07:12:19.268332Z","level":"info","event":"inserted 100000 chunks, took 10.741","chan":"stdout","logger":"task"}
{"timestamp":"2025-07-17T07:12:37.344221Z","level":"info","event":"inserted 100000 chunks, took 18.064","chan":"stdout","logger":"task"}
{"timestamp":"2025-07-17T07:12:57.173537Z","level":"info","event":"inserted 100000 chunks, took 19.838","chan":"stdout","logger":"task"}
{"timestamp":"2025-07-17T07:13:08.528065Z","level":"info","event":"inserted 100000 chunks, took 11.354","chan":"stdout","logger":"task"}
{"timestamp":"2025-07-17T07:13:18.918568Z","level":"info","event":"inserted 100000 chunks, took 10.392","chan":"stdout","logger":"task"}
{"timestamp":"2025-07-17T07:13:29.162526Z","level":"info","event":"inserted 100000 chunks, took 10.207","chan":"stdout","logger":"task"}
{"timestamp":"2025-07-17T07:13:37.896116Z","level":"info","event":"inserted 100000 chunks, took 8.768","chan":"stdout","logger":"task"}
{"timestamp":"2025-07-17T07:13:50.756993Z","level":"info","event":"inserted 100000 chunks, took 12.857","chan":"stdout","logger":"task"}
{"timestamp":"2025-07-17T07:14:00.663920Z","level":"info","event":"inserted 100000 chunks, took 9.910","chan":"stdout","logger":"task"}
{"timestamp":"2025-07-17T07:14:09.353267Z","level":"info","event":"inserted 100000 chunks, took 8.690","chan":"stdout","logger":"task"}
{"timestamp":"2025-07-17T07:14:20.006911Z","level":"info","event":"inserted 100000 chunks, took 10.655","chan":"stdout","logger":"task"}
{"timestamp":"2025-07-17T07:14:31.889288Z","level":"info","event":"inserted 100000 chunks, took 11.882","chan":"stdout","logger":"task"}
{"timestamp":"2025-07-17T07:14:40.135289Z","level":"info","event":"inserted 100000 chunks, took 8.246","chan":"stdout","logger":"task"}
{"timestamp":"2025-07-17T07:14:49.187528Z","level":"info","event":"inserted 100000 chunks, took 9.051","chan":"stdout","logger":"task"}
{"timestamp":"2025-07-17T07:15:00.244818Z","level":"info","event":"inserted 100000 chunks, took 11.042","chan":"stdout","logger":"task"}
{"timestamp":"2025-07-17T07:15:09.268632Z","level":"info","event":"inserted 100000 chunks, took 9.039","chan":"stdout","logger":"task"}
{"timestamp":"2025-07-17T07:15:18.463574Z","level":"info","event":"inserted 100000 chunks, took 9.195","chan":"stdout","logger":"task"}
{"timestamp":"2025-07-17T07:15:28.023219Z","level":"info","event":"inserted 100000 chunks, took 9.559","chan":"stdout","logger":"task"}
{"timestamp":"2025-07-17T07:15:37.146185Z","level":"info","event":"inserted 100000 chunks, took 9.123","chan":"stdout","logger":"task"}
{"timestamp":"2025-07-17T07:15:45.001959Z","level":"info","event":"inserted 100000 chunks, took 7.855","chan":"stdout","logger":"task"}
{"timestamp":"2025-07-17T07:15:52.954410Z","level":"info","event":"inserted 100000 chunks, took 7.953","chan":"stdout","logger":"task"}
{"timestamp":"2025-07-17T07:16:03.732360Z","level":"info","event":"inserted 100000 chunks, took 10.771","chan":"stdout","logger":"task"}
{"timestamp":"2025-07-17T07:16:19.694139Z","level":"info","event":"inserted 100000 chunks, took 15.964","chan":"stdout","logger":"task"}
{"timestamp":"2025-07-17T07:16:29.053700Z","level":"info","event":"inserted 100000 chunks, took 9.338","chan":"stdout","logger":"task"}
{"timestamp":"2025-07-17T07:16:38.274222Z","level":"info","event":"inserted 100000 chunks, took 9.238","chan":"stdout","logger":"task"}
{"timestamp":"2025-07-17T07:16:47.683688Z","level":"info","event":"inserted 100000 chunks, took 9.403","chan":"stdout","logger":"task"}
{"timestamp":"2025-07-17T07:16:58.359902Z","level":"info","event":"inserted 100000 chunks, took 10.681","chan":"stdout","logger":"task"}
{"timestamp":"2025-07-17T07:17:07.928054Z","level":"info","event":"inserted 100000 chunks, took 9.567","chan":"stdout","logger":"task"}
{"timestamp":"2025-07-17T07:17:18.487236Z","level":"info","event":"inserted 100000 chunks, took 10.559","chan":"stdout","logger":"task"}
{"timestamp":"2025-07-17T07:17:26.349507Z","level":"info","event":"inserted 100000 chunks, took 7.864","chan":"stdout","logger":"task"}
{"timestamp":"2025-07-17T07:17:33.922287Z","level":"info","event":"inserted 100000 chunks, took 7.554","chan":"stdout","logger":"task"}
{"timestamp":"2025-07-17T07:17:43.099105Z","level":"info","event":"inserted 100000 chunks, took 9.192","chan":"stdout","logger":"task"}
{"timestamp":"2025-07-17T07:17:53.941755Z","level":"info","event":"inserted 100000 chunks, took 10.843","chan":"stdout","logger":"task"}
{"timestamp":"2025-07-17T07:18:03.416219Z","level":"info","event":"inserted 100000 chunks, took 9.473","chan":"stdout","logger":"task"}
{"timestamp":"2025-07-17T07:18:13.233666Z","level":"info","event":"inserted 100000 chunks, took 9.818","chan":"stdout","logger":"task"}
{"timestamp":"2025-07-17T07:18:25.093859Z","level":"info","event":"inserted 100000 chunks, took 11.859","chan":"stdout","logger":"task"}
{"timestamp":"2025-07-17T07:18:36.627594Z","level":"info","event":"inserted 100000 chunks, took 11.534","chan":"stdout","logger":"task"}
{"timestamp":"2025-07-17T07:18:52.553418Z","level":"info","event":"inserted 100000 chunks, took 15.927","chan":"stdout","logger":"task"}
{"timestamp":"2025-07-17T07:19:04.190285Z","level":"info","event":"inserted 100000 chunks, took 11.636","chan":"stdout","logger":"task"}
{"timestamp":"2025-07-17T07:19:13.244162Z","level":"info","event":"inserted 100000 chunks, took 9.051","chan":"stdout","logger":"task"}
{"timestamp":"2025-07-17T07:19:23.276510Z","level":"info","event":"inserted 100000 chunks, took 10.030","chan":"stdout","logger":"task"}
{"timestamp":"2025-07-17T07:19:31.888404Z","level":"info","event":"inserted 100000 chunks, took 8.612","chan":"stdout","logger":"task"}
{"timestamp":"2025-07-17T07:19:47.622003Z","level":"info","event":"inserted 100000 chunks, took 15.706","chan":"stdout","logger":"task"}
{"timestamp":"2025-07-17T07:19:56.160873Z","level":"info","event":"inserted 100000 chunks, took 8.566","chan":"stdout","logger":"task"}
{"timestamp":"2025-07-17T07:20:09.343446Z","level":"info","event":"inserted 100000 chunks, took 13.180","chan":"stdout","logger":"task"}
{"timestamp":"2025-07-17T07:20:23.770641Z","level":"info","event":"inserted 100000 chunks, took 14.431","chan":"stdout","logger":"task"}
{"timestamp":"2025-07-17T07:20:32.426037Z","level":"info","event":"inserted 100000 chunks, took 8.656","chan":"stdout","logger":"task"}
{"timestamp":"2025-07-17T07:20:41.332184Z","level":"info","event":"inserted 100000 chunks, took 8.905","chan":"stdout","logger":"task"}
{"timestamp":"2025-07-17T07:20:53.946307Z","level":"info","event":"inserted 100000 chunks, took 12.614","chan":"stdout","logger":"task"}
{"timestamp":"2025-07-17T07:21:03.113594Z","level":"info","event":"inserted 100000 chunks, took 9.166","chan":"stdout","logger":"task"}
{"timestamp":"2025-07-17T07:21:12.093123Z","level":"info","event":"inserted 100000 chunks, took 8.979","chan":"stdout","logger":"task"}
{"timestamp":"2025-07-17T07:21:23.094239Z","level":"info","event":"inserted 100000 chunks, took 11.001","chan":"stdout","logger":"task"}
{"timestamp":"2025-07-17T07:21:33.107677Z","level":"info","event":"inserted 100000 chunks, took 10.014","chan":"stdout","logger":"task"}
{"timestamp":"2025-07-17T07:21:48.072432Z","level":"info","event":"inserted 100000 chunks, took 14.965","chan":"stdout","logger":"task"}
{"timestamp":"2025-07-17T07:22:01.260905Z","level":"info","event":"inserted 100000 chunks, took 13.181","chan":"stdout","logger":"task"}
{"timestamp":"2025-07-17T07:22:10.875029Z","level":"info","event":"inserted 100000 chunks, took 9.620","chan":"stdout","logger":"task"}
{"timestamp":"2025-07-17T07:22:21.937241Z","level":"info","event":"inserted 100000 chunks, took 11.063","chan":"stdout","logger":"task"}
{"timestamp":"2025-07-17T07:22:31.660778Z","level":"info","event":"inserted 100000 chunks, took 9.721","chan":"stdout","logger":"task"}
{"timestamp":"2025-07-17T07:22:40.829574Z","level":"info","event":"inserted 100000 chunks, took 9.169","chan":"stdout","logger":"task"}
{"timestamp":"2025-07-17T07:22:50.500740Z","level":"info","event":"inserted 100000 chunks, took 9.671","chan":"stdout","logger":"task"}
{"timestamp":"2025-07-17T07:22:59.615047Z","level":"info","event":"inserted 100000 chunks, took 9.114","chan":"stdout","logger":"task"}
{"timestamp":"2025-07-17T07:23:09.812066Z","level":"info","event":"inserted 100000 chunks, took 10.145","chan":"stdout","logger":"task"}
{"timestamp":"2025-07-17T07:23:19.062480Z","level":"info","event":"inserted 100000 chunks, took 9.300","chan":"stdout","logger":"task"}
{"timestamp":"2025-07-17T07:23:28.123602Z","level":"info","event":"inserted 100000 chunks, took 9.063","chan":"stdout","logger":"task"}
{"timestamp":"2025-07-17T07:23:37.792639Z","level":"info","event":"inserted 100000 chunks, took 9.659","chan":"stdout","logger":"task"}
{"timestamp":"2025-07-17T07:23:48.090275Z","level":"info","event":"inserted 100000 chunks, took 10.306","chan":"stdout","logger":"task"}
{"timestamp":"2025-07-17T07:24:02.024158Z","level":"info","event":"inserted 100000 chunks, took 13.930","chan":"stdout","logger":"task"}
{"timestamp":"2025-07-17T07:24:13.254970Z","level":"info","event":"inserted 100000 chunks, took 11.235","chan":"stdout","logger":"task"}
{"timestamp":"2025-07-17T07:24:25.056271Z","level":"info","event":"inserted 100000 chunks, took 11.801","chan":"stdout","logger":"task"}
{"timestamp":"2025-07-17T07:24:35.344082Z","level":"info","event":"inserted 100000 chunks, took 10.237","chan":"stdout","logger":"task"}
{"timestamp":"2025-07-17T07:24:47.270828Z","level":"info","event":"inserted 100000 chunks, took 11.977","chan":"stdout","logger":"task"}
{"timestamp":"2025-07-17T07:24:55.443236Z","level":"info","event":"inserted 100000 chunks, took 8.172","chan":"stdout","logger":"task"}
{"timestamp":"2025-07-17T07:25:05.339126Z","level":"info","event":"inserted 100000 chunks, took 9.895","chan":"stdout","logger":"task"}
{"timestamp":"2025-07-17T07:25:13.125761Z","level":"info","event":"inserted 100000 chunks, took 7.779","chan":"stdout","logger":"task"}
{"timestamp":"2025-07-17T07:25:13.146882","level":"info","event":"Done. Returned value was: None","logger":"airflow.task.operators.airflow.providers.standard.operators.python.PythonOperator"}
