{"timestamp":"2025-07-13T18:40:06.623205","level":"info","event":"DAG bundles loaded: dags-folder","logger":"airflow.dag_processing.bundles.manager.DagBundlesManager"}
{"timestamp":"2025-07-13T18:40:06.626844","level":"info","event":"Filling up the DagBag from /opt/airflow/dags/data_ingestion_gcs_dag.py","logger":"airflow.models.dagbag.DagBag"}
{"timestamp":"2025-07-13T18:40:09.378554","level":"info","event":"Tmp dir root location: /tmp","logger":"airflow.task.hooks.airflow.providers.standard.hooks.subprocess.SubprocessHook"}
{"timestamp":"2025-07-13T18:40:09.383235","level":"info","event":"Running command: ['/usr/bin/bash', '-c', 'rm /opt/airflow/green_tripdata_2019-10.parquet /opt/airflow/green_tripdata_2019-10.csv']","logger":"airflow.task.hooks.airflow.providers.standard.hooks.subprocess.SubprocessHook"}
{"timestamp":"2025-07-13T18:40:09.413402","level":"info","event":"Output:","logger":"airflow.task.hooks.airflow.providers.standard.hooks.subprocess.SubprocessHook"}
{"timestamp":"2025-07-13T18:40:09.433748","level":"info","event":"Command exited with return code 0","logger":"airflow.task.hooks.airflow.providers.standard.hooks.subprocess.SubprocessHook"}
{"timestamp":"2025-07-13T18:40:09.434993","level":"info","event":"Pushing xcom","ti":"RuntimeTaskInstance(id=UUID('01980516-1548-7486-81d0-4ff9ecd5338a'), task_id='remove_csv_pq', dag_id='upload_gcs_greentrips', run_id='scheduled__2019-10-02T06:00:00+00:00', try_number=1, map_index=-1, hostname='fb7e26a7e74c', context_carrier={}, task=<Task(BashOperator): remove_csv_pq>, bundle_instance=LocalDagBundle(name=dags-folder), max_tries=0, start_date=datetime.datetime(2025, 7, 13, 18, 40, 6, 195713, tzinfo=TzInfo(UTC)), end_date=None, state=<TaskInstanceState.RUNNING: 'running'>, is_mapped=False, rendered_map_index=None)","logger":"task"}
{"timestamp":"2025-07-17T17:11:56.226116","level":"info","event":"DAG bundles loaded: dags-folder","logger":"airflow.dag_processing.bundles.manager.DagBundlesManager"}
{"timestamp":"2025-07-17T17:11:56.238130","level":"info","event":"Filling up the DagBag from /opt/airflow/dags/data_ingestion_gcs_dag.py","logger":"airflow.models.dagbag.DagBag"}
{"timestamp":"2025-07-17T17:12:01.241998","level":"info","event":"Tmp dir root location: /tmp","logger":"airflow.task.hooks.airflow.providers.standard.hooks.subprocess.SubprocessHook"}
{"timestamp":"2025-07-17T17:12:01.264643","level":"info","event":"Running command: ['/usr/bin/bash', '-c', 'rm /opt/airflow/green_tripdata_2019-10.parquet /opt/airflow/green_tripdata_2019-10.csv']","logger":"airflow.task.hooks.airflow.providers.standard.hooks.subprocess.SubprocessHook"}
{"timestamp":"2025-07-17T17:12:01.384636","level":"info","event":"Output:","logger":"airflow.task.hooks.airflow.providers.standard.hooks.subprocess.SubprocessHook"}
{"timestamp":"2025-07-17T17:12:01.504767","level":"info","event":"Command exited with return code 0","logger":"airflow.task.hooks.airflow.providers.standard.hooks.subprocess.SubprocessHook"}
{"timestamp":"2025-07-17T17:12:01.515507","level":"info","event":"Pushing xcom","ti":"RuntimeTaskInstance(id=UUID('0198195e-ba56-74d2-a7b1-bbea56f4ec97'), task_id='remove_csv_pq', dag_id='upload_gcs_greentrips', run_id='scheduled__2019-10-02T06:00:00+00:00', try_number=1, map_index=-1, hostname='8c16a644909e', context_carrier={}, task=<Task(BashOperator): remove_csv_pq>, bundle_instance=LocalDagBundle(name=dags-folder), max_tries=0, start_date=datetime.datetime(2025, 7, 17, 17, 11, 54, 952532, tzinfo=TzInfo(UTC)), end_date=None, state=<TaskInstanceState.RUNNING: 'running'>, is_mapped=False, rendered_map_index=None)","logger":"task"}
{"timestamp":"2025-07-17T17:24:38.150492","level":"info","event":"DAG bundles loaded: dags-folder","logger":"airflow.dag_processing.bundles.manager.DagBundlesManager"}
{"timestamp":"2025-07-17T17:24:38.152399","level":"info","event":"Filling up the DagBag from /opt/airflow/dags/data_ingestion_gcs_dag.py","logger":"airflow.models.dagbag.DagBag"}
{"timestamp":"2025-07-17T17:24:41.794887","level":"info","event":"Tmp dir root location: /tmp","logger":"airflow.task.hooks.airflow.providers.standard.hooks.subprocess.SubprocessHook"}
{"timestamp":"2025-07-17T17:24:41.799210","level":"info","event":"Running command: ['/usr/bin/bash', '-c', 'rm /opt/airflow/green_tripdata_2019-10.parquet /opt/airflow/green_tripdata_2019-10.csv']","logger":"airflow.task.hooks.airflow.providers.standard.hooks.subprocess.SubprocessHook"}
{"timestamp":"2025-07-17T17:24:41.849290","level":"info","event":"Output:","logger":"airflow.task.hooks.airflow.providers.standard.hooks.subprocess.SubprocessHook"}
{"timestamp":"2025-07-17T17:24:41.891215","level":"info","event":"Command exited with return code 0","logger":"airflow.task.hooks.airflow.providers.standard.hooks.subprocess.SubprocessHook"}
{"timestamp":"2025-07-17T17:24:41.892386","level":"info","event":"Pushing xcom","ti":"RuntimeTaskInstance(id=UUID('0198196a-6a5d-7fde-9ef9-6be8eb35692a'), task_id='remove_csv_pq', dag_id='upload_gcs_greentrips', run_id='scheduled__2019-10-02T06:00:00+00:00', try_number=1, map_index=-1, hostname='8c16a644909e', context_carrier={}, task=<Task(BashOperator): remove_csv_pq>, bundle_instance=LocalDagBundle(name=dags-folder), max_tries=0, start_date=datetime.datetime(2025, 7, 17, 17, 24, 37, 802247, tzinfo=TzInfo(UTC)), end_date=None, state=<TaskInstanceState.RUNNING: 'running'>, is_mapped=False, rendered_map_index=None)","logger":"task"}
{"timestamp":"2025-07-17T17:44:52.141905","level":"info","event":"DAG bundles loaded: dags-folder","logger":"airflow.dag_processing.bundles.manager.DagBundlesManager"}
{"timestamp":"2025-07-17T17:44:52.150498","level":"info","event":"Filling up the DagBag from /opt/airflow/dags/data_ingestion_gcs_dag.py","logger":"airflow.models.dagbag.DagBag"}
{"timestamp":"2025-07-17T17:44:55.350275","level":"info","event":"Tmp dir root location: /tmp","logger":"airflow.task.hooks.airflow.providers.standard.hooks.subprocess.SubprocessHook"}
{"timestamp":"2025-07-17T17:44:55.364759","level":"info","event":"Running command: ['/usr/bin/bash', '-c', 'rm /opt/airflow/green_tripdata_2019-10.parquet /opt/airflow/green_tripdata_2019-10.csv']","logger":"airflow.task.hooks.airflow.providers.standard.hooks.subprocess.SubprocessHook"}
{"timestamp":"2025-07-17T17:44:55.439604","level":"info","event":"Output:","logger":"airflow.task.hooks.airflow.providers.standard.hooks.subprocess.SubprocessHook"}
{"timestamp":"2025-07-17T17:44:55.506863","level":"info","event":"Command exited with return code 0","logger":"airflow.task.hooks.airflow.providers.standard.hooks.subprocess.SubprocessHook"}
{"timestamp":"2025-07-17T17:44:55.510925","level":"info","event":"Pushing xcom","ti":"RuntimeTaskInstance(id=UUID('0198197c-f483-7749-b2a9-36f977af505c'), task_id='remove_csv_pq', dag_id='upload_gcs_greentrips', run_id='scheduled__2019-10-02T06:00:00+00:00', try_number=1, map_index=-1, hostname='8c16a644909e', context_carrier={}, task=<Task(BashOperator): remove_csv_pq>, bundle_instance=LocalDagBundle(name=dags-folder), max_tries=0, start_date=datetime.datetime(2025, 7, 17, 17, 44, 50, 818823, tzinfo=TzInfo(UTC)), end_date=None, state=<TaskInstanceState.RUNNING: 'running'>, is_mapped=False, rendered_map_index=None)","logger":"task"}
{"timestamp":"2025-07-17T17:54:42.912610","level":"info","event":"DAG bundles loaded: dags-folder","logger":"airflow.dag_processing.bundles.manager.DagBundlesManager"}
{"timestamp":"2025-07-17T17:54:42.913667","level":"info","event":"Filling up the DagBag from /opt/airflow/dags/data_ingestion_gcs_dag.py","logger":"airflow.models.dagbag.DagBag"}
{"timestamp":"2025-07-17T17:54:44.895701","level":"info","event":"Tmp dir root location: /tmp","logger":"airflow.task.hooks.airflow.providers.standard.hooks.subprocess.SubprocessHook"}
{"timestamp":"2025-07-17T17:54:44.906119","level":"info","event":"Running command: ['/usr/bin/bash', '-c', 'rm /opt/airflow/green_tripdata_2019-10.parquet /opt/airflow/green_tripdata_2019-10.csv']","logger":"airflow.task.hooks.airflow.providers.standard.hooks.subprocess.SubprocessHook"}
{"timestamp":"2025-07-17T17:54:44.967414","level":"info","event":"Output:","logger":"airflow.task.hooks.airflow.providers.standard.hooks.subprocess.SubprocessHook"}
{"timestamp":"2025-07-17T17:54:45.009639","level":"info","event":"Command exited with return code 0","logger":"airflow.task.hooks.airflow.providers.standard.hooks.subprocess.SubprocessHook"}
{"timestamp":"2025-07-17T17:54:45.010890","level":"info","event":"Pushing xcom","ti":"RuntimeTaskInstance(id=UUID('01981985-e86f-7645-911c-75e885d1887a'), task_id='remove_csv_pq', dag_id='upload_gcs_greentrips', run_id='scheduled__2019-10-02T06:00:00+00:00', try_number=1, map_index=-1, hostname='8c16a644909e', context_carrier={}, task=<Task(BashOperator): remove_csv_pq>, bundle_instance=LocalDagBundle(name=dags-folder), max_tries=0, start_date=datetime.datetime(2025, 7, 17, 17, 54, 42, 422026, tzinfo=TzInfo(UTC)), end_date=None, state=<TaskInstanceState.RUNNING: 'running'>, is_mapped=False, rendered_map_index=None)","logger":"task"}
{"timestamp":"2025-07-17T18:09:04.980864","level":"info","event":"DAG bundles loaded: dags-folder","logger":"airflow.dag_processing.bundles.manager.DagBundlesManager"}
{"timestamp":"2025-07-17T18:09:04.981789","level":"info","event":"Filling up the DagBag from /opt/airflow/dags/data_ingestion_gcs_dag.py","logger":"airflow.models.dagbag.DagBag"}
{"timestamp":"2025-07-17T18:09:06.851042","level":"info","event":"Tmp dir root location: /tmp","logger":"airflow.task.hooks.airflow.providers.standard.hooks.subprocess.SubprocessHook"}
{"timestamp":"2025-07-17T18:09:06.855529","level":"info","event":"Running command: ['/usr/bin/bash', '-c', 'rm /opt/airflow/green_tripdata_2019-10.parquet /opt/airflow/green_tripdata_2019-10.csv']","logger":"airflow.task.hooks.airflow.providers.standard.hooks.subprocess.SubprocessHook"}
{"timestamp":"2025-07-17T18:09:06.927750","level":"info","event":"Output:","logger":"airflow.task.hooks.airflow.providers.standard.hooks.subprocess.SubprocessHook"}
{"timestamp":"2025-07-17T18:09:06.977889","level":"info","event":"Command exited with return code 0","logger":"airflow.task.hooks.airflow.providers.standard.hooks.subprocess.SubprocessHook"}
{"timestamp":"2025-07-17T18:09:06.982501","level":"info","event":"Pushing xcom","ti":"RuntimeTaskInstance(id=UUID('01981993-257a-7b4b-876d-6ae7fcb3b24c'), task_id='remove_csv_pq', dag_id='upload_gcs_greentrips', run_id='scheduled__2019-10-02T06:00:00+00:00', try_number=1, map_index=-1, hostname='8c16a644909e', context_carrier={}, task=<Task(BashOperator): remove_csv_pq>, bundle_instance=LocalDagBundle(name=dags-folder), max_tries=0, start_date=datetime.datetime(2025, 7, 17, 18, 9, 4, 511722, tzinfo=TzInfo(UTC)), end_date=None, state=<TaskInstanceState.RUNNING: 'running'>, is_mapped=False, rendered_map_index=None)","logger":"task"}
