{"timestamp":"2025-07-17T08:58:52.455309","level":"info","event":"DAG bundles loaded: dags-folder","logger":"airflow.dag_processing.bundles.manager.DagBundlesManager"}
{"timestamp":"2025-07-17T08:58:52.458981","level":"info","event":"Filling up the DagBag from /opt/airflow/dags/data_ingestion_gcs_dag.py","logger":"airflow.models.dagbag.DagBag"}
{"timestamp":"2025-07-17T08:58:53.691070","level":"info","event":"Tmp dir root location: /tmp","logger":"airflow.task.hooks.airflow.providers.standard.hooks.subprocess.SubprocessHook"}
{"timestamp":"2025-07-17T08:58:53.693077","level":"info","event":"Running command: ['/usr/bin/bash', '-c', \"echo https://github.com/DataTalksClub/nyc-tlc-data/releases/download/green/green_tripdata_2019-01.csv.gz && wget --no-verbose https://github.com/DataTalksClub/nyc-tlc-data/releases/download/green/green_tripdata_2019-01.csv.gz -O /opt/airflow/green_tripdata_2019-01.csv.gz && gunzip -f /opt/airflow/green_tripdata_2019-01.csv.gz || echo 'invalid link or file not in gz format' && wget https://github.com/DataTalksClub/nyc-tlc-data/releases/download/green/green_tripdata_2019-01.csv.gz -O /opt/airflow/green_tripdata_2019-01.csv\"]","logger":"airflow.task.hooks.airflow.providers.standard.hooks.subprocess.SubprocessHook"}
{"timestamp":"2025-07-17T08:58:53.711338","level":"info","event":"Output:","logger":"airflow.task.hooks.airflow.providers.standard.hooks.subprocess.SubprocessHook"}
{"timestamp":"2025-07-17T08:58:53.720029","level":"info","event":"https://github.com/DataTalksClub/nyc-tlc-data/releases/download/green/green_tripdata_2019-01.csv.gz","logger":"airflow.task.hooks.airflow.providers.standard.hooks.subprocess.SubprocessHook"}
{"timestamp":"2025-07-17T08:58:54.527620","level":"info","event":"2025-07-17 08:58:54 URL:https://release-assets.githubusercontent.com/github-production-release-asset/513814948/d3904232-1a2b-431b-803d-0ee802cd14fc?sp=r&sv=2018-11-09&sr=b&spr=https&se=2025-07-17T09%3A52%3A05Z&rscd=attachment%3B+filename%3Dgreen_tripdata_2019-01.csv.gz&rsct=application%2Foctet-stream&skoid=96c2d410-5711-43a1-aedd-ab1947aa7ab0&sktid=398a6654-997b-47e9-b12b-9515b896b4de&skt=2025-07-17T08%3A51%3A49Z&ske=2025-07-17T09%3A52%3A05Z&sks=b&skv=2018-11-09&sig=PNbieyBwu1VbwTq72RJDfxp9G%2BU%2BYQ8gHKu249OdB1g%3D&jwt=eyJ******&response-content-disposition=attachment%3B%20filename%3Dgreen_tripdata_2019-01.csv.gz&response-content-type=application%2Foctet-stream [11099245/11099245] -> \"/opt/airflow/green_tripdata_2019-01.csv.gz\" [1]","logger":"airflow.task.hooks.airflow.providers.standard.hooks.subprocess.SubprocessHook"}
{"timestamp":"2025-07-17T08:58:54.885393","level":"info","event":"--2025-07-17 08:58:54--  https://github.com/DataTalksClub/nyc-tlc-data/releases/download/green/green_tripdata_2019-01.csv.gz","logger":"airflow.task.hooks.airflow.providers.standard.hooks.subprocess.SubprocessHook"}
{"timestamp":"2025-07-17T08:58:54.896904","level":"info","event":"Resolving github.com (github.com)... 20.205.243.166","logger":"airflow.task.hooks.airflow.providers.standard.hooks.subprocess.SubprocessHook"}
{"timestamp":"2025-07-17T08:58:54.907757","level":"info","event":"Connecting to github.com (github.com)|20.205.243.166|:443... connected.","logger":"airflow.task.hooks.airflow.providers.standard.hooks.subprocess.SubprocessHook"}
{"timestamp":"2025-07-17T08:58:54.939364","level":"info","event":"HTTP request sent, awaiting response... 302 Found","logger":"airflow.task.hooks.airflow.providers.standard.hooks.subprocess.SubprocessHook"}
{"timestamp":"2025-07-17T08:58:54.939563","level":"info","event":"Location: https://release-assets.githubusercontent.com/github-production-release-asset/513814948/d3904232-1a2b-431b-803d-0ee802cd14fc?sp=r&sv=2018-11-09&sr=b&spr=https&se=2025-07-17T09%3A52%3A05Z&rscd=attachment%3B+filename%3Dgreen_tripdata_2019-01.csv.gz&rsct=application%2Foctet-stream&skoid=96c2d410-5711-43a1-aedd-ab1947aa7ab0&sktid=398a6654-997b-47e9-b12b-9515b896b4de&skt=2025-07-17T08%3A51%3A49Z&ske=2025-07-17T09%3A52%3A05Z&sks=b&skv=2018-11-09&sig=PNbieyBwu1VbwTq72RJDfxp9G%2BU%2BYQ8gHKu249OdB1g%3D&jwt=eyJ******&response-content-disposition=attachment%3B%20filename%3Dgreen_tripdata_2019-01.csv.gz&response-content-type=application%2Foctet-stream [following]","logger":"airflow.task.hooks.airflow.providers.standard.hooks.subprocess.SubprocessHook"}
{"timestamp":"2025-07-17T08:58:54.939699","level":"info","event":"--2025-07-17 08:58:54--  https://release-assets.githubusercontent.com/github-production-release-asset/513814948/d3904232-1a2b-431b-803d-0ee802cd14fc?sp=r&sv=2018-11-09&sr=b&spr=https&se=2025-07-17T09%3A52%3A05Z&rscd=attachment%3B+filename%3Dgreen_tripdata_2019-01.csv.gz&rsct=application%2Foctet-stream&skoid=96c2d410-5711-43a1-aedd-ab1947aa7ab0&sktid=398a6654-997b-47e9-b12b-9515b896b4de&skt=2025-07-17T08%3A51%3A49Z&ske=2025-07-17T09%3A52%3A05Z&sks=b&skv=2018-11-09&sig=PNbieyBwu1VbwTq72RJDfxp9G%2BU%2BYQ8gHKu249OdB1g%3D&jwt=eyJ******&response-content-disposition=attachment%3B%20filename%3Dgreen_tripdata_2019-01.csv.gz&response-content-type=application%2Foctet-stream","logger":"airflow.task.hooks.airflow.providers.standard.hooks.subprocess.SubprocessHook"}
{"timestamp":"2025-07-17T08:58:54.952302","level":"info","event":"Resolving release-assets.githubusercontent.com (release-assets.githubusercontent.com)... 185.199.109.133, 185.199.110.133, 185.199.111.133, ...","logger":"airflow.task.hooks.airflow.providers.standard.hooks.subprocess.SubprocessHook"}
{"timestamp":"2025-07-17T08:58:54.960020","level":"info","event":"Connecting to release-assets.githubusercontent.com (release-assets.githubusercontent.com)|185.199.109.133|:443... connected.","logger":"airflow.task.hooks.airflow.providers.standard.hooks.subprocess.SubprocessHook"}
{"timestamp":"2025-07-17T08:58:54.988072","level":"info","event":"HTTP request sent, awaiting response... 200 OK","logger":"airflow.task.hooks.airflow.providers.standard.hooks.subprocess.SubprocessHook"}
{"timestamp":"2025-07-17T08:58:54.988931","level":"info","event":"Length: 11099245 (11M) [application/octet-stream]","logger":"airflow.task.hooks.airflow.providers.standard.hooks.subprocess.SubprocessHook"}
{"timestamp":"2025-07-17T08:58:54.989044","level":"info","event":"Saving to: ‘/opt/airflow/green_tripdata_2019-01.csv’","logger":"airflow.task.hooks.airflow.providers.standard.hooks.subprocess.SubprocessHook"}
{"timestamp":"2025-07-17T08:58:54.990673","level":"info","event":"","logger":"airflow.task.hooks.airflow.providers.standard.hooks.subprocess.SubprocessHook"}
{"timestamp":"2025-07-17T08:58:55.001667","level":"info","event":"     0K .......... .......... .......... .......... ..........  0% 3.60M 3s","logger":"airflow.task.hooks.airflow.providers.standard.hooks.subprocess.SubprocessHook"}
{"timestamp":"2025-07-17T08:58:55.001920","level":"info","event":"    50K .......... .......... .......... .......... ..........  0%  226M 1s","logger":"airflow.task.hooks.airflow.providers.standard.hooks.subprocess.SubprocessHook"}
{"timestamp":"2025-07-17T08:58:55.005266","level":"info","event":"   100K .......... .......... .......... .......... ..........  1% 13.0M 1s","logger":"airflow.task.hooks.airflow.providers.standard.hooks.subprocess.SubprocessHook"}
{"timestamp":"2025-07-17T08:58:55.008170","level":"info","event":"   150K .......... .......... .......... .......... ..........  1% 17.1M 1s","logger":"airflow.task.hooks.airflow.providers.standard.hooks.subprocess.SubprocessHook"}
{"timestamp":"2025-07-17T08:58:55.008731","level":"info","event":"   200K .......... .......... .......... .......... ..........  2% 96.4M 1s","logger":"airflow.task.hooks.airflow.providers.standard.hooks.subprocess.SubprocessHook"}
{"timestamp":"2025-07-17T08:58:55.013845","level":"info","event":"   250K .......... .......... .......... .......... ..........  2% 9.82M 1s","logger":"airflow.task.hooks.airflow.providers.standard.hooks.subprocess.SubprocessHook"}
{"timestamp":"2025-07-17T08:58:55.015660","level":"info","event":"   300K .......... .......... .......... .......... ..........  3% 24.1M 1s","logger":"airflow.task.hooks.airflow.providers.standard.hooks.subprocess.SubprocessHook"}
{"timestamp":"2025-07-17T08:58:55.017965","level":"info","event":"   350K .......... .......... .......... .......... ..........  3% 21.0M 1s","logger":"airflow.task.hooks.airflow.providers.standard.hooks.subprocess.SubprocessHook"}
{"timestamp":"2025-07-17T08:58:55.019702","level":"info","event":"   400K .......... .......... .......... .......... ..........  4% 28.0M 1s","logger":"airflow.task.hooks.airflow.providers.standard.hooks.subprocess.SubprocessHook"}
{"timestamp":"2025-07-17T08:58:55.022145","level":"info","event":"   450K .......... .......... .......... .......... ..........  4% 20.5M 1s","logger":"airflow.task.hooks.airflow.providers.standard.hooks.subprocess.SubprocessHook"}
{"timestamp":"2025-07-17T08:58:55.022640","level":"info","event":"   500K .......... .......... .......... .......... ..........  5%  126M 1s","logger":"airflow.task.hooks.airflow.providers.standard.hooks.subprocess.SubprocessHook"}
{"timestamp":"2025-07-17T08:58:55.025215","level":"info","event":"   550K .......... .......... .......... .......... ..........  5% 18.7M 1s","logger":"airflow.task.hooks.airflow.providers.standard.hooks.subprocess.SubprocessHook"}
{"timestamp":"2025-07-17T08:58:55.027479","level":"info","event":"   600K .......... .......... .......... .......... ..........  5% 94.5M 1s","logger":"airflow.task.hooks.airflow.providers.standard.hooks.subprocess.SubprocessHook"}
{"timestamp":"2025-07-17T08:58:55.027678","level":"info","event":"   650K .......... .......... .......... .......... ..........  6%  118M 1s","logger":"airflow.task.hooks.airflow.providers.standard.hooks.subprocess.SubprocessHook"}
{"timestamp":"2025-07-17T08:58:55.027732","level":"info","event":"   700K .......... .......... .......... .......... ..........  6% 44.1M 1s","logger":"airflow.task.hooks.airflow.providers.standard.hooks.subprocess.SubprocessHook"}
{"timestamp":"2025-07-17T08:58:55.028668","level":"info","event":"   750K .......... .......... .......... .......... ..........  7% 37.2M 1s","logger":"airflow.task.hooks.airflow.providers.standard.hooks.subprocess.SubprocessHook"}
{"timestamp":"2025-07-17T08:58:55.030602","level":"info","event":"   800K .......... .......... .......... .......... ..........  7% 23.5M 1s","logger":"airflow.task.hooks.airflow.providers.standard.hooks.subprocess.SubprocessHook"}
{"timestamp":"2025-07-17T08:58:55.030725","level":"info","event":"   850K .......... .......... .......... .......... ..........  8%  227M 0s","logger":"airflow.task.hooks.airflow.providers.standard.hooks.subprocess.SubprocessHook"}
{"timestamp":"2025-07-17T08:58:55.031248","level":"info","event":"   900K .......... .......... .......... .......... ..........  8% 81.4M 0s","logger":"airflow.task.hooks.airflow.providers.standard.hooks.subprocess.SubprocessHook"}
{"timestamp":"2025-07-17T08:58:55.031691","level":"info","event":"   950K .......... .......... .......... .......... ..........  9%  144M 0s","logger":"airflow.task.hooks.airflow.providers.standard.hooks.subprocess.SubprocessHook"}
{"timestamp":"2025-07-17T08:58:55.035033","level":"info","event":"  1000K .......... .......... .......... .......... ..........  9% 14.5M 0s","logger":"airflow.task.hooks.airflow.providers.standard.hooks.subprocess.SubprocessHook"}
{"timestamp":"2025-07-17T08:58:55.035212","level":"info","event":"  1050K .......... .......... .......... .......... .......... 10%  187M 0s","logger":"airflow.task.hooks.airflow.providers.standard.hooks.subprocess.SubprocessHook"}
{"timestamp":"2025-07-17T08:58:55.037172","level":"info","event":"  1100K .......... .......... .......... .......... .......... 10% 32.2M 0s","logger":"airflow.task.hooks.airflow.providers.standard.hooks.subprocess.SubprocessHook"}
{"timestamp":"2025-07-17T08:58:55.037261","level":"info","event":"  1150K .......... .......... .......... .......... .......... 11%  226M 0s","logger":"airflow.task.hooks.airflow.providers.standard.hooks.subprocess.SubprocessHook"}
{"timestamp":"2025-07-17T08:58:55.037292","level":"info","event":"  1200K .......... .......... .......... .......... .......... 11%  193M 0s","logger":"airflow.task.hooks.airflow.providers.standard.hooks.subprocess.SubprocessHook"}
{"timestamp":"2025-07-17T08:58:55.037891","level":"info","event":"  1250K .......... .......... .......... .......... .......... 11% 77.4M 0s","logger":"airflow.task.hooks.airflow.providers.standard.hooks.subprocess.SubprocessHook"}
{"timestamp":"2025-07-17T08:58:55.044529","level":"info","event":"  1300K .......... .......... .......... .......... .......... 12% 7.37M 0s","logger":"airflow.task.hooks.airflow.providers.standard.hooks.subprocess.SubprocessHook"}
{"timestamp":"2025-07-17T08:58:55.047175","level":"info","event":"  1350K .......... .......... .......... .......... .......... 12% 20.2M 0s","logger":"airflow.task.hooks.airflow.providers.standard.hooks.subprocess.SubprocessHook"}
{"timestamp":"2025-07-17T08:58:55.048006","level":"info","event":"  1400K .......... .......... .......... .......... .......... 13% 66.1M 0s","logger":"airflow.task.hooks.airflow.providers.standard.hooks.subprocess.SubprocessHook"}
{"timestamp":"2025-07-17T08:58:55.049392","level":"info","event":"  1450K .......... .......... .......... .......... .......... 13% 27.7M 0s","logger":"airflow.task.hooks.airflow.providers.standard.hooks.subprocess.SubprocessHook"}
{"timestamp":"2025-07-17T08:58:55.051395","level":"info","event":"  1500K .......... .......... .......... .......... .......... 14%  261M 0s","logger":"airflow.task.hooks.airflow.providers.standard.hooks.subprocess.SubprocessHook"}
{"timestamp":"2025-07-17T08:58:55.051813","level":"info","event":"  1550K .......... .......... .......... .......... .......... 14% 27.3M 0s","logger":"airflow.task.hooks.airflow.providers.standard.hooks.subprocess.SubprocessHook"}
{"timestamp":"2025-07-17T08:58:55.051876","level":"info","event":"  1600K .......... .......... .......... .......... .......... 15%  298M 0s","logger":"airflow.task.hooks.airflow.providers.standard.hooks.subprocess.SubprocessHook"}
{"timestamp":"2025-07-17T08:58:55.051902","level":"info","event":"  1650K .......... .......... .......... .......... .......... 15%  259M 0s","logger":"airflow.task.hooks.airflow.providers.standard.hooks.subprocess.SubprocessHook"}
{"timestamp":"2025-07-17T08:58:55.051926","level":"info","event":"  1700K .......... .......... .......... .......... .......... 16%  237M 0s","logger":"airflow.task.hooks.airflow.providers.standard.hooks.subprocess.SubprocessHook"}
{"timestamp":"2025-07-17T08:58:55.054008","level":"info","event":"  1750K .......... .......... .......... .......... .......... 16% 43.7M 0s","logger":"airflow.task.hooks.airflow.providers.standard.hooks.subprocess.SubprocessHook"}
{"timestamp":"2025-07-17T08:58:55.054093","level":"info","event":"  1800K .......... .......... .......... .......... .......... 17%  230M 0s","logger":"airflow.task.hooks.airflow.providers.standard.hooks.subprocess.SubprocessHook"}
{"timestamp":"2025-07-17T08:58:55.054120","level":"info","event":"  1850K .......... .......... .......... .......... .......... 17%  281M 0s","logger":"airflow.task.hooks.airflow.providers.standard.hooks.subprocess.SubprocessHook"}
{"timestamp":"2025-07-17T08:58:55.054144","level":"info","event":"  1900K .......... .......... .......... .......... .......... 17%  264M 0s","logger":"airflow.task.hooks.airflow.providers.standard.hooks.subprocess.SubprocessHook"}
{"timestamp":"2025-07-17T08:58:55.057569","level":"info","event":"  1950K .......... .......... .......... .......... .......... 18% 13.2M 0s","logger":"airflow.task.hooks.airflow.providers.standard.hooks.subprocess.SubprocessHook"}
{"timestamp":"2025-07-17T08:58:55.057720","level":"info","event":"  2000K .......... .......... .......... .......... .......... 18%  114M 0s","logger":"airflow.task.hooks.airflow.providers.standard.hooks.subprocess.SubprocessHook"}
{"timestamp":"2025-07-17T08:58:55.058525","level":"info","event":"  2050K .......... .......... .......... .......... .......... 19%  194M 0s","logger":"airflow.task.hooks.airflow.providers.standard.hooks.subprocess.SubprocessHook"}
{"timestamp":"2025-07-17T08:58:55.058679","level":"info","event":"  2100K .......... .......... .......... .......... .......... 19%  208M 0s","logger":"airflow.task.hooks.airflow.providers.standard.hooks.subprocess.SubprocessHook"}
{"timestamp":"2025-07-17T08:58:55.059663","level":"info","event":"  2150K .......... .......... .......... .......... .......... 20% 41.0M 0s","logger":"airflow.task.hooks.airflow.providers.standard.hooks.subprocess.SubprocessHook"}
{"timestamp":"2025-07-17T08:58:55.060723","level":"info","event":"  2200K .......... .......... .......... .......... .......... 20% 91.4M 0s","logger":"airflow.task.hooks.airflow.providers.standard.hooks.subprocess.SubprocessHook"}
{"timestamp":"2025-07-17T08:58:55.060831","level":"info","event":"  2250K .......... .......... .......... .......... .......... 21% 80.5M 0s","logger":"airflow.task.hooks.airflow.providers.standard.hooks.subprocess.SubprocessHook"}
{"timestamp":"2025-07-17T08:58:55.060905","level":"info","event":"  2300K .......... .......... .......... .......... .......... 21%  207M 0s","logger":"airflow.task.hooks.airflow.providers.standard.hooks.subprocess.SubprocessHook"}
{"timestamp":"2025-07-17T08:58:55.063284","level":"info","event":"  2350K .......... .......... .......... .......... .......... 22% 24.5M 0s","logger":"airflow.task.hooks.airflow.providers.standard.hooks.subprocess.SubprocessHook"}
{"timestamp":"2025-07-17T08:58:55.063459","level":"info","event":"  2400K .......... .......... .......... .......... .......... 22%  205M 0s","logger":"airflow.task.hooks.airflow.providers.standard.hooks.subprocess.SubprocessHook"}
{"timestamp":"2025-07-17T08:58:55.064204","level":"info","event":"  2450K .......... .......... .......... .......... .......... 23% 53.0M 0s","logger":"airflow.task.hooks.airflow.providers.standard.hooks.subprocess.SubprocessHook"}
{"timestamp":"2025-07-17T08:58:55.064293","level":"info","event":"  2500K .......... .......... .......... .......... .......... 23%  301M 0s","logger":"airflow.task.hooks.airflow.providers.standard.hooks.subprocess.SubprocessHook"}
{"timestamp":"2025-07-17T08:58:55.064325","level":"info","event":"  2550K .......... .......... .......... .......... .......... 23%  327M 0s","logger":"airflow.task.hooks.airflow.providers.standard.hooks.subprocess.SubprocessHook"}
{"timestamp":"2025-07-17T08:58:55.064919","level":"info","event":"  2600K .......... .......... .......... .......... .......... 24%  174M 0s","logger":"airflow.task.hooks.airflow.providers.standard.hooks.subprocess.SubprocessHook"}
{"timestamp":"2025-07-17T08:58:55.065021","level":"info","event":"  2650K .......... .......... .......... .......... .......... 24%  206M 0s","logger":"airflow.task.hooks.airflow.providers.standard.hooks.subprocess.SubprocessHook"}
{"timestamp":"2025-07-17T08:58:55.066083","level":"info","event":"  2700K .......... .......... .......... .......... .......... 25% 68.7M 0s","logger":"airflow.task.hooks.airflow.providers.standard.hooks.subprocess.SubprocessHook"}
{"timestamp":"2025-07-17T08:58:55.066152","level":"info","event":"  2750K .......... .......... .......... .......... .......... 25%  197M 0s","logger":"airflow.task.hooks.airflow.providers.standard.hooks.subprocess.SubprocessHook"}
{"timestamp":"2025-07-17T08:58:55.067326","level":"info","event":"  2800K .......... .......... .......... .......... .......... 26% 36.5M 0s","logger":"airflow.task.hooks.airflow.providers.standard.hooks.subprocess.SubprocessHook"}
{"timestamp":"2025-07-17T08:58:55.067399","level":"info","event":"  2850K .......... .......... .......... .......... .......... 26%  288M 0s","logger":"airflow.task.hooks.airflow.providers.standard.hooks.subprocess.SubprocessHook"}
{"timestamp":"2025-07-17T08:58:55.067910","level":"info","event":"  2900K .......... .......... .......... .......... .......... 27% 73.8M 0s","logger":"airflow.task.hooks.airflow.providers.standard.hooks.subprocess.SubprocessHook"}
{"timestamp":"2025-07-17T08:58:55.068564","level":"info","event":"  2950K .......... .......... .......... .......... .......... 27%  100M 0s","logger":"airflow.task.hooks.airflow.providers.standard.hooks.subprocess.SubprocessHook"}
{"timestamp":"2025-07-17T08:58:55.068999","level":"info","event":"  3000K .......... .......... .......... .......... .......... 28%  293M 0s","logger":"airflow.task.hooks.airflow.providers.standard.hooks.subprocess.SubprocessHook"}
{"timestamp":"2025-07-17T08:58:55.069568","level":"info","event":"  3050K .......... .......... .......... .......... .......... 28% 50.7M 0s","logger":"airflow.task.hooks.airflow.providers.standard.hooks.subprocess.SubprocessHook"}
{"timestamp":"2025-07-17T08:58:55.070197","level":"info","event":"  3100K .......... .......... .......... .......... .......... 29% 89.5M 0s","logger":"airflow.task.hooks.airflow.providers.standard.hooks.subprocess.SubprocessHook"}
{"timestamp":"2025-07-17T08:58:55.078628","level":"info","event":"  3150K .......... .......... .......... .......... .......... 29% 5.74M 0s","logger":"airflow.task.hooks.airflow.providers.standard.hooks.subprocess.SubprocessHook"}
{"timestamp":"2025-07-17T08:58:55.078743","level":"info","event":"  3200K .......... .......... .......... .......... .......... 29%  231M 0s","logger":"airflow.task.hooks.airflow.providers.standard.hooks.subprocess.SubprocessHook"}
{"timestamp":"2025-07-17T08:58:55.078991","level":"info","event":"  3250K .......... .......... .......... .......... .......... 30%  221M 0s","logger":"airflow.task.hooks.airflow.providers.standard.hooks.subprocess.SubprocessHook"}
{"timestamp":"2025-07-17T08:58:55.079280","level":"info","event":"  3300K .......... .......... .......... .......... .......... 30%  267M 0s","logger":"airflow.task.hooks.airflow.providers.standard.hooks.subprocess.SubprocessHook"}
{"timestamp":"2025-07-17T08:58:55.080900","level":"info","event":"  3350K .......... .......... .......... .......... .......... 31% 53.2M 0s","logger":"airflow.task.hooks.airflow.providers.standard.hooks.subprocess.SubprocessHook"}
{"timestamp":"2025-07-17T08:58:55.080978","level":"info","event":"  3400K .......... .......... .......... .......... .......... 31% 74.8M 0s","logger":"airflow.task.hooks.airflow.providers.standard.hooks.subprocess.SubprocessHook"}
{"timestamp":"2025-07-17T08:58:55.122906","level":"info","event":"  3450K .......... .......... .......... .......... .......... 32% 1.16M 0s","logger":"airflow.task.hooks.airflow.providers.standard.hooks.subprocess.SubprocessHook"}
{"timestamp":"2025-07-17T08:58:55.123594","level":"info","event":"  3500K .......... .......... .......... .......... .......... 32%  133M 0s","logger":"airflow.task.hooks.airflow.providers.standard.hooks.subprocess.SubprocessHook"}
{"timestamp":"2025-07-17T08:58:55.123995","level":"info","event":"  3550K .......... .......... .......... .......... .......... 33%  207M 0s","logger":"airflow.task.hooks.airflow.providers.standard.hooks.subprocess.SubprocessHook"}
{"timestamp":"2025-07-17T08:58:55.124221","level":"info","event":"  3600K .......... .......... .......... .......... .......... 33% 71.9M 0s","logger":"airflow.task.hooks.airflow.providers.standard.hooks.subprocess.SubprocessHook"}
{"timestamp":"2025-07-17T08:58:55.126193","level":"info","event":"  3650K .......... .......... .......... .......... .......... 34% 35.0M 0s","logger":"airflow.task.hooks.airflow.providers.standard.hooks.subprocess.SubprocessHook"}
{"timestamp":"2025-07-17T08:58:55.126290","level":"info","event":"  3700K .......... .......... .......... .......... .......... 34%  288M 0s","logger":"airflow.task.hooks.airflow.providers.standard.hooks.subprocess.SubprocessHook"}
{"timestamp":"2025-07-17T08:58:55.126316","level":"info","event":"  3750K .......... .......... .......... .......... .......... 35% 88.4M 0s","logger":"airflow.task.hooks.airflow.providers.standard.hooks.subprocess.SubprocessHook"}
{"timestamp":"2025-07-17T08:58:55.126375","level":"info","event":"  3800K .......... .......... .......... .......... .......... 35%  164M 0s","logger":"airflow.task.hooks.airflow.providers.standard.hooks.subprocess.SubprocessHook"}
{"timestamp":"2025-07-17T08:58:55.127045","level":"info","event":"  3850K .......... .......... .......... .......... .......... 35%  133M 0s","logger":"airflow.task.hooks.airflow.providers.standard.hooks.subprocess.SubprocessHook"}
{"timestamp":"2025-07-17T08:58:55.127110","level":"info","event":"  3900K .......... .......... .......... .......... .......... 36%  219M 0s","logger":"airflow.task.hooks.airflow.providers.standard.hooks.subprocess.SubprocessHook"}
{"timestamp":"2025-07-17T08:58:55.128511","level":"info","event":"  3950K .......... .......... .......... .......... .......... 36% 32.2M 0s","logger":"airflow.task.hooks.airflow.providers.standard.hooks.subprocess.SubprocessHook"}
{"timestamp":"2025-07-17T08:58:55.128827","level":"info","event":"  4000K .......... .......... .......... .......... .......... 37%  176M 0s","logger":"airflow.task.hooks.airflow.providers.standard.hooks.subprocess.SubprocessHook"}
{"timestamp":"2025-07-17T08:58:55.129264","level":"info","event":"  4050K .......... .......... .......... .......... .......... 37%  189M 0s","logger":"airflow.task.hooks.airflow.providers.standard.hooks.subprocess.SubprocessHook"}
{"timestamp":"2025-07-17T08:58:55.129718","level":"info","event":"  4100K .......... .......... .......... .......... .......... 38%  227M 0s","logger":"airflow.task.hooks.airflow.providers.standard.hooks.subprocess.SubprocessHook"}
{"timestamp":"2025-07-17T08:58:55.130076","level":"info","event":"  4150K .......... .......... .......... .......... .......... 38%  287M 0s","logger":"airflow.task.hooks.airflow.providers.standard.hooks.subprocess.SubprocessHook"}
{"timestamp":"2025-07-17T08:58:55.131583","level":"info","event":"  4200K .......... .......... .......... .......... .......... 39% 46.7M 0s","logger":"airflow.task.hooks.airflow.providers.standard.hooks.subprocess.SubprocessHook"}
{"timestamp":"2025-07-17T08:58:55.132981","level":"info","event":"  4250K .......... .......... .......... .......... .......... 39% 35.8M 0s","logger":"airflow.task.hooks.airflow.providers.standard.hooks.subprocess.SubprocessHook"}
{"timestamp":"2025-07-17T08:58:55.133619","level":"info","event":"  4300K .......... .......... .......... .......... .......... 40% 35.2M 0s","logger":"airflow.task.hooks.airflow.providers.standard.hooks.subprocess.SubprocessHook"}
{"timestamp":"2025-07-17T08:58:55.134765","level":"info","event":"  4350K .......... .......... .......... .......... .......... 40% 61.3M 0s","logger":"airflow.task.hooks.airflow.providers.standard.hooks.subprocess.SubprocessHook"}
{"timestamp":"2025-07-17T08:58:55.135159","level":"info","event":"  4400K .......... .......... .......... .......... .......... 41%  174M 0s","logger":"airflow.task.hooks.airflow.providers.standard.hooks.subprocess.SubprocessHook"}
{"timestamp":"2025-07-17T08:58:55.135242","level":"info","event":"  4450K .......... .......... .......... .......... .......... 41% 54.0M 0s","logger":"airflow.task.hooks.airflow.providers.standard.hooks.subprocess.SubprocessHook"}
{"timestamp":"2025-07-17T08:58:55.135531","level":"info","event":"  4500K .......... .......... .......... .......... .......... 41%  178M 0s","logger":"airflow.task.hooks.airflow.providers.standard.hooks.subprocess.SubprocessHook"}
{"timestamp":"2025-07-17T08:58:55.136110","level":"info","event":"  4550K .......... .......... .......... .......... .......... 42%  169M 0s","logger":"airflow.task.hooks.airflow.providers.standard.hooks.subprocess.SubprocessHook"}
{"timestamp":"2025-07-17T08:58:55.136158","level":"info","event":"  4600K .......... .......... .......... .......... .......... 42%  163M 0s","logger":"airflow.task.hooks.airflow.providers.standard.hooks.subprocess.SubprocessHook"}
{"timestamp":"2025-07-17T08:58:55.136409","level":"info","event":"  4650K .......... .......... .......... .......... .......... 43%  176M 0s","logger":"airflow.task.hooks.airflow.providers.standard.hooks.subprocess.SubprocessHook"}
{"timestamp":"2025-07-17T08:58:55.136918","level":"info","event":"  4700K .......... .......... .......... .......... .......... 43%  132M 0s","logger":"airflow.task.hooks.airflow.providers.standard.hooks.subprocess.SubprocessHook"}
{"timestamp":"2025-07-17T08:58:55.137454","level":"info","event":"  4750K .......... .......... .......... .......... .......... 44%  156M 0s","logger":"airflow.task.hooks.airflow.providers.standard.hooks.subprocess.SubprocessHook"}
{"timestamp":"2025-07-17T08:58:55.137511","level":"info","event":"  4800K .......... .......... .......... .......... .......... 44%  199M 0s","logger":"airflow.task.hooks.airflow.providers.standard.hooks.subprocess.SubprocessHook"}
{"timestamp":"2025-07-17T08:58:55.137769","level":"info","event":"  4850K .......... .......... .......... .......... .......... 45%  110M 0s","logger":"airflow.task.hooks.airflow.providers.standard.hooks.subprocess.SubprocessHook"}
{"timestamp":"2025-07-17T08:58:55.138198","level":"info","event":"  4900K .......... .......... .......... .......... .......... 45%  229M 0s","logger":"airflow.task.hooks.airflow.providers.standard.hooks.subprocess.SubprocessHook"}
{"timestamp":"2025-07-17T08:58:55.138253","level":"info","event":"  4950K .......... .......... .......... .......... .......... 46%  142M 0s","logger":"airflow.task.hooks.airflow.providers.standard.hooks.subprocess.SubprocessHook"}
{"timestamp":"2025-07-17T08:58:55.138767","level":"info","event":"  5000K .......... .......... .......... .......... .......... 46%  238M 0s","logger":"airflow.task.hooks.airflow.providers.standard.hooks.subprocess.SubprocessHook"}
{"timestamp":"2025-07-17T08:58:55.138849","level":"info","event":"  5050K .......... .......... .......... .......... .......... 47%  292M 0s","logger":"airflow.task.hooks.airflow.providers.standard.hooks.subprocess.SubprocessHook"}
{"timestamp":"2025-07-17T08:58:55.138881","level":"info","event":"  5100K .......... .......... .......... .......... .......... 47%  292M 0s","logger":"airflow.task.hooks.airflow.providers.standard.hooks.subprocess.SubprocessHook"}
{"timestamp":"2025-07-17T08:58:55.138912","level":"info","event":"  5150K .......... .......... .......... .......... .......... 47%  314M 0s","logger":"airflow.task.hooks.airflow.providers.standard.hooks.subprocess.SubprocessHook"}
{"timestamp":"2025-07-17T08:58:55.139395","level":"info","event":"  5200K .......... .......... .......... .......... .......... 48%  305M 0s","logger":"airflow.task.hooks.airflow.providers.standard.hooks.subprocess.SubprocessHook"}
{"timestamp":"2025-07-17T08:58:55.139430","level":"info","event":"  5250K .......... .......... .......... .......... .......... 48%  293M 0s","logger":"airflow.task.hooks.airflow.providers.standard.hooks.subprocess.SubprocessHook"}
{"timestamp":"2025-07-17T08:58:55.141497","level":"info","event":"  5300K .......... .......... .......... .......... .......... 49% 27.2M 0s","logger":"airflow.task.hooks.airflow.providers.standard.hooks.subprocess.SubprocessHook"}
{"timestamp":"2025-07-17T08:58:55.141949","level":"info","event":"  5350K .......... .......... .......... .......... .......... 49%  133M 0s","logger":"airflow.task.hooks.airflow.providers.standard.hooks.subprocess.SubprocessHook"}
{"timestamp":"2025-07-17T08:58:55.142214","level":"info","event":"  5400K .......... .......... .......... .......... .......... 50%  264M 0s","logger":"airflow.task.hooks.airflow.providers.standard.hooks.subprocess.SubprocessHook"}
{"timestamp":"2025-07-17T08:58:55.142373","level":"info","event":"  5450K .......... .......... .......... .......... .......... 50%  300M 0s","logger":"airflow.task.hooks.airflow.providers.standard.hooks.subprocess.SubprocessHook"}
{"timestamp":"2025-07-17T08:58:55.142437","level":"info","event":"  5500K .......... .......... .......... .......... .......... 51%  339M 0s","logger":"airflow.task.hooks.airflow.providers.standard.hooks.subprocess.SubprocessHook"}
{"timestamp":"2025-07-17T08:58:55.142471","level":"info","event":"  5550K .......... .......... .......... .......... .......... 51%  235M 0s","logger":"airflow.task.hooks.airflow.providers.standard.hooks.subprocess.SubprocessHook"}
{"timestamp":"2025-07-17T08:58:55.142495","level":"info","event":"  5600K .......... .......... .......... .......... .......... 52%  278M 0s","logger":"airflow.task.hooks.airflow.providers.standard.hooks.subprocess.SubprocessHook"}
{"timestamp":"2025-07-17T08:58:55.142796","level":"info","event":"  5650K .......... .......... .......... .......... .......... 52%  127M 0s","logger":"airflow.task.hooks.airflow.providers.standard.hooks.subprocess.SubprocessHook"}
{"timestamp":"2025-07-17T08:58:55.143126","level":"info","event":"  5700K .......... .......... .......... .......... .......... 53%  151M 0s","logger":"airflow.task.hooks.airflow.providers.standard.hooks.subprocess.SubprocessHook"}
{"timestamp":"2025-07-17T08:58:55.143189","level":"info","event":"  5750K .......... .......... .......... .......... .......... 53%  267M 0s","logger":"airflow.task.hooks.airflow.providers.standard.hooks.subprocess.SubprocessHook"}
{"timestamp":"2025-07-17T08:58:55.143576","level":"info","event":"  5800K .......... .......... .......... .......... .......... 53%  158M 0s","logger":"airflow.task.hooks.airflow.providers.standard.hooks.subprocess.SubprocessHook"}
{"timestamp":"2025-07-17T08:58:55.143840","level":"info","event":"  5850K .......... .......... .......... .......... .......... 54%  215M 0s","logger":"airflow.task.hooks.airflow.providers.standard.hooks.subprocess.SubprocessHook"}
{"timestamp":"2025-07-17T08:58:55.143906","level":"info","event":"  5900K .......... .......... .......... .......... .......... 54%  299M 0s","logger":"airflow.task.hooks.airflow.providers.standard.hooks.subprocess.SubprocessHook"}
{"timestamp":"2025-07-17T08:58:55.144077","level":"info","event":"  5950K .......... .......... .......... .......... .......... 55%  258M 0s","logger":"airflow.task.hooks.airflow.providers.standard.hooks.subprocess.SubprocessHook"}
{"timestamp":"2025-07-17T08:58:55.144315","level":"info","event":"  6000K .......... .......... .......... .......... .......... 55%  261M 0s","logger":"airflow.task.hooks.airflow.providers.standard.hooks.subprocess.SubprocessHook"}
{"timestamp":"2025-07-17T08:58:55.146307","level":"info","event":"  6050K .......... .......... .......... .......... .......... 56% 31.3M 0s","logger":"airflow.task.hooks.airflow.providers.standard.hooks.subprocess.SubprocessHook"}
{"timestamp":"2025-07-17T08:58:55.146375","level":"info","event":"  6100K .......... .......... .......... .......... .......... 56%  203M 0s","logger":"airflow.task.hooks.airflow.providers.standard.hooks.subprocess.SubprocessHook"}
{"timestamp":"2025-07-17T08:58:55.147182","level":"info","event":"  6150K .......... .......... .......... .......... .......... 57% 63.1M 0s","logger":"airflow.task.hooks.airflow.providers.standard.hooks.subprocess.SubprocessHook"}
{"timestamp":"2025-07-17T08:58:55.147234","level":"info","event":"  6200K .......... .......... .......... .......... .......... 57%  187M 0s","logger":"airflow.task.hooks.airflow.providers.standard.hooks.subprocess.SubprocessHook"}
{"timestamp":"2025-07-17T08:58:55.147287","level":"info","event":"  6250K .......... .......... .......... .......... .......... 58%  282M 0s","logger":"airflow.task.hooks.airflow.providers.standard.hooks.subprocess.SubprocessHook"}
{"timestamp":"2025-07-17T08:58:55.147993","level":"info","event":"  6300K .......... .......... .......... .......... .......... 58% 94.5M 0s","logger":"airflow.task.hooks.airflow.providers.standard.hooks.subprocess.SubprocessHook"}
{"timestamp":"2025-07-17T08:58:55.149680","level":"info","event":"  6350K .......... .......... .......... .......... .......... 59% 34.3M 0s","logger":"airflow.task.hooks.airflow.providers.standard.hooks.subprocess.SubprocessHook"}
{"timestamp":"2025-07-17T08:58:55.149743","level":"info","event":"  6400K .......... .......... .......... .......... .......... 59%  250M 0s","logger":"airflow.task.hooks.airflow.providers.standard.hooks.subprocess.SubprocessHook"}
{"timestamp":"2025-07-17T08:58:55.149798","level":"info","event":"  6450K .......... .......... .......... .......... .......... 59%  310M 0s","logger":"airflow.task.hooks.airflow.providers.standard.hooks.subprocess.SubprocessHook"}
{"timestamp":"2025-07-17T08:58:55.149840","level":"info","event":"  6500K .......... .......... .......... .......... .......... 60%  268M 0s","logger":"airflow.task.hooks.airflow.providers.standard.hooks.subprocess.SubprocessHook"}
{"timestamp":"2025-07-17T08:58:55.150404","level":"info","event":"  6550K .......... .......... .......... .......... .......... 60% 89.0M 0s","logger":"airflow.task.hooks.airflow.providers.standard.hooks.subprocess.SubprocessHook"}
{"timestamp":"2025-07-17T08:58:55.150724","level":"info","event":"  6600K .......... .......... .......... .......... .......... 61%  161M 0s","logger":"airflow.task.hooks.airflow.providers.standard.hooks.subprocess.SubprocessHook"}
{"timestamp":"2025-07-17T08:58:55.150786","level":"info","event":"  6650K .......... .......... .......... .......... .......... 61%  265M 0s","logger":"airflow.task.hooks.airflow.providers.standard.hooks.subprocess.SubprocessHook"}
{"timestamp":"2025-07-17T08:58:55.151870","level":"info","event":"  6700K .......... .......... .......... .......... .......... 62% 62.5M 0s","logger":"airflow.task.hooks.airflow.providers.standard.hooks.subprocess.SubprocessHook"}
{"timestamp":"2025-07-17T08:58:55.151919","level":"info","event":"  6750K .......... .......... .......... .......... .......... 62%  169M 0s","logger":"airflow.task.hooks.airflow.providers.standard.hooks.subprocess.SubprocessHook"}
{"timestamp":"2025-07-17T08:58:55.157006","level":"info","event":"  6800K .......... .......... .......... .......... .......... 63% 10.5M 0s","logger":"airflow.task.hooks.airflow.providers.standard.hooks.subprocess.SubprocessHook"}
{"timestamp":"2025-07-17T08:58:55.157081","level":"info","event":"  6850K .......... .......... .......... .......... .......... 63%  200M 0s","logger":"airflow.task.hooks.airflow.providers.standard.hooks.subprocess.SubprocessHook"}
{"timestamp":"2025-07-17T08:58:55.157424","level":"info","event":"  6900K .......... .......... .......... .......... .......... 64%  301M 0s","logger":"airflow.task.hooks.airflow.providers.standard.hooks.subprocess.SubprocessHook"}
{"timestamp":"2025-07-17T08:58:55.157728","level":"info","event":"  6950K .......... .......... .......... .......... .......... 64%  269M 0s","logger":"airflow.task.hooks.airflow.providers.standard.hooks.subprocess.SubprocessHook"}
{"timestamp":"2025-07-17T08:58:55.157828","level":"info","event":"  7000K .......... .......... .......... .......... .......... 65%  355M 0s","logger":"airflow.task.hooks.airflow.providers.standard.hooks.subprocess.SubprocessHook"}
{"timestamp":"2025-07-17T08:58:55.159080","level":"info","event":"  7050K .......... .......... .......... .......... .......... 65%  330M 0s","logger":"airflow.task.hooks.airflow.providers.standard.hooks.subprocess.SubprocessHook"}
{"timestamp":"2025-07-17T08:58:55.159912","level":"info","event":"  7100K .......... .......... .......... .......... .......... 65% 22.6M 0s","logger":"airflow.task.hooks.airflow.providers.standard.hooks.subprocess.SubprocessHook"}
{"timestamp":"2025-07-17T08:58:55.160789","level":"info","event":"  7150K .......... .......... .......... .......... .......... 66% 42.3M 0s","logger":"airflow.task.hooks.airflow.providers.standard.hooks.subprocess.SubprocessHook"}
{"timestamp":"2025-07-17T08:58:55.162221","level":"info","event":"  7200K .......... .......... .......... .......... .......... 66% 40.9M 0s","logger":"airflow.task.hooks.airflow.providers.standard.hooks.subprocess.SubprocessHook"}
{"timestamp":"2025-07-17T08:58:55.162291","level":"info","event":"  7250K .......... .......... .......... .......... .......... 67%  310M 0s","logger":"airflow.task.hooks.airflow.providers.standard.hooks.subprocess.SubprocessHook"}
{"timestamp":"2025-07-17T08:58:55.163246","level":"info","event":"  7300K .......... .......... .......... .......... .......... 67% 60.0M 0s","logger":"airflow.task.hooks.airflow.providers.standard.hooks.subprocess.SubprocessHook"}
{"timestamp":"2025-07-17T08:58:55.164679","level":"info","event":"  7350K .......... .......... .......... .......... .......... 68% 37.5M 0s","logger":"airflow.task.hooks.airflow.providers.standard.hooks.subprocess.SubprocessHook"}
{"timestamp":"2025-07-17T08:58:55.165936","level":"info","event":"  7400K .......... .......... .......... .......... .......... 68% 38.6M 0s","logger":"airflow.task.hooks.airflow.providers.standard.hooks.subprocess.SubprocessHook"}
{"timestamp":"2025-07-17T08:58:55.166068","level":"info","event":"  7450K .......... .......... .......... .......... .......... 69%  228M 0s","logger":"airflow.task.hooks.airflow.providers.standard.hooks.subprocess.SubprocessHook"}
{"timestamp":"2025-07-17T08:58:55.166700","level":"info","event":"  7500K .......... .......... .......... .......... .......... 69% 67.0M 0s","logger":"airflow.task.hooks.airflow.providers.standard.hooks.subprocess.SubprocessHook"}
{"timestamp":"2025-07-17T08:58:55.166747","level":"info","event":"  7550K .......... .......... .......... .......... .......... 70%  303M 0s","logger":"airflow.task.hooks.airflow.providers.standard.hooks.subprocess.SubprocessHook"}
{"timestamp":"2025-07-17T08:58:55.166817","level":"info","event":"  7600K .......... .......... .......... .......... .......... 70%  269M 0s","logger":"airflow.task.hooks.airflow.providers.standard.hooks.subprocess.SubprocessHook"}
{"timestamp":"2025-07-17T08:58:55.167791","level":"info","event":"  7650K .......... .......... .......... .......... .......... 71% 57.5M 0s","logger":"airflow.task.hooks.airflow.providers.standard.hooks.subprocess.SubprocessHook"}
{"timestamp":"2025-07-17T08:58:55.169245","level":"info","event":"  7700K .......... .......... .......... .......... .......... 71% 34.0M 0s","logger":"airflow.task.hooks.airflow.providers.standard.hooks.subprocess.SubprocessHook"}
{"timestamp":"2025-07-17T08:58:55.169321","level":"info","event":"  7750K .......... .......... .......... .......... .......... 71%  237M 0s","logger":"airflow.task.hooks.airflow.providers.standard.hooks.subprocess.SubprocessHook"}
{"timestamp":"2025-07-17T08:58:55.169350","level":"info","event":"  7800K .......... .......... .......... .......... .......... 72%  298M 0s","logger":"airflow.task.hooks.airflow.providers.standard.hooks.subprocess.SubprocessHook"}
{"timestamp":"2025-07-17T08:58:55.170117","level":"info","event":"  7850K .......... .......... .......... .......... .......... 72% 97.9M 0s","logger":"airflow.task.hooks.airflow.providers.standard.hooks.subprocess.SubprocessHook"}
{"timestamp":"2025-07-17T08:58:55.171243","level":"info","event":"  7900K .......... .......... .......... .......... .......... 73% 45.4M 0s","logger":"airflow.task.hooks.airflow.providers.standard.hooks.subprocess.SubprocessHook"}
{"timestamp":"2025-07-17T08:58:55.172213","level":"info","event":"  7950K .......... .......... .......... .......... .......... 73% 63.3M 0s","logger":"airflow.task.hooks.airflow.providers.standard.hooks.subprocess.SubprocessHook"}
{"timestamp":"2025-07-17T08:58:55.172384","level":"info","event":"  8000K .......... .......... .......... .......... .......... 74%  295M 0s","logger":"airflow.task.hooks.airflow.providers.standard.hooks.subprocess.SubprocessHook"}
{"timestamp":"2025-07-17T08:58:55.173316","level":"info","event":"  8050K .......... .......... .......... .......... .......... 74% 53.1M 0s","logger":"airflow.task.hooks.airflow.providers.standard.hooks.subprocess.SubprocessHook"}
{"timestamp":"2025-07-17T08:58:55.175967","level":"info","event":"  8100K .......... .......... .......... .......... .......... 75% 15.8M 0s","logger":"airflow.task.hooks.airflow.providers.standard.hooks.subprocess.SubprocessHook"}
{"timestamp":"2025-07-17T08:58:55.176235","level":"info","event":"  8150K .......... .......... .......... .......... .......... 75%  265M 0s","logger":"airflow.task.hooks.airflow.providers.standard.hooks.subprocess.SubprocessHook"}
{"timestamp":"2025-07-17T08:58:55.176348","level":"info","event":"  8200K .......... .......... .......... .......... .......... 76%  265M 0s","logger":"airflow.task.hooks.airflow.providers.standard.hooks.subprocess.SubprocessHook"}
{"timestamp":"2025-07-17T08:58:55.178005","level":"info","event":"  8250K .......... .......... .......... .......... .......... 76% 32.0M 0s","logger":"airflow.task.hooks.airflow.providers.standard.hooks.subprocess.SubprocessHook"}
{"timestamp":"2025-07-17T08:58:55.179224","level":"info","event":"  8300K .......... .......... .......... .......... .......... 77% 40.3M 0s","logger":"airflow.task.hooks.airflow.providers.standard.hooks.subprocess.SubprocessHook"}
{"timestamp":"2025-07-17T08:58:55.180466","level":"info","event":"  8350K .......... .......... .......... .......... .......... 77% 34.0M 0s","logger":"airflow.task.hooks.airflow.providers.standard.hooks.subprocess.SubprocessHook"}
{"timestamp":"2025-07-17T08:58:55.182417","level":"info","event":"  8400K .......... .......... .......... .......... .......... 77% 26.4M 0s","logger":"airflow.task.hooks.airflow.providers.standard.hooks.subprocess.SubprocessHook"}
{"timestamp":"2025-07-17T08:58:55.183364","level":"info","event":"  8450K .......... .......... .......... .......... .......... 78% 51.8M 0s","logger":"airflow.task.hooks.airflow.providers.standard.hooks.subprocess.SubprocessHook"}
{"timestamp":"2025-07-17T08:58:55.183841","level":"info","event":"  8500K .......... .......... .......... .......... .......... 78%  103M 0s","logger":"airflow.task.hooks.airflow.providers.standard.hooks.subprocess.SubprocessHook"}
{"timestamp":"2025-07-17T08:58:55.184334","level":"info","event":"  8550K .......... .......... .......... .......... .......... 79% 75.9M 0s","logger":"airflow.task.hooks.airflow.providers.standard.hooks.subprocess.SubprocessHook"}
{"timestamp":"2025-07-17T08:58:55.185506","level":"info","event":"  8600K .......... .......... .......... .......... .......... 79% 50.8M 0s","logger":"airflow.task.hooks.airflow.providers.standard.hooks.subprocess.SubprocessHook"}
{"timestamp":"2025-07-17T08:58:55.185825","level":"info","event":"  8650K .......... .......... .......... .......... .......... 80%  103M 0s","logger":"airflow.task.hooks.airflow.providers.standard.hooks.subprocess.SubprocessHook"}
{"timestamp":"2025-07-17T08:58:55.188408","level":"info","event":"  8700K .......... .......... .......... .......... .......... 80% 34.1M 0s","logger":"airflow.task.hooks.airflow.providers.standard.hooks.subprocess.SubprocessHook"}
{"timestamp":"2025-07-17T08:58:55.191143","level":"info","event":"  8750K .......... .......... .......... .......... .......... 81% 14.7M 0s","logger":"airflow.task.hooks.airflow.providers.standard.hooks.subprocess.SubprocessHook"}
{"timestamp":"2025-07-17T08:58:55.191237","level":"info","event":"  8800K .......... .......... .......... .......... .......... 81%  125M 0s","logger":"airflow.task.hooks.airflow.providers.standard.hooks.subprocess.SubprocessHook"}
{"timestamp":"2025-07-17T08:58:55.194063","level":"info","event":"  8850K .......... .......... .......... .......... .......... 82% 19.3M 0s","logger":"airflow.task.hooks.airflow.providers.standard.hooks.subprocess.SubprocessHook"}
{"timestamp":"2025-07-17T08:58:55.194492","level":"info","event":"  8900K .......... .......... .......... .......... .......... 82% 81.0M 0s","logger":"airflow.task.hooks.airflow.providers.standard.hooks.subprocess.SubprocessHook"}
{"timestamp":"2025-07-17T08:58:55.195078","level":"info","event":"  8950K .......... .......... .......... .......... .......... 83% 78.3M 0s","logger":"airflow.task.hooks.airflow.providers.standard.hooks.subprocess.SubprocessHook"}
{"timestamp":"2025-07-17T08:58:55.195601","level":"info","event":"  9000K .......... .......... .......... .......... .......... 83% 64.6M 0s","logger":"airflow.task.hooks.airflow.providers.standard.hooks.subprocess.SubprocessHook"}
{"timestamp":"2025-07-17T08:58:55.196855","level":"info","event":"  9050K .......... .......... .......... .......... .......... 83% 65.1M 0s","logger":"airflow.task.hooks.airflow.providers.standard.hooks.subprocess.SubprocessHook"}
{"timestamp":"2025-07-17T08:58:55.196915","level":"info","event":"  9100K .......... .......... .......... .......... .......... 84%  264M 0s","logger":"airflow.task.hooks.airflow.providers.standard.hooks.subprocess.SubprocessHook"}
{"timestamp":"2025-07-17T08:58:55.198499","level":"info","event":"  9150K .......... .......... .......... .......... .......... 84% 25.3M 0s","logger":"airflow.task.hooks.airflow.providers.standard.hooks.subprocess.SubprocessHook"}
{"timestamp":"2025-07-17T08:58:55.199219","level":"info","event":"  9200K .......... .......... .......... .......... .......... 85% 56.1M 0s","logger":"airflow.task.hooks.airflow.providers.standard.hooks.subprocess.SubprocessHook"}
{"timestamp":"2025-07-17T08:58:55.199313","level":"info","event":"  9250K .......... .......... .......... .......... .......... 85%  322M 0s","logger":"airflow.task.hooks.airflow.providers.standard.hooks.subprocess.SubprocessHook"}
{"timestamp":"2025-07-17T08:58:55.199470","level":"info","event":"  9300K .......... .......... .......... .......... .......... 86%  303M 0s","logger":"airflow.task.hooks.airflow.providers.standard.hooks.subprocess.SubprocessHook"}
{"timestamp":"2025-07-17T08:58:55.199950","level":"info","event":"  9350K .......... .......... .......... .......... .......... 86%  177M 0s","logger":"airflow.task.hooks.airflow.providers.standard.hooks.subprocess.SubprocessHook"}
{"timestamp":"2025-07-17T08:58:55.200240","level":"info","event":"  9400K .......... .......... .......... .......... .......... 87%  204M 0s","logger":"airflow.task.hooks.airflow.providers.standard.hooks.subprocess.SubprocessHook"}
{"timestamp":"2025-07-17T08:58:55.200935","level":"info","event":"  9450K .......... .......... .......... .......... .......... 87% 64.9M 0s","logger":"airflow.task.hooks.airflow.providers.standard.hooks.subprocess.SubprocessHook"}
{"timestamp":"2025-07-17T08:58:55.201562","level":"info","event":"  9500K .......... .......... .......... .......... .......... 88%  104M 0s","logger":"airflow.task.hooks.airflow.providers.standard.hooks.subprocess.SubprocessHook"}
{"timestamp":"2025-07-17T08:58:55.201621","level":"info","event":"  9550K .......... .......... .......... .......... .......... 88%  249M 0s","logger":"airflow.task.hooks.airflow.providers.standard.hooks.subprocess.SubprocessHook"}
{"timestamp":"2025-07-17T08:58:55.205854","level":"info","event":"  9600K .......... .......... .......... .......... .......... 89% 12.7M 0s","logger":"airflow.task.hooks.airflow.providers.standard.hooks.subprocess.SubprocessHook"}
{"timestamp":"2025-07-17T08:58:55.206996","level":"info","event":"  9650K .......... .......... .......... .......... .......... 89% 55.8M 0s","logger":"airflow.task.hooks.airflow.providers.standard.hooks.subprocess.SubprocessHook"}
{"timestamp":"2025-07-17T08:58:55.210097","level":"info","event":"  9700K .......... .......... .......... .......... .......... 89% 14.2M 0s","logger":"airflow.task.hooks.airflow.providers.standard.hooks.subprocess.SubprocessHook"}
{"timestamp":"2025-07-17T08:58:55.211421","level":"info","event":"  9750K .......... .......... .......... .......... .......... 90% 27.9M 0s","logger":"airflow.task.hooks.airflow.providers.standard.hooks.subprocess.SubprocessHook"}
{"timestamp":"2025-07-17T08:58:55.211951","level":"info","event":"  9800K .......... .......... .......... .......... .......... 90%  213M 0s","logger":"airflow.task.hooks.airflow.providers.standard.hooks.subprocess.SubprocessHook"}
{"timestamp":"2025-07-17T08:58:55.212025","level":"info","event":"  9850K .......... .......... .......... .......... .......... 91%  253M 0s","logger":"airflow.task.hooks.airflow.providers.standard.hooks.subprocess.SubprocessHook"}
{"timestamp":"2025-07-17T08:58:55.212452","level":"info","event":"  9900K .......... .......... .......... .......... .......... 91% 82.7M 0s","logger":"airflow.task.hooks.airflow.providers.standard.hooks.subprocess.SubprocessHook"}
{"timestamp":"2025-07-17T08:58:55.214938","level":"info","event":"  9950K .......... .......... .......... .......... .......... 92% 19.9M 0s","logger":"airflow.task.hooks.airflow.providers.standard.hooks.subprocess.SubprocessHook"}
{"timestamp":"2025-07-17T08:58:55.216669","level":"info","event":" 10000K .......... .......... .......... .......... .......... 92% 27.6M 0s","logger":"airflow.task.hooks.airflow.providers.standard.hooks.subprocess.SubprocessHook"}
{"timestamp":"2025-07-17T08:58:55.216856","level":"info","event":" 10050K .......... .......... .......... .......... .......... 93%  200M 0s","logger":"airflow.task.hooks.airflow.providers.standard.hooks.subprocess.SubprocessHook"}
{"timestamp":"2025-07-17T08:58:55.220595","level":"info","event":" 10100K .......... .......... .......... .......... .......... 93% 13.8M 0s","logger":"airflow.task.hooks.airflow.providers.standard.hooks.subprocess.SubprocessHook"}
{"timestamp":"2025-07-17T08:58:55.221145","level":"info","event":" 10150K .......... .......... .......... .......... .......... 94% 66.9M 0s","logger":"airflow.task.hooks.airflow.providers.standard.hooks.subprocess.SubprocessHook"}
{"timestamp":"2025-07-17T08:58:55.222085","level":"info","event":" 10200K .......... .......... .......... .......... .......... 94% 54.2M 0s","logger":"airflow.task.hooks.airflow.providers.standard.hooks.subprocess.SubprocessHook"}
{"timestamp":"2025-07-17T08:58:55.223296","level":"info","event":" 10250K .......... .......... .......... .......... .......... 95% 44.0M 0s","logger":"airflow.task.hooks.airflow.providers.standard.hooks.subprocess.SubprocessHook"}
{"timestamp":"2025-07-17T08:58:55.223387","level":"info","event":" 10300K .......... .......... .......... .......... .......... 95%  171M 0s","logger":"airflow.task.hooks.airflow.providers.standard.hooks.subprocess.SubprocessHook"}
{"timestamp":"2025-07-17T08:58:55.224107","level":"info","event":" 10350K .......... .......... .......... .......... .......... 95% 70.6M 0s","logger":"airflow.task.hooks.airflow.providers.standard.hooks.subprocess.SubprocessHook"}
{"timestamp":"2025-07-17T08:58:55.224573","level":"info","event":" 10400K .......... .......... .......... .......... .......... 96%  103M 0s","logger":"airflow.task.hooks.airflow.providers.standard.hooks.subprocess.SubprocessHook"}
{"timestamp":"2025-07-17T08:58:55.225555","level":"info","event":" 10450K .......... .......... .......... .......... .......... 96% 55.3M 0s","logger":"airflow.task.hooks.airflow.providers.standard.hooks.subprocess.SubprocessHook"}
{"timestamp":"2025-07-17T08:58:55.227877","level":"info","event":" 10500K .......... .......... .......... .......... .......... 97% 23.8M 0s","logger":"airflow.task.hooks.airflow.providers.standard.hooks.subprocess.SubprocessHook"}
{"timestamp":"2025-07-17T08:58:55.228446","level":"info","event":" 10550K .......... .......... .......... .......... .......... 97% 61.2M 0s","logger":"airflow.task.hooks.airflow.providers.standard.hooks.subprocess.SubprocessHook"}
{"timestamp":"2025-07-17T08:58:55.230551","level":"info","event":" 10600K .......... .......... .......... .......... .......... 98% 27.4M 0s","logger":"airflow.task.hooks.airflow.providers.standard.hooks.subprocess.SubprocessHook"}
{"timestamp":"2025-07-17T08:58:55.230705","level":"info","event":" 10650K .......... .......... .......... .......... .......... 98%  218M 0s","logger":"airflow.task.hooks.airflow.providers.standard.hooks.subprocess.SubprocessHook"}
{"timestamp":"2025-07-17T08:58:55.230792","level":"info","event":" 10700K .......... .......... .......... .......... .......... 99%  112M 0s","logger":"airflow.task.hooks.airflow.providers.standard.hooks.subprocess.SubprocessHook"}
{"timestamp":"2025-07-17T08:58:55.231457","level":"info","event":" 10750K .......... .......... .......... .......... .......... 99% 78.9M 0s","logger":"airflow.task.hooks.airflow.providers.standard.hooks.subprocess.SubprocessHook"}
{"timestamp":"2025-07-17T08:58:55.232311","level":"info","event":" 10800K .......... .......... .......... .........            100% 49.9M=0.2s","logger":"airflow.task.hooks.airflow.providers.standard.hooks.subprocess.SubprocessHook"}
{"timestamp":"2025-07-17T08:58:55.232610","level":"info","event":"","logger":"airflow.task.hooks.airflow.providers.standard.hooks.subprocess.SubprocessHook"}
{"timestamp":"2025-07-17T08:58:55.232898","level":"info","event":"2025-07-17 08:58:55 (43.3 MB/s) - ‘/opt/airflow/green_tripdata_2019-01.csv’ saved [11099245/11099245]","logger":"airflow.task.hooks.airflow.providers.standard.hooks.subprocess.SubprocessHook"}
{"timestamp":"2025-07-17T08:58:55.233152","level":"info","event":"","logger":"airflow.task.hooks.airflow.providers.standard.hooks.subprocess.SubprocessHook"}
{"timestamp":"2025-07-17T08:58:55.235200","level":"info","event":"Command exited with return code 0","logger":"airflow.task.hooks.airflow.providers.standard.hooks.subprocess.SubprocessHook"}
{"timestamp":"2025-07-17T08:58:55.236725","level":"info","event":"Pushing xcom","ti":"RuntimeTaskInstance(id=UUID('0198179b-9f52-7834-906b-1dc3307b576f'), task_id='download_dataset_task', dag_id='upload_gcs_greentrips', run_id='scheduled__2019-01-02T06:00:00+00:00', try_number=2, map_index=-1, hostname='8c16a644909e', context_carrier={}, task=<Task(BashOperator): download_dataset_task>, bundle_instance=LocalDagBundle(name=dags-folder), max_tries=1, start_date=datetime.datetime(2025, 7, 17, 8, 58, 52, 146588, tzinfo=TzInfo(UTC)), end_date=None, state=<TaskInstanceState.RUNNING: 'running'>, is_mapped=False, rendered_map_index=None)","logger":"task"}
