{"timestamp":"2025-07-13T18:38:44.666791","level":"info","event":"DAG bundles loaded: dags-folder","logger":"airflow.dag_processing.bundles.manager.DagBundlesManager"}
{"timestamp":"2025-07-13T18:38:44.669731","level":"info","event":"Filling up the DagBag from /opt/airflow/dags/data_ingestion_gcs_dag.py","logger":"airflow.models.dagbag.DagBag"}
{"timestamp":"2025-07-13T18:38:47.333790","level":"info","event":"Tmp dir root location: /tmp","logger":"airflow.task.hooks.airflow.providers.standard.hooks.subprocess.SubprocessHook"}
{"timestamp":"2025-07-13T18:38:47.340549","level":"info","event":"Running command: ['/usr/bin/bash', '-c', 'echo https://github.com/DataTalksClub/nyc-tlc-data/releases/download/green/green_tripdata_2019-01.csv.gz && wget --no-verbose https://github.com/DataTalksClub/nyc-tlc-data/releases/download/green/green_tripdata_2019-01.csv.gz -O /opt/airflow/green_tripdata_2019-01.csv.gz && gunzip -f /opt/airflow/green_tripdata_2019-01.csv.gz']","logger":"airflow.task.hooks.airflow.providers.standard.hooks.subprocess.SubprocessHook"}
{"timestamp":"2025-07-13T18:38:47.386207","level":"info","event":"Output:","logger":"airflow.task.hooks.airflow.providers.standard.hooks.subprocess.SubprocessHook"}
{"timestamp":"2025-07-13T18:38:47.390104","level":"info","event":"https://github.com/DataTalksClub/nyc-tlc-data/releases/download/green/green_tripdata_2019-01.csv.gz","logger":"airflow.task.hooks.airflow.providers.standard.hooks.subprocess.SubprocessHook"}
{"timestamp":"2025-07-13T18:38:49.714386","level":"info","event":"2025-07-13 18:38:49 URL:https://objects.githubusercontent.com/github-production-release-asset-2e65be/513814948/d3904232-1a2b-431b-803d-0ee802cd14fc?X-Amz-Algorithm=AWS4-HMAC-SHA256&X-Amz-Credential=releaseassetproduction%2F20250713%2Fus-east-1%2Fs3%2Faws4_request&X-Amz-Date=20250713T183847Z&X-Amz-Expires=1800&X-Amz-Signature=547ed129f41fd43857d22d8f3e7a253368829c73399f2d50aa61a06cc1b9afa0&X-Amz-SignedHeaders=host&response-content-disposition=attachment%3B%20filename%3Dgreen_tripdata_2019-01.csv.gz&response-content-type=application%2Foctet-stream [11099245/11099245] -> \"/opt/airflow/green_tripdata_2019-01.csv.gz\" [1]","logger":"airflow.task.hooks.airflow.providers.standard.hooks.subprocess.SubprocessHook"}
{"timestamp":"2025-07-13T18:38:50.131991","level":"info","event":"Command exited with return code 0","logger":"airflow.task.hooks.airflow.providers.standard.hooks.subprocess.SubprocessHook"}
{"timestamp":"2025-07-13T18:38:50.134134","level":"info","event":"Pushing xcom","ti":"RuntimeTaskInstance(id=UUID('01980515-11fb-7c52-a777-0dee76c55f3a'), task_id='download_dataset_task', dag_id='upload_gcs_greentrips', run_id='scheduled__2019-01-02T06:00:00+00:00', try_number=1, map_index=-1, hostname='fb7e26a7e74c', context_carrier={}, task=<Task(BashOperator): download_dataset_task>, bundle_instance=LocalDagBundle(name=dags-folder), max_tries=0, start_date=datetime.datetime(2025, 7, 13, 18, 38, 43, 960959, tzinfo=TzInfo(UTC)), end_date=None, state=<TaskInstanceState.RUNNING: 'running'>, is_mapped=False, rendered_map_index=None)","logger":"task"}
{"timestamp":"2025-07-17T08:53:53.954604","level":"info","event":"DAG bundles loaded: dags-folder","logger":"airflow.dag_processing.bundles.manager.DagBundlesManager"}
{"timestamp":"2025-07-17T08:53:53.958476","level":"info","event":"Filling up the DagBag from /opt/airflow/dags/data_ingestion_gcs_dag.py","logger":"airflow.models.dagbag.DagBag"}
{"timestamp":"2025-07-17T08:53:58.275602","level":"info","event":"Tmp dir root location: /tmp","logger":"airflow.task.hooks.airflow.providers.standard.hooks.subprocess.SubprocessHook"}
{"timestamp":"2025-07-17T08:53:58.276932","level":"info","event":"Running command: ['/usr/bin/bash', '-c', \"echo https://github.com/DataTalksClub/nyc-tlc-data/releases/download/green/green_tripdata_2019-01.csv.gz && wget --no-verbose https://github.com/DataTalksClub/nyc-tlc-data/releases/download/green/green_tripdata_2019-01.csv.gz -O /opt/airflow/green_tripdata_2019-01.csv.gz && gunzip -f /opt/airflow/green_tripdata_2019-01.csv.gz || echo 'invalid link or file not in gz format' && wget https://github.com/DataTalksClub/nyc-tlc-data/releases/download/green/green_tripdata_2019-01.csv.gz -O /opt/airflow/green_tripdata_2019-01.csv\"]","logger":"airflow.task.hooks.airflow.providers.standard.hooks.subprocess.SubprocessHook"}
{"timestamp":"2025-07-17T08:53:58.321370","level":"info","event":"Output:","logger":"airflow.task.hooks.airflow.providers.standard.hooks.subprocess.SubprocessHook"}
{"timestamp":"2025-07-17T08:53:58.328765","level":"info","event":"https://github.com/DataTalksClub/nyc-tlc-data/releases/download/green/green_tripdata_2019-01.csv.gz","logger":"airflow.task.hooks.airflow.providers.standard.hooks.subprocess.SubprocessHook"}
{"timestamp":"2025-07-17T08:54:00.474309","level":"info","event":"2025-07-17 08:54:00 URL:https://objects.githubusercontent.com/github-production-release-asset-2e65be/513814948/d3904232-1a2b-431b-803d-0ee802cd14fc?X-Amz-Algorithm=AWS4-HMAC-SHA256&X-Amz-Credential=releaseassetproduction%2F20250717%2Fus-east-1%2Fs3%2Faws4_request&X-Amz-Date=20250717T085358Z&X-Amz-Expires=1800&X-Amz-Signature=84b2bbfaa252929e350fa4eb867501c6b2a67c72c4822eb084cfc816245ecf55&X-Amz-SignedHeaders=host&response-content-disposition=attachment%3B%20filename%3Dgreen_tripdata_2019-01.csv.gz&response-content-type=application%2Foctet-stream [11099245/11099245] -> \"/opt/airflow/green_tripdata_2019-01.csv.gz\" [1]","logger":"airflow.task.hooks.airflow.providers.standard.hooks.subprocess.SubprocessHook"}
{"timestamp":"2025-07-17T08:54:01.227808","level":"info","event":"--2025-07-17 08:54:01--  https://github.com/DataTalksClub/nyc-tlc-data/releases/download/green/green_tripdata_2019-01.csv.gz","logger":"airflow.task.hooks.airflow.providers.standard.hooks.subprocess.SubprocessHook"}
{"timestamp":"2025-07-17T08:54:01.242037","level":"info","event":"Resolving github.com (github.com)... 20.205.243.166","logger":"airflow.task.hooks.airflow.providers.standard.hooks.subprocess.SubprocessHook"}
{"timestamp":"2025-07-17T08:54:01.312317","level":"info","event":"Connecting to github.com (github.com)|20.205.243.166|:443... connected.","logger":"airflow.task.hooks.airflow.providers.standard.hooks.subprocess.SubprocessHook"}
{"timestamp":"2025-07-17T08:54:01.344650","level":"info","event":"HTTP request sent, awaiting response... 302 Found","logger":"airflow.task.hooks.airflow.providers.standard.hooks.subprocess.SubprocessHook"}
{"timestamp":"2025-07-17T08:54:01.344885","level":"info","event":"Location: https://objects.githubusercontent.com/github-production-release-asset-2e65be/513814948/d3904232-1a2b-431b-803d-0ee802cd14fc?X-Amz-Algorithm=AWS4-HMAC-SHA256&X-Amz-Credential=releaseassetproduction%2F20250717%2Fus-east-1%2Fs3%2Faws4_request&X-Amz-Date=20250717T085358Z&X-Amz-Expires=1800&X-Amz-Signature=84b2bbfaa252929e350fa4eb867501c6b2a67c72c4822eb084cfc816245ecf55&X-Amz-SignedHeaders=host&response-content-disposition=attachment%3B%20filename%3Dgreen_tripdata_2019-01.csv.gz&response-content-type=application%2Foctet-stream [following]","logger":"airflow.task.hooks.airflow.providers.standard.hooks.subprocess.SubprocessHook"}
{"timestamp":"2025-07-17T08:54:01.345142","level":"info","event":"--2025-07-17 08:54:01--  https://objects.githubusercontent.com/github-production-release-asset-2e65be/513814948/d3904232-1a2b-431b-803d-0ee802cd14fc?X-Amz-Algorithm=AWS4-HMAC-SHA256&X-Amz-Credential=releaseassetproduction%2F20250717%2Fus-east-1%2Fs3%2Faws4_request&X-Amz-Date=20250717T085358Z&X-Amz-Expires=1800&X-Amz-Signature=84b2bbfaa252929e350fa4eb867501c6b2a67c72c4822eb084cfc816245ecf55&X-Amz-SignedHeaders=host&response-content-disposition=attachment%3B%20filename%3Dgreen_tripdata_2019-01.csv.gz&response-content-type=application%2Foctet-stream","logger":"airflow.task.hooks.airflow.providers.standard.hooks.subprocess.SubprocessHook"}
{"timestamp":"2025-07-17T08:54:01.351636","level":"info","event":"Resolving objects.githubusercontent.com (objects.githubusercontent.com)... 185.199.108.133, 185.199.109.133, 185.199.110.133, ...","logger":"airflow.task.hooks.airflow.providers.standard.hooks.subprocess.SubprocessHook"}
{"timestamp":"2025-07-17T08:54:01.359487","level":"info","event":"Connecting to objects.githubusercontent.com (objects.githubusercontent.com)|185.199.108.133|:443... connected.","logger":"airflow.task.hooks.airflow.providers.standard.hooks.subprocess.SubprocessHook"}
{"timestamp":"2025-07-17T08:54:02.354487","level":"info","event":"HTTP request sent, awaiting response... 200 OK","logger":"airflow.task.hooks.airflow.providers.standard.hooks.subprocess.SubprocessHook"}
{"timestamp":"2025-07-17T08:54:02.354876","level":"info","event":"Length: 11099245 (11M) [application/octet-stream]","logger":"airflow.task.hooks.airflow.providers.standard.hooks.subprocess.SubprocessHook"}
{"timestamp":"2025-07-17T08:54:02.354955","level":"info","event":"Saving to: ‘/opt/airflow/green_tripdata_2019-01.csv’","logger":"airflow.task.hooks.airflow.providers.standard.hooks.subprocess.SubprocessHook"}
{"timestamp":"2025-07-17T08:54:02.356652","level":"info","event":"","logger":"airflow.task.hooks.airflow.providers.standard.hooks.subprocess.SubprocessHook"}
{"timestamp":"2025-07-17T08:54:02.365197","level":"info","event":"     0K .......... .......... .......... .......... ..........  0% 4.28M 2s","logger":"airflow.task.hooks.airflow.providers.standard.hooks.subprocess.SubprocessHook"}
{"timestamp":"2025-07-17T08:54:02.366626","level":"info","event":"    50K .......... .......... .......... .......... ..........  0% 35.2M 1s","logger":"airflow.task.hooks.airflow.providers.standard.hooks.subprocess.SubprocessHook"}
{"timestamp":"2025-07-17T08:54:02.371692","level":"info","event":"   100K .......... .......... .......... .......... ..........  1% 10.1M 1s","logger":"airflow.task.hooks.airflow.providers.standard.hooks.subprocess.SubprocessHook"}
{"timestamp":"2025-07-17T08:54:02.374032","level":"info","event":"   150K .......... .......... .......... .......... ..........  1% 17.9M 1s","logger":"airflow.task.hooks.airflow.providers.standard.hooks.subprocess.SubprocessHook"}
{"timestamp":"2025-07-17T08:54:02.376445","level":"info","event":"   200K .......... .......... .......... .......... ..........  2% 22.1M 1s","logger":"airflow.task.hooks.airflow.providers.standard.hooks.subprocess.SubprocessHook"}
{"timestamp":"2025-07-17T08:54:02.383213","level":"info","event":"   250K .......... .......... .......... .......... ..........  2% 7.37M 1s","logger":"airflow.task.hooks.airflow.providers.standard.hooks.subprocess.SubprocessHook"}
{"timestamp":"2025-07-17T08:54:02.385579","level":"info","event":"   300K .......... .......... .......... .......... ..........  3% 18.6M 1s","logger":"airflow.task.hooks.airflow.providers.standard.hooks.subprocess.SubprocessHook"}
{"timestamp":"2025-07-17T08:54:02.385770","level":"info","event":"   350K .......... .......... .......... .......... ..........  3%  153M 1s","logger":"airflow.task.hooks.airflow.providers.standard.hooks.subprocess.SubprocessHook"}
{"timestamp":"2025-07-17T08:54:02.386465","level":"info","event":"   400K .......... .......... .......... .......... ..........  4%  157M 1s","logger":"airflow.task.hooks.airflow.providers.standard.hooks.subprocess.SubprocessHook"}
{"timestamp":"2025-07-17T08:54:02.388702","level":"info","event":"   450K .......... .......... .......... .......... ..........  4% 19.2M 1s","logger":"airflow.task.hooks.airflow.providers.standard.hooks.subprocess.SubprocessHook"}
{"timestamp":"2025-07-17T08:54:02.391708","level":"info","event":"   500K .......... .......... .......... .......... ..........  5% 16.0M 1s","logger":"airflow.task.hooks.airflow.providers.standard.hooks.subprocess.SubprocessHook"}
{"timestamp":"2025-07-17T08:54:02.396548","level":"info","event":"   550K .......... .......... .......... .......... ..........  5% 13.5M 1s","logger":"airflow.task.hooks.airflow.providers.standard.hooks.subprocess.SubprocessHook"}
{"timestamp":"2025-07-17T08:54:02.396672","level":"info","event":"   600K .......... .......... .......... .......... ..........  5% 67.9M 1s","logger":"airflow.task.hooks.airflow.providers.standard.hooks.subprocess.SubprocessHook"}
{"timestamp":"2025-07-17T08:54:02.399413","level":"info","event":"   650K .......... .......... .......... .......... ..........  6% 21.7M 1s","logger":"airflow.task.hooks.airflow.providers.standard.hooks.subprocess.SubprocessHook"}
{"timestamp":"2025-07-17T08:54:02.399520","level":"info","event":"   700K .......... .......... .......... .......... ..........  6%  183M 1s","logger":"airflow.task.hooks.airflow.providers.standard.hooks.subprocess.SubprocessHook"}
{"timestamp":"2025-07-17T08:54:02.400206","level":"info","event":"   750K .......... .......... .......... .......... ..........  7% 30.9M 1s","logger":"airflow.task.hooks.airflow.providers.standard.hooks.subprocess.SubprocessHook"}
{"timestamp":"2025-07-17T08:54:02.404480","level":"info","event":"   800K .......... .......... .......... .......... ..........  7% 12.1M 1s","logger":"airflow.task.hooks.airflow.providers.standard.hooks.subprocess.SubprocessHook"}
{"timestamp":"2025-07-17T08:54:02.407090","level":"info","event":"   850K .......... .......... .......... .......... ..........  8% 59.3M 1s","logger":"airflow.task.hooks.airflow.providers.standard.hooks.subprocess.SubprocessHook"}
{"timestamp":"2025-07-17T08:54:02.412091","level":"info","event":"   900K .......... .......... .......... .......... ..........  8% 7.22M 1s","logger":"airflow.task.hooks.airflow.providers.standard.hooks.subprocess.SubprocessHook"}
{"timestamp":"2025-07-17T08:54:02.415382","level":"info","event":"   950K .......... .......... .......... .......... ..........  9% 13.7M 1s","logger":"airflow.task.hooks.airflow.providers.standard.hooks.subprocess.SubprocessHook"}
{"timestamp":"2025-07-17T08:54:02.419073","level":"info","event":"  1000K .......... .......... .......... .......... ..........  9% 30.4M 1s","logger":"airflow.task.hooks.airflow.providers.standard.hooks.subprocess.SubprocessHook"}
{"timestamp":"2025-07-17T08:54:02.422699","level":"info","event":"  1050K .......... .......... .......... .......... .......... 10% 14.5M 1s","logger":"airflow.task.hooks.airflow.providers.standard.hooks.subprocess.SubprocessHook"}
{"timestamp":"2025-07-17T08:54:02.422811","level":"info","event":"  1100K .......... .......... .......... .......... .......... 10%  139M 1s","logger":"airflow.task.hooks.airflow.providers.standard.hooks.subprocess.SubprocessHook"}
{"timestamp":"2025-07-17T08:54:02.422868","level":"info","event":"  1150K .......... .......... .......... .......... .......... 11%  129M 1s","logger":"airflow.task.hooks.airflow.providers.standard.hooks.subprocess.SubprocessHook"}
{"timestamp":"2025-07-17T08:54:02.422911","level":"info","event":"  1200K .......... .......... .......... .......... .......... 11%  150M 1s","logger":"airflow.task.hooks.airflow.providers.standard.hooks.subprocess.SubprocessHook"}
{"timestamp":"2025-07-17T08:54:02.422969","level":"info","event":"  1250K .......... .......... .......... .......... .......... 11%  145M 0s","logger":"airflow.task.hooks.airflow.providers.standard.hooks.subprocess.SubprocessHook"}
{"timestamp":"2025-07-17T08:54:02.423036","level":"info","event":"  1300K .......... .......... .......... .......... .......... 12%  179M 0s","logger":"airflow.task.hooks.airflow.providers.standard.hooks.subprocess.SubprocessHook"}
{"timestamp":"2025-07-17T08:54:02.423072","level":"info","event":"  1350K .......... .......... .......... .......... .......... 12%  141M 0s","logger":"airflow.task.hooks.airflow.providers.standard.hooks.subprocess.SubprocessHook"}
{"timestamp":"2025-07-17T08:54:02.423096","level":"info","event":"  1400K .......... .......... .......... .......... .......... 13%  165M 0s","logger":"airflow.task.hooks.airflow.providers.standard.hooks.subprocess.SubprocessHook"}
{"timestamp":"2025-07-17T08:54:02.423150","level":"info","event":"  1450K .......... .......... .......... .......... .......... 13%  112M 0s","logger":"airflow.task.hooks.airflow.providers.standard.hooks.subprocess.SubprocessHook"}
{"timestamp":"2025-07-17T08:54:02.424802","level":"info","event":"  1500K .......... .......... .......... .......... .......... 14% 79.5M 0s","logger":"airflow.task.hooks.airflow.providers.standard.hooks.subprocess.SubprocessHook"}
{"timestamp":"2025-07-17T08:54:02.424879","level":"info","event":"  1550K .......... .......... .......... .......... .......... 14%  171M 0s","logger":"airflow.task.hooks.airflow.providers.standard.hooks.subprocess.SubprocessHook"}
{"timestamp":"2025-07-17T08:54:02.424967","level":"info","event":"  1600K .......... .......... .......... .......... .......... 15%  154M 0s","logger":"airflow.task.hooks.airflow.providers.standard.hooks.subprocess.SubprocessHook"}
{"timestamp":"2025-07-17T08:54:02.425024","level":"info","event":"  1650K .......... .......... .......... .......... .......... 15%  111M 0s","logger":"airflow.task.hooks.airflow.providers.standard.hooks.subprocess.SubprocessHook"}
{"timestamp":"2025-07-17T08:54:02.426249","level":"info","event":"  1700K .......... .......... .......... .......... .......... 16% 38.5M 0s","logger":"airflow.task.hooks.airflow.providers.standard.hooks.subprocess.SubprocessHook"}
{"timestamp":"2025-07-17T08:54:02.426760","level":"info","event":"  1750K .......... .......... .......... .......... .......... 16% 68.2M 0s","logger":"airflow.task.hooks.airflow.providers.standard.hooks.subprocess.SubprocessHook"}
{"timestamp":"2025-07-17T08:54:02.427004","level":"info","event":"  1800K .......... .......... .......... .......... .......... 17%  161M 0s","logger":"airflow.task.hooks.airflow.providers.standard.hooks.subprocess.SubprocessHook"}
{"timestamp":"2025-07-17T08:54:02.433845","level":"info","event":"  1850K .......... .......... .......... .......... .......... 17% 7.12M 0s","logger":"airflow.task.hooks.airflow.providers.standard.hooks.subprocess.SubprocessHook"}
{"timestamp":"2025-07-17T08:54:02.435194","level":"info","event":"  1900K .......... .......... .......... .......... .......... 17% 43.1M 0s","logger":"airflow.task.hooks.airflow.providers.standard.hooks.subprocess.SubprocessHook"}
{"timestamp":"2025-07-17T08:54:02.435712","level":"info","event":"  1950K .......... .......... .......... .......... .......... 18% 90.5M 0s","logger":"airflow.task.hooks.airflow.providers.standard.hooks.subprocess.SubprocessHook"}
{"timestamp":"2025-07-17T08:54:02.438985","level":"info","event":"  2000K .......... .......... .......... .......... .......... 18% 15.4M 0s","logger":"airflow.task.hooks.airflow.providers.standard.hooks.subprocess.SubprocessHook"}
{"timestamp":"2025-07-17T08:54:02.439498","level":"info","event":"  2050K .......... .......... .......... .......... .......... 19% 59.5M 0s","logger":"airflow.task.hooks.airflow.providers.standard.hooks.subprocess.SubprocessHook"}
{"timestamp":"2025-07-17T08:54:02.440158","level":"info","event":"  2100K .......... .......... .......... .......... .......... 19%  136M 0s","logger":"airflow.task.hooks.airflow.providers.standard.hooks.subprocess.SubprocessHook"}
{"timestamp":"2025-07-17T08:54:02.440232","level":"info","event":"  2150K .......... .......... .......... .......... .......... 20%  206M 0s","logger":"airflow.task.hooks.airflow.providers.standard.hooks.subprocess.SubprocessHook"}
{"timestamp":"2025-07-17T08:54:02.447248","level":"info","event":"  2200K .......... .......... .......... .......... .......... 20% 8.00M 0s","logger":"airflow.task.hooks.airflow.providers.standard.hooks.subprocess.SubprocessHook"}
{"timestamp":"2025-07-17T08:54:02.447381","level":"info","event":"  2250K .......... .......... .......... .......... .......... 21% 39.7M 0s","logger":"airflow.task.hooks.airflow.providers.standard.hooks.subprocess.SubprocessHook"}
{"timestamp":"2025-07-17T08:54:02.452951","level":"info","event":"  2300K .......... .......... .......... .......... .......... 21% 9.36M 0s","logger":"airflow.task.hooks.airflow.providers.standard.hooks.subprocess.SubprocessHook"}
{"timestamp":"2025-07-17T08:54:02.455641","level":"info","event":"  2350K .......... .......... .......... .......... .......... 22% 17.7M 0s","logger":"airflow.task.hooks.airflow.providers.standard.hooks.subprocess.SubprocessHook"}
{"timestamp":"2025-07-17T08:54:02.457347","level":"info","event":"  2400K .......... .......... .......... .......... .......... 22% 39.7M 0s","logger":"airflow.task.hooks.airflow.providers.standard.hooks.subprocess.SubprocessHook"}
{"timestamp":"2025-07-17T08:54:02.457442","level":"info","event":"  2450K .......... .......... .......... .......... .......... 23%  140M 0s","logger":"airflow.task.hooks.airflow.providers.standard.hooks.subprocess.SubprocessHook"}
{"timestamp":"2025-07-17T08:54:02.457501","level":"info","event":"  2500K .......... .......... .......... .......... .......... 23%  133M 0s","logger":"airflow.task.hooks.airflow.providers.standard.hooks.subprocess.SubprocessHook"}
{"timestamp":"2025-07-17T08:54:02.458375","level":"info","event":"  2550K .......... .......... .......... .......... .......... 23% 50.0M 0s","logger":"airflow.task.hooks.airflow.providers.standard.hooks.subprocess.SubprocessHook"}
{"timestamp":"2025-07-17T08:54:02.460719","level":"info","event":"  2600K .......... .......... .......... .......... .......... 24% 20.4M 0s","logger":"airflow.task.hooks.airflow.providers.standard.hooks.subprocess.SubprocessHook"}
{"timestamp":"2025-07-17T08:54:02.461115","level":"info","event":"  2650K .......... .......... .......... .......... .......... 24%  122M 0s","logger":"airflow.task.hooks.airflow.providers.standard.hooks.subprocess.SubprocessHook"}
{"timestamp":"2025-07-17T08:54:02.461640","level":"info","event":"  2700K .......... .......... .......... .......... .......... 25% 92.5M 0s","logger":"airflow.task.hooks.airflow.providers.standard.hooks.subprocess.SubprocessHook"}
{"timestamp":"2025-07-17T08:54:02.462427","level":"info","event":"  2750K .......... .......... .......... .......... .......... 25%  120M 0s","logger":"airflow.task.hooks.airflow.providers.standard.hooks.subprocess.SubprocessHook"}
{"timestamp":"2025-07-17T08:54:02.464235","level":"info","event":"  2800K .......... .......... .......... .......... .......... 26% 26.7M 0s","logger":"airflow.task.hooks.airflow.providers.standard.hooks.subprocess.SubprocessHook"}
{"timestamp":"2025-07-17T08:54:02.471214","level":"info","event":"  2850K .......... .......... .......... .......... .......... 26% 7.84M 0s","logger":"airflow.task.hooks.airflow.providers.standard.hooks.subprocess.SubprocessHook"}
{"timestamp":"2025-07-17T08:54:02.475114","level":"info","event":"  2900K .......... .......... .......... .......... .......... 27% 15.4M 0s","logger":"airflow.task.hooks.airflow.providers.standard.hooks.subprocess.SubprocessHook"}
{"timestamp":"2025-07-17T08:54:02.475246","level":"info","event":"  2950K .......... .......... .......... .......... .......... 27%  142M 0s","logger":"airflow.task.hooks.airflow.providers.standard.hooks.subprocess.SubprocessHook"}
{"timestamp":"2025-07-17T08:54:02.477371","level":"info","event":"  3000K .......... .......... .......... .......... .......... 28% 15.1M 0s","logger":"airflow.task.hooks.airflow.providers.standard.hooks.subprocess.SubprocessHook"}
{"timestamp":"2025-07-17T08:54:02.477927","level":"info","event":"  3050K .......... .......... .......... .......... .......... 28% 50.1M 0s","logger":"airflow.task.hooks.airflow.providers.standard.hooks.subprocess.SubprocessHook"}
{"timestamp":"2025-07-17T08:54:02.479330","level":"info","event":"  3100K .......... .......... .......... .......... .......... 29% 79.4M 0s","logger":"airflow.task.hooks.airflow.providers.standard.hooks.subprocess.SubprocessHook"}
{"timestamp":"2025-07-17T08:54:02.479395","level":"info","event":"  3150K .......... .......... .......... .......... .......... 29% 97.6M 0s","logger":"airflow.task.hooks.airflow.providers.standard.hooks.subprocess.SubprocessHook"}
{"timestamp":"2025-07-17T08:54:02.479425","level":"info","event":"  3200K .......... .......... .......... .......... .......... 29%  132M 0s","logger":"airflow.task.hooks.airflow.providers.standard.hooks.subprocess.SubprocessHook"}
{"timestamp":"2025-07-17T08:54:02.479635","level":"info","event":"  3250K .......... .......... .......... .......... .......... 30%  200M 0s","logger":"airflow.task.hooks.airflow.providers.standard.hooks.subprocess.SubprocessHook"}
{"timestamp":"2025-07-17T08:54:02.480509","level":"info","event":"  3300K .......... .......... .......... .......... .......... 30%  107M 0s","logger":"airflow.task.hooks.airflow.providers.standard.hooks.subprocess.SubprocessHook"}
{"timestamp":"2025-07-17T08:54:02.525653","level":"info","event":"  3350K .......... .......... .......... .......... .......... 31% 1.08M 0s","logger":"airflow.task.hooks.airflow.providers.standard.hooks.subprocess.SubprocessHook"}
{"timestamp":"2025-07-17T08:54:02.525768","level":"info","event":"  3400K .......... .......... .......... .......... .......... 31% 83.1M 0s","logger":"airflow.task.hooks.airflow.providers.standard.hooks.subprocess.SubprocessHook"}
{"timestamp":"2025-07-17T08:54:02.525909","level":"info","event":"  3450K .......... .......... .......... .......... .......... 32%  154M 0s","logger":"airflow.task.hooks.airflow.providers.standard.hooks.subprocess.SubprocessHook"}
{"timestamp":"2025-07-17T08:54:02.526518","level":"info","event":"  3500K .......... .......... .......... .......... .......... 32% 77.2M 0s","logger":"airflow.task.hooks.airflow.providers.standard.hooks.subprocess.SubprocessHook"}
{"timestamp":"2025-07-17T08:54:02.527567","level":"info","event":"  3550K .......... .......... .......... .......... .......... 33% 57.8M 0s","logger":"airflow.task.hooks.airflow.providers.standard.hooks.subprocess.SubprocessHook"}
{"timestamp":"2025-07-17T08:54:02.528467","level":"info","event":"  3600K .......... .......... .......... .......... .......... 33%  128M 0s","logger":"airflow.task.hooks.airflow.providers.standard.hooks.subprocess.SubprocessHook"}
{"timestamp":"2025-07-17T08:54:02.529664","level":"info","event":"  3650K .......... .......... .......... .......... .......... 34% 29.0M 0s","logger":"airflow.task.hooks.airflow.providers.standard.hooks.subprocess.SubprocessHook"}
{"timestamp":"2025-07-17T08:54:02.529727","level":"info","event":"  3700K .......... .......... .......... .......... .......... 34%  204M 0s","logger":"airflow.task.hooks.airflow.providers.standard.hooks.subprocess.SubprocessHook"}
{"timestamp":"2025-07-17T08:54:02.530159","level":"info","event":"  3750K .......... .......... .......... .......... .......... 35%  205M 0s","logger":"airflow.task.hooks.airflow.providers.standard.hooks.subprocess.SubprocessHook"}
{"timestamp":"2025-07-17T08:54:02.530483","level":"info","event":"  3800K .......... .......... .......... .......... .......... 35%  106M 0s","logger":"airflow.task.hooks.airflow.providers.standard.hooks.subprocess.SubprocessHook"}
{"timestamp":"2025-07-17T08:54:02.531231","level":"info","event":"  3850K .......... .......... .......... .......... .......... 35% 66.2M 0s","logger":"airflow.task.hooks.airflow.providers.standard.hooks.subprocess.SubprocessHook"}
{"timestamp":"2025-07-17T08:54:02.531489","level":"info","event":"  3900K .......... .......... .......... .......... .......... 36%  215M 0s","logger":"airflow.task.hooks.airflow.providers.standard.hooks.subprocess.SubprocessHook"}
{"timestamp":"2025-07-17T08:54:02.531626","level":"info","event":"  3950K .......... .......... .......... .......... .......... 36%  167M 0s","logger":"airflow.task.hooks.airflow.providers.standard.hooks.subprocess.SubprocessHook"}
{"timestamp":"2025-07-17T08:54:02.532327","level":"info","event":"  4000K .......... .......... .......... .......... .......... 37% 84.8M 0s","logger":"airflow.task.hooks.airflow.providers.standard.hooks.subprocess.SubprocessHook"}
{"timestamp":"2025-07-17T08:54:02.533786","level":"info","event":"  4050K .......... .......... .......... .......... .......... 37% 43.1M 0s","logger":"airflow.task.hooks.airflow.providers.standard.hooks.subprocess.SubprocessHook"}
{"timestamp":"2025-07-17T08:54:02.533834","level":"info","event":"  4100K .......... .......... .......... .......... .......... 38%  197M 0s","logger":"airflow.task.hooks.airflow.providers.standard.hooks.subprocess.SubprocessHook"}
{"timestamp":"2025-07-17T08:54:02.534766","level":"info","event":"  4150K .......... .......... .......... .......... .......... 38% 69.2M 0s","logger":"airflow.task.hooks.airflow.providers.standard.hooks.subprocess.SubprocessHook"}
{"timestamp":"2025-07-17T08:54:02.535287","level":"info","event":"  4200K .......... .......... .......... .......... .......... 39% 62.7M 0s","logger":"airflow.task.hooks.airflow.providers.standard.hooks.subprocess.SubprocessHook"}
{"timestamp":"2025-07-17T08:54:02.544624","level":"info","event":"  4250K .......... .......... .......... .......... .......... 39% 5.15M 0s","logger":"airflow.task.hooks.airflow.providers.standard.hooks.subprocess.SubprocessHook"}
{"timestamp":"2025-07-17T08:54:02.550325","level":"info","event":"  4300K .......... .......... .......... .......... .......... 40% 8.58M 0s","logger":"airflow.task.hooks.airflow.providers.standard.hooks.subprocess.SubprocessHook"}
{"timestamp":"2025-07-17T08:54:02.550544","level":"info","event":"  4350K .......... .......... .......... .......... .......... 40%  163M 0s","logger":"airflow.task.hooks.airflow.providers.standard.hooks.subprocess.SubprocessHook"}
{"timestamp":"2025-07-17T08:54:02.550888","level":"info","event":"  4400K .......... .......... .......... .......... .......... 41%  175M 0s","logger":"airflow.task.hooks.airflow.providers.standard.hooks.subprocess.SubprocessHook"}
{"timestamp":"2025-07-17T08:54:02.551205","level":"info","event":"  4450K .......... .......... .......... .......... .......... 41%  177M 0s","logger":"airflow.task.hooks.airflow.providers.standard.hooks.subprocess.SubprocessHook"}
{"timestamp":"2025-07-17T08:54:02.551498","level":"info","event":"  4500K .......... .......... .......... .......... .......... 41%  151M 0s","logger":"airflow.task.hooks.airflow.providers.standard.hooks.subprocess.SubprocessHook"}
{"timestamp":"2025-07-17T08:54:02.551686","level":"info","event":"  4550K .......... .......... .......... .......... .......... 42%  196M 0s","logger":"airflow.task.hooks.airflow.providers.standard.hooks.subprocess.SubprocessHook"}
{"timestamp":"2025-07-17T08:54:02.552149","level":"info","event":"  4600K .......... .......... .......... .......... .......... 42%  116M 0s","logger":"airflow.task.hooks.airflow.providers.standard.hooks.subprocess.SubprocessHook"}
{"timestamp":"2025-07-17T08:54:02.552701","level":"info","event":"  4650K .......... .......... .......... .......... .......... 43%  115M 0s","logger":"airflow.task.hooks.airflow.providers.standard.hooks.subprocess.SubprocessHook"}
{"timestamp":"2025-07-17T08:54:02.553247","level":"info","event":"  4700K .......... .......... .......... .......... .......... 43% 85.5M 0s","logger":"airflow.task.hooks.airflow.providers.standard.hooks.subprocess.SubprocessHook"}
{"timestamp":"2025-07-17T08:54:02.553540","level":"info","event":"  4750K .......... .......... .......... .......... .......... 44%  103M 0s","logger":"airflow.task.hooks.airflow.providers.standard.hooks.subprocess.SubprocessHook"}
{"timestamp":"2025-07-17T08:54:02.553909","level":"info","event":"  4800K .......... .......... .......... .......... .......... 44%  129M 0s","logger":"airflow.task.hooks.airflow.providers.standard.hooks.subprocess.SubprocessHook"}
{"timestamp":"2025-07-17T08:54:02.555070","level":"info","event":"  4850K .......... .......... .......... .......... .......... 45% 45.1M 0s","logger":"airflow.task.hooks.airflow.providers.standard.hooks.subprocess.SubprocessHook"}
{"timestamp":"2025-07-17T08:54:02.557539","level":"info","event":"  4900K .......... .......... .......... .......... .......... 45% 22.5M 0s","logger":"airflow.task.hooks.airflow.providers.standard.hooks.subprocess.SubprocessHook"}
{"timestamp":"2025-07-17T08:54:02.559836","level":"info","event":"  4950K .......... .......... .......... .......... .......... 46% 20.7M 0s","logger":"airflow.task.hooks.airflow.providers.standard.hooks.subprocess.SubprocessHook"}
{"timestamp":"2025-07-17T08:54:02.560113","level":"info","event":"  5000K .......... .......... .......... .......... .......... 46%  103M 0s","logger":"airflow.task.hooks.airflow.providers.standard.hooks.subprocess.SubprocessHook"}
{"timestamp":"2025-07-17T08:54:02.560839","level":"info","event":"  5050K .......... .......... .......... .......... .......... 47% 65.0M 0s","logger":"airflow.task.hooks.airflow.providers.standard.hooks.subprocess.SubprocessHook"}
{"timestamp":"2025-07-17T08:54:02.561754","level":"info","event":"  5100K .......... .......... .......... .......... .......... 47% 85.8M 0s","logger":"airflow.task.hooks.airflow.providers.standard.hooks.subprocess.SubprocessHook"}
{"timestamp":"2025-07-17T08:54:02.564221","level":"info","event":"  5150K .......... .......... .......... .......... .......... 47% 19.0M 0s","logger":"airflow.task.hooks.airflow.providers.standard.hooks.subprocess.SubprocessHook"}
{"timestamp":"2025-07-17T08:54:02.566708","level":"info","event":"  5200K .......... .......... .......... .......... .......... 48% 20.2M 0s","logger":"airflow.task.hooks.airflow.providers.standard.hooks.subprocess.SubprocessHook"}
{"timestamp":"2025-07-17T08:54:02.568186","level":"info","event":"  5250K .......... .......... .......... .......... .......... 48% 40.0M 0s","logger":"airflow.task.hooks.airflow.providers.standard.hooks.subprocess.SubprocessHook"}
{"timestamp":"2025-07-17T08:54:02.569100","level":"info","event":"  5300K .......... .......... .......... .......... .......... 49% 42.5M 0s","logger":"airflow.task.hooks.airflow.providers.standard.hooks.subprocess.SubprocessHook"}
{"timestamp":"2025-07-17T08:54:02.572701","level":"info","event":"  5350K .......... .......... .......... .......... .......... 49% 13.0M 0s","logger":"airflow.task.hooks.airflow.providers.standard.hooks.subprocess.SubprocessHook"}
{"timestamp":"2025-07-17T08:54:02.572799","level":"info","event":"  5400K .......... .......... .......... .......... .......... 50%  165M 0s","logger":"airflow.task.hooks.airflow.providers.standard.hooks.subprocess.SubprocessHook"}
{"timestamp":"2025-07-17T08:54:02.573244","level":"info","event":"  5450K .......... .......... .......... .......... .......... 50%  194M 0s","logger":"airflow.task.hooks.airflow.providers.standard.hooks.subprocess.SubprocessHook"}
{"timestamp":"2025-07-17T08:54:02.573334","level":"info","event":"  5500K .......... .......... .......... .......... .......... 51%  158M 0s","logger":"airflow.task.hooks.airflow.providers.standard.hooks.subprocess.SubprocessHook"}
{"timestamp":"2025-07-17T08:54:02.573582","level":"info","event":"  5550K .......... .......... .......... .......... .......... 51%  197M 0s","logger":"airflow.task.hooks.airflow.providers.standard.hooks.subprocess.SubprocessHook"}
{"timestamp":"2025-07-17T08:54:02.573877","level":"info","event":"  5600K .......... .......... .......... .......... .......... 52%  167M 0s","logger":"airflow.task.hooks.airflow.providers.standard.hooks.subprocess.SubprocessHook"}
{"timestamp":"2025-07-17T08:54:02.574440","level":"info","event":"  5650K .......... .......... .......... .......... .......... 52% 81.6M 0s","logger":"airflow.task.hooks.airflow.providers.standard.hooks.subprocess.SubprocessHook"}
{"timestamp":"2025-07-17T08:54:02.574726","level":"info","event":"  5700K .......... .......... .......... .......... .......... 53%  160M 0s","logger":"airflow.task.hooks.airflow.providers.standard.hooks.subprocess.SubprocessHook"}
{"timestamp":"2025-07-17T08:54:02.575174","level":"info","event":"  5750K .......... .......... .......... .......... .......... 53%  185M 0s","logger":"airflow.task.hooks.airflow.providers.standard.hooks.subprocess.SubprocessHook"}
{"timestamp":"2025-07-17T08:54:02.575587","level":"info","event":"  5800K .......... .......... .......... .......... .......... 53%  109M 0s","logger":"airflow.task.hooks.airflow.providers.standard.hooks.subprocess.SubprocessHook"}
{"timestamp":"2025-07-17T08:54:02.575754","level":"info","event":"  5850K .......... .......... .......... .......... .......... 54%  168M 0s","logger":"airflow.task.hooks.airflow.providers.standard.hooks.subprocess.SubprocessHook"}
{"timestamp":"2025-07-17T08:54:02.576331","level":"info","event":"  5900K .......... .......... .......... .......... .......... 54% 82.4M 0s","logger":"airflow.task.hooks.airflow.providers.standard.hooks.subprocess.SubprocessHook"}
{"timestamp":"2025-07-17T08:54:02.576877","level":"info","event":"  5950K .......... .......... .......... .......... .......... 55%  104M 0s","logger":"airflow.task.hooks.airflow.providers.standard.hooks.subprocess.SubprocessHook"}
{"timestamp":"2025-07-17T08:54:02.578144","level":"info","event":"  6000K .......... .......... .......... .......... .......... 55% 43.6M 0s","logger":"airflow.task.hooks.airflow.providers.standard.hooks.subprocess.SubprocessHook"}
{"timestamp":"2025-07-17T08:54:02.578687","level":"info","event":"  6050K .......... .......... .......... .......... .......... 56% 65.1M 0s","logger":"airflow.task.hooks.airflow.providers.standard.hooks.subprocess.SubprocessHook"}
{"timestamp":"2025-07-17T08:54:02.578966","level":"info","event":"  6100K .......... .......... .......... .......... .......... 56%  242M 0s","logger":"airflow.task.hooks.airflow.providers.standard.hooks.subprocess.SubprocessHook"}
{"timestamp":"2025-07-17T08:54:02.579128","level":"info","event":"  6150K .......... .......... .......... .......... .......... 57%  198M 0s","logger":"airflow.task.hooks.airflow.providers.standard.hooks.subprocess.SubprocessHook"}
{"timestamp":"2025-07-17T08:54:02.579383","level":"info","event":"  6200K .......... .......... .......... .......... .......... 57%  183M 0s","logger":"airflow.task.hooks.airflow.providers.standard.hooks.subprocess.SubprocessHook"}
{"timestamp":"2025-07-17T08:54:02.579908","level":"info","event":"  6250K .......... .......... .......... .......... .......... 58%  124M 0s","logger":"airflow.task.hooks.airflow.providers.standard.hooks.subprocess.SubprocessHook"}
{"timestamp":"2025-07-17T08:54:02.580597","level":"info","event":"  6300K .......... .......... .......... .......... .......... 58% 68.1M 0s","logger":"airflow.task.hooks.airflow.providers.standard.hooks.subprocess.SubprocessHook"}
{"timestamp":"2025-07-17T08:54:02.581010","level":"info","event":"  6350K .......... .......... .......... .......... .......... 59% 99.7M 0s","logger":"airflow.task.hooks.airflow.providers.standard.hooks.subprocess.SubprocessHook"}
{"timestamp":"2025-07-17T08:54:02.581995","level":"info","event":"  6400K .......... .......... .......... .......... .......... 59% 48.5M 0s","logger":"airflow.task.hooks.airflow.providers.standard.hooks.subprocess.SubprocessHook"}
{"timestamp":"2025-07-17T08:54:02.582635","level":"info","event":"  6450K .......... .......... .......... .......... .......... 59%  114M 0s","logger":"airflow.task.hooks.airflow.providers.standard.hooks.subprocess.SubprocessHook"}
{"timestamp":"2025-07-17T08:54:02.582740","level":"info","event":"  6500K .......... .......... .......... .......... .......... 60%  205M 0s","logger":"airflow.task.hooks.airflow.providers.standard.hooks.subprocess.SubprocessHook"}
{"timestamp":"2025-07-17T08:54:02.583343","level":"info","event":"  6550K .......... .......... .......... .......... .......... 60% 69.2M 0s","logger":"airflow.task.hooks.airflow.providers.standard.hooks.subprocess.SubprocessHook"}
{"timestamp":"2025-07-17T08:54:02.583662","level":"info","event":"  6600K .......... .......... .......... .......... .......... 61%  207M 0s","logger":"airflow.task.hooks.airflow.providers.standard.hooks.subprocess.SubprocessHook"}
{"timestamp":"2025-07-17T08:54:02.584718","level":"info","event":"  6650K .......... .......... .......... .......... .......... 61% 43.7M 0s","logger":"airflow.task.hooks.airflow.providers.standard.hooks.subprocess.SubprocessHook"}
{"timestamp":"2025-07-17T08:54:02.585674","level":"info","event":"  6700K .......... .......... .......... .......... .......... 62% 52.8M 0s","logger":"airflow.task.hooks.airflow.providers.standard.hooks.subprocess.SubprocessHook"}
{"timestamp":"2025-07-17T08:54:02.585809","level":"info","event":"  6750K .......... .......... .......... .......... .......... 62%  266M 0s","logger":"airflow.task.hooks.airflow.providers.standard.hooks.subprocess.SubprocessHook"}
{"timestamp":"2025-07-17T08:54:02.586053","level":"info","event":"  6800K .......... .......... .......... .......... .......... 63%  213M 0s","logger":"airflow.task.hooks.airflow.providers.standard.hooks.subprocess.SubprocessHook"}
{"timestamp":"2025-07-17T08:54:02.586284","level":"info","event":"  6850K .......... .......... .......... .......... .......... 63%  207M 0s","logger":"airflow.task.hooks.airflow.providers.standard.hooks.subprocess.SubprocessHook"}
{"timestamp":"2025-07-17T08:54:02.586748","level":"info","event":"  6900K .......... .......... .......... .......... .......... 64%  117M 0s","logger":"airflow.task.hooks.airflow.providers.standard.hooks.subprocess.SubprocessHook"}
{"timestamp":"2025-07-17T08:54:02.587241","level":"info","event":"  6950K .......... .......... .......... .......... .......... 64% 91.9M 0s","logger":"airflow.task.hooks.airflow.providers.standard.hooks.subprocess.SubprocessHook"}
{"timestamp":"2025-07-17T08:54:02.587697","level":"info","event":"  7000K .......... .......... .......... .......... .......... 65%  136M 0s","logger":"airflow.task.hooks.airflow.providers.standard.hooks.subprocess.SubprocessHook"}
{"timestamp":"2025-07-17T08:54:02.587904","level":"info","event":"  7050K .......... .......... .......... .......... .......... 65%  152M 0s","logger":"airflow.task.hooks.airflow.providers.standard.hooks.subprocess.SubprocessHook"}
{"timestamp":"2025-07-17T08:54:02.588304","level":"info","event":"  7100K .......... .......... .......... .......... .......... 65%  131M 0s","logger":"airflow.task.hooks.airflow.providers.standard.hooks.subprocess.SubprocessHook"}
{"timestamp":"2025-07-17T08:54:02.588805","level":"info","event":"  7150K .......... .......... .......... .......... .......... 66% 99.1M 0s","logger":"airflow.task.hooks.airflow.providers.standard.hooks.subprocess.SubprocessHook"}
{"timestamp":"2025-07-17T08:54:02.589275","level":"info","event":"  7200K .......... .......... .......... .......... .......... 66%  108M 0s","logger":"airflow.task.hooks.airflow.providers.standard.hooks.subprocess.SubprocessHook"}
{"timestamp":"2025-07-17T08:54:02.589826","level":"info","event":"  7250K .......... .......... .......... .......... .......... 67% 86.0M 0s","logger":"airflow.task.hooks.airflow.providers.standard.hooks.subprocess.SubprocessHook"}
{"timestamp":"2025-07-17T08:54:02.590586","level":"info","event":"  7300K .......... .......... .......... .......... .......... 67% 62.0M 0s","logger":"airflow.task.hooks.airflow.providers.standard.hooks.subprocess.SubprocessHook"}
{"timestamp":"2025-07-17T08:54:02.592088","level":"info","event":"  7350K .......... .......... .......... .......... .......... 68% 41.7M 0s","logger":"airflow.task.hooks.airflow.providers.standard.hooks.subprocess.SubprocessHook"}
{"timestamp":"2025-07-17T08:54:02.595113","level":"info","event":"  7400K .......... .......... .......... .......... .......... 68% 14.8M 0s","logger":"airflow.task.hooks.airflow.providers.standard.hooks.subprocess.SubprocessHook"}
{"timestamp":"2025-07-17T08:54:02.595623","level":"info","event":"  7450K .......... .......... .......... .......... .......... 69% 97.8M 0s","logger":"airflow.task.hooks.airflow.providers.standard.hooks.subprocess.SubprocessHook"}
{"timestamp":"2025-07-17T08:54:02.599081","level":"info","event":"  7500K .......... .......... .......... .......... .......... 69% 14.9M 0s","logger":"airflow.task.hooks.airflow.providers.standard.hooks.subprocess.SubprocessHook"}
{"timestamp":"2025-07-17T08:54:02.599763","level":"info","event":"  7550K .......... .......... .......... .......... .......... 70% 60.8M 0s","logger":"airflow.task.hooks.airflow.providers.standard.hooks.subprocess.SubprocessHook"}
{"timestamp":"2025-07-17T08:54:02.599842","level":"info","event":"  7600K .......... .......... .......... .......... .......... 70%  214M 0s","logger":"airflow.task.hooks.airflow.providers.standard.hooks.subprocess.SubprocessHook"}
{"timestamp":"2025-07-17T08:54:02.600161","level":"info","event":"  7650K .......... .......... .......... .......... .......... 71%  162M 0s","logger":"airflow.task.hooks.airflow.providers.standard.hooks.subprocess.SubprocessHook"}
{"timestamp":"2025-07-17T08:54:02.601523","level":"info","event":"  7700K .......... .......... .......... .......... .......... 71% 36.9M 0s","logger":"airflow.task.hooks.airflow.providers.standard.hooks.subprocess.SubprocessHook"}
{"timestamp":"2025-07-17T08:54:02.606332","level":"info","event":"  7750K .......... .......... .......... .......... .......... 71% 10.4M 0s","logger":"airflow.task.hooks.airflow.providers.standard.hooks.subprocess.SubprocessHook"}
{"timestamp":"2025-07-17T08:54:02.606576","level":"info","event":"  7800K .......... .......... .......... .......... .......... 72%  145M 0s","logger":"airflow.task.hooks.airflow.providers.standard.hooks.subprocess.SubprocessHook"}
{"timestamp":"2025-07-17T08:54:02.606869","level":"info","event":"  7850K .......... .......... .......... .......... .......... 72%  186M 0s","logger":"airflow.task.hooks.airflow.providers.standard.hooks.subprocess.SubprocessHook"}
{"timestamp":"2025-07-17T08:54:02.607143","level":"info","event":"  7900K .......... .......... .......... .......... .......... 73%  188M 0s","logger":"airflow.task.hooks.airflow.providers.standard.hooks.subprocess.SubprocessHook"}
{"timestamp":"2025-07-17T08:54:02.607518","level":"info","event":"  7950K .......... .......... .......... .......... .......... 73%  112M 0s","logger":"airflow.task.hooks.airflow.providers.standard.hooks.subprocess.SubprocessHook"}
{"timestamp":"2025-07-17T08:54:02.608659","level":"info","event":"  8000K .......... .......... .......... .......... .......... 74%  188M 0s","logger":"airflow.task.hooks.airflow.providers.standard.hooks.subprocess.SubprocessHook"}
{"timestamp":"2025-07-17T08:54:02.609443","level":"info","event":"  8050K .......... .......... .......... .......... .......... 74% 29.7M 0s","logger":"airflow.task.hooks.airflow.providers.standard.hooks.subprocess.SubprocessHook"}
{"timestamp":"2025-07-17T08:54:02.610431","level":"info","event":"  8100K .......... .......... .......... .......... .......... 75% 49.8M 0s","logger":"airflow.task.hooks.airflow.providers.standard.hooks.subprocess.SubprocessHook"}
{"timestamp":"2025-07-17T08:54:02.611859","level":"info","event":"  8150K .......... .......... .......... .......... .......... 75% 35.8M 0s","logger":"airflow.task.hooks.airflow.providers.standard.hooks.subprocess.SubprocessHook"}
{"timestamp":"2025-07-17T08:54:02.612549","level":"info","event":"  8200K .......... .......... .......... .......... .......... 76% 80.1M 0s","logger":"airflow.task.hooks.airflow.providers.standard.hooks.subprocess.SubprocessHook"}
{"timestamp":"2025-07-17T08:54:02.615289","level":"info","event":"  8250K .......... .......... .......... .......... .......... 76% 16.9M 0s","logger":"airflow.task.hooks.airflow.providers.standard.hooks.subprocess.SubprocessHook"}
{"timestamp":"2025-07-17T08:54:02.616029","level":"info","event":"  8300K .......... .......... .......... .......... .......... 77% 68.1M 0s","logger":"airflow.task.hooks.airflow.providers.standard.hooks.subprocess.SubprocessHook"}
{"timestamp":"2025-07-17T08:54:02.617172","level":"info","event":"  8350K .......... .......... .......... .......... .......... 77% 40.2M 0s","logger":"airflow.task.hooks.airflow.providers.standard.hooks.subprocess.SubprocessHook"}
{"timestamp":"2025-07-17T08:54:02.617914","level":"info","event":"  8400K .......... .......... .......... .......... .......... 77% 69.3M 0s","logger":"airflow.task.hooks.airflow.providers.standard.hooks.subprocess.SubprocessHook"}
{"timestamp":"2025-07-17T08:54:02.621447","level":"info","event":"  8450K .......... .......... .......... .......... .......... 78% 14.0M 0s","logger":"airflow.task.hooks.airflow.providers.standard.hooks.subprocess.SubprocessHook"}
{"timestamp":"2025-07-17T08:54:02.622818","level":"info","event":"  8500K .......... .......... .......... .......... .......... 78% 34.0M 0s","logger":"airflow.task.hooks.airflow.providers.standard.hooks.subprocess.SubprocessHook"}
{"timestamp":"2025-07-17T08:54:02.623770","level":"info","event":"  8550K .......... .......... .......... .......... .......... 79% 54.3M 0s","logger":"airflow.task.hooks.airflow.providers.standard.hooks.subprocess.SubprocessHook"}
{"timestamp":"2025-07-17T08:54:02.624234","level":"info","event":"  8600K .......... .......... .......... .......... .......... 79% 97.8M 0s","logger":"airflow.task.hooks.airflow.providers.standard.hooks.subprocess.SubprocessHook"}
{"timestamp":"2025-07-17T08:54:02.624558","level":"info","event":"  8650K .......... .......... .......... .......... .......... 80%  131M 0s","logger":"airflow.task.hooks.airflow.providers.standard.hooks.subprocess.SubprocessHook"}
{"timestamp":"2025-07-17T08:54:02.625062","level":"info","event":"  8700K .......... .......... .......... .......... .......... 80% 97.8M 0s","logger":"airflow.task.hooks.airflow.providers.standard.hooks.subprocess.SubprocessHook"}
{"timestamp":"2025-07-17T08:54:02.627673","level":"info","event":"  8750K .......... .......... .......... .......... .......... 81% 19.1M 0s","logger":"airflow.task.hooks.airflow.providers.standard.hooks.subprocess.SubprocessHook"}
{"timestamp":"2025-07-17T08:54:02.628348","level":"info","event":"  8800K .......... .......... .......... .......... .......... 81%  109M 0s","logger":"airflow.task.hooks.airflow.providers.standard.hooks.subprocess.SubprocessHook"}
{"timestamp":"2025-07-17T08:54:02.629221","level":"info","event":"  8850K .......... .......... .......... .......... .......... 82% 43.0M 0s","logger":"airflow.task.hooks.airflow.providers.standard.hooks.subprocess.SubprocessHook"}
{"timestamp":"2025-07-17T08:54:02.630486","level":"info","event":"  8900K .......... .......... .......... .......... .......... 82% 38.2M 0s","logger":"airflow.task.hooks.airflow.providers.standard.hooks.subprocess.SubprocessHook"}
{"timestamp":"2025-07-17T08:54:02.636865","level":"info","event":"  8950K .......... .......... .......... .......... .......... 83% 7.70M 0s","logger":"airflow.task.hooks.airflow.providers.standard.hooks.subprocess.SubprocessHook"}
{"timestamp":"2025-07-17T08:54:02.637445","level":"info","event":"  9000K .......... .......... .......... .......... .......... 83% 78.3M 0s","logger":"airflow.task.hooks.airflow.providers.standard.hooks.subprocess.SubprocessHook"}
{"timestamp":"2025-07-17T08:54:02.638736","level":"info","event":"  9050K .......... .......... .......... .......... .......... 83% 41.6M 0s","logger":"airflow.task.hooks.airflow.providers.standard.hooks.subprocess.SubprocessHook"}
{"timestamp":"2025-07-17T08:54:02.640762","level":"info","event":"  9100K .......... .......... .......... .......... .......... 84% 22.9M 0s","logger":"airflow.task.hooks.airflow.providers.standard.hooks.subprocess.SubprocessHook"}
{"timestamp":"2025-07-17T08:54:02.642051","level":"info","event":"  9150K .......... .......... .......... .......... .......... 84% 38.6M 0s","logger":"airflow.task.hooks.airflow.providers.standard.hooks.subprocess.SubprocessHook"}
{"timestamp":"2025-07-17T08:54:02.642667","level":"info","event":"  9200K .......... .......... .......... .......... .......... 85% 72.9M 0s","logger":"airflow.task.hooks.airflow.providers.standard.hooks.subprocess.SubprocessHook"}
{"timestamp":"2025-07-17T08:54:02.644242","level":"info","event":"  9250K .......... .......... .......... .......... .......... 85% 31.5M 0s","logger":"airflow.task.hooks.airflow.providers.standard.hooks.subprocess.SubprocessHook"}
{"timestamp":"2025-07-17T08:54:02.645474","level":"info","event":"  9300K .......... .......... .......... .......... .......... 86% 41.0M 0s","logger":"airflow.task.hooks.airflow.providers.standard.hooks.subprocess.SubprocessHook"}
{"timestamp":"2025-07-17T08:54:02.649078","level":"info","event":"  9350K .......... .......... .......... .......... .......... 86% 14.0M 0s","logger":"airflow.task.hooks.airflow.providers.standard.hooks.subprocess.SubprocessHook"}
{"timestamp":"2025-07-17T08:54:02.650162","level":"info","event":"  9400K .......... .......... .......... .......... .......... 87% 74.7M 0s","logger":"airflow.task.hooks.airflow.providers.standard.hooks.subprocess.SubprocessHook"}
{"timestamp":"2025-07-17T08:54:02.650865","level":"info","event":"  9450K .......... .......... .......... .......... .......... 87% 48.9M 0s","logger":"airflow.task.hooks.airflow.providers.standard.hooks.subprocess.SubprocessHook"}
{"timestamp":"2025-07-17T08:54:02.653198","level":"info","event":"  9500K .......... .......... .......... .......... .......... 88% 23.6M 0s","logger":"airflow.task.hooks.airflow.providers.standard.hooks.subprocess.SubprocessHook"}
{"timestamp":"2025-07-17T08:54:02.654558","level":"info","event":"  9550K .......... .......... .......... .......... .......... 88% 64.1M 0s","logger":"airflow.task.hooks.airflow.providers.standard.hooks.subprocess.SubprocessHook"}
{"timestamp":"2025-07-17T08:54:02.657021","level":"info","event":"  9600K .......... .......... .......... .......... .......... 89% 14.3M 0s","logger":"airflow.task.hooks.airflow.providers.standard.hooks.subprocess.SubprocessHook"}
{"timestamp":"2025-07-17T08:54:02.657357","level":"info","event":"  9650K .......... .......... .......... .......... .......... 89%  114M 0s","logger":"airflow.task.hooks.airflow.providers.standard.hooks.subprocess.SubprocessHook"}
{"timestamp":"2025-07-17T08:54:02.657996","level":"info","event":"  9700K .......... .......... .......... .......... .......... 89%  104M 0s","logger":"airflow.task.hooks.airflow.providers.standard.hooks.subprocess.SubprocessHook"}
{"timestamp":"2025-07-17T08:54:02.658124","level":"info","event":"  9750K .......... .......... .......... .......... .......... 90%  117M 0s","logger":"airflow.task.hooks.airflow.providers.standard.hooks.subprocess.SubprocessHook"}
{"timestamp":"2025-07-17T08:54:02.658711","level":"info","event":"  9800K .......... .......... .......... .......... .......... 90%  115M 0s","logger":"airflow.task.hooks.airflow.providers.standard.hooks.subprocess.SubprocessHook"}
{"timestamp":"2025-07-17T08:54:02.661583","level":"info","event":"  9850K .......... .......... .......... .......... .......... 91% 43.1M 0s","logger":"airflow.task.hooks.airflow.providers.standard.hooks.subprocess.SubprocessHook"}
{"timestamp":"2025-07-17T08:54:02.661988","level":"info","event":"  9900K .......... .......... .......... .......... .......... 91% 23.4M 0s","logger":"airflow.task.hooks.airflow.providers.standard.hooks.subprocess.SubprocessHook"}
{"timestamp":"2025-07-17T08:54:02.662614","level":"info","event":"  9950K .......... .......... .......... .......... .......... 92% 61.8M 0s","logger":"airflow.task.hooks.airflow.providers.standard.hooks.subprocess.SubprocessHook"}
{"timestamp":"2025-07-17T08:54:02.662870","level":"info","event":" 10000K .......... .......... .......... .......... .......... 92%  155M 0s","logger":"airflow.task.hooks.airflow.providers.standard.hooks.subprocess.SubprocessHook"}
{"timestamp":"2025-07-17T08:54:02.665819","level":"info","event":" 10050K .......... .......... .......... .......... .......... 93% 16.6M 0s","logger":"airflow.task.hooks.airflow.providers.standard.hooks.subprocess.SubprocessHook"}
{"timestamp":"2025-07-17T08:54:02.666366","level":"info","event":" 10100K .......... .......... .......... .......... .......... 93% 89.6M 0s","logger":"airflow.task.hooks.airflow.providers.standard.hooks.subprocess.SubprocessHook"}
{"timestamp":"2025-07-17T08:54:02.666960","level":"info","event":" 10150K .......... .......... .......... .......... .......... 94% 89.5M 0s","logger":"airflow.task.hooks.airflow.providers.standard.hooks.subprocess.SubprocessHook"}
{"timestamp":"2025-07-17T08:54:02.670587","level":"info","event":" 10200K .......... .......... .......... .......... .......... 94% 13.6M 0s","logger":"airflow.task.hooks.airflow.providers.standard.hooks.subprocess.SubprocessHook"}
{"timestamp":"2025-07-17T08:54:02.670887","level":"info","event":" 10250K .......... .......... .......... .......... .......... 95%  133M 0s","logger":"airflow.task.hooks.airflow.providers.standard.hooks.subprocess.SubprocessHook"}
{"timestamp":"2025-07-17T08:54:02.671392","level":"info","event":" 10300K .......... .......... .......... .......... .......... 95% 89.9M 0s","logger":"airflow.task.hooks.airflow.providers.standard.hooks.subprocess.SubprocessHook"}
{"timestamp":"2025-07-17T08:54:02.671720","level":"info","event":" 10350K .......... .......... .......... .......... .......... 95%  179M 0s","logger":"airflow.task.hooks.airflow.providers.standard.hooks.subprocess.SubprocessHook"}
{"timestamp":"2025-07-17T08:54:02.672168","level":"info","event":" 10400K .......... .......... .......... .......... .......... 96%  100M 0s","logger":"airflow.task.hooks.airflow.providers.standard.hooks.subprocess.SubprocessHook"}
{"timestamp":"2025-07-17T08:54:02.674140","level":"info","event":" 10450K .......... .......... .......... .......... .......... 96% 26.0M 0s","logger":"airflow.task.hooks.airflow.providers.standard.hooks.subprocess.SubprocessHook"}
{"timestamp":"2025-07-17T08:54:02.676136","level":"info","event":" 10500K .......... .......... .......... .......... .......... 97% 23.8M 0s","logger":"airflow.task.hooks.airflow.providers.standard.hooks.subprocess.SubprocessHook"}
{"timestamp":"2025-07-17T08:54:02.676730","level":"info","event":" 10550K .......... .......... .......... .......... .......... 97% 78.7M 0s","logger":"airflow.task.hooks.airflow.providers.standard.hooks.subprocess.SubprocessHook"}
{"timestamp":"2025-07-17T08:54:02.677370","level":"info","event":" 10600K .......... .......... .......... .......... .......... 98% 75.4M 0s","logger":"airflow.task.hooks.airflow.providers.standard.hooks.subprocess.SubprocessHook"}
{"timestamp":"2025-07-17T08:54:02.678470","level":"info","event":" 10650K .......... .......... .......... .......... .......... 98% 84.4M 0s","logger":"airflow.task.hooks.airflow.providers.standard.hooks.subprocess.SubprocessHook"}
{"timestamp":"2025-07-17T08:54:02.679187","level":"info","event":" 10700K .......... .......... .......... .......... .......... 99% 39.8M 0s","logger":"airflow.task.hooks.airflow.providers.standard.hooks.subprocess.SubprocessHook"}
{"timestamp":"2025-07-17T08:54:02.680060","level":"info","event":" 10750K .......... .......... .......... .......... .......... 99% 55.7M 0s","logger":"airflow.task.hooks.airflow.providers.standard.hooks.subprocess.SubprocessHook"}
{"timestamp":"2025-07-17T08:54:02.680600","level":"info","event":" 10800K .......... .......... .......... .........            100% 66.6M=0.3s","logger":"airflow.task.hooks.airflow.providers.standard.hooks.subprocess.SubprocessHook"}
{"timestamp":"2025-07-17T08:54:02.680646","level":"info","event":"","logger":"airflow.task.hooks.airflow.providers.standard.hooks.subprocess.SubprocessHook"}
{"timestamp":"2025-07-17T08:54:02.680726","level":"info","event":"2025-07-17 08:54:02 (32.4 MB/s) - ‘/opt/airflow/green_tripdata_2019-01.csv’ saved [11099245/11099245]","logger":"airflow.task.hooks.airflow.providers.standard.hooks.subprocess.SubprocessHook"}
{"timestamp":"2025-07-17T08:54:02.680929","level":"info","event":"","logger":"airflow.task.hooks.airflow.providers.standard.hooks.subprocess.SubprocessHook"}
{"timestamp":"2025-07-17T08:54:02.685786","level":"info","event":"Command exited with return code 0","logger":"airflow.task.hooks.airflow.providers.standard.hooks.subprocess.SubprocessHook"}
{"timestamp":"2025-07-17T08:54:02.692486","level":"info","event":"Pushing xcom","ti":"RuntimeTaskInstance(id=UUID('01981797-09e3-7756-848b-6f8df1dfb04d'), task_id='download_dataset_task', dag_id='upload_gcs_greentrips', run_id='scheduled__2019-01-02T06:00:00+00:00', try_number=1, map_index=-1, hostname='8c16a644909e', context_carrier={}, task=<Task(BashOperator): download_dataset_task>, bundle_instance=LocalDagBundle(name=dags-folder), max_tries=0, start_date=datetime.datetime(2025, 7, 17, 8, 53, 52, 256395, tzinfo=TzInfo(UTC)), end_date=None, state=<TaskInstanceState.RUNNING: 'running'>, is_mapped=False, rendered_map_index=None)","logger":"task"}
{"timestamp":"2025-07-17T17:10:24.251885","level":"info","event":"DAG bundles loaded: dags-folder","logger":"airflow.dag_processing.bundles.manager.DagBundlesManager"}
{"timestamp":"2025-07-17T17:10:24.253345","level":"info","event":"Filling up the DagBag from /opt/airflow/dags/data_ingestion_gcs_dag.py","logger":"airflow.models.dagbag.DagBag"}
{"timestamp":"2025-07-17T17:10:26.360218","level":"info","event":"Tmp dir root location: /tmp","logger":"airflow.task.hooks.airflow.providers.standard.hooks.subprocess.SubprocessHook"}
{"timestamp":"2025-07-17T17:10:26.365989","level":"info","event":"Running command: ['/usr/bin/bash', '-c', 'echo https://github.com/DataTalksClub/nyc-tlc-data/releases/download/green/green_tripdata_2019-01.csv.gz && wget --no-verbose https://github.com/DataTalksClub/nyc-tlc-data/releases/download/green/green_tripdata_2019-01.csv.gz -O /opt/airflow/green_tripdata_2019-01.csv.gz && gunzip -f /opt/airflow/green_tripdata_2019-01.csv.gz']","logger":"airflow.task.hooks.airflow.providers.standard.hooks.subprocess.SubprocessHook"}
{"timestamp":"2025-07-17T17:10:26.398835","level":"info","event":"Output:","logger":"airflow.task.hooks.airflow.providers.standard.hooks.subprocess.SubprocessHook"}
{"timestamp":"2025-07-17T17:10:26.407207","level":"info","event":"https://github.com/DataTalksClub/nyc-tlc-data/releases/download/green/green_tripdata_2019-01.csv.gz","logger":"airflow.task.hooks.airflow.providers.standard.hooks.subprocess.SubprocessHook"}
{"timestamp":"2025-07-17T17:10:27.422744","level":"info","event":"2025-07-17 17:10:27 URL:https://release-assets.githubusercontent.com/github-production-release-asset/513814948/d3904232-1a2b-431b-803d-0ee802cd14fc?sp=r&sv=2018-11-09&sr=b&spr=https&se=2025-07-17T17%3A44%3A32Z&rscd=attachment%3B+filename%3Dgreen_tripdata_2019-01.csv.gz&rsct=application%2Foctet-stream&skoid=96c2d410-5711-43a1-aedd-ab1947aa7ab0&sktid=398a6654-997b-47e9-b12b-9515b896b4de&skt=2025-07-17T16%3A44%3A23Z&ske=2025-07-17T17%3A44%3A32Z&sks=b&skv=2018-11-09&sig=gc2OwLdJtXDpDFVAXRvyT6x3wyuorydv7mW05UVCeJU%3D&jwt=eyJ******&response-content-disposition=attachment%3B%20filename%3Dgreen_tripdata_2019-01.csv.gz&response-content-type=application%2Foctet-stream [11099245/11099245] -> \"/opt/airflow/green_tripdata_2019-01.csv.gz\" [1]","logger":"airflow.task.hooks.airflow.providers.standard.hooks.subprocess.SubprocessHook"}
{"timestamp":"2025-07-17T17:10:27.983672","level":"info","event":"Command exited with return code 0","logger":"airflow.task.hooks.airflow.providers.standard.hooks.subprocess.SubprocessHook"}
{"timestamp":"2025-07-17T17:10:27.987770","level":"info","event":"Pushing xcom","ti":"RuntimeTaskInstance(id=UUID('0198195d-a00c-7e32-b993-1ec6e2867944'), task_id='download_dataset_task', dag_id='upload_gcs_greentrips', run_id='scheduled__2019-01-02T06:00:00+00:00', try_number=1, map_index=-1, hostname='8c16a644909e', context_carrier={}, task=<Task(BashOperator): download_dataset_task>, bundle_instance=LocalDagBundle(name=dags-folder), max_tries=0, start_date=datetime.datetime(2025, 7, 17, 17, 10, 23, 497320, tzinfo=TzInfo(UTC)), end_date=None, state=<TaskInstanceState.RUNNING: 'running'>, is_mapped=False, rendered_map_index=None)","logger":"task"}
{"timestamp":"2025-07-17T17:16:53.644923","level":"info","event":"DAG bundles loaded: dags-folder","logger":"airflow.dag_processing.bundles.manager.DagBundlesManager"}
{"timestamp":"2025-07-17T17:16:53.647071","level":"info","event":"Filling up the DagBag from /opt/airflow/dags/data_ingestion_gcs_dag.py","logger":"airflow.models.dagbag.DagBag"}
{"timestamp":"2025-07-17T17:16:55.195154","level":"info","event":"Tmp dir root location: /tmp","logger":"airflow.task.hooks.airflow.providers.standard.hooks.subprocess.SubprocessHook"}
{"timestamp":"2025-07-17T17:16:55.202506","level":"info","event":"Running command: ['/usr/bin/bash', '-c', 'echo https://github.com/DataTalksClub/nyc-tlc-data/releases/download/green/green_tripdata_2019-01.csv.gz && wget --no-verbose https://github.com/DataTalksClub/nyc-tlc-data/releases/download/green/green_tripdata_2019-01.csv.gz -O /opt/airflow/green_tripdata_2019-01.csv.gz && gunzip -f /opt/airflow/green_tripdata_2019-01.csv.gz']","logger":"airflow.task.hooks.airflow.providers.standard.hooks.subprocess.SubprocessHook"}
{"timestamp":"2025-07-17T17:16:55.245088","level":"info","event":"Output:","logger":"airflow.task.hooks.airflow.providers.standard.hooks.subprocess.SubprocessHook"}
{"timestamp":"2025-07-17T17:16:55.250724","level":"info","event":"https://github.com/DataTalksClub/nyc-tlc-data/releases/download/green/green_tripdata_2019-01.csv.gz","logger":"airflow.task.hooks.airflow.providers.standard.hooks.subprocess.SubprocessHook"}
{"timestamp":"2025-07-17T17:16:56.332291","level":"info","event":"2025-07-17 17:16:56 URL:https://release-assets.githubusercontent.com/github-production-release-asset/513814948/d3904232-1a2b-431b-803d-0ee802cd14fc?sp=r&sv=2018-11-09&sr=b&spr=https&se=2025-07-17T18%3A14%3A50Z&rscd=attachment%3B+filename%3Dgreen_tripdata_2019-01.csv.gz&rsct=application%2Foctet-stream&skoid=96c2d410-5711-43a1-aedd-ab1947aa7ab0&sktid=398a6654-997b-47e9-b12b-9515b896b4de&skt=2025-07-17T17%3A14%3A20Z&ske=2025-07-17T18%3A14%3A50Z&sks=b&skv=2018-11-09&sig=MVWftMbxqPz27nAT27Wgx0vF5Q4HLKzIpkGH3yybjec%3D&jwt=eyJ******&response-content-disposition=attachment%3B%20filename%3Dgreen_tripdata_2019-01.csv.gz&response-content-type=application%2Foctet-stream [11099245/11099245] -> \"/opt/airflow/green_tripdata_2019-01.csv.gz\" [1]","logger":"airflow.task.hooks.airflow.providers.standard.hooks.subprocess.SubprocessHook"}
{"timestamp":"2025-07-17T17:16:56.720385","level":"info","event":"Command exited with return code 0","logger":"airflow.task.hooks.airflow.providers.standard.hooks.subprocess.SubprocessHook"}
{"timestamp":"2025-07-17T17:16:56.727331","level":"info","event":"Pushing xcom","ti":"RuntimeTaskInstance(id=UUID('01981963-92fa-77d4-8309-5669a841ae8b'), task_id='download_dataset_task', dag_id='upload_gcs_greentrips', run_id='scheduled__2019-01-02T06:00:00+00:00', try_number=1, map_index=-1, hostname='8c16a644909e', context_carrier={}, task=<Task(BashOperator): download_dataset_task>, bundle_instance=LocalDagBundle(name=dags-folder), max_tries=0, start_date=datetime.datetime(2025, 7, 17, 17, 16, 53, 140206, tzinfo=TzInfo(UTC)), end_date=None, state=<TaskInstanceState.RUNNING: 'running'>, is_mapped=False, rendered_map_index=None)","logger":"task"}
{"timestamp":"2025-07-17T17:19:45.003692","level":"info","event":"DAG bundles loaded: dags-folder","logger":"airflow.dag_processing.bundles.manager.DagBundlesManager"}
{"timestamp":"2025-07-17T17:19:45.006264","level":"info","event":"Filling up the DagBag from /opt/airflow/dags/data_ingestion_gcs_dag.py","logger":"airflow.models.dagbag.DagBag"}
{"timestamp":"2025-07-17T17:19:47.297330","level":"info","event":"Tmp dir root location: /tmp","logger":"airflow.task.hooks.airflow.providers.standard.hooks.subprocess.SubprocessHook"}
{"timestamp":"2025-07-17T17:19:47.301447","level":"info","event":"Running command: ['/usr/bin/bash', '-c', 'echo https://github.com/DataTalksClub/nyc-tlc-data/releases/download/green/green_tripdata_2019-01.csv.gz && wget --no-verbose https://github.com/DataTalksClub/nyc-tlc-data/releases/download/green/green_tripdata_2019-01.csv.gz -O /opt/airflow/green_tripdata_2019-01.csv.gz && gunzip -f /opt/airflow/green_tripdata_2019-01.csv.gz']","logger":"airflow.task.hooks.airflow.providers.standard.hooks.subprocess.SubprocessHook"}
{"timestamp":"2025-07-17T17:19:47.342351","level":"info","event":"Output:","logger":"airflow.task.hooks.airflow.providers.standard.hooks.subprocess.SubprocessHook"}
{"timestamp":"2025-07-17T17:19:47.343410","level":"info","event":"https://github.com/DataTalksClub/nyc-tlc-data/releases/download/green/green_tripdata_2019-01.csv.gz","logger":"airflow.task.hooks.airflow.providers.standard.hooks.subprocess.SubprocessHook"}
{"timestamp":"2025-07-17T17:19:48.543128","level":"info","event":"2025-07-17 17:19:48 URL:https://release-assets.githubusercontent.com/github-production-release-asset/513814948/d3904232-1a2b-431b-803d-0ee802cd14fc?sp=r&sv=2018-11-09&sr=b&spr=https&se=2025-07-17T18%3A12%3A05Z&rscd=attachment%3B+filename%3Dgreen_tripdata_2019-01.csv.gz&rsct=application%2Foctet-stream&skoid=96c2d410-5711-43a1-aedd-ab1947aa7ab0&sktid=398a6654-997b-47e9-b12b-9515b896b4de&skt=2025-07-17T17%3A11%3A44Z&ske=2025-07-17T18%3A12%3A05Z&sks=b&skv=2018-11-09&sig=4gGHF4bczOy5nisjQGoj7ziZMlNPZnnSHED8SU7wzXM%3D&jwt=eyJ******&response-content-disposition=attachment%3B%20filename%3Dgreen_tripdata_2019-01.csv.gz&response-content-type=application%2Foctet-stream [11099245/11099245] -> \"/opt/airflow/green_tripdata_2019-01.csv.gz\" [1]","logger":"airflow.task.hooks.airflow.providers.standard.hooks.subprocess.SubprocessHook"}
{"timestamp":"2025-07-17T17:19:49.011944","level":"info","event":"Command exited with return code 0","logger":"airflow.task.hooks.airflow.providers.standard.hooks.subprocess.SubprocessHook"}
{"timestamp":"2025-07-17T17:19:49.018828","level":"info","event":"Pushing xcom","ti":"RuntimeTaskInstance(id=UUID('01981966-2e0f-76c0-8a8c-fdee57025559'), task_id='download_dataset_task', dag_id='upload_gcs_greentrips', run_id='scheduled__2019-01-02T06:00:00+00:00', try_number=1, map_index=-1, hostname='8c16a644909e', context_carrier={}, task=<Task(BashOperator): download_dataset_task>, bundle_instance=LocalDagBundle(name=dags-folder), max_tries=0, start_date=datetime.datetime(2025, 7, 17, 17, 19, 43, 965865, tzinfo=TzInfo(UTC)), end_date=None, state=<TaskInstanceState.RUNNING: 'running'>, is_mapped=False, rendered_map_index=None)","logger":"task"}
{"timestamp":"2025-07-17T17:23:06.743108","level":"info","event":"DAG bundles loaded: dags-folder","logger":"airflow.dag_processing.bundles.manager.DagBundlesManager"}
{"timestamp":"2025-07-17T17:23:06.744352","level":"info","event":"Filling up the DagBag from /opt/airflow/dags/data_ingestion_gcs_dag.py","logger":"airflow.models.dagbag.DagBag"}
{"timestamp":"2025-07-17T17:23:08.977865","level":"info","event":"Tmp dir root location: /tmp","logger":"airflow.task.hooks.airflow.providers.standard.hooks.subprocess.SubprocessHook"}
{"timestamp":"2025-07-17T17:23:08.982500","level":"info","event":"Running command: ['/usr/bin/bash', '-c', 'echo https://github.com/DataTalksClub/nyc-tlc-data/releases/download/green/green_tripdata_2019-01.csv.gz && wget --no-verbose https://github.com/DataTalksClub/nyc-tlc-data/releases/download/green/green_tripdata_2019-01.csv.gz -O /opt/airflow/green_tripdata_2019-01.csv.gz && gunzip -f /opt/airflow/green_tripdata_2019-01.csv.gz']","logger":"airflow.task.hooks.airflow.providers.standard.hooks.subprocess.SubprocessHook"}
{"timestamp":"2025-07-17T17:23:09.033237","level":"info","event":"Output:","logger":"airflow.task.hooks.airflow.providers.standard.hooks.subprocess.SubprocessHook"}
{"timestamp":"2025-07-17T17:23:09.042613","level":"info","event":"https://github.com/DataTalksClub/nyc-tlc-data/releases/download/green/green_tripdata_2019-01.csv.gz","logger":"airflow.task.hooks.airflow.providers.standard.hooks.subprocess.SubprocessHook"}
{"timestamp":"2025-07-17T17:23:10.230857","level":"info","event":"2025-07-17 17:23:10 URL:https://release-assets.githubusercontent.com/github-production-release-asset/513814948/d3904232-1a2b-431b-803d-0ee802cd14fc?sp=r&sv=2018-11-09&sr=b&spr=https&se=2025-07-17T18%3A19%3A18Z&rscd=attachment%3B+filename%3Dgreen_tripdata_2019-01.csv.gz&rsct=application%2Foctet-stream&skoid=96c2d410-5711-43a1-aedd-ab1947aa7ab0&sktid=398a6654-997b-47e9-b12b-9515b896b4de&skt=2025-07-17T17%3A19%3A01Z&ske=2025-07-17T18%3A19%3A18Z&sks=b&skv=2018-11-09&sig=lyeSl%2FIrit9tQgAxRi1bK8xVH5Vh6lVR0qf7OwwQ2gY%3D&jwt=eyJ******&response-content-disposition=attachment%3B%20filename%3Dgreen_tripdata_2019-01.csv.gz&response-content-type=application%2Foctet-stream [11099245/11099245] -> \"/opt/airflow/green_tripdata_2019-01.csv.gz\" [1]","logger":"airflow.task.hooks.airflow.providers.standard.hooks.subprocess.SubprocessHook"}
{"timestamp":"2025-07-17T17:23:10.590371","level":"info","event":"Command exited with return code 0","logger":"airflow.task.hooks.airflow.providers.standard.hooks.subprocess.SubprocessHook"}
{"timestamp":"2025-07-17T17:23:10.592556","level":"info","event":"Pushing xcom","ti":"RuntimeTaskInstance(id=UUID('01981969-4302-7591-a350-f731053a29fa'), task_id='download_dataset_task', dag_id='upload_gcs_greentrips', run_id='scheduled__2019-01-02T06:00:00+00:00', try_number=1, map_index=-1, hostname='8c16a644909e', context_carrier={}, task=<Task(BashOperator): download_dataset_task>, bundle_instance=LocalDagBundle(name=dags-folder), max_tries=0, start_date=datetime.datetime(2025, 7, 17, 17, 23, 6, 180580, tzinfo=TzInfo(UTC)), end_date=None, state=<TaskInstanceState.RUNNING: 'running'>, is_mapped=False, rendered_map_index=None)","logger":"task"}
{"timestamp":"2025-07-17T17:43:26.719789","level":"info","event":"DAG bundles loaded: dags-folder","logger":"airflow.dag_processing.bundles.manager.DagBundlesManager"}
{"timestamp":"2025-07-17T17:43:26.720986","level":"info","event":"Filling up the DagBag from /opt/airflow/dags/data_ingestion_gcs_dag.py","logger":"airflow.models.dagbag.DagBag"}
{"timestamp":"2025-07-17T17:43:28.855056","level":"info","event":"Tmp dir root location: /tmp","logger":"airflow.task.hooks.airflow.providers.standard.hooks.subprocess.SubprocessHook"}
{"timestamp":"2025-07-17T17:43:28.871190","level":"info","event":"Running command: ['/usr/bin/bash', '-c', 'echo https://github.com/DataTalksClub/nyc-tlc-data/releases/download/green/green_tripdata_2019-01.csv.gz && wget --no-verbose https://github.com/DataTalksClub/nyc-tlc-data/releases/download/green/green_tripdata_2019-01.csv.gz -O /opt/airflow/green_tripdata_2019-01.csv.gz && gunzip -f /opt/airflow/green_tripdata_2019-01.csv.gz']","logger":"airflow.task.hooks.airflow.providers.standard.hooks.subprocess.SubprocessHook"}
{"timestamp":"2025-07-17T17:43:28.914748","level":"info","event":"Output:","logger":"airflow.task.hooks.airflow.providers.standard.hooks.subprocess.SubprocessHook"}
{"timestamp":"2025-07-17T17:43:28.922073","level":"info","event":"https://github.com/DataTalksClub/nyc-tlc-data/releases/download/green/green_tripdata_2019-01.csv.gz","logger":"airflow.task.hooks.airflow.providers.standard.hooks.subprocess.SubprocessHook"}
{"timestamp":"2025-07-17T17:43:30.449676","level":"info","event":"2025-07-17 17:43:30 URL:https://release-assets.githubusercontent.com/github-production-release-asset/513814948/d3904232-1a2b-431b-803d-0ee802cd14fc?sp=r&sv=2018-11-09&sr=b&spr=https&se=2025-07-17T18%3A40%3A46Z&rscd=attachment%3B+filename%3Dgreen_tripdata_2019-01.csv.gz&rsct=application%2Foctet-stream&skoid=96c2d410-5711-43a1-aedd-ab1947aa7ab0&sktid=398a6654-997b-47e9-b12b-9515b896b4de&skt=2025-07-17T17%3A39%3A51Z&ske=2025-07-17T18%3A40%3A46Z&sks=b&skv=2018-11-09&sig=k84EjHy4V3BgEDralaW0AduATuzZjRi%2FkHhzwcvuWLc%3D&jwt=eyJ******&response-content-disposition=attachment%3B%20filename%3Dgreen_tripdata_2019-01.csv.gz&response-content-type=application%2Foctet-stream [11099245/11099245] -> \"/opt/airflow/green_tripdata_2019-01.csv.gz\" [1]","logger":"airflow.task.hooks.airflow.providers.standard.hooks.subprocess.SubprocessHook"}
{"timestamp":"2025-07-17T17:43:31.054130","level":"info","event":"Command exited with return code 0","logger":"airflow.task.hooks.airflow.providers.standard.hooks.subprocess.SubprocessHook"}
{"timestamp":"2025-07-17T17:43:31.059905","level":"info","event":"Pushing xcom","ti":"RuntimeTaskInstance(id=UUID('0198197b-deb2-7ec4-8d36-754db4e2865a'), task_id='download_dataset_task', dag_id='upload_gcs_greentrips', run_id='scheduled__2019-01-02T06:00:00+00:00', try_number=1, map_index=-1, hostname='8c16a644909e', context_carrier={}, task=<Task(BashOperator): download_dataset_task>, bundle_instance=LocalDagBundle(name=dags-folder), max_tries=0, start_date=datetime.datetime(2025, 7, 17, 17, 43, 25, 706439, tzinfo=TzInfo(UTC)), end_date=None, state=<TaskInstanceState.RUNNING: 'running'>, is_mapped=False, rendered_map_index=None)","logger":"task"}
{"timestamp":"2025-07-17T17:53:19.881886","level":"info","event":"DAG bundles loaded: dags-folder","logger":"airflow.dag_processing.bundles.manager.DagBundlesManager"}
{"timestamp":"2025-07-17T17:53:19.886808","level":"info","event":"Filling up the DagBag from /opt/airflow/dags/data_ingestion_gcs_dag.py","logger":"airflow.models.dagbag.DagBag"}
{"timestamp":"2025-07-17T17:53:22.830602","level":"info","event":"Tmp dir root location: /tmp","logger":"airflow.task.hooks.airflow.providers.standard.hooks.subprocess.SubprocessHook"}
{"timestamp":"2025-07-17T17:53:22.847341","level":"info","event":"Running command: ['/usr/bin/bash', '-c', 'echo https://github.com/DataTalksClub/nyc-tlc-data/releases/download/green/green_tripdata_2019-01.csv.gz && wget --no-verbose https://github.com/DataTalksClub/nyc-tlc-data/releases/download/green/green_tripdata_2019-01.csv.gz -O /opt/airflow/green_tripdata_2019-01.csv.gz && gunzip -f /opt/airflow/green_tripdata_2019-01.csv.gz']","logger":"airflow.task.hooks.airflow.providers.standard.hooks.subprocess.SubprocessHook"}
{"timestamp":"2025-07-17T17:53:22.903937","level":"info","event":"Output:","logger":"airflow.task.hooks.airflow.providers.standard.hooks.subprocess.SubprocessHook"}
{"timestamp":"2025-07-17T17:53:22.912897","level":"info","event":"https://github.com/DataTalksClub/nyc-tlc-data/releases/download/green/green_tripdata_2019-01.csv.gz","logger":"airflow.task.hooks.airflow.providers.standard.hooks.subprocess.SubprocessHook"}
{"timestamp":"2025-07-17T17:53:23.922239","level":"info","event":"2025-07-17 17:53:23 URL:https://release-assets.githubusercontent.com/github-production-release-asset/513814948/d3904232-1a2b-431b-803d-0ee802cd14fc?sp=r&sv=2018-11-09&sr=b&spr=https&se=2025-07-17T18%3A41%3A31Z&rscd=attachment%3B+filename%3Dgreen_tripdata_2019-01.csv.gz&rsct=application%2Foctet-stream&skoid=96c2d410-5711-43a1-aedd-ab1947aa7ab0&sktid=398a6654-997b-47e9-b12b-9515b896b4de&skt=2025-07-17T17%3A40%3A57Z&ske=2025-07-17T18%3A41%3A31Z&sks=b&skv=2018-11-09&sig=n0D9mRsfE%2BaiI8ZXgMI758TMl49kTPpnJBYQtrwWKag%3D&jwt=eyJ******&response-content-disposition=attachment%3B%20filename%3Dgreen_tripdata_2019-01.csv.gz&response-content-type=application%2Foctet-stream [11099245/11099245] -> \"/opt/airflow/green_tripdata_2019-01.csv.gz\" [1]","logger":"airflow.task.hooks.airflow.providers.standard.hooks.subprocess.SubprocessHook"}
{"timestamp":"2025-07-17T17:53:24.499266","level":"info","event":"Command exited with return code 0","logger":"airflow.task.hooks.airflow.providers.standard.hooks.subprocess.SubprocessHook"}
{"timestamp":"2025-07-17T17:53:24.514595","level":"info","event":"Pushing xcom","ti":"RuntimeTaskInstance(id=UUID('01981984-eafd-7283-946e-e67dc0467ed2'), task_id='download_dataset_task', dag_id='upload_gcs_greentrips', run_id='scheduled__2019-01-02T06:00:00+00:00', try_number=1, map_index=-1, hostname='8c16a644909e', context_carrier={}, task=<Task(BashOperator): download_dataset_task>, bundle_instance=LocalDagBundle(name=dags-folder), max_tries=0, start_date=datetime.datetime(2025, 7, 17, 17, 53, 18, 439608, tzinfo=TzInfo(UTC)), end_date=None, state=<TaskInstanceState.RUNNING: 'running'>, is_mapped=False, rendered_map_index=None)","logger":"task"}
{"timestamp":"2025-07-17T18:01:40.624663","level":"info","event":"DAG bundles loaded: dags-folder","logger":"airflow.dag_processing.bundles.manager.DagBundlesManager"}
{"timestamp":"2025-07-17T18:01:40.625562","level":"info","event":"Filling up the DagBag from /opt/airflow/dags/data_ingestion_gcs_dag.py","logger":"airflow.models.dagbag.DagBag"}
{"timestamp":"2025-07-17T18:01:43.745713","level":"info","event":"Tmp dir root location: /tmp","logger":"airflow.task.hooks.airflow.providers.standard.hooks.subprocess.SubprocessHook"}
{"timestamp":"2025-07-17T18:01:43.762914","level":"info","event":"Running command: ['/usr/bin/bash', '-c', 'echo https://github.com/DataTalksClub/nyc-tlc-data/releases/download/green/green_tripdata_2019-01.csv.gz && wget --no-verbose https://github.com/DataTalksClub/nyc-tlc-data/releases/download/green/green_tripdata_2019-01.csv.gz -O /opt/airflow/green_tripdata_2019-01.csv.gz && gunzip -f /opt/airflow/green_tripdata_2019-01.csv.gz']","logger":"airflow.task.hooks.airflow.providers.standard.hooks.subprocess.SubprocessHook"}
{"timestamp":"2025-07-17T18:01:43.819803","level":"info","event":"Output:","logger":"airflow.task.hooks.airflow.providers.standard.hooks.subprocess.SubprocessHook"}
{"timestamp":"2025-07-17T18:01:43.828177","level":"info","event":"https://github.com/DataTalksClub/nyc-tlc-data/releases/download/green/green_tripdata_2019-01.csv.gz","logger":"airflow.task.hooks.airflow.providers.standard.hooks.subprocess.SubprocessHook"}
{"timestamp":"2025-07-17T18:01:45.444195","level":"info","event":"2025-07-17 18:01:45 URL:https://release-assets.githubusercontent.com/github-production-release-asset/513814948/d3904232-1a2b-431b-803d-0ee802cd14fc?sp=r&sv=2018-11-09&sr=b&spr=https&se=2025-07-17T18%3A56%3A10Z&rscd=attachment%3B+filename%3Dgreen_tripdata_2019-01.csv.gz&rsct=application%2Foctet-stream&skoid=96c2d410-5711-43a1-aedd-ab1947aa7ab0&sktid=398a6654-997b-47e9-b12b-9515b896b4de&skt=2025-07-17T17%3A55%3A42Z&ske=2025-07-17T18%3A56%3A10Z&sks=b&skv=2018-11-09&sig=N3Xpbv%2F3Y7gsFktxO%2FmQ74kXCiNrzORWrNtEfKw%2BGhU%3D&jwt=eyJ******&response-content-disposition=attachment%3B%20filename%3Dgreen_tripdata_2019-01.csv.gz&response-content-type=application%2Foctet-stream [11099245/11099245] -> \"/opt/airflow/green_tripdata_2019-01.csv.gz\" [1]","logger":"airflow.task.hooks.airflow.providers.standard.hooks.subprocess.SubprocessHook"}
{"timestamp":"2025-07-17T18:01:46.650853","level":"info","event":"Command exited with return code 0","logger":"airflow.task.hooks.airflow.providers.standard.hooks.subprocess.SubprocessHook"}
{"timestamp":"2025-07-17T18:01:46.673149","level":"info","event":"Pushing xcom","ti":"RuntimeTaskInstance(id=UUID('0198198c-9165-79c0-9c67-85f7055b49e6'), task_id='download_dataset_task', dag_id='upload_gcs_greentrips', run_id='scheduled__2019-01-02T06:00:00+00:00', try_number=1, map_index=-1, hostname='8c16a644909e', context_carrier={}, task=<Task(BashOperator): download_dataset_task>, bundle_instance=LocalDagBundle(name=dags-folder), max_tries=0, start_date=datetime.datetime(2025, 7, 17, 18, 1, 39, 916506, tzinfo=TzInfo(UTC)), end_date=None, state=<TaskInstanceState.RUNNING: 'running'>, is_mapped=False, rendered_map_index=None)","logger":"task"}
{"timestamp":"2025-07-17T18:05:55.528608","level":"info","event":"DAG bundles loaded: dags-folder","logger":"airflow.dag_processing.bundles.manager.DagBundlesManager"}
{"timestamp":"2025-07-17T18:05:55.530988","level":"info","event":"Filling up the DagBag from /opt/airflow/dags/data_ingestion_gcs_dag.py","logger":"airflow.models.dagbag.DagBag"}
{"timestamp":"2025-07-17T18:05:56.835703","level":"info","event":"Tmp dir root location: /tmp","logger":"airflow.task.hooks.airflow.providers.standard.hooks.subprocess.SubprocessHook"}
{"timestamp":"2025-07-17T18:05:56.839813","level":"info","event":"Running command: ['/usr/bin/bash', '-c', 'echo https://github.com/DataTalksClub/nyc-tlc-data/releases/download/green/green_tripdata_2019-01.csv.gz && wget --no-verbose https://github.com/DataTalksClub/nyc-tlc-data/releases/download/green/green_tripdata_2019-01.csv.gz -O /opt/airflow/green_tripdata_2019-01.csv.gz && gunzip -f /opt/airflow/green_tripdata_2019-01.csv.gz']","logger":"airflow.task.hooks.airflow.providers.standard.hooks.subprocess.SubprocessHook"}
{"timestamp":"2025-07-17T18:05:56.861782","level":"info","event":"Output:","logger":"airflow.task.hooks.airflow.providers.standard.hooks.subprocess.SubprocessHook"}
{"timestamp":"2025-07-17T18:05:56.862531","level":"info","event":"https://github.com/DataTalksClub/nyc-tlc-data/releases/download/green/green_tripdata_2019-01.csv.gz","logger":"airflow.task.hooks.airflow.providers.standard.hooks.subprocess.SubprocessHook"}
{"timestamp":"2025-07-17T18:05:58.049592","level":"info","event":"2025-07-17 18:05:58 URL:https://release-assets.githubusercontent.com/github-production-release-asset/513814948/d3904232-1a2b-431b-803d-0ee802cd14fc?sp=r&sv=2018-11-09&sr=b&spr=https&se=2025-07-17T18%3A54%3A34Z&rscd=attachment%3B+filename%3Dgreen_tripdata_2019-01.csv.gz&rsct=application%2Foctet-stream&skoid=96c2d410-5711-43a1-aedd-ab1947aa7ab0&sktid=398a6654-997b-47e9-b12b-9515b896b4de&skt=2025-07-17T17%3A53%3A52Z&ske=2025-07-17T18%3A54%3A34Z&sks=b&skv=2018-11-09&sig=F4LdLdxggMgFIF%2BOSOYqinrt2X9%2Bil7%2FRr9Pfz6RfBo%3D&jwt=eyJ******&response-content-disposition=attachment%3B%20filename%3Dgreen_tripdata_2019-01.csv.gz&response-content-type=application%2Foctet-stream [11099245/11099245] -> \"/opt/airflow/green_tripdata_2019-01.csv.gz\" [1]","logger":"airflow.task.hooks.airflow.providers.standard.hooks.subprocess.SubprocessHook"}
{"timestamp":"2025-07-17T18:05:58.556039","level":"info","event":"Command exited with return code 0","logger":"airflow.task.hooks.airflow.providers.standard.hooks.subprocess.SubprocessHook"}
{"timestamp":"2025-07-17T18:05:58.562893","level":"info","event":"Pushing xcom","ti":"RuntimeTaskInstance(id=UUID('01981990-76e7-7eca-ab1e-6b87ca56bbf7'), task_id='download_dataset_task', dag_id='upload_gcs_greentrips', run_id='scheduled__2019-01-02T06:00:00+00:00', try_number=1, map_index=-1, hostname='8c16a644909e', context_carrier={}, task=<Task(BashOperator): download_dataset_task>, bundle_instance=LocalDagBundle(name=dags-folder), max_tries=0, start_date=datetime.datetime(2025, 7, 17, 18, 5, 55, 119726, tzinfo=TzInfo(UTC)), end_date=None, state=<TaskInstanceState.RUNNING: 'running'>, is_mapped=False, rendered_map_index=None)","logger":"task"}
{"timestamp":"2025-07-17T18:07:42.323867","level":"info","event":"DAG bundles loaded: dags-folder","logger":"airflow.dag_processing.bundles.manager.DagBundlesManager"}
{"timestamp":"2025-07-17T18:07:42.325394","level":"info","event":"Filling up the DagBag from /opt/airflow/dags/data_ingestion_gcs_dag.py","logger":"airflow.models.dagbag.DagBag"}
{"timestamp":"2025-07-17T18:07:43.847339","level":"info","event":"Tmp dir root location: /tmp","logger":"airflow.task.hooks.airflow.providers.standard.hooks.subprocess.SubprocessHook"}
{"timestamp":"2025-07-17T18:07:43.850638","level":"info","event":"Running command: ['/usr/bin/bash', '-c', 'echo https://github.com/DataTalksClub/nyc-tlc-data/releases/download/green/green_tripdata_2019-01.csv.gz && wget --no-verbose https://github.com/DataTalksClub/nyc-tlc-data/releases/download/green/green_tripdata_2019-01.csv.gz -O /opt/airflow/green_tripdata_2019-01.csv.gz && gunzip -f /opt/airflow/green_tripdata_2019-01.csv.gz']","logger":"airflow.task.hooks.airflow.providers.standard.hooks.subprocess.SubprocessHook"}
{"timestamp":"2025-07-17T18:07:43.891635","level":"info","event":"Output:","logger":"airflow.task.hooks.airflow.providers.standard.hooks.subprocess.SubprocessHook"}
{"timestamp":"2025-07-17T18:07:43.895965","level":"info","event":"https://github.com/DataTalksClub/nyc-tlc-data/releases/download/green/green_tripdata_2019-01.csv.gz","logger":"airflow.task.hooks.airflow.providers.standard.hooks.subprocess.SubprocessHook"}
{"timestamp":"2025-07-17T18:07:44.804552","level":"info","event":"2025-07-17 18:07:44 URL:https://release-assets.githubusercontent.com/github-production-release-asset/513814948/d3904232-1a2b-431b-803d-0ee802cd14fc?sp=r&sv=2018-11-09&sr=b&spr=https&se=2025-07-17T18%3A54%3A34Z&rscd=attachment%3B+filename%3Dgreen_tripdata_2019-01.csv.gz&rsct=application%2Foctet-stream&skoid=96c2d410-5711-43a1-aedd-ab1947aa7ab0&sktid=398a6654-997b-47e9-b12b-9515b896b4de&skt=2025-07-17T17%3A53%3A52Z&ske=2025-07-17T18%3A54%3A34Z&sks=b&skv=2018-11-09&sig=F4LdLdxggMgFIF%2BOSOYqinrt2X9%2Bil7%2FRr9Pfz6RfBo%3D&jwt=eyJ******&response-content-disposition=attachment%3B%20filename%3Dgreen_tripdata_2019-01.csv.gz&response-content-type=application%2Foctet-stream [11099245/11099245] -> \"/opt/airflow/green_tripdata_2019-01.csv.gz\" [1]","logger":"airflow.task.hooks.airflow.providers.standard.hooks.subprocess.SubprocessHook"}
{"timestamp":"2025-07-17T18:07:45.240433","level":"info","event":"Command exited with return code 0","logger":"airflow.task.hooks.airflow.providers.standard.hooks.subprocess.SubprocessHook"}
{"timestamp":"2025-07-17T18:07:45.242902","level":"info","event":"Pushing xcom","ti":"RuntimeTaskInstance(id=UUID('01981992-144d-7666-9b52-347fcbb3a064'), task_id='download_dataset_task', dag_id='upload_gcs_greentrips', run_id='scheduled__2019-01-02T06:00:00+00:00', try_number=1, map_index=-1, hostname='8c16a644909e', context_carrier={}, task=<Task(BashOperator): download_dataset_task>, bundle_instance=LocalDagBundle(name=dags-folder), max_tries=0, start_date=datetime.datetime(2025, 7, 17, 18, 7, 41, 405269, tzinfo=TzInfo(UTC)), end_date=None, state=<TaskInstanceState.RUNNING: 'running'>, is_mapped=False, rendered_map_index=None)","logger":"task"}
