{"timestamp":"2025-07-17T06:27:55.947177","level":"info","event":"DAG bundles loaded: dags-folder","logger":"airflow.dag_processing.bundles.manager.DagBundlesManager"}
{"timestamp":"2025-07-17T06:27:55.951331","level":"info","event":"Filling up the DagBag from /opt/airflow/dags/data_ingestion_localpg_dag.py","logger":"airflow.models.dagbag.DagBag"}
{"timestamp":"2025-07-17T06:27:56.704910","level":"error","event":"Task failed with exception","logger":"task","error_detail":[{"exc_type":"FileNotFoundError","exc_value":"[Errno 2] No such file or directory: '/opt/airflow/yellow_tripdata_2019-08.csv.gz'","exc_notes":[],"syntax_error":null,"is_cause":false,"frames":[{"filename":"/home/airflow/.local/lib/python3.12/site-packages/airflow/sdk/execution_time/task_runner.py","lineno":867,"name":"run"},{"filename":"/home/airflow/.local/lib/python3.12/site-packages/airflow/sdk/execution_time/task_runner.py","lineno":1159,"name":"_execute_task"},{"filename":"/home/airflow/.local/lib/python3.12/site-packages/airflow/sdk/bases/operator.py","lineno":397,"name":"wrapper"},{"filename":"/home/airflow/.local/lib/python3.12/site-packages/airflow/providers/standard/operators/python.py","lineno":216,"name":"execute"},{"filename":"/home/airflow/.local/lib/python3.12/site-packages/airflow/providers/standard/operators/python.py","lineno":239,"name":"execute_callable"},{"filename":"/home/airflow/.local/lib/python3.12/site-packages/airflow/sdk/execution_time/callback_runner.py","lineno":81,"name":"run"},{"filename":"/opt/airflow/dags/ingest_data.py","lineno":10,"name":"ingest_callable"},{"filename":"/home/airflow/.local/lib/python3.12/site-packages/pandas/io/parsers/readers.py","lineno":948,"name":"read_csv"},{"filename":"/home/airflow/.local/lib/python3.12/site-packages/pandas/io/parsers/readers.py","lineno":611,"name":"_read"},{"filename":"/home/airflow/.local/lib/python3.12/site-packages/pandas/io/parsers/readers.py","lineno":1448,"name":"__init__"},{"filename":"/home/airflow/.local/lib/python3.12/site-packages/pandas/io/parsers/readers.py","lineno":1705,"name":"_make_engine"},{"filename":"/home/airflow/.local/lib/python3.12/site-packages/pandas/io/common.py","lineno":755,"name":"get_handle"},{"filename":"/usr/local/lib/python3.12/gzip.py","lineno":201,"name":"__init__"}],"is_group":false,"exceptions":[]}]}
{"timestamp":"2025-07-17T07:24:36.027196","level":"info","event":"DAG bundles loaded: dags-folder","logger":"airflow.dag_processing.bundles.manager.DagBundlesManager"}
{"timestamp":"2025-07-17T07:24:36.028136","level":"info","event":"Filling up the DagBag from /opt/airflow/dags/data_ingestion_localpg_dag.py","logger":"airflow.models.dagbag.DagBag"}
{"timestamp":"2025-07-17T07:24:49.421987Z","level":"info","event":"inserted 100000 chunks, took 12.657","chan":"stdout","logger":"task"}
{"timestamp":"2025-07-17T07:24:58.657055Z","level":"info","event":"inserted 100000 chunks, took 9.229","chan":"stdout","logger":"task"}
{"timestamp":"2025-07-17T07:25:09.176359Z","level":"info","event":"inserted 100000 chunks, took 10.525","chan":"stdout","logger":"task"}
{"timestamp":"2025-07-17T07:25:21.098340Z","level":"info","event":"inserted 100000 chunks, took 11.920","chan":"stdout","logger":"task"}
{"timestamp":"2025-07-17T07:25:30.757303Z","level":"info","event":"inserted 100000 chunks, took 9.659","chan":"stdout","logger":"task"}
{"timestamp":"2025-07-17T07:25:40.774763Z","level":"info","event":"inserted 100000 chunks, took 10.017","chan":"stdout","logger":"task"}
{"timestamp":"2025-07-17T07:25:51.248446Z","level":"info","event":"inserted 100000 chunks, took 10.474","chan":"stdout","logger":"task"}
{"timestamp":"2025-07-17T07:26:00.588051Z","level":"info","event":"inserted 100000 chunks, took 9.339","chan":"stdout","logger":"task"}
{"timestamp":"2025-07-17T07:26:09.546412Z","level":"info","event":"inserted 100000 chunks, took 8.958","chan":"stdout","logger":"task"}
{"timestamp":"2025-07-17T07:26:18.612329Z","level":"info","event":"inserted 100000 chunks, took 9.065","chan":"stdout","logger":"task"}
{"timestamp":"2025-07-17T07:26:29.230559Z","level":"info","event":"inserted 100000 chunks, took 10.620","chan":"stdout","logger":"task"}
{"timestamp":"2025-07-17T07:26:37.166975Z","level":"info","event":"inserted 100000 chunks, took 7.935","chan":"stdout","logger":"task"}
{"timestamp":"2025-07-17T07:26:46.438021Z","level":"info","event":"inserted 100000 chunks, took 9.271","chan":"stdout","logger":"task"}
{"timestamp":"2025-07-17T07:26:56.399071Z","level":"info","event":"inserted 100000 chunks, took 9.961","chan":"stdout","logger":"task"}
{"timestamp":"2025-07-17T07:27:10.297427Z","level":"info","event":"inserted 100000 chunks, took 13.898","chan":"stdout","logger":"task"}
{"timestamp":"2025-07-17T07:27:19.808795Z","level":"info","event":"inserted 100000 chunks, took 9.511","chan":"stdout","logger":"task"}
{"timestamp":"2025-07-17T07:27:31.674912Z","level":"info","event":"inserted 100000 chunks, took 11.842","chan":"stdout","logger":"task"}
{"timestamp":"2025-07-17T07:27:43.469097Z","level":"info","event":"inserted 100000 chunks, took 11.817","chan":"stdout","logger":"task"}
{"timestamp":"2025-07-17T07:27:52.880031Z","level":"info","event":"inserted 100000 chunks, took 9.410","chan":"stdout","logger":"task"}
{"timestamp":"2025-07-17T07:28:01.852657Z","level":"info","event":"inserted 100000 chunks, took 8.972","chan":"stdout","logger":"task"}
{"timestamp":"2025-07-17T07:28:13.961621Z","level":"info","event":"inserted 100000 chunks, took 12.110","chan":"stdout","logger":"task"}
{"timestamp":"2025-07-17T07:28:26.783848Z","level":"info","event":"inserted 100000 chunks, took 12.819","chan":"stdout","logger":"task"}
{"timestamp":"2025-07-17T07:28:37.079760Z","level":"info","event":"inserted 100000 chunks, took 10.296","chan":"stdout","logger":"task"}
{"timestamp":"2025-07-17T07:28:47.402898Z","level":"info","event":"inserted 100000 chunks, took 10.324","chan":"stdout","logger":"task"}
{"timestamp":"2025-07-17T07:28:57.754739Z","level":"info","event":"inserted 100000 chunks, took 10.351","chan":"stdout","logger":"task"}
{"timestamp":"2025-07-17T07:29:07.037438Z","level":"info","event":"inserted 100000 chunks, took 9.283","chan":"stdout","logger":"task"}
{"timestamp":"2025-07-17T07:29:19.161308Z","level":"info","event":"inserted 100000 chunks, took 12.123","chan":"stdout","logger":"task"}
{"timestamp":"2025-07-17T07:29:27.235213Z","level":"info","event":"inserted 100000 chunks, took 8.074","chan":"stdout","logger":"task"}
{"timestamp":"2025-07-17T07:29:35.932113Z","level":"info","event":"inserted 100000 chunks, took 8.697","chan":"stdout","logger":"task"}
{"timestamp":"2025-07-17T07:29:44.732264Z","level":"info","event":"inserted 100000 chunks, took 8.800","chan":"stdout","logger":"task"}
{"timestamp":"2025-07-17T07:29:53.069308Z","level":"info","event":"inserted 100000 chunks, took 8.336","chan":"stdout","logger":"task"}
{"timestamp":"2025-07-17T07:30:00.835940Z","level":"info","event":"inserted 100000 chunks, took 7.768","chan":"stdout","logger":"task"}
{"timestamp":"2025-07-17T07:30:08.753685Z","level":"info","event":"inserted 100000 chunks, took 7.916","chan":"stdout","logger":"task"}
{"timestamp":"2025-07-17T07:30:17.870332Z","level":"info","event":"inserted 100000 chunks, took 9.117","chan":"stdout","logger":"task"}
{"timestamp":"2025-07-17T07:30:27.229472Z","level":"info","event":"inserted 100000 chunks, took 9.356","chan":"stdout","logger":"task"}
{"timestamp":"2025-07-17T07:30:35.970126Z","level":"info","event":"inserted 100000 chunks, took 8.743","chan":"stdout","logger":"task"}
{"timestamp":"2025-07-17T07:30:47.870050Z","level":"info","event":"inserted 100000 chunks, took 11.900","chan":"stdout","logger":"task"}
{"timestamp":"2025-07-17T07:30:58.095840Z","level":"info","event":"inserted 100000 chunks, took 10.183","chan":"stdout","logger":"task"}
{"timestamp":"2025-07-17T07:31:08.863395Z","level":"info","event":"inserted 100000 chunks, took 10.810","chan":"stdout","logger":"task"}
{"timestamp":"2025-07-17T07:31:19.824878Z","level":"info","event":"inserted 100000 chunks, took 10.961","chan":"stdout","logger":"task"}
{"timestamp":"2025-07-17T07:31:28.876409Z","level":"info","event":"inserted 100000 chunks, took 9.049","chan":"stdout","logger":"task"}
{"timestamp":"2025-07-17T07:31:40.165991Z","level":"info","event":"inserted 100000 chunks, took 11.289","chan":"stdout","logger":"task"}
{"timestamp":"2025-07-17T07:31:51.178801Z","level":"info","event":"inserted 100000 chunks, took 11.013","chan":"stdout","logger":"task"}
{"timestamp":"2025-07-17T07:31:59.492831Z","level":"info","event":"inserted 100000 chunks, took 8.314","chan":"stdout","logger":"task"}
{"timestamp":"2025-07-17T07:32:08.937252Z","level":"info","event":"inserted 100000 chunks, took 9.438","chan":"stdout","logger":"task"}
{"timestamp":"2025-07-17T07:32:19.316882Z","level":"info","event":"inserted 100000 chunks, took 10.386","chan":"stdout","logger":"task"}
{"timestamp":"2025-07-17T07:32:29.081303Z","level":"info","event":"inserted 100000 chunks, took 9.763","chan":"stdout","logger":"task"}
{"timestamp":"2025-07-17T07:32:42.738214Z","level":"info","event":"inserted 100000 chunks, took 13.635","chan":"stdout","logger":"task"}
{"timestamp":"2025-07-17T07:32:54.381246Z","level":"info","event":"inserted 100000 chunks, took 11.664","chan":"stdout","logger":"task"}
{"timestamp":"2025-07-17T07:33:04.414714Z","level":"info","event":"inserted 100000 chunks, took 10.032","chan":"stdout","logger":"task"}
{"timestamp":"2025-07-17T07:33:15.853717Z","level":"info","event":"inserted 100000 chunks, took 11.439","chan":"stdout","logger":"task"}
{"timestamp":"2025-07-17T07:33:28.578735Z","level":"info","event":"inserted 100000 chunks, took 12.711","chan":"stdout","logger":"task"}
{"timestamp":"2025-07-17T07:33:42.579786Z","level":"info","event":"inserted 100000 chunks, took 14.010","chan":"stdout","logger":"task"}
{"timestamp":"2025-07-17T07:33:54.821476Z","level":"info","event":"inserted 100000 chunks, took 12.233","chan":"stdout","logger":"task"}
{"timestamp":"2025-07-17T07:34:06.066433Z","level":"info","event":"inserted 100000 chunks, took 11.253","chan":"stdout","logger":"task"}
{"timestamp":"2025-07-17T07:34:14.927735Z","level":"info","event":"inserted 100000 chunks, took 8.856","chan":"stdout","logger":"task"}
{"timestamp":"2025-07-17T07:34:26.700879Z","level":"info","event":"inserted 100000 chunks, took 11.778","chan":"stdout","logger":"task"}
{"timestamp":"2025-07-17T07:34:37.715245Z","level":"info","event":"inserted 100000 chunks, took 11.007","chan":"stdout","logger":"task"}
{"timestamp":"2025-07-17T07:34:47.477465Z","level":"info","event":"inserted 100000 chunks, took 9.766","chan":"stdout","logger":"task"}
{"timestamp":"2025-07-17T07:34:54.311882Z","level":"info","event":"inserted 100000 chunks, took 6.834","chan":"stdout","logger":"task"}
{"timestamp":"2025-07-17T07:34:54.405973","level":"warning","event":"/opt/airflow/dags/ingest_data.py:32: DtypeWarning: Columns (6) have mixed types. Specify dtype option on import or set low_memory=False.\n  df = next(df_iter)\n","logger":"py.warnings"}
{"timestamp":"2025-07-17T07:34:58.691454Z","level":"info","event":"inserted 100000 chunks, took 4.381","chan":"stdout","logger":"task"}
{"timestamp":"2025-07-17T07:34:58.724929","level":"info","event":"Done. Returned value was: None","logger":"airflow.task.operators.airflow.providers.standard.operators.python.PythonOperator"}
