{"timestamp":"2025-07-13T16:41:38.334073","level":"info","event":"DAG bundles loaded: dags-folder","logger":"airflow.dag_processing.bundles.manager.DagBundlesManager"}
{"timestamp":"2025-07-13T16:41:38.335150","level":"info","event":"Filling up the DagBag from /opt/airflow/dags/data_ingestion_gcs_dag.py","logger":"airflow.models.dagbag.DagBag"}
{"timestamp":"2025-07-13T16:41:42.958947","level":"info","event":"Tmp dir root location: /tmp","logger":"airflow.task.hooks.airflow.providers.standard.hooks.subprocess.SubprocessHook"}
{"timestamp":"2025-07-13T16:41:42.961343","level":"info","event":"Running command: ['/usr/bin/bash', '-c', 'wget https://github.com/DataTalksClub/nyc-tlc-data/releases/download/fhv/fhv_tripdata_{yymm}.csv.gz -O /opt/airflow/fhv_tripdata_{yymm}.csv.gz && gunzip /opt/airflow/fhv_tripdata_{yymm}.csv.gz']","logger":"airflow.task.hooks.airflow.providers.standard.hooks.subprocess.SubprocessHook"}
{"timestamp":"2025-07-13T16:41:42.992445","level":"info","event":"Output:","logger":"airflow.task.hooks.airflow.providers.standard.hooks.subprocess.SubprocessHook"}
{"timestamp":"2025-07-13T16:41:42.997016","level":"info","event":"--2025-07-13 16:41:42--  https://github.com/DataTalksClub/nyc-tlc-data/releases/download/fhv/fhv_tripdata_%7Byymm%7D.csv.gz","logger":"airflow.task.hooks.airflow.providers.standard.hooks.subprocess.SubprocessHook"}
{"timestamp":"2025-07-13T16:41:43.026744","level":"info","event":"Resolving github.com (github.com)... 20.205.243.166","logger":"airflow.task.hooks.airflow.providers.standard.hooks.subprocess.SubprocessHook"}
{"timestamp":"2025-07-13T16:41:43.038356","level":"info","event":"Connecting to github.com (github.com)|20.205.243.166|:443... connected.","logger":"airflow.task.hooks.airflow.providers.standard.hooks.subprocess.SubprocessHook"}
{"timestamp":"2025-07-13T16:41:43.288565","level":"info","event":"HTTP request sent, awaiting response... 404 Not Found","logger":"airflow.task.hooks.airflow.providers.standard.hooks.subprocess.SubprocessHook"}
{"timestamp":"2025-07-13T16:41:43.288925","level":"info","event":"2025-07-13 16:41:43 ERROR 404: Not Found.","logger":"airflow.task.hooks.airflow.providers.standard.hooks.subprocess.SubprocessHook"}
{"timestamp":"2025-07-13T16:41:43.289042","level":"info","event":"","logger":"airflow.task.hooks.airflow.providers.standard.hooks.subprocess.SubprocessHook"}
{"timestamp":"2025-07-13T16:41:43.290128","level":"info","event":"Command exited with return code 8","logger":"airflow.task.hooks.airflow.providers.standard.hooks.subprocess.SubprocessHook"}
{"timestamp":"2025-07-13T16:41:43.291701","level":"error","event":"Task failed with exception","logger":"task","error_detail":[{"exc_type":"AirflowException","exc_value":"Bash command failed. The command returned a non-zero exit code 8.","exc_notes":[],"syntax_error":null,"is_cause":false,"frames":[{"filename":"/home/airflow/.local/lib/python3.12/site-packages/airflow/sdk/execution_time/task_runner.py","lineno":867,"name":"run"},{"filename":"/home/airflow/.local/lib/python3.12/site-packages/airflow/sdk/execution_time/task_runner.py","lineno":1159,"name":"_execute_task"},{"filename":"/home/airflow/.local/lib/python3.12/site-packages/airflow/sdk/bases/operator.py","lineno":397,"name":"wrapper"},{"filename":"/home/airflow/.local/lib/python3.12/site-packages/airflow/providers/standard/operators/bash.py","lineno":233,"name":"execute"}],"is_group":false,"exceptions":[]}]}
{"timestamp":"2025-07-13T16:48:58.223578","level":"info","event":"DAG bundles loaded: dags-folder","logger":"airflow.dag_processing.bundles.manager.DagBundlesManager"}
{"timestamp":"2025-07-13T16:48:58.228045","level":"info","event":"Filling up the DagBag from /opt/airflow/dags/data_ingestion_gcs_dag.py","logger":"airflow.models.dagbag.DagBag"}
{"timestamp":"2025-07-13T16:49:08.263589","level":"info","event":"Tmp dir root location: /tmp","logger":"airflow.task.hooks.airflow.providers.standard.hooks.subprocess.SubprocessHook"}
{"timestamp":"2025-07-13T16:49:08.286736","level":"info","event":"Running command: ['/usr/bin/bash', '-c', 'echo https://github.com/DataTalksClub/nyc-tlc-data/releases/download/fhv/fhv_tripdata_2019-04.csv.gz && wget https://github.com/DataTalksClub/nyc-tlc-data/releases/download/fhv/fhv_tripdata_2019-04.csv.gz -O /opt/airflow/fhv_tripdata_2019-04.csv.gz && gunzip /opt/airflow/fhv_tripdata_2019-04.csv.gz']","logger":"airflow.task.hooks.airflow.providers.standard.hooks.subprocess.SubprocessHook"}
{"timestamp":"2025-07-13T16:49:08.503551","level":"info","event":"Output:","logger":"airflow.task.hooks.airflow.providers.standard.hooks.subprocess.SubprocessHook"}
{"timestamp":"2025-07-13T16:49:08.515372","level":"info","event":"https://github.com/DataTalksClub/nyc-tlc-data/releases/download/fhv/fhv_tripdata_2019-04.csv.gz","logger":"airflow.task.hooks.airflow.providers.standard.hooks.subprocess.SubprocessHook"}
{"timestamp":"2025-07-13T16:49:08.602692","level":"info","event":"--2025-07-13 16:49:08--  https://github.com/DataTalksClub/nyc-tlc-data/releases/download/fhv/fhv_tripdata_2019-04.csv.gz","logger":"airflow.task.hooks.airflow.providers.standard.hooks.subprocess.SubprocessHook"}
{"timestamp":"2025-07-13T16:49:08.798113","level":"info","event":"Resolving github.com (github.com)... 20.205.243.166","logger":"airflow.task.hooks.airflow.providers.standard.hooks.subprocess.SubprocessHook"}
{"timestamp":"2025-07-13T16:49:08.851610","level":"info","event":"Connecting to github.com (github.com)|20.205.243.166|:443... connected.","logger":"airflow.task.hooks.airflow.providers.standard.hooks.subprocess.SubprocessHook"}
{"timestamp":"2025-07-13T16:49:09.269662","level":"info","event":"HTTP request sent, awaiting response... 302 Found","logger":"airflow.task.hooks.airflow.providers.standard.hooks.subprocess.SubprocessHook"}
{"timestamp":"2025-07-13T16:49:09.270232","level":"info","event":"Location: https://objects.githubusercontent.com/github-production-release-asset-2e65be/513814948/ac6d4fa7-40ad-46ab-9f79-56f3b7615f6f?X-Amz-Algorithm=AWS4-HMAC-SHA256&X-Amz-Credential=releaseassetproduction%2F20250713%2Fus-east-1%2Fs3%2Faws4_request&X-Amz-Date=20250713T164909Z&X-Amz-Expires=1800&X-Amz-Signature=4decc6e21f54ab228ca7384bd6685d38cca70bf4fae609c9709caf13a296c3c0&X-Amz-SignedHeaders=host&response-content-disposition=attachment%3B%20filename%3Dfhv_tripdata_2019-04.csv.gz&response-content-type=application%2Foctet-stream [following]","logger":"airflow.task.hooks.airflow.providers.standard.hooks.subprocess.SubprocessHook"}
{"timestamp":"2025-07-13T16:49:09.270419","level":"info","event":"--2025-07-13 16:49:09--  https://objects.githubusercontent.com/github-production-release-asset-2e65be/513814948/ac6d4fa7-40ad-46ab-9f79-56f3b7615f6f?X-Amz-Algorithm=AWS4-HMAC-SHA256&X-Amz-Credential=releaseassetproduction%2F20250713%2Fus-east-1%2Fs3%2Faws4_request&X-Amz-Date=20250713T164909Z&X-Amz-Expires=1800&X-Amz-Signature=4decc6e21f54ab228ca7384bd6685d38cca70bf4fae609c9709caf13a296c3c0&X-Amz-SignedHeaders=host&response-content-disposition=attachment%3B%20filename%3Dfhv_tripdata_2019-04.csv.gz&response-content-type=application%2Foctet-stream","logger":"airflow.task.hooks.airflow.providers.standard.hooks.subprocess.SubprocessHook"}
{"timestamp":"2025-07-13T16:49:09.302372","level":"info","event":"Resolving objects.githubusercontent.com (objects.githubusercontent.com)... 185.199.110.133, 185.199.109.133, 185.199.108.133, ...","logger":"airflow.task.hooks.airflow.providers.standard.hooks.subprocess.SubprocessHook"}
{"timestamp":"2025-07-13T16:49:09.314324","level":"info","event":"Connecting to objects.githubusercontent.com (objects.githubusercontent.com)|185.199.110.133|:443... connected.","logger":"airflow.task.hooks.airflow.providers.standard.hooks.subprocess.SubprocessHook"}
{"timestamp":"2025-07-13T16:49:10.341153","level":"info","event":"HTTP request sent, awaiting response... 200 OK","logger":"airflow.task.hooks.airflow.providers.standard.hooks.subprocess.SubprocessHook"}
{"timestamp":"2025-07-13T16:49:10.342472","level":"info","event":"Length: 17196113 (16M) [application/octet-stream]","logger":"airflow.task.hooks.airflow.providers.standard.hooks.subprocess.SubprocessHook"}
{"timestamp":"2025-07-13T16:49:10.353076","level":"info","event":"Saving to: ‘/opt/airflow/fhv_tripdata_2019-04.csv.gz’","logger":"airflow.task.hooks.airflow.providers.standard.hooks.subprocess.SubprocessHook"}
{"timestamp":"2025-07-13T16:49:10.353403","level":"info","event":"","logger":"airflow.task.hooks.airflow.providers.standard.hooks.subprocess.SubprocessHook"}
{"timestamp":"2025-07-13T16:49:10.355413","level":"info","event":"     0K .......... .......... .......... .......... ..........  0% 2.60M 6s","logger":"airflow.task.hooks.airflow.providers.standard.hooks.subprocess.SubprocessHook"}
{"timestamp":"2025-07-13T16:49:10.365563","level":"info","event":"    50K .......... .......... .......... .......... ..........  0% 2.26M 7s","logger":"airflow.task.hooks.airflow.providers.standard.hooks.subprocess.SubprocessHook"}
{"timestamp":"2025-07-13T16:49:10.375201","level":"info","event":"   100K .......... .......... .......... .......... ..........  0% 5.84M 5s","logger":"airflow.task.hooks.airflow.providers.standard.hooks.subprocess.SubprocessHook"}
{"timestamp":"2025-07-13T16:49:10.400479","level":"info","event":"   150K .......... .......... .......... .......... ..........  1% 1.92M 6s","logger":"airflow.task.hooks.airflow.providers.standard.hooks.subprocess.SubprocessHook"}
{"timestamp":"2025-07-13T16:49:10.401125","level":"info","event":"   200K .......... .......... .......... .......... ..........  1% 25.8M 5s","logger":"airflow.task.hooks.airflow.providers.standard.hooks.subprocess.SubprocessHook"}
{"timestamp":"2025-07-13T16:49:10.408814","level":"info","event":"   250K .......... .......... .......... .......... ..........  1% 6.47M 5s","logger":"airflow.task.hooks.airflow.providers.standard.hooks.subprocess.SubprocessHook"}
{"timestamp":"2025-07-13T16:49:10.426108","level":"info","event":"   300K .......... .......... .......... .......... ..........  2% 3.06M 5s","logger":"airflow.task.hooks.airflow.providers.standard.hooks.subprocess.SubprocessHook"}
{"timestamp":"2025-07-13T16:49:10.450684","level":"info","event":"   350K .......... .......... .......... .......... ..........  2% 1.89M 5s","logger":"airflow.task.hooks.airflow.providers.standard.hooks.subprocess.SubprocessHook"}
{"timestamp":"2025-07-13T16:49:10.454157","level":"info","event":"   400K .......... .......... .......... .......... ..........  2% 29.4M 5s","logger":"airflow.task.hooks.airflow.providers.standard.hooks.subprocess.SubprocessHook"}
{"timestamp":"2025-07-13T16:49:10.587321","level":"info","event":"   450K .......... .......... .......... .......... ..........  2%  370K 9s","logger":"airflow.task.hooks.airflow.providers.standard.hooks.subprocess.SubprocessHook"}
{"timestamp":"2025-07-13T16:49:10.587687","level":"info","event":"   500K .......... .......... .......... .......... ..........  3% 82.9M 8s","logger":"airflow.task.hooks.airflow.providers.standard.hooks.subprocess.SubprocessHook"}
{"timestamp":"2025-07-13T16:49:10.600452","level":"info","event":"   550K .......... .......... .......... .......... ..........  3% 4.08M 7s","logger":"airflow.task.hooks.airflow.providers.standard.hooks.subprocess.SubprocessHook"}
{"timestamp":"2025-07-13T16:49:10.600603","level":"info","event":"   600K .......... .......... .......... .......... ..........  3%  193M 7s","logger":"airflow.task.hooks.airflow.providers.standard.hooks.subprocess.SubprocessHook"}
{"timestamp":"2025-07-13T16:49:10.600679","level":"info","event":"   650K .......... .......... .......... .......... ..........  4%  219M 6s","logger":"airflow.task.hooks.airflow.providers.standard.hooks.subprocess.SubprocessHook"}
{"timestamp":"2025-07-13T16:49:10.600780","level":"info","event":"   700K .......... .......... .......... .......... ..........  4%  228M 6s","logger":"airflow.task.hooks.airflow.providers.standard.hooks.subprocess.SubprocessHook"}
{"timestamp":"2025-07-13T16:49:10.601369","level":"info","event":"   750K .......... .......... .......... .......... ..........  4% 49.4M 6s","logger":"airflow.task.hooks.airflow.providers.standard.hooks.subprocess.SubprocessHook"}
{"timestamp":"2025-07-13T16:49:10.601783","level":"info","event":"   800K .......... .......... .......... .......... ..........  5%  109M 5s","logger":"airflow.task.hooks.airflow.providers.standard.hooks.subprocess.SubprocessHook"}
{"timestamp":"2025-07-13T16:49:10.602163","level":"info","event":"   850K .......... .......... .......... .......... ..........  5%  126M 5s","logger":"airflow.task.hooks.airflow.providers.standard.hooks.subprocess.SubprocessHook"}
{"timestamp":"2025-07-13T16:49:10.602949","level":"info","event":"   900K .......... .......... .......... .......... ..........  5%  102M 5s","logger":"airflow.task.hooks.airflow.providers.standard.hooks.subprocess.SubprocessHook"}
{"timestamp":"2025-07-13T16:49:10.612393","level":"info","event":"   950K .......... .......... .......... .......... ..........  5% 5.17M 5s","logger":"airflow.task.hooks.airflow.providers.standard.hooks.subprocess.SubprocessHook"}
{"timestamp":"2025-07-13T16:49:10.613193","level":"info","event":"  1000K .......... .......... .......... .......... ..........  6%  246M 4s","logger":"airflow.task.hooks.airflow.providers.standard.hooks.subprocess.SubprocessHook"}
{"timestamp":"2025-07-13T16:49:10.660422","level":"info","event":"  1050K .......... .......... .......... .......... ..........  6% 1.02M 5s","logger":"airflow.task.hooks.airflow.providers.standard.hooks.subprocess.SubprocessHook"}
{"timestamp":"2025-07-13T16:49:10.663155","level":"info","event":"  1100K .......... .......... .......... .......... ..........  6% 43.4M 5s","logger":"airflow.task.hooks.airflow.providers.standard.hooks.subprocess.SubprocessHook"}
{"timestamp":"2025-07-13T16:49:10.663376","level":"info","event":"  1150K .......... .......... .......... .......... ..........  7%  142M 4s","logger":"airflow.task.hooks.airflow.providers.standard.hooks.subprocess.SubprocessHook"}
{"timestamp":"2025-07-13T16:49:10.663459","level":"info","event":"  1200K .......... .......... .......... .......... ..........  7% 96.5M 4s","logger":"airflow.task.hooks.airflow.providers.standard.hooks.subprocess.SubprocessHook"}
{"timestamp":"2025-07-13T16:49:10.663526","level":"info","event":"  1250K .......... .......... .......... .......... ..........  7%  150M 4s","logger":"airflow.task.hooks.airflow.providers.standard.hooks.subprocess.SubprocessHook"}
{"timestamp":"2025-07-13T16:49:10.664366","level":"info","event":"  1300K .......... .......... .......... .......... ..........  8% 24.6M 4s","logger":"airflow.task.hooks.airflow.providers.standard.hooks.subprocess.SubprocessHook"}
{"timestamp":"2025-07-13T16:49:10.668010","level":"info","event":"  1350K .......... .......... .......... .......... ..........  8% 16.2M 4s","logger":"airflow.task.hooks.airflow.providers.standard.hooks.subprocess.SubprocessHook"}
{"timestamp":"2025-07-13T16:49:10.668124","level":"info","event":"  1400K .......... .......... .......... .......... ..........  8%  191M 4s","logger":"airflow.task.hooks.airflow.providers.standard.hooks.subprocess.SubprocessHook"}
{"timestamp":"2025-07-13T16:49:10.668193","level":"info","event":"  1450K .......... .......... .......... .......... ..........  8%  230M 3s","logger":"airflow.task.hooks.airflow.providers.standard.hooks.subprocess.SubprocessHook"}
{"timestamp":"2025-07-13T16:49:10.668220","level":"info","event":"  1500K .......... .......... .......... .......... ..........  9% 93.3M 3s","logger":"airflow.task.hooks.airflow.providers.standard.hooks.subprocess.SubprocessHook"}
{"timestamp":"2025-07-13T16:49:10.669362","level":"info","event":"  1550K .......... .......... .......... .......... ..........  9%  101M 3s","logger":"airflow.task.hooks.airflow.providers.standard.hooks.subprocess.SubprocessHook"}
{"timestamp":"2025-07-13T16:49:10.669448","level":"info","event":"  1600K .......... .......... .......... .......... ..........  9%  134M 3s","logger":"airflow.task.hooks.airflow.providers.standard.hooks.subprocess.SubprocessHook"}
{"timestamp":"2025-07-13T16:49:10.669797","level":"info","event":"  1650K .......... .......... .......... .......... .......... 10% 66.0M 3s","logger":"airflow.task.hooks.airflow.providers.standard.hooks.subprocess.SubprocessHook"}
{"timestamp":"2025-07-13T16:49:10.670439","level":"info","event":"  1700K .......... .......... .......... .......... .......... 10% 79.6M 3s","logger":"airflow.task.hooks.airflow.providers.standard.hooks.subprocess.SubprocessHook"}
{"timestamp":"2025-07-13T16:49:10.670856","level":"info","event":"  1750K .......... .......... .......... .......... .......... 10%  106M 3s","logger":"airflow.task.hooks.airflow.providers.standard.hooks.subprocess.SubprocessHook"}
{"timestamp":"2025-07-13T16:49:10.678103","level":"info","event":"  1800K .......... .......... .......... .......... .......... 11% 19.2M 3s","logger":"airflow.task.hooks.airflow.providers.standard.hooks.subprocess.SubprocessHook"}
{"timestamp":"2025-07-13T16:49:10.678575","level":"info","event":"  1850K .......... .......... .......... .......... .......... 11% 45.0M 3s","logger":"airflow.task.hooks.airflow.providers.standard.hooks.subprocess.SubprocessHook"}
{"timestamp":"2025-07-13T16:49:10.678911","level":"info","event":"  1900K .......... .......... .......... .......... .......... 11% 36.7M 3s","logger":"airflow.task.hooks.airflow.providers.standard.hooks.subprocess.SubprocessHook"}
{"timestamp":"2025-07-13T16:49:10.680707","level":"info","event":"  1950K .......... .......... .......... .......... .......... 11% 10.4M 3s","logger":"airflow.task.hooks.airflow.providers.standard.hooks.subprocess.SubprocessHook"}
{"timestamp":"2025-07-13T16:49:10.682413","level":"info","event":"  2000K .......... .......... .......... .......... .......... 12% 35.6M 3s","logger":"airflow.task.hooks.airflow.providers.standard.hooks.subprocess.SubprocessHook"}
{"timestamp":"2025-07-13T16:49:10.684706","level":"info","event":"  2050K .......... .......... .......... .......... .......... 12% 31.4M 3s","logger":"airflow.task.hooks.airflow.providers.standard.hooks.subprocess.SubprocessHook"}
{"timestamp":"2025-07-13T16:49:10.685823","level":"info","event":"  2100K .......... .......... .......... .......... .......... 12% 24.1M 2s","logger":"airflow.task.hooks.airflow.providers.standard.hooks.subprocess.SubprocessHook"}
{"timestamp":"2025-07-13T16:49:10.691141","level":"info","event":"  2150K .......... .......... .......... .......... .......... 13% 8.81M 2s","logger":"airflow.task.hooks.airflow.providers.standard.hooks.subprocess.SubprocessHook"}
{"timestamp":"2025-07-13T16:49:10.692818","level":"info","event":"  2200K .......... .......... .......... .......... .......... 13% 28.1M 2s","logger":"airflow.task.hooks.airflow.providers.standard.hooks.subprocess.SubprocessHook"}
{"timestamp":"2025-07-13T16:49:10.693935","level":"info","event":"  2250K .......... .......... .......... .......... .......... 13% 59.7M 2s","logger":"airflow.task.hooks.airflow.providers.standard.hooks.subprocess.SubprocessHook"}
{"timestamp":"2025-07-13T16:49:10.694031","level":"info","event":"  2300K .......... .......... .......... .......... .......... 13%  167M 2s","logger":"airflow.task.hooks.airflow.providers.standard.hooks.subprocess.SubprocessHook"}
{"timestamp":"2025-07-13T16:49:10.701100","level":"info","event":"  2350K .......... .......... .......... .......... .......... 14% 15.6M 2s","logger":"airflow.task.hooks.airflow.providers.standard.hooks.subprocess.SubprocessHook"}
{"timestamp":"2025-07-13T16:49:10.704463","level":"info","event":"  2400K .......... .......... .......... .......... .......... 14% 7.20M 2s","logger":"airflow.task.hooks.airflow.providers.standard.hooks.subprocess.SubprocessHook"}
{"timestamp":"2025-07-13T16:49:10.728990","level":"info","event":"  2450K .......... .......... .......... .......... .......... 14% 2.41M 2s","logger":"airflow.task.hooks.airflow.providers.standard.hooks.subprocess.SubprocessHook"}
{"timestamp":"2025-07-13T16:49:10.733617","level":"info","event":"  2500K .......... .......... .......... .......... .......... 15% 28.0M 2s","logger":"airflow.task.hooks.airflow.providers.standard.hooks.subprocess.SubprocessHook"}
{"timestamp":"2025-07-13T16:49:10.733859","level":"info","event":"  2550K .......... .......... .......... .......... .......... 15%  107M 2s","logger":"airflow.task.hooks.airflow.providers.standard.hooks.subprocess.SubprocessHook"}
{"timestamp":"2025-07-13T16:49:10.741816","level":"info","event":"  2600K .......... .......... .......... .......... .......... 15% 3.32M 2s","logger":"airflow.task.hooks.airflow.providers.standard.hooks.subprocess.SubprocessHook"}
{"timestamp":"2025-07-13T16:49:10.741942","level":"info","event":"  2650K .......... .......... .......... .......... .......... 16% 70.0M 2s","logger":"airflow.task.hooks.airflow.providers.standard.hooks.subprocess.SubprocessHook"}
{"timestamp":"2025-07-13T16:49:10.747956","level":"info","event":"  2700K .......... .......... .......... .......... .......... 16% 27.5M 2s","logger":"airflow.task.hooks.airflow.providers.standard.hooks.subprocess.SubprocessHook"}
{"timestamp":"2025-07-13T16:49:10.748132","level":"info","event":"  2750K .......... .......... .......... .......... .......... 16% 11.8M 2s","logger":"airflow.task.hooks.airflow.providers.standard.hooks.subprocess.SubprocessHook"}
{"timestamp":"2025-07-13T16:49:10.770555","level":"info","event":"  2800K .......... .......... .......... .......... .......... 16% 19.3M 2s","logger":"airflow.task.hooks.airflow.providers.standard.hooks.subprocess.SubprocessHook"}
{"timestamp":"2025-07-13T16:49:10.779115","level":"info","event":"  2850K .......... .......... .......... .......... .......... 17% 42.2M 2s","logger":"airflow.task.hooks.airflow.providers.standard.hooks.subprocess.SubprocessHook"}
{"timestamp":"2025-07-13T16:49:10.792400","level":"info","event":"  2900K .......... .......... .......... .......... .......... 17% 1.19M 2s","logger":"airflow.task.hooks.airflow.providers.standard.hooks.subprocess.SubprocessHook"}
{"timestamp":"2025-07-13T16:49:10.803910","level":"info","event":"  2950K .......... .......... .......... .......... .......... 17% 4.20M 2s","logger":"airflow.task.hooks.airflow.providers.standard.hooks.subprocess.SubprocessHook"}
{"timestamp":"2025-07-13T16:49:10.807627","level":"info","event":"  3000K .......... .......... .......... .......... .......... 18% 43.4M 2s","logger":"airflow.task.hooks.airflow.providers.standard.hooks.subprocess.SubprocessHook"}
{"timestamp":"2025-07-13T16:49:10.819137","level":"info","event":"  3050K .......... .......... .......... .......... .......... 18% 4.08M 2s","logger":"airflow.task.hooks.airflow.providers.standard.hooks.subprocess.SubprocessHook"}
{"timestamp":"2025-07-13T16:49:10.826786","level":"info","event":"  3100K .......... .......... .......... .......... .......... 18% 5.43M 2s","logger":"airflow.task.hooks.airflow.providers.standard.hooks.subprocess.SubprocessHook"}
{"timestamp":"2025-07-13T16:49:10.828502","level":"info","event":"  3150K .......... .......... .......... .......... .......... 19% 21.0M 2s","logger":"airflow.task.hooks.airflow.providers.standard.hooks.subprocess.SubprocessHook"}
{"timestamp":"2025-07-13T16:49:10.829833","level":"info","event":"  3200K .......... .......... .......... .......... .......... 19% 39.5M 2s","logger":"airflow.task.hooks.airflow.providers.standard.hooks.subprocess.SubprocessHook"}
{"timestamp":"2025-07-13T16:49:10.830470","level":"info","event":"  3250K .......... .......... .......... .......... .......... 19% 51.5M 2s","logger":"airflow.task.hooks.airflow.providers.standard.hooks.subprocess.SubprocessHook"}
{"timestamp":"2025-07-13T16:49:10.848854","level":"info","event":"  3300K .......... .......... .......... .......... .......... 19% 2.67M 2s","logger":"airflow.task.hooks.airflow.providers.standard.hooks.subprocess.SubprocessHook"}
{"timestamp":"2025-07-13T16:49:10.857930","level":"info","event":"  3350K .......... .......... .......... .......... .......... 20% 51.0M 2s","logger":"airflow.task.hooks.airflow.providers.standard.hooks.subprocess.SubprocessHook"}
{"timestamp":"2025-07-13T16:49:10.858732","level":"info","event":"  3400K .......... .......... .......... .......... .......... 20% 5.40M 2s","logger":"airflow.task.hooks.airflow.providers.standard.hooks.subprocess.SubprocessHook"}
{"timestamp":"2025-07-13T16:49:10.862107","level":"info","event":"  3450K .......... .......... .......... .......... .......... 20%  116M 2s","logger":"airflow.task.hooks.airflow.providers.standard.hooks.subprocess.SubprocessHook"}
{"timestamp":"2025-07-13T16:49:10.862223","level":"info","event":"  3500K .......... .......... .......... .......... .......... 21%  203M 2s","logger":"airflow.task.hooks.airflow.providers.standard.hooks.subprocess.SubprocessHook"}
{"timestamp":"2025-07-13T16:49:10.866694","level":"info","event":"  3550K .......... .......... .......... .......... .......... 21% 6.75M 2s","logger":"airflow.task.hooks.airflow.providers.standard.hooks.subprocess.SubprocessHook"}
{"timestamp":"2025-07-13T16:49:10.867234","level":"info","event":"  3600K .......... .......... .......... .......... .......... 21% 77.0M 2s","logger":"airflow.task.hooks.airflow.providers.standard.hooks.subprocess.SubprocessHook"}
{"timestamp":"2025-07-13T16:49:10.868275","level":"info","event":"  3650K .......... .......... .......... .......... .......... 22% 53.4M 2s","logger":"airflow.task.hooks.airflow.providers.standard.hooks.subprocess.SubprocessHook"}
{"timestamp":"2025-07-13T16:49:10.870070","level":"info","event":"  3700K .......... .......... .......... .......... .......... 22% 26.7M 2s","logger":"airflow.task.hooks.airflow.providers.standard.hooks.subprocess.SubprocessHook"}
{"timestamp":"2025-07-13T16:49:10.870557","level":"info","event":"  3750K .......... .......... .......... .......... .......... 22% 83.2M 2s","logger":"airflow.task.hooks.airflow.providers.standard.hooks.subprocess.SubprocessHook"}
{"timestamp":"2025-07-13T16:49:10.871011","level":"info","event":"  3800K .......... .......... .......... .......... .......... 22%  107M 2s","logger":"airflow.task.hooks.airflow.providers.standard.hooks.subprocess.SubprocessHook"}
{"timestamp":"2025-07-13T16:49:10.888745","level":"info","event":"  3850K .......... .......... .......... .......... .......... 23% 2.86M 2s","logger":"airflow.task.hooks.airflow.providers.standard.hooks.subprocess.SubprocessHook"}
{"timestamp":"2025-07-13T16:49:10.889464","level":"info","event":"  3900K .......... .......... .......... .......... .......... 23% 37.2M 2s","logger":"airflow.task.hooks.airflow.providers.standard.hooks.subprocess.SubprocessHook"}
{"timestamp":"2025-07-13T16:49:10.891420","level":"info","event":"  3950K .......... .......... .......... .......... .......... 23% 78.3M 2s","logger":"airflow.task.hooks.airflow.providers.standard.hooks.subprocess.SubprocessHook"}
{"timestamp":"2025-07-13T16:49:10.891521","level":"info","event":"  4000K .......... .......... .......... .......... .......... 24% 41.8M 2s","logger":"airflow.task.hooks.airflow.providers.standard.hooks.subprocess.SubprocessHook"}
{"timestamp":"2025-07-13T16:49:10.893186","level":"info","event":"  4050K .......... .......... .......... .......... .......... 24% 40.1M 2s","logger":"airflow.task.hooks.airflow.providers.standard.hooks.subprocess.SubprocessHook"}
{"timestamp":"2025-07-13T16:49:10.894025","level":"info","event":"  4100K .......... .......... .......... .......... .......... 24% 34.6M 2s","logger":"airflow.task.hooks.airflow.providers.standard.hooks.subprocess.SubprocessHook"}
{"timestamp":"2025-07-13T16:49:10.894510","level":"info","event":"  4150K .......... .......... .......... .......... .......... 25% 87.1M 2s","logger":"airflow.task.hooks.airflow.providers.standard.hooks.subprocess.SubprocessHook"}
{"timestamp":"2025-07-13T16:49:10.896398","level":"info","event":"  4200K .......... .......... .......... .......... .......... 25%  114M 2s","logger":"airflow.task.hooks.airflow.providers.standard.hooks.subprocess.SubprocessHook"}
{"timestamp":"2025-07-13T16:49:10.896689","level":"info","event":"  4250K .......... .......... .......... .......... .......... 25% 71.6M 2s","logger":"airflow.task.hooks.airflow.providers.standard.hooks.subprocess.SubprocessHook"}
{"timestamp":"2025-07-13T16:49:10.896857","level":"info","event":"  4300K .......... .......... .......... .......... .......... 25%  142M 2s","logger":"airflow.task.hooks.airflow.providers.standard.hooks.subprocess.SubprocessHook"}
{"timestamp":"2025-07-13T16:49:10.897031","level":"info","event":"  4350K .......... .......... .......... .......... .......... 26% 43.5M 2s","logger":"airflow.task.hooks.airflow.providers.standard.hooks.subprocess.SubprocessHook"}
{"timestamp":"2025-07-13T16:49:10.897814","level":"info","event":"  4400K .......... .......... .......... .......... .......... 26% 61.2M 2s","logger":"airflow.task.hooks.airflow.providers.standard.hooks.subprocess.SubprocessHook"}
{"timestamp":"2025-07-13T16:49:10.898409","level":"info","event":"  4450K .......... .......... .......... .......... .......... 26% 81.9M 2s","logger":"airflow.task.hooks.airflow.providers.standard.hooks.subprocess.SubprocessHook"}
{"timestamp":"2025-07-13T16:49:10.898918","level":"info","event":"  4500K .......... .......... .......... .......... .......... 27% 95.1M 2s","logger":"airflow.task.hooks.airflow.providers.standard.hooks.subprocess.SubprocessHook"}
{"timestamp":"2025-07-13T16:49:10.900412","level":"info","event":"  4550K .......... .......... .......... .......... .......... 27% 34.0M 2s","logger":"airflow.task.hooks.airflow.providers.standard.hooks.subprocess.SubprocessHook"}
{"timestamp":"2025-07-13T16:49:10.901346","level":"info","event":"  4600K .......... .......... .......... .......... .......... 27%  123M 2s","logger":"airflow.task.hooks.airflow.providers.standard.hooks.subprocess.SubprocessHook"}
{"timestamp":"2025-07-13T16:49:10.901393","level":"info","event":"  4650K .......... .......... .......... .......... .......... 27%  250M 1s","logger":"airflow.task.hooks.airflow.providers.standard.hooks.subprocess.SubprocessHook"}
{"timestamp":"2025-07-13T16:49:10.901433","level":"info","event":"  4700K .......... .......... .......... .......... .......... 28%  265M 1s","logger":"airflow.task.hooks.airflow.providers.standard.hooks.subprocess.SubprocessHook"}
{"timestamp":"2025-07-13T16:49:10.901509","level":"info","event":"  4750K .......... .......... .......... .......... .......... 28%  117M 1s","logger":"airflow.task.hooks.airflow.providers.standard.hooks.subprocess.SubprocessHook"}
{"timestamp":"2025-07-13T16:49:10.975740","level":"info","event":"  4800K .......... .......... .......... .......... .......... 28%  676K 2s","logger":"airflow.task.hooks.airflow.providers.standard.hooks.subprocess.SubprocessHook"}
{"timestamp":"2025-07-13T16:49:11.060134","level":"info","event":"  4850K .......... .......... .......... .......... .......... 29%  600K 2s","logger":"airflow.task.hooks.airflow.providers.standard.hooks.subprocess.SubprocessHook"}
{"timestamp":"2025-07-13T16:49:11.073496","level":"info","event":"  4900K .......... .......... .......... .......... .......... 29% 3.69M 2s","logger":"airflow.task.hooks.airflow.providers.standard.hooks.subprocess.SubprocessHook"}
{"timestamp":"2025-07-13T16:49:11.074241","level":"info","event":"  4950K .......... .......... .......... .......... .......... 29% 22.9M 2s","logger":"airflow.task.hooks.airflow.providers.standard.hooks.subprocess.SubprocessHook"}
{"timestamp":"2025-07-13T16:49:11.075197","level":"info","event":"  5000K .......... .......... .......... .......... .......... 30% 50.8M 2s","logger":"airflow.task.hooks.airflow.providers.standard.hooks.subprocess.SubprocessHook"}
{"timestamp":"2025-07-13T16:49:11.077398","level":"info","event":"  5050K .......... .......... .......... .......... .......... 30%  112M 2s","logger":"airflow.task.hooks.airflow.providers.standard.hooks.subprocess.SubprocessHook"}
{"timestamp":"2025-07-13T16:49:11.077968","level":"info","event":"  5100K .......... .......... .......... .......... .......... 30%  226M 2s","logger":"airflow.task.hooks.airflow.providers.standard.hooks.subprocess.SubprocessHook"}
{"timestamp":"2025-07-13T16:49:11.078029","level":"info","event":"  5150K .......... .......... .......... .......... .......... 30%  134M 2s","logger":"airflow.task.hooks.airflow.providers.standard.hooks.subprocess.SubprocessHook"}
{"timestamp":"2025-07-13T16:49:11.078469","level":"info","event":"  5200K .......... .......... .......... .......... .......... 31%  241M 2s","logger":"airflow.task.hooks.airflow.providers.standard.hooks.subprocess.SubprocessHook"}
{"timestamp":"2025-07-13T16:49:11.079022","level":"info","event":"  5250K .......... .......... .......... .......... .......... 31%  208M 2s","logger":"airflow.task.hooks.airflow.providers.standard.hooks.subprocess.SubprocessHook"}
{"timestamp":"2025-07-13T16:49:11.079253","level":"info","event":"  5300K .......... .......... .......... .......... .......... 31%  195M 2s","logger":"airflow.task.hooks.airflow.providers.standard.hooks.subprocess.SubprocessHook"}
{"timestamp":"2025-07-13T16:49:11.079374","level":"info","event":"  5350K .......... .......... .......... .......... .......... 32%  183M 2s","logger":"airflow.task.hooks.airflow.providers.standard.hooks.subprocess.SubprocessHook"}
{"timestamp":"2025-07-13T16:49:11.083030","level":"info","event":"  5400K .......... .......... .......... .......... .......... 32%  221M 2s","logger":"airflow.task.hooks.airflow.providers.standard.hooks.subprocess.SubprocessHook"}
{"timestamp":"2025-07-13T16:49:11.083156","level":"info","event":"  5450K .......... .......... .......... .......... .......... 32% 18.0M 2s","logger":"airflow.task.hooks.airflow.providers.standard.hooks.subprocess.SubprocessHook"}
{"timestamp":"2025-07-13T16:49:11.083213","level":"info","event":"  5500K .......... .......... .......... .......... .......... 33%  125M 2s","logger":"airflow.task.hooks.airflow.providers.standard.hooks.subprocess.SubprocessHook"}
{"timestamp":"2025-07-13T16:49:11.083268","level":"info","event":"  5550K .......... .......... .......... .......... .......... 33% 65.5M 2s","logger":"airflow.task.hooks.airflow.providers.standard.hooks.subprocess.SubprocessHook"}
{"timestamp":"2025-07-13T16:49:11.083329","level":"info","event":"  5600K .......... .......... .......... .......... .......... 33%  168M 1s","logger":"airflow.task.hooks.airflow.providers.standard.hooks.subprocess.SubprocessHook"}
{"timestamp":"2025-07-13T16:49:11.084654","level":"info","event":"  5650K .......... .......... .......... .......... .......... 33% 21.8M 1s","logger":"airflow.task.hooks.airflow.providers.standard.hooks.subprocess.SubprocessHook"}
{"timestamp":"2025-07-13T16:49:11.088128","level":"info","event":"  5700K .......... .......... .......... .......... .......... 34% 13.3M 1s","logger":"airflow.task.hooks.airflow.providers.standard.hooks.subprocess.SubprocessHook"}
{"timestamp":"2025-07-13T16:49:11.089564","level":"info","event":"  5750K .......... .......... .......... .......... .......... 34% 24.3M 1s","logger":"airflow.task.hooks.airflow.providers.standard.hooks.subprocess.SubprocessHook"}
{"timestamp":"2025-07-13T16:49:11.092590","level":"info","event":"  5800K .......... .......... .......... .......... .......... 34% 39.2M 1s","logger":"airflow.task.hooks.airflow.providers.standard.hooks.subprocess.SubprocessHook"}
{"timestamp":"2025-07-13T16:49:11.092723","level":"info","event":"  5850K .......... .......... .......... .......... .......... 35%  182M 1s","logger":"airflow.task.hooks.airflow.providers.standard.hooks.subprocess.SubprocessHook"}
{"timestamp":"2025-07-13T16:49:11.092787","level":"info","event":"  5900K .......... .......... .......... .......... .......... 35%  206M 1s","logger":"airflow.task.hooks.airflow.providers.standard.hooks.subprocess.SubprocessHook"}
{"timestamp":"2025-07-13T16:49:11.092844","level":"info","event":"  5950K .......... .......... .......... .......... .......... 35%  135M 1s","logger":"airflow.task.hooks.airflow.providers.standard.hooks.subprocess.SubprocessHook"}
{"timestamp":"2025-07-13T16:49:11.092901","level":"info","event":"  6000K .......... .......... .......... .......... .......... 36% 93.4M 1s","logger":"airflow.task.hooks.airflow.providers.standard.hooks.subprocess.SubprocessHook"}
{"timestamp":"2025-07-13T16:49:11.093578","level":"info","event":"  6050K .......... .......... .......... .......... .......... 36% 41.5M 1s","logger":"airflow.task.hooks.airflow.providers.standard.hooks.subprocess.SubprocessHook"}
{"timestamp":"2025-07-13T16:49:11.094334","level":"info","event":"  6100K .......... .......... .......... .......... .......... 36% 47.4M 1s","logger":"airflow.task.hooks.airflow.providers.standard.hooks.subprocess.SubprocessHook"}
{"timestamp":"2025-07-13T16:49:11.095117","level":"info","event":"  6150K .......... .......... .......... .......... .......... 36% 58.7M 1s","logger":"airflow.task.hooks.airflow.providers.standard.hooks.subprocess.SubprocessHook"}
{"timestamp":"2025-07-13T16:49:11.095830","level":"info","event":"  6200K .......... .......... .......... .......... .......... 37% 67.7M 1s","logger":"airflow.task.hooks.airflow.providers.standard.hooks.subprocess.SubprocessHook"}
{"timestamp":"2025-07-13T16:49:11.096869","level":"info","event":"  6250K .......... .......... .......... .......... .......... 37% 70.0M 1s","logger":"airflow.task.hooks.airflow.providers.standard.hooks.subprocess.SubprocessHook"}
{"timestamp":"2025-07-13T16:49:11.098404","level":"info","event":"  6300K .......... .......... .......... .......... .......... 37% 34.2M 1s","logger":"airflow.task.hooks.airflow.providers.standard.hooks.subprocess.SubprocessHook"}
{"timestamp":"2025-07-13T16:49:11.098533","level":"info","event":"  6350K .......... .......... .......... .......... .......... 38%  133M 1s","logger":"airflow.task.hooks.airflow.providers.standard.hooks.subprocess.SubprocessHook"}
{"timestamp":"2025-07-13T16:49:11.099331","level":"info","event":"  6400K .......... .......... .......... .......... .......... 38% 55.4M 1s","logger":"airflow.task.hooks.airflow.providers.standard.hooks.subprocess.SubprocessHook"}
{"timestamp":"2025-07-13T16:49:11.100089","level":"info","event":"  6450K .......... .......... .......... .......... .......... 38% 55.8M 1s","logger":"airflow.task.hooks.airflow.providers.standard.hooks.subprocess.SubprocessHook"}
{"timestamp":"2025-07-13T16:49:11.102532","level":"info","event":"  6500K .......... .......... .......... .......... .......... 39% 88.0M 1s","logger":"airflow.task.hooks.airflow.providers.standard.hooks.subprocess.SubprocessHook"}
{"timestamp":"2025-07-13T16:49:11.102652","level":"info","event":"  6550K .......... .......... .......... .......... .......... 39% 76.0M 1s","logger":"airflow.task.hooks.airflow.providers.standard.hooks.subprocess.SubprocessHook"}
{"timestamp":"2025-07-13T16:49:11.102721","level":"info","event":"  6600K .......... .......... .......... .......... .......... 39%  164M 1s","logger":"airflow.task.hooks.airflow.providers.standard.hooks.subprocess.SubprocessHook"}
{"timestamp":"2025-07-13T16:49:11.102784","level":"info","event":"  6650K .......... .......... .......... .......... .......... 39%  185M 1s","logger":"airflow.task.hooks.airflow.providers.standard.hooks.subprocess.SubprocessHook"}
{"timestamp":"2025-07-13T16:49:11.103211","level":"info","event":"  6700K .......... .......... .......... .......... .......... 40% 37.9M 1s","logger":"airflow.task.hooks.airflow.providers.standard.hooks.subprocess.SubprocessHook"}
{"timestamp":"2025-07-13T16:49:11.105333","level":"info","event":"  6750K .......... .......... .......... .......... .......... 40% 25.5M 1s","logger":"airflow.task.hooks.airflow.providers.standard.hooks.subprocess.SubprocessHook"}
{"timestamp":"2025-07-13T16:49:11.110546","level":"info","event":"  6800K .......... .......... .......... .......... .......... 40% 9.98M 1s","logger":"airflow.task.hooks.airflow.providers.standard.hooks.subprocess.SubprocessHook"}
{"timestamp":"2025-07-13T16:49:11.111160","level":"info","event":"  6850K .......... .......... .......... .......... .......... 41% 39.0M 1s","logger":"airflow.task.hooks.airflow.providers.standard.hooks.subprocess.SubprocessHook"}
{"timestamp":"2025-07-13T16:49:11.111757","level":"info","event":"  6900K .......... .......... .......... .......... .......... 41% 87.9M 1s","logger":"airflow.task.hooks.airflow.providers.standard.hooks.subprocess.SubprocessHook"}
{"timestamp":"2025-07-13T16:49:11.113383","level":"info","event":"  6950K .......... .......... .......... .......... .......... 41% 57.9M 1s","logger":"airflow.task.hooks.airflow.providers.standard.hooks.subprocess.SubprocessHook"}
{"timestamp":"2025-07-13T16:49:11.117393","level":"info","event":"  7000K .......... .......... .......... .......... .......... 41% 36.0M 1s","logger":"airflow.task.hooks.airflow.providers.standard.hooks.subprocess.SubprocessHook"}
{"timestamp":"2025-07-13T16:49:11.118545","level":"info","event":"  7050K .......... .......... .......... .......... .......... 42% 11.4M 1s","logger":"airflow.task.hooks.airflow.providers.standard.hooks.subprocess.SubprocessHook"}
{"timestamp":"2025-07-13T16:49:11.119328","level":"info","event":"  7100K .......... .......... .......... .......... .......... 42% 45.8M 1s","logger":"airflow.task.hooks.airflow.providers.standard.hooks.subprocess.SubprocessHook"}
{"timestamp":"2025-07-13T16:49:11.122040","level":"info","event":"  7150K .......... .......... .......... .......... .......... 42% 17.8M 1s","logger":"airflow.task.hooks.airflow.providers.standard.hooks.subprocess.SubprocessHook"}
{"timestamp":"2025-07-13T16:49:11.123700","level":"info","event":"  7200K .......... .......... .......... .......... .......... 43% 49.3M 1s","logger":"airflow.task.hooks.airflow.providers.standard.hooks.subprocess.SubprocessHook"}
{"timestamp":"2025-07-13T16:49:11.124786","level":"info","event":"  7250K .......... .......... .......... .......... .......... 43% 29.1M 1s","logger":"airflow.task.hooks.airflow.providers.standard.hooks.subprocess.SubprocessHook"}
{"timestamp":"2025-07-13T16:49:11.125588","level":"info","event":"  7300K .......... .......... .......... .......... .......... 43% 56.8M 1s","logger":"airflow.task.hooks.airflow.providers.standard.hooks.subprocess.SubprocessHook"}
{"timestamp":"2025-07-13T16:49:11.126247","level":"info","event":"  7350K .......... .......... .......... .......... .......... 44% 70.3M 1s","logger":"airflow.task.hooks.airflow.providers.standard.hooks.subprocess.SubprocessHook"}
{"timestamp":"2025-07-13T16:49:11.131429","level":"info","event":"  7400K .......... .......... .......... .......... .......... 44% 19.6M 1s","logger":"airflow.task.hooks.airflow.providers.standard.hooks.subprocess.SubprocessHook"}
{"timestamp":"2025-07-13T16:49:11.131567","level":"info","event":"  7450K .......... .......... .......... .......... .......... 44%  163M 1s","logger":"airflow.task.hooks.airflow.providers.standard.hooks.subprocess.SubprocessHook"}
{"timestamp":"2025-07-13T16:49:11.131636","level":"info","event":"  7500K .......... .......... .......... .......... .......... 44%  158M 1s","logger":"airflow.task.hooks.airflow.providers.standard.hooks.subprocess.SubprocessHook"}
{"timestamp":"2025-07-13T16:49:11.131693","level":"info","event":"  7550K .......... .......... .......... .......... .......... 45%  144M 1s","logger":"airflow.task.hooks.airflow.providers.standard.hooks.subprocess.SubprocessHook"}
{"timestamp":"2025-07-13T16:49:11.131738","level":"info","event":"  7600K .......... .......... .......... .......... .......... 45% 58.8M 1s","logger":"airflow.task.hooks.airflow.providers.standard.hooks.subprocess.SubprocessHook"}
{"timestamp":"2025-07-13T16:49:11.131791","level":"info","event":"  7650K .......... .......... .......... .......... .......... 45%  167M 1s","logger":"airflow.task.hooks.airflow.providers.standard.hooks.subprocess.SubprocessHook"}
{"timestamp":"2025-07-13T16:49:11.131844","level":"info","event":"  7700K .......... .......... .......... .......... .......... 46%  182M 1s","logger":"airflow.task.hooks.airflow.providers.standard.hooks.subprocess.SubprocessHook"}
{"timestamp":"2025-07-13T16:49:11.132038","level":"info","event":"  7750K .......... .......... .......... .......... .......... 46% 50.9M 1s","logger":"airflow.task.hooks.airflow.providers.standard.hooks.subprocess.SubprocessHook"}
{"timestamp":"2025-07-13T16:49:11.132532","level":"info","event":"  7800K .......... .......... .......... .......... .......... 46% 98.6M 1s","logger":"airflow.task.hooks.airflow.providers.standard.hooks.subprocess.SubprocessHook"}
{"timestamp":"2025-07-13T16:49:11.133100","level":"info","event":"  7850K .......... .......... .......... .......... .......... 47% 84.3M 1s","logger":"airflow.task.hooks.airflow.providers.standard.hooks.subprocess.SubprocessHook"}
{"timestamp":"2025-07-13T16:49:11.133655","level":"info","event":"  7900K .......... .......... .......... .......... .......... 47% 91.4M 1s","logger":"airflow.task.hooks.airflow.providers.standard.hooks.subprocess.SubprocessHook"}
{"timestamp":"2025-07-13T16:49:11.134163","level":"info","event":"  7950K .......... .......... .......... .......... .......... 47% 92.6M 1s","logger":"airflow.task.hooks.airflow.providers.standard.hooks.subprocess.SubprocessHook"}
{"timestamp":"2025-07-13T16:49:11.134593","level":"info","event":"  8000K .......... .......... .......... .......... .......... 47%  109M 1s","logger":"airflow.task.hooks.airflow.providers.standard.hooks.subprocess.SubprocessHook"}
{"timestamp":"2025-07-13T16:49:11.135101","level":"info","event":"  8050K .......... .......... .......... .......... .......... 48%  133M 1s","logger":"airflow.task.hooks.airflow.providers.standard.hooks.subprocess.SubprocessHook"}
{"timestamp":"2025-07-13T16:49:11.135578","level":"info","event":"  8100K .......... .......... .......... .......... .......... 48% 83.0M 1s","logger":"airflow.task.hooks.airflow.providers.standard.hooks.subprocess.SubprocessHook"}
{"timestamp":"2025-07-13T16:49:11.136017","level":"info","event":"  8150K .......... .......... .......... .......... .......... 48%  103M 1s","logger":"airflow.task.hooks.airflow.providers.standard.hooks.subprocess.SubprocessHook"}
{"timestamp":"2025-07-13T16:49:11.136534","level":"info","event":"  8200K .......... .......... .......... .......... .......... 49% 96.6M 1s","logger":"airflow.task.hooks.airflow.providers.standard.hooks.subprocess.SubprocessHook"}
{"timestamp":"2025-07-13T16:49:11.136906","level":"info","event":"  8250K .......... .......... .......... .......... .......... 49%  129M 1s","logger":"airflow.task.hooks.airflow.providers.standard.hooks.subprocess.SubprocessHook"}
{"timestamp":"2025-07-13T16:49:11.137398","level":"info","event":"  8300K .......... .......... .......... .......... .......... 49%  105M 1s","logger":"airflow.task.hooks.airflow.providers.standard.hooks.subprocess.SubprocessHook"}
{"timestamp":"2025-07-13T16:49:11.138659","level":"info","event":"  8350K .......... .......... .......... .......... .......... 50%  103M 1s","logger":"airflow.task.hooks.airflow.providers.standard.hooks.subprocess.SubprocessHook"}
{"timestamp":"2025-07-13T16:49:11.138923","level":"info","event":"  8400K .......... .......... .......... .......... .......... 50% 47.5M 1s","logger":"airflow.task.hooks.airflow.providers.standard.hooks.subprocess.SubprocessHook"}
{"timestamp":"2025-07-13T16:49:11.141474","level":"info","event":"  8450K .......... .......... .......... .......... .......... 50% 36.2M 1s","logger":"airflow.task.hooks.airflow.providers.standard.hooks.subprocess.SubprocessHook"}
{"timestamp":"2025-07-13T16:49:11.145931","level":"info","event":"  8500K .......... .......... .......... .......... .......... 50% 22.3M 1s","logger":"airflow.task.hooks.airflow.providers.standard.hooks.subprocess.SubprocessHook"}
{"timestamp":"2025-07-13T16:49:11.146257","level":"info","event":"  8550K .......... .......... .......... .......... .......... 51%  141M 1s","logger":"airflow.task.hooks.airflow.providers.standard.hooks.subprocess.SubprocessHook"}
{"timestamp":"2025-07-13T16:49:11.146357","level":"info","event":"  8600K .......... .......... .......... .......... .......... 51% 54.1M 1s","logger":"airflow.task.hooks.airflow.providers.standard.hooks.subprocess.SubprocessHook"}
{"timestamp":"2025-07-13T16:49:11.146385","level":"info","event":"  8650K .......... .......... .......... .......... .......... 51% 44.9M 1s","logger":"airflow.task.hooks.airflow.providers.standard.hooks.subprocess.SubprocessHook"}
{"timestamp":"2025-07-13T16:49:11.147558","level":"info","event":"  8700K .......... .......... .......... .......... .......... 52% 18.4M 1s","logger":"airflow.task.hooks.airflow.providers.standard.hooks.subprocess.SubprocessHook"}
{"timestamp":"2025-07-13T16:49:11.148391","level":"info","event":"  8750K .......... .......... .......... .......... .......... 52% 50.6M 1s","logger":"airflow.task.hooks.airflow.providers.standard.hooks.subprocess.SubprocessHook"}
{"timestamp":"2025-07-13T16:49:11.148905","level":"info","event":"  8800K .......... .......... .......... .......... .......... 52% 92.5M 1s","logger":"airflow.task.hooks.airflow.providers.standard.hooks.subprocess.SubprocessHook"}
{"timestamp":"2025-07-13T16:49:11.149333","level":"info","event":"  8850K .......... .......... .......... .......... .......... 52%  118M 1s","logger":"airflow.task.hooks.airflow.providers.standard.hooks.subprocess.SubprocessHook"}
{"timestamp":"2025-07-13T16:49:11.149805","level":"info","event":"  8900K .......... .......... .......... .......... .......... 53% 99.4M 1s","logger":"airflow.task.hooks.airflow.providers.standard.hooks.subprocess.SubprocessHook"}
{"timestamp":"2025-07-13T16:49:11.150238","level":"info","event":"  8950K .......... .......... .......... .......... .......... 53%  108M 1s","logger":"airflow.task.hooks.airflow.providers.standard.hooks.subprocess.SubprocessHook"}
{"timestamp":"2025-07-13T16:49:11.151626","level":"info","event":"  9000K .......... .......... .......... .......... .......... 53% 51.4M 1s","logger":"airflow.task.hooks.airflow.providers.standard.hooks.subprocess.SubprocessHook"}
{"timestamp":"2025-07-13T16:49:11.155413","level":"info","event":"  9050K .......... .......... .......... .......... .......... 54% 39.7M 1s","logger":"airflow.task.hooks.airflow.providers.standard.hooks.subprocess.SubprocessHook"}
{"timestamp":"2025-07-13T16:49:11.155501","level":"info","event":"  9100K .......... .......... .......... .......... .......... 54% 95.6M 1s","logger":"airflow.task.hooks.airflow.providers.standard.hooks.subprocess.SubprocessHook"}
{"timestamp":"2025-07-13T16:49:11.155526","level":"info","event":"  9150K .......... .......... .......... .......... .......... 54% 60.1M 1s","logger":"airflow.task.hooks.airflow.providers.standard.hooks.subprocess.SubprocessHook"}
{"timestamp":"2025-07-13T16:49:11.155556","level":"info","event":"  9200K .......... .......... .......... .......... .......... 55%  173M 1s","logger":"airflow.task.hooks.airflow.providers.standard.hooks.subprocess.SubprocessHook"}
{"timestamp":"2025-07-13T16:49:11.155583","level":"info","event":"  9250K .......... .......... .......... .......... .......... 55%  163M 1s","logger":"airflow.task.hooks.airflow.providers.standard.hooks.subprocess.SubprocessHook"}
{"timestamp":"2025-07-13T16:49:11.155602","level":"info","event":"  9300K .......... .......... .......... .......... .......... 55%  150M 1s","logger":"airflow.task.hooks.airflow.providers.standard.hooks.subprocess.SubprocessHook"}
{"timestamp":"2025-07-13T16:49:11.155620","level":"info","event":"  9350K .......... .......... .......... .......... .......... 55%  186M 1s","logger":"airflow.task.hooks.airflow.providers.standard.hooks.subprocess.SubprocessHook"}
{"timestamp":"2025-07-13T16:49:11.155641","level":"info","event":"  9400K .......... .......... .......... .......... .......... 56%  198M 1s","logger":"airflow.task.hooks.airflow.providers.standard.hooks.subprocess.SubprocessHook"}
{"timestamp":"2025-07-13T16:49:11.157122","level":"info","event":"  9450K .......... .......... .......... .......... .......... 56% 25.3M 1s","logger":"airflow.task.hooks.airflow.providers.standard.hooks.subprocess.SubprocessHook"}
{"timestamp":"2025-07-13T16:49:11.157780","level":"info","event":"  9500K .......... .......... .......... .......... .......... 56% 72.7M 1s","logger":"airflow.task.hooks.airflow.providers.standard.hooks.subprocess.SubprocessHook"}
{"timestamp":"2025-07-13T16:49:11.158564","level":"info","event":"  9550K .......... .......... .......... .......... .......... 57% 61.9M 1s","logger":"airflow.task.hooks.airflow.providers.standard.hooks.subprocess.SubprocessHook"}
{"timestamp":"2025-07-13T16:49:11.159064","level":"info","event":"  9600K .......... .......... .......... .......... .......... 57%  104M 1s","logger":"airflow.task.hooks.airflow.providers.standard.hooks.subprocess.SubprocessHook"}
{"timestamp":"2025-07-13T16:49:11.163239","level":"info","event":"  9650K .......... .......... .......... .......... .......... 57% 12.0M 1s","logger":"airflow.task.hooks.airflow.providers.standard.hooks.subprocess.SubprocessHook"}
{"timestamp":"2025-07-13T16:49:11.164981","level":"info","event":"  9700K .......... .......... .......... .......... .......... 58% 26.9M 1s","logger":"airflow.task.hooks.airflow.providers.standard.hooks.subprocess.SubprocessHook"}
{"timestamp":"2025-07-13T16:49:11.168498","level":"info","event":"  9750K .......... .......... .......... .......... .......... 58% 14.3M 1s","logger":"airflow.task.hooks.airflow.providers.standard.hooks.subprocess.SubprocessHook"}
{"timestamp":"2025-07-13T16:49:11.169096","level":"info","event":"  9800K .......... .......... .......... .......... .......... 58% 62.9M 1s","logger":"airflow.task.hooks.airflow.providers.standard.hooks.subprocess.SubprocessHook"}
{"timestamp":"2025-07-13T16:49:11.171446","level":"info","event":"  9850K .......... .......... .......... .......... .......... 58%  104M 1s","logger":"airflow.task.hooks.airflow.providers.standard.hooks.subprocess.SubprocessHook"}
{"timestamp":"2025-07-13T16:49:11.171560","level":"info","event":"  9900K .......... .......... .......... .......... .......... 59% 35.2M 1s","logger":"airflow.task.hooks.airflow.providers.standard.hooks.subprocess.SubprocessHook"}
{"timestamp":"2025-07-13T16:49:11.171619","level":"info","event":"  9950K .......... .......... .......... .......... .......... 59%  134M 1s","logger":"airflow.task.hooks.airflow.providers.standard.hooks.subprocess.SubprocessHook"}
{"timestamp":"2025-07-13T16:49:11.172108","level":"info","event":" 10000K .......... .......... .......... .......... .......... 59% 63.7M 1s","logger":"airflow.task.hooks.airflow.providers.standard.hooks.subprocess.SubprocessHook"}
{"timestamp":"2025-07-13T16:49:11.173062","level":"info","event":" 10050K .......... .......... .......... .......... .......... 60% 51.8M 1s","logger":"airflow.task.hooks.airflow.providers.standard.hooks.subprocess.SubprocessHook"}
{"timestamp":"2025-07-13T16:49:11.176791","level":"info","event":" 10100K .......... .......... .......... .......... .......... 60% 19.2M 1s","logger":"airflow.task.hooks.airflow.providers.standard.hooks.subprocess.SubprocessHook"}
{"timestamp":"2025-07-13T16:49:11.177737","level":"info","event":" 10150K .......... .......... .......... .......... .......... 60% 22.9M 1s","logger":"airflow.task.hooks.airflow.providers.standard.hooks.subprocess.SubprocessHook"}
{"timestamp":"2025-07-13T16:49:11.179013","level":"info","event":" 10200K .......... .......... .......... .......... .......... 61%  120M 1s","logger":"airflow.task.hooks.airflow.providers.standard.hooks.subprocess.SubprocessHook"}
{"timestamp":"2025-07-13T16:49:11.179182","level":"info","event":" 10250K .......... .......... .......... .......... .......... 61% 44.5M 1s","logger":"airflow.task.hooks.airflow.providers.standard.hooks.subprocess.SubprocessHook"}
{"timestamp":"2025-07-13T16:49:11.182684","level":"info","event":" 10300K .......... .......... .......... .......... .......... 61% 88.4M 1s","logger":"airflow.task.hooks.airflow.providers.standard.hooks.subprocess.SubprocessHook"}
{"timestamp":"2025-07-13T16:49:11.184546","level":"info","event":" 10350K .......... .......... .......... .......... .......... 61% 13.7M 1s","logger":"airflow.task.hooks.airflow.providers.standard.hooks.subprocess.SubprocessHook"}
{"timestamp":"2025-07-13T16:49:11.189470","level":"info","event":" 10400K .......... .......... .......... .......... .......... 62% 22.2M 1s","logger":"airflow.task.hooks.airflow.providers.standard.hooks.subprocess.SubprocessHook"}
{"timestamp":"2025-07-13T16:49:11.189583","level":"info","event":" 10450K .......... .......... .......... .......... .......... 62%  117M 1s","logger":"airflow.task.hooks.airflow.providers.standard.hooks.subprocess.SubprocessHook"}
{"timestamp":"2025-07-13T16:49:11.189615","level":"info","event":" 10500K .......... .......... .......... .......... .......... 62%  115M 1s","logger":"airflow.task.hooks.airflow.providers.standard.hooks.subprocess.SubprocessHook"}
{"timestamp":"2025-07-13T16:49:11.189636","level":"info","event":" 10550K .......... .......... .......... .......... .......... 63%  118M 1s","logger":"airflow.task.hooks.airflow.providers.standard.hooks.subprocess.SubprocessHook"}
{"timestamp":"2025-07-13T16:49:11.189656","level":"info","event":" 10600K .......... .......... .......... .......... .......... 63%  134M 0s","logger":"airflow.task.hooks.airflow.providers.standard.hooks.subprocess.SubprocessHook"}
{"timestamp":"2025-07-13T16:49:11.189710","level":"info","event":" 10650K .......... .......... .......... .......... .......... 63% 94.8M 0s","logger":"airflow.task.hooks.airflow.providers.standard.hooks.subprocess.SubprocessHook"}
{"timestamp":"2025-07-13T16:49:11.189754","level":"info","event":" 10700K .......... .......... .......... .......... .......... 64% 29.7M 0s","logger":"airflow.task.hooks.airflow.providers.standard.hooks.subprocess.SubprocessHook"}
{"timestamp":"2025-07-13T16:49:11.189782","level":"info","event":" 10750K .......... .......... .......... .......... .......... 64%  157M 0s","logger":"airflow.task.hooks.airflow.providers.standard.hooks.subprocess.SubprocessHook"}
{"timestamp":"2025-07-13T16:49:11.189802","level":"info","event":" 10800K .......... .......... .......... .......... .......... 64%  190M 0s","logger":"airflow.task.hooks.airflow.providers.standard.hooks.subprocess.SubprocessHook"}
{"timestamp":"2025-07-13T16:49:11.190953","level":"info","event":" 10850K .......... .......... .......... .......... .......... 64%  198M 0s","logger":"airflow.task.hooks.airflow.providers.standard.hooks.subprocess.SubprocessHook"}
{"timestamp":"2025-07-13T16:49:11.191012","level":"info","event":" 10900K .......... .......... .......... .......... .......... 65%  221M 0s","logger":"airflow.task.hooks.airflow.providers.standard.hooks.subprocess.SubprocessHook"}
{"timestamp":"2025-07-13T16:49:11.191039","level":"info","event":" 10950K .......... .......... .......... .......... .......... 65%  189M 0s","logger":"airflow.task.hooks.airflow.providers.standard.hooks.subprocess.SubprocessHook"}
{"timestamp":"2025-07-13T16:49:11.191059","level":"info","event":" 11000K .......... .......... .......... .......... .......... 65%  203M 0s","logger":"airflow.task.hooks.airflow.providers.standard.hooks.subprocess.SubprocessHook"}
{"timestamp":"2025-07-13T16:49:11.209778","level":"info","event":" 11050K .......... .......... .......... .......... .......... 66% 2.94M 0s","logger":"airflow.task.hooks.airflow.providers.standard.hooks.subprocess.SubprocessHook"}
{"timestamp":"2025-07-13T16:49:11.209886","level":"info","event":" 11100K .......... .......... .......... .......... .......... 66%  140M 0s","logger":"airflow.task.hooks.airflow.providers.standard.hooks.subprocess.SubprocessHook"}
{"timestamp":"2025-07-13T16:49:11.209937","level":"info","event":" 11150K .......... .......... .......... .......... .......... 66%  132M 0s","logger":"airflow.task.hooks.airflow.providers.standard.hooks.subprocess.SubprocessHook"}
{"timestamp":"2025-07-13T16:49:11.209988","level":"info","event":" 11200K .......... .......... .......... .......... .......... 66%  217M 0s","logger":"airflow.task.hooks.airflow.providers.standard.hooks.subprocess.SubprocessHook"}
{"timestamp":"2025-07-13T16:49:11.210039","level":"info","event":" 11250K .......... .......... .......... .......... .......... 67%  213M 0s","logger":"airflow.task.hooks.airflow.providers.standard.hooks.subprocess.SubprocessHook"}
{"timestamp":"2025-07-13T16:49:11.210083","level":"info","event":" 11300K .......... .......... .......... .......... .......... 67% 70.8M 0s","logger":"airflow.task.hooks.airflow.providers.standard.hooks.subprocess.SubprocessHook"}
{"timestamp":"2025-07-13T16:49:11.210124","level":"info","event":" 11350K .......... .......... .......... .......... .......... 67%  187M 0s","logger":"airflow.task.hooks.airflow.providers.standard.hooks.subprocess.SubprocessHook"}
{"timestamp":"2025-07-13T16:49:11.219981","level":"info","event":" 11400K .......... .......... .......... .......... .......... 68% 4.74M 0s","logger":"airflow.task.hooks.airflow.providers.standard.hooks.subprocess.SubprocessHook"}
{"timestamp":"2025-07-13T16:49:11.221136","level":"info","event":" 11450K .......... .......... .......... .......... .......... 68% 51.2M 0s","logger":"airflow.task.hooks.airflow.providers.standard.hooks.subprocess.SubprocessHook"}
{"timestamp":"2025-07-13T16:49:11.223383","level":"info","event":" 11500K .......... .......... .......... .......... .......... 68% 21.6M 0s","logger":"airflow.task.hooks.airflow.providers.standard.hooks.subprocess.SubprocessHook"}
{"timestamp":"2025-07-13T16:49:11.224618","level":"info","event":" 11550K .......... .......... .......... .......... .......... 69% 33.5M 0s","logger":"airflow.task.hooks.airflow.providers.standard.hooks.subprocess.SubprocessHook"}
{"timestamp":"2025-07-13T16:49:11.225128","level":"info","event":" 11600K .......... .......... .......... .......... .......... 69% 84.9M 0s","logger":"airflow.task.hooks.airflow.providers.standard.hooks.subprocess.SubprocessHook"}
{"timestamp":"2025-07-13T16:49:11.225555","level":"info","event":" 11650K .......... .......... .......... .......... .......... 69%  122M 0s","logger":"airflow.task.hooks.airflow.providers.standard.hooks.subprocess.SubprocessHook"}
{"timestamp":"2025-07-13T16:49:11.225990","level":"info","event":" 11700K .......... .......... .......... .......... .......... 69%  107M 0s","logger":"airflow.task.hooks.airflow.providers.standard.hooks.subprocess.SubprocessHook"}
{"timestamp":"2025-07-13T16:49:11.226477","level":"info","event":" 11750K .......... .......... .......... .......... .......... 70% 95.6M 0s","logger":"airflow.task.hooks.airflow.providers.standard.hooks.subprocess.SubprocessHook"}
{"timestamp":"2025-07-13T16:49:11.227379","level":"info","event":" 11800K .......... .......... .......... .......... .......... 70%  128M 0s","logger":"airflow.task.hooks.airflow.providers.standard.hooks.subprocess.SubprocessHook"}
{"timestamp":"2025-07-13T16:49:11.227433","level":"info","event":" 11850K .......... .......... .......... .......... .......... 70%  189M 0s","logger":"airflow.task.hooks.airflow.providers.standard.hooks.subprocess.SubprocessHook"}
{"timestamp":"2025-07-13T16:49:11.242024","level":"info","event":" 11900K .......... .......... .......... .......... .......... 71% 4.29M 0s","logger":"airflow.task.hooks.airflow.providers.standard.hooks.subprocess.SubprocessHook"}
{"timestamp":"2025-07-13T16:49:11.242149","level":"info","event":" 11950K .......... .......... .......... .......... .......... 71% 54.8M 0s","logger":"airflow.task.hooks.airflow.providers.standard.hooks.subprocess.SubprocessHook"}
{"timestamp":"2025-07-13T16:49:11.242186","level":"info","event":" 12000K .......... .......... .......... .......... .......... 71%  202M 0s","logger":"airflow.task.hooks.airflow.providers.standard.hooks.subprocess.SubprocessHook"}
{"timestamp":"2025-07-13T16:49:11.242208","level":"info","event":" 12050K .......... .......... .......... .......... .......... 72%  196M 0s","logger":"airflow.task.hooks.airflow.providers.standard.hooks.subprocess.SubprocessHook"}
{"timestamp":"2025-07-13T16:49:11.242628","level":"info","event":" 12100K .......... .......... .......... .......... .......... 72% 18.0M 0s","logger":"airflow.task.hooks.airflow.providers.standard.hooks.subprocess.SubprocessHook"}
{"timestamp":"2025-07-13T16:49:11.243261","level":"info","event":" 12150K .......... .......... .......... .......... .......... 72% 83.5M 0s","logger":"airflow.task.hooks.airflow.providers.standard.hooks.subprocess.SubprocessHook"}
{"timestamp":"2025-07-13T16:49:11.243849","level":"info","event":" 12200K .......... .......... .......... .......... .......... 72% 76.2M 0s","logger":"airflow.task.hooks.airflow.providers.standard.hooks.subprocess.SubprocessHook"}
{"timestamp":"2025-07-13T16:49:11.244453","level":"info","event":" 12250K .......... .......... .......... .......... .......... 73% 98.7M 0s","logger":"airflow.task.hooks.airflow.providers.standard.hooks.subprocess.SubprocessHook"}
{"timestamp":"2025-07-13T16:49:11.244907","level":"info","event":" 12300K .......... .......... .......... .......... .......... 73% 82.6M 0s","logger":"airflow.task.hooks.airflow.providers.standard.hooks.subprocess.SubprocessHook"}
{"timestamp":"2025-07-13T16:49:11.245415","level":"info","event":" 12350K .......... .......... .......... .......... .......... 73%  100M 0s","logger":"airflow.task.hooks.airflow.providers.standard.hooks.subprocess.SubprocessHook"}
{"timestamp":"2025-07-13T16:49:11.245829","level":"info","event":" 12400K .......... .......... .......... .......... .......... 74%  114M 0s","logger":"airflow.task.hooks.airflow.providers.standard.hooks.subprocess.SubprocessHook"}
{"timestamp":"2025-07-13T16:49:11.246207","level":"info","event":" 12450K .......... .......... .......... .......... .......... 74%  135M 0s","logger":"airflow.task.hooks.airflow.providers.standard.hooks.subprocess.SubprocessHook"}
{"timestamp":"2025-07-13T16:49:11.246593","level":"info","event":" 12500K .......... .......... .......... .......... .......... 74%  118M 0s","logger":"airflow.task.hooks.airflow.providers.standard.hooks.subprocess.SubprocessHook"}
{"timestamp":"2025-07-13T16:49:11.258273","level":"info","event":" 12550K .......... .......... .......... .......... .......... 75% 4.23M 0s","logger":"airflow.task.hooks.airflow.providers.standard.hooks.subprocess.SubprocessHook"}
{"timestamp":"2025-07-13T16:49:11.259051","level":"info","event":" 12600K .......... .......... .......... .......... .......... 75% 56.4M 0s","logger":"airflow.task.hooks.airflow.providers.standard.hooks.subprocess.SubprocessHook"}
{"timestamp":"2025-07-13T16:49:11.262266","level":"info","event":" 12650K .......... .......... .......... .......... .......... 75% 17.8M 0s","logger":"airflow.task.hooks.airflow.providers.standard.hooks.subprocess.SubprocessHook"}
{"timestamp":"2025-07-13T16:49:11.264196","level":"info","event":" 12700K .......... .......... .......... .......... .......... 75% 59.6M 0s","logger":"airflow.task.hooks.airflow.providers.standard.hooks.subprocess.SubprocessHook"}
{"timestamp":"2025-07-13T16:49:11.264348","level":"info","event":" 12750K .......... .......... .......... .......... .......... 76%  183M 0s","logger":"airflow.task.hooks.airflow.providers.standard.hooks.subprocess.SubprocessHook"}
{"timestamp":"2025-07-13T16:49:11.264489","level":"info","event":" 12800K .......... .......... .......... .......... .......... 76%  194M 0s","logger":"airflow.task.hooks.airflow.providers.standard.hooks.subprocess.SubprocessHook"}
{"timestamp":"2025-07-13T16:49:11.596381","level":"info","event":" 12850K .......... .......... .......... .......... .......... 76%  228M 0s","logger":"airflow.task.hooks.airflow.providers.standard.hooks.subprocess.SubprocessHook"}
{"timestamp":"2025-07-13T16:49:11.596672","level":"info","event":" 12900K .......... .......... .......... .......... .......... 77%  147M 0s","logger":"airflow.task.hooks.airflow.providers.standard.hooks.subprocess.SubprocessHook"}
{"timestamp":"2025-07-13T16:49:11.597119","level":"info","event":" 12950K .......... .......... .......... .......... .......... 77% 24.9M 0s","logger":"airflow.task.hooks.airflow.providers.standard.hooks.subprocess.SubprocessHook"}
{"timestamp":"2025-07-13T16:49:11.597222","level":"info","event":" 13000K .......... .......... .......... .......... .......... 77%  177M 0s","logger":"airflow.task.hooks.airflow.providers.standard.hooks.subprocess.SubprocessHook"}
{"timestamp":"2025-07-13T16:49:11.597261","level":"info","event":" 13050K .......... .......... .......... .......... .......... 78%  215M 0s","logger":"airflow.task.hooks.airflow.providers.standard.hooks.subprocess.SubprocessHook"}
{"timestamp":"2025-07-13T16:49:11.597302","level":"info","event":" 13100K .......... .......... .......... .......... .......... 78%  165M 0s","logger":"airflow.task.hooks.airflow.providers.standard.hooks.subprocess.SubprocessHook"}
{"timestamp":"2025-07-13T16:49:11.597332","level":"info","event":" 13150K .......... .......... .......... .......... .......... 78% 3.58M 0s","logger":"airflow.task.hooks.airflow.providers.standard.hooks.subprocess.SubprocessHook"}
{"timestamp":"2025-07-13T16:49:11.597363","level":"info","event":" 13200K .......... .......... .......... .......... .......... 78%  183M 0s","logger":"airflow.task.hooks.airflow.providers.standard.hooks.subprocess.SubprocessHook"}
{"timestamp":"2025-07-13T16:49:11.597385","level":"info","event":" 13250K .......... .......... .......... .......... .......... 79%  185M 0s","logger":"airflow.task.hooks.airflow.providers.standard.hooks.subprocess.SubprocessHook"}
{"timestamp":"2025-07-13T16:49:11.597403","level":"info","event":" 13300K .......... .......... .......... .......... .......... 79% 2.91M 0s","logger":"airflow.task.hooks.airflow.providers.standard.hooks.subprocess.SubprocessHook"}
{"timestamp":"2025-07-13T16:49:11.597421","level":"info","event":" 13350K .......... .......... .......... .......... .......... 79%  441K 0s","logger":"airflow.task.hooks.airflow.providers.standard.hooks.subprocess.SubprocessHook"}
{"timestamp":"2025-07-13T16:49:11.597439","level":"info","event":" 13400K .......... .......... .......... .......... .......... 80%  186M 0s","logger":"airflow.task.hooks.airflow.providers.standard.hooks.subprocess.SubprocessHook"}
{"timestamp":"2025-07-13T16:49:11.598002","level":"info","event":" 13450K .......... .......... .......... .......... .......... 80% 88.9M 0s","logger":"airflow.task.hooks.airflow.providers.standard.hooks.subprocess.SubprocessHook"}
{"timestamp":"2025-07-13T16:49:11.598118","level":"info","event":" 13500K .......... .......... .......... .......... .......... 80% 4.26M 0s","logger":"airflow.task.hooks.airflow.providers.standard.hooks.subprocess.SubprocessHook"}
{"timestamp":"2025-07-13T16:49:11.598156","level":"info","event":" 13550K .......... .......... .......... .......... .......... 80%  192M 0s","logger":"airflow.task.hooks.airflow.providers.standard.hooks.subprocess.SubprocessHook"}
{"timestamp":"2025-07-13T16:49:11.598180","level":"info","event":" 13600K .......... .......... .......... .......... .......... 81% 13.1M 0s","logger":"airflow.task.hooks.airflow.providers.standard.hooks.subprocess.SubprocessHook"}
{"timestamp":"2025-07-13T16:49:11.598210","level":"info","event":" 13650K .......... .......... .......... .......... .......... 81% 67.3M 0s","logger":"airflow.task.hooks.airflow.providers.standard.hooks.subprocess.SubprocessHook"}
{"timestamp":"2025-07-13T16:49:11.598246","level":"info","event":" 13700K .......... .......... .......... .......... .......... 81% 12.7M 0s","logger":"airflow.task.hooks.airflow.providers.standard.hooks.subprocess.SubprocessHook"}
{"timestamp":"2025-07-13T16:49:11.598267","level":"info","event":" 13750K .......... .......... .......... .......... .......... 82%  151M 0s","logger":"airflow.task.hooks.airflow.providers.standard.hooks.subprocess.SubprocessHook"}
{"timestamp":"2025-07-13T16:49:11.598344","level":"info","event":" 13800K .......... .......... .......... .......... .......... 82%  189M 0s","logger":"airflow.task.hooks.airflow.providers.standard.hooks.subprocess.SubprocessHook"}
{"timestamp":"2025-07-13T16:49:11.598380","level":"info","event":" 13850K .......... .......... .......... .......... .......... 82%  203M 0s","logger":"airflow.task.hooks.airflow.providers.standard.hooks.subprocess.SubprocessHook"}
{"timestamp":"2025-07-13T16:49:11.598401","level":"info","event":" 13900K .......... .......... .......... .......... .......... 83% 75.1M 0s","logger":"airflow.task.hooks.airflow.providers.standard.hooks.subprocess.SubprocessHook"}
{"timestamp":"2025-07-13T16:49:11.598419","level":"info","event":" 13950K .......... .......... .......... .......... .......... 83%  168M 0s","logger":"airflow.task.hooks.airflow.providers.standard.hooks.subprocess.SubprocessHook"}
{"timestamp":"2025-07-13T16:49:11.598437","level":"info","event":" 14000K .......... .......... .......... .......... .......... 83%  164M 0s","logger":"airflow.task.hooks.airflow.providers.standard.hooks.subprocess.SubprocessHook"}
{"timestamp":"2025-07-13T16:49:11.598456","level":"info","event":" 14050K .......... .......... .......... .......... .......... 83%  145M 0s","logger":"airflow.task.hooks.airflow.providers.standard.hooks.subprocess.SubprocessHook"}
{"timestamp":"2025-07-13T16:49:11.598478","level":"info","event":" 14100K .......... .......... .......... .......... .......... 84%  204M 0s","logger":"airflow.task.hooks.airflow.providers.standard.hooks.subprocess.SubprocessHook"}
{"timestamp":"2025-07-13T16:49:11.598513","level":"info","event":" 14150K .......... .......... .......... .......... .......... 84%  194M 0s","logger":"airflow.task.hooks.airflow.providers.standard.hooks.subprocess.SubprocessHook"}
{"timestamp":"2025-07-13T16:49:11.598543","level":"info","event":" 14200K .......... .......... .......... .......... .......... 84%  204M 0s","logger":"airflow.task.hooks.airflow.providers.standard.hooks.subprocess.SubprocessHook"}
{"timestamp":"2025-07-13T16:49:11.598579","level":"info","event":" 14250K .......... .......... .......... .......... .......... 85% 20.2M 0s","logger":"airflow.task.hooks.airflow.providers.standard.hooks.subprocess.SubprocessHook"}
{"timestamp":"2025-07-13T16:49:11.598615","level":"info","event":" 14300K .......... .......... .......... .......... .......... 85%  158M 0s","logger":"airflow.task.hooks.airflow.providers.standard.hooks.subprocess.SubprocessHook"}
{"timestamp":"2025-07-13T16:49:11.598670","level":"info","event":" 14350K .......... .......... .......... .......... .......... 85%  113M 0s","logger":"airflow.task.hooks.airflow.providers.standard.hooks.subprocess.SubprocessHook"}
{"timestamp":"2025-07-13T16:49:11.598700","level":"info","event":" 14400K .......... .......... .......... .......... .......... 86%  179M 0s","logger":"airflow.task.hooks.airflow.providers.standard.hooks.subprocess.SubprocessHook"}
{"timestamp":"2025-07-13T16:49:11.598727","level":"info","event":" 14450K .......... .......... .......... .......... .......... 86%  148M 0s","logger":"airflow.task.hooks.airflow.providers.standard.hooks.subprocess.SubprocessHook"}
{"timestamp":"2025-07-13T16:49:11.598753","level":"info","event":" 14500K .......... .......... .......... .......... .......... 86%  133M 0s","logger":"airflow.task.hooks.airflow.providers.standard.hooks.subprocess.SubprocessHook"}
{"timestamp":"2025-07-13T16:49:11.598773","level":"info","event":" 14550K .......... .......... .......... .......... .......... 86%  144M 0s","logger":"airflow.task.hooks.airflow.providers.standard.hooks.subprocess.SubprocessHook"}
{"timestamp":"2025-07-13T16:49:11.598798","level":"info","event":" 14600K .......... .......... .......... .......... .......... 87%  150M 0s","logger":"airflow.task.hooks.airflow.providers.standard.hooks.subprocess.SubprocessHook"}
{"timestamp":"2025-07-13T16:49:11.598837","level":"info","event":" 14650K .......... .......... .......... .......... .......... 87%  186M 0s","logger":"airflow.task.hooks.airflow.providers.standard.hooks.subprocess.SubprocessHook"}
{"timestamp":"2025-07-13T16:49:11.598863","level":"info","event":" 14700K .......... .......... .......... .......... .......... 87%  151M 0s","logger":"airflow.task.hooks.airflow.providers.standard.hooks.subprocess.SubprocessHook"}
{"timestamp":"2025-07-13T16:49:11.598881","level":"info","event":" 14750K .......... .......... .......... .......... .......... 88%  166M 0s","logger":"airflow.task.hooks.airflow.providers.standard.hooks.subprocess.SubprocessHook"}
{"timestamp":"2025-07-13T16:49:11.598900","level":"info","event":" 14800K .......... .......... .......... .......... .......... 88%  223M 0s","logger":"airflow.task.hooks.airflow.providers.standard.hooks.subprocess.SubprocessHook"}
{"timestamp":"2025-07-13T16:49:11.598919","level":"info","event":" 14850K .......... .......... .......... .......... .......... 88%  103M 0s","logger":"airflow.task.hooks.airflow.providers.standard.hooks.subprocess.SubprocessHook"}
{"timestamp":"2025-07-13T16:49:11.598949","level":"info","event":" 14900K .......... .......... .......... .......... .......... 89%  217M 0s","logger":"airflow.task.hooks.airflow.providers.standard.hooks.subprocess.SubprocessHook"}
{"timestamp":"2025-07-13T16:49:11.598985","level":"info","event":" 14950K .......... .......... .......... .......... .......... 89%  190M 0s","logger":"airflow.task.hooks.airflow.providers.standard.hooks.subprocess.SubprocessHook"}
{"timestamp":"2025-07-13T16:49:11.599016","level":"info","event":" 15000K .......... .......... .......... .......... .......... 89%  221M 0s","logger":"airflow.task.hooks.airflow.providers.standard.hooks.subprocess.SubprocessHook"}
{"timestamp":"2025-07-13T16:49:11.599035","level":"info","event":" 15050K .......... .......... .......... .......... .......... 89%  241M 0s","logger":"airflow.task.hooks.airflow.providers.standard.hooks.subprocess.SubprocessHook"}
{"timestamp":"2025-07-13T16:49:11.599060","level":"info","event":" 15100K .......... .......... .......... .......... .......... 90% 7.00M 0s","logger":"airflow.task.hooks.airflow.providers.standard.hooks.subprocess.SubprocessHook"}
{"timestamp":"2025-07-13T16:49:11.599096","level":"info","event":" 15150K .......... .......... .......... .......... .......... 90%  139M 0s","logger":"airflow.task.hooks.airflow.providers.standard.hooks.subprocess.SubprocessHook"}
{"timestamp":"2025-07-13T16:49:11.599141","level":"info","event":" 15200K .......... .......... .......... .......... .......... 90% 9.15M 0s","logger":"airflow.task.hooks.airflow.providers.standard.hooks.subprocess.SubprocessHook"}
{"timestamp":"2025-07-13T16:49:11.599171","level":"info","event":" 15250K .......... .......... .......... .......... .......... 91%  122M 0s","logger":"airflow.task.hooks.airflow.providers.standard.hooks.subprocess.SubprocessHook"}
{"timestamp":"2025-07-13T16:49:11.599189","level":"info","event":" 15300K .......... .......... .......... .......... .......... 91% 56.9M 0s","logger":"airflow.task.hooks.airflow.providers.standard.hooks.subprocess.SubprocessHook"}
{"timestamp":"2025-07-13T16:49:11.599217","level":"info","event":" 15350K .......... .......... .......... .......... .......... 91% 80.1M 0s","logger":"airflow.task.hooks.airflow.providers.standard.hooks.subprocess.SubprocessHook"}
{"timestamp":"2025-07-13T16:49:11.599252","level":"info","event":" 15400K .......... .......... .......... .......... .......... 92% 14.6M 0s","logger":"airflow.task.hooks.airflow.providers.standard.hooks.subprocess.SubprocessHook"}
{"timestamp":"2025-07-13T16:49:11.599276","level":"info","event":" 15450K .......... .......... .......... .......... .......... 92% 14.9M 0s","logger":"airflow.task.hooks.airflow.providers.standard.hooks.subprocess.SubprocessHook"}
{"timestamp":"2025-07-13T16:49:11.599770","level":"info","event":" 15500K .......... .......... .......... .......... .......... 92%  128M 0s","logger":"airflow.task.hooks.airflow.providers.standard.hooks.subprocess.SubprocessHook"}
{"timestamp":"2025-07-13T16:49:11.599829","level":"info","event":" 15550K .......... .......... .......... .......... .......... 92%  137M 0s","logger":"airflow.task.hooks.airflow.providers.standard.hooks.subprocess.SubprocessHook"}
{"timestamp":"2025-07-13T16:49:11.599878","level":"info","event":" 15600K .......... .......... .......... .......... .......... 93% 90.2M 0s","logger":"airflow.task.hooks.airflow.providers.standard.hooks.subprocess.SubprocessHook"}
{"timestamp":"2025-07-13T16:49:11.600261","level":"info","event":" 15650K .......... .......... .......... .......... .......... 93%  136M 0s","logger":"airflow.task.hooks.airflow.providers.standard.hooks.subprocess.SubprocessHook"}
{"timestamp":"2025-07-13T16:49:11.600353","level":"info","event":" 15700K .......... .......... .......... .......... .......... 93%  105M 0s","logger":"airflow.task.hooks.airflow.providers.standard.hooks.subprocess.SubprocessHook"}
{"timestamp":"2025-07-13T16:49:11.601830","level":"info","event":" 15750K .......... .......... .......... .......... .......... 94% 25.2M 0s","logger":"airflow.task.hooks.airflow.providers.standard.hooks.subprocess.SubprocessHook"}
{"timestamp":"2025-07-13T16:49:11.601905","level":"info","event":" 15800K .......... .......... .......... .......... .......... 94% 57.6M 0s","logger":"airflow.task.hooks.airflow.providers.standard.hooks.subprocess.SubprocessHook"}
{"timestamp":"2025-07-13T16:49:11.601987","level":"info","event":" 15850K .......... .......... .......... .......... .......... 94% 65.7M 0s","logger":"airflow.task.hooks.airflow.providers.standard.hooks.subprocess.SubprocessHook"}
{"timestamp":"2025-07-13T16:49:11.602041","level":"info","event":" 15900K .......... .......... .......... .......... .......... 94% 6.94M 0s","logger":"airflow.task.hooks.airflow.providers.standard.hooks.subprocess.SubprocessHook"}
{"timestamp":"2025-07-13T16:49:11.602081","level":"info","event":" 15950K .......... .......... .......... .......... .......... 95%  218M 0s","logger":"airflow.task.hooks.airflow.providers.standard.hooks.subprocess.SubprocessHook"}
{"timestamp":"2025-07-13T16:49:11.602118","level":"info","event":" 16000K .......... .......... .......... .......... .......... 95%  186M 0s","logger":"airflow.task.hooks.airflow.providers.standard.hooks.subprocess.SubprocessHook"}
{"timestamp":"2025-07-13T16:49:11.602139","level":"info","event":" 16050K .......... .......... .......... .......... .......... 95%  192M 0s","logger":"airflow.task.hooks.airflow.providers.standard.hooks.subprocess.SubprocessHook"}
{"timestamp":"2025-07-13T16:49:11.602174","level":"info","event":" 16100K .......... .......... .......... .......... .......... 96% 71.9M 0s","logger":"airflow.task.hooks.airflow.providers.standard.hooks.subprocess.SubprocessHook"}
{"timestamp":"2025-07-13T16:49:11.602193","level":"info","event":" 16150K .......... .......... .......... .......... .......... 96% 83.5M 0s","logger":"airflow.task.hooks.airflow.providers.standard.hooks.subprocess.SubprocessHook"}
{"timestamp":"2025-07-13T16:49:11.602212","level":"info","event":" 16200K .......... .......... .......... .......... .......... 96%  129M 0s","logger":"airflow.task.hooks.airflow.providers.standard.hooks.subprocess.SubprocessHook"}
{"timestamp":"2025-07-13T16:49:11.602231","level":"info","event":" 16250K .......... .......... .......... .......... .......... 97% 76.6M 0s","logger":"airflow.task.hooks.airflow.providers.standard.hooks.subprocess.SubprocessHook"}
{"timestamp":"2025-07-13T16:49:11.602250","level":"info","event":" 16300K .......... .......... .......... .......... .......... 97%  115M 0s","logger":"airflow.task.hooks.airflow.providers.standard.hooks.subprocess.SubprocessHook"}
{"timestamp":"2025-07-13T16:49:11.602269","level":"info","event":" 16350K .......... .......... .......... .......... .......... 97%  227M 0s","logger":"airflow.task.hooks.airflow.providers.standard.hooks.subprocess.SubprocessHook"}
{"timestamp":"2025-07-13T16:49:11.603787","level":"info","event":" 16400K .......... .......... .......... .......... .......... 97%  189M 0s","logger":"airflow.task.hooks.airflow.providers.standard.hooks.subprocess.SubprocessHook"}
{"timestamp":"2025-07-13T16:49:11.609886","level":"info","event":" 16450K .......... .......... .......... .......... .......... 98% 6.28M 0s","logger":"airflow.task.hooks.airflow.providers.standard.hooks.subprocess.SubprocessHook"}
{"timestamp":"2025-07-13T16:49:11.610162","level":"info","event":" 16500K .......... .......... .......... .......... .......... 98% 32.8M 0s","logger":"airflow.task.hooks.airflow.providers.standard.hooks.subprocess.SubprocessHook"}
{"timestamp":"2025-07-13T16:49:11.610230","level":"info","event":" 16550K .......... .......... .......... .......... .......... 98%  176M 0s","logger":"airflow.task.hooks.airflow.providers.standard.hooks.subprocess.SubprocessHook"}
{"timestamp":"2025-07-13T16:49:11.610303","level":"info","event":" 16600K .......... .......... .......... .......... .......... 99%  187M 0s","logger":"airflow.task.hooks.airflow.providers.standard.hooks.subprocess.SubprocessHook"}
{"timestamp":"2025-07-13T16:49:11.610688","level":"info","event":" 16650K .......... .......... .......... .......... .......... 99%  127M 0s","logger":"airflow.task.hooks.airflow.providers.standard.hooks.subprocess.SubprocessHook"}
{"timestamp":"2025-07-13T16:49:11.611684","level":"info","event":" 16700K .......... .......... .......... .......... .......... 99% 7.72M 0s","logger":"airflow.task.hooks.airflow.providers.standard.hooks.subprocess.SubprocessHook"}
{"timestamp":"2025-07-13T16:49:11.612440","level":"info","event":" 16750K .......... .......... .......... .......... ...       100% 12.6M=1.2s","logger":"airflow.task.hooks.airflow.providers.standard.hooks.subprocess.SubprocessHook"}
{"timestamp":"2025-07-13T16:49:11.612671","level":"info","event":"","logger":"airflow.task.hooks.airflow.providers.standard.hooks.subprocess.SubprocessHook"}
{"timestamp":"2025-07-13T16:49:11.613566","level":"info","event":"2025-07-13 16:49:11 (14.0 MB/s) - ‘/opt/airflow/fhv_tripdata_2019-04.csv.gz’ saved [17196113/17196113]","logger":"airflow.task.hooks.airflow.providers.standard.hooks.subprocess.SubprocessHook"}
{"timestamp":"2025-07-13T16:49:11.613752","level":"info","event":"","logger":"airflow.task.hooks.airflow.providers.standard.hooks.subprocess.SubprocessHook"}
{"timestamp":"2025-07-13T16:49:14.344255","level":"info","event":"Command exited with return code 0","logger":"airflow.task.hooks.airflow.providers.standard.hooks.subprocess.SubprocessHook"}
{"timestamp":"2025-07-13T16:49:14.362558","level":"info","event":"Pushing xcom","ti":"RuntimeTaskInstance(id=UUID('019804b0-8be8-708b-ba24-70ee6c993f94'), task_id='download_dataset_task', dag_id='upload_gcs_fhvtrips', run_id='scheduled__2019-04-02T06:00:00+00:00', try_number=1, map_index=-1, hostname='890ba30a36b0', context_carrier={}, task=<Task(BashOperator): download_dataset_task>, bundle_instance=LocalDagBundle(name=dags-folder), max_tries=0, start_date=datetime.datetime(2025, 7, 13, 16, 48, 57, 197177, tzinfo=TzInfo(UTC)), end_date=None, state=<TaskInstanceState.RUNNING: 'running'>, is_mapped=False, rendered_map_index=None)","logger":"task"}
{"timestamp":"2025-07-13T17:39:38.150530","level":"info","event":"DAG bundles loaded: dags-folder","logger":"airflow.dag_processing.bundles.manager.DagBundlesManager"}
{"timestamp":"2025-07-13T17:39:38.153387","level":"info","event":"Filling up the DagBag from /opt/airflow/dags/data_ingestion_gcs_dag.py","logger":"airflow.models.dagbag.DagBag"}
{"timestamp":"2025-07-13T17:39:43.239512","level":"info","event":"Tmp dir root location: /tmp","logger":"airflow.task.hooks.airflow.providers.standard.hooks.subprocess.SubprocessHook"}
{"timestamp":"2025-07-13T17:39:43.263721","level":"info","event":"Running command: ['/usr/bin/bash', '-c', 'echo https://github.com/DataTalksClub/nyc-tlc-data/releases/download/fhv/fhv_tripdata_2019-04.csv.gz && wget --no-verbose https://github.com/DataTalksClub/nyc-tlc-data/releases/download/fhv/fhv_tripdata_2019-04.csv.gz -O /opt/airflow/fhv_tripdata_2019-04.csv.gz && gunzip -f /opt/airflow/fhv_tripdata_2019-04.csv.gz']","logger":"airflow.task.hooks.airflow.providers.standard.hooks.subprocess.SubprocessHook"}
{"timestamp":"2025-07-13T17:39:43.460712","level":"info","event":"Output:","logger":"airflow.task.hooks.airflow.providers.standard.hooks.subprocess.SubprocessHook"}
{"timestamp":"2025-07-13T17:39:43.486333","level":"info","event":"https://github.com/DataTalksClub/nyc-tlc-data/releases/download/fhv/fhv_tripdata_2019-04.csv.gz","logger":"airflow.task.hooks.airflow.providers.standard.hooks.subprocess.SubprocessHook"}
{"timestamp":"2025-07-13T17:39:46.006326","level":"info","event":"2025-07-13 17:39:45 URL:https://objects.githubusercontent.com/github-production-release-asset-2e65be/513814948/ac6d4fa7-40ad-46ab-9f79-56f3b7615f6f?X-Amz-Algorithm=AWS4-HMAC-SHA256&X-Amz-Credential=releaseassetproduction%2F20250713%2Fus-east-1%2Fs3%2Faws4_request&X-Amz-Date=20250713T173944Z&X-Amz-Expires=1800&X-Amz-Signature=dee0d52559830289fc55133f9d05bc8900e1d8eabe3bc8d42623667c614c162e&X-Amz-SignedHeaders=host&response-content-disposition=attachment%3B%20filename%3Dfhv_tripdata_2019-04.csv.gz&response-content-type=application%2Foctet-stream [17196113/17196113] -> \"/opt/airflow/fhv_tripdata_2019-04.csv.gz\" [1]","logger":"airflow.task.hooks.airflow.providers.standard.hooks.subprocess.SubprocessHook"}
{"timestamp":"2025-07-13T17:39:49.508579","level":"info","event":"Command exited with return code 0","logger":"airflow.task.hooks.airflow.providers.standard.hooks.subprocess.SubprocessHook"}
{"timestamp":"2025-07-13T17:39:49.543681","level":"info","event":"Pushing xcom","ti":"RuntimeTaskInstance(id=UUID('019804de-f510-7950-96e5-b53fdf7005f8'), task_id='download_dataset_task', dag_id='upload_gcs_fhvtrips', run_id='scheduled__2019-04-02T06:00:00+00:00', try_number=1, map_index=-1, hostname='890ba30a36b0', context_carrier={}, task=<Task(BashOperator): download_dataset_task>, bundle_instance=LocalDagBundle(name=dags-folder), max_tries=0, start_date=datetime.datetime(2025, 7, 13, 17, 39, 37, 539485, tzinfo=TzInfo(UTC)), end_date=None, state=<TaskInstanceState.RUNNING: 'running'>, is_mapped=False, rendered_map_index=None)","logger":"task"}
{"timestamp":"2025-07-13T17:49:20.462395","level":"info","event":"DAG bundles loaded: dags-folder","logger":"airflow.dag_processing.bundles.manager.DagBundlesManager"}
{"timestamp":"2025-07-13T17:49:20.475270","level":"info","event":"Filling up the DagBag from /opt/airflow/dags/data_ingestion_gcs_dag.py","logger":"airflow.models.dagbag.DagBag"}
{"timestamp":"2025-07-13T17:49:37.307311","level":"info","event":"Tmp dir root location: /tmp","logger":"airflow.task.hooks.airflow.providers.standard.hooks.subprocess.SubprocessHook"}
{"timestamp":"2025-07-13T17:49:37.318790","level":"info","event":"Running command: ['/usr/bin/bash', '-c', 'echo https://github.com/DataTalksClub/nyc-tlc-data/releases/download/fhv/fhv_tripdata_2019-04.csv.gz && wget --no-verbose https://github.com/DataTalksClub/nyc-tlc-data/releases/download/fhv/fhv_tripdata_2019-04.csv.gz -O /opt/airflow/fhv_tripdata_2019-04.csv.gz && gunzip -f /opt/airflow/fhv_tripdata_2019-04.csv.gz']","logger":"airflow.task.hooks.airflow.providers.standard.hooks.subprocess.SubprocessHook"}
{"timestamp":"2025-07-13T17:49:37.420508","level":"info","event":"Output:","logger":"airflow.task.hooks.airflow.providers.standard.hooks.subprocess.SubprocessHook"}
{"timestamp":"2025-07-13T17:49:37.422376","level":"info","event":"https://github.com/DataTalksClub/nyc-tlc-data/releases/download/fhv/fhv_tripdata_2019-04.csv.gz","logger":"airflow.task.hooks.airflow.providers.standard.hooks.subprocess.SubprocessHook"}
{"timestamp":"2025-07-13T17:49:39.471613","level":"info","event":"2025-07-13 17:49:39 URL:https://objects.githubusercontent.com/github-production-release-asset-2e65be/513814948/ac6d4fa7-40ad-46ab-9f79-56f3b7615f6f?X-Amz-Algorithm=AWS4-HMAC-SHA256&X-Amz-Credential=releaseassetproduction%2F20250713%2Fus-east-1%2Fs3%2Faws4_request&X-Amz-Date=20250713T174937Z&X-Amz-Expires=1800&X-Amz-Signature=8a35124d600377678d2684a7be12a9cc5806a947baafa7e352c382b499486c94&X-Amz-SignedHeaders=host&response-content-disposition=attachment%3B%20filename%3Dfhv_tripdata_2019-04.csv.gz&response-content-type=application%2Foctet-stream [17196113/17196113] -> \"/opt/airflow/fhv_tripdata_2019-04.csv.gz\" [1]","logger":"airflow.task.hooks.airflow.providers.standard.hooks.subprocess.SubprocessHook"}
{"timestamp":"2025-07-13T17:49:41.883974","level":"info","event":"Command exited with return code 0","logger":"airflow.task.hooks.airflow.providers.standard.hooks.subprocess.SubprocessHook"}
{"timestamp":"2025-07-13T17:49:41.902940","level":"info","event":"Pushing xcom","ti":"RuntimeTaskInstance(id=UUID('019804e7-c3be-7f5e-9788-8cd6ecb13ff2'), task_id='download_dataset_task', dag_id='upload_gcs_fhvtrips', run_id='scheduled__2019-04-02T06:00:00+00:00', try_number=1, map_index=-1, hostname='890ba30a36b0', context_carrier={}, task=<Task(BashOperator): download_dataset_task>, bundle_instance=LocalDagBundle(name=dags-folder), max_tries=0, start_date=datetime.datetime(2025, 7, 13, 17, 49, 15, 148191, tzinfo=TzInfo(UTC)), end_date=None, state=<TaskInstanceState.RUNNING: 'running'>, is_mapped=False, rendered_map_index=None)","logger":"task"}
