{"timestamp":"2025-07-17T06:41:55.148188","level":"info","event":"DAG bundles loaded: dags-folder","logger":"airflow.dag_processing.bundles.manager.DagBundlesManager"}
{"timestamp":"2025-07-17T06:41:55.150681","level":"info","event":"Filling up the DagBag from /opt/airflow/dags/data_ingestion_localpg_dag.py","logger":"airflow.models.dagbag.DagBag"}
{"timestamp":"2025-07-17T06:41:56.527542","level":"info","event":"Tmp dir root location: /tmp","logger":"airflow.task.hooks.airflow.providers.standard.hooks.subprocess.SubprocessHook"}
{"timestamp":"2025-07-17T06:41:56.545798","level":"info","event":"Running command: ['/usr/bin/bash', '-c', 'wget https://github.com/DataTalksClub/nyc-tlc-data/releases/download/green/green_tripdata_2019-04.csv.gz -O /opt/airflow/green_tripdata_2019-04.csv.gz && gunzip -f /opt/airflow/green_tripdata_2019-04.csv.gz || rm -f /opt/airflow/green_tripdata_2019-04.csv.gz']","logger":"airflow.task.hooks.airflow.providers.standard.hooks.subprocess.SubprocessHook"}
{"timestamp":"2025-07-17T06:41:56.657414","level":"info","event":"Output:","logger":"airflow.task.hooks.airflow.providers.standard.hooks.subprocess.SubprocessHook"}
{"timestamp":"2025-07-17T06:41:56.732463","level":"info","event":"--2025-07-17 06:41:56--  https://github.com/DataTalksClub/nyc-tlc-data/releases/download/green/green_tripdata_2019-04.csv.gz","logger":"airflow.task.hooks.airflow.providers.standard.hooks.subprocess.SubprocessHook"}
{"timestamp":"2025-07-17T06:41:56.815765","level":"info","event":"Resolving github.com (github.com)... 20.205.243.166","logger":"airflow.task.hooks.airflow.providers.standard.hooks.subprocess.SubprocessHook"}
{"timestamp":"2025-07-17T06:41:56.830089","level":"info","event":"Connecting to github.com (github.com)|20.205.243.166|:443... connected.","logger":"airflow.task.hooks.airflow.providers.standard.hooks.subprocess.SubprocessHook"}
{"timestamp":"2025-07-17T06:41:57.180626","level":"info","event":"HTTP request sent, awaiting response... 302 Found","logger":"airflow.task.hooks.airflow.providers.standard.hooks.subprocess.SubprocessHook"}
{"timestamp":"2025-07-17T06:41:57.180811","level":"info","event":"Location: https://objects.githubusercontent.com/github-production-release-asset-2e65be/513814948/f73e090d-a75a-4ede-ac2a-9dd7a4867c07?X-Amz-Algorithm=AWS4-HMAC-SHA256&X-Amz-Credential=releaseassetproduction%2F20250717%2Fus-east-1%2Fs3%2Faws4_request&X-Amz-Date=20250717T064157Z&X-Amz-Expires=1800&X-Amz-Signature=206b6b40122d9854b60700514c1ece08a8ea255a236244ad795479c949880329&X-Amz-SignedHeaders=host&response-content-disposition=attachment%3B%20filename%3Dgreen_tripdata_2019-04.csv.gz&response-content-type=application%2Foctet-stream [following]","logger":"airflow.task.hooks.airflow.providers.standard.hooks.subprocess.SubprocessHook"}
{"timestamp":"2025-07-17T06:41:57.180916","level":"info","event":"--2025-07-17 06:41:57--  https://objects.githubusercontent.com/github-production-release-asset-2e65be/513814948/f73e090d-a75a-4ede-ac2a-9dd7a4867c07?X-Amz-Algorithm=AWS4-HMAC-SHA256&X-Amz-Credential=releaseassetproduction%2F20250717%2Fus-east-1%2Fs3%2Faws4_request&X-Amz-Date=20250717T064157Z&X-Amz-Expires=1800&X-Amz-Signature=206b6b40122d9854b60700514c1ece08a8ea255a236244ad795479c949880329&X-Amz-SignedHeaders=host&response-content-disposition=attachment%3B%20filename%3Dgreen_tripdata_2019-04.csv.gz&response-content-type=application%2Foctet-stream","logger":"airflow.task.hooks.airflow.providers.standard.hooks.subprocess.SubprocessHook"}
{"timestamp":"2025-07-17T06:41:57.188608","level":"info","event":"Resolving objects.githubusercontent.com (objects.githubusercontent.com)... 185.199.111.133, 185.199.108.133, 185.199.109.133, ...","logger":"airflow.task.hooks.airflow.providers.standard.hooks.subprocess.SubprocessHook"}
{"timestamp":"2025-07-17T06:41:57.198691","level":"info","event":"Connecting to objects.githubusercontent.com (objects.githubusercontent.com)|185.199.111.133|:443... connected.","logger":"airflow.task.hooks.airflow.providers.standard.hooks.subprocess.SubprocessHook"}
{"timestamp":"2025-07-17T06:41:58.470548","level":"info","event":"HTTP request sent, awaiting response... 200 OK","logger":"airflow.task.hooks.airflow.providers.standard.hooks.subprocess.SubprocessHook"}
{"timestamp":"2025-07-17T06:41:58.470722","level":"info","event":"Length: 9092312 (8.7M) [application/octet-stream]","logger":"airflow.task.hooks.airflow.providers.standard.hooks.subprocess.SubprocessHook"}
{"timestamp":"2025-07-17T06:41:58.470798","level":"info","event":"Saving to: ‘/opt/airflow/green_tripdata_2019-04.csv.gz’","logger":"airflow.task.hooks.airflow.providers.standard.hooks.subprocess.SubprocessHook"}
{"timestamp":"2025-07-17T06:41:58.470874","level":"info","event":"","logger":"airflow.task.hooks.airflow.providers.standard.hooks.subprocess.SubprocessHook"}
{"timestamp":"2025-07-17T06:41:58.478433","level":"info","event":"     0K .......... .......... .......... .......... ..........  0% 6.28M 1s","logger":"airflow.task.hooks.airflow.providers.standard.hooks.subprocess.SubprocessHook"}
{"timestamp":"2025-07-17T06:41:58.482662","level":"info","event":"    50K .......... .......... .......... .......... ..........  1% 11.6M 1s","logger":"airflow.task.hooks.airflow.providers.standard.hooks.subprocess.SubprocessHook"}
{"timestamp":"2025-07-17T06:41:58.487594","level":"info","event":"   100K .......... .......... .......... .......... ..........  1% 9.98M 1s","logger":"airflow.task.hooks.airflow.providers.standard.hooks.subprocess.SubprocessHook"}
{"timestamp":"2025-07-17T06:41:58.490109","level":"info","event":"   150K .......... .......... .......... .......... ..........  2% 18.5M 1s","logger":"airflow.task.hooks.airflow.providers.standard.hooks.subprocess.SubprocessHook"}
{"timestamp":"2025-07-17T06:41:58.491843","level":"info","event":"   200K .......... .......... .......... .......... ..........  2% 27.7M 1s","logger":"airflow.task.hooks.airflow.providers.standard.hooks.subprocess.SubprocessHook"}
{"timestamp":"2025-07-17T06:41:58.495054","level":"info","event":"   250K .......... .......... .......... .......... ..........  3% 18.1M 1s","logger":"airflow.task.hooks.airflow.providers.standard.hooks.subprocess.SubprocessHook"}
{"timestamp":"2025-07-17T06:41:58.496332","level":"info","event":"   300K .......... .......... .......... .......... ..........  3% 27.1M 1s","logger":"airflow.task.hooks.airflow.providers.standard.hooks.subprocess.SubprocessHook"}
{"timestamp":"2025-07-17T06:41:58.497834","level":"info","event":"   350K .......... .......... .......... .......... ..........  4% 35.6M 1s","logger":"airflow.task.hooks.airflow.providers.standard.hooks.subprocess.SubprocessHook"}
{"timestamp":"2025-07-17T06:41:58.501119","level":"info","event":"   400K .......... .......... .......... .......... ..........  5% 15.7M 1s","logger":"airflow.task.hooks.airflow.providers.standard.hooks.subprocess.SubprocessHook"}
{"timestamp":"2025-07-17T06:41:58.504858","level":"info","event":"   450K .......... .......... .......... .......... ..........  5% 12.5M 1s","logger":"airflow.task.hooks.airflow.providers.standard.hooks.subprocess.SubprocessHook"}
{"timestamp":"2025-07-17T06:41:58.506872","level":"info","event":"   500K .......... .......... .......... .......... ..........  6% 24.5M 1s","logger":"airflow.task.hooks.airflow.providers.standard.hooks.subprocess.SubprocessHook"}
{"timestamp":"2025-07-17T06:41:58.508860","level":"info","event":"   550K .......... .......... .......... .......... ..........  6% 24.5M 1s","logger":"airflow.task.hooks.airflow.providers.standard.hooks.subprocess.SubprocessHook"}
{"timestamp":"2025-07-17T06:41:58.509820","level":"info","event":"   600K .......... .......... .......... .......... ..........  7% 48.7M 0s","logger":"airflow.task.hooks.airflow.providers.standard.hooks.subprocess.SubprocessHook"}
{"timestamp":"2025-07-17T06:41:58.512362","level":"info","event":"   650K .......... .......... .......... .......... ..........  7% 18.9M 0s","logger":"airflow.task.hooks.airflow.providers.standard.hooks.subprocess.SubprocessHook"}
{"timestamp":"2025-07-17T06:41:58.516110","level":"info","event":"   700K .......... .......... .......... .......... ..........  8% 13.9M 0s","logger":"airflow.task.hooks.airflow.providers.standard.hooks.subprocess.SubprocessHook"}
{"timestamp":"2025-07-17T06:41:58.517048","level":"info","event":"   750K .......... .......... .......... .......... ..........  9% 39.5M 0s","logger":"airflow.task.hooks.airflow.providers.standard.hooks.subprocess.SubprocessHook"}
{"timestamp":"2025-07-17T06:41:58.518764","level":"info","event":"   800K .......... .......... .......... .......... ..........  9% 28.6M 0s","logger":"airflow.task.hooks.airflow.providers.standard.hooks.subprocess.SubprocessHook"}
{"timestamp":"2025-07-17T06:41:58.522662","level":"info","event":"   850K .......... .......... .......... .......... .......... 10% 12.7M 0s","logger":"airflow.task.hooks.airflow.providers.standard.hooks.subprocess.SubprocessHook"}
{"timestamp":"2025-07-17T06:41:58.523385","level":"info","event":"   900K .......... .......... .......... .......... .......... 10% 61.5M 0s","logger":"airflow.task.hooks.airflow.providers.standard.hooks.subprocess.SubprocessHook"}
{"timestamp":"2025-07-17T06:41:58.526054","level":"info","event":"   950K .......... .......... .......... .......... .......... 11% 18.4M 0s","logger":"airflow.task.hooks.airflow.providers.standard.hooks.subprocess.SubprocessHook"}
{"timestamp":"2025-07-17T06:41:58.530525","level":"info","event":"  1000K .......... .......... .......... .......... .......... 11% 10.9M 0s","logger":"airflow.task.hooks.airflow.providers.standard.hooks.subprocess.SubprocessHook"}
{"timestamp":"2025-07-17T06:41:58.532052","level":"info","event":"  1050K .......... .......... .......... .......... .......... 12% 31.4M 0s","logger":"airflow.task.hooks.airflow.providers.standard.hooks.subprocess.SubprocessHook"}
{"timestamp":"2025-07-17T06:41:58.538155","level":"info","event":"  1100K .......... .......... .......... .......... .......... 12% 8.09M 0s","logger":"airflow.task.hooks.airflow.providers.standard.hooks.subprocess.SubprocessHook"}
{"timestamp":"2025-07-17T06:41:58.540199","level":"info","event":"  1150K .......... .......... .......... .......... .......... 13% 23.5M 0s","logger":"airflow.task.hooks.airflow.providers.standard.hooks.subprocess.SubprocessHook"}
{"timestamp":"2025-07-17T06:41:58.541175","level":"info","event":"  1200K .......... .......... .......... .......... .......... 14% 54.6M 0s","logger":"airflow.task.hooks.airflow.providers.standard.hooks.subprocess.SubprocessHook"}
{"timestamp":"2025-07-17T06:41:58.543408","level":"info","event":"  1250K .......... .......... .......... .......... .......... 14% 21.3M 0s","logger":"airflow.task.hooks.airflow.providers.standard.hooks.subprocess.SubprocessHook"}
{"timestamp":"2025-07-17T06:41:58.547046","level":"info","event":"  1300K .......... .......... .......... .......... .......... 15% 13.5M 0s","logger":"airflow.task.hooks.airflow.providers.standard.hooks.subprocess.SubprocessHook"}
{"timestamp":"2025-07-17T06:41:58.549095","level":"info","event":"  1350K .......... .......... .......... .......... .......... 15% 23.6M 0s","logger":"airflow.task.hooks.airflow.providers.standard.hooks.subprocess.SubprocessHook"}
{"timestamp":"2025-07-17T06:41:58.551427","level":"info","event":"  1400K .......... .......... .......... .......... .......... 16% 21.0M 0s","logger":"airflow.task.hooks.airflow.providers.standard.hooks.subprocess.SubprocessHook"}
{"timestamp":"2025-07-17T06:41:58.553786","level":"info","event":"  1450K .......... .......... .......... .......... .......... 16% 20.5M 0s","logger":"airflow.task.hooks.airflow.providers.standard.hooks.subprocess.SubprocessHook"}
{"timestamp":"2025-07-17T06:41:58.557758","level":"info","event":"  1500K .......... .......... .......... .......... .......... 17% 12.5M 0s","logger":"airflow.task.hooks.airflow.providers.standard.hooks.subprocess.SubprocessHook"}
{"timestamp":"2025-07-17T06:41:58.560104","level":"info","event":"  1550K .......... .......... .......... .......... .......... 18% 20.6M 0s","logger":"airflow.task.hooks.airflow.providers.standard.hooks.subprocess.SubprocessHook"}
{"timestamp":"2025-07-17T06:41:58.563223","level":"info","event":"  1600K .......... .......... .......... .......... .......... 18% 15.7M 0s","logger":"airflow.task.hooks.airflow.providers.standard.hooks.subprocess.SubprocessHook"}
{"timestamp":"2025-07-17T06:41:58.566138","level":"info","event":"  1650K .......... .......... .......... .......... .......... 19% 16.7M 0s","logger":"airflow.task.hooks.airflow.providers.standard.hooks.subprocess.SubprocessHook"}
{"timestamp":"2025-07-17T06:41:58.568930","level":"info","event":"  1700K .......... .......... .......... .......... .......... 19% 19.1M 0s","logger":"airflow.task.hooks.airflow.providers.standard.hooks.subprocess.SubprocessHook"}
{"timestamp":"2025-07-17T06:41:58.571925","level":"info","event":"  1750K .......... .......... .......... .......... .......... 20% 16.0M 0s","logger":"airflow.task.hooks.airflow.providers.standard.hooks.subprocess.SubprocessHook"}
{"timestamp":"2025-07-17T06:41:58.574217","level":"info","event":"  1800K .......... .......... .......... .......... .......... 20% 20.5M 0s","logger":"airflow.task.hooks.airflow.providers.standard.hooks.subprocess.SubprocessHook"}
{"timestamp":"2025-07-17T06:41:58.577994","level":"info","event":"  1850K .......... .......... .......... .......... .......... 21% 12.8M 0s","logger":"airflow.task.hooks.airflow.providers.standard.hooks.subprocess.SubprocessHook"}
{"timestamp":"2025-07-17T06:41:58.580310","level":"info","event":"  1900K .......... .......... .......... .......... .......... 21% 20.7M 0s","logger":"airflow.task.hooks.airflow.providers.standard.hooks.subprocess.SubprocessHook"}
{"timestamp":"2025-07-17T06:41:58.584701","level":"info","event":"  1950K .......... .......... .......... .......... .......... 22% 11.2M 0s","logger":"airflow.task.hooks.airflow.providers.standard.hooks.subprocess.SubprocessHook"}
{"timestamp":"2025-07-17T06:41:58.587790","level":"info","event":"  2000K .......... .......... .......... .......... .......... 23% 15.6M 0s","logger":"airflow.task.hooks.airflow.providers.standard.hooks.subprocess.SubprocessHook"}
{"timestamp":"2025-07-17T06:41:58.588982","level":"info","event":"  2050K .......... .......... .......... .......... .......... 23% 40.0M 0s","logger":"airflow.task.hooks.airflow.providers.standard.hooks.subprocess.SubprocessHook"}
{"timestamp":"2025-07-17T06:41:58.592323","level":"info","event":"  2100K .......... .......... .......... .......... .......... 24% 15.0M 0s","logger":"airflow.task.hooks.airflow.providers.standard.hooks.subprocess.SubprocessHook"}
{"timestamp":"2025-07-17T06:41:58.594732","level":"info","event":"  2150K .......... .......... .......... .......... .......... 24% 20.0M 0s","logger":"airflow.task.hooks.airflow.providers.standard.hooks.subprocess.SubprocessHook"}
{"timestamp":"2025-07-17T06:41:58.596424","level":"info","event":"  2200K .......... .......... .......... .......... .......... 25% 28.1M 0s","logger":"airflow.task.hooks.airflow.providers.standard.hooks.subprocess.SubprocessHook"}
{"timestamp":"2025-07-17T06:41:58.602007","level":"info","event":"  2250K .......... .......... .......... .......... .......... 25% 8.85M 0s","logger":"airflow.task.hooks.airflow.providers.standard.hooks.subprocess.SubprocessHook"}
{"timestamp":"2025-07-17T06:41:58.603716","level":"info","event":"  2300K .......... .......... .......... .......... .......... 26% 28.1M 0s","logger":"airflow.task.hooks.airflow.providers.standard.hooks.subprocess.SubprocessHook"}
{"timestamp":"2025-07-17T06:41:58.607487","level":"info","event":"  2350K .......... .......... .......... .......... .......... 27% 13.1M 0s","logger":"airflow.task.hooks.airflow.providers.standard.hooks.subprocess.SubprocessHook"}
{"timestamp":"2025-07-17T06:41:58.612173","level":"info","event":"  2400K .......... .......... .......... .......... .......... 27% 10.5M 0s","logger":"airflow.task.hooks.airflow.providers.standard.hooks.subprocess.SubprocessHook"}
{"timestamp":"2025-07-17T06:41:58.614233","level":"info","event":"  2450K .......... .......... .......... .......... .......... 28% 22.4M 0s","logger":"airflow.task.hooks.airflow.providers.standard.hooks.subprocess.SubprocessHook"}
{"timestamp":"2025-07-17T06:41:58.616421","level":"info","event":"  2500K .......... .......... .......... .......... .......... 28% 22.7M 0s","logger":"airflow.task.hooks.airflow.providers.standard.hooks.subprocess.SubprocessHook"}
{"timestamp":"2025-07-17T06:41:58.619568","level":"info","event":"  2550K .......... .......... .......... .......... .......... 29% 15.6M 0s","logger":"airflow.task.hooks.airflow.providers.standard.hooks.subprocess.SubprocessHook"}
{"timestamp":"2025-07-17T06:41:58.621084","level":"info","event":"  2600K .......... .......... .......... .......... .......... 29% 36.3M 0s","logger":"airflow.task.hooks.airflow.providers.standard.hooks.subprocess.SubprocessHook"}
{"timestamp":"2025-07-17T06:41:58.622816","level":"info","event":"  2650K .......... .......... .......... .......... .......... 30% 24.4M 0s","logger":"airflow.task.hooks.airflow.providers.standard.hooks.subprocess.SubprocessHook"}
{"timestamp":"2025-07-17T06:41:58.627822","level":"info","event":"  2700K .......... .......... .......... .......... .......... 30% 9.88M 0s","logger":"airflow.task.hooks.airflow.providers.standard.hooks.subprocess.SubprocessHook"}
{"timestamp":"2025-07-17T06:41:58.631244","level":"info","event":"  2750K .......... .......... .......... .......... .......... 31% 14.3M 0s","logger":"airflow.task.hooks.airflow.providers.standard.hooks.subprocess.SubprocessHook"}
{"timestamp":"2025-07-17T06:41:58.633697","level":"info","event":"  2800K .......... .......... .......... .......... .......... 32% 22.2M 0s","logger":"airflow.task.hooks.airflow.providers.standard.hooks.subprocess.SubprocessHook"}
{"timestamp":"2025-07-17T06:41:58.635116","level":"info","event":"  2850K .......... .......... .......... .......... .......... 32% 30.1M 0s","logger":"airflow.task.hooks.airflow.providers.standard.hooks.subprocess.SubprocessHook"}
{"timestamp":"2025-07-17T06:41:58.638252","level":"info","event":"  2900K .......... .......... .......... .......... .......... 33% 15.5M 0s","logger":"airflow.task.hooks.airflow.providers.standard.hooks.subprocess.SubprocessHook"}
{"timestamp":"2025-07-17T06:41:58.640983","level":"info","event":"  2950K .......... .......... .......... .......... .......... 33% 18.0M 0s","logger":"airflow.task.hooks.airflow.providers.standard.hooks.subprocess.SubprocessHook"}
{"timestamp":"2025-07-17T06:41:58.642614","level":"info","event":"  3000K .......... .......... .......... .......... .......... 34% 30.1M 0s","logger":"airflow.task.hooks.airflow.providers.standard.hooks.subprocess.SubprocessHook"}
{"timestamp":"2025-07-17T06:41:58.645126","level":"info","event":"  3050K .......... .......... .......... .......... .......... 34% 19.1M 0s","logger":"airflow.task.hooks.airflow.providers.standard.hooks.subprocess.SubprocessHook"}
{"timestamp":"2025-07-17T06:41:58.649154","level":"info","event":"  3100K .......... .......... .......... .......... .......... 35% 12.5M 0s","logger":"airflow.task.hooks.airflow.providers.standard.hooks.subprocess.SubprocessHook"}
{"timestamp":"2025-07-17T06:41:58.654445","level":"info","event":"  3150K .......... .......... .......... .......... .......... 36% 9.29M 0s","logger":"airflow.task.hooks.airflow.providers.standard.hooks.subprocess.SubprocessHook"}
{"timestamp":"2025-07-17T06:41:58.656193","level":"info","event":"  3200K .......... .......... .......... .......... .......... 36% 25.6M 0s","logger":"airflow.task.hooks.airflow.providers.standard.hooks.subprocess.SubprocessHook"}
{"timestamp":"2025-07-17T06:41:58.658610","level":"info","event":"  3250K .......... .......... .......... .......... .......... 37% 20.6M 0s","logger":"airflow.task.hooks.airflow.providers.standard.hooks.subprocess.SubprocessHook"}
{"timestamp":"2025-07-17T06:41:58.665641","level":"info","event":"  3300K .......... .......... .......... .......... .......... 37% 7.05M 0s","logger":"airflow.task.hooks.airflow.providers.standard.hooks.subprocess.SubprocessHook"}
{"timestamp":"2025-07-17T06:41:58.667197","level":"info","event":"  3350K .......... .......... .......... .......... .......... 38% 44.3M 0s","logger":"airflow.task.hooks.airflow.providers.standard.hooks.subprocess.SubprocessHook"}
{"timestamp":"2025-07-17T06:41:58.668469","level":"info","event":"  3400K .......... .......... .......... .......... .......... 38% 27.1M 0s","logger":"airflow.task.hooks.airflow.providers.standard.hooks.subprocess.SubprocessHook"}
{"timestamp":"2025-07-17T06:41:58.669680","level":"info","event":"  3450K .......... .......... .......... .......... .......... 39% 38.2M 0s","logger":"airflow.task.hooks.airflow.providers.standard.hooks.subprocess.SubprocessHook"}
{"timestamp":"2025-07-17T06:41:58.672231","level":"info","event":"  3500K .......... .......... .......... .......... .......... 39% 19.2M 0s","logger":"airflow.task.hooks.airflow.providers.standard.hooks.subprocess.SubprocessHook"}
{"timestamp":"2025-07-17T06:41:58.674575","level":"info","event":"  3550K .......... .......... .......... .......... .......... 40% 22.8M 0s","logger":"airflow.task.hooks.airflow.providers.standard.hooks.subprocess.SubprocessHook"}
{"timestamp":"2025-07-17T06:41:58.678805","level":"info","event":"  3600K .......... .......... .......... .......... .......... 41% 11.0M 0s","logger":"airflow.task.hooks.airflow.providers.standard.hooks.subprocess.SubprocessHook"}
{"timestamp":"2025-07-17T06:41:58.679194","level":"info","event":"  3650K .......... .......... .......... .......... .......... 41%  174M 0s","logger":"airflow.task.hooks.airflow.providers.standard.hooks.subprocess.SubprocessHook"}
{"timestamp":"2025-07-17T06:41:58.680809","level":"info","event":"  3700K .......... .......... .......... .......... .......... 42% 29.6M 0s","logger":"airflow.task.hooks.airflow.providers.standard.hooks.subprocess.SubprocessHook"}
{"timestamp":"2025-07-17T06:41:58.698628","level":"info","event":"  3750K .......... .......... .......... .......... .......... 42% 2.77M 0s","logger":"airflow.task.hooks.airflow.providers.standard.hooks.subprocess.SubprocessHook"}
{"timestamp":"2025-07-17T06:41:58.701640","level":"info","event":"  3800K .......... .......... .......... .......... .......... 43% 15.8M 0s","logger":"airflow.task.hooks.airflow.providers.standard.hooks.subprocess.SubprocessHook"}
{"timestamp":"2025-07-17T06:41:58.709174","level":"info","event":"  3850K .......... .......... .......... .......... .......... 43% 6.72M 0s","logger":"airflow.task.hooks.airflow.providers.standard.hooks.subprocess.SubprocessHook"}
{"timestamp":"2025-07-17T06:41:58.716276","level":"info","event":"  3900K .......... .......... .......... .......... .......... 44% 6.58M 0s","logger":"airflow.task.hooks.airflow.providers.standard.hooks.subprocess.SubprocessHook"}
{"timestamp":"2025-07-17T06:41:58.722573","level":"info","event":"  3950K .......... .......... .......... .......... .......... 45% 7.74M 0s","logger":"airflow.task.hooks.airflow.providers.standard.hooks.subprocess.SubprocessHook"}
{"timestamp":"2025-07-17T06:41:58.728963","level":"info","event":"  4000K .......... .......... .......... .......... .......... 45% 8.19M 0s","logger":"airflow.task.hooks.airflow.providers.standard.hooks.subprocess.SubprocessHook"}
{"timestamp":"2025-07-17T06:41:58.729086","level":"info","event":"  4050K .......... .......... .......... .......... .......... 46%  206M 0s","logger":"airflow.task.hooks.airflow.providers.standard.hooks.subprocess.SubprocessHook"}
{"timestamp":"2025-07-17T06:41:58.729136","level":"info","event":"  4100K .......... .......... .......... .......... .......... 46%  214M 0s","logger":"airflow.task.hooks.airflow.providers.standard.hooks.subprocess.SubprocessHook"}
{"timestamp":"2025-07-17T06:41:58.729182","level":"info","event":"  4150K .......... .......... .......... .......... .......... 47%  289M 0s","logger":"airflow.task.hooks.airflow.providers.standard.hooks.subprocess.SubprocessHook"}
{"timestamp":"2025-07-17T06:41:58.730591","level":"info","event":"  4200K .......... .......... .......... .......... .......... 47% 56.9M 0s","logger":"airflow.task.hooks.airflow.providers.standard.hooks.subprocess.SubprocessHook"}
{"timestamp":"2025-07-17T06:41:58.730820","level":"info","event":"  4250K .......... .......... .......... .......... .......... 48%  165M 0s","logger":"airflow.task.hooks.airflow.providers.standard.hooks.subprocess.SubprocessHook"}
{"timestamp":"2025-07-17T06:41:58.749850","level":"info","event":"  4300K .......... .......... .......... .......... .......... 48% 2.97M 0s","logger":"airflow.task.hooks.airflow.providers.standard.hooks.subprocess.SubprocessHook"}
{"timestamp":"2025-07-17T06:41:58.754789","level":"info","event":"  4350K .......... .......... .......... .......... .......... 49% 9.94M 0s","logger":"airflow.task.hooks.airflow.providers.standard.hooks.subprocess.SubprocessHook"}
{"timestamp":"2025-07-17T06:41:58.759483","level":"info","event":"  4400K .......... .......... .......... .......... .......... 50% 7.09M 0s","logger":"airflow.task.hooks.airflow.providers.standard.hooks.subprocess.SubprocessHook"}
{"timestamp":"2025-07-17T06:41:58.759579","level":"info","event":"  4450K .......... .......... .......... .......... .......... 50% 55.4M 0s","logger":"airflow.task.hooks.airflow.providers.standard.hooks.subprocess.SubprocessHook"}
{"timestamp":"2025-07-17T06:41:58.769915","level":"info","event":"  4500K .......... .......... .......... .......... .......... 51% 4.66M 0s","logger":"airflow.task.hooks.airflow.providers.standard.hooks.subprocess.SubprocessHook"}
{"timestamp":"2025-07-17T06:41:58.790023","level":"info","event":"  4550K .......... .......... .......... .......... .......... 51% 3.26M 0s","logger":"airflow.task.hooks.airflow.providers.standard.hooks.subprocess.SubprocessHook"}
{"timestamp":"2025-07-17T06:41:58.798702","level":"info","event":"  4600K .......... .......... .......... .......... .......... 52% 3.66M 0s","logger":"airflow.task.hooks.airflow.providers.standard.hooks.subprocess.SubprocessHook"}
{"timestamp":"2025-07-17T06:41:58.798958","level":"info","event":"  4650K .......... .......... .......... .......... .......... 52%  210M 0s","logger":"airflow.task.hooks.airflow.providers.standard.hooks.subprocess.SubprocessHook"}
{"timestamp":"2025-07-17T06:41:58.823504","level":"info","event":"  4700K .......... .......... .......... .......... .......... 53% 2.32M 0s","logger":"airflow.task.hooks.airflow.providers.standard.hooks.subprocess.SubprocessHook"}
{"timestamp":"2025-07-17T06:41:58.831094","level":"info","event":"  4750K .......... .......... .......... .......... .......... 54% 4.43M 0s","logger":"airflow.task.hooks.airflow.providers.standard.hooks.subprocess.SubprocessHook"}
{"timestamp":"2025-07-17T06:41:58.833739","level":"info","event":"  4800K .......... .......... .......... .......... .......... 54% 24.7M 0s","logger":"airflow.task.hooks.airflow.providers.standard.hooks.subprocess.SubprocessHook"}
{"timestamp":"2025-07-17T06:41:58.853566","level":"info","event":"  4850K .......... .......... .......... .......... .......... 55% 10.7M 0s","logger":"airflow.task.hooks.airflow.providers.standard.hooks.subprocess.SubprocessHook"}
{"timestamp":"2025-07-17T06:41:58.857662","level":"info","event":"  4900K .......... .......... .......... .......... .......... 55% 2.36M 0s","logger":"airflow.task.hooks.airflow.providers.standard.hooks.subprocess.SubprocessHook"}
{"timestamp":"2025-07-17T06:41:58.960935","level":"info","event":"  4950K .......... .......... .......... .......... .......... 56%  497K 0s","logger":"airflow.task.hooks.airflow.providers.standard.hooks.subprocess.SubprocessHook"}
{"timestamp":"2025-07-17T06:41:58.992234","level":"info","event":"  5000K .......... .......... .......... .......... .......... 56% 1.45M 0s","logger":"airflow.task.hooks.airflow.providers.standard.hooks.subprocess.SubprocessHook"}
{"timestamp":"2025-07-17T06:41:58.997555","level":"info","event":"  5050K .......... .......... .......... .......... .......... 57% 8.54M 0s","logger":"airflow.task.hooks.airflow.providers.standard.hooks.subprocess.SubprocessHook"}
{"timestamp":"2025-07-17T06:41:59.046752","level":"info","event":"  5100K .......... .......... .......... .......... .......... 58% 1.01M 0s","logger":"airflow.task.hooks.airflow.providers.standard.hooks.subprocess.SubprocessHook"}
{"timestamp":"2025-07-17T06:41:59.084455","level":"info","event":"  5150K .......... .......... .......... .......... .......... 58% 1.27M 0s","logger":"airflow.task.hooks.airflow.providers.standard.hooks.subprocess.SubprocessHook"}
{"timestamp":"2025-07-17T06:41:59.084715","level":"info","event":"  5200K .......... .......... .......... .......... .......... 59%  166M 0s","logger":"airflow.task.hooks.airflow.providers.standard.hooks.subprocess.SubprocessHook"}
{"timestamp":"2025-07-17T06:41:59.176995","level":"info","event":"  5250K .......... .......... .......... .......... .......... 59%  542K 0s","logger":"airflow.task.hooks.airflow.providers.standard.hooks.subprocess.SubprocessHook"}
{"timestamp":"2025-07-17T06:41:59.198186","level":"info","event":"  5300K .......... .......... .......... .......... .......... 60% 2.30M 0s","logger":"airflow.task.hooks.airflow.providers.standard.hooks.subprocess.SubprocessHook"}
{"timestamp":"2025-07-17T06:41:59.200146","level":"info","event":"  5350K .......... .......... .......... .......... .......... 60% 26.6M 0s","logger":"airflow.task.hooks.airflow.providers.standard.hooks.subprocess.SubprocessHook"}
{"timestamp":"2025-07-17T06:41:59.200260","level":"info","event":"  5400K .......... .......... .......... .......... .......... 61%  174M 0s","logger":"airflow.task.hooks.airflow.providers.standard.hooks.subprocess.SubprocessHook"}
{"timestamp":"2025-07-17T06:41:59.200745","level":"info","event":"  5450K .......... .......... .......... .......... .......... 61%  123M 0s","logger":"airflow.task.hooks.airflow.providers.standard.hooks.subprocess.SubprocessHook"}
{"timestamp":"2025-07-17T06:41:59.204292","level":"info","event":"  5500K .......... .......... .......... .......... .......... 62% 13.2M 0s","logger":"airflow.task.hooks.airflow.providers.standard.hooks.subprocess.SubprocessHook"}
{"timestamp":"2025-07-17T06:41:59.207825","level":"info","event":"  5550K .......... .......... .......... .......... .......... 63% 32.5M 0s","logger":"airflow.task.hooks.airflow.providers.standard.hooks.subprocess.SubprocessHook"}
{"timestamp":"2025-07-17T06:41:59.213955","level":"info","event":"  5600K .......... .......... .......... .......... .......... 63% 6.13M 0s","logger":"airflow.task.hooks.airflow.providers.standard.hooks.subprocess.SubprocessHook"}
{"timestamp":"2025-07-17T06:41:59.219800","level":"info","event":"  5650K .......... .......... .......... .......... .......... 64% 8.12M 0s","logger":"airflow.task.hooks.airflow.providers.standard.hooks.subprocess.SubprocessHook"}
{"timestamp":"2025-07-17T06:41:59.225176","level":"info","event":"  5700K .......... .......... .......... .......... .......... 64% 10.3M 0s","logger":"airflow.task.hooks.airflow.providers.standard.hooks.subprocess.SubprocessHook"}
{"timestamp":"2025-07-17T06:41:59.225448","level":"info","event":"  5750K .......... .......... .......... .......... .......... 65% 94.3M 0s","logger":"airflow.task.hooks.airflow.providers.standard.hooks.subprocess.SubprocessHook"}
{"timestamp":"2025-07-17T06:41:59.231925","level":"info","event":"  5800K .......... .......... .......... .......... .......... 65% 7.36M 0s","logger":"airflow.task.hooks.airflow.providers.standard.hooks.subprocess.SubprocessHook"}
{"timestamp":"2025-07-17T06:41:59.241488","level":"info","event":"  5850K .......... .......... .......... .......... .......... 66% 5.40M 0s","logger":"airflow.task.hooks.airflow.providers.standard.hooks.subprocess.SubprocessHook"}
{"timestamp":"2025-07-17T06:41:59.245471","level":"info","event":"  5900K .......... .......... .......... .......... .......... 67% 10.6M 0s","logger":"airflow.task.hooks.airflow.providers.standard.hooks.subprocess.SubprocessHook"}
{"timestamp":"2025-07-17T06:41:59.255707","level":"info","event":"  5950K .......... .......... .......... .......... .......... 67% 5.27M 0s","logger":"airflow.task.hooks.airflow.providers.standard.hooks.subprocess.SubprocessHook"}
{"timestamp":"2025-07-17T06:41:59.256238","level":"info","event":"  6000K .......... .......... .......... .......... .......... 68% 32.6M 0s","logger":"airflow.task.hooks.airflow.providers.standard.hooks.subprocess.SubprocessHook"}
{"timestamp":"2025-07-17T06:41:59.256724","level":"info","event":"  6050K .......... .......... .......... .......... .......... 68%  177M 0s","logger":"airflow.task.hooks.airflow.providers.standard.hooks.subprocess.SubprocessHook"}
{"timestamp":"2025-07-17T06:41:59.258104","level":"info","event":"  6100K .......... .......... .......... .......... .......... 69%  240M 0s","logger":"airflow.task.hooks.airflow.providers.standard.hooks.subprocess.SubprocessHook"}
{"timestamp":"2025-07-17T06:41:59.258892","level":"info","event":"  6150K .......... .......... .......... .......... .......... 69%  204M 0s","logger":"airflow.task.hooks.airflow.providers.standard.hooks.subprocess.SubprocessHook"}
{"timestamp":"2025-07-17T06:41:59.259346","level":"info","event":"  6200K .......... .......... .......... .......... .......... 70% 20.5M 0s","logger":"airflow.task.hooks.airflow.providers.standard.hooks.subprocess.SubprocessHook"}
{"timestamp":"2025-07-17T06:41:59.259483","level":"info","event":"  6250K .......... .......... .......... .......... .......... 70%  142M 0s","logger":"airflow.task.hooks.airflow.providers.standard.hooks.subprocess.SubprocessHook"}
{"timestamp":"2025-07-17T06:41:59.260379","level":"info","event":"  6300K .......... .......... .......... .......... .......... 71%  216M 0s","logger":"airflow.task.hooks.airflow.providers.standard.hooks.subprocess.SubprocessHook"}
{"timestamp":"2025-07-17T06:41:59.260435","level":"info","event":"  6350K .......... .......... .......... .......... .......... 72%  158M 0s","logger":"airflow.task.hooks.airflow.providers.standard.hooks.subprocess.SubprocessHook"}
{"timestamp":"2025-07-17T06:41:59.261160","level":"info","event":"  6400K .......... .......... .......... .......... .......... 72% 94.2M 0s","logger":"airflow.task.hooks.airflow.providers.standard.hooks.subprocess.SubprocessHook"}
{"timestamp":"2025-07-17T06:41:59.262749","level":"info","event":"  6450K .......... .......... .......... .......... .......... 73% 29.7M 0s","logger":"airflow.task.hooks.airflow.providers.standard.hooks.subprocess.SubprocessHook"}
{"timestamp":"2025-07-17T06:41:59.262952","level":"info","event":"  6500K .......... .......... .......... .......... .......... 73%  114M 0s","logger":"airflow.task.hooks.airflow.providers.standard.hooks.subprocess.SubprocessHook"}
{"timestamp":"2025-07-17T06:41:59.263080","level":"info","event":"  6550K .......... .......... .......... .......... .......... 74%  163M 0s","logger":"airflow.task.hooks.airflow.providers.standard.hooks.subprocess.SubprocessHook"}
{"timestamp":"2025-07-17T06:41:59.263191","level":"info","event":"  6600K .......... .......... .......... .......... .......... 74%  231M 0s","logger":"airflow.task.hooks.airflow.providers.standard.hooks.subprocess.SubprocessHook"}
{"timestamp":"2025-07-17T06:41:59.263874","level":"info","event":"  6650K .......... .......... .......... .......... .......... 75%  192M 0s","logger":"airflow.task.hooks.airflow.providers.standard.hooks.subprocess.SubprocessHook"}
{"timestamp":"2025-07-17T06:41:59.266716","level":"info","event":"  6700K .......... .......... .......... .......... .......... 76% 18.1M 0s","logger":"airflow.task.hooks.airflow.providers.standard.hooks.subprocess.SubprocessHook"}
{"timestamp":"2025-07-17T06:41:59.267487","level":"info","event":"  6750K .......... .......... .......... .......... .......... 76% 49.4M 0s","logger":"airflow.task.hooks.airflow.providers.standard.hooks.subprocess.SubprocessHook"}
{"timestamp":"2025-07-17T06:41:59.267531","level":"info","event":"  6800K .......... .......... .......... .......... .......... 77%  131M 0s","logger":"airflow.task.hooks.airflow.providers.standard.hooks.subprocess.SubprocessHook"}
{"timestamp":"2025-07-17T06:41:59.268144","level":"info","event":"  6850K .......... .......... .......... .......... .......... 77%  213M 0s","logger":"airflow.task.hooks.airflow.providers.standard.hooks.subprocess.SubprocessHook"}
{"timestamp":"2025-07-17T06:41:59.268638","level":"info","event":"  6900K .......... .......... .......... .......... .......... 78% 60.4M 0s","logger":"airflow.task.hooks.airflow.providers.standard.hooks.subprocess.SubprocessHook"}
{"timestamp":"2025-07-17T06:41:59.269107","level":"info","event":"  6950K .......... .......... .......... .......... .......... 78%  206M 0s","logger":"airflow.task.hooks.airflow.providers.standard.hooks.subprocess.SubprocessHook"}
{"timestamp":"2025-07-17T06:41:59.269404","level":"info","event":"  7000K .......... .......... .......... .......... .......... 79%  242M 0s","logger":"airflow.task.hooks.airflow.providers.standard.hooks.subprocess.SubprocessHook"}
{"timestamp":"2025-07-17T06:41:59.269444","level":"info","event":"  7050K .......... .......... .......... .......... .......... 79%  184M 0s","logger":"airflow.task.hooks.airflow.providers.standard.hooks.subprocess.SubprocessHook"}
{"timestamp":"2025-07-17T06:41:59.270163","level":"info","event":"  7100K .......... .......... .......... .......... .......... 80% 55.8M 0s","logger":"airflow.task.hooks.airflow.providers.standard.hooks.subprocess.SubprocessHook"}
{"timestamp":"2025-07-17T06:41:59.271445","level":"info","event":"  7150K .......... .......... .......... .......... .......... 81%  122M 0s","logger":"airflow.task.hooks.airflow.providers.standard.hooks.subprocess.SubprocessHook"}
{"timestamp":"2025-07-17T06:41:59.271513","level":"info","event":"  7200K .......... .......... .......... .......... .......... 81%  191M 0s","logger":"airflow.task.hooks.airflow.providers.standard.hooks.subprocess.SubprocessHook"}
{"timestamp":"2025-07-17T06:41:59.271549","level":"info","event":"  7250K .......... .......... .......... .......... .......... 82%  167M 0s","logger":"airflow.task.hooks.airflow.providers.standard.hooks.subprocess.SubprocessHook"}
{"timestamp":"2025-07-17T06:41:59.271569","level":"info","event":"  7300K .......... .......... .......... .......... .......... 82%  166M 0s","logger":"airflow.task.hooks.airflow.providers.standard.hooks.subprocess.SubprocessHook"}
{"timestamp":"2025-07-17T06:41:59.271605","level":"info","event":"  7350K .......... .......... .......... .......... .......... 83%  213M 0s","logger":"airflow.task.hooks.airflow.providers.standard.hooks.subprocess.SubprocessHook"}
{"timestamp":"2025-07-17T06:41:59.273049","level":"info","event":"  7400K .......... .......... .......... .......... .......... 83%  129M 0s","logger":"airflow.task.hooks.airflow.providers.standard.hooks.subprocess.SubprocessHook"}
{"timestamp":"2025-07-17T06:41:59.273118","level":"info","event":"  7450K .......... .......... .......... .......... .......... 84%  152M 0s","logger":"airflow.task.hooks.airflow.providers.standard.hooks.subprocess.SubprocessHook"}
{"timestamp":"2025-07-17T06:41:59.273979","level":"info","event":"  7500K .......... .......... .......... .......... .......... 85% 33.2M 0s","logger":"airflow.task.hooks.airflow.providers.standard.hooks.subprocess.SubprocessHook"}
{"timestamp":"2025-07-17T06:41:59.279993","level":"info","event":"  7550K .......... .......... .......... .......... .......... 85% 9.04M 0s","logger":"airflow.task.hooks.airflow.providers.standard.hooks.subprocess.SubprocessHook"}
{"timestamp":"2025-07-17T06:41:59.280107","level":"info","event":"  7600K .......... .......... .......... .......... .......... 86% 69.7M 0s","logger":"airflow.task.hooks.airflow.providers.standard.hooks.subprocess.SubprocessHook"}
{"timestamp":"2025-07-17T06:41:59.280157","level":"info","event":"  7650K .......... .......... .......... .......... .......... 86%  177M 0s","logger":"airflow.task.hooks.airflow.providers.standard.hooks.subprocess.SubprocessHook"}
{"timestamp":"2025-07-17T06:41:59.280432","level":"info","event":"  7700K .......... .......... .......... .......... .......... 87%  196M 0s","logger":"airflow.task.hooks.airflow.providers.standard.hooks.subprocess.SubprocessHook"}
{"timestamp":"2025-07-17T06:41:59.280760","level":"info","event":"  7750K .......... .......... .......... .......... .......... 87%  215M 0s","logger":"airflow.task.hooks.airflow.providers.standard.hooks.subprocess.SubprocessHook"}
{"timestamp":"2025-07-17T06:41:59.281000","level":"info","event":"  7800K .......... .......... .......... .......... .......... 88%  136M 0s","logger":"airflow.task.hooks.airflow.providers.standard.hooks.subprocess.SubprocessHook"}
{"timestamp":"2025-07-17T06:41:59.281275","level":"info","event":"  7850K .......... .......... .......... .......... .......... 88%  163M 0s","logger":"airflow.task.hooks.airflow.providers.standard.hooks.subprocess.SubprocessHook"}
{"timestamp":"2025-07-17T06:41:59.282139","level":"info","event":"  7900K .......... .......... .......... .......... .......... 89%  109M 0s","logger":"airflow.task.hooks.airflow.providers.standard.hooks.subprocess.SubprocessHook"}
{"timestamp":"2025-07-17T06:41:59.282497","level":"info","event":"  7950K .......... .......... .......... .......... .......... 90% 74.4M 0s","logger":"airflow.task.hooks.airflow.providers.standard.hooks.subprocess.SubprocessHook"}
{"timestamp":"2025-07-17T06:41:59.282889","level":"info","event":"  8000K .......... .......... .......... .......... .......... 90% 99.6M 0s","logger":"airflow.task.hooks.airflow.providers.standard.hooks.subprocess.SubprocessHook"}
{"timestamp":"2025-07-17T06:41:59.284079","level":"info","event":"  8050K .......... .......... .......... .......... .......... 91%  217M 0s","logger":"airflow.task.hooks.airflow.providers.standard.hooks.subprocess.SubprocessHook"}
{"timestamp":"2025-07-17T06:41:59.284143","level":"info","event":"  8100K .......... .......... .......... .......... .......... 91% 51.1M 0s","logger":"airflow.task.hooks.airflow.providers.standard.hooks.subprocess.SubprocessHook"}
{"timestamp":"2025-07-17T06:41:59.286014","level":"info","event":"  8150K .......... .......... .......... .......... .......... 92% 36.1M 0s","logger":"airflow.task.hooks.airflow.providers.standard.hooks.subprocess.SubprocessHook"}
{"timestamp":"2025-07-17T06:41:59.286101","level":"info","event":"  8200K .......... .......... .......... .......... .......... 92% 61.4M 0s","logger":"airflow.task.hooks.airflow.providers.standard.hooks.subprocess.SubprocessHook"}
{"timestamp":"2025-07-17T06:41:59.286968","level":"info","event":"  8250K .......... .......... .......... .......... .......... 93% 81.6M 0s","logger":"airflow.task.hooks.airflow.providers.standard.hooks.subprocess.SubprocessHook"}
{"timestamp":"2025-07-17T06:41:59.287153","level":"info","event":"  8300K .......... .......... .......... .......... .......... 94%  231M 0s","logger":"airflow.task.hooks.airflow.providers.standard.hooks.subprocess.SubprocessHook"}
{"timestamp":"2025-07-17T06:41:59.287193","level":"info","event":"  8350K .......... .......... .......... .......... .......... 94%  225M 0s","logger":"airflow.task.hooks.airflow.providers.standard.hooks.subprocess.SubprocessHook"}
{"timestamp":"2025-07-17T06:41:59.288737","level":"info","event":"  8400K .......... .......... .......... .......... .......... 95% 38.4M 0s","logger":"airflow.task.hooks.airflow.providers.standard.hooks.subprocess.SubprocessHook"}
{"timestamp":"2025-07-17T06:41:59.288778","level":"info","event":"  8450K .......... .......... .......... .......... .......... 95%  215M 0s","logger":"airflow.task.hooks.airflow.providers.standard.hooks.subprocess.SubprocessHook"}
{"timestamp":"2025-07-17T06:41:59.290293","level":"info","event":"  8500K .......... .......... .......... .......... .......... 96% 35.1M 0s","logger":"airflow.task.hooks.airflow.providers.standard.hooks.subprocess.SubprocessHook"}
{"timestamp":"2025-07-17T06:41:59.291465","level":"info","event":"  8550K .......... .......... .......... .......... .......... 96% 54.2M 0s","logger":"airflow.task.hooks.airflow.providers.standard.hooks.subprocess.SubprocessHook"}
{"timestamp":"2025-07-17T06:41:59.291540","level":"info","event":"  8600K .......... .......... .......... .......... .......... 97% 91.9M 0s","logger":"airflow.task.hooks.airflow.providers.standard.hooks.subprocess.SubprocessHook"}
{"timestamp":"2025-07-17T06:41:59.291692","level":"info","event":"  8650K .......... .......... .......... .......... .......... 97%  239M 0s","logger":"airflow.task.hooks.airflow.providers.standard.hooks.subprocess.SubprocessHook"}
{"timestamp":"2025-07-17T06:41:59.292831","level":"info","event":"  8700K .......... .......... .......... .......... .......... 98% 96.1M 0s","logger":"airflow.task.hooks.airflow.providers.standard.hooks.subprocess.SubprocessHook"}
{"timestamp":"2025-07-17T06:41:59.292904","level":"info","event":"  8750K .......... .......... .......... .......... .......... 99%  259M 0s","logger":"airflow.task.hooks.airflow.providers.standard.hooks.subprocess.SubprocessHook"}
{"timestamp":"2025-07-17T06:41:59.292934","level":"info","event":"  8800K .......... .......... .......... .......... .......... 99%  195M 0s","logger":"airflow.task.hooks.airflow.providers.standard.hooks.subprocess.SubprocessHook"}
{"timestamp":"2025-07-17T06:41:59.294055","level":"info","event":"  8850K .......... .......... .........                       100% 34.8M=0.8s","logger":"airflow.task.hooks.airflow.providers.standard.hooks.subprocess.SubprocessHook"}
{"timestamp":"2025-07-17T06:41:59.294232","level":"info","event":"","logger":"airflow.task.hooks.airflow.providers.standard.hooks.subprocess.SubprocessHook"}
{"timestamp":"2025-07-17T06:41:59.294323","level":"info","event":"2025-07-17 06:41:59 (10.5 MB/s) - ‘/opt/airflow/green_tripdata_2019-04.csv.gz’ saved [9092312/9092312]","logger":"airflow.task.hooks.airflow.providers.standard.hooks.subprocess.SubprocessHook"}
{"timestamp":"2025-07-17T06:41:59.294477","level":"info","event":"","logger":"airflow.task.hooks.airflow.providers.standard.hooks.subprocess.SubprocessHook"}
{"timestamp":"2025-07-17T06:41:59.879237","level":"info","event":"Command exited with return code 0","logger":"airflow.task.hooks.airflow.providers.standard.hooks.subprocess.SubprocessHook"}
{"timestamp":"2025-07-17T06:41:59.889166","level":"info","event":"Pushing xcom","ti":"RuntimeTaskInstance(id=UUID('0198171e-3b3e-7f06-a1d6-afa56a37d2bd'), task_id='wget_trips_csvgz', dag_id='local_ingestion_pg_green', run_id='scheduled__2019-04-02T06:00:00+00:00', try_number=1, map_index=-1, hostname='3f7f1d329e72', context_carrier={}, task=<Task(BashOperator): wget_trips_csvgz>, bundle_instance=LocalDagBundle(name=dags-folder), max_tries=0, start_date=datetime.datetime(2025, 7, 17, 6, 41, 54, 306295, tzinfo=TzInfo(UTC)), end_date=None, state=<TaskInstanceState.RUNNING: 'running'>, is_mapped=False, rendered_map_index=None)","logger":"task"}
{"timestamp":"2025-07-17T06:49:51.233522","level":"info","event":"DAG bundles loaded: dags-folder","logger":"airflow.dag_processing.bundles.manager.DagBundlesManager"}
{"timestamp":"2025-07-17T06:49:51.233978","level":"info","event":"Filling up the DagBag from /opt/airflow/dags/data_ingestion_localpg_dag.py","logger":"airflow.models.dagbag.DagBag"}
{"timestamp":"2025-07-17T06:49:51.491933","level":"info","event":"Tmp dir root location: /tmp","logger":"airflow.task.hooks.airflow.providers.standard.hooks.subprocess.SubprocessHook"}
{"timestamp":"2025-07-17T06:49:51.493085","level":"info","event":"Running command: ['/usr/bin/bash', '-c', 'wget https://github.com/DataTalksClub/nyc-tlc-data/releases/download/green/green_tripdata_2019-04.csv.gz -O /opt/airflow/green_tripdata_2019-04.csv.gz && gunzip -f /opt/airflow/green_tripdata_2019-04.csv.gz || rm -f /opt/airflow/green_tripdata_2019-04.csv.gz']","logger":"airflow.task.hooks.airflow.providers.standard.hooks.subprocess.SubprocessHook"}
{"timestamp":"2025-07-17T06:49:51.504807","level":"info","event":"Output:","logger":"airflow.task.hooks.airflow.providers.standard.hooks.subprocess.SubprocessHook"}
{"timestamp":"2025-07-17T06:49:51.509472","level":"info","event":"--2025-07-17 06:49:51--  https://github.com/DataTalksClub/nyc-tlc-data/releases/download/green/green_tripdata_2019-04.csv.gz","logger":"airflow.task.hooks.airflow.providers.standard.hooks.subprocess.SubprocessHook"}
{"timestamp":"2025-07-17T06:49:51.537758","level":"info","event":"Resolving github.com (github.com)... 20.205.243.166","logger":"airflow.task.hooks.airflow.providers.standard.hooks.subprocess.SubprocessHook"}
{"timestamp":"2025-07-17T06:49:51.554619","level":"info","event":"Connecting to github.com (github.com)|20.205.243.166|:443... connected.","logger":"airflow.task.hooks.airflow.providers.standard.hooks.subprocess.SubprocessHook"}
{"timestamp":"2025-07-17T06:49:51.868267","level":"info","event":"HTTP request sent, awaiting response... 302 Found","logger":"airflow.task.hooks.airflow.providers.standard.hooks.subprocess.SubprocessHook"}
{"timestamp":"2025-07-17T06:49:51.868634","level":"info","event":"Location: https://release-assets.githubusercontent.com/github-production-release-asset/513814948/f73e090d-a75a-4ede-ac2a-9dd7a4867c07?sp=r&sv=2018-11-09&sr=b&spr=https&se=2025-07-17T07%3A44%3A52Z&rscd=attachment%3B+filename%3Dgreen_tripdata_2019-04.csv.gz&rsct=application%2Foctet-stream&skoid=96c2d410-5711-43a1-aedd-ab1947aa7ab0&sktid=398a6654-997b-47e9-b12b-9515b896b4de&skt=2025-07-17T06%3A44%3A40Z&ske=2025-07-17T07%3A44%3A52Z&sks=b&skv=2018-11-09&sig=cGRmPjIKGxKxbr9D55C5PB%2BKxPdNRhExN%2FR%2FUDwJutQ%3D&jwt=eyJ******&response-content-disposition=attachment%3B%20filename%3Dgreen_tripdata_2019-04.csv.gz&response-content-type=application%2Foctet-stream [following]","logger":"airflow.task.hooks.airflow.providers.standard.hooks.subprocess.SubprocessHook"}
{"timestamp":"2025-07-17T06:49:51.868798","level":"info","event":"--2025-07-17 06:49:51--  https://release-assets.githubusercontent.com/github-production-release-asset/513814948/f73e090d-a75a-4ede-ac2a-9dd7a4867c07?sp=r&sv=2018-11-09&sr=b&spr=https&se=2025-07-17T07%3A44%3A52Z&rscd=attachment%3B+filename%3Dgreen_tripdata_2019-04.csv.gz&rsct=application%2Foctet-stream&skoid=96c2d410-5711-43a1-aedd-ab1947aa7ab0&sktid=398a6654-997b-47e9-b12b-9515b896b4de&skt=2025-07-17T06%3A44%3A40Z&ske=2025-07-17T07%3A44%3A52Z&sks=b&skv=2018-11-09&sig=cGRmPjIKGxKxbr9D55C5PB%2BKxPdNRhExN%2FR%2FUDwJutQ%3D&jwt=eyJ******&response-content-disposition=attachment%3B%20filename%3Dgreen_tripdata_2019-04.csv.gz&response-content-type=application%2Foctet-stream","logger":"airflow.task.hooks.airflow.providers.standard.hooks.subprocess.SubprocessHook"}
{"timestamp":"2025-07-17T06:49:51.874844","level":"info","event":"Resolving release-assets.githubusercontent.com (release-assets.githubusercontent.com)... 185.199.111.133, 185.199.108.133, 185.199.109.133, ...","logger":"airflow.task.hooks.airflow.providers.standard.hooks.subprocess.SubprocessHook"}
{"timestamp":"2025-07-17T06:49:51.882681","level":"info","event":"Connecting to release-assets.githubusercontent.com (release-assets.githubusercontent.com)|185.199.111.133|:443... connected.","logger":"airflow.task.hooks.airflow.providers.standard.hooks.subprocess.SubprocessHook"}
{"timestamp":"2025-07-17T06:49:52.184101","level":"info","event":"HTTP request sent, awaiting response... 200 OK","logger":"airflow.task.hooks.airflow.providers.standard.hooks.subprocess.SubprocessHook"}
{"timestamp":"2025-07-17T06:49:52.184220","level":"info","event":"Length: 9092312 (8.7M) [application/octet-stream]","logger":"airflow.task.hooks.airflow.providers.standard.hooks.subprocess.SubprocessHook"}
{"timestamp":"2025-07-17T06:49:52.184253","level":"info","event":"Saving to: ‘/opt/airflow/green_tripdata_2019-04.csv.gz’","logger":"airflow.task.hooks.airflow.providers.standard.hooks.subprocess.SubprocessHook"}
{"timestamp":"2025-07-17T06:49:52.184623","level":"info","event":"","logger":"airflow.task.hooks.airflow.providers.standard.hooks.subprocess.SubprocessHook"}
{"timestamp":"2025-07-17T06:49:52.195541","level":"info","event":"     0K .......... .......... .......... .......... ..........  0% 4.35M 2s","logger":"airflow.task.hooks.airflow.providers.standard.hooks.subprocess.SubprocessHook"}
{"timestamp":"2025-07-17T06:49:52.197853","level":"info","event":"    50K .......... .......... .......... .......... ..........  1% 20.9M 1s","logger":"airflow.task.hooks.airflow.providers.standard.hooks.subprocess.SubprocessHook"}
{"timestamp":"2025-07-17T06:49:52.207493","level":"info","event":"   100K .......... .......... .......... .......... ..........  1% 6.09M 1s","logger":"airflow.task.hooks.airflow.providers.standard.hooks.subprocess.SubprocessHook"}
{"timestamp":"2025-07-17T06:49:52.207593","level":"info","event":"   150K .......... .......... .......... .......... ..........  2% 40.3M 1s","logger":"airflow.task.hooks.airflow.providers.standard.hooks.subprocess.SubprocessHook"}
{"timestamp":"2025-07-17T06:49:52.207650","level":"info","event":"   200K .......... .......... .......... .......... ..........  2%  107M 1s","logger":"airflow.task.hooks.airflow.providers.standard.hooks.subprocess.SubprocessHook"}
{"timestamp":"2025-07-17T06:49:52.211707","level":"info","event":"   250K .......... .......... .......... .......... ..........  3% 11.5M 1s","logger":"airflow.task.hooks.airflow.providers.standard.hooks.subprocess.SubprocessHook"}
{"timestamp":"2025-07-17T06:49:52.213568","level":"info","event":"   300K .......... .......... .......... .......... ..........  3% 26.4M 1s","logger":"airflow.task.hooks.airflow.providers.standard.hooks.subprocess.SubprocessHook"}
{"timestamp":"2025-07-17T06:49:52.213907","level":"info","event":"   350K .......... .......... .......... .......... ..........  4%  144M 1s","logger":"airflow.task.hooks.airflow.providers.standard.hooks.subprocess.SubprocessHook"}
{"timestamp":"2025-07-17T06:49:52.214770","level":"info","event":"   400K .......... .......... .......... .......... ..........  5% 58.3M 1s","logger":"airflow.task.hooks.airflow.providers.standard.hooks.subprocess.SubprocessHook"}
{"timestamp":"2025-07-17T06:49:52.216540","level":"info","event":"   450K .......... .......... .......... .......... ..........  5% 28.2M 1s","logger":"airflow.task.hooks.airflow.providers.standard.hooks.subprocess.SubprocessHook"}
{"timestamp":"2025-07-17T06:49:52.217155","level":"info","event":"   500K .......... .......... .......... .......... ..........  6% 66.2M 0s","logger":"airflow.task.hooks.airflow.providers.standard.hooks.subprocess.SubprocessHook"}
{"timestamp":"2025-07-17T06:49:52.219410","level":"info","event":"   550K .......... .......... .......... .......... ..........  6% 23.6M 0s","logger":"airflow.task.hooks.airflow.providers.standard.hooks.subprocess.SubprocessHook"}
{"timestamp":"2025-07-17T06:49:52.221866","level":"info","event":"   600K .......... .......... .......... .......... ..........  7% 18.7M 0s","logger":"airflow.task.hooks.airflow.providers.standard.hooks.subprocess.SubprocessHook"}
{"timestamp":"2025-07-17T06:49:52.223233","level":"info","event":"   650K .......... .......... .......... .......... ..........  7% 36.9M 0s","logger":"airflow.task.hooks.airflow.providers.standard.hooks.subprocess.SubprocessHook"}
{"timestamp":"2025-07-17T06:49:52.225891","level":"info","event":"   700K .......... .......... .......... .......... ..........  8% 18.6M 0s","logger":"airflow.task.hooks.airflow.providers.standard.hooks.subprocess.SubprocessHook"}
{"timestamp":"2025-07-17T06:49:52.227555","level":"info","event":"   750K .......... .......... .......... .......... ..........  9% 32.1M 0s","logger":"airflow.task.hooks.airflow.providers.standard.hooks.subprocess.SubprocessHook"}
{"timestamp":"2025-07-17T06:49:52.228847","level":"info","event":"   800K .......... .......... .......... .......... ..........  9% 32.0M 0s","logger":"airflow.task.hooks.airflow.providers.standard.hooks.subprocess.SubprocessHook"}
{"timestamp":"2025-07-17T06:49:52.230144","level":"info","event":"   850K .......... .......... .......... .......... .......... 10% 41.4M 0s","logger":"airflow.task.hooks.airflow.providers.standard.hooks.subprocess.SubprocessHook"}
{"timestamp":"2025-07-17T06:49:52.230672","level":"info","event":"   900K .......... .......... .......... .......... .......... 10% 75.4M 0s","logger":"airflow.task.hooks.airflow.providers.standard.hooks.subprocess.SubprocessHook"}
{"timestamp":"2025-07-17T06:49:52.232175","level":"info","event":"   950K .......... .......... .......... .......... .......... 11% 31.9M 0s","logger":"airflow.task.hooks.airflow.providers.standard.hooks.subprocess.SubprocessHook"}
{"timestamp":"2025-07-17T06:49:52.234116","level":"info","event":"  1000K .......... .......... .......... .......... .......... 11% 27.8M 0s","logger":"airflow.task.hooks.airflow.providers.standard.hooks.subprocess.SubprocessHook"}
{"timestamp":"2025-07-17T06:49:52.235312","level":"info","event":"  1050K .......... .......... .......... .......... .......... 12% 38.8M 0s","logger":"airflow.task.hooks.airflow.providers.standard.hooks.subprocess.SubprocessHook"}
{"timestamp":"2025-07-17T06:49:52.237180","level":"info","event":"  1100K .......... .......... .......... .......... .......... 12% 28.1M 0s","logger":"airflow.task.hooks.airflow.providers.standard.hooks.subprocess.SubprocessHook"}
{"timestamp":"2025-07-17T06:49:52.238022","level":"info","event":"  1150K .......... .......... .......... .......... .......... 13% 77.1M 0s","logger":"airflow.task.hooks.airflow.providers.standard.hooks.subprocess.SubprocessHook"}
{"timestamp":"2025-07-17T06:49:52.238454","level":"info","event":"  1200K .......... .......... .......... .......... .......... 14%  155M 0s","logger":"airflow.task.hooks.airflow.providers.standard.hooks.subprocess.SubprocessHook"}
{"timestamp":"2025-07-17T06:49:52.239355","level":"info","event":"  1250K .......... .......... .......... .......... .......... 14% 50.3M 0s","logger":"airflow.task.hooks.airflow.providers.standard.hooks.subprocess.SubprocessHook"}
{"timestamp":"2025-07-17T06:49:52.239518","level":"info","event":"  1300K .......... .......... .......... .......... .......... 15% 91.4M 0s","logger":"airflow.task.hooks.airflow.providers.standard.hooks.subprocess.SubprocessHook"}
{"timestamp":"2025-07-17T06:49:52.240494","level":"info","event":"  1350K .......... .......... .......... .......... .......... 15% 50.4M 0s","logger":"airflow.task.hooks.airflow.providers.standard.hooks.subprocess.SubprocessHook"}
{"timestamp":"2025-07-17T06:49:52.241659","level":"info","event":"  1400K .......... .......... .......... .......... .......... 16% 42.9M 0s","logger":"airflow.task.hooks.airflow.providers.standard.hooks.subprocess.SubprocessHook"}
{"timestamp":"2025-07-17T06:49:52.243664","level":"info","event":"  1450K .......... .......... .......... .......... .......... 16% 27.9M 0s","logger":"airflow.task.hooks.airflow.providers.standard.hooks.subprocess.SubprocessHook"}
{"timestamp":"2025-07-17T06:49:52.243759","level":"info","event":"  1500K .......... .......... .......... .......... .......... 17%  197M 0s","logger":"airflow.task.hooks.airflow.providers.standard.hooks.subprocess.SubprocessHook"}
{"timestamp":"2025-07-17T06:49:52.245277","level":"info","event":"  1550K .......... .......... .......... .......... .......... 18% 29.5M 0s","logger":"airflow.task.hooks.airflow.providers.standard.hooks.subprocess.SubprocessHook"}
{"timestamp":"2025-07-17T06:49:52.245351","level":"info","event":"  1600K .......... .......... .......... .......... .......... 18%  238M 0s","logger":"airflow.task.hooks.airflow.providers.standard.hooks.subprocess.SubprocessHook"}
{"timestamp":"2025-07-17T06:49:52.245960","level":"info","event":"  1650K .......... .......... .......... .......... .......... 19%  137M 0s","logger":"airflow.task.hooks.airflow.providers.standard.hooks.subprocess.SubprocessHook"}
{"timestamp":"2025-07-17T06:49:52.245997","level":"info","event":"  1700K .......... .......... .......... .......... .......... 19%  211M 0s","logger":"airflow.task.hooks.airflow.providers.standard.hooks.subprocess.SubprocessHook"}
{"timestamp":"2025-07-17T06:49:52.247812","level":"info","event":"  1750K .......... .......... .......... .......... .......... 20% 29.4M 0s","logger":"airflow.task.hooks.airflow.providers.standard.hooks.subprocess.SubprocessHook"}
{"timestamp":"2025-07-17T06:49:52.247895","level":"info","event":"  1800K .......... .......... .......... .......... .......... 20%  266M 0s","logger":"airflow.task.hooks.airflow.providers.standard.hooks.subprocess.SubprocessHook"}
{"timestamp":"2025-07-17T06:49:52.247937","level":"info","event":"  1850K .......... .......... .......... .......... .......... 21%  313M 0s","logger":"airflow.task.hooks.airflow.providers.standard.hooks.subprocess.SubprocessHook"}
{"timestamp":"2025-07-17T06:49:52.255937","level":"info","event":"  1900K .......... .......... .......... .......... .......... 21% 6.57M 0s","logger":"airflow.task.hooks.airflow.providers.standard.hooks.subprocess.SubprocessHook"}
{"timestamp":"2025-07-17T06:49:52.256469","level":"info","event":"  1950K .......... .......... .......... .......... .......... 22%  228M 0s","logger":"airflow.task.hooks.airflow.providers.standard.hooks.subprocess.SubprocessHook"}
{"timestamp":"2025-07-17T06:49:52.256517","level":"info","event":"  2000K .......... .......... .......... .......... .......... 23% 56.8M 0s","logger":"airflow.task.hooks.airflow.providers.standard.hooks.subprocess.SubprocessHook"}
{"timestamp":"2025-07-17T06:49:52.257330","level":"info","event":"  2050K .......... .......... .......... .......... .......... 23% 57.6M 0s","logger":"airflow.task.hooks.airflow.providers.standard.hooks.subprocess.SubprocessHook"}
{"timestamp":"2025-07-17T06:49:52.257872","level":"info","event":"  2100K .......... .......... .......... .......... .......... 24%  199M 0s","logger":"airflow.task.hooks.airflow.providers.standard.hooks.subprocess.SubprocessHook"}
{"timestamp":"2025-07-17T06:49:52.257930","level":"info","event":"  2150K .......... .......... .......... .......... .......... 24%  264M 0s","logger":"airflow.task.hooks.airflow.providers.standard.hooks.subprocess.SubprocessHook"}
{"timestamp":"2025-07-17T06:49:52.258402","level":"info","event":"  2200K .......... .......... .......... .......... .......... 25% 79.5M 0s","logger":"airflow.task.hooks.airflow.providers.standard.hooks.subprocess.SubprocessHook"}
{"timestamp":"2025-07-17T06:49:52.259017","level":"info","event":"  2250K .......... .......... .......... .......... .......... 25% 79.5M 0s","logger":"airflow.task.hooks.airflow.providers.standard.hooks.subprocess.SubprocessHook"}
{"timestamp":"2025-07-17T06:49:52.260123","level":"info","event":"  2300K .......... .......... .......... .......... .......... 26% 45.6M 0s","logger":"airflow.task.hooks.airflow.providers.standard.hooks.subprocess.SubprocessHook"}
{"timestamp":"2025-07-17T06:49:52.261052","level":"info","event":"  2350K .......... .......... .......... .......... .......... 27% 53.4M 0s","logger":"airflow.task.hooks.airflow.providers.standard.hooks.subprocess.SubprocessHook"}
{"timestamp":"2025-07-17T06:49:52.298251","level":"info","event":"  2400K .......... .......... .......... .......... .......... 27% 1.32M 0s","logger":"airflow.task.hooks.airflow.providers.standard.hooks.subprocess.SubprocessHook"}
{"timestamp":"2025-07-17T06:49:52.298719","level":"info","event":"  2450K .......... .......... .......... .......... .......... 28% 85.5M 0s","logger":"airflow.task.hooks.airflow.providers.standard.hooks.subprocess.SubprocessHook"}
{"timestamp":"2025-07-17T06:49:52.299034","level":"info","event":"  2500K .......... .......... .......... .......... .......... 28%  113M 0s","logger":"airflow.task.hooks.airflow.providers.standard.hooks.subprocess.SubprocessHook"}
{"timestamp":"2025-07-17T06:49:52.303830","level":"info","event":"  2550K .......... .......... .......... .......... .......... 29% 10.2M 0s","logger":"airflow.task.hooks.airflow.providers.standard.hooks.subprocess.SubprocessHook"}
{"timestamp":"2025-07-17T06:49:52.304195","level":"info","event":"  2600K .......... .......... .......... .......... .......... 29%  112M 0s","logger":"airflow.task.hooks.airflow.providers.standard.hooks.subprocess.SubprocessHook"}
{"timestamp":"2025-07-17T06:49:52.305277","level":"info","event":"  2650K .......... .......... .......... .......... .......... 30% 44.6M 0s","logger":"airflow.task.hooks.airflow.providers.standard.hooks.subprocess.SubprocessHook"}
{"timestamp":"2025-07-17T06:49:52.305712","level":"info","event":"  2700K .......... .......... .......... .......... .......... 30%  114M 0s","logger":"airflow.task.hooks.airflow.providers.standard.hooks.subprocess.SubprocessHook"}
{"timestamp":"2025-07-17T06:49:52.306598","level":"info","event":"  2750K .......... .......... .......... .......... .......... 31% 55.3M 0s","logger":"airflow.task.hooks.airflow.providers.standard.hooks.subprocess.SubprocessHook"}
{"timestamp":"2025-07-17T06:49:52.307843","level":"info","event":"  2800K .......... .......... .......... .......... .......... 32% 39.0M 0s","logger":"airflow.task.hooks.airflow.providers.standard.hooks.subprocess.SubprocessHook"}
{"timestamp":"2025-07-17T06:49:52.308708","level":"info","event":"  2850K .......... .......... .......... .......... .......... 32% 58.5M 0s","logger":"airflow.task.hooks.airflow.providers.standard.hooks.subprocess.SubprocessHook"}
{"timestamp":"2025-07-17T06:49:52.310387","level":"info","event":"  2900K .......... .......... .......... .......... .......... 33% 35.6M 0s","logger":"airflow.task.hooks.airflow.providers.standard.hooks.subprocess.SubprocessHook"}
{"timestamp":"2025-07-17T06:49:52.310855","level":"info","event":"  2950K .......... .......... .......... .......... .......... 33%  230M 0s","logger":"airflow.task.hooks.airflow.providers.standard.hooks.subprocess.SubprocessHook"}
{"timestamp":"2025-07-17T06:49:52.311416","level":"info","event":"  3000K .......... .......... .......... .......... .......... 34%  111M 0s","logger":"airflow.task.hooks.airflow.providers.standard.hooks.subprocess.SubprocessHook"}
{"timestamp":"2025-07-17T06:49:52.312046","level":"info","event":"  3050K .......... .......... .......... .......... .......... 34% 41.9M 0s","logger":"airflow.task.hooks.airflow.providers.standard.hooks.subprocess.SubprocessHook"}
{"timestamp":"2025-07-17T06:49:52.312867","level":"info","event":"  3100K .......... .......... .......... .......... .......... 35% 69.4M 0s","logger":"airflow.task.hooks.airflow.providers.standard.hooks.subprocess.SubprocessHook"}
{"timestamp":"2025-07-17T06:49:52.312943","level":"info","event":"  3150K .......... .......... .......... .......... .......... 36%  135M 0s","logger":"airflow.task.hooks.airflow.providers.standard.hooks.subprocess.SubprocessHook"}
{"timestamp":"2025-07-17T06:49:52.313382","level":"info","event":"  3200K .......... .......... .......... .......... .......... 36%  111M 0s","logger":"airflow.task.hooks.airflow.providers.standard.hooks.subprocess.SubprocessHook"}
{"timestamp":"2025-07-17T06:49:52.313634","level":"info","event":"  3250K .......... .......... .......... .......... .......... 37%  255M 0s","logger":"airflow.task.hooks.airflow.providers.standard.hooks.subprocess.SubprocessHook"}
{"timestamp":"2025-07-17T06:49:52.314975","level":"info","event":"  3300K .......... .......... .......... .......... .......... 37% 43.1M 0s","logger":"airflow.task.hooks.airflow.providers.standard.hooks.subprocess.SubprocessHook"}
{"timestamp":"2025-07-17T06:49:52.315230","level":"info","event":"  3350K .......... .......... .......... .......... .......... 38%  213M 0s","logger":"airflow.task.hooks.airflow.providers.standard.hooks.subprocess.SubprocessHook"}
{"timestamp":"2025-07-17T06:49:52.315742","level":"info","event":"  3400K .......... .......... .......... .......... .......... 38% 68.6M 0s","logger":"airflow.task.hooks.airflow.providers.standard.hooks.subprocess.SubprocessHook"}
{"timestamp":"2025-07-17T06:49:52.316016","level":"info","event":"  3450K .......... .......... .......... .......... .......... 39%  205M 0s","logger":"airflow.task.hooks.airflow.providers.standard.hooks.subprocess.SubprocessHook"}
{"timestamp":"2025-07-17T06:49:52.316772","level":"info","event":"  3500K .......... .......... .......... .......... .......... 39% 69.7M 0s","logger":"airflow.task.hooks.airflow.providers.standard.hooks.subprocess.SubprocessHook"}
{"timestamp":"2025-07-17T06:49:52.317816","level":"info","event":"  3550K .......... .......... .......... .......... .......... 40%  109M 0s","logger":"airflow.task.hooks.airflow.providers.standard.hooks.subprocess.SubprocessHook"}
{"timestamp":"2025-07-17T06:49:52.318034","level":"info","event":"  3600K .......... .......... .......... .......... .......... 41%  279M 0s","logger":"airflow.task.hooks.airflow.providers.standard.hooks.subprocess.SubprocessHook"}
{"timestamp":"2025-07-17T06:49:52.318368","level":"info","event":"  3650K .......... .......... .......... .......... .......... 41%  203M 0s","logger":"airflow.task.hooks.airflow.providers.standard.hooks.subprocess.SubprocessHook"}
{"timestamp":"2025-07-17T06:49:52.318478","level":"info","event":"  3700K .......... .......... .......... .......... .......... 42%  266M 0s","logger":"airflow.task.hooks.airflow.providers.standard.hooks.subprocess.SubprocessHook"}
{"timestamp":"2025-07-17T06:49:52.318719","level":"info","event":"  3750K .......... .......... .......... .......... .......... 42% 45.8M 0s","logger":"airflow.task.hooks.airflow.providers.standard.hooks.subprocess.SubprocessHook"}
{"timestamp":"2025-07-17T06:49:52.318945","level":"info","event":"  3800K .......... .......... .......... .......... .......... 43%  191M 0s","logger":"airflow.task.hooks.airflow.providers.standard.hooks.subprocess.SubprocessHook"}
{"timestamp":"2025-07-17T06:49:52.319537","level":"info","event":"  3850K .......... .......... .......... .......... .......... 43% 88.4M 0s","logger":"airflow.task.hooks.airflow.providers.standard.hooks.subprocess.SubprocessHook"}
{"timestamp":"2025-07-17T06:49:52.319788","level":"info","event":"  3900K .......... .......... .......... .......... .......... 44%  204M 0s","logger":"airflow.task.hooks.airflow.providers.standard.hooks.subprocess.SubprocessHook"}
{"timestamp":"2025-07-17T06:49:52.320489","level":"info","event":"  3950K .......... .......... .......... .......... .......... 45% 85.3M 0s","logger":"airflow.task.hooks.airflow.providers.standard.hooks.subprocess.SubprocessHook"}
{"timestamp":"2025-07-17T06:49:52.320590","level":"info","event":"  4000K .......... .......... .......... .......... .......... 45%  208M 0s","logger":"airflow.task.hooks.airflow.providers.standard.hooks.subprocess.SubprocessHook"}
{"timestamp":"2025-07-17T06:49:52.320811","level":"info","event":"  4050K .......... .......... .......... .......... .......... 46%  224M 0s","logger":"airflow.task.hooks.airflow.providers.standard.hooks.subprocess.SubprocessHook"}
{"timestamp":"2025-07-17T06:49:52.320938","level":"info","event":"  4100K .......... .......... .......... .......... .......... 46%  248M 0s","logger":"airflow.task.hooks.airflow.providers.standard.hooks.subprocess.SubprocessHook"}
{"timestamp":"2025-07-17T06:49:52.324942","level":"info","event":"  4150K .......... .......... .......... .......... .......... 47% 12.4M 0s","logger":"airflow.task.hooks.airflow.providers.standard.hooks.subprocess.SubprocessHook"}
{"timestamp":"2025-07-17T06:49:52.325781","level":"info","event":"  4200K .......... .......... .......... .......... .......... 47% 57.5M 0s","logger":"airflow.task.hooks.airflow.providers.standard.hooks.subprocess.SubprocessHook"}
{"timestamp":"2025-07-17T06:49:52.326875","level":"info","event":"  4250K .......... .......... .......... .......... .......... 48% 43.3M 0s","logger":"airflow.task.hooks.airflow.providers.standard.hooks.subprocess.SubprocessHook"}
{"timestamp":"2025-07-17T06:49:52.327432","level":"info","event":"  4300K .......... .......... .......... .......... .......... 48% 86.3M 0s","logger":"airflow.task.hooks.airflow.providers.standard.hooks.subprocess.SubprocessHook"}
{"timestamp":"2025-07-17T06:49:52.328204","level":"info","event":"  4350K .......... .......... .......... .......... .......... 49% 63.3M 0s","logger":"airflow.task.hooks.airflow.providers.standard.hooks.subprocess.SubprocessHook"}
{"timestamp":"2025-07-17T06:49:52.329486","level":"info","event":"  4400K .......... .......... .......... .......... .......... 50% 38.1M 0s","logger":"airflow.task.hooks.airflow.providers.standard.hooks.subprocess.SubprocessHook"}
{"timestamp":"2025-07-17T06:49:52.341407","level":"info","event":"  4450K .......... .......... .......... .......... .......... 50% 4.14M 0s","logger":"airflow.task.hooks.airflow.providers.standard.hooks.subprocess.SubprocessHook"}
{"timestamp":"2025-07-17T06:49:52.341685","level":"info","event":"  4500K .......... .......... .......... .......... .......... 51%  148M 0s","logger":"airflow.task.hooks.airflow.providers.standard.hooks.subprocess.SubprocessHook"}
{"timestamp":"2025-07-17T06:49:52.341912","level":"info","event":"  4550K .......... .......... .......... .......... .......... 51%  208M 0s","logger":"airflow.task.hooks.airflow.providers.standard.hooks.subprocess.SubprocessHook"}
{"timestamp":"2025-07-17T06:49:52.342348","level":"info","event":"  4600K .......... .......... .......... .......... .......... 52%  102M 0s","logger":"airflow.task.hooks.airflow.providers.standard.hooks.subprocess.SubprocessHook"}
{"timestamp":"2025-07-17T06:49:52.343466","level":"info","event":"  4650K .......... .......... .......... .......... .......... 52% 43.4M 0s","logger":"airflow.task.hooks.airflow.providers.standard.hooks.subprocess.SubprocessHook"}
{"timestamp":"2025-07-17T06:49:52.344329","level":"info","event":"  4700K .......... .......... .......... .......... .......... 53% 56.1M 0s","logger":"airflow.task.hooks.airflow.providers.standard.hooks.subprocess.SubprocessHook"}
{"timestamp":"2025-07-17T06:49:52.345544","level":"info","event":"  4750K .......... .......... .......... .......... .......... 54% 41.1M 0s","logger":"airflow.task.hooks.airflow.providers.standard.hooks.subprocess.SubprocessHook"}
{"timestamp":"2025-07-17T06:49:52.352492","level":"info","event":"  4800K .......... .......... .......... .......... .......... 54% 7.08M 0s","logger":"airflow.task.hooks.airflow.providers.standard.hooks.subprocess.SubprocessHook"}
{"timestamp":"2025-07-17T06:49:52.352639","level":"info","event":"  4850K .......... .......... .......... .......... .......... 55%  238M 0s","logger":"airflow.task.hooks.airflow.providers.standard.hooks.subprocess.SubprocessHook"}
{"timestamp":"2025-07-17T06:49:52.353032","level":"info","event":"  4900K .......... .......... .......... .......... .......... 55%  116M 0s","logger":"airflow.task.hooks.airflow.providers.standard.hooks.subprocess.SubprocessHook"}
{"timestamp":"2025-07-17T06:49:52.353501","level":"info","event":"  4950K .......... .......... .......... .......... .......... 56%  121M 0s","logger":"airflow.task.hooks.airflow.providers.standard.hooks.subprocess.SubprocessHook"}
{"timestamp":"2025-07-17T06:49:52.353770","level":"info","event":"  5000K .......... .......... .......... .......... .......... 56%  149M 0s","logger":"airflow.task.hooks.airflow.providers.standard.hooks.subprocess.SubprocessHook"}
{"timestamp":"2025-07-17T06:49:52.357168","level":"info","event":"  5050K .......... .......... .......... .......... .......... 57% 14.6M 0s","logger":"airflow.task.hooks.airflow.providers.standard.hooks.subprocess.SubprocessHook"}
{"timestamp":"2025-07-17T06:49:52.357509","level":"info","event":"  5100K .......... .......... .......... .......... .......... 58%  129M 0s","logger":"airflow.task.hooks.airflow.providers.standard.hooks.subprocess.SubprocessHook"}
{"timestamp":"2025-07-17T06:49:52.357788","level":"info","event":"  5150K .......... .......... .......... .......... .......... 58%  156M 0s","logger":"airflow.task.hooks.airflow.providers.standard.hooks.subprocess.SubprocessHook"}
{"timestamp":"2025-07-17T06:49:52.358940","level":"info","event":"  5200K .......... .......... .......... .......... .......... 59% 54.7M 0s","logger":"airflow.task.hooks.airflow.providers.standard.hooks.subprocess.SubprocessHook"}
{"timestamp":"2025-07-17T06:49:52.359265","level":"info","event":"  5250K .......... .......... .......... .......... .......... 59%  102M 0s","logger":"airflow.task.hooks.airflow.providers.standard.hooks.subprocess.SubprocessHook"}
{"timestamp":"2025-07-17T06:49:52.360362","level":"info","event":"  5300K .......... .......... .......... .......... .......... 60% 44.2M 0s","logger":"airflow.task.hooks.airflow.providers.standard.hooks.subprocess.SubprocessHook"}
{"timestamp":"2025-07-17T06:49:52.377202","level":"info","event":"  5350K .......... .......... .......... .......... .......... 60% 2.90M 0s","logger":"airflow.task.hooks.airflow.providers.standard.hooks.subprocess.SubprocessHook"}
{"timestamp":"2025-07-17T06:49:52.377657","level":"info","event":"  5400K .......... .......... .......... .......... .......... 61%  159M 0s","logger":"airflow.task.hooks.airflow.providers.standard.hooks.subprocess.SubprocessHook"}
{"timestamp":"2025-07-17T06:49:52.377723","level":"info","event":"  5450K .......... .......... .......... .......... .......... 61%  251M 0s","logger":"airflow.task.hooks.airflow.providers.standard.hooks.subprocess.SubprocessHook"}
{"timestamp":"2025-07-17T06:49:52.378377","level":"info","event":"  5500K .......... .......... .......... .......... .......... 62%  200M 0s","logger":"airflow.task.hooks.airflow.providers.standard.hooks.subprocess.SubprocessHook"}
{"timestamp":"2025-07-17T06:49:52.379554","level":"info","event":"  5550K .......... .......... .......... .......... .......... 63%  105M 0s","logger":"airflow.task.hooks.airflow.providers.standard.hooks.subprocess.SubprocessHook"}
{"timestamp":"2025-07-17T06:49:52.379714","level":"info","event":"  5600K .......... .......... .......... .......... .......... 63% 61.5M 0s","logger":"airflow.task.hooks.airflow.providers.standard.hooks.subprocess.SubprocessHook"}
{"timestamp":"2025-07-17T06:49:52.380852","level":"info","event":"  5650K .......... .......... .......... .......... .......... 64% 56.7M 0s","logger":"airflow.task.hooks.airflow.providers.standard.hooks.subprocess.SubprocessHook"}
{"timestamp":"2025-07-17T06:49:52.381837","level":"info","event":"  5700K .......... .......... .......... .......... .......... 64% 28.7M 0s","logger":"airflow.task.hooks.airflow.providers.standard.hooks.subprocess.SubprocessHook"}
{"timestamp":"2025-07-17T06:49:52.381924","level":"info","event":"  5750K .......... .......... .......... .......... .......... 65%  197M 0s","logger":"airflow.task.hooks.airflow.providers.standard.hooks.subprocess.SubprocessHook"}
{"timestamp":"2025-07-17T06:49:52.382546","level":"info","event":"  5800K .......... .......... .......... .......... .......... 65%  222M 0s","logger":"airflow.task.hooks.airflow.providers.standard.hooks.subprocess.SubprocessHook"}
{"timestamp":"2025-07-17T06:49:52.382653","level":"info","event":"  5850K .......... .......... .......... .......... .......... 66%  234M 0s","logger":"airflow.task.hooks.airflow.providers.standard.hooks.subprocess.SubprocessHook"}
{"timestamp":"2025-07-17T06:49:52.385415","level":"info","event":"  5900K .......... .......... .......... .......... .......... 67% 16.9M 0s","logger":"airflow.task.hooks.airflow.providers.standard.hooks.subprocess.SubprocessHook"}
{"timestamp":"2025-07-17T06:49:52.387903","level":"info","event":"  5950K .......... .......... .......... .......... .......... 67% 19.7M 0s","logger":"airflow.task.hooks.airflow.providers.standard.hooks.subprocess.SubprocessHook"}
{"timestamp":"2025-07-17T06:49:52.388940","level":"info","event":"  6000K .......... .......... .......... .......... .......... 68% 45.3M 0s","logger":"airflow.task.hooks.airflow.providers.standard.hooks.subprocess.SubprocessHook"}
{"timestamp":"2025-07-17T06:49:52.389620","level":"info","event":"  6050K .......... .......... .......... .......... .......... 68% 65.3M 0s","logger":"airflow.task.hooks.airflow.providers.standard.hooks.subprocess.SubprocessHook"}
{"timestamp":"2025-07-17T06:49:52.391276","level":"info","event":"  6100K .......... .......... .......... .......... .......... 69% 28.5M 0s","logger":"airflow.task.hooks.airflow.providers.standard.hooks.subprocess.SubprocessHook"}
{"timestamp":"2025-07-17T06:49:52.392494","level":"info","event":"  6150K .......... .......... .......... .......... .......... 69% 39.7M 0s","logger":"airflow.task.hooks.airflow.providers.standard.hooks.subprocess.SubprocessHook"}
{"timestamp":"2025-07-17T06:49:52.399505","level":"info","event":"  6200K .......... .......... .......... .......... .......... 70% 7.04M 0s","logger":"airflow.task.hooks.airflow.providers.standard.hooks.subprocess.SubprocessHook"}
{"timestamp":"2025-07-17T06:49:52.400521","level":"info","event":"  6250K .......... .......... .......... .......... .......... 70% 74.6M 0s","logger":"airflow.task.hooks.airflow.providers.standard.hooks.subprocess.SubprocessHook"}
{"timestamp":"2025-07-17T06:49:52.400665","level":"info","event":"  6300K .......... .......... .......... .......... .......... 71%  183M 0s","logger":"airflow.task.hooks.airflow.providers.standard.hooks.subprocess.SubprocessHook"}
{"timestamp":"2025-07-17T06:49:52.401340","level":"info","event":"  6350K .......... .......... .......... .......... .......... 72% 62.5M 0s","logger":"airflow.task.hooks.airflow.providers.standard.hooks.subprocess.SubprocessHook"}
{"timestamp":"2025-07-17T06:49:52.401689","level":"info","event":"  6400K .......... .......... .......... .......... .......... 72% 96.1M 0s","logger":"airflow.task.hooks.airflow.providers.standard.hooks.subprocess.SubprocessHook"}
{"timestamp":"2025-07-17T06:49:52.401858","level":"info","event":"  6450K .......... .......... .......... .......... .......... 73%  226M 0s","logger":"airflow.task.hooks.airflow.providers.standard.hooks.subprocess.SubprocessHook"}
{"timestamp":"2025-07-17T06:49:52.403399","level":"info","event":"  6500K .......... .......... .......... .......... .......... 73% 31.4M 0s","logger":"airflow.task.hooks.airflow.providers.standard.hooks.subprocess.SubprocessHook"}
{"timestamp":"2025-07-17T06:49:52.404102","level":"info","event":"  6550K .......... .......... .......... .......... .......... 74% 68.1M 0s","logger":"airflow.task.hooks.airflow.providers.standard.hooks.subprocess.SubprocessHook"}
{"timestamp":"2025-07-17T06:49:52.404740","level":"info","event":"  6600K .......... .......... .......... .......... .......... 74% 80.0M 0s","logger":"airflow.task.hooks.airflow.providers.standard.hooks.subprocess.SubprocessHook"}
{"timestamp":"2025-07-17T06:49:52.405289","level":"info","event":"  6650K .......... .......... .......... .......... .......... 75% 91.5M 0s","logger":"airflow.task.hooks.airflow.providers.standard.hooks.subprocess.SubprocessHook"}
{"timestamp":"2025-07-17T06:49:52.406082","level":"info","event":"  6700K .......... .......... .......... .......... .......... 76% 61.6M 0s","logger":"airflow.task.hooks.airflow.providers.standard.hooks.subprocess.SubprocessHook"}
{"timestamp":"2025-07-17T06:49:52.407536","level":"info","event":"  6750K .......... .......... .......... .......... .......... 76% 34.8M 0s","logger":"airflow.task.hooks.airflow.providers.standard.hooks.subprocess.SubprocessHook"}
{"timestamp":"2025-07-17T06:49:52.407870","level":"info","event":"  6800K .......... .......... .......... .......... .......... 77%  194M 0s","logger":"airflow.task.hooks.airflow.providers.standard.hooks.subprocess.SubprocessHook"}
{"timestamp":"2025-07-17T06:49:52.408431","level":"info","event":"  6850K .......... .......... .......... .......... .......... 77% 68.0M 0s","logger":"airflow.task.hooks.airflow.providers.standard.hooks.subprocess.SubprocessHook"}
{"timestamp":"2025-07-17T06:49:52.413674","level":"info","event":"  6900K .......... .......... .......... .......... .......... 78% 9.39M 0s","logger":"airflow.task.hooks.airflow.providers.standard.hooks.subprocess.SubprocessHook"}
{"timestamp":"2025-07-17T06:49:52.414448","level":"info","event":"  6950K .......... .......... .......... .......... .......... 78% 59.0M 0s","logger":"airflow.task.hooks.airflow.providers.standard.hooks.subprocess.SubprocessHook"}
{"timestamp":"2025-07-17T06:49:52.418369","level":"info","event":"  7000K .......... .......... .......... .......... .......... 79% 12.7M 0s","logger":"airflow.task.hooks.airflow.providers.standard.hooks.subprocess.SubprocessHook"}
{"timestamp":"2025-07-17T06:49:52.418568","level":"info","event":"  7050K .......... .......... .......... .......... .......... 79%  206M 0s","logger":"airflow.task.hooks.airflow.providers.standard.hooks.subprocess.SubprocessHook"}
{"timestamp":"2025-07-17T06:49:52.419468","level":"info","event":"  7100K .......... .......... .......... .......... .......... 80% 57.7M 0s","logger":"airflow.task.hooks.airflow.providers.standard.hooks.subprocess.SubprocessHook"}
{"timestamp":"2025-07-17T06:49:52.420115","level":"info","event":"  7150K .......... .......... .......... .......... .......... 81% 74.0M 0s","logger":"airflow.task.hooks.airflow.providers.standard.hooks.subprocess.SubprocessHook"}
{"timestamp":"2025-07-17T06:49:52.423450","level":"info","event":"  7200K .......... .......... .......... .......... .......... 81% 14.4M 0s","logger":"airflow.task.hooks.airflow.providers.standard.hooks.subprocess.SubprocessHook"}
{"timestamp":"2025-07-17T06:49:52.424483","level":"info","event":"  7250K .......... .......... .......... .......... .......... 82% 46.4M 0s","logger":"airflow.task.hooks.airflow.providers.standard.hooks.subprocess.SubprocessHook"}
{"timestamp":"2025-07-17T06:49:52.426926","level":"info","event":"  7300K .......... .......... .......... .......... .......... 82% 19.9M 0s","logger":"airflow.task.hooks.airflow.providers.standard.hooks.subprocess.SubprocessHook"}
{"timestamp":"2025-07-17T06:49:52.427958","level":"info","event":"  7350K .......... .......... .......... .......... .......... 83% 47.9M 0s","logger":"airflow.task.hooks.airflow.providers.standard.hooks.subprocess.SubprocessHook"}
{"timestamp":"2025-07-17T06:49:52.434503","level":"info","event":"  7400K .......... .......... .......... .......... .......... 83% 7.74M 0s","logger":"airflow.task.hooks.airflow.providers.standard.hooks.subprocess.SubprocessHook"}
{"timestamp":"2025-07-17T06:49:52.434993","level":"info","event":"  7450K .......... .......... .......... .......... .......... 84% 82.5M 0s","logger":"airflow.task.hooks.airflow.providers.standard.hooks.subprocess.SubprocessHook"}
{"timestamp":"2025-07-17T06:49:52.435428","level":"info","event":"  7500K .......... .......... .......... .......... .......... 85% 86.2M 0s","logger":"airflow.task.hooks.airflow.providers.standard.hooks.subprocess.SubprocessHook"}
{"timestamp":"2025-07-17T06:49:52.444798","level":"info","event":"  7550K .......... .......... .......... .......... .......... 85% 5.25M 0s","logger":"airflow.task.hooks.airflow.providers.standard.hooks.subprocess.SubprocessHook"}
{"timestamp":"2025-07-17T06:49:52.445079","level":"info","event":"  7600K .......... .......... .......... .......... .......... 86%  171M 0s","logger":"airflow.task.hooks.airflow.providers.standard.hooks.subprocess.SubprocessHook"}
{"timestamp":"2025-07-17T06:49:52.445379","level":"info","event":"  7650K .......... .......... .......... .......... .......... 86%  129M 0s","logger":"airflow.task.hooks.airflow.providers.standard.hooks.subprocess.SubprocessHook"}
{"timestamp":"2025-07-17T06:49:52.445675","level":"info","event":"  7700K .......... .......... .......... .......... .......... 87%  175M 0s","logger":"airflow.task.hooks.airflow.providers.standard.hooks.subprocess.SubprocessHook"}
{"timestamp":"2025-07-17T06:49:52.446175","level":"info","event":"  7750K .......... .......... .......... .......... .......... 87%  119M 0s","logger":"airflow.task.hooks.airflow.providers.standard.hooks.subprocess.SubprocessHook"}
{"timestamp":"2025-07-17T06:49:52.446615","level":"info","event":"  7800K .......... .......... .......... .......... .......... 88% 94.5M 0s","logger":"airflow.task.hooks.airflow.providers.standard.hooks.subprocess.SubprocessHook"}
{"timestamp":"2025-07-17T06:49:52.447352","level":"info","event":"  7850K .......... .......... .......... .......... .......... 88% 66.5M 0s","logger":"airflow.task.hooks.airflow.providers.standard.hooks.subprocess.SubprocessHook"}
{"timestamp":"2025-07-17T06:49:52.454438","level":"info","event":"  7900K .......... .......... .......... .......... .......... 89% 6.93M 0s","logger":"airflow.task.hooks.airflow.providers.standard.hooks.subprocess.SubprocessHook"}
{"timestamp":"2025-07-17T06:49:52.455258","level":"info","event":"  7950K .......... .......... .......... .......... .......... 90% 59.6M 0s","logger":"airflow.task.hooks.airflow.providers.standard.hooks.subprocess.SubprocessHook"}
{"timestamp":"2025-07-17T06:49:52.456336","level":"info","event":"  8000K .......... .......... .......... .......... .......... 90% 43.6M 0s","logger":"airflow.task.hooks.airflow.providers.standard.hooks.subprocess.SubprocessHook"}
{"timestamp":"2025-07-17T06:49:52.457263","level":"info","event":"  8050K .......... .......... .......... .......... .......... 91% 52.4M 0s","logger":"airflow.task.hooks.airflow.providers.standard.hooks.subprocess.SubprocessHook"}
{"timestamp":"2025-07-17T06:49:52.458397","level":"info","event":"  8100K .......... .......... .......... .......... .......... 91% 43.3M 0s","logger":"airflow.task.hooks.airflow.providers.standard.hooks.subprocess.SubprocessHook"}
{"timestamp":"2025-07-17T06:49:52.467095","level":"info","event":"  8150K .......... .......... .......... .......... .......... 92% 5.60M 0s","logger":"airflow.task.hooks.airflow.providers.standard.hooks.subprocess.SubprocessHook"}
{"timestamp":"2025-07-17T06:49:52.468270","level":"info","event":"  8200K .......... .......... .......... .......... .......... 92% 41.9M 0s","logger":"airflow.task.hooks.airflow.providers.standard.hooks.subprocess.SubprocessHook"}
{"timestamp":"2025-07-17T06:49:52.469343","level":"info","event":"  8250K .......... .......... .......... .......... .......... 93% 48.3M 0s","logger":"airflow.task.hooks.airflow.providers.standard.hooks.subprocess.SubprocessHook"}
{"timestamp":"2025-07-17T06:49:52.470759","level":"info","event":"  8300K .......... .......... .......... .......... .......... 94% 33.3M 0s","logger":"airflow.task.hooks.airflow.providers.standard.hooks.subprocess.SubprocessHook"}
{"timestamp":"2025-07-17T06:49:52.471506","level":"info","event":"  8350K .......... .......... .......... .......... .......... 94% 67.4M 0s","logger":"airflow.task.hooks.airflow.providers.standard.hooks.subprocess.SubprocessHook"}
{"timestamp":"2025-07-17T06:49:52.472358","level":"info","event":"  8400K .......... .......... .......... .......... .......... 95% 55.3M 0s","logger":"airflow.task.hooks.airflow.providers.standard.hooks.subprocess.SubprocessHook"}
{"timestamp":"2025-07-17T06:49:52.472884","level":"info","event":"  8450K .......... .......... .......... .......... .......... 95% 92.4M 0s","logger":"airflow.task.hooks.airflow.providers.standard.hooks.subprocess.SubprocessHook"}
{"timestamp":"2025-07-17T06:49:52.476168","level":"info","event":"  8500K .......... .......... .......... .......... .......... 96% 15.1M 0s","logger":"airflow.task.hooks.airflow.providers.standard.hooks.subprocess.SubprocessHook"}
{"timestamp":"2025-07-17T06:49:52.476816","level":"info","event":"  8550K .......... .......... .......... .......... .......... 96% 67.8M 0s","logger":"airflow.task.hooks.airflow.providers.standard.hooks.subprocess.SubprocessHook"}
{"timestamp":"2025-07-17T06:49:52.477456","level":"info","event":"  8600K .......... .......... .......... .......... .......... 97% 78.8M 0s","logger":"airflow.task.hooks.airflow.providers.standard.hooks.subprocess.SubprocessHook"}
{"timestamp":"2025-07-17T06:49:52.480417","level":"info","event":"  8650K .......... .......... .......... .......... .......... 97% 16.5M 0s","logger":"airflow.task.hooks.airflow.providers.standard.hooks.subprocess.SubprocessHook"}
{"timestamp":"2025-07-17T06:49:52.480782","level":"info","event":"  8700K .......... .......... .......... .......... .......... 98%  135M 0s","logger":"airflow.task.hooks.airflow.providers.standard.hooks.subprocess.SubprocessHook"}
{"timestamp":"2025-07-17T06:49:52.481620","level":"info","event":"  8750K .......... .......... .......... .......... .......... 99% 60.2M 0s","logger":"airflow.task.hooks.airflow.providers.standard.hooks.subprocess.SubprocessHook"}
{"timestamp":"2025-07-17T06:49:52.482544","level":"info","event":"  8800K .......... .......... .......... .......... .......... 99% 52.8M 0s","logger":"airflow.task.hooks.airflow.providers.standard.hooks.subprocess.SubprocessHook"}
{"timestamp":"2025-07-17T06:49:52.482615","level":"info","event":"  8850K .......... .......... .........                       100%  206M=0.3s","logger":"airflow.task.hooks.airflow.providers.standard.hooks.subprocess.SubprocessHook"}
{"timestamp":"2025-07-17T06:49:52.482655","level":"info","event":"","logger":"airflow.task.hooks.airflow.providers.standard.hooks.subprocess.SubprocessHook"}
{"timestamp":"2025-07-17T06:49:52.482699","level":"info","event":"2025-07-17 06:49:52 (29.1 MB/s) - ‘/opt/airflow/green_tripdata_2019-04.csv.gz’ saved [9092312/9092312]","logger":"airflow.task.hooks.airflow.providers.standard.hooks.subprocess.SubprocessHook"}
{"timestamp":"2025-07-17T06:49:52.482787","level":"info","event":"","logger":"airflow.task.hooks.airflow.providers.standard.hooks.subprocess.SubprocessHook"}
{"timestamp":"2025-07-17T06:49:52.843224","level":"info","event":"Command exited with return code 0","logger":"airflow.task.hooks.airflow.providers.standard.hooks.subprocess.SubprocessHook"}
{"timestamp":"2025-07-17T06:49:52.844516","level":"info","event":"Pushing xcom","ti":"RuntimeTaskInstance(id=UUID('01981725-81db-7044-aeb6-7dc739305c9b'), task_id='wget_trips_csvgz', dag_id='local_ingestion_pg_green', run_id='scheduled__2019-04-02T06:00:00+00:00', try_number=1, map_index=-1, hostname='3f7f1d329e72', context_carrier={}, task=<Task(BashOperator): wget_trips_csvgz>, bundle_instance=LocalDagBundle(name=dags-folder), max_tries=0, start_date=datetime.datetime(2025, 7, 17, 6, 49, 50, 966592, tzinfo=TzInfo(UTC)), end_date=None, state=<TaskInstanceState.RUNNING: 'running'>, is_mapped=False, rendered_map_index=None)","logger":"task"}
