{"timestamp":"2025-07-13T17:12:56.283546","level":"info","event":"DAG bundles loaded: dags-folder","logger":"airflow.dag_processing.bundles.manager.DagBundlesManager"}
{"timestamp":"2025-07-13T17:12:56.290371","level":"info","event":"Filling up the DagBag from /opt/airflow/dags/data_ingestion_gcs_dag.py","logger":"airflow.models.dagbag.DagBag"}
{"timestamp":"2025-07-13T17:13:01.477946","level":"info","event":"Tmp dir root location: /tmp","logger":"airflow.task.hooks.airflow.providers.standard.hooks.subprocess.SubprocessHook"}
{"timestamp":"2025-07-13T17:13:01.516305","level":"info","event":"Running command: ['/usr/bin/bash', '-c', 'echo https://github.com/DataTalksClub/nyc-tlc-data/releases/download/yellow/yellow_tripdata_2019-09.csv.gz && wget --no-verbose https://github.com/DataTalksClub/nyc-tlc-data/releases/download/yellow/yellow_tripdata_2019-09.csv.gz -O /opt/airflow/yellow_tripdata_2019-09.csv.gz && gunzip -f /opt/airflow/yellow_tripdata_2019-09.csv.gz']","logger":"airflow.task.hooks.airflow.providers.standard.hooks.subprocess.SubprocessHook"}
{"timestamp":"2025-07-13T17:13:01.589067","level":"info","event":"Output:","logger":"airflow.task.hooks.airflow.providers.standard.hooks.subprocess.SubprocessHook"}
{"timestamp":"2025-07-13T17:13:01.601269","level":"info","event":"https://github.com/DataTalksClub/nyc-tlc-data/releases/download/yellow/yellow_tripdata_2019-09.csv.gz","logger":"airflow.task.hooks.airflow.providers.standard.hooks.subprocess.SubprocessHook"}
{"timestamp":"2025-07-13T17:13:14.847093","level":"info","event":"2025-07-13 17:13:14 URL:https://objects.githubusercontent.com/github-production-release-asset-2e65be/513814948/58ca11b3-be2e-4186-8495-b5b1f58d2955?X-Amz-Algorithm=AWS4-HMAC-SHA256&X-Amz-Credential=releaseassetproduction%2F20250713%2Fus-east-1%2Fs3%2Faws4_request&X-Amz-Date=20250713T171302Z&X-Amz-Expires=1800&X-Amz-Signature=97758a783fc3e64c855ae042edd889062358cd2a65910eb29086589d9e35eba3&X-Amz-SignedHeaders=host&response-content-disposition=attachment%3B%20filename%3Dyellow_tripdata_2019-09.csv.gz&response-content-type=application%2Foctet-stream [120807645/120807645] -> \"/opt/airflow/yellow_tripdata_2019-09.csv.gz\" [1]","logger":"airflow.task.hooks.airflow.providers.standard.hooks.subprocess.SubprocessHook"}
{"timestamp":"2025-07-13T17:13:33.286381","level":"info","event":"Command exited with return code 0","logger":"airflow.task.hooks.airflow.providers.standard.hooks.subprocess.SubprocessHook"}
{"timestamp":"2025-07-13T17:13:33.313600","level":"info","event":"Pushing xcom","ti":"RuntimeTaskInstance(id=UUID('019804c6-7cc4-79e3-9563-78f377b9a1e2'), task_id='download_dataset_task', dag_id='upload_gcs_yellowtrips', run_id='scheduled__2019-09-02T06:00:00+00:00', try_number=1, map_index=-1, hostname='890ba30a36b0', context_carrier={}, task=<Task(BashOperator): download_dataset_task>, bundle_instance=LocalDagBundle(name=dags-folder), max_tries=0, start_date=datetime.datetime(2025, 7, 13, 17, 12, 54, 571781, tzinfo=TzInfo(UTC)), end_date=None, state=<TaskInstanceState.RUNNING: 'running'>, is_mapped=False, rendered_map_index=None)","logger":"task"}
{"timestamp":"2025-07-13T17:59:33.581291","level":"info","event":"DAG bundles loaded: dags-folder","logger":"airflow.dag_processing.bundles.manager.DagBundlesManager"}
{"timestamp":"2025-07-13T17:59:33.583802","level":"info","event":"Filling up the DagBag from /opt/airflow/dags/data_ingestion_gcs_dag.py","logger":"airflow.models.dagbag.DagBag"}
{"timestamp":"2025-07-13T18:00:13.154292","level":"error","event":"Process timed out, PID: 4318","logger":"airflow.utils.timeout.TimeoutPosix"}
{"timestamp":"2025-07-13T18:00:14.480396Z","level":"error","event":"Exception ignored in: <function WeakKeyDictionary.__init__.<locals>.remove at 0xffff915947c0>","chan":"stderr","logger":"task"}
{"timestamp":"2025-07-13T18:00:14.483782Z","level":"error","event":"Traceback (most recent call last):","chan":"stderr","logger":"task"}
{"timestamp":"2025-07-13T18:00:14.485133Z","level":"error","event":"  File \"/usr/local/lib/python3.12/weakref.py\", line 369, in remove","chan":"stderr","logger":"task"}
{"timestamp":"2025-07-13T18:00:14.488865Z","level":"error","event":"    def remove(k, selfref=ref(self)):","chan":"stderr","logger":"task"}
{"timestamp":"2025-07-13T18:00:14.489151Z","level":"error","event":"","chan":"stderr","logger":"task"}
{"timestamp":"2025-07-13T18:00:14.493653Z","level":"error","event":"  File \"/home/airflow/.local/lib/python3.12/site-packages/airflow/utils/timeout.py\", line 69, in handle_timeout","chan":"stderr","logger":"task"}
{"timestamp":"2025-07-13T18:00:14.496254Z","level":"error","event":"    raise AirflowTaskTimeout(self.error_message)","chan":"stderr","logger":"task"}
{"timestamp":"2025-07-13T18:00:14.516008Z","level":"error","event":"airflow.exceptions.AirflowTaskTimeout: DagBag import timeout for /opt/airflow/dags/data_ingestion_gcs_dag.py after 30.0s.","chan":"stderr","logger":"task"}
{"timestamp":"2025-07-13T18:00:14.522420Z","level":"error","event":"Please take a look at these docs to improve your DAG import time:","chan":"stderr","logger":"task"}
{"timestamp":"2025-07-13T18:00:14.525123Z","level":"error","event":"* https://airflow.apache.org/docs/apache-airflow/3.0.2/best-practices.html#top-level-python-code","chan":"stderr","logger":"task"}
{"timestamp":"2025-07-13T18:00:14.527914Z","level":"error","event":"* https://airflow.apache.org/docs/apache-airflow/3.0.2/best-practices.html#reducing-dag-complexity, PID: 4318","chan":"stderr","logger":"task"}
{"timestamp":"2025-07-13T18:00:23.846222","level":"info","event":"Tmp dir root location: /tmp","logger":"airflow.task.hooks.airflow.providers.standard.hooks.subprocess.SubprocessHook"}
{"timestamp":"2025-07-13T18:00:23.906825","level":"info","event":"Running command: ['/usr/bin/bash', '-c', 'echo https://github.com/DataTalksClub/nyc-tlc-data/releases/download/yellow/yellow_tripdata_2019-09.csv.gz && wget --no-verbose https://github.com/DataTalksClub/nyc-tlc-data/releases/download/yellow/yellow_tripdata_2019-09.csv.gz -O /opt/airflow/yellow_tripdata_2019-09.csv.gz && gunzip -f /opt/airflow/yellow_tripdata_2019-09.csv.gz']","logger":"airflow.task.hooks.airflow.providers.standard.hooks.subprocess.SubprocessHook"}
{"timestamp":"2025-07-13T18:00:24.371673","level":"info","event":"Output:","logger":"airflow.task.hooks.airflow.providers.standard.hooks.subprocess.SubprocessHook"}
{"timestamp":"2025-07-13T18:00:24.416551","level":"info","event":"https://github.com/DataTalksClub/nyc-tlc-data/releases/download/yellow/yellow_tripdata_2019-09.csv.gz","logger":"airflow.task.hooks.airflow.providers.standard.hooks.subprocess.SubprocessHook"}
{"timestamp":"2025-07-13T18:00:36.679883","level":"info","event":"2025-07-13 18:00:36 URL:https://objects.githubusercontent.com/github-production-release-asset-2e65be/513814948/58ca11b3-be2e-4186-8495-b5b1f58d2955?X-Amz-Algorithm=AWS4-HMAC-SHA256&X-Amz-Credential=releaseassetproduction%2F20250713%2Fus-east-1%2Fs3%2Faws4_request&X-Amz-Date=20250713T180025Z&X-Amz-Expires=1800&X-Amz-Signature=59abc76447756010cdc5801f31e826c40010df64f4fdb569a7973114059ec0c7&X-Amz-SignedHeaders=host&response-content-disposition=attachment%3B%20filename%3Dyellow_tripdata_2019-09.csv.gz&response-content-type=application%2Foctet-stream [120807645/120807645] -> \"/opt/airflow/yellow_tripdata_2019-09.csv.gz\" [1]","logger":"airflow.task.hooks.airflow.providers.standard.hooks.subprocess.SubprocessHook"}
{"timestamp":"2025-07-13T18:00:56.041612","level":"info","event":"Command exited with return code 0","logger":"airflow.task.hooks.airflow.providers.standard.hooks.subprocess.SubprocessHook"}
{"timestamp":"2025-07-13T18:00:56.058417","level":"info","event":"Pushing xcom","ti":"RuntimeTaskInstance(id=UUID('019804f1-267a-7d50-8d9d-b9a817e12d01'), task_id='download_dataset_task', dag_id='upload_gcs_yellowtrips', run_id='scheduled__2019-09-02T06:00:00+00:00', try_number=1, map_index=-1, hostname='890ba30a36b0', context_carrier={}, task=<Task(BashOperator): download_dataset_task>, bundle_instance=LocalDagBundle(name=dags-folder), max_tries=0, start_date=datetime.datetime(2025, 7, 13, 17, 59, 31, 61089, tzinfo=TzInfo(UTC)), end_date=None, state=<TaskInstanceState.RUNNING: 'running'>, is_mapped=False, rendered_map_index=None)","logger":"task"}
{"timestamp":"2025-07-13T18:11:21.693369","level":"info","event":"DAG bundles loaded: dags-folder","logger":"airflow.dag_processing.bundles.manager.DagBundlesManager"}
{"timestamp":"2025-07-13T18:11:21.694202","level":"info","event":"Filling up the DagBag from /opt/airflow/dags/data_ingestion_gcs_dag.py","logger":"airflow.models.dagbag.DagBag"}
{"timestamp":"2025-07-13T18:11:24.106582","level":"info","event":"Tmp dir root location: /tmp","logger":"airflow.task.hooks.airflow.providers.standard.hooks.subprocess.SubprocessHook"}
{"timestamp":"2025-07-13T18:11:24.107461","level":"info","event":"Running command: ['/usr/bin/bash', '-c', 'echo https://github.com/DataTalksClub/nyc-tlc-data/releases/download/yellow/yellow_tripdata_2019-09.csv.gz && wget --no-verbose https://github.com/DataTalksClub/nyc-tlc-data/releases/download/yellow/yellow_tripdata_2019-09.csv.gz -O /opt/airflow/yellow_tripdata_2019-09.csv.gz && gunzip -f /opt/airflow/yellow_tripdata_2019-09.csv.gz']","logger":"airflow.task.hooks.airflow.providers.standard.hooks.subprocess.SubprocessHook"}
{"timestamp":"2025-07-13T18:11:24.159838","level":"info","event":"Output:","logger":"airflow.task.hooks.airflow.providers.standard.hooks.subprocess.SubprocessHook"}
{"timestamp":"2025-07-13T18:11:24.237475","level":"info","event":"https://github.com/DataTalksClub/nyc-tlc-data/releases/download/yellow/yellow_tripdata_2019-09.csv.gz","logger":"airflow.task.hooks.airflow.providers.standard.hooks.subprocess.SubprocessHook"}
{"timestamp":"2025-07-13T18:11:30.484881","level":"info","event":"2025-07-13 18:11:30 URL:https://release-assets.githubusercontent.com/github-production-release-asset/513814948/58ca11b3-be2e-4186-8495-b5b1f58d2955?sp=r&sv=2018-11-09&sr=b&spr=https&se=2025-07-13T19%3A00%3A06Z&rscd=attachment%3B+filename%3Dyellow_tripdata_2019-09.csv.gz&rsct=application%2Foctet-stream&skoid=96c2d410-5711-43a1-aedd-ab1947aa7ab0&sktid=398a6654-997b-47e9-b12b-9515b896b4de&skt=2025-07-13T17%3A59%3A42Z&ske=2025-07-13T19%3A00%3A06Z&sks=b&skv=2018-11-09&sig=WGOmFfFEPe1d7aBM9vhC26cOcLwRUSDvlGc%2Bj%2BHqFFk%3D&jwt=eyJ******&response-content-disposition=attachment%3B%20filename%3Dyellow_tripdata_2019-09.csv.gz&response-content-type=application%2Foctet-stream [120807645/120807645] -> \"/opt/airflow/yellow_tripdata_2019-09.csv.gz\" [1]","logger":"airflow.task.hooks.airflow.providers.standard.hooks.subprocess.SubprocessHook"}
{"timestamp":"2025-07-13T18:11:39.144047","level":"info","event":"Command exited with return code 0","logger":"airflow.task.hooks.airflow.providers.standard.hooks.subprocess.SubprocessHook"}
{"timestamp":"2025-07-13T18:11:39.159144","level":"info","event":"Pushing xcom","ti":"RuntimeTaskInstance(id=UUID('019804fc-00c3-747d-865e-76d9ba14e82b'), task_id='download_dataset_task', dag_id='upload_gcs_yellowtrips', run_id='scheduled__2019-09-02T06:00:00+00:00', try_number=1, map_index=-1, hostname='fb7e26a7e74c', context_carrier={}, task=<Task(BashOperator): download_dataset_task>, bundle_instance=LocalDagBundle(name=dags-folder), max_tries=0, start_date=datetime.datetime(2025, 7, 13, 18, 11, 21, 181285, tzinfo=TzInfo(UTC)), end_date=None, state=<TaskInstanceState.RUNNING: 'running'>, is_mapped=False, rendered_map_index=None)","logger":"task"}
