{"timestamp":"2025-07-13T18:39:51.140693","level":"info","event":"DAG bundles loaded: dags-folder","logger":"airflow.dag_processing.bundles.manager.DagBundlesManager"}
{"timestamp":"2025-07-13T18:39:51.151704","level":"info","event":"Filling up the DagBag from /opt/airflow/dags/data_ingestion_gcs_dag.py","logger":"airflow.models.dagbag.DagBag"}
{"timestamp":"2025-07-13T18:39:53.721439","level":"info","event":"Tmp dir root location: /tmp","logger":"airflow.task.hooks.airflow.providers.standard.hooks.subprocess.SubprocessHook"}
{"timestamp":"2025-07-13T18:39:53.722366","level":"info","event":"Running command: ['/usr/bin/bash', '-c', 'echo https://github.com/DataTalksClub/nyc-tlc-data/releases/download/green/green_tripdata_2019-10.csv.gz && wget --no-verbose https://github.com/DataTalksClub/nyc-tlc-data/releases/download/green/green_tripdata_2019-10.csv.gz -O /opt/airflow/green_tripdata_2019-10.csv.gz && gunzip -f /opt/airflow/green_tripdata_2019-10.csv.gz']","logger":"airflow.task.hooks.airflow.providers.standard.hooks.subprocess.SubprocessHook"}
{"timestamp":"2025-07-13T18:39:53.764161","level":"info","event":"Output:","logger":"airflow.task.hooks.airflow.providers.standard.hooks.subprocess.SubprocessHook"}
{"timestamp":"2025-07-13T18:39:53.764991","level":"info","event":"https://github.com/DataTalksClub/nyc-tlc-data/releases/download/green/green_tripdata_2019-10.csv.gz","logger":"airflow.task.hooks.airflow.providers.standard.hooks.subprocess.SubprocessHook"}
{"timestamp":"2025-07-13T18:39:54.831375","level":"info","event":"2025-07-13 18:39:54 URL:https://release-assets.githubusercontent.com/github-production-release-asset/513814948/ea580e9e-555c-4bd0-ae73-43051d8e7c0b?sp=r&sv=2018-11-09&sr=b&spr=https&se=2025-07-13T19%3A26%3A40Z&rscd=attachment%3B+filename%3Dgreen_tripdata_2019-10.csv.gz&rsct=application%2Foctet-stream&skoid=96c2d410-5711-43a1-aedd-ab1947aa7ab0&sktid=398a6654-997b-47e9-b12b-9515b896b4de&skt=2025-07-13T18%3A26%3A02Z&ske=2025-07-13T19%3A26%3A40Z&sks=b&skv=2018-11-09&sig=%2FLPyaHIOA4l%2B8tXmqb9BY1AJ8oH8W2pi7eX1lYCSpJo%3D&jwt=eyJ******&response-content-disposition=attachment%3B%20filename%3Dgreen_tripdata_2019-10.csv.gz&response-content-type=application%2Foctet-stream [8262584/8262584] -> \"/opt/airflow/green_tripdata_2019-10.csv.gz\" [1]","logger":"airflow.task.hooks.airflow.providers.standard.hooks.subprocess.SubprocessHook"}
{"timestamp":"2025-07-13T18:39:55.546392","level":"info","event":"Command exited with return code 0","logger":"airflow.task.hooks.airflow.providers.standard.hooks.subprocess.SubprocessHook"}
{"timestamp":"2025-07-13T18:39:55.561328","level":"info","event":"Pushing xcom","ti":"RuntimeTaskInstance(id=UUID('01980516-1545-77a6-908d-846a0df8ff6c'), task_id='download_dataset_task', dag_id='upload_gcs_greentrips', run_id='scheduled__2019-10-02T06:00:00+00:00', try_number=1, map_index=-1, hostname='fb7e26a7e74c', context_carrier={}, task=<Task(BashOperator): download_dataset_task>, bundle_instance=LocalDagBundle(name=dags-folder), max_tries=0, start_date=datetime.datetime(2025, 7, 13, 18, 39, 50, 377712, tzinfo=TzInfo(UTC)), end_date=None, state=<TaskInstanceState.RUNNING: 'running'>, is_mapped=False, rendered_map_index=None)","logger":"task"}
{"timestamp":"2025-07-17T08:54:40.612976","level":"info","event":"DAG bundles loaded: dags-folder","logger":"airflow.dag_processing.bundles.manager.DagBundlesManager"}
{"timestamp":"2025-07-17T08:54:40.614337","level":"info","event":"Filling up the DagBag from /opt/airflow/dags/data_ingestion_gcs_dag.py","logger":"airflow.models.dagbag.DagBag"}
{"timestamp":"2025-07-17T08:54:42.867600","level":"info","event":"Tmp dir root location: /tmp","logger":"airflow.task.hooks.airflow.providers.standard.hooks.subprocess.SubprocessHook"}
{"timestamp":"2025-07-17T08:54:42.876449","level":"info","event":"Running command: ['/usr/bin/bash', '-c', \"echo https://github.com/DataTalksClub/nyc-tlc-data/releases/download/green/green_tripdata_2019-10.csv.gz && wget --no-verbose https://github.com/DataTalksClub/nyc-tlc-data/releases/download/green/green_tripdata_2019-10.csv.gz -O /opt/airflow/green_tripdata_2019-10.csv.gz && gunzip -f /opt/airflow/green_tripdata_2019-10.csv.gz || echo 'invalid link or file not in gz format' && wget https://github.com/DataTalksClub/nyc-tlc-data/releases/download/green/green_tripdata_2019-10.csv.gz -O /opt/airflow/green_tripdata_2019-10.csv\"]","logger":"airflow.task.hooks.airflow.providers.standard.hooks.subprocess.SubprocessHook"}
{"timestamp":"2025-07-17T08:54:42.905994","level":"info","event":"Output:","logger":"airflow.task.hooks.airflow.providers.standard.hooks.subprocess.SubprocessHook"}
{"timestamp":"2025-07-17T08:54:42.906294","level":"info","event":"https://github.com/DataTalksClub/nyc-tlc-data/releases/download/green/green_tripdata_2019-10.csv.gz","logger":"airflow.task.hooks.airflow.providers.standard.hooks.subprocess.SubprocessHook"}
{"timestamp":"2025-07-17T08:54:44.381903","level":"info","event":"2025-07-17 08:54:44 URL:https://objects.githubusercontent.com/github-production-release-asset-2e65be/513814948/ea580e9e-555c-4bd0-ae73-43051d8e7c0b?X-Amz-Algorithm=AWS4-HMAC-SHA256&X-Amz-Credential=releaseassetproduction%2F20250717%2Fus-east-1%2Fs3%2Faws4_request&X-Amz-Date=20250717T085443Z&X-Amz-Expires=1800&X-Amz-Signature=52bdaf620fa9ddcd2501177f93aa0e336f5077d38f5b06f5191e288bc5f059b5&X-Amz-SignedHeaders=host&response-content-disposition=attachment%3B%20filename%3Dgreen_tripdata_2019-10.csv.gz&response-content-type=application%2Foctet-stream [8262584/8262584] -> \"/opt/airflow/green_tripdata_2019-10.csv.gz\" [1]","logger":"airflow.task.hooks.airflow.providers.standard.hooks.subprocess.SubprocessHook"}
{"timestamp":"2025-07-17T08:54:45.099530","level":"info","event":"--2025-07-17 08:54:45--  https://github.com/DataTalksClub/nyc-tlc-data/releases/download/green/green_tripdata_2019-10.csv.gz","logger":"airflow.task.hooks.airflow.providers.standard.hooks.subprocess.SubprocessHook"}
{"timestamp":"2025-07-17T08:54:45.111871","level":"info","event":"Resolving github.com (github.com)... 20.205.243.166","logger":"airflow.task.hooks.airflow.providers.standard.hooks.subprocess.SubprocessHook"}
{"timestamp":"2025-07-17T08:54:45.192771","level":"info","event":"Connecting to github.com (github.com)|20.205.243.166|:443... connected.","logger":"airflow.task.hooks.airflow.providers.standard.hooks.subprocess.SubprocessHook"}
{"timestamp":"2025-07-17T08:54:45.250521","level":"info","event":"HTTP request sent, awaiting response... 302 Found","logger":"airflow.task.hooks.airflow.providers.standard.hooks.subprocess.SubprocessHook"}
{"timestamp":"2025-07-17T08:54:45.250676","level":"info","event":"Location: https://objects.githubusercontent.com/github-production-release-asset-2e65be/513814948/ea580e9e-555c-4bd0-ae73-43051d8e7c0b?X-Amz-Algorithm=AWS4-HMAC-SHA256&X-Amz-Credential=releaseassetproduction%2F20250717%2Fus-east-1%2Fs3%2Faws4_request&X-Amz-Date=20250717T085443Z&X-Amz-Expires=1800&X-Amz-Signature=52bdaf620fa9ddcd2501177f93aa0e336f5077d38f5b06f5191e288bc5f059b5&X-Amz-SignedHeaders=host&response-content-disposition=attachment%3B%20filename%3Dgreen_tripdata_2019-10.csv.gz&response-content-type=application%2Foctet-stream [following]","logger":"airflow.task.hooks.airflow.providers.standard.hooks.subprocess.SubprocessHook"}
{"timestamp":"2025-07-17T08:54:45.250761","level":"info","event":"--2025-07-17 08:54:45--  https://objects.githubusercontent.com/github-production-release-asset-2e65be/513814948/ea580e9e-555c-4bd0-ae73-43051d8e7c0b?X-Amz-Algorithm=AWS4-HMAC-SHA256&X-Amz-Credential=releaseassetproduction%2F20250717%2Fus-east-1%2Fs3%2Faws4_request&X-Amz-Date=20250717T085443Z&X-Amz-Expires=1800&X-Amz-Signature=52bdaf620fa9ddcd2501177f93aa0e336f5077d38f5b06f5191e288bc5f059b5&X-Amz-SignedHeaders=host&response-content-disposition=attachment%3B%20filename%3Dgreen_tripdata_2019-10.csv.gz&response-content-type=application%2Foctet-stream","logger":"airflow.task.hooks.airflow.providers.standard.hooks.subprocess.SubprocessHook"}
{"timestamp":"2025-07-17T08:54:45.256255","level":"info","event":"Resolving objects.githubusercontent.com (objects.githubusercontent.com)... 185.199.108.133, 185.199.109.133, 185.199.110.133, ...","logger":"airflow.task.hooks.airflow.providers.standard.hooks.subprocess.SubprocessHook"}
{"timestamp":"2025-07-17T08:54:45.280306","level":"info","event":"Connecting to objects.githubusercontent.com (objects.githubusercontent.com)|185.199.108.133|:443... connected.","logger":"airflow.task.hooks.airflow.providers.standard.hooks.subprocess.SubprocessHook"}
{"timestamp":"2025-07-17T08:54:46.269553","level":"info","event":"HTTP request sent, awaiting response... 200 OK","logger":"airflow.task.hooks.airflow.providers.standard.hooks.subprocess.SubprocessHook"}
{"timestamp":"2025-07-17T08:54:46.269672","level":"info","event":"Length: 8262584 (7.9M) [application/octet-stream]","logger":"airflow.task.hooks.airflow.providers.standard.hooks.subprocess.SubprocessHook"}
{"timestamp":"2025-07-17T08:54:46.269734","level":"info","event":"Saving to: ‘/opt/airflow/green_tripdata_2019-10.csv’","logger":"airflow.task.hooks.airflow.providers.standard.hooks.subprocess.SubprocessHook"}
{"timestamp":"2025-07-17T08:54:46.277123","level":"info","event":"","logger":"airflow.task.hooks.airflow.providers.standard.hooks.subprocess.SubprocessHook"}
{"timestamp":"2025-07-17T08:54:46.287763","level":"info","event":"     0K .......... .......... .......... .......... ..........  0% 2.70M 3s","logger":"airflow.task.hooks.airflow.providers.standard.hooks.subprocess.SubprocessHook"}
{"timestamp":"2025-07-17T08:54:46.292072","level":"info","event":"    50K .......... .......... .......... .......... ..........  1% 11.3M 2s","logger":"airflow.task.hooks.airflow.providers.standard.hooks.subprocess.SubprocessHook"}
{"timestamp":"2025-07-17T08:54:46.297115","level":"info","event":"   100K .......... .......... .......... .......... ..........  1% 9.76M 1s","logger":"airflow.task.hooks.airflow.providers.standard.hooks.subprocess.SubprocessHook"}
{"timestamp":"2025-07-17T08:54:46.299087","level":"info","event":"   150K .......... .......... .......... .......... ..........  2% 25.1M 1s","logger":"airflow.task.hooks.airflow.providers.standard.hooks.subprocess.SubprocessHook"}
{"timestamp":"2025-07-17T08:54:46.300946","level":"info","event":"   200K .......... .......... .......... .......... ..........  3% 25.3M 1s","logger":"airflow.task.hooks.airflow.providers.standard.hooks.subprocess.SubprocessHook"}
{"timestamp":"2025-07-17T08:54:46.303162","level":"info","event":"   250K .......... .......... .......... .......... ..........  3% 22.0M 1s","logger":"airflow.task.hooks.airflow.providers.standard.hooks.subprocess.SubprocessHook"}
{"timestamp":"2025-07-17T08:54:46.304704","level":"info","event":"   300K .......... .......... .......... .......... ..........  4% 30.8M 1s","logger":"airflow.task.hooks.airflow.providers.standard.hooks.subprocess.SubprocessHook"}
{"timestamp":"2025-07-17T08:54:46.307456","level":"info","event":"   350K .......... .......... .......... .......... ..........  4% 19.9M 1s","logger":"airflow.task.hooks.airflow.providers.standard.hooks.subprocess.SubprocessHook"}
{"timestamp":"2025-07-17T08:54:46.310452","level":"info","event":"   400K .......... .......... .......... .......... ..........  5% 15.2M 1s","logger":"airflow.task.hooks.airflow.providers.standard.hooks.subprocess.SubprocessHook"}
{"timestamp":"2025-07-17T08:54:46.310777","level":"info","event":"   450K .......... .......... .......... .......... ..........  6%  202M 1s","logger":"airflow.task.hooks.airflow.providers.standard.hooks.subprocess.SubprocessHook"}
{"timestamp":"2025-07-17T08:54:46.311997","level":"info","event":"   500K .......... .......... .......... .......... ..........  6% 35.7M 1s","logger":"airflow.task.hooks.airflow.providers.standard.hooks.subprocess.SubprocessHook"}
{"timestamp":"2025-07-17T08:54:46.313093","level":"info","event":"   550K .......... .......... .......... .......... ..........  7% 45.7M 1s","logger":"airflow.task.hooks.airflow.providers.standard.hooks.subprocess.SubprocessHook"}
{"timestamp":"2025-07-17T08:54:46.313895","level":"info","event":"   600K .......... .......... .......... .......... ..........  8% 60.2M 1s","logger":"airflow.task.hooks.airflow.providers.standard.hooks.subprocess.SubprocessHook"}
{"timestamp":"2025-07-17T08:54:46.321250","level":"info","event":"   650K .......... .......... .......... .......... ..........  8% 6.74M 1s","logger":"airflow.task.hooks.airflow.providers.standard.hooks.subprocess.SubprocessHook"}
{"timestamp":"2025-07-17T08:54:46.322715","level":"info","event":"   700K .......... .......... .......... .......... ..........  9% 30.5M 1s","logger":"airflow.task.hooks.airflow.providers.standard.hooks.subprocess.SubprocessHook"}
{"timestamp":"2025-07-17T08:54:46.323709","level":"info","event":"   750K .......... .......... .......... .......... ..........  9% 50.5M 0s","logger":"airflow.task.hooks.airflow.providers.standard.hooks.subprocess.SubprocessHook"}
{"timestamp":"2025-07-17T08:54:46.324266","level":"info","event":"   800K .......... .......... .......... .......... .......... 10% 81.2M 0s","logger":"airflow.task.hooks.airflow.providers.standard.hooks.subprocess.SubprocessHook"}
{"timestamp":"2025-07-17T08:54:46.325410","level":"info","event":"   850K .......... .......... .......... .......... .......... 11% 45.3M 0s","logger":"airflow.task.hooks.airflow.providers.standard.hooks.subprocess.SubprocessHook"}
{"timestamp":"2025-07-17T08:54:46.327501","level":"info","event":"   900K .......... .......... .......... .......... .......... 11% 23.2M 0s","logger":"airflow.task.hooks.airflow.providers.standard.hooks.subprocess.SubprocessHook"}
{"timestamp":"2025-07-17T08:54:46.328104","level":"info","event":"   950K .......... .......... .......... .......... .......... 12% 77.6M 0s","logger":"airflow.task.hooks.airflow.providers.standard.hooks.subprocess.SubprocessHook"}
{"timestamp":"2025-07-17T08:54:46.328734","level":"info","event":"  1000K .......... .......... .......... .......... .......... 13% 79.6M 0s","logger":"airflow.task.hooks.airflow.providers.standard.hooks.subprocess.SubprocessHook"}
{"timestamp":"2025-07-17T08:54:46.329726","level":"info","event":"  1050K .......... .......... .......... .......... .......... 13% 48.2M 0s","logger":"airflow.task.hooks.airflow.providers.standard.hooks.subprocess.SubprocessHook"}
{"timestamp":"2025-07-17T08:54:46.330570","level":"info","event":"  1100K .......... .......... .......... .......... .......... 14% 56.4M 0s","logger":"airflow.task.hooks.airflow.providers.standard.hooks.subprocess.SubprocessHook"}
{"timestamp":"2025-07-17T08:54:46.331737","level":"info","event":"  1150K .......... .......... .......... .......... .......... 14% 42.2M 0s","logger":"airflow.task.hooks.airflow.providers.standard.hooks.subprocess.SubprocessHook"}
{"timestamp":"2025-07-17T08:54:46.333634","level":"info","event":"  1200K .......... .......... .......... .......... .......... 15% 26.0M 0s","logger":"airflow.task.hooks.airflow.providers.standard.hooks.subprocess.SubprocessHook"}
{"timestamp":"2025-07-17T08:54:46.334291","level":"info","event":"  1250K .......... .......... .......... .......... .......... 16% 71.6M 0s","logger":"airflow.task.hooks.airflow.providers.standard.hooks.subprocess.SubprocessHook"}
{"timestamp":"2025-07-17T08:54:46.334945","level":"info","event":"  1300K .......... .......... .......... .......... .......... 16% 73.1M 0s","logger":"airflow.task.hooks.airflow.providers.standard.hooks.subprocess.SubprocessHook"}
{"timestamp":"2025-07-17T08:54:46.335935","level":"info","event":"  1350K .......... .......... .......... .......... .......... 17% 49.3M 0s","logger":"airflow.task.hooks.airflow.providers.standard.hooks.subprocess.SubprocessHook"}
{"timestamp":"2025-07-17T08:54:46.336681","level":"info","event":"  1400K .......... .......... .......... .......... .......... 17% 65.5M 0s","logger":"airflow.task.hooks.airflow.providers.standard.hooks.subprocess.SubprocessHook"}
{"timestamp":"2025-07-17T08:54:46.337516","level":"info","event":"  1450K .......... .......... .......... .......... .......... 18% 59.5M 0s","logger":"airflow.task.hooks.airflow.providers.standard.hooks.subprocess.SubprocessHook"}
{"timestamp":"2025-07-17T08:54:46.339639","level":"info","event":"  1500K .......... .......... .......... .......... .......... 19% 23.4M 0s","logger":"airflow.task.hooks.airflow.providers.standard.hooks.subprocess.SubprocessHook"}
{"timestamp":"2025-07-17T08:54:46.340119","level":"info","event":"  1550K .......... .......... .......... .......... .......... 19% 95.5M 0s","logger":"airflow.task.hooks.airflow.providers.standard.hooks.subprocess.SubprocessHook"}
{"timestamp":"2025-07-17T08:54:46.341094","level":"info","event":"  1600K .......... .......... .......... .......... .......... 20% 51.1M 0s","logger":"airflow.task.hooks.airflow.providers.standard.hooks.subprocess.SubprocessHook"}
{"timestamp":"2025-07-17T08:54:46.342091","level":"info","event":"  1650K .......... .......... .......... .......... .......... 21% 47.8M 0s","logger":"airflow.task.hooks.airflow.providers.standard.hooks.subprocess.SubprocessHook"}
{"timestamp":"2025-07-17T08:54:46.343020","level":"info","event":"  1700K .......... .......... .......... .......... .......... 21% 53.2M 0s","logger":"airflow.task.hooks.airflow.providers.standard.hooks.subprocess.SubprocessHook"}
{"timestamp":"2025-07-17T08:54:46.343716","level":"info","event":"  1750K .......... .......... .......... .......... .......... 22% 69.2M 0s","logger":"airflow.task.hooks.airflow.providers.standard.hooks.subprocess.SubprocessHook"}
{"timestamp":"2025-07-17T08:54:46.345632","level":"info","event":"  1800K .......... .......... .......... .......... .......... 22% 53.6M 0s","logger":"airflow.task.hooks.airflow.providers.standard.hooks.subprocess.SubprocessHook"}
{"timestamp":"2025-07-17T08:54:46.346535","level":"info","event":"  1850K .......... .......... .......... .......... .......... 23% 25.6M 0s","logger":"airflow.task.hooks.airflow.providers.standard.hooks.subprocess.SubprocessHook"}
{"timestamp":"2025-07-17T08:54:46.347182","level":"info","event":"  1900K .......... .......... .......... .......... .......... 24% 76.2M 0s","logger":"airflow.task.hooks.airflow.providers.standard.hooks.subprocess.SubprocessHook"}
{"timestamp":"2025-07-17T08:54:46.347921","level":"info","event":"  1950K .......... .......... .......... .......... .......... 24% 67.8M 0s","logger":"airflow.task.hooks.airflow.providers.standard.hooks.subprocess.SubprocessHook"}
{"timestamp":"2025-07-17T08:54:46.349062","level":"info","event":"  2000K .......... .......... .......... .......... .......... 25% 42.1M 0s","logger":"airflow.task.hooks.airflow.providers.standard.hooks.subprocess.SubprocessHook"}
{"timestamp":"2025-07-17T08:54:46.349924","level":"info","event":"  2050K .......... .......... .......... .......... .......... 26% 55.6M 0s","logger":"airflow.task.hooks.airflow.providers.standard.hooks.subprocess.SubprocessHook"}
{"timestamp":"2025-07-17T08:54:46.351603","level":"info","event":"  2100K .......... .......... .......... .......... .......... 26% 29.2M 0s","logger":"airflow.task.hooks.airflow.providers.standard.hooks.subprocess.SubprocessHook"}
{"timestamp":"2025-07-17T08:54:46.352419","level":"info","event":"  2150K .......... .......... .......... .......... .......... 27% 58.8M 0s","logger":"airflow.task.hooks.airflow.providers.standard.hooks.subprocess.SubprocessHook"}
{"timestamp":"2025-07-17T08:54:46.353610","level":"info","event":"  2200K .......... .......... .......... .......... .......... 27% 43.6M 0s","logger":"airflow.task.hooks.airflow.providers.standard.hooks.subprocess.SubprocessHook"}
{"timestamp":"2025-07-17T08:54:46.354203","level":"info","event":"  2250K .......... .......... .......... .......... .......... 28% 74.5M 0s","logger":"airflow.task.hooks.airflow.providers.standard.hooks.subprocess.SubprocessHook"}
{"timestamp":"2025-07-17T08:54:46.355409","level":"info","event":"  2300K .......... .......... .......... .......... .......... 29% 42.7M 0s","logger":"airflow.task.hooks.airflow.providers.standard.hooks.subprocess.SubprocessHook"}
{"timestamp":"2025-07-17T08:54:46.356065","level":"info","event":"  2350K .......... .......... .......... .......... .......... 29% 68.8M 0s","logger":"airflow.task.hooks.airflow.providers.standard.hooks.subprocess.SubprocessHook"}
{"timestamp":"2025-07-17T08:54:46.358490","level":"info","event":"  2400K .......... .......... .......... .......... .......... 30% 21.4M 0s","logger":"airflow.task.hooks.airflow.providers.standard.hooks.subprocess.SubprocessHook"}
{"timestamp":"2025-07-17T08:54:46.359261","level":"info","event":"  2450K .......... .......... .......... .......... .......... 30% 55.2M 0s","logger":"airflow.task.hooks.airflow.providers.standard.hooks.subprocess.SubprocessHook"}
{"timestamp":"2025-07-17T08:54:46.360338","level":"info","event":"  2500K .......... .......... .......... .......... .......... 31% 45.3M 0s","logger":"airflow.task.hooks.airflow.providers.standard.hooks.subprocess.SubprocessHook"}
{"timestamp":"2025-07-17T08:54:46.361533","level":"info","event":"  2550K .......... .......... .......... .......... .......... 32% 49.9M 0s","logger":"airflow.task.hooks.airflow.providers.standard.hooks.subprocess.SubprocessHook"}
{"timestamp":"2025-07-17T08:54:46.362198","level":"info","event":"  2600K .......... .......... .......... .......... .......... 32% 55.1M 0s","logger":"airflow.task.hooks.airflow.providers.standard.hooks.subprocess.SubprocessHook"}
{"timestamp":"2025-07-17T08:54:46.362753","level":"info","event":"  2650K .......... .......... .......... .......... .......... 33% 82.1M 0s","logger":"airflow.task.hooks.airflow.providers.standard.hooks.subprocess.SubprocessHook"}
{"timestamp":"2025-07-17T08:54:46.364573","level":"info","event":"  2700K .......... .......... .......... .......... .......... 34% 30.6M 0s","logger":"airflow.task.hooks.airflow.providers.standard.hooks.subprocess.SubprocessHook"}
{"timestamp":"2025-07-17T08:54:46.365111","level":"info","event":"  2750K .......... .......... .......... .......... .......... 34% 65.2M 0s","logger":"airflow.task.hooks.airflow.providers.standard.hooks.subprocess.SubprocessHook"}
{"timestamp":"2025-07-17T08:54:46.366172","level":"info","event":"  2800K .......... .......... .......... .......... .......... 35% 48.5M 0s","logger":"airflow.task.hooks.airflow.providers.standard.hooks.subprocess.SubprocessHook"}
{"timestamp":"2025-07-17T08:54:46.367150","level":"info","event":"  2850K .......... .......... .......... .......... .......... 35% 53.4M 0s","logger":"airflow.task.hooks.airflow.providers.standard.hooks.subprocess.SubprocessHook"}
{"timestamp":"2025-07-17T08:54:46.367997","level":"info","event":"  2900K .......... .......... .......... .......... .......... 36% 56.6M 0s","logger":"airflow.task.hooks.airflow.providers.standard.hooks.subprocess.SubprocessHook"}
{"timestamp":"2025-07-17T08:54:46.369004","level":"info","event":"  2950K .......... .......... .......... .......... .......... 37% 47.7M 0s","logger":"airflow.task.hooks.airflow.providers.standard.hooks.subprocess.SubprocessHook"}
{"timestamp":"2025-07-17T08:54:46.370645","level":"info","event":"  3000K .......... .......... .......... .......... .......... 37% 29.2M 0s","logger":"airflow.task.hooks.airflow.providers.standard.hooks.subprocess.SubprocessHook"}
{"timestamp":"2025-07-17T08:54:46.371343","level":"info","event":"  3050K .......... .......... .......... .......... .......... 38% 64.8M 0s","logger":"airflow.task.hooks.airflow.providers.standard.hooks.subprocess.SubprocessHook"}
{"timestamp":"2025-07-17T08:54:46.372253","level":"info","event":"  3100K .......... .......... .......... .......... .......... 39% 55.5M 0s","logger":"airflow.task.hooks.airflow.providers.standard.hooks.subprocess.SubprocessHook"}
{"timestamp":"2025-07-17T08:54:46.373303","level":"info","event":"  3150K .......... .......... .......... .......... .......... 39% 49.1M 0s","logger":"airflow.task.hooks.airflow.providers.standard.hooks.subprocess.SubprocessHook"}
{"timestamp":"2025-07-17T08:54:46.374388","level":"info","event":"  3200K .......... .......... .......... .......... .......... 40% 73.3M 0s","logger":"airflow.task.hooks.airflow.providers.standard.hooks.subprocess.SubprocessHook"}
{"timestamp":"2025-07-17T08:54:46.375111","level":"info","event":"  3250K .......... .......... .......... .......... .......... 40% 40.8M 0s","logger":"airflow.task.hooks.airflow.providers.standard.hooks.subprocess.SubprocessHook"}
{"timestamp":"2025-07-17T08:54:46.376494","level":"info","event":"  3300K .......... .......... .......... .......... .......... 41% 36.2M 0s","logger":"airflow.task.hooks.airflow.providers.standard.hooks.subprocess.SubprocessHook"}
{"timestamp":"2025-07-17T08:54:46.376715","level":"info","event":"  3350K .......... .......... .......... .......... .......... 42%  178M 0s","logger":"airflow.task.hooks.airflow.providers.standard.hooks.subprocess.SubprocessHook"}
{"timestamp":"2025-07-17T08:54:46.377842","level":"info","event":"  3400K .......... .......... .......... .......... .......... 42% 43.7M 0s","logger":"airflow.task.hooks.airflow.providers.standard.hooks.subprocess.SubprocessHook"}
{"timestamp":"2025-07-17T08:54:46.379157","level":"info","event":"  3450K .......... .......... .......... .......... .......... 43% 69.3M 0s","logger":"airflow.task.hooks.airflow.providers.standard.hooks.subprocess.SubprocessHook"}
{"timestamp":"2025-07-17T08:54:46.379703","level":"info","event":"  3500K .......... .......... .......... .......... .......... 43% 41.8M 0s","logger":"airflow.task.hooks.airflow.providers.standard.hooks.subprocess.SubprocessHook"}
{"timestamp":"2025-07-17T08:54:46.381765","level":"info","event":"  3550K .......... .......... .......... .......... .......... 44% 23.7M 0s","logger":"airflow.task.hooks.airflow.providers.standard.hooks.subprocess.SubprocessHook"}
{"timestamp":"2025-07-17T08:54:46.382170","level":"info","event":"  3600K .......... .......... .......... .......... .......... 45%  124M 0s","logger":"airflow.task.hooks.airflow.providers.standard.hooks.subprocess.SubprocessHook"}
{"timestamp":"2025-07-17T08:54:46.383149","level":"info","event":"  3650K .......... .......... .......... .......... .......... 45% 51.3M 0s","logger":"airflow.task.hooks.airflow.providers.standard.hooks.subprocess.SubprocessHook"}
{"timestamp":"2025-07-17T08:54:46.384238","level":"info","event":"  3700K .......... .......... .......... .......... .......... 46% 42.6M 0s","logger":"airflow.task.hooks.airflow.providers.standard.hooks.subprocess.SubprocessHook"}
{"timestamp":"2025-07-17T08:54:46.384867","level":"info","event":"  3750K .......... .......... .......... .......... .......... 47% 85.1M 0s","logger":"airflow.task.hooks.airflow.providers.standard.hooks.subprocess.SubprocessHook"}
{"timestamp":"2025-07-17T08:54:46.385505","level":"info","event":"  3800K .......... .......... .......... .......... .......... 47% 71.3M 0s","logger":"airflow.task.hooks.airflow.providers.standard.hooks.subprocess.SubprocessHook"}
{"timestamp":"2025-07-17T08:54:46.387000","level":"info","event":"  3850K .......... .......... .......... .......... .......... 48% 33.8M 0s","logger":"airflow.task.hooks.airflow.providers.standard.hooks.subprocess.SubprocessHook"}
{"timestamp":"2025-07-17T08:54:46.387945","level":"info","event":"  3900K .......... .......... .......... .......... .......... 48% 49.1M 0s","logger":"airflow.task.hooks.airflow.providers.standard.hooks.subprocess.SubprocessHook"}
{"timestamp":"2025-07-17T08:54:46.388575","level":"info","event":"  3950K .......... .......... .......... .......... .......... 49% 75.9M 0s","logger":"airflow.task.hooks.airflow.providers.standard.hooks.subprocess.SubprocessHook"}
{"timestamp":"2025-07-17T08:54:46.389717","level":"info","event":"  4000K .......... .......... .......... .......... .......... 50% 45.3M 0s","logger":"airflow.task.hooks.airflow.providers.standard.hooks.subprocess.SubprocessHook"}
{"timestamp":"2025-07-17T08:54:46.390507","level":"info","event":"  4050K .......... .......... .......... .......... .......... 50% 60.6M 0s","logger":"airflow.task.hooks.airflow.providers.standard.hooks.subprocess.SubprocessHook"}
{"timestamp":"2025-07-17T08:54:46.391221","level":"info","event":"  4100K .......... .......... .......... .......... .......... 51% 65.9M 0s","logger":"airflow.task.hooks.airflow.providers.standard.hooks.subprocess.SubprocessHook"}
{"timestamp":"2025-07-17T08:54:46.392022","level":"info","event":"  4150K .......... .......... .......... .......... .......... 52% 60.8M 0s","logger":"airflow.task.hooks.airflow.providers.standard.hooks.subprocess.SubprocessHook"}
{"timestamp":"2025-07-17T08:54:46.393861","level":"info","event":"  4200K .......... .......... .......... .......... .......... 52% 26.9M 0s","logger":"airflow.task.hooks.airflow.providers.standard.hooks.subprocess.SubprocessHook"}
{"timestamp":"2025-07-17T08:54:46.394766","level":"info","event":"  4250K .......... .......... .......... .......... .......... 53% 55.2M 0s","logger":"airflow.task.hooks.airflow.providers.standard.hooks.subprocess.SubprocessHook"}
{"timestamp":"2025-07-17T08:54:46.396649","level":"info","event":"  4300K .......... .......... .......... .......... .......... 53% 25.7M 0s","logger":"airflow.task.hooks.airflow.providers.standard.hooks.subprocess.SubprocessHook"}
{"timestamp":"2025-07-17T08:54:46.397656","level":"info","event":"  4350K .......... .......... .......... .......... .......... 54% 49.5M 0s","logger":"airflow.task.hooks.airflow.providers.standard.hooks.subprocess.SubprocessHook"}
{"timestamp":"2025-07-17T08:54:46.398267","level":"info","event":"  4400K .......... .......... .......... .......... .......... 55% 77.6M 0s","logger":"airflow.task.hooks.airflow.providers.standard.hooks.subprocess.SubprocessHook"}
{"timestamp":"2025-07-17T08:54:46.399554","level":"info","event":"  4450K .......... .......... .......... .......... .......... 55% 81.7M 0s","logger":"airflow.task.hooks.airflow.providers.standard.hooks.subprocess.SubprocessHook"}
{"timestamp":"2025-07-17T08:54:46.400444","level":"info","event":"  4500K .......... .......... .......... .......... .......... 56% 32.8M 0s","logger":"airflow.task.hooks.airflow.providers.standard.hooks.subprocess.SubprocessHook"}
{"timestamp":"2025-07-17T08:54:46.401505","level":"info","event":"  4550K .......... .......... .......... .......... .......... 57% 42.1M 0s","logger":"airflow.task.hooks.airflow.providers.standard.hooks.subprocess.SubprocessHook"}
{"timestamp":"2025-07-17T08:54:46.401916","level":"info","event":"  4600K .......... .......... .......... .......... .......... 57%  115M 0s","logger":"airflow.task.hooks.airflow.providers.standard.hooks.subprocess.SubprocessHook"}
{"timestamp":"2025-07-17T08:54:46.402490","level":"info","event":"  4650K .......... .......... .......... .......... .......... 58% 84.7M 0s","logger":"airflow.task.hooks.airflow.providers.standard.hooks.subprocess.SubprocessHook"}
{"timestamp":"2025-07-17T08:54:46.403943","level":"info","event":"  4700K .......... .......... .......... .......... .......... 58% 36.8M 0s","logger":"airflow.task.hooks.airflow.providers.standard.hooks.subprocess.SubprocessHook"}
{"timestamp":"2025-07-17T08:54:46.404964","level":"info","event":"  4750K .......... .......... .......... .......... .......... 59% 43.5M 0s","logger":"airflow.task.hooks.airflow.providers.standard.hooks.subprocess.SubprocessHook"}
{"timestamp":"2025-07-17T08:54:46.405653","level":"info","event":"  4800K .......... .......... .......... .......... .......... 60% 69.3M 0s","logger":"airflow.task.hooks.airflow.providers.standard.hooks.subprocess.SubprocessHook"}
{"timestamp":"2025-07-17T08:54:46.406721","level":"info","event":"  4850K .......... .......... .......... .......... .......... 60% 46.4M 0s","logger":"airflow.task.hooks.airflow.providers.standard.hooks.subprocess.SubprocessHook"}
{"timestamp":"2025-07-17T08:54:46.407528","level":"info","event":"  4900K .......... .......... .......... .......... .......... 61% 61.2M 0s","logger":"airflow.task.hooks.airflow.providers.standard.hooks.subprocess.SubprocessHook"}
{"timestamp":"2025-07-17T08:54:46.408656","level":"info","event":"  4950K .......... .......... .......... .......... .......... 61% 42.5M 0s","logger":"airflow.task.hooks.airflow.providers.standard.hooks.subprocess.SubprocessHook"}
{"timestamp":"2025-07-17T08:54:46.409337","level":"info","event":"  5000K .......... .......... .......... .......... .......... 62% 68.2M 0s","logger":"airflow.task.hooks.airflow.providers.standard.hooks.subprocess.SubprocessHook"}
{"timestamp":"2025-07-17T08:54:46.410379","level":"info","event":"  5050K .......... .......... .......... .......... .......... 63% 49.8M 0s","logger":"airflow.task.hooks.airflow.providers.standard.hooks.subprocess.SubprocessHook"}
{"timestamp":"2025-07-17T08:54:46.411570","level":"info","event":"  5100K .......... .......... .......... .......... .......... 63% 79.9M 0s","logger":"airflow.task.hooks.airflow.providers.standard.hooks.subprocess.SubprocessHook"}
{"timestamp":"2025-07-17T08:54:46.413016","level":"info","event":"  5150K .......... .......... .......... .......... .......... 64% 24.1M 0s","logger":"airflow.task.hooks.airflow.providers.standard.hooks.subprocess.SubprocessHook"}
{"timestamp":"2025-07-17T08:54:46.414489","level":"info","event":"  5200K .......... .......... .......... .......... .......... 65% 33.4M 0s","logger":"airflow.task.hooks.airflow.providers.standard.hooks.subprocess.SubprocessHook"}
{"timestamp":"2025-07-17T08:54:46.414728","level":"info","event":"  5250K .......... .......... .......... .......... .......... 65%  165M 0s","logger":"airflow.task.hooks.airflow.providers.standard.hooks.subprocess.SubprocessHook"}
{"timestamp":"2025-07-17T08:54:46.415958","level":"info","event":"  5300K .......... .......... .......... .......... .......... 66% 41.1M 0s","logger":"airflow.task.hooks.airflow.providers.standard.hooks.subprocess.SubprocessHook"}
{"timestamp":"2025-07-17T08:54:46.416744","level":"info","event":"  5350K .......... .......... .......... .......... .......... 66% 61.4M 0s","logger":"airflow.task.hooks.airflow.providers.standard.hooks.subprocess.SubprocessHook"}
{"timestamp":"2025-07-17T08:54:46.418258","level":"info","event":"  5400K .......... .......... .......... .......... .......... 67% 32.2M 0s","logger":"airflow.task.hooks.airflow.providers.standard.hooks.subprocess.SubprocessHook"}
{"timestamp":"2025-07-17T08:54:46.420245","level":"info","event":"  5450K .......... .......... .......... .......... .......... 68% 25.8M 0s","logger":"airflow.task.hooks.airflow.providers.standard.hooks.subprocess.SubprocessHook"}
{"timestamp":"2025-07-17T08:54:46.420984","level":"info","event":"  5500K .......... .......... .......... .......... .......... 68% 58.9M 0s","logger":"airflow.task.hooks.airflow.providers.standard.hooks.subprocess.SubprocessHook"}
{"timestamp":"2025-07-17T08:54:46.421529","level":"info","event":"  5550K .......... .......... .......... .......... .......... 69% 84.1M 0s","logger":"airflow.task.hooks.airflow.providers.standard.hooks.subprocess.SubprocessHook"}
{"timestamp":"2025-07-17T08:54:46.423671","level":"info","event":"  5600K .......... .......... .......... .......... .......... 70% 23.1M 0s","logger":"airflow.task.hooks.airflow.providers.standard.hooks.subprocess.SubprocessHook"}
{"timestamp":"2025-07-17T08:54:46.424143","level":"info","event":"  5650K .......... .......... .......... .......... .......... 70% 98.9M 0s","logger":"airflow.task.hooks.airflow.providers.standard.hooks.subprocess.SubprocessHook"}
{"timestamp":"2025-07-17T08:54:46.424982","level":"info","event":"  5700K .......... .......... .......... .......... .......... 71% 58.2M 0s","logger":"airflow.task.hooks.airflow.providers.standard.hooks.subprocess.SubprocessHook"}
{"timestamp":"2025-07-17T08:54:46.426018","level":"info","event":"  5750K .......... .......... .......... .......... .......... 71% 46.8M 0s","logger":"airflow.task.hooks.airflow.providers.standard.hooks.subprocess.SubprocessHook"}
{"timestamp":"2025-07-17T08:54:46.426857","level":"info","event":"  5800K .......... .......... .......... .......... .......... 72% 60.3M 0s","logger":"airflow.task.hooks.airflow.providers.standard.hooks.subprocess.SubprocessHook"}
{"timestamp":"2025-07-17T08:54:46.428328","level":"info","event":"  5850K .......... .......... .......... .......... .......... 73% 34.2M 0s","logger":"airflow.task.hooks.airflow.providers.standard.hooks.subprocess.SubprocessHook"}
{"timestamp":"2025-07-17T08:54:46.429814","level":"info","event":"  5900K .......... .......... .......... .......... .......... 73% 32.0M 0s","logger":"airflow.task.hooks.airflow.providers.standard.hooks.subprocess.SubprocessHook"}
{"timestamp":"2025-07-17T08:54:46.430296","level":"info","event":"  5950K .......... .......... .......... .......... .......... 74% 94.7M 0s","logger":"airflow.task.hooks.airflow.providers.standard.hooks.subprocess.SubprocessHook"}
{"timestamp":"2025-07-17T08:54:46.431060","level":"info","event":"  6000K .......... .......... .......... .......... .......... 74% 67.3M 0s","logger":"airflow.task.hooks.airflow.providers.standard.hooks.subprocess.SubprocessHook"}
{"timestamp":"2025-07-17T08:54:46.432388","level":"info","event":"  6050K .......... .......... .......... .......... .......... 75% 39.0M 0s","logger":"airflow.task.hooks.airflow.providers.standard.hooks.subprocess.SubprocessHook"}
{"timestamp":"2025-07-17T08:54:46.433330","level":"info","event":"  6100K .......... .......... .......... .......... .......... 76% 50.7M 0s","logger":"airflow.task.hooks.airflow.providers.standard.hooks.subprocess.SubprocessHook"}
{"timestamp":"2025-07-17T08:54:46.434631","level":"info","event":"  6150K .......... .......... .......... .......... .......... 76% 36.8M 0s","logger":"airflow.task.hooks.airflow.providers.standard.hooks.subprocess.SubprocessHook"}
{"timestamp":"2025-07-17T08:54:46.435820","level":"info","event":"  6200K .......... .......... .......... .......... .......... 77% 40.1M 0s","logger":"airflow.task.hooks.airflow.providers.standard.hooks.subprocess.SubprocessHook"}
{"timestamp":"2025-07-17T08:54:46.436661","level":"info","event":"  6250K .......... .......... .......... .......... .......... 78% 57.4M 0s","logger":"airflow.task.hooks.airflow.providers.standard.hooks.subprocess.SubprocessHook"}
{"timestamp":"2025-07-17T08:54:46.437892","level":"info","event":"  6300K .......... .......... .......... .......... .......... 78% 40.4M 0s","logger":"airflow.task.hooks.airflow.providers.standard.hooks.subprocess.SubprocessHook"}
{"timestamp":"2025-07-17T08:54:46.438205","level":"info","event":"  6350K .......... .......... .......... .......... .......... 79%  153M 0s","logger":"airflow.task.hooks.airflow.providers.standard.hooks.subprocess.SubprocessHook"}
{"timestamp":"2025-07-17T08:54:46.439038","level":"info","event":"  6400K .......... .......... .......... .......... .......... 79% 58.0M 0s","logger":"airflow.task.hooks.airflow.providers.standard.hooks.subprocess.SubprocessHook"}
{"timestamp":"2025-07-17T08:54:46.440600","level":"info","event":"  6450K .......... .......... .......... .......... .......... 80% 32.8M 0s","logger":"airflow.task.hooks.airflow.providers.standard.hooks.subprocess.SubprocessHook"}
{"timestamp":"2025-07-17T08:54:46.441287","level":"info","event":"  6500K .......... .......... .......... .......... .......... 81% 65.2M 0s","logger":"airflow.task.hooks.airflow.providers.standard.hooks.subprocess.SubprocessHook"}
{"timestamp":"2025-07-17T08:54:46.442282","level":"info","event":"  6550K .......... .......... .......... .......... .......... 81% 49.1M 0s","logger":"airflow.task.hooks.airflow.providers.standard.hooks.subprocess.SubprocessHook"}
{"timestamp":"2025-07-17T08:54:46.443074","level":"info","event":"  6600K .......... .......... .......... .......... .......... 82% 60.2M 0s","logger":"airflow.task.hooks.airflow.providers.standard.hooks.subprocess.SubprocessHook"}
{"timestamp":"2025-07-17T08:54:46.443660","level":"info","event":"  6650K .......... .......... .......... .......... .......... 83% 83.0M 0s","logger":"airflow.task.hooks.airflow.providers.standard.hooks.subprocess.SubprocessHook"}
{"timestamp":"2025-07-17T08:54:46.444705","level":"info","event":"  6700K .......... .......... .......... .......... .......... 83% 46.7M 0s","logger":"airflow.task.hooks.airflow.providers.standard.hooks.subprocess.SubprocessHook"}
{"timestamp":"2025-07-17T08:54:46.446506","level":"info","event":"  6750K .......... .......... .......... .......... .......... 84% 27.6M 0s","logger":"airflow.task.hooks.airflow.providers.standard.hooks.subprocess.SubprocessHook"}
{"timestamp":"2025-07-17T08:54:46.447476","level":"info","event":"  6800K .......... .......... .......... .......... .......... 84% 50.9M 0s","logger":"airflow.task.hooks.airflow.providers.standard.hooks.subprocess.SubprocessHook"}
{"timestamp":"2025-07-17T08:54:46.448538","level":"info","event":"  6850K .......... .......... .......... .......... .......... 85% 45.8M 0s","logger":"airflow.task.hooks.airflow.providers.standard.hooks.subprocess.SubprocessHook"}
{"timestamp":"2025-07-17T08:54:46.449039","level":"info","event":"  6900K .......... .......... .......... .......... .......... 86% 93.9M 0s","logger":"airflow.task.hooks.airflow.providers.standard.hooks.subprocess.SubprocessHook"}
{"timestamp":"2025-07-17T08:54:46.449220","level":"info","event":"  6950K .......... .......... .......... .......... .......... 86%  207M 0s","logger":"airflow.task.hooks.airflow.providers.standard.hooks.subprocess.SubprocessHook"}
{"timestamp":"2025-07-17T08:54:46.450097","level":"info","event":"  7000K .......... .......... .......... .......... .......... 87% 57.0M 0s","logger":"airflow.task.hooks.airflow.providers.standard.hooks.subprocess.SubprocessHook"}
{"timestamp":"2025-07-17T08:54:46.450806","level":"info","event":"  7050K .......... .......... .......... .......... .......... 87% 68.7M 0s","logger":"airflow.task.hooks.airflow.providers.standard.hooks.subprocess.SubprocessHook"}
{"timestamp":"2025-07-17T08:54:46.451679","level":"info","event":"  7100K .......... .......... .......... .......... .......... 88% 57.6M 0s","logger":"airflow.task.hooks.airflow.providers.standard.hooks.subprocess.SubprocessHook"}
{"timestamp":"2025-07-17T08:54:46.452669","level":"info","event":"  7150K .......... .......... .......... .......... .......... 89% 50.5M 0s","logger":"airflow.task.hooks.airflow.providers.standard.hooks.subprocess.SubprocessHook"}
{"timestamp":"2025-07-17T08:54:46.453185","level":"info","event":"  7200K .......... .......... .......... .......... .......... 89% 91.8M 0s","logger":"airflow.task.hooks.airflow.providers.standard.hooks.subprocess.SubprocessHook"}
{"timestamp":"2025-07-17T08:54:46.454122","level":"info","event":"  7250K .......... .......... .......... .......... .......... 90% 51.5M 0s","logger":"airflow.task.hooks.airflow.providers.standard.hooks.subprocess.SubprocessHook"}
{"timestamp":"2025-07-17T08:54:46.454844","level":"info","event":"  7300K .......... .......... .......... .......... .......... 91% 66.4M 0s","logger":"airflow.task.hooks.airflow.providers.standard.hooks.subprocess.SubprocessHook"}
{"timestamp":"2025-07-17T08:54:46.455637","level":"info","event":"  7350K .......... .......... .......... .......... .......... 91% 61.3M 0s","logger":"airflow.task.hooks.airflow.providers.standard.hooks.subprocess.SubprocessHook"}
{"timestamp":"2025-07-17T08:54:46.456672","level":"info","event":"  7400K .......... .......... .......... .......... .......... 92% 50.6M 0s","logger":"airflow.task.hooks.airflow.providers.standard.hooks.subprocess.SubprocessHook"}
{"timestamp":"2025-07-17T08:54:46.457522","level":"info","event":"  7450K .......... .......... .......... .......... .......... 92% 56.6M 0s","logger":"airflow.task.hooks.airflow.providers.standard.hooks.subprocess.SubprocessHook"}
{"timestamp":"2025-07-17T08:54:46.458166","level":"info","event":"  7500K .......... .......... .......... .......... .......... 93% 73.3M 0s","logger":"airflow.task.hooks.airflow.providers.standard.hooks.subprocess.SubprocessHook"}
{"timestamp":"2025-07-17T08:54:46.458982","level":"info","event":"  7550K .......... .......... .......... .......... .......... 94% 57.7M 0s","logger":"airflow.task.hooks.airflow.providers.standard.hooks.subprocess.SubprocessHook"}
{"timestamp":"2025-07-17T08:54:46.459931","level":"info","event":"  7600K .......... .......... .......... .......... .......... 94% 54.0M 0s","logger":"airflow.task.hooks.airflow.providers.standard.hooks.subprocess.SubprocessHook"}
{"timestamp":"2025-07-17T08:54:46.467163","level":"info","event":"  7650K .......... .......... .......... .......... .......... 95% 6.81M 0s","logger":"airflow.task.hooks.airflow.providers.standard.hooks.subprocess.SubprocessHook"}
{"timestamp":"2025-07-17T08:54:46.469941","level":"info","event":"  7700K .......... .......... .......... .......... .......... 96% 22.6M 0s","logger":"airflow.task.hooks.airflow.providers.standard.hooks.subprocess.SubprocessHook"}
{"timestamp":"2025-07-17T08:54:46.471420","level":"info","event":"  7750K .......... .......... .......... .......... .......... 96% 23.2M 0s","logger":"airflow.task.hooks.airflow.providers.standard.hooks.subprocess.SubprocessHook"}
{"timestamp":"2025-07-17T08:54:46.473405","level":"info","event":"  7800K .......... .......... .......... .......... .......... 97% 25.9M 0s","logger":"airflow.task.hooks.airflow.providers.standard.hooks.subprocess.SubprocessHook"}
{"timestamp":"2025-07-17T08:54:46.473596","level":"info","event":"  7850K .......... .......... .......... .......... .......... 97%  253M 0s","logger":"airflow.task.hooks.airflow.providers.standard.hooks.subprocess.SubprocessHook"}
{"timestamp":"2025-07-17T08:54:46.473679","level":"info","event":"  7900K .......... .......... .......... .......... .......... 98%  278M 0s","logger":"airflow.task.hooks.airflow.providers.standard.hooks.subprocess.SubprocessHook"}
{"timestamp":"2025-07-17T08:54:46.474512","level":"info","event":"  7950K .......... .......... .......... .......... .......... 99% 52.7M 0s","logger":"airflow.task.hooks.airflow.providers.standard.hooks.subprocess.SubprocessHook"}
{"timestamp":"2025-07-17T08:54:46.474686","level":"info","event":"  8000K .......... .......... .......... .......... .......... 99%  291M 0s","logger":"airflow.task.hooks.airflow.providers.standard.hooks.subprocess.SubprocessHook"}
{"timestamp":"2025-07-17T08:54:46.474731","level":"info","event":"  8050K .......... ........                                   100%  326M=0.2s","logger":"airflow.task.hooks.airflow.providers.standard.hooks.subprocess.SubprocessHook"}
{"timestamp":"2025-07-17T08:54:46.474769","level":"info","event":"","logger":"airflow.task.hooks.airflow.providers.standard.hooks.subprocess.SubprocessHook"}
{"timestamp":"2025-07-17T08:54:46.474808","level":"info","event":"2025-07-17 08:54:46 (38.4 MB/s) - ‘/opt/airflow/green_tripdata_2019-10.csv’ saved [8262584/8262584]","logger":"airflow.task.hooks.airflow.providers.standard.hooks.subprocess.SubprocessHook"}
{"timestamp":"2025-07-17T08:54:46.474879","level":"info","event":"","logger":"airflow.task.hooks.airflow.providers.standard.hooks.subprocess.SubprocessHook"}
{"timestamp":"2025-07-17T08:54:46.476673","level":"info","event":"Command exited with return code 0","logger":"airflow.task.hooks.airflow.providers.standard.hooks.subprocess.SubprocessHook"}
{"timestamp":"2025-07-17T08:54:46.481629","level":"info","event":"Pushing xcom","ti":"RuntimeTaskInstance(id=UUID('01981797-c7ed-7d15-9f8d-60afcbb93e69'), task_id='download_dataset_task', dag_id='upload_gcs_greentrips', run_id='scheduled__2019-10-02T06:00:00+00:00', try_number=1, map_index=-1, hostname='8c16a644909e', context_carrier={}, task=<Task(BashOperator): download_dataset_task>, bundle_instance=LocalDagBundle(name=dags-folder), max_tries=0, start_date=datetime.datetime(2025, 7, 17, 8, 54, 40, 10086, tzinfo=TzInfo(UTC)), end_date=None, state=<TaskInstanceState.RUNNING: 'running'>, is_mapped=False, rendered_map_index=None)","logger":"task"}
{"timestamp":"2025-07-17T17:11:35.842323","level":"info","event":"DAG bundles loaded: dags-folder","logger":"airflow.dag_processing.bundles.manager.DagBundlesManager"}
{"timestamp":"2025-07-17T17:11:35.843010","level":"info","event":"Filling up the DagBag from /opt/airflow/dags/data_ingestion_gcs_dag.py","logger":"airflow.models.dagbag.DagBag"}
{"timestamp":"2025-07-17T17:11:37.403638","level":"info","event":"Tmp dir root location: /tmp","logger":"airflow.task.hooks.airflow.providers.standard.hooks.subprocess.SubprocessHook"}
{"timestamp":"2025-07-17T17:11:37.404604","level":"info","event":"Running command: ['/usr/bin/bash', '-c', 'echo https://github.com/DataTalksClub/nyc-tlc-data/releases/download/green/green_tripdata_2019-10.csv.gz && wget --no-verbose https://github.com/DataTalksClub/nyc-tlc-data/releases/download/green/green_tripdata_2019-10.csv.gz -O /opt/airflow/green_tripdata_2019-10.csv.gz && gunzip -f /opt/airflow/green_tripdata_2019-10.csv.gz']","logger":"airflow.task.hooks.airflow.providers.standard.hooks.subprocess.SubprocessHook"}
{"timestamp":"2025-07-17T17:11:37.432496","level":"info","event":"Output:","logger":"airflow.task.hooks.airflow.providers.standard.hooks.subprocess.SubprocessHook"}
{"timestamp":"2025-07-17T17:11:37.432973","level":"info","event":"https://github.com/DataTalksClub/nyc-tlc-data/releases/download/green/green_tripdata_2019-10.csv.gz","logger":"airflow.task.hooks.airflow.providers.standard.hooks.subprocess.SubprocessHook"}
{"timestamp":"2025-07-17T17:11:38.515368","level":"info","event":"2025-07-17 17:11:38 URL:https://release-assets.githubusercontent.com/github-production-release-asset/513814948/ea580e9e-555c-4bd0-ae73-43051d8e7c0b?sp=r&sv=2018-11-09&sr=b&spr=https&se=2025-07-17T17%3A47%3A54Z&rscd=attachment%3B+filename%3Dgreen_tripdata_2019-10.csv.gz&rsct=application%2Foctet-stream&skoid=96c2d410-5711-43a1-aedd-ab1947aa7ab0&sktid=398a6654-997b-47e9-b12b-9515b896b4de&skt=2025-07-17T16%3A47%3A23Z&ske=2025-07-17T17%3A47%3A54Z&sks=b&skv=2018-11-09&sig=Db0EzS6nZP9yQc2IiBhWYRHQchxq%2Bl%2FeNt7%2FAc30N7E%3D&jwt=eyJ******&response-content-disposition=attachment%3B%20filename%3Dgreen_tripdata_2019-10.csv.gz&response-content-type=application%2Foctet-stream [8262584/8262584] -> \"/opt/airflow/green_tripdata_2019-10.csv.gz\" [1]","logger":"airflow.task.hooks.airflow.providers.standard.hooks.subprocess.SubprocessHook"}
{"timestamp":"2025-07-17T17:11:39.043401","level":"info","event":"Command exited with return code 0","logger":"airflow.task.hooks.airflow.providers.standard.hooks.subprocess.SubprocessHook"}
{"timestamp":"2025-07-17T17:11:39.054953","level":"info","event":"Pushing xcom","ti":"RuntimeTaskInstance(id=UUID('0198195e-ba53-7461-a35a-1ce5ce46f3c3'), task_id='download_dataset_task', dag_id='upload_gcs_greentrips', run_id='scheduled__2019-10-02T06:00:00+00:00', try_number=1, map_index=-1, hostname='8c16a644909e', context_carrier={}, task=<Task(BashOperator): download_dataset_task>, bundle_instance=LocalDagBundle(name=dags-folder), max_tries=0, start_date=datetime.datetime(2025, 7, 17, 17, 11, 35, 417272, tzinfo=TzInfo(UTC)), end_date=None, state=<TaskInstanceState.RUNNING: 'running'>, is_mapped=False, rendered_map_index=None)","logger":"task"}
{"timestamp":"2025-07-17T17:18:02.906109","level":"info","event":"DAG bundles loaded: dags-folder","logger":"airflow.dag_processing.bundles.manager.DagBundlesManager"}
{"timestamp":"2025-07-17T17:18:02.907259","level":"info","event":"Filling up the DagBag from /opt/airflow/dags/data_ingestion_gcs_dag.py","logger":"airflow.models.dagbag.DagBag"}
{"timestamp":"2025-07-17T17:18:04.469865","level":"info","event":"Tmp dir root location: /tmp","logger":"airflow.task.hooks.airflow.providers.standard.hooks.subprocess.SubprocessHook"}
{"timestamp":"2025-07-17T17:18:04.475097","level":"info","event":"Running command: ['/usr/bin/bash', '-c', 'echo https://github.com/DataTalksClub/nyc-tlc-data/releases/download/green/green_tripdata_2019-10.csv.gz && wget --no-verbose https://github.com/DataTalksClub/nyc-tlc-data/releases/download/green/green_tripdata_2019-10.csv.gz -O /opt/airflow/green_tripdata_2019-10.csv.gz && gunzip -f /opt/airflow/green_tripdata_2019-10.csv.gz']","logger":"airflow.task.hooks.airflow.providers.standard.hooks.subprocess.SubprocessHook"}
{"timestamp":"2025-07-17T17:18:04.516620","level":"info","event":"Output:","logger":"airflow.task.hooks.airflow.providers.standard.hooks.subprocess.SubprocessHook"}
{"timestamp":"2025-07-17T17:18:04.517549","level":"info","event":"https://github.com/DataTalksClub/nyc-tlc-data/releases/download/green/green_tripdata_2019-10.csv.gz","logger":"airflow.task.hooks.airflow.providers.standard.hooks.subprocess.SubprocessHook"}
{"timestamp":"2025-07-17T17:18:05.827270","level":"info","event":"2025-07-17 17:18:05 URL:https://release-assets.githubusercontent.com/github-production-release-asset/513814948/ea580e9e-555c-4bd0-ae73-43051d8e7c0b?sp=r&sv=2018-11-09&sr=b&spr=https&se=2025-07-17T18%3A13%3A13Z&rscd=attachment%3B+filename%3Dgreen_tripdata_2019-10.csv.gz&rsct=application%2Foctet-stream&skoid=96c2d410-5711-43a1-aedd-ab1947aa7ab0&sktid=398a6654-997b-47e9-b12b-9515b896b4de&skt=2025-07-17T17%3A12%3A24Z&ske=2025-07-17T18%3A13%3A13Z&sks=b&skv=2018-11-09&sig=%2BBCCT4Og%2FGCtAwF64FKhE38D1ZwEwCphQqpHVkClvXo%3D&jwt=eyJ******&response-content-disposition=attachment%3B%20filename%3Dgreen_tripdata_2019-10.csv.gz&response-content-type=application%2Foctet-stream [8262584/8262584] -> \"/opt/airflow/green_tripdata_2019-10.csv.gz\" [1]","logger":"airflow.task.hooks.airflow.providers.standard.hooks.subprocess.SubprocessHook"}
{"timestamp":"2025-07-17T17:18:06.551539","level":"info","event":"Command exited with return code 0","logger":"airflow.task.hooks.airflow.providers.standard.hooks.subprocess.SubprocessHook"}
{"timestamp":"2025-07-17T17:18:06.565468","level":"info","event":"Pushing xcom","ti":"RuntimeTaskInstance(id=UUID('01981964-a158-70cf-aa21-387f6756e30f'), task_id='download_dataset_task', dag_id='upload_gcs_greentrips', run_id='scheduled__2019-10-02T06:00:00+00:00', try_number=1, map_index=-1, hostname='8c16a644909e', context_carrier={}, task=<Task(BashOperator): download_dataset_task>, bundle_instance=LocalDagBundle(name=dags-folder), max_tries=0, start_date=datetime.datetime(2025, 7, 17, 17, 18, 2, 318008, tzinfo=TzInfo(UTC)), end_date=None, state=<TaskInstanceState.RUNNING: 'running'>, is_mapped=False, rendered_map_index=None)","logger":"task"}
{"timestamp":"2025-07-17T17:20:54.383293","level":"info","event":"DAG bundles loaded: dags-folder","logger":"airflow.dag_processing.bundles.manager.DagBundlesManager"}
{"timestamp":"2025-07-17T17:20:54.384100","level":"info","event":"Filling up the DagBag from /opt/airflow/dags/data_ingestion_gcs_dag.py","logger":"airflow.models.dagbag.DagBag"}
{"timestamp":"2025-07-17T17:20:55.738283","level":"info","event":"Tmp dir root location: /tmp","logger":"airflow.task.hooks.airflow.providers.standard.hooks.subprocess.SubprocessHook"}
{"timestamp":"2025-07-17T17:20:55.742380","level":"info","event":"Running command: ['/usr/bin/bash', '-c', 'echo https://github.com/DataTalksClub/nyc-tlc-data/releases/download/green/green_tripdata_2019-10.csv.gz && wget --no-verbose https://github.com/DataTalksClub/nyc-tlc-data/releases/download/green/green_tripdata_2019-10.csv.gz -O /opt/airflow/green_tripdata_2019-10.csv.gz && gunzip -f /opt/airflow/green_tripdata_2019-10.csv.gz']","logger":"airflow.task.hooks.airflow.providers.standard.hooks.subprocess.SubprocessHook"}
{"timestamp":"2025-07-17T17:20:55.762213","level":"info","event":"Output:","logger":"airflow.task.hooks.airflow.providers.standard.hooks.subprocess.SubprocessHook"}
{"timestamp":"2025-07-17T17:20:55.766997","level":"info","event":"https://github.com/DataTalksClub/nyc-tlc-data/releases/download/green/green_tripdata_2019-10.csv.gz","logger":"airflow.task.hooks.airflow.providers.standard.hooks.subprocess.SubprocessHook"}
{"timestamp":"2025-07-17T17:20:56.415177","level":"info","event":"2025-07-17 17:20:56 URL:https://release-assets.githubusercontent.com/github-production-release-asset/513814948/ea580e9e-555c-4bd0-ae73-43051d8e7c0b?sp=r&sv=2018-11-09&sr=b&spr=https&se=2025-07-17T18%3A15%3A34Z&rscd=attachment%3B+filename%3Dgreen_tripdata_2019-10.csv.gz&rsct=application%2Foctet-stream&skoid=96c2d410-5711-43a1-aedd-ab1947aa7ab0&sktid=398a6654-997b-47e9-b12b-9515b896b4de&skt=2025-07-17T17%3A15%3A00Z&ske=2025-07-17T18%3A15%3A34Z&sks=b&skv=2018-11-09&sig=uJW7SBlgnZ627UdTvaQu1zTXpV9nl53As%2FK%2BxpIUbuY%3D&jwt=eyJ******&response-content-disposition=attachment%3B%20filename%3Dgreen_tripdata_2019-10.csv.gz&response-content-type=application%2Foctet-stream [8262584/8262584] -> \"/opt/airflow/green_tripdata_2019-10.csv.gz\" [1]","logger":"airflow.task.hooks.airflow.providers.standard.hooks.subprocess.SubprocessHook"}
{"timestamp":"2025-07-17T17:20:56.835979","level":"info","event":"Command exited with return code 0","logger":"airflow.task.hooks.airflow.providers.standard.hooks.subprocess.SubprocessHook"}
{"timestamp":"2025-07-17T17:20:56.843902","level":"info","event":"Pushing xcom","ti":"RuntimeTaskInstance(id=UUID('01981967-40ac-7b21-b051-ad0158c6f32a'), task_id='download_dataset_task', dag_id='upload_gcs_greentrips', run_id='scheduled__2019-10-02T06:00:00+00:00', try_number=1, map_index=-1, hostname='8c16a644909e', context_carrier={}, task=<Task(BashOperator): download_dataset_task>, bundle_instance=LocalDagBundle(name=dags-folder), max_tries=0, start_date=datetime.datetime(2025, 7, 17, 17, 20, 54, 84238, tzinfo=TzInfo(UTC)), end_date=None, state=<TaskInstanceState.RUNNING: 'running'>, is_mapped=False, rendered_map_index=None)","logger":"task"}
{"timestamp":"2025-07-17T17:24:21.839884","level":"info","event":"DAG bundles loaded: dags-folder","logger":"airflow.dag_processing.bundles.manager.DagBundlesManager"}
{"timestamp":"2025-07-17T17:24:21.840723","level":"info","event":"Filling up the DagBag from /opt/airflow/dags/data_ingestion_gcs_dag.py","logger":"airflow.models.dagbag.DagBag"}
{"timestamp":"2025-07-17T17:24:25.037482","level":"info","event":"Tmp dir root location: /tmp","logger":"airflow.task.hooks.airflow.providers.standard.hooks.subprocess.SubprocessHook"}
{"timestamp":"2025-07-17T17:24:25.044547","level":"info","event":"Running command: ['/usr/bin/bash', '-c', 'echo https://github.com/DataTalksClub/nyc-tlc-data/releases/download/green/green_tripdata_2019-10.csv.gz && wget --no-verbose https://github.com/DataTalksClub/nyc-tlc-data/releases/download/green/green_tripdata_2019-10.csv.gz -O /opt/airflow/green_tripdata_2019-10.csv.gz && gunzip -f /opt/airflow/green_tripdata_2019-10.csv.gz']","logger":"airflow.task.hooks.airflow.providers.standard.hooks.subprocess.SubprocessHook"}
{"timestamp":"2025-07-17T17:24:25.107014","level":"info","event":"Output:","logger":"airflow.task.hooks.airflow.providers.standard.hooks.subprocess.SubprocessHook"}
{"timestamp":"2025-07-17T17:24:25.108355","level":"info","event":"https://github.com/DataTalksClub/nyc-tlc-data/releases/download/green/green_tripdata_2019-10.csv.gz","logger":"airflow.task.hooks.airflow.providers.standard.hooks.subprocess.SubprocessHook"}
{"timestamp":"2025-07-17T17:24:25.867697","level":"info","event":"2025-07-17 17:24:25 URL:https://release-assets.githubusercontent.com/github-production-release-asset/513814948/ea580e9e-555c-4bd0-ae73-43051d8e7c0b?sp=r&sv=2018-11-09&sr=b&spr=https&se=2025-07-17T18%3A14%3A34Z&rscd=attachment%3B+filename%3Dgreen_tripdata_2019-10.csv.gz&rsct=application%2Foctet-stream&skoid=96c2d410-5711-43a1-aedd-ab1947aa7ab0&sktid=398a6654-997b-47e9-b12b-9515b896b4de&skt=2025-07-17T17%3A14%3A24Z&ske=2025-07-17T18%3A14%3A34Z&sks=b&skv=2018-11-09&sig=jah9A4jLAG%2B%2F579WYFMek7yq0Fus8bETJ10YNYGomeE%3D&jwt=eyJ******&response-content-disposition=attachment%3B%20filename%3Dgreen_tripdata_2019-10.csv.gz&response-content-type=application%2Foctet-stream [8262584/8262584] -> \"/opt/airflow/green_tripdata_2019-10.csv.gz\" [1]","logger":"airflow.task.hooks.airflow.providers.standard.hooks.subprocess.SubprocessHook"}
{"timestamp":"2025-07-17T17:24:26.830143","level":"info","event":"Command exited with return code 0","logger":"airflow.task.hooks.airflow.providers.standard.hooks.subprocess.SubprocessHook"}
{"timestamp":"2025-07-17T17:24:26.839365","level":"info","event":"Pushing xcom","ti":"RuntimeTaskInstance(id=UUID('0198196a-6a5a-754c-a951-772eab893d6f'), task_id='download_dataset_task', dag_id='upload_gcs_greentrips', run_id='scheduled__2019-10-02T06:00:00+00:00', try_number=1, map_index=-1, hostname='8c16a644909e', context_carrier={}, task=<Task(BashOperator): download_dataset_task>, bundle_instance=LocalDagBundle(name=dags-folder), max_tries=0, start_date=datetime.datetime(2025, 7, 17, 17, 24, 21, 410919, tzinfo=TzInfo(UTC)), end_date=None, state=<TaskInstanceState.RUNNING: 'running'>, is_mapped=False, rendered_map_index=None)","logger":"task"}
{"timestamp":"2025-07-17T17:44:37.040428","level":"info","event":"DAG bundles loaded: dags-folder","logger":"airflow.dag_processing.bundles.manager.DagBundlesManager"}
{"timestamp":"2025-07-17T17:44:37.043415","level":"info","event":"Filling up the DagBag from /opt/airflow/dags/data_ingestion_gcs_dag.py","logger":"airflow.models.dagbag.DagBag"}
{"timestamp":"2025-07-17T17:44:39.732745","level":"info","event":"Tmp dir root location: /tmp","logger":"airflow.task.hooks.airflow.providers.standard.hooks.subprocess.SubprocessHook"}
{"timestamp":"2025-07-17T17:44:39.734894","level":"info","event":"Running command: ['/usr/bin/bash', '-c', 'echo https://github.com/DataTalksClub/nyc-tlc-data/releases/download/green/green_tripdata_2019-10.csv.gz && wget --no-verbose https://github.com/DataTalksClub/nyc-tlc-data/releases/download/green/green_tripdata_2019-10.csv.gz -O /opt/airflow/green_tripdata_2019-10.csv.gz && gunzip -f /opt/airflow/green_tripdata_2019-10.csv.gz']","logger":"airflow.task.hooks.airflow.providers.standard.hooks.subprocess.SubprocessHook"}
{"timestamp":"2025-07-17T17:44:39.793042","level":"info","event":"Output:","logger":"airflow.task.hooks.airflow.providers.standard.hooks.subprocess.SubprocessHook"}
{"timestamp":"2025-07-17T17:44:39.793339","level":"info","event":"https://github.com/DataTalksClub/nyc-tlc-data/releases/download/green/green_tripdata_2019-10.csv.gz","logger":"airflow.task.hooks.airflow.providers.standard.hooks.subprocess.SubprocessHook"}
{"timestamp":"2025-07-17T17:44:40.851541","level":"info","event":"2025-07-17 17:44:40 URL:https://release-assets.githubusercontent.com/github-production-release-asset/513814948/ea580e9e-555c-4bd0-ae73-43051d8e7c0b?sp=r&sv=2018-11-09&sr=b&spr=https&se=2025-07-17T18%3A41%3A44Z&rscd=attachment%3B+filename%3Dgreen_tripdata_2019-10.csv.gz&rsct=application%2Foctet-stream&skoid=96c2d410-5711-43a1-aedd-ab1947aa7ab0&sktid=398a6654-997b-47e9-b12b-9515b896b4de&skt=2025-07-17T17%3A41%3A22Z&ske=2025-07-17T18%3A41%3A44Z&sks=b&skv=2018-11-09&sig=hUcbbJ%2BLW3coMOiJPMR5r3YgYDNlj%2Fl1ZoRvb8uanNU%3D&jwt=eyJ******&response-content-disposition=attachment%3B%20filename%3Dgreen_tripdata_2019-10.csv.gz&response-content-type=application%2Foctet-stream [8262584/8262584] -> \"/opt/airflow/green_tripdata_2019-10.csv.gz\" [1]","logger":"airflow.task.hooks.airflow.providers.standard.hooks.subprocess.SubprocessHook"}
{"timestamp":"2025-07-17T17:44:41.180426","level":"info","event":"Command exited with return code 0","logger":"airflow.task.hooks.airflow.providers.standard.hooks.subprocess.SubprocessHook"}
{"timestamp":"2025-07-17T17:44:41.184437","level":"info","event":"Pushing xcom","ti":"RuntimeTaskInstance(id=UUID('0198197c-f480-7228-b5ec-f4fb3c42c137'), task_id='download_dataset_task', dag_id='upload_gcs_greentrips', run_id='scheduled__2019-10-02T06:00:00+00:00', try_number=1, map_index=-1, hostname='8c16a644909e', context_carrier={}, task=<Task(BashOperator): download_dataset_task>, bundle_instance=LocalDagBundle(name=dags-folder), max_tries=0, start_date=datetime.datetime(2025, 7, 17, 17, 44, 36, 375591, tzinfo=TzInfo(UTC)), end_date=None, state=<TaskInstanceState.RUNNING: 'running'>, is_mapped=False, rendered_map_index=None)","logger":"task"}
{"timestamp":"2025-07-17T17:54:23.565934","level":"info","event":"DAG bundles loaded: dags-folder","logger":"airflow.dag_processing.bundles.manager.DagBundlesManager"}
{"timestamp":"2025-07-17T17:54:23.568269","level":"info","event":"Filling up the DagBag from /opt/airflow/dags/data_ingestion_gcs_dag.py","logger":"airflow.models.dagbag.DagBag"}
{"timestamp":"2025-07-17T17:54:27.567445","level":"info","event":"Tmp dir root location: /tmp","logger":"airflow.task.hooks.airflow.providers.standard.hooks.subprocess.SubprocessHook"}
{"timestamp":"2025-07-17T17:54:27.575734","level":"info","event":"Running command: ['/usr/bin/bash', '-c', 'echo https://github.com/DataTalksClub/nyc-tlc-data/releases/download/green/green_tripdata_2019-10.csv.gz && wget --no-verbose https://github.com/DataTalksClub/nyc-tlc-data/releases/download/green/green_tripdata_2019-10.csv.gz -O /opt/airflow/green_tripdata_2019-10.csv.gz && gunzip -f /opt/airflow/green_tripdata_2019-10.csv.gz']","logger":"airflow.task.hooks.airflow.providers.standard.hooks.subprocess.SubprocessHook"}
{"timestamp":"2025-07-17T17:54:27.689462","level":"info","event":"Output:","logger":"airflow.task.hooks.airflow.providers.standard.hooks.subprocess.SubprocessHook"}
{"timestamp":"2025-07-17T17:54:27.717955","level":"info","event":"https://github.com/DataTalksClub/nyc-tlc-data/releases/download/green/green_tripdata_2019-10.csv.gz","logger":"airflow.task.hooks.airflow.providers.standard.hooks.subprocess.SubprocessHook"}
{"timestamp":"2025-07-17T17:54:28.752365","level":"info","event":"2025-07-17 17:54:28 URL:https://release-assets.githubusercontent.com/github-production-release-asset/513814948/ea580e9e-555c-4bd0-ae73-43051d8e7c0b?sp=r&sv=2018-11-09&sr=b&spr=https&se=2025-07-17T18%3A41%3A23Z&rscd=attachment%3B+filename%3Dgreen_tripdata_2019-10.csv.gz&rsct=application%2Foctet-stream&skoid=96c2d410-5711-43a1-aedd-ab1947aa7ab0&sktid=398a6654-997b-47e9-b12b-9515b896b4de&skt=2025-07-17T17%3A40%3A50Z&ske=2025-07-17T18%3A41%3A23Z&sks=b&skv=2018-11-09&sig=fm67swfaIGP0AThO%2F1llOS08qfOsqZoPJY9lIKJB5gU%3D&jwt=eyJ******&response-content-disposition=attachment%3B%20filename%3Dgreen_tripdata_2019-10.csv.gz&response-content-type=application%2Foctet-stream [8262584/8262584] -> \"/opt/airflow/green_tripdata_2019-10.csv.gz\" [1]","logger":"airflow.task.hooks.airflow.providers.standard.hooks.subprocess.SubprocessHook"}
{"timestamp":"2025-07-17T17:54:29.318127","level":"info","event":"Command exited with return code 0","logger":"airflow.task.hooks.airflow.providers.standard.hooks.subprocess.SubprocessHook"}
{"timestamp":"2025-07-17T17:54:29.330264","level":"info","event":"Pushing xcom","ti":"RuntimeTaskInstance(id=UUID('01981985-e86c-7db1-9edc-3e47420ceb1d'), task_id='download_dataset_task', dag_id='upload_gcs_greentrips', run_id='scheduled__2019-10-02T06:00:00+00:00', try_number=1, map_index=-1, hostname='8c16a644909e', context_carrier={}, task=<Task(BashOperator): download_dataset_task>, bundle_instance=LocalDagBundle(name=dags-folder), max_tries=0, start_date=datetime.datetime(2025, 7, 17, 17, 54, 23, 120633, tzinfo=TzInfo(UTC)), end_date=None, state=<TaskInstanceState.RUNNING: 'running'>, is_mapped=False, rendered_map_index=None)","logger":"task"}
{"timestamp":"2025-07-17T18:02:56.906730","level":"info","event":"DAG bundles loaded: dags-folder","logger":"airflow.dag_processing.bundles.manager.DagBundlesManager"}
{"timestamp":"2025-07-17T18:02:56.907763","level":"info","event":"Filling up the DagBag from /opt/airflow/dags/data_ingestion_gcs_dag.py","logger":"airflow.models.dagbag.DagBag"}
{"timestamp":"2025-07-17T18:03:00.085240","level":"info","event":"Tmp dir root location: /tmp","logger":"airflow.task.hooks.airflow.providers.standard.hooks.subprocess.SubprocessHook"}
{"timestamp":"2025-07-17T18:03:00.088386","level":"info","event":"Running command: ['/usr/bin/bash', '-c', 'echo https://github.com/DataTalksClub/nyc-tlc-data/releases/download/green/green_tripdata_2019-10.csv.gz && wget --no-verbose https://github.com/DataTalksClub/nyc-tlc-data/releases/download/green/green_tripdata_2019-10.csv.gz -O /opt/airflow/green_tripdata_2019-10.csv.gz && gunzip -f /opt/airflow/green_tripdata_2019-10.csv.gz']","logger":"airflow.task.hooks.airflow.providers.standard.hooks.subprocess.SubprocessHook"}
{"timestamp":"2025-07-17T18:03:00.203215","level":"info","event":"Output:","logger":"airflow.task.hooks.airflow.providers.standard.hooks.subprocess.SubprocessHook"}
{"timestamp":"2025-07-17T18:03:00.212309","level":"info","event":"https://github.com/DataTalksClub/nyc-tlc-data/releases/download/green/green_tripdata_2019-10.csv.gz","logger":"airflow.task.hooks.airflow.providers.standard.hooks.subprocess.SubprocessHook"}
{"timestamp":"2025-07-17T18:03:01.480933","level":"info","event":"2025-07-17 18:03:01 URL:https://release-assets.githubusercontent.com/github-production-release-asset/513814948/ea580e9e-555c-4bd0-ae73-43051d8e7c0b?sp=r&sv=2018-11-09&sr=b&spr=https&se=2025-07-17T18%3A53%3A58Z&rscd=attachment%3B+filename%3Dgreen_tripdata_2019-10.csv.gz&rsct=application%2Foctet-stream&skoid=96c2d410-5711-43a1-aedd-ab1947aa7ab0&sktid=398a6654-997b-47e9-b12b-9515b896b4de&skt=2025-07-17T17%3A53%3A52Z&ske=2025-07-17T18%3A53%3A58Z&sks=b&skv=2018-11-09&sig=%2BGn24kxlBrksBsZHpQVJQg%2Bgvf3pY2YGn5oiIGa1Oxs%3D&jwt=eyJ******&response-content-disposition=attachment%3B%20filename%3Dgreen_tripdata_2019-10.csv.gz&response-content-type=application%2Foctet-stream [8262584/8262584] -> \"/opt/airflow/green_tripdata_2019-10.csv.gz\" [1]","logger":"airflow.task.hooks.airflow.providers.standard.hooks.subprocess.SubprocessHook"}
{"timestamp":"2025-07-17T18:03:01.886952","level":"info","event":"Command exited with return code 0","logger":"airflow.task.hooks.airflow.providers.standard.hooks.subprocess.SubprocessHook"}
{"timestamp":"2025-07-17T18:03:01.889959","level":"info","event":"Pushing xcom","ti":"RuntimeTaskInstance(id=UUID('0198198d-bc88-796b-b510-d9bd05406d46'), task_id='download_dataset_task', dag_id='upload_gcs_greentrips', run_id='scheduled__2019-10-02T06:00:00+00:00', try_number=1, map_index=-1, hostname='8c16a644909e', context_carrier={}, task=<Task(BashOperator): download_dataset_task>, bundle_instance=LocalDagBundle(name=dags-folder), max_tries=0, start_date=datetime.datetime(2025, 7, 17, 18, 2, 56, 299268, tzinfo=TzInfo(UTC)), end_date=None, state=<TaskInstanceState.RUNNING: 'running'>, is_mapped=False, rendered_map_index=None)","logger":"task"}
{"timestamp":"2025-07-17T18:06:42.488860","level":"info","event":"DAG bundles loaded: dags-folder","logger":"airflow.dag_processing.bundles.manager.DagBundlesManager"}
{"timestamp":"2025-07-17T18:06:42.491334","level":"info","event":"Filling up the DagBag from /opt/airflow/dags/data_ingestion_gcs_dag.py","logger":"airflow.models.dagbag.DagBag"}
{"timestamp":"2025-07-17T18:06:45.797485","level":"info","event":"Tmp dir root location: /tmp","logger":"airflow.task.hooks.airflow.providers.standard.hooks.subprocess.SubprocessHook"}
{"timestamp":"2025-07-17T18:06:45.801122","level":"info","event":"Running command: ['/usr/bin/bash', '-c', 'echo https://github.com/DataTalksClub/nyc-tlc-data/releases/download/green/green_tripdata_2019-10.csv.gz && wget --no-verbose https://github.com/DataTalksClub/nyc-tlc-data/releases/download/green/green_tripdata_2019-10.csv.gz -O /opt/airflow/green_tripdata_2019-10.csv.gz && gunzip -f /opt/airflow/green_tripdata_2019-10.csv.gz']","logger":"airflow.task.hooks.airflow.providers.standard.hooks.subprocess.SubprocessHook"}
{"timestamp":"2025-07-17T18:06:45.825961","level":"info","event":"Output:","logger":"airflow.task.hooks.airflow.providers.standard.hooks.subprocess.SubprocessHook"}
{"timestamp":"2025-07-17T18:06:45.833492","level":"info","event":"https://github.com/DataTalksClub/nyc-tlc-data/releases/download/green/green_tripdata_2019-10.csv.gz","logger":"airflow.task.hooks.airflow.providers.standard.hooks.subprocess.SubprocessHook"}
{"timestamp":"2025-07-17T18:06:46.570934","level":"info","event":"2025-07-17 18:06:46 URL:https://release-assets.githubusercontent.com/github-production-release-asset/513814948/ea580e9e-555c-4bd0-ae73-43051d8e7c0b?sp=r&sv=2018-11-09&sr=b&spr=https&se=2025-07-17T18%3A57%3A00Z&rscd=attachment%3B+filename%3Dgreen_tripdata_2019-10.csv.gz&rsct=application%2Foctet-stream&skoid=96c2d410-5711-43a1-aedd-ab1947aa7ab0&sktid=398a6654-997b-47e9-b12b-9515b896b4de&skt=2025-07-17T17%3A56%3A21Z&ske=2025-07-17T18%3A57%3A00Z&sks=b&skv=2018-11-09&sig=ZkYrYrJJLhZC%2Fqw%2FALcApN30y8P4oCbazOtPPGZNBjw%3D&jwt=eyJ******&response-content-disposition=attachment%3B%20filename%3Dgreen_tripdata_2019-10.csv.gz&response-content-type=application%2Foctet-stream [8262584/8262584] -> \"/opt/airflow/green_tripdata_2019-10.csv.gz\" [1]","logger":"airflow.task.hooks.airflow.providers.standard.hooks.subprocess.SubprocessHook"}
{"timestamp":"2025-07-17T18:06:47.287448","level":"info","event":"Command exited with return code 0","logger":"airflow.task.hooks.airflow.providers.standard.hooks.subprocess.SubprocessHook"}
{"timestamp":"2025-07-17T18:06:47.297615","level":"info","event":"Pushing xcom","ti":"RuntimeTaskInstance(id=UUID('01981991-2f1f-7a34-98bc-3716c58e3134'), task_id='download_dataset_task', dag_id='upload_gcs_greentrips', run_id='scheduled__2019-10-02T06:00:00+00:00', try_number=1, map_index=-1, hostname='8c16a644909e', context_carrier={}, task=<Task(BashOperator): download_dataset_task>, bundle_instance=LocalDagBundle(name=dags-folder), max_tries=0, start_date=datetime.datetime(2025, 7, 17, 18, 6, 42, 149764, tzinfo=TzInfo(UTC)), end_date=None, state=<TaskInstanceState.RUNNING: 'running'>, is_mapped=False, rendered_map_index=None)","logger":"task"}
{"timestamp":"2025-07-17T18:08:51.205101","level":"info","event":"DAG bundles loaded: dags-folder","logger":"airflow.dag_processing.bundles.manager.DagBundlesManager"}
{"timestamp":"2025-07-17T18:08:51.205913","level":"info","event":"Filling up the DagBag from /opt/airflow/dags/data_ingestion_gcs_dag.py","logger":"airflow.models.dagbag.DagBag"}
{"timestamp":"2025-07-17T18:08:53.993959","level":"info","event":"Tmp dir root location: /tmp","logger":"airflow.task.hooks.airflow.providers.standard.hooks.subprocess.SubprocessHook"}
{"timestamp":"2025-07-17T18:08:54.004897","level":"info","event":"Running command: ['/usr/bin/bash', '-c', 'echo https://github.com/DataTalksClub/nyc-tlc-data/releases/download/green/green_tripdata_2019-10.csv.gz && wget --no-verbose https://github.com/DataTalksClub/nyc-tlc-data/releases/download/green/green_tripdata_2019-10.csv.gz -O /opt/airflow/green_tripdata_2019-10.csv.gz && gunzip -f /opt/airflow/green_tripdata_2019-10.csv.gz']","logger":"airflow.task.hooks.airflow.providers.standard.hooks.subprocess.SubprocessHook"}
{"timestamp":"2025-07-17T18:08:54.086206","level":"info","event":"Output:","logger":"airflow.task.hooks.airflow.providers.standard.hooks.subprocess.SubprocessHook"}
{"timestamp":"2025-07-17T18:08:54.089558","level":"info","event":"https://github.com/DataTalksClub/nyc-tlc-data/releases/download/green/green_tripdata_2019-10.csv.gz","logger":"airflow.task.hooks.airflow.providers.standard.hooks.subprocess.SubprocessHook"}
{"timestamp":"2025-07-17T18:08:54.838286","level":"info","event":"2025-07-17 18:08:54 URL:https://release-assets.githubusercontent.com/github-production-release-asset/513814948/ea580e9e-555c-4bd0-ae73-43051d8e7c0b?sp=r&sv=2018-11-09&sr=b&spr=https&se=2025-07-17T18%3A57%3A00Z&rscd=attachment%3B+filename%3Dgreen_tripdata_2019-10.csv.gz&rsct=application%2Foctet-stream&skoid=96c2d410-5711-43a1-aedd-ab1947aa7ab0&sktid=398a6654-997b-47e9-b12b-9515b896b4de&skt=2025-07-17T17%3A56%3A21Z&ske=2025-07-17T18%3A57%3A00Z&sks=b&skv=2018-11-09&sig=ZkYrYrJJLhZC%2Fqw%2FALcApN30y8P4oCbazOtPPGZNBjw%3D&jwt=eyJ******&response-content-disposition=attachment%3B%20filename%3Dgreen_tripdata_2019-10.csv.gz&response-content-type=application%2Foctet-stream [8262584/8262584] -> \"/opt/airflow/green_tripdata_2019-10.csv.gz\" [1]","logger":"airflow.task.hooks.airflow.providers.standard.hooks.subprocess.SubprocessHook"}
{"timestamp":"2025-07-17T18:08:55.132553","level":"info","event":"Command exited with return code 0","logger":"airflow.task.hooks.airflow.providers.standard.hooks.subprocess.SubprocessHook"}
{"timestamp":"2025-07-17T18:08:55.135611","level":"info","event":"Pushing xcom","ti":"RuntimeTaskInstance(id=UUID('01981993-2577-7558-a889-4adc048abf1a'), task_id='download_dataset_task', dag_id='upload_gcs_greentrips', run_id='scheduled__2019-10-02T06:00:00+00:00', try_number=1, map_index=-1, hostname='8c16a644909e', context_carrier={}, task=<Task(BashOperator): download_dataset_task>, bundle_instance=LocalDagBundle(name=dags-folder), max_tries=0, start_date=datetime.datetime(2025, 7, 17, 18, 8, 50, 699732, tzinfo=TzInfo(UTC)), end_date=None, state=<TaskInstanceState.RUNNING: 'running'>, is_mapped=False, rendered_map_index=None)","logger":"task"}
