{"timestamp":"2025-07-17T06:42:32.894733","level":"info","event":"DAG bundles loaded: dags-folder","logger":"airflow.dag_processing.bundles.manager.DagBundlesManager"}
{"timestamp":"2025-07-17T06:42:32.895570","level":"info","event":"Filling up the DagBag from /opt/airflow/dags/data_ingestion_localpg_dag.py","logger":"airflow.models.dagbag.DagBag"}
{"timestamp":"2025-07-17T06:42:33.247501","level":"info","event":"Tmp dir root location: /tmp","logger":"airflow.task.hooks.airflow.providers.standard.hooks.subprocess.SubprocessHook"}
{"timestamp":"2025-07-17T06:42:33.248837","level":"info","event":"Running command: ['/usr/bin/bash', '-c', 'wget https://github.com/DataTalksClub/nyc-tlc-data/releases/download/green/green_tripdata_2020-03.csv.gz -O /opt/airflow/green_tripdata_2020-03.csv.gz && gunzip -f /opt/airflow/green_tripdata_2020-03.csv.gz || rm -f /opt/airflow/green_tripdata_2020-03.csv.gz']","logger":"airflow.task.hooks.airflow.providers.standard.hooks.subprocess.SubprocessHook"}
{"timestamp":"2025-07-17T06:42:33.272092","level":"info","event":"Output:","logger":"airflow.task.hooks.airflow.providers.standard.hooks.subprocess.SubprocessHook"}
{"timestamp":"2025-07-17T06:42:33.289728","level":"info","event":"--2025-07-17 06:42:33--  https://github.com/DataTalksClub/nyc-tlc-data/releases/download/green/green_tripdata_2020-03.csv.gz","logger":"airflow.task.hooks.airflow.providers.standard.hooks.subprocess.SubprocessHook"}
{"timestamp":"2025-07-17T06:42:33.316768","level":"info","event":"Resolving github.com (github.com)... 20.205.243.166","logger":"airflow.task.hooks.airflow.providers.standard.hooks.subprocess.SubprocessHook"}
{"timestamp":"2025-07-17T06:42:33.325074","level":"info","event":"Connecting to github.com (github.com)|20.205.243.166|:443... connected.","logger":"airflow.task.hooks.airflow.providers.standard.hooks.subprocess.SubprocessHook"}
{"timestamp":"2025-07-17T06:42:33.673326","level":"info","event":"HTTP request sent, awaiting response... 302 Found","logger":"airflow.task.hooks.airflow.providers.standard.hooks.subprocess.SubprocessHook"}
{"timestamp":"2025-07-17T06:42:33.673650","level":"info","event":"Location: https://release-assets.githubusercontent.com/github-production-release-asset/513814948/3bfdeae7-452d-464e-bf2e-ad862ec2b4c4?sp=r&sv=2018-11-09&sr=b&spr=https&se=2025-07-17T07%3A29%3A02Z&rscd=attachment%3B+filename%3Dgreen_tripdata_2020-03.csv.gz&rsct=application%2Foctet-stream&skoid=96c2d410-5711-43a1-aedd-ab1947aa7ab0&sktid=398a6654-997b-47e9-b12b-9515b896b4de&skt=2025-07-17T06%3A28%3A31Z&ske=2025-07-17T07%3A29%3A02Z&sks=b&skv=2018-11-09&sig=TBkJjBMU%2FpXXGSheSqLPamLVbWoQ86eW6AlCzG7EBds%3D&jwt=eyJ******&response-content-disposition=attachment%3B%20filename%3Dgreen_tripdata_2020-03.csv.gz&response-content-type=application%2Foctet-stream [following]","logger":"airflow.task.hooks.airflow.providers.standard.hooks.subprocess.SubprocessHook"}
{"timestamp":"2025-07-17T06:42:33.673780","level":"info","event":"--2025-07-17 06:42:33--  https://release-assets.githubusercontent.com/github-production-release-asset/513814948/3bfdeae7-452d-464e-bf2e-ad862ec2b4c4?sp=r&sv=2018-11-09&sr=b&spr=https&se=2025-07-17T07%3A29%3A02Z&rscd=attachment%3B+filename%3Dgreen_tripdata_2020-03.csv.gz&rsct=application%2Foctet-stream&skoid=96c2d410-5711-43a1-aedd-ab1947aa7ab0&sktid=398a6654-997b-47e9-b12b-9515b896b4de&skt=2025-07-17T06%3A28%3A31Z&ske=2025-07-17T07%3A29%3A02Z&sks=b&skv=2018-11-09&sig=TBkJjBMU%2FpXXGSheSqLPamLVbWoQ86eW6AlCzG7EBds%3D&jwt=eyJ******&response-content-disposition=attachment%3B%20filename%3Dgreen_tripdata_2020-03.csv.gz&response-content-type=application%2Foctet-stream","logger":"airflow.task.hooks.airflow.providers.standard.hooks.subprocess.SubprocessHook"}
{"timestamp":"2025-07-17T06:42:33.678016","level":"info","event":"Resolving release-assets.githubusercontent.com (release-assets.githubusercontent.com)... 185.199.108.133, 185.199.109.133, 185.199.110.133, ...","logger":"airflow.task.hooks.airflow.providers.standard.hooks.subprocess.SubprocessHook"}
{"timestamp":"2025-07-17T06:42:33.687693","level":"info","event":"Connecting to release-assets.githubusercontent.com (release-assets.githubusercontent.com)|185.199.108.133|:443... connected.","logger":"airflow.task.hooks.airflow.providers.standard.hooks.subprocess.SubprocessHook"}
{"timestamp":"2025-07-17T06:42:33.995145","level":"info","event":"HTTP request sent, awaiting response... 200 OK","logger":"airflow.task.hooks.airflow.providers.standard.hooks.subprocess.SubprocessHook"}
{"timestamp":"2025-07-17T06:42:33.995312","level":"info","event":"Length: 3917763 (3.7M) [application/octet-stream]","logger":"airflow.task.hooks.airflow.providers.standard.hooks.subprocess.SubprocessHook"}
{"timestamp":"2025-07-17T06:42:33.995378","level":"info","event":"Saving to: ‘/opt/airflow/green_tripdata_2020-03.csv.gz’","logger":"airflow.task.hooks.airflow.providers.standard.hooks.subprocess.SubprocessHook"}
{"timestamp":"2025-07-17T06:42:33.999158","level":"info","event":"","logger":"airflow.task.hooks.airflow.providers.standard.hooks.subprocess.SubprocessHook"}
{"timestamp":"2025-07-17T06:42:34.013027","level":"info","event":"     0K .......... .......... .......... .......... ..........  1% 2.76M 1s","logger":"airflow.task.hooks.airflow.providers.standard.hooks.subprocess.SubprocessHook"}
{"timestamp":"2025-07-17T06:42:34.017979","level":"info","event":"    50K .......... .......... .......... .......... ..........  2% 10.0M 1s","logger":"airflow.task.hooks.airflow.providers.standard.hooks.subprocess.SubprocessHook"}
{"timestamp":"2025-07-17T06:42:34.024486","level":"info","event":"   100K .......... .......... .......... .......... ..........  3% 7.34M 1s","logger":"airflow.task.hooks.airflow.providers.standard.hooks.subprocess.SubprocessHook"}
{"timestamp":"2025-07-17T06:42:34.029344","level":"info","event":"   150K .......... .......... .......... .......... ..........  5% 9.94M 1s","logger":"airflow.task.hooks.airflow.providers.standard.hooks.subprocess.SubprocessHook"}
{"timestamp":"2025-07-17T06:42:34.031864","level":"info","event":"   200K .......... .......... .......... .......... ..........  6% 19.4M 1s","logger":"airflow.task.hooks.airflow.providers.standard.hooks.subprocess.SubprocessHook"}
{"timestamp":"2025-07-17T06:42:34.033349","level":"info","event":"   250K .......... .......... .......... .......... ..........  7% 33.9M 0s","logger":"airflow.task.hooks.airflow.providers.standard.hooks.subprocess.SubprocessHook"}
{"timestamp":"2025-07-17T06:42:34.036692","level":"info","event":"   300K .......... .......... .......... .......... ..........  9% 14.8M 0s","logger":"airflow.task.hooks.airflow.providers.standard.hooks.subprocess.SubprocessHook"}
{"timestamp":"2025-07-17T06:42:34.044805","level":"info","event":"   350K .......... .......... .......... .......... .......... 10% 5.99M 0s","logger":"airflow.task.hooks.airflow.providers.standard.hooks.subprocess.SubprocessHook"}
{"timestamp":"2025-07-17T06:42:34.054181","level":"info","event":"   400K .......... .......... .......... .......... .......... 11% 5.22M 0s","logger":"airflow.task.hooks.airflow.providers.standard.hooks.subprocess.SubprocessHook"}
{"timestamp":"2025-07-17T06:42:34.069758","level":"info","event":"   450K .......... .......... .......... .......... .......... 13% 3.21M 0s","logger":"airflow.task.hooks.airflow.providers.standard.hooks.subprocess.SubprocessHook"}
{"timestamp":"2025-07-17T06:42:34.075659","level":"info","event":"   500K .......... .......... .......... .......... .......... 14% 7.91M 0s","logger":"airflow.task.hooks.airflow.providers.standard.hooks.subprocess.SubprocessHook"}
{"timestamp":"2025-07-17T06:42:34.086185","level":"info","event":"   550K .......... .......... .......... .......... .......... 15% 4.72M 0s","logger":"airflow.task.hooks.airflow.providers.standard.hooks.subprocess.SubprocessHook"}
{"timestamp":"2025-07-17T06:42:34.097906","level":"info","event":"   600K .......... .......... .......... .......... .......... 16% 4.08M 1s","logger":"airflow.task.hooks.airflow.providers.standard.hooks.subprocess.SubprocessHook"}
{"timestamp":"2025-07-17T06:42:34.107788","level":"info","event":"   650K .......... .......... .......... .......... .......... 18% 4.93M 1s","logger":"airflow.task.hooks.airflow.providers.standard.hooks.subprocess.SubprocessHook"}
{"timestamp":"2025-07-17T06:42:34.118419","level":"info","event":"   700K .......... .......... .......... .......... .......... 19% 4.61M 1s","logger":"airflow.task.hooks.airflow.providers.standard.hooks.subprocess.SubprocessHook"}
{"timestamp":"2025-07-17T06:42:34.132600","level":"info","event":"   750K .......... .......... .......... .......... .......... 20% 3.45M 1s","logger":"airflow.task.hooks.airflow.providers.standard.hooks.subprocess.SubprocessHook"}
{"timestamp":"2025-07-17T06:42:34.144507","level":"info","event":"   800K .......... .......... .......... .......... .......... 22% 4.11M 1s","logger":"airflow.task.hooks.airflow.providers.standard.hooks.subprocess.SubprocessHook"}
{"timestamp":"2025-07-17T06:42:34.152557","level":"info","event":"   850K .......... .......... .......... .......... .......... 23% 6.03M 1s","logger":"airflow.task.hooks.airflow.providers.standard.hooks.subprocess.SubprocessHook"}
{"timestamp":"2025-07-17T06:42:34.165758","level":"info","event":"   900K .......... .......... .......... .......... .......... 24% 3.74M 1s","logger":"airflow.task.hooks.airflow.providers.standard.hooks.subprocess.SubprocessHook"}
{"timestamp":"2025-07-17T06:42:34.172824","level":"info","event":"   950K .......... .......... .......... .......... .......... 26% 6.74M 1s","logger":"airflow.task.hooks.airflow.providers.standard.hooks.subprocess.SubprocessHook"}
{"timestamp":"2025-07-17T06:42:34.183779","level":"info","event":"  1000K .......... .......... .......... .......... .......... 27% 4.46M 0s","logger":"airflow.task.hooks.airflow.providers.standard.hooks.subprocess.SubprocessHook"}
{"timestamp":"2025-07-17T06:42:34.197060","level":"info","event":"  1050K .......... .......... .......... .......... .......... 28% 3.67M 1s","logger":"airflow.task.hooks.airflow.providers.standard.hooks.subprocess.SubprocessHook"}
{"timestamp":"2025-07-17T06:42:34.205712","level":"info","event":"  1100K .......... .......... .......... .......... .......... 30% 5.64M 0s","logger":"airflow.task.hooks.airflow.providers.standard.hooks.subprocess.SubprocessHook"}
{"timestamp":"2025-07-17T06:42:34.221179","level":"info","event":"  1150K .......... .......... .......... .......... .......... 31% 3.17M 0s","logger":"airflow.task.hooks.airflow.providers.standard.hooks.subprocess.SubprocessHook"}
{"timestamp":"2025-07-17T06:42:34.230359","level":"info","event":"  1200K .......... .......... .......... .......... .......... 32% 5.30M 0s","logger":"airflow.task.hooks.airflow.providers.standard.hooks.subprocess.SubprocessHook"}
{"timestamp":"2025-07-17T06:42:34.240373","level":"info","event":"  1250K .......... .......... .......... .......... .......... 33% 4.87M 0s","logger":"airflow.task.hooks.airflow.providers.standard.hooks.subprocess.SubprocessHook"}
{"timestamp":"2025-07-17T06:42:34.250295","level":"info","event":"  1300K .......... .......... .......... .......... .......... 35% 4.92M 0s","logger":"airflow.task.hooks.airflow.providers.standard.hooks.subprocess.SubprocessHook"}
{"timestamp":"2025-07-17T06:42:34.262630","level":"info","event":"  1350K .......... .......... .......... .......... .......... 36% 3.95M 0s","logger":"airflow.task.hooks.airflow.providers.standard.hooks.subprocess.SubprocessHook"}
{"timestamp":"2025-07-17T06:42:34.277043","level":"info","event":"  1400K .......... .......... .......... .......... .......... 37% 3.42M 0s","logger":"airflow.task.hooks.airflow.providers.standard.hooks.subprocess.SubprocessHook"}
{"timestamp":"2025-07-17T06:42:34.283654","level":"info","event":"  1450K .......... .......... .......... .......... .......... 39% 7.23M 0s","logger":"airflow.task.hooks.airflow.providers.standard.hooks.subprocess.SubprocessHook"}
{"timestamp":"2025-07-17T06:42:34.294702","level":"info","event":"  1500K .......... .......... .......... .......... .......... 40% 4.44M 0s","logger":"airflow.task.hooks.airflow.providers.standard.hooks.subprocess.SubprocessHook"}
{"timestamp":"2025-07-17T06:42:34.306270","level":"info","event":"  1550K .......... .......... .......... .......... .......... 41% 4.21M 0s","logger":"airflow.task.hooks.airflow.providers.standard.hooks.subprocess.SubprocessHook"}
{"timestamp":"2025-07-17T06:42:34.315695","level":"info","event":"  1600K .......... .......... .......... .......... .......... 43% 5.23M 0s","logger":"airflow.task.hooks.airflow.providers.standard.hooks.subprocess.SubprocessHook"}
{"timestamp":"2025-07-17T06:42:34.328852","level":"info","event":"  1650K .......... .......... .......... .......... .......... 44% 3.70M 0s","logger":"airflow.task.hooks.airflow.providers.standard.hooks.subprocess.SubprocessHook"}
{"timestamp":"2025-07-17T06:42:34.337340","level":"info","event":"  1700K .......... .......... .......... .......... .......... 45% 5.72M 0s","logger":"airflow.task.hooks.airflow.providers.standard.hooks.subprocess.SubprocessHook"}
{"timestamp":"2025-07-17T06:42:34.346749","level":"info","event":"  1750K .......... .......... .......... .......... .......... 47% 5.17M 0s","logger":"airflow.task.hooks.airflow.providers.standard.hooks.subprocess.SubprocessHook"}
{"timestamp":"2025-07-17T06:42:34.361702","level":"info","event":"  1800K .......... .......... .......... .......... .......... 48% 3.27M 0s","logger":"airflow.task.hooks.airflow.providers.standard.hooks.subprocess.SubprocessHook"}
{"timestamp":"2025-07-17T06:42:34.362999","level":"info","event":"  1850K .......... .......... .......... .......... .......... 49% 35.6M 0s","logger":"airflow.task.hooks.airflow.providers.standard.hooks.subprocess.SubprocessHook"}
{"timestamp":"2025-07-17T06:42:34.371966","level":"info","event":"  1900K .......... .......... .......... .......... .......... 50% 5.52M 0s","logger":"airflow.task.hooks.airflow.providers.standard.hooks.subprocess.SubprocessHook"}
{"timestamp":"2025-07-17T06:42:34.384072","level":"info","event":"  1950K .......... .......... .......... .......... .......... 52% 4.04M 0s","logger":"airflow.task.hooks.airflow.providers.standard.hooks.subprocess.SubprocessHook"}
{"timestamp":"2025-07-17T06:42:34.391118","level":"info","event":"  2000K .......... .......... .......... .......... .......... 53% 6.89M 0s","logger":"airflow.task.hooks.airflow.providers.standard.hooks.subprocess.SubprocessHook"}
{"timestamp":"2025-07-17T06:42:34.398022","level":"info","event":"  2050K .......... .......... .......... .......... .......... 54% 7.09M 0s","logger":"airflow.task.hooks.airflow.providers.standard.hooks.subprocess.SubprocessHook"}
{"timestamp":"2025-07-17T06:42:34.406359","level":"info","event":"  2100K .......... .......... .......... .......... .......... 56% 5.85M 0s","logger":"airflow.task.hooks.airflow.providers.standard.hooks.subprocess.SubprocessHook"}
{"timestamp":"2025-07-17T06:42:34.416788","level":"info","event":"  2150K .......... .......... .......... .......... .......... 57% 4.67M 0s","logger":"airflow.task.hooks.airflow.providers.standard.hooks.subprocess.SubprocessHook"}
{"timestamp":"2025-07-17T06:42:34.420327","level":"info","event":"  2200K .......... .......... .......... .......... .......... 58% 13.6M 0s","logger":"airflow.task.hooks.airflow.providers.standard.hooks.subprocess.SubprocessHook"}
{"timestamp":"2025-07-17T06:42:34.424048","level":"info","event":"  2250K .......... .......... .......... .......... .......... 60% 13.3M 0s","logger":"airflow.task.hooks.airflow.providers.standard.hooks.subprocess.SubprocessHook"}
{"timestamp":"2025-07-17T06:42:34.430329","level":"info","event":"  2300K .......... .......... .......... .......... .......... 61% 7.72M 0s","logger":"airflow.task.hooks.airflow.providers.standard.hooks.subprocess.SubprocessHook"}
{"timestamp":"2025-07-17T06:42:34.432870","level":"info","event":"  2350K .......... .......... .......... .......... .......... 62% 20.3M 0s","logger":"airflow.task.hooks.airflow.providers.standard.hooks.subprocess.SubprocessHook"}
{"timestamp":"2025-07-17T06:42:34.437410","level":"info","event":"  2400K .......... .......... .......... .......... .......... 64% 10.3M 0s","logger":"airflow.task.hooks.airflow.providers.standard.hooks.subprocess.SubprocessHook"}
{"timestamp":"2025-07-17T06:42:34.440097","level":"info","event":"  2450K .......... .......... .......... .......... .......... 65% 18.4M 0s","logger":"airflow.task.hooks.airflow.providers.standard.hooks.subprocess.SubprocessHook"}
{"timestamp":"2025-07-17T06:42:34.444280","level":"info","event":"  2500K .......... .......... .......... .......... .......... 66% 11.8M 0s","logger":"airflow.task.hooks.airflow.providers.standard.hooks.subprocess.SubprocessHook"}
{"timestamp":"2025-07-17T06:42:34.447527","level":"info","event":"  2550K .......... .......... .......... .......... .......... 67% 14.9M 0s","logger":"airflow.task.hooks.airflow.providers.standard.hooks.subprocess.SubprocessHook"}
{"timestamp":"2025-07-17T06:42:34.453787","level":"info","event":"  2600K .......... .......... .......... .......... .......... 69% 7.83M 0s","logger":"airflow.task.hooks.airflow.providers.standard.hooks.subprocess.SubprocessHook"}
{"timestamp":"2025-07-17T06:42:34.456367","level":"info","event":"  2650K .......... .......... .......... .......... .......... 70% 19.3M 0s","logger":"airflow.task.hooks.airflow.providers.standard.hooks.subprocess.SubprocessHook"}
{"timestamp":"2025-07-17T06:42:34.463119","level":"info","event":"  2700K .......... .......... .......... .......... .......... 71% 7.19M 0s","logger":"airflow.task.hooks.airflow.providers.standard.hooks.subprocess.SubprocessHook"}
{"timestamp":"2025-07-17T06:42:34.464396","level":"info","event":"  2750K .......... .......... .......... .......... .......... 73% 40.6M 0s","logger":"airflow.task.hooks.airflow.providers.standard.hooks.subprocess.SubprocessHook"}
{"timestamp":"2025-07-17T06:42:34.468880","level":"info","event":"  2800K .......... .......... .......... .......... .......... 74% 10.9M 0s","logger":"airflow.task.hooks.airflow.providers.standard.hooks.subprocess.SubprocessHook"}
{"timestamp":"2025-07-17T06:42:34.471934","level":"info","event":"  2850K .......... .......... .......... .......... .......... 75% 15.4M 0s","logger":"airflow.task.hooks.airflow.providers.standard.hooks.subprocess.SubprocessHook"}
{"timestamp":"2025-07-17T06:42:34.474889","level":"info","event":"  2900K .......... .......... .......... .......... .......... 77% 16.6M 0s","logger":"airflow.task.hooks.airflow.providers.standard.hooks.subprocess.SubprocessHook"}
{"timestamp":"2025-07-17T06:42:34.478795","level":"info","event":"  2950K .......... .......... .......... .......... .......... 78% 12.5M 0s","logger":"airflow.task.hooks.airflow.providers.standard.hooks.subprocess.SubprocessHook"}
{"timestamp":"2025-07-17T06:42:34.481644","level":"info","event":"  3000K .......... .......... .......... .......... .......... 79% 17.0M 0s","logger":"airflow.task.hooks.airflow.providers.standard.hooks.subprocess.SubprocessHook"}
{"timestamp":"2025-07-17T06:42:34.485772","level":"info","event":"  3050K .......... .......... .......... .......... .......... 81% 11.8M 0s","logger":"airflow.task.hooks.airflow.providers.standard.hooks.subprocess.SubprocessHook"}
{"timestamp":"2025-07-17T06:42:34.489615","level":"info","event":"  3100K .......... .......... .......... .......... .......... 82% 13.9M 0s","logger":"airflow.task.hooks.airflow.providers.standard.hooks.subprocess.SubprocessHook"}
{"timestamp":"2025-07-17T06:42:34.494726","level":"info","event":"  3150K .......... .......... .......... .......... .......... 83% 9.04M 0s","logger":"airflow.task.hooks.airflow.providers.standard.hooks.subprocess.SubprocessHook"}
{"timestamp":"2025-07-17T06:42:34.498918","level":"info","event":"  3200K .......... .......... .......... .......... .......... 84% 11.6M 0s","logger":"airflow.task.hooks.airflow.providers.standard.hooks.subprocess.SubprocessHook"}
{"timestamp":"2025-07-17T06:42:34.503271","level":"info","event":"  3250K .......... .......... .......... .......... .......... 86% 11.4M 0s","logger":"airflow.task.hooks.airflow.providers.standard.hooks.subprocess.SubprocessHook"}
{"timestamp":"2025-07-17T06:42:34.505485","level":"info","event":"  3300K .......... .......... .......... .......... .......... 87% 22.7M 0s","logger":"airflow.task.hooks.airflow.providers.standard.hooks.subprocess.SubprocessHook"}
{"timestamp":"2025-07-17T06:42:34.509137","level":"info","event":"  3350K .......... .......... .......... .......... .......... 88% 13.1M 0s","logger":"airflow.task.hooks.airflow.providers.standard.hooks.subprocess.SubprocessHook"}
{"timestamp":"2025-07-17T06:42:34.514138","level":"info","event":"  3400K .......... .......... .......... .......... .......... 90% 9.88M 0s","logger":"airflow.task.hooks.airflow.providers.standard.hooks.subprocess.SubprocessHook"}
{"timestamp":"2025-07-17T06:42:34.516666","level":"info","event":"  3450K .......... .......... .......... .......... .......... 91% 18.5M 0s","logger":"airflow.task.hooks.airflow.providers.standard.hooks.subprocess.SubprocessHook"}
{"timestamp":"2025-07-17T06:42:34.521893","level":"info","event":"  3500K .......... .......... .......... .......... .......... 92% 9.45M 0s","logger":"airflow.task.hooks.airflow.providers.standard.hooks.subprocess.SubprocessHook"}
{"timestamp":"2025-07-17T06:42:34.529272","level":"info","event":"  3550K .......... .......... .......... .......... .......... 94% 6.64M 0s","logger":"airflow.task.hooks.airflow.providers.standard.hooks.subprocess.SubprocessHook"}
{"timestamp":"2025-07-17T06:42:34.532268","level":"info","event":"  3600K .......... .......... .......... .......... .......... 95% 16.1M 0s","logger":"airflow.task.hooks.airflow.providers.standard.hooks.subprocess.SubprocessHook"}
{"timestamp":"2025-07-17T06:42:34.537513","level":"info","event":"  3650K .......... .......... .......... .......... .......... 96% 9.22M 0s","logger":"airflow.task.hooks.airflow.providers.standard.hooks.subprocess.SubprocessHook"}
{"timestamp":"2025-07-17T06:42:34.545040","level":"info","event":"  3700K .......... .......... .......... .......... .......... 98% 6.57M 0s","logger":"airflow.task.hooks.airflow.providers.standard.hooks.subprocess.SubprocessHook"}
{"timestamp":"2025-07-17T06:42:34.548976","level":"info","event":"  3750K .......... .......... .......... .......... .......... 99% 12.1M 0s","logger":"airflow.task.hooks.airflow.providers.standard.hooks.subprocess.SubprocessHook"}
{"timestamp":"2025-07-17T06:42:34.551956","level":"info","event":"  3800K .......... .......... .....                           100% 8.58M=0.6s","logger":"airflow.task.hooks.airflow.providers.standard.hooks.subprocess.SubprocessHook"}
{"timestamp":"2025-07-17T06:42:34.552036","level":"info","event":"","logger":"airflow.task.hooks.airflow.providers.standard.hooks.subprocess.SubprocessHook"}
{"timestamp":"2025-07-17T06:42:34.552143","level":"info","event":"2025-07-17 06:42:34 (6.71 MB/s) - ‘/opt/airflow/green_tripdata_2020-03.csv.gz’ saved [3917763/3917763]","logger":"airflow.task.hooks.airflow.providers.standard.hooks.subprocess.SubprocessHook"}
{"timestamp":"2025-07-17T06:42:34.552240","level":"info","event":"","logger":"airflow.task.hooks.airflow.providers.standard.hooks.subprocess.SubprocessHook"}
{"timestamp":"2025-07-17T06:42:34.663227","level":"info","event":"Command exited with return code 0","logger":"airflow.task.hooks.airflow.providers.standard.hooks.subprocess.SubprocessHook"}
{"timestamp":"2025-07-17T06:42:34.664706","level":"info","event":"Pushing xcom","ti":"RuntimeTaskInstance(id=UUID('0198171e-d0db-7c13-9577-2875a74a40d0'), task_id='wget_trips_csvgz', dag_id='local_ingestion_pg_green', run_id='scheduled__2020-03-02T06:00:00+00:00', try_number=1, map_index=-1, hostname='3f7f1d329e72', context_carrier={}, task=<Task(BashOperator): wget_trips_csvgz>, bundle_instance=LocalDagBundle(name=dags-folder), max_tries=0, start_date=datetime.datetime(2025, 7, 17, 6, 42, 32, 444684, tzinfo=TzInfo(UTC)), end_date=None, state=<TaskInstanceState.RUNNING: 'running'>, is_mapped=False, rendered_map_index=None)","logger":"task"}
{"timestamp":"2025-07-17T06:53:15.896336","level":"info","event":"DAG bundles loaded: dags-folder","logger":"airflow.dag_processing.bundles.manager.DagBundlesManager"}
{"timestamp":"2025-07-17T06:53:15.907733","level":"info","event":"Filling up the DagBag from /opt/airflow/dags/data_ingestion_localpg_dag.py","logger":"airflow.models.dagbag.DagBag"}
{"timestamp":"2025-07-17T06:53:17.271712","level":"info","event":"Tmp dir root location: /tmp","logger":"airflow.task.hooks.airflow.providers.standard.hooks.subprocess.SubprocessHook"}
{"timestamp":"2025-07-17T06:53:17.274819","level":"info","event":"Running command: ['/usr/bin/bash', '-c', 'wget https://github.com/DataTalksClub/nyc-tlc-data/releases/download/green/green_tripdata_2020-03.csv.gz -O /opt/airflow/green_tripdata_2020-03.csv.gz && gunzip -f /opt/airflow/green_tripdata_2020-03.csv.gz || rm -f /opt/airflow/green_tripdata_2020-03.csv.gz']","logger":"airflow.task.hooks.airflow.providers.standard.hooks.subprocess.SubprocessHook"}
{"timestamp":"2025-07-17T06:53:17.436207","level":"info","event":"Output:","logger":"airflow.task.hooks.airflow.providers.standard.hooks.subprocess.SubprocessHook"}
{"timestamp":"2025-07-17T06:53:17.451288","level":"info","event":"--2025-07-17 06:53:17--  https://github.com/DataTalksClub/nyc-tlc-data/releases/download/green/green_tripdata_2020-03.csv.gz","logger":"airflow.task.hooks.airflow.providers.standard.hooks.subprocess.SubprocessHook"}
{"timestamp":"2025-07-17T06:53:17.477220","level":"info","event":"Resolving github.com (github.com)... 20.205.243.166","logger":"airflow.task.hooks.airflow.providers.standard.hooks.subprocess.SubprocessHook"}
{"timestamp":"2025-07-17T06:53:17.494697","level":"info","event":"Connecting to github.com (github.com)|20.205.243.166|:443... connected.","logger":"airflow.task.hooks.airflow.providers.standard.hooks.subprocess.SubprocessHook"}
{"timestamp":"2025-07-17T06:53:17.836734","level":"info","event":"HTTP request sent, awaiting response... 302 Found","logger":"airflow.task.hooks.airflow.providers.standard.hooks.subprocess.SubprocessHook"}
{"timestamp":"2025-07-17T06:53:17.837051","level":"info","event":"Location: https://release-assets.githubusercontent.com/github-production-release-asset/513814948/3bfdeae7-452d-464e-bf2e-ad862ec2b4c4?sp=r&sv=2018-11-09&sr=b&spr=https&se=2025-07-17T07%3A43%3A23Z&rscd=attachment%3B+filename%3Dgreen_tripdata_2020-03.csv.gz&rsct=application%2Foctet-stream&skoid=96c2d410-5711-43a1-aedd-ab1947aa7ab0&sktid=398a6654-997b-47e9-b12b-9515b896b4de&skt=2025-07-17T06%3A42%3A51Z&ske=2025-07-17T07%3A43%3A23Z&sks=b&skv=2018-11-09&sig=QSxUCcBUvOUTxP03b%2FiSjD7vFFFmzCqtUHsjh27Eom0%3D&jwt=eyJ******&response-content-disposition=attachment%3B%20filename%3Dgreen_tripdata_2020-03.csv.gz&response-content-type=application%2Foctet-stream [following]","logger":"airflow.task.hooks.airflow.providers.standard.hooks.subprocess.SubprocessHook"}
{"timestamp":"2025-07-17T06:53:17.837168","level":"info","event":"--2025-07-17 06:53:17--  https://release-assets.githubusercontent.com/github-production-release-asset/513814948/3bfdeae7-452d-464e-bf2e-ad862ec2b4c4?sp=r&sv=2018-11-09&sr=b&spr=https&se=2025-07-17T07%3A43%3A23Z&rscd=attachment%3B+filename%3Dgreen_tripdata_2020-03.csv.gz&rsct=application%2Foctet-stream&skoid=96c2d410-5711-43a1-aedd-ab1947aa7ab0&sktid=398a6654-997b-47e9-b12b-9515b896b4de&skt=2025-07-17T06%3A42%3A51Z&ske=2025-07-17T07%3A43%3A23Z&sks=b&skv=2018-11-09&sig=QSxUCcBUvOUTxP03b%2FiSjD7vFFFmzCqtUHsjh27Eom0%3D&jwt=eyJ******&response-content-disposition=attachment%3B%20filename%3Dgreen_tripdata_2020-03.csv.gz&response-content-type=application%2Foctet-stream","logger":"airflow.task.hooks.airflow.providers.standard.hooks.subprocess.SubprocessHook"}
{"timestamp":"2025-07-17T06:53:17.844920","level":"info","event":"Resolving release-assets.githubusercontent.com (release-assets.githubusercontent.com)... 185.199.111.133, 185.199.108.133, 185.199.109.133, ...","logger":"airflow.task.hooks.airflow.providers.standard.hooks.subprocess.SubprocessHook"}
{"timestamp":"2025-07-17T06:53:17.866984","level":"info","event":"Connecting to release-assets.githubusercontent.com (release-assets.githubusercontent.com)|185.199.111.133|:443... connected.","logger":"airflow.task.hooks.airflow.providers.standard.hooks.subprocess.SubprocessHook"}
{"timestamp":"2025-07-17T06:53:17.948482","level":"info","event":"HTTP request sent, awaiting response... 200 OK","logger":"airflow.task.hooks.airflow.providers.standard.hooks.subprocess.SubprocessHook"}
{"timestamp":"2025-07-17T06:53:17.952376","level":"info","event":"Length: 3917763 (3.7M) [application/octet-stream]","logger":"airflow.task.hooks.airflow.providers.standard.hooks.subprocess.SubprocessHook"}
{"timestamp":"2025-07-17T06:53:17.952459","level":"info","event":"Saving to: ‘/opt/airflow/green_tripdata_2020-03.csv.gz’","logger":"airflow.task.hooks.airflow.providers.standard.hooks.subprocess.SubprocessHook"}
{"timestamp":"2025-07-17T06:53:17.965756","level":"info","event":"","logger":"airflow.task.hooks.airflow.providers.standard.hooks.subprocess.SubprocessHook"}
{"timestamp":"2025-07-17T06:53:18.020611","level":"info","event":"     0K .......... .......... .......... .......... ..........  1%  680K 6s","logger":"airflow.task.hooks.airflow.providers.standard.hooks.subprocess.SubprocessHook"}
{"timestamp":"2025-07-17T06:53:18.021318","level":"info","event":"    50K .......... .......... .......... .......... ..........  2% 52.5M 3s","logger":"airflow.task.hooks.airflow.providers.standard.hooks.subprocess.SubprocessHook"}
{"timestamp":"2025-07-17T06:53:18.147318","level":"info","event":"   100K .......... .......... .......... .......... ..........  3% 1.87M 2s","logger":"airflow.task.hooks.airflow.providers.standard.hooks.subprocess.SubprocessHook"}
{"timestamp":"2025-07-17T06:53:18.147701","level":"info","event":"   150K .......... .......... .......... .......... ..........  5% 15.9M 2s","logger":"airflow.task.hooks.airflow.providers.standard.hooks.subprocess.SubprocessHook"}
{"timestamp":"2025-07-17T06:53:18.147772","level":"info","event":"   200K .......... .......... .......... .......... ..........  6%  614K 3s","logger":"airflow.task.hooks.airflow.providers.standard.hooks.subprocess.SubprocessHook"}
{"timestamp":"2025-07-17T06:53:18.151714","level":"info","event":"   250K .......... .......... .......... .......... ..........  7% 3.88M 2s","logger":"airflow.task.hooks.airflow.providers.standard.hooks.subprocess.SubprocessHook"}
{"timestamp":"2025-07-17T06:53:18.152647","level":"info","event":"   300K .......... .......... .......... .......... ..........  9% 7.36M 2s","logger":"airflow.task.hooks.airflow.providers.standard.hooks.subprocess.SubprocessHook"}
{"timestamp":"2025-07-17T06:53:18.166187","level":"info","event":"   350K .......... .......... .......... .......... .......... 10% 4.77M 2s","logger":"airflow.task.hooks.airflow.providers.standard.hooks.subprocess.SubprocessHook"}
{"timestamp":"2025-07-17T06:53:18.167705","level":"info","event":"   400K .......... .......... .......... .......... .......... 11% 7.98M 2s","logger":"airflow.task.hooks.airflow.providers.standard.hooks.subprocess.SubprocessHook"}
{"timestamp":"2025-07-17T06:53:18.169295","level":"info","event":"   450K .......... .......... .......... .......... .......... 13% 37.0M 1s","logger":"airflow.task.hooks.airflow.providers.standard.hooks.subprocess.SubprocessHook"}
{"timestamp":"2025-07-17T06:53:18.170988","level":"info","event":"   500K .......... .......... .......... .......... .......... 14% 23.4M 1s","logger":"airflow.task.hooks.airflow.providers.standard.hooks.subprocess.SubprocessHook"}
{"timestamp":"2025-07-17T06:53:18.171489","level":"info","event":"   550K .......... .......... .......... .......... .......... 15% 83.4M 1s","logger":"airflow.task.hooks.airflow.providers.standard.hooks.subprocess.SubprocessHook"}
{"timestamp":"2025-07-17T06:53:18.290577","level":"info","event":"   600K .......... .......... .......... .......... .......... 16%  420K 2s","logger":"airflow.task.hooks.airflow.providers.standard.hooks.subprocess.SubprocessHook"}
{"timestamp":"2025-07-17T06:53:18.340305","level":"info","event":"   650K .......... .......... .......... .......... .......... 18% 1.02M 2s","logger":"airflow.task.hooks.airflow.providers.standard.hooks.subprocess.SubprocessHook"}
{"timestamp":"2025-07-17T06:53:18.340454","level":"info","event":"   700K .......... .......... .......... .......... .......... 19%  133M 2s","logger":"airflow.task.hooks.airflow.providers.standard.hooks.subprocess.SubprocessHook"}
{"timestamp":"2025-07-17T06:53:18.340912","level":"info","event":"   750K .......... .......... .......... .......... .......... 20%  170M 1s","logger":"airflow.task.hooks.airflow.providers.standard.hooks.subprocess.SubprocessHook"}
{"timestamp":"2025-07-17T06:53:18.340971","level":"info","event":"   800K .......... .......... .......... .......... .......... 22%  208M 1s","logger":"airflow.task.hooks.airflow.providers.standard.hooks.subprocess.SubprocessHook"}
{"timestamp":"2025-07-17T06:53:18.341039","level":"info","event":"   850K .......... .......... .......... .......... .......... 23%  157M 1s","logger":"airflow.task.hooks.airflow.providers.standard.hooks.subprocess.SubprocessHook"}
{"timestamp":"2025-07-17T06:53:18.341081","level":"info","event":"   900K .......... .......... .......... .......... .......... 24%  172M 1s","logger":"airflow.task.hooks.airflow.providers.standard.hooks.subprocess.SubprocessHook"}
{"timestamp":"2025-07-17T06:53:18.352835","level":"info","event":"   950K .......... .......... .......... .......... .......... 26% 3.75M 1s","logger":"airflow.task.hooks.airflow.providers.standard.hooks.subprocess.SubprocessHook"}
{"timestamp":"2025-07-17T06:53:18.374461","level":"info","event":"  1000K .......... .......... .......... .......... .......... 27% 2.28M 1s","logger":"airflow.task.hooks.airflow.providers.standard.hooks.subprocess.SubprocessHook"}
{"timestamp":"2025-07-17T06:53:18.377066","level":"info","event":"  1050K .......... .......... .......... .......... .......... 28% 17.7M 1s","logger":"airflow.task.hooks.airflow.providers.standard.hooks.subprocess.SubprocessHook"}
{"timestamp":"2025-07-17T06:53:18.386012","level":"info","event":"  1100K .......... .......... .......... .......... .......... 30% 5.50M 1s","logger":"airflow.task.hooks.airflow.providers.standard.hooks.subprocess.SubprocessHook"}
{"timestamp":"2025-07-17T06:53:18.397566","level":"info","event":"  1150K .......... .......... .......... .......... .......... 31% 4.22M 1s","logger":"airflow.task.hooks.airflow.providers.standard.hooks.subprocess.SubprocessHook"}
{"timestamp":"2025-07-17T06:53:18.412023","level":"info","event":"  1200K .......... .......... .......... .......... .......... 32% 3.36M 1s","logger":"airflow.task.hooks.airflow.providers.standard.hooks.subprocess.SubprocessHook"}
{"timestamp":"2025-07-17T06:53:18.412518","level":"info","event":"  1250K .......... .......... .......... .......... .......... 33%  145M 1s","logger":"airflow.task.hooks.airflow.providers.standard.hooks.subprocess.SubprocessHook"}
{"timestamp":"2025-07-17T06:53:18.412638","level":"info","event":"  1300K .......... .......... .......... .......... .......... 35%  162M 1s","logger":"airflow.task.hooks.airflow.providers.standard.hooks.subprocess.SubprocessHook"}
{"timestamp":"2025-07-17T06:53:18.414209","level":"info","event":"  1350K .......... .......... .......... .......... .......... 36%  121M 1s","logger":"airflow.task.hooks.airflow.providers.standard.hooks.subprocess.SubprocessHook"}
{"timestamp":"2025-07-17T06:53:18.414320","level":"info","event":"  1400K .......... .......... .......... .......... .......... 37%  159M 1s","logger":"airflow.task.hooks.airflow.providers.standard.hooks.subprocess.SubprocessHook"}
{"timestamp":"2025-07-17T06:53:18.414353","level":"info","event":"  1450K .......... .......... .......... .......... .......... 39%  164M 1s","logger":"airflow.task.hooks.airflow.providers.standard.hooks.subprocess.SubprocessHook"}
{"timestamp":"2025-07-17T06:53:18.414378","level":"info","event":"  1500K .......... .......... .......... .......... .......... 40%  110M 1s","logger":"airflow.task.hooks.airflow.providers.standard.hooks.subprocess.SubprocessHook"}
{"timestamp":"2025-07-17T06:53:18.415627","level":"info","event":"  1550K .......... .......... .......... .......... .......... 41% 66.0M 1s","logger":"airflow.task.hooks.airflow.providers.standard.hooks.subprocess.SubprocessHook"}
{"timestamp":"2025-07-17T06:53:18.415705","level":"info","event":"  1600K .......... .......... .......... .......... .......... 43% 94.0M 1s","logger":"airflow.task.hooks.airflow.providers.standard.hooks.subprocess.SubprocessHook"}
{"timestamp":"2025-07-17T06:53:18.416422","level":"info","event":"  1650K .......... .......... .......... .......... .......... 44% 43.4M 1s","logger":"airflow.task.hooks.airflow.providers.standard.hooks.subprocess.SubprocessHook"}
{"timestamp":"2025-07-17T06:53:18.417888","level":"info","event":"  1700K .......... .......... .......... .......... .......... 45% 36.2M 1s","logger":"airflow.task.hooks.airflow.providers.standard.hooks.subprocess.SubprocessHook"}
{"timestamp":"2025-07-17T06:53:18.419443","level":"info","event":"  1750K .......... .......... .......... .......... .......... 47% 62.9M 1s","logger":"airflow.task.hooks.airflow.providers.standard.hooks.subprocess.SubprocessHook"}
{"timestamp":"2025-07-17T06:53:18.420382","level":"info","event":"  1800K .......... .......... .......... .......... .......... 48% 31.0M 1s","logger":"airflow.task.hooks.airflow.providers.standard.hooks.subprocess.SubprocessHook"}
{"timestamp":"2025-07-17T06:53:18.420931","level":"info","event":"  1850K .......... .......... .......... .......... .......... 49%  139M 0s","logger":"airflow.task.hooks.airflow.providers.standard.hooks.subprocess.SubprocessHook"}
{"timestamp":"2025-07-17T06:53:18.421448","level":"info","event":"  1900K .......... .......... .......... .......... .......... 50% 52.4M 0s","logger":"airflow.task.hooks.airflow.providers.standard.hooks.subprocess.SubprocessHook"}
{"timestamp":"2025-07-17T06:53:18.423231","level":"info","event":"  1950K .......... .......... .......... .......... .......... 52% 68.0M 0s","logger":"airflow.task.hooks.airflow.providers.standard.hooks.subprocess.SubprocessHook"}
{"timestamp":"2025-07-17T06:53:18.435138","level":"info","event":"  2000K .......... .......... .......... .......... .......... 53% 4.62M 0s","logger":"airflow.task.hooks.airflow.providers.standard.hooks.subprocess.SubprocessHook"}
{"timestamp":"2025-07-17T06:53:18.448041","level":"info","event":"  2050K .......... .......... .......... .......... .......... 54% 7.50M 0s","logger":"airflow.task.hooks.airflow.providers.standard.hooks.subprocess.SubprocessHook"}
{"timestamp":"2025-07-17T06:53:18.449013","level":"info","event":"  2100K .......... .......... .......... .......... .......... 56% 22.0M 0s","logger":"airflow.task.hooks.airflow.providers.standard.hooks.subprocess.SubprocessHook"}
{"timestamp":"2025-07-17T06:53:18.450097","level":"info","event":"  2150K .......... .......... .......... .......... .......... 57% 5.74M 0s","logger":"airflow.task.hooks.airflow.providers.standard.hooks.subprocess.SubprocessHook"}
{"timestamp":"2025-07-17T06:53:18.460930","level":"info","event":"  2200K .......... .......... .......... .......... .......... 58% 8.58M 0s","logger":"airflow.task.hooks.airflow.providers.standard.hooks.subprocess.SubprocessHook"}
{"timestamp":"2025-07-17T06:53:18.461283","level":"info","event":"  2250K .......... .......... .......... .......... .......... 60% 16.3M 0s","logger":"airflow.task.hooks.airflow.providers.standard.hooks.subprocess.SubprocessHook"}
{"timestamp":"2025-07-17T06:53:18.465330","level":"info","event":"  2300K .......... .......... .......... .......... .......... 61% 11.3M 0s","logger":"airflow.task.hooks.airflow.providers.standard.hooks.subprocess.SubprocessHook"}
{"timestamp":"2025-07-17T06:53:18.465555","level":"info","event":"  2350K .......... .......... .......... .......... .......... 62%  149M 0s","logger":"airflow.task.hooks.airflow.providers.standard.hooks.subprocess.SubprocessHook"}
{"timestamp":"2025-07-17T06:53:18.465675","level":"info","event":"  2400K .......... .......... .......... .......... .......... 64%  194M 0s","logger":"airflow.task.hooks.airflow.providers.standard.hooks.subprocess.SubprocessHook"}
{"timestamp":"2025-07-17T06:53:18.465789","level":"info","event":"  2450K .......... .......... .......... .......... .......... 65%  202M 0s","logger":"airflow.task.hooks.airflow.providers.standard.hooks.subprocess.SubprocessHook"}
{"timestamp":"2025-07-17T06:53:18.465925","level":"info","event":"  2500K .......... .......... .......... .......... .......... 66%  156M 0s","logger":"airflow.task.hooks.airflow.providers.standard.hooks.subprocess.SubprocessHook"}
{"timestamp":"2025-07-17T06:53:18.466012","level":"info","event":"  2550K .......... .......... .......... .......... .......... 67% 61.0M 0s","logger":"airflow.task.hooks.airflow.providers.standard.hooks.subprocess.SubprocessHook"}
{"timestamp":"2025-07-17T06:53:18.470647","level":"info","event":"  2600K .......... .......... .......... .......... .......... 69% 10.1M 0s","logger":"airflow.task.hooks.airflow.providers.standard.hooks.subprocess.SubprocessHook"}
{"timestamp":"2025-07-17T06:53:18.471647","level":"info","event":"  2650K .......... .......... .......... .......... .......... 70%  117M 0s","logger":"airflow.task.hooks.airflow.providers.standard.hooks.subprocess.SubprocessHook"}
{"timestamp":"2025-07-17T06:53:18.472223","level":"info","event":"  2700K .......... .......... .......... .......... .......... 71% 36.0M 0s","logger":"airflow.task.hooks.airflow.providers.standard.hooks.subprocess.SubprocessHook"}
{"timestamp":"2025-07-17T06:53:18.473886","level":"info","event":"  2750K .......... .......... .......... .......... .......... 73% 81.2M 0s","logger":"airflow.task.hooks.airflow.providers.standard.hooks.subprocess.SubprocessHook"}
{"timestamp":"2025-07-17T06:53:18.477283","level":"info","event":"  2800K .......... .......... .......... .......... .......... 74% 11.6M 0s","logger":"airflow.task.hooks.airflow.providers.standard.hooks.subprocess.SubprocessHook"}
{"timestamp":"2025-07-17T06:53:18.477435","level":"info","event":"  2850K .......... .......... .......... .......... .......... 75%  146M 0s","logger":"airflow.task.hooks.airflow.providers.standard.hooks.subprocess.SubprocessHook"}
{"timestamp":"2025-07-17T06:53:18.477487","level":"info","event":"  2900K .......... .......... .......... .......... .......... 77%  179M 0s","logger":"airflow.task.hooks.airflow.providers.standard.hooks.subprocess.SubprocessHook"}
{"timestamp":"2025-07-17T06:53:18.477530","level":"info","event":"  2950K .......... .......... .......... .......... .......... 78%  109M 0s","logger":"airflow.task.hooks.airflow.providers.standard.hooks.subprocess.SubprocessHook"}
{"timestamp":"2025-07-17T06:53:18.477553","level":"info","event":"  3000K .......... .......... .......... .......... .......... 79%  210M 0s","logger":"airflow.task.hooks.airflow.providers.standard.hooks.subprocess.SubprocessHook"}
{"timestamp":"2025-07-17T06:53:18.478018","level":"info","event":"  3050K .......... .......... .......... .......... .......... 81%  182M 0s","logger":"airflow.task.hooks.airflow.providers.standard.hooks.subprocess.SubprocessHook"}
{"timestamp":"2025-07-17T06:53:18.479390","level":"info","event":"  3100K .......... .......... .......... .......... .......... 82% 44.4M 0s","logger":"airflow.task.hooks.airflow.providers.standard.hooks.subprocess.SubprocessHook"}
{"timestamp":"2025-07-17T06:53:18.479489","level":"info","event":"  3150K .......... .......... .......... .......... .......... 83%  205M 0s","logger":"airflow.task.hooks.airflow.providers.standard.hooks.subprocess.SubprocessHook"}
{"timestamp":"2025-07-17T06:53:18.482301","level":"info","event":"  3200K .......... .......... .......... .......... .......... 84% 28.6M 0s","logger":"airflow.task.hooks.airflow.providers.standard.hooks.subprocess.SubprocessHook"}
{"timestamp":"2025-07-17T06:53:18.482387","level":"info","event":"  3250K .......... .......... .......... .......... .......... 86%  167M 0s","logger":"airflow.task.hooks.airflow.providers.standard.hooks.subprocess.SubprocessHook"}
{"timestamp":"2025-07-17T06:53:18.483115","level":"info","event":"  3300K .......... .......... .......... .......... .......... 87% 27.4M 0s","logger":"airflow.task.hooks.airflow.providers.standard.hooks.subprocess.SubprocessHook"}
{"timestamp":"2025-07-17T06:53:18.483207","level":"info","event":"  3350K .......... .......... .......... .......... .......... 88%  206M 0s","logger":"airflow.task.hooks.airflow.providers.standard.hooks.subprocess.SubprocessHook"}
{"timestamp":"2025-07-17T06:53:18.483898","level":"info","event":"  3400K .......... .......... .......... .......... .......... 90%  193M 0s","logger":"airflow.task.hooks.airflow.providers.standard.hooks.subprocess.SubprocessHook"}
{"timestamp":"2025-07-17T06:53:18.483953","level":"info","event":"  3450K .......... .......... .......... .......... .......... 91%  261M 0s","logger":"airflow.task.hooks.airflow.providers.standard.hooks.subprocess.SubprocessHook"}
{"timestamp":"2025-07-17T06:53:18.485101","level":"info","event":"  3500K .......... .......... .......... .......... .......... 92% 36.1M 0s","logger":"airflow.task.hooks.airflow.providers.standard.hooks.subprocess.SubprocessHook"}
{"timestamp":"2025-07-17T06:53:18.485903","level":"info","event":"  3550K .......... .......... .......... .......... .......... 94% 78.3M 0s","logger":"airflow.task.hooks.airflow.providers.standard.hooks.subprocess.SubprocessHook"}
{"timestamp":"2025-07-17T06:53:18.485966","level":"info","event":"  3600K .......... .......... .......... .......... .......... 95%  212M 0s","logger":"airflow.task.hooks.airflow.providers.standard.hooks.subprocess.SubprocessHook"}
{"timestamp":"2025-07-17T06:53:18.488380","level":"info","event":"  3650K .......... .......... .......... .......... .......... 96% 34.8M 0s","logger":"airflow.task.hooks.airflow.providers.standard.hooks.subprocess.SubprocessHook"}
{"timestamp":"2025-07-17T06:53:18.488462","level":"info","event":"  3700K .......... .......... .......... .......... .......... 98%  223M 0s","logger":"airflow.task.hooks.airflow.providers.standard.hooks.subprocess.SubprocessHook"}
{"timestamp":"2025-07-17T06:53:18.488516","level":"info","event":"  3750K .......... .......... .......... .......... .......... 99% 69.1M 0s","logger":"airflow.task.hooks.airflow.providers.standard.hooks.subprocess.SubprocessHook"}
{"timestamp":"2025-07-17T06:53:18.488568","level":"info","event":"  3800K .......... .......... .....                           100%  268M=0.5s","logger":"airflow.task.hooks.airflow.providers.standard.hooks.subprocess.SubprocessHook"}
{"timestamp":"2025-07-17T06:53:18.488626","level":"info","event":"","logger":"airflow.task.hooks.airflow.providers.standard.hooks.subprocess.SubprocessHook"}
{"timestamp":"2025-07-17T06:53:18.488694","level":"info","event":"2025-07-17 06:53:18 (6.90 MB/s) - ‘/opt/airflow/green_tripdata_2020-03.csv.gz’ saved [3917763/3917763]","logger":"airflow.task.hooks.airflow.providers.standard.hooks.subprocess.SubprocessHook"}
{"timestamp":"2025-07-17T06:53:18.488887","level":"info","event":"","logger":"airflow.task.hooks.airflow.providers.standard.hooks.subprocess.SubprocessHook"}
{"timestamp":"2025-07-17T06:53:18.942201","level":"info","event":"Command exited with return code 0","logger":"airflow.task.hooks.airflow.providers.standard.hooks.subprocess.SubprocessHook"}
{"timestamp":"2025-07-17T06:53:18.964260","level":"info","event":"Pushing xcom","ti":"RuntimeTaskInstance(id=UUID('01981728-9f51-795c-9047-5b51970494e8'), task_id='wget_trips_csvgz', dag_id='local_ingestion_pg_green', run_id='scheduled__2020-03-02T06:00:00+00:00', try_number=1, map_index=-1, hostname='3f7f1d329e72', context_carrier={}, task=<Task(BashOperator): wget_trips_csvgz>, bundle_instance=LocalDagBundle(name=dags-folder), max_tries=0, start_date=datetime.datetime(2025, 7, 17, 6, 53, 15, 288540, tzinfo=TzInfo(UTC)), end_date=None, state=<TaskInstanceState.RUNNING: 'running'>, is_mapped=False, rendered_map_index=None)","logger":"task"}
