{"timestamp":"2025-07-17T06:28:48.481892","level":"info","event":"DAG bundles loaded: dags-folder","logger":"airflow.dag_processing.bundles.manager.DagBundlesManager"}
{"timestamp":"2025-07-17T06:28:48.485504","level":"info","event":"Filling up the DagBag from /opt/airflow/dags/data_ingestion_localpg_dag.py","logger":"airflow.models.dagbag.DagBag"}
{"timestamp":"2025-07-17T06:28:49.177756","level":"info","event":"Tmp dir root location: /tmp","logger":"airflow.task.hooks.airflow.providers.standard.hooks.subprocess.SubprocessHook"}
{"timestamp":"2025-07-17T06:28:49.181575","level":"info","event":"Running command: ['/usr/bin/bash', '-c', 'wget https://github.com/DataTalksClub/nyc-tlc-data/releases/download/yellow/yellow_tripdata_2020-05.csv.gz -O /opt/airflow/yellow_tripdata_2020-05.csv.gz && gunzip -f /opt/airflow/yellow_tripdata_2020-05.csv.gz || rm -f /opt/airflow/yellow_tripdata_2020-05.csv.gz']","logger":"airflow.task.hooks.airflow.providers.standard.hooks.subprocess.SubprocessHook"}
{"timestamp":"2025-07-17T06:28:49.222937","level":"info","event":"Output:","logger":"airflow.task.hooks.airflow.providers.standard.hooks.subprocess.SubprocessHook"}
{"timestamp":"2025-07-17T06:28:49.258095","level":"info","event":"--2025-07-17 06:28:49--  https://github.com/DataTalksClub/nyc-tlc-data/releases/download/yellow/yellow_tripdata_2020-05.csv.gz","logger":"airflow.task.hooks.airflow.providers.standard.hooks.subprocess.SubprocessHook"}
{"timestamp":"2025-07-17T06:28:49.401168","level":"info","event":"Resolving github.com (github.com)... 20.205.243.166","logger":"airflow.task.hooks.airflow.providers.standard.hooks.subprocess.SubprocessHook"}
{"timestamp":"2025-07-17T06:28:49.409392","level":"info","event":"Connecting to github.com (github.com)|20.205.243.166|:443... connected.","logger":"airflow.task.hooks.airflow.providers.standard.hooks.subprocess.SubprocessHook"}
{"timestamp":"2025-07-17T06:28:49.780420","level":"info","event":"HTTP request sent, awaiting response... 302 Found","logger":"airflow.task.hooks.airflow.providers.standard.hooks.subprocess.SubprocessHook"}
{"timestamp":"2025-07-17T06:28:49.781355","level":"info","event":"Location: https://release-assets.githubusercontent.com/github-production-release-asset/513814948/7c737dbd-a617-477c-9b86-a939e917baa8?sp=r&sv=2018-11-09&sr=b&spr=https&se=2025-07-17T07%3A04%3A01Z&rscd=attachment%3B+filename%3Dyellow_tripdata_2020-05.csv.gz&rsct=application%2Foctet-stream&skoid=96c2d410-5711-43a1-aedd-ab1947aa7ab0&sktid=398a6654-997b-47e9-b12b-9515b896b4de&skt=2025-07-17T06%3A03%3A50Z&ske=2025-07-17T07%3A04%3A01Z&sks=b&skv=2018-11-09&sig=oUr%2FEK9DEvCMvlZX45zQyIFQiC8nSAybrSUkFdhjM7A%3D&jwt=eyJ******&response-content-disposition=attachment%3B%20filename%3Dyellow_tripdata_2020-05.csv.gz&response-content-type=application%2Foctet-stream [following]","logger":"airflow.task.hooks.airflow.providers.standard.hooks.subprocess.SubprocessHook"}
{"timestamp":"2025-07-17T06:28:49.781602","level":"info","event":"--2025-07-17 06:28:49--  https://release-assets.githubusercontent.com/github-production-release-asset/513814948/7c737dbd-a617-477c-9b86-a939e917baa8?sp=r&sv=2018-11-09&sr=b&spr=https&se=2025-07-17T07%3A04%3A01Z&rscd=attachment%3B+filename%3Dyellow_tripdata_2020-05.csv.gz&rsct=application%2Foctet-stream&skoid=96c2d410-5711-43a1-aedd-ab1947aa7ab0&sktid=398a6654-997b-47e9-b12b-9515b896b4de&skt=2025-07-17T06%3A03%3A50Z&ske=2025-07-17T07%3A04%3A01Z&sks=b&skv=2018-11-09&sig=oUr%2FEK9DEvCMvlZX45zQyIFQiC8nSAybrSUkFdhjM7A%3D&jwt=eyJ******&response-content-disposition=attachment%3B%20filename%3Dyellow_tripdata_2020-05.csv.gz&response-content-type=application%2Foctet-stream","logger":"airflow.task.hooks.airflow.providers.standard.hooks.subprocess.SubprocessHook"}
{"timestamp":"2025-07-17T06:28:49.791074","level":"info","event":"Resolving release-assets.githubusercontent.com (release-assets.githubusercontent.com)... 185.199.108.133, 185.199.109.133, 185.199.110.133, ...","logger":"airflow.task.hooks.airflow.providers.standard.hooks.subprocess.SubprocessHook"}
{"timestamp":"2025-07-17T06:28:49.801367","level":"info","event":"Connecting to release-assets.githubusercontent.com (release-assets.githubusercontent.com)|185.199.108.133|:443... connected.","logger":"airflow.task.hooks.airflow.providers.standard.hooks.subprocess.SubprocessHook"}
{"timestamp":"2025-07-17T06:28:50.123873","level":"info","event":"HTTP request sent, awaiting response... 200 OK","logger":"airflow.task.hooks.airflow.providers.standard.hooks.subprocess.SubprocessHook"}
{"timestamp":"2025-07-17T06:28:50.124405","level":"info","event":"Length: 6528512 (6.2M) [application/octet-stream]","logger":"airflow.task.hooks.airflow.providers.standard.hooks.subprocess.SubprocessHook"}
{"timestamp":"2025-07-17T06:28:50.124506","level":"info","event":"Saving to: ‘/opt/airflow/yellow_tripdata_2020-05.csv.gz’","logger":"airflow.task.hooks.airflow.providers.standard.hooks.subprocess.SubprocessHook"}
{"timestamp":"2025-07-17T06:28:50.124671","level":"info","event":"","logger":"airflow.task.hooks.airflow.providers.standard.hooks.subprocess.SubprocessHook"}
{"timestamp":"2025-07-17T06:28:50.134178","level":"info","event":"     0K .......... .......... .......... .......... ..........  0% 4.75M 1s","logger":"airflow.task.hooks.airflow.providers.standard.hooks.subprocess.SubprocessHook"}
{"timestamp":"2025-07-17T06:28:50.136854","level":"info","event":"    50K .......... .......... .......... .......... ..........  1% 17.3M 1s","logger":"airflow.task.hooks.airflow.providers.standard.hooks.subprocess.SubprocessHook"}
{"timestamp":"2025-07-17T06:28:50.141196","level":"info","event":"   100K .......... .......... .......... .......... ..........  2% 11.2M 1s","logger":"airflow.task.hooks.airflow.providers.standard.hooks.subprocess.SubprocessHook"}
{"timestamp":"2025-07-17T06:28:50.146514","level":"info","event":"   150K .......... .......... .......... .......... ..........  3% 10.8M 1s","logger":"airflow.task.hooks.airflow.providers.standard.hooks.subprocess.SubprocessHook"}
{"timestamp":"2025-07-17T06:28:50.150832","level":"info","event":"   200K .......... .......... .......... .......... ..........  3% 13.6M 1s","logger":"airflow.task.hooks.airflow.providers.standard.hooks.subprocess.SubprocessHook"}
{"timestamp":"2025-07-17T06:28:50.150947","level":"info","event":"   250K .......... .......... .......... .......... ..........  4% 32.8M 1s","logger":"airflow.task.hooks.airflow.providers.standard.hooks.subprocess.SubprocessHook"}
{"timestamp":"2025-07-17T06:28:50.152945","level":"info","event":"   300K .......... .......... .......... .......... ..........  5% 32.8M 0s","logger":"airflow.task.hooks.airflow.providers.standard.hooks.subprocess.SubprocessHook"}
{"timestamp":"2025-07-17T06:28:50.154832","level":"info","event":"   350K .......... .......... .......... .......... ..........  6% 23.7M 0s","logger":"airflow.task.hooks.airflow.providers.standard.hooks.subprocess.SubprocessHook"}
{"timestamp":"2025-07-17T06:28:50.162474","level":"info","event":"   400K .......... .......... .......... .......... ..........  7% 7.90M 0s","logger":"airflow.task.hooks.airflow.providers.standard.hooks.subprocess.SubprocessHook"}
{"timestamp":"2025-07-17T06:28:50.162576","level":"info","event":"   450K .......... .......... .......... .......... ..........  7%  125M 0s","logger":"airflow.task.hooks.airflow.providers.standard.hooks.subprocess.SubprocessHook"}
{"timestamp":"2025-07-17T06:28:50.165839","level":"info","event":"   500K .......... .......... .......... .......... ..........  8% 11.7M 0s","logger":"airflow.task.hooks.airflow.providers.standard.hooks.subprocess.SubprocessHook"}
{"timestamp":"2025-07-17T06:28:50.165929","level":"info","event":"   550K .......... .......... .......... .......... ..........  9%  180M 0s","logger":"airflow.task.hooks.airflow.providers.standard.hooks.subprocess.SubprocessHook"}
{"timestamp":"2025-07-17T06:28:50.166008","level":"info","event":"   600K .......... .......... .......... .......... .......... 10% 89.4M 0s","logger":"airflow.task.hooks.airflow.providers.standard.hooks.subprocess.SubprocessHook"}
{"timestamp":"2025-07-17T06:28:50.166036","level":"info","event":"   650K .......... .......... .......... .......... .......... 10%  263M 0s","logger":"airflow.task.hooks.airflow.providers.standard.hooks.subprocess.SubprocessHook"}
{"timestamp":"2025-07-17T06:28:50.168321","level":"info","event":"   700K .......... .......... .......... .......... .......... 11% 45.0M 0s","logger":"airflow.task.hooks.airflow.providers.standard.hooks.subprocess.SubprocessHook"}
{"timestamp":"2025-07-17T06:28:50.168451","level":"info","event":"   750K .......... .......... .......... .......... .......... 12% 65.7M 0s","logger":"airflow.task.hooks.airflow.providers.standard.hooks.subprocess.SubprocessHook"}
{"timestamp":"2025-07-17T06:28:50.168565","level":"info","event":"   800K .......... .......... .......... .......... .......... 13% 95.1M 0s","logger":"airflow.task.hooks.airflow.providers.standard.hooks.subprocess.SubprocessHook"}
{"timestamp":"2025-07-17T06:28:50.170365","level":"info","event":"   850K .......... .......... .......... .......... .......... 14%  112M 0s","logger":"airflow.task.hooks.airflow.providers.standard.hooks.subprocess.SubprocessHook"}
{"timestamp":"2025-07-17T06:28:50.172306","level":"info","event":"   900K .......... .......... .......... .......... .......... 14% 14.4M 0s","logger":"airflow.task.hooks.airflow.providers.standard.hooks.subprocess.SubprocessHook"}
{"timestamp":"2025-07-17T06:28:50.173884","level":"info","event":"   950K .......... .......... .......... .......... .......... 15% 44.9M 0s","logger":"airflow.task.hooks.airflow.providers.standard.hooks.subprocess.SubprocessHook"}
{"timestamp":"2025-07-17T06:28:50.173957","level":"info","event":"  1000K .......... .......... .......... .......... .......... 16%  112M 0s","logger":"airflow.task.hooks.airflow.providers.standard.hooks.subprocess.SubprocessHook"}
{"timestamp":"2025-07-17T06:28:50.179994","level":"info","event":"  1050K .......... .......... .......... .......... .......... 17% 17.4M 0s","logger":"airflow.task.hooks.airflow.providers.standard.hooks.subprocess.SubprocessHook"}
{"timestamp":"2025-07-17T06:28:50.180353","level":"info","event":"  1100K .......... .......... .......... .......... .......... 18% 33.4M 0s","logger":"airflow.task.hooks.airflow.providers.standard.hooks.subprocess.SubprocessHook"}
{"timestamp":"2025-07-17T06:28:50.180621","level":"info","event":"  1150K .......... .......... .......... .......... .......... 18% 39.3M 0s","logger":"airflow.task.hooks.airflow.providers.standard.hooks.subprocess.SubprocessHook"}
{"timestamp":"2025-07-17T06:28:50.182889","level":"info","event":"  1200K .......... .......... .......... .......... .......... 19% 13.5M 0s","logger":"airflow.task.hooks.airflow.providers.standard.hooks.subprocess.SubprocessHook"}
{"timestamp":"2025-07-17T06:28:50.183247","level":"info","event":"  1250K .......... .......... .......... .......... .......... 20%  232M 0s","logger":"airflow.task.hooks.airflow.providers.standard.hooks.subprocess.SubprocessHook"}
{"timestamp":"2025-07-17T06:28:50.183433","level":"info","event":"  1300K .......... .......... .......... .......... .......... 21%  215M 0s","logger":"airflow.task.hooks.airflow.providers.standard.hooks.subprocess.SubprocessHook"}
{"timestamp":"2025-07-17T06:28:50.183526","level":"info","event":"  1350K .......... .......... .......... .......... .......... 21%  239M 0s","logger":"airflow.task.hooks.airflow.providers.standard.hooks.subprocess.SubprocessHook"}
{"timestamp":"2025-07-17T06:28:50.184752","level":"info","event":"  1400K .......... .......... .......... .......... .......... 22% 49.1M 0s","logger":"airflow.task.hooks.airflow.providers.standard.hooks.subprocess.SubprocessHook"}
{"timestamp":"2025-07-17T06:28:50.186534","level":"info","event":"  1450K .......... .......... .......... .......... .......... 23% 32.6M 0s","logger":"airflow.task.hooks.airflow.providers.standard.hooks.subprocess.SubprocessHook"}
{"timestamp":"2025-07-17T06:28:50.186635","level":"info","event":"  1500K .......... .......... .......... .......... .......... 24%  204M 0s","logger":"airflow.task.hooks.airflow.providers.standard.hooks.subprocess.SubprocessHook"}
{"timestamp":"2025-07-17T06:28:50.187764","level":"info","event":"  1550K .......... .......... .......... .......... .......... 25% 33.7M 0s","logger":"airflow.task.hooks.airflow.providers.standard.hooks.subprocess.SubprocessHook"}
{"timestamp":"2025-07-17T06:28:50.187873","level":"info","event":"  1600K .......... .......... .......... .......... .......... 25%  217M 0s","logger":"airflow.task.hooks.airflow.providers.standard.hooks.subprocess.SubprocessHook"}
{"timestamp":"2025-07-17T06:28:50.190916","level":"info","event":"  1650K .......... .......... .......... .......... .......... 26% 32.7M 0s","logger":"airflow.task.hooks.airflow.providers.standard.hooks.subprocess.SubprocessHook"}
{"timestamp":"2025-07-17T06:28:50.191188","level":"info","event":"  1700K .......... .......... .......... .......... .......... 27%  223M 0s","logger":"airflow.task.hooks.airflow.providers.standard.hooks.subprocess.SubprocessHook"}
{"timestamp":"2025-07-17T06:28:50.191396","level":"info","event":"  1750K .......... .......... .......... .......... .......... 28%  109M 0s","logger":"airflow.task.hooks.airflow.providers.standard.hooks.subprocess.SubprocessHook"}
{"timestamp":"2025-07-17T06:28:50.191443","level":"info","event":"  1800K .......... .......... .......... .......... .......... 29% 52.7M 0s","logger":"airflow.task.hooks.airflow.providers.standard.hooks.subprocess.SubprocessHook"}
{"timestamp":"2025-07-17T06:28:50.191479","level":"info","event":"  1850K .......... .......... .......... .......... .......... 29%  263M 0s","logger":"airflow.task.hooks.airflow.providers.standard.hooks.subprocess.SubprocessHook"}
{"timestamp":"2025-07-17T06:28:50.191507","level":"info","event":"  1900K .......... .......... .......... .......... .......... 30%  299M 0s","logger":"airflow.task.hooks.airflow.providers.standard.hooks.subprocess.SubprocessHook"}
{"timestamp":"2025-07-17T06:28:50.193917","level":"info","event":"  1950K .......... .......... .......... .......... .......... 31% 23.6M 0s","logger":"airflow.task.hooks.airflow.providers.standard.hooks.subprocess.SubprocessHook"}
{"timestamp":"2025-07-17T06:28:50.194212","level":"info","event":"  2000K .......... .......... .......... .......... .......... 32%  112M 0s","logger":"airflow.task.hooks.airflow.providers.standard.hooks.subprocess.SubprocessHook"}
{"timestamp":"2025-07-17T06:28:50.194302","level":"info","event":"  2050K .......... .......... .......... .......... .......... 32%  154M 0s","logger":"airflow.task.hooks.airflow.providers.standard.hooks.subprocess.SubprocessHook"}
{"timestamp":"2025-07-17T06:28:50.195625","level":"info","event":"  2100K .......... .......... .......... .......... .......... 33% 53.9M 0s","logger":"airflow.task.hooks.airflow.providers.standard.hooks.subprocess.SubprocessHook"}
{"timestamp":"2025-07-17T06:28:50.195715","level":"info","event":"  2150K .......... .......... .......... .......... .......... 34%  160M 0s","logger":"airflow.task.hooks.airflow.providers.standard.hooks.subprocess.SubprocessHook"}
{"timestamp":"2025-07-17T06:28:50.197545","level":"info","event":"  2200K .......... .......... .......... .......... .......... 35% 23.7M 0s","logger":"airflow.task.hooks.airflow.providers.standard.hooks.subprocess.SubprocessHook"}
{"timestamp":"2025-07-17T06:28:50.197997","level":"info","event":"  2250K .......... .......... .......... .......... .......... 36% 93.7M 0s","logger":"airflow.task.hooks.airflow.providers.standard.hooks.subprocess.SubprocessHook"}
{"timestamp":"2025-07-17T06:28:50.198214","level":"info","event":"  2300K .......... .......... .......... .......... .......... 36%  228M 0s","logger":"airflow.task.hooks.airflow.providers.standard.hooks.subprocess.SubprocessHook"}
{"timestamp":"2025-07-17T06:28:50.198608","level":"info","event":"  2350K .......... .......... .......... .......... .......... 37%  106M 0s","logger":"airflow.task.hooks.airflow.providers.standard.hooks.subprocess.SubprocessHook"}
{"timestamp":"2025-07-17T06:28:50.198867","level":"info","event":"  2400K .......... .......... .......... .......... .......... 38%  178M 0s","logger":"airflow.task.hooks.airflow.providers.standard.hooks.subprocess.SubprocessHook"}
{"timestamp":"2025-07-17T06:28:50.199813","level":"info","event":"  2450K .......... .......... .......... .......... .......... 39%  123M 0s","logger":"airflow.task.hooks.airflow.providers.standard.hooks.subprocess.SubprocessHook"}
{"timestamp":"2025-07-17T06:28:50.199855","level":"info","event":"  2500K .......... .......... .......... .......... .......... 39%  101M 0s","logger":"airflow.task.hooks.airflow.providers.standard.hooks.subprocess.SubprocessHook"}
{"timestamp":"2025-07-17T06:28:50.212662","level":"info","event":"  2550K .......... .......... .......... .......... .......... 40% 3.87M 0s","logger":"airflow.task.hooks.airflow.providers.standard.hooks.subprocess.SubprocessHook"}
{"timestamp":"2025-07-17T06:28:50.213162","level":"info","event":"  2600K .......... .......... .......... .......... .......... 41% 94.9M 0s","logger":"airflow.task.hooks.airflow.providers.standard.hooks.subprocess.SubprocessHook"}
{"timestamp":"2025-07-17T06:28:50.213722","level":"info","event":"  2650K .......... .......... .......... .......... .......... 42%  107M 0s","logger":"airflow.task.hooks.airflow.providers.standard.hooks.subprocess.SubprocessHook"}
{"timestamp":"2025-07-17T06:28:50.213966","level":"info","event":"  2700K .......... .......... .......... .......... .......... 43%  183M 0s","logger":"airflow.task.hooks.airflow.providers.standard.hooks.subprocess.SubprocessHook"}
{"timestamp":"2025-07-17T06:28:50.214033","level":"info","event":"  2750K .......... .......... .......... .......... .......... 43%  178M 0s","logger":"airflow.task.hooks.airflow.providers.standard.hooks.subprocess.SubprocessHook"}
{"timestamp":"2025-07-17T06:28:50.214081","level":"info","event":"  2800K .......... .......... .......... .......... .......... 44%  273M 0s","logger":"airflow.task.hooks.airflow.providers.standard.hooks.subprocess.SubprocessHook"}
{"timestamp":"2025-07-17T06:28:50.214435","level":"info","event":"  2850K .......... .......... .......... .......... .......... 45%  172M 0s","logger":"airflow.task.hooks.airflow.providers.standard.hooks.subprocess.SubprocessHook"}
{"timestamp":"2025-07-17T06:28:50.218326","level":"info","event":"  2900K .......... .......... .......... .......... .......... 46% 13.8M 0s","logger":"airflow.task.hooks.airflow.providers.standard.hooks.subprocess.SubprocessHook"}
{"timestamp":"2025-07-17T06:28:50.218885","level":"info","event":"  2950K .......... .......... .......... .......... .......... 47% 56.7M 0s","logger":"airflow.task.hooks.airflow.providers.standard.hooks.subprocess.SubprocessHook"}
{"timestamp":"2025-07-17T06:28:50.219158","level":"info","event":"  3000K .......... .......... .......... .......... .......... 47%  177M 0s","logger":"airflow.task.hooks.airflow.providers.standard.hooks.subprocess.SubprocessHook"}
{"timestamp":"2025-07-17T06:28:50.220261","level":"info","event":"  3050K .......... .......... .......... .......... .......... 48% 50.3M 0s","logger":"airflow.task.hooks.airflow.providers.standard.hooks.subprocess.SubprocessHook"}
{"timestamp":"2025-07-17T06:28:50.221841","level":"info","event":"  3100K .......... .......... .......... .......... .......... 49% 68.7M 0s","logger":"airflow.task.hooks.airflow.providers.standard.hooks.subprocess.SubprocessHook"}
{"timestamp":"2025-07-17T06:28:50.223054","level":"info","event":"  3150K .......... .......... .......... .......... .......... 50%  156M 0s","logger":"airflow.task.hooks.airflow.providers.standard.hooks.subprocess.SubprocessHook"}
{"timestamp":"2025-07-17T06:28:50.223141","level":"info","event":"  3200K .......... .......... .......... .......... .......... 50% 46.8M 0s","logger":"airflow.task.hooks.airflow.providers.standard.hooks.subprocess.SubprocessHook"}
{"timestamp":"2025-07-17T06:28:50.223694","level":"info","event":"  3250K .......... .......... .......... .......... .......... 51% 31.5M 0s","logger":"airflow.task.hooks.airflow.providers.standard.hooks.subprocess.SubprocessHook"}
{"timestamp":"2025-07-17T06:28:50.224800","level":"info","event":"  3300K .......... .......... .......... .......... .......... 52% 45.0M 0s","logger":"airflow.task.hooks.airflow.providers.standard.hooks.subprocess.SubprocessHook"}
{"timestamp":"2025-07-17T06:28:50.226471","level":"info","event":"  3350K .......... .......... .......... .......... .......... 53% 29.8M 0s","logger":"airflow.task.hooks.airflow.providers.standard.hooks.subprocess.SubprocessHook"}
{"timestamp":"2025-07-17T06:28:50.226541","level":"info","event":"  3400K .......... .......... .......... .......... .......... 54%  217M 0s","logger":"airflow.task.hooks.airflow.providers.standard.hooks.subprocess.SubprocessHook"}
{"timestamp":"2025-07-17T06:28:50.226986","level":"info","event":"  3450K .......... .......... .......... .......... .......... 54%  246M 0s","logger":"airflow.task.hooks.airflow.providers.standard.hooks.subprocess.SubprocessHook"}
{"timestamp":"2025-07-17T06:28:50.227026","level":"info","event":"  3500K .......... .......... .......... .......... .......... 55%  209M 0s","logger":"airflow.task.hooks.airflow.providers.standard.hooks.subprocess.SubprocessHook"}
{"timestamp":"2025-07-17T06:28:50.228428","level":"info","event":"  3550K .......... .......... .......... .......... .......... 56% 42.5M 0s","logger":"airflow.task.hooks.airflow.providers.standard.hooks.subprocess.SubprocessHook"}
{"timestamp":"2025-07-17T06:28:50.228574","level":"info","event":"  3600K .......... .......... .......... .......... .......... 57%  119M 0s","logger":"airflow.task.hooks.airflow.providers.standard.hooks.subprocess.SubprocessHook"}
{"timestamp":"2025-07-17T06:28:50.230517","level":"info","event":"  3650K .......... .......... .......... .......... .......... 58% 86.9M 0s","logger":"airflow.task.hooks.airflow.providers.standard.hooks.subprocess.SubprocessHook"}
{"timestamp":"2025-07-17T06:28:50.230624","level":"info","event":"  3700K .......... .......... .......... .......... .......... 58%  211M 0s","logger":"airflow.task.hooks.airflow.providers.standard.hooks.subprocess.SubprocessHook"}
{"timestamp":"2025-07-17T06:28:50.230680","level":"info","event":"  3750K .......... .......... .......... .......... .......... 59%  206M 0s","logger":"airflow.task.hooks.airflow.providers.standard.hooks.subprocess.SubprocessHook"}
{"timestamp":"2025-07-17T06:28:50.230723","level":"info","event":"  3800K .......... .......... .......... .......... .......... 60%  157M 0s","logger":"airflow.task.hooks.airflow.providers.standard.hooks.subprocess.SubprocessHook"}
{"timestamp":"2025-07-17T06:28:50.230763","level":"info","event":"  3850K .......... .......... .......... .......... .......... 61%  236M 0s","logger":"airflow.task.hooks.airflow.providers.standard.hooks.subprocess.SubprocessHook"}
{"timestamp":"2025-07-17T06:28:50.230796","level":"info","event":"  3900K .......... .......... .......... .......... .......... 61%  158M 0s","logger":"airflow.task.hooks.airflow.providers.standard.hooks.subprocess.SubprocessHook"}
{"timestamp":"2025-07-17T06:28:50.232323","level":"info","event":"  3950K .......... .......... .......... .......... .......... 62% 47.9M 0s","logger":"airflow.task.hooks.airflow.providers.standard.hooks.subprocess.SubprocessHook"}
{"timestamp":"2025-07-17T06:28:50.232721","level":"info","event":"  4000K .......... .......... .......... .......... .......... 63% 89.0M 0s","logger":"airflow.task.hooks.airflow.providers.standard.hooks.subprocess.SubprocessHook"}
{"timestamp":"2025-07-17T06:28:50.232964","level":"info","event":"  4050K .......... .......... .......... .......... .......... 64% 48.1M 0s","logger":"airflow.task.hooks.airflow.providers.standard.hooks.subprocess.SubprocessHook"}
{"timestamp":"2025-07-17T06:28:50.234105","level":"info","event":"  4100K .......... .......... .......... .......... .......... 65%  172M 0s","logger":"airflow.task.hooks.airflow.providers.standard.hooks.subprocess.SubprocessHook"}
{"timestamp":"2025-07-17T06:28:50.234318","level":"info","event":"  4150K .......... .......... .......... .......... .......... 65%  240M 0s","logger":"airflow.task.hooks.airflow.providers.standard.hooks.subprocess.SubprocessHook"}
{"timestamp":"2025-07-17T06:28:50.234397","level":"info","event":"  4200K .......... .......... .......... .......... .......... 66%  121M 0s","logger":"airflow.task.hooks.airflow.providers.standard.hooks.subprocess.SubprocessHook"}
{"timestamp":"2025-07-17T06:28:50.234946","level":"info","event":"  4250K .......... .......... .......... .......... .......... 67% 45.7M 0s","logger":"airflow.task.hooks.airflow.providers.standard.hooks.subprocess.SubprocessHook"}
{"timestamp":"2025-07-17T06:28:50.235470","level":"info","event":"  4300K .......... .......... .......... .......... .......... 68%  229M 0s","logger":"airflow.task.hooks.airflow.providers.standard.hooks.subprocess.SubprocessHook"}
{"timestamp":"2025-07-17T06:28:50.235546","level":"info","event":"  4350K .......... .......... .......... .......... .......... 69%  184M 0s","logger":"airflow.task.hooks.airflow.providers.standard.hooks.subprocess.SubprocessHook"}
{"timestamp":"2025-07-17T06:28:50.236305","level":"info","event":"  4400K .......... .......... .......... .......... .......... 69% 62.6M 0s","logger":"airflow.task.hooks.airflow.providers.standard.hooks.subprocess.SubprocessHook"}
{"timestamp":"2025-07-17T06:28:50.236407","level":"info","event":"  4450K .......... .......... .......... .......... .......... 70%  251M 0s","logger":"airflow.task.hooks.airflow.providers.standard.hooks.subprocess.SubprocessHook"}
{"timestamp":"2025-07-17T06:28:50.239654","level":"info","event":"  4500K .......... .......... .......... .......... .......... 71% 22.0M 0s","logger":"airflow.task.hooks.airflow.providers.standard.hooks.subprocess.SubprocessHook"}
{"timestamp":"2025-07-17T06:28:50.239997","level":"info","event":"  4550K .......... .......... .......... .......... .......... 72% 37.3M 0s","logger":"airflow.task.hooks.airflow.providers.standard.hooks.subprocess.SubprocessHook"}
{"timestamp":"2025-07-17T06:28:50.240453","level":"info","event":"  4600K .......... .......... .......... .......... .......... 72%  134M 0s","logger":"airflow.task.hooks.airflow.providers.standard.hooks.subprocess.SubprocessHook"}
{"timestamp":"2025-07-17T06:28:50.240872","level":"info","event":"  4650K .......... .......... .......... .......... .......... 73% 82.1M 0s","logger":"airflow.task.hooks.airflow.providers.standard.hooks.subprocess.SubprocessHook"}
{"timestamp":"2025-07-17T06:28:50.241489","level":"info","event":"  4700K .......... .......... .......... .......... .......... 74% 90.0M 0s","logger":"airflow.task.hooks.airflow.providers.standard.hooks.subprocess.SubprocessHook"}
{"timestamp":"2025-07-17T06:28:50.242373","level":"info","event":"  4750K .......... .......... .......... .......... .......... 75% 73.2M 0s","logger":"airflow.task.hooks.airflow.providers.standard.hooks.subprocess.SubprocessHook"}
{"timestamp":"2025-07-17T06:28:50.242523","level":"info","event":"  4800K .......... .......... .......... .......... .......... 76%  197M 0s","logger":"airflow.task.hooks.airflow.providers.standard.hooks.subprocess.SubprocessHook"}
{"timestamp":"2025-07-17T06:28:50.244130","level":"info","event":"  4850K .......... .......... .......... .......... .......... 76% 34.0M 0s","logger":"airflow.task.hooks.airflow.providers.standard.hooks.subprocess.SubprocessHook"}
{"timestamp":"2025-07-17T06:28:50.245005","level":"info","event":"  4900K .......... .......... .......... .......... .......... 77% 72.2M 0s","logger":"airflow.task.hooks.airflow.providers.standard.hooks.subprocess.SubprocessHook"}
{"timestamp":"2025-07-17T06:28:50.245092","level":"info","event":"  4950K .......... .......... .......... .......... .......... 78%  188M 0s","logger":"airflow.task.hooks.airflow.providers.standard.hooks.subprocess.SubprocessHook"}
{"timestamp":"2025-07-17T06:28:50.245155","level":"info","event":"  5000K .......... .......... .......... .......... .......... 79%  237M 0s","logger":"airflow.task.hooks.airflow.providers.standard.hooks.subprocess.SubprocessHook"}
{"timestamp":"2025-07-17T06:28:50.245293","level":"info","event":"  5050K .......... .......... .......... .......... .......... 79%  280M 0s","logger":"airflow.task.hooks.airflow.providers.standard.hooks.subprocess.SubprocessHook"}
{"timestamp":"2025-07-17T06:28:50.245990","level":"info","event":"  5100K .......... .......... .......... .......... .......... 80% 67.8M 0s","logger":"airflow.task.hooks.airflow.providers.standard.hooks.subprocess.SubprocessHook"}
{"timestamp":"2025-07-17T06:28:50.246268","level":"info","event":"  5150K .......... .......... .......... .......... .......... 81%  128M 0s","logger":"airflow.task.hooks.airflow.providers.standard.hooks.subprocess.SubprocessHook"}
{"timestamp":"2025-07-17T06:28:50.247520","level":"info","event":"  5200K .......... .......... .......... .......... .......... 82% 49.7M 0s","logger":"airflow.task.hooks.airflow.providers.standard.hooks.subprocess.SubprocessHook"}
{"timestamp":"2025-07-17T06:28:50.248009","level":"info","event":"  5250K .......... .......... .......... .......... .......... 83% 58.9M 0s","logger":"airflow.task.hooks.airflow.providers.standard.hooks.subprocess.SubprocessHook"}
{"timestamp":"2025-07-17T06:28:50.248371","level":"info","event":"  5300K .......... .......... .......... .......... .......... 83%  148M 0s","logger":"airflow.task.hooks.airflow.providers.standard.hooks.subprocess.SubprocessHook"}
{"timestamp":"2025-07-17T06:28:50.249072","level":"info","event":"  5350K .......... .......... .......... .......... .......... 84% 73.8M 0s","logger":"airflow.task.hooks.airflow.providers.standard.hooks.subprocess.SubprocessHook"}
{"timestamp":"2025-07-17T06:28:50.249409","level":"info","event":"  5400K .......... .......... .......... .......... .......... 85%  223M 0s","logger":"airflow.task.hooks.airflow.providers.standard.hooks.subprocess.SubprocessHook"}
{"timestamp":"2025-07-17T06:28:50.249477","level":"info","event":"  5450K .......... .......... .......... .......... .......... 86%  273M 0s","logger":"airflow.task.hooks.airflow.providers.standard.hooks.subprocess.SubprocessHook"}
{"timestamp":"2025-07-17T06:28:50.249984","level":"info","event":"  5500K .......... .......... .......... .......... .......... 87%  202M 0s","logger":"airflow.task.hooks.airflow.providers.standard.hooks.subprocess.SubprocessHook"}
{"timestamp":"2025-07-17T06:28:50.251350","level":"info","event":"  5550K .......... .......... .......... .......... .......... 87% 44.4M 0s","logger":"airflow.task.hooks.airflow.providers.standard.hooks.subprocess.SubprocessHook"}
{"timestamp":"2025-07-17T06:28:50.253995","level":"info","event":"  5600K .......... .......... .......... .......... .......... 88% 23.8M 0s","logger":"airflow.task.hooks.airflow.providers.standard.hooks.subprocess.SubprocessHook"}
{"timestamp":"2025-07-17T06:28:50.254079","level":"info","event":"  5650K .......... .......... .......... .......... .......... 89%  156M 0s","logger":"airflow.task.hooks.airflow.providers.standard.hooks.subprocess.SubprocessHook"}
{"timestamp":"2025-07-17T06:28:50.254118","level":"info","event":"  5700K .......... .......... .......... .......... .......... 90%  150M 0s","logger":"airflow.task.hooks.airflow.providers.standard.hooks.subprocess.SubprocessHook"}
{"timestamp":"2025-07-17T06:28:50.254168","level":"info","event":"  5750K .......... .......... .......... .......... .......... 90%  234M 0s","logger":"airflow.task.hooks.airflow.providers.standard.hooks.subprocess.SubprocessHook"}
{"timestamp":"2025-07-17T06:28:50.254210","level":"info","event":"  5800K .......... .......... .......... .......... .......... 91%  252M 0s","logger":"airflow.task.hooks.airflow.providers.standard.hooks.subprocess.SubprocessHook"}
{"timestamp":"2025-07-17T06:28:50.255359","level":"info","event":"  5850K .......... .......... .......... .......... .......... 92% 36.2M 0s","logger":"airflow.task.hooks.airflow.providers.standard.hooks.subprocess.SubprocessHook"}
{"timestamp":"2025-07-17T06:28:50.255445","level":"info","event":"  5900K .......... .......... .......... .......... .......... 93%  247M 0s","logger":"airflow.task.hooks.airflow.providers.standard.hooks.subprocess.SubprocessHook"}
{"timestamp":"2025-07-17T06:28:50.256330","level":"info","event":"  5950K .......... .......... .......... .......... .......... 94%  144M 0s","logger":"airflow.task.hooks.airflow.providers.standard.hooks.subprocess.SubprocessHook"}
{"timestamp":"2025-07-17T06:28:50.256396","level":"info","event":"  6000K .......... .......... .......... .......... .......... 94%  225M 0s","logger":"airflow.task.hooks.airflow.providers.standard.hooks.subprocess.SubprocessHook"}
{"timestamp":"2025-07-17T06:28:50.256425","level":"info","event":"  6050K .......... .......... .......... .......... .......... 95%  219M 0s","logger":"airflow.task.hooks.airflow.providers.standard.hooks.subprocess.SubprocessHook"}
{"timestamp":"2025-07-17T06:28:50.256449","level":"info","event":"  6100K .......... .......... .......... .......... .......... 96%  150M 0s","logger":"airflow.task.hooks.airflow.providers.standard.hooks.subprocess.SubprocessHook"}
{"timestamp":"2025-07-17T06:28:50.256702","level":"info","event":"  6150K .......... .......... .......... .......... .......... 97%  198M 0s","logger":"airflow.task.hooks.airflow.providers.standard.hooks.subprocess.SubprocessHook"}
{"timestamp":"2025-07-17T06:28:50.257020","level":"info","event":"  6200K .......... .......... .......... .......... .......... 98%  186M 0s","logger":"airflow.task.hooks.airflow.providers.standard.hooks.subprocess.SubprocessHook"}
{"timestamp":"2025-07-17T06:28:50.257251","level":"info","event":"  6250K .......... .......... .......... .......... .......... 98%  182M 0s","logger":"airflow.task.hooks.airflow.providers.standard.hooks.subprocess.SubprocessHook"}
{"timestamp":"2025-07-17T06:28:50.257681","level":"info","event":"  6300K .......... .......... .......... .......... .......... 99%  199M 0s","logger":"airflow.task.hooks.airflow.providers.standard.hooks.subprocess.SubprocessHook"}
{"timestamp":"2025-07-17T06:28:50.257788","level":"info","event":"  6350K .......... .......... .....                           100%  328M=0.1s","logger":"airflow.task.hooks.airflow.providers.standard.hooks.subprocess.SubprocessHook"}
{"timestamp":"2025-07-17T06:28:50.257871","level":"info","event":"","logger":"airflow.task.hooks.airflow.providers.standard.hooks.subprocess.SubprocessHook"}
{"timestamp":"2025-07-17T06:28:50.257932","level":"info","event":"2025-07-17 06:28:50 (46.5 MB/s) - ‘/opt/airflow/yellow_tripdata_2020-05.csv.gz’ saved [6528512/6528512]","logger":"airflow.task.hooks.airflow.providers.standard.hooks.subprocess.SubprocessHook"}
{"timestamp":"2025-07-17T06:28:50.258004","level":"info","event":"","logger":"airflow.task.hooks.airflow.providers.standard.hooks.subprocess.SubprocessHook"}
{"timestamp":"2025-07-17T06:28:50.498109","level":"info","event":"Command exited with return code 0","logger":"airflow.task.hooks.airflow.providers.standard.hooks.subprocess.SubprocessHook"}
{"timestamp":"2025-07-17T06:28:50.506902","level":"info","event":"Pushing xcom","ti":"RuntimeTaskInstance(id=UUID('01981712-3bd8-7323-9ff8-5dbeb0742c9b'), task_id='wget_trips_csvgz', dag_id='local_ingestion_pg_yellow', run_id='scheduled__2020-05-02T06:00:00+00:00', try_number=1, map_index=-1, hostname='3f7f1d329e72', context_carrier={}, task=<Task(BashOperator): wget_trips_csvgz>, bundle_instance=LocalDagBundle(name=dags-folder), max_tries=0, start_date=datetime.datetime(2025, 7, 17, 6, 28, 47, 889711, tzinfo=TzInfo(UTC)), end_date=None, state=<TaskInstanceState.RUNNING: 'running'>, is_mapped=False, rendered_map_index=None)","logger":"task"}
{"timestamp":"2025-07-17T07:55:19.162770","level":"info","event":"DAG bundles loaded: dags-folder","logger":"airflow.dag_processing.bundles.manager.DagBundlesManager"}
{"timestamp":"2025-07-17T07:55:19.163519","level":"info","event":"Filling up the DagBag from /opt/airflow/dags/data_ingestion_localpg_dag.py","logger":"airflow.models.dagbag.DagBag"}
{"timestamp":"2025-07-17T07:55:19.586834","level":"info","event":"Tmp dir root location: /tmp","logger":"airflow.task.hooks.airflow.providers.standard.hooks.subprocess.SubprocessHook"}
{"timestamp":"2025-07-17T07:55:19.588612","level":"info","event":"Running command: ['/usr/bin/bash', '-c', 'wget https://github.com/DataTalksClub/nyc-tlc-data/releases/download/green/yellow_tripdata_2020-05.csv.gz -O /opt/airflow/yellow_tripdata_2020-05.csv.gz && gunzip -f /opt/airflow/yellow_tripdata_2020-05.csv.gz || rm -f /opt/airflow/yellow_tripdata_2020-05.csv.gz']","logger":"airflow.task.hooks.airflow.providers.standard.hooks.subprocess.SubprocessHook"}
{"timestamp":"2025-07-17T07:55:19.618414","level":"info","event":"Output:","logger":"airflow.task.hooks.airflow.providers.standard.hooks.subprocess.SubprocessHook"}
{"timestamp":"2025-07-17T07:55:19.632609","level":"info","event":"--2025-07-17 07:55:19--  https://github.com/DataTalksClub/nyc-tlc-data/releases/download/green/yellow_tripdata_2020-05.csv.gz","logger":"airflow.task.hooks.airflow.providers.standard.hooks.subprocess.SubprocessHook"}
{"timestamp":"2025-07-17T07:55:19.653494","level":"info","event":"Resolving github.com (github.com)... 20.205.243.166","logger":"airflow.task.hooks.airflow.providers.standard.hooks.subprocess.SubprocessHook"}
{"timestamp":"2025-07-17T07:55:19.667454","level":"info","event":"Connecting to github.com (github.com)|20.205.243.166|:443... connected.","logger":"airflow.task.hooks.airflow.providers.standard.hooks.subprocess.SubprocessHook"}
{"timestamp":"2025-07-17T07:55:20.042075","level":"info","event":"HTTP request sent, awaiting response... 404 Not Found","logger":"airflow.task.hooks.airflow.providers.standard.hooks.subprocess.SubprocessHook"}
{"timestamp":"2025-07-17T07:55:20.042694","level":"info","event":"2025-07-17 07:55:20 ERROR 404: Not Found.","logger":"airflow.task.hooks.airflow.providers.standard.hooks.subprocess.SubprocessHook"}
{"timestamp":"2025-07-17T07:55:20.043029","level":"info","event":"","logger":"airflow.task.hooks.airflow.providers.standard.hooks.subprocess.SubprocessHook"}
{"timestamp":"2025-07-17T07:55:20.049218","level":"info","event":"Command exited with return code 0","logger":"airflow.task.hooks.airflow.providers.standard.hooks.subprocess.SubprocessHook"}
{"timestamp":"2025-07-17T07:55:20.050865","level":"info","event":"Pushing xcom","ti":"RuntimeTaskInstance(id=UUID('01981761-711b-7309-aa76-1a8f8b03cf89'), task_id='wget_trips_csvgz', dag_id='local_ingestion_pg_yellow', run_id='scheduled__2020-05-02T06:00:00+00:00', try_number=1, map_index=-1, hostname='3f7f1d329e72', context_carrier={}, task=<Task(BashOperator): wget_trips_csvgz>, bundle_instance=LocalDagBundle(name=dags-folder), max_tries=0, start_date=datetime.datetime(2025, 7, 17, 7, 55, 18, 845315, tzinfo=TzInfo(UTC)), end_date=None, state=<TaskInstanceState.RUNNING: 'running'>, is_mapped=False, rendered_map_index=None)","logger":"task"}
