{"timestamp":"2025-07-13T15:49:06.481372","level":"info","event":"DAG bundles loaded: dags-folder","logger":"airflow.dag_processing.bundles.manager.DagBundlesManager"}
{"timestamp":"2025-07-13T15:49:06.481963","level":"info","event":"Filling up the DagBag from /opt/airflow/dags/data_ingestion_localpg_dag.py","logger":"airflow.models.dagbag.DagBag"}
{"timestamp":"2025-07-13T15:49:06.495506","level":"info","event":"Tmp dir root location: /tmp","logger":"airflow.task.hooks.airflow.providers.standard.hooks.subprocess.SubprocessHook"}
{"timestamp":"2025-07-13T15:49:06.496157","level":"info","event":"Running command: ['/usr/bin/bash', '-c', \"wget https://github.com/DataTalksClub/nyc-tlc-data/releases/download/yellow/yellow_tripdata_2022-12.csv.gz -O /opt/airflow/yellow_tripdata_2022-12.csv.gz && gunzip yellow_tripdata_2022-12.csv.gz || echo 'invalid folder download link'\"]","logger":"airflow.task.hooks.airflow.providers.standard.hooks.subprocess.SubprocessHook"}
{"timestamp":"2025-07-13T15:49:06.509718","level":"info","event":"Output:","logger":"airflow.task.hooks.airflow.providers.standard.hooks.subprocess.SubprocessHook"}
{"timestamp":"2025-07-13T15:49:06.514504","level":"info","event":"--2025-07-13 15:49:06--  https://github.com/DataTalksClub/nyc-tlc-data/releases/download/yellow/yellow_tripdata_2022-12.csv.gz","logger":"airflow.task.hooks.airflow.providers.standard.hooks.subprocess.SubprocessHook"}
{"timestamp":"2025-07-13T15:49:06.531148","level":"info","event":"Resolving github.com (github.com)... 20.205.243.166","logger":"airflow.task.hooks.airflow.providers.standard.hooks.subprocess.SubprocessHook"}
{"timestamp":"2025-07-13T15:49:06.542749","level":"info","event":"Connecting to github.com (github.com)|20.205.243.166|:443... connected.","logger":"airflow.task.hooks.airflow.providers.standard.hooks.subprocess.SubprocessHook"}
{"timestamp":"2025-07-13T15:49:07.166290","level":"info","event":"HTTP request sent, awaiting response... 404 Not Found","logger":"airflow.task.hooks.airflow.providers.standard.hooks.subprocess.SubprocessHook"}
{"timestamp":"2025-07-13T15:49:07.166606","level":"info","event":"2025-07-13 15:49:07 ERROR 404: Not Found.","logger":"airflow.task.hooks.airflow.providers.standard.hooks.subprocess.SubprocessHook"}
{"timestamp":"2025-07-13T15:49:07.166675","level":"info","event":"","logger":"airflow.task.hooks.airflow.providers.standard.hooks.subprocess.SubprocessHook"}
{"timestamp":"2025-07-13T15:49:07.167933","level":"info","event":"invalid folder download link","logger":"airflow.task.hooks.airflow.providers.standard.hooks.subprocess.SubprocessHook"}
{"timestamp":"2025-07-13T15:49:07.168104","level":"info","event":"Command exited with return code 0","logger":"airflow.task.hooks.airflow.providers.standard.hooks.subprocess.SubprocessHook"}
{"timestamp":"2025-07-13T15:49:07.168854","level":"info","event":"Pushing xcom","ti":"RuntimeTaskInstance(id=UUID('01980479-c557-74ab-9995-08063ed57685'), task_id='wget_trips_csvgz', dag_id='local_ingestion_pg', run_id='scheduled__2022-12-02T06:00:00+00:00', try_number=1, map_index=-1, hostname='bcfb6bdbe20d', context_carrier={}, task=<Task(BashOperator): wget_trips_csvgz>, bundle_instance=LocalDagBundle(name=dags-folder), max_tries=0, start_date=datetime.datetime(2025, 7, 13, 15, 49, 6, 218389, tzinfo=TzInfo(UTC)), end_date=None, state=<TaskInstanceState.RUNNING: 'running'>, is_mapped=False, rendered_map_index=None)","logger":"task"}
{"timestamp":"2025-07-13T16:06:26.819146","level":"info","event":"DAG bundles loaded: dags-folder","logger":"airflow.dag_processing.bundles.manager.DagBundlesManager"}
{"timestamp":"2025-07-13T16:06:26.820248","level":"info","event":"Filling up the DagBag from /opt/airflow/dags/data_ingestion_localpg_dag.py","logger":"airflow.models.dagbag.DagBag"}
{"timestamp":"2025-07-13T16:06:27.243895","level":"info","event":"Tmp dir root location: /tmp","logger":"airflow.task.hooks.airflow.providers.standard.hooks.subprocess.SubprocessHook"}
{"timestamp":"2025-07-13T16:06:27.244854","level":"info","event":"Running command: ['/usr/bin/bash', '-c', \"wget https://github.com/DataTalksClub/nyc-tlc-data/releases/download/yellow/yellow_tripdata_2022-12.csv.gz -O /opt/airflow/yellow_tripdata_2022-12.csv.gz && gunzip -f /opt/airflow/yellow_tripdata_2022-12.csv.gz || echo 'invalid folder download link'\"]","logger":"airflow.task.hooks.airflow.providers.standard.hooks.subprocess.SubprocessHook"}
{"timestamp":"2025-07-13T16:06:27.257024","level":"info","event":"Output:","logger":"airflow.task.hooks.airflow.providers.standard.hooks.subprocess.SubprocessHook"}
{"timestamp":"2025-07-13T16:06:27.264192","level":"info","event":"--2025-07-13 16:06:27--  https://github.com/DataTalksClub/nyc-tlc-data/releases/download/yellow/yellow_tripdata_2022-12.csv.gz","logger":"airflow.task.hooks.airflow.providers.standard.hooks.subprocess.SubprocessHook"}
{"timestamp":"2025-07-13T16:06:27.296303","level":"info","event":"Resolving github.com (github.com)... 20.205.243.166","logger":"airflow.task.hooks.airflow.providers.standard.hooks.subprocess.SubprocessHook"}
{"timestamp":"2025-07-13T16:06:27.305872","level":"info","event":"Connecting to github.com (github.com)|20.205.243.166|:443... connected.","logger":"airflow.task.hooks.airflow.providers.standard.hooks.subprocess.SubprocessHook"}
{"timestamp":"2025-07-13T16:06:27.646489","level":"info","event":"HTTP request sent, awaiting response... 404 Not Found","logger":"airflow.task.hooks.airflow.providers.standard.hooks.subprocess.SubprocessHook"}
{"timestamp":"2025-07-13T16:06:27.646936","level":"info","event":"2025-07-13 16:06:27 ERROR 404: Not Found.","logger":"airflow.task.hooks.airflow.providers.standard.hooks.subprocess.SubprocessHook"}
{"timestamp":"2025-07-13T16:06:27.647111","level":"info","event":"","logger":"airflow.task.hooks.airflow.providers.standard.hooks.subprocess.SubprocessHook"}
{"timestamp":"2025-07-13T16:06:27.647752","level":"info","event":"invalid folder download link","logger":"airflow.task.hooks.airflow.providers.standard.hooks.subprocess.SubprocessHook"}
{"timestamp":"2025-07-13T16:06:27.647955","level":"info","event":"Command exited with return code 0","logger":"airflow.task.hooks.airflow.providers.standard.hooks.subprocess.SubprocessHook"}
{"timestamp":"2025-07-13T16:06:27.649118","level":"info","event":"Pushing xcom","ti":"RuntimeTaskInstance(id=UUID('01980489-a51d-7955-9858-0801e32a969b'), task_id='wget_trips_csvgz', dag_id='local_ingestion_pg', run_id='scheduled__2022-12-02T06:00:00+00:00', try_number=1, map_index=-1, hostname='890ba30a36b0', context_carrier={}, task=<Task(BashOperator): wget_trips_csvgz>, bundle_instance=LocalDagBundle(name=dags-folder), max_tries=0, start_date=datetime.datetime(2025, 7, 13, 16, 6, 26, 554896, tzinfo=TzInfo(UTC)), end_date=None, state=<TaskInstanceState.RUNNING: 'running'>, is_mapped=False, rendered_map_index=None)","logger":"task"}
{"timestamp":"2025-07-13T16:35:07.332966","level":"info","event":"DAG bundles loaded: dags-folder","logger":"airflow.dag_processing.bundles.manager.DagBundlesManager"}
{"timestamp":"2025-07-13T16:35:07.337424","level":"info","event":"Filling up the DagBag from /opt/airflow/dags/data_ingestion_localpg_dag.py","logger":"airflow.models.dagbag.DagBag"}
{"timestamp":"2025-07-13T16:35:08.126560","level":"info","event":"Tmp dir root location: /tmp","logger":"airflow.task.hooks.airflow.providers.standard.hooks.subprocess.SubprocessHook"}
{"timestamp":"2025-07-13T16:35:08.136870","level":"info","event":"Running command: ['/usr/bin/bash', '-c', 'wget https://github.com/DataTalksClub/nyc-tlc-data/releases/download/yellow/yellow_tripdata_2022-12.csv.gz -O /opt/airflow/yellow_tripdata_2022-12.csv.gz && gunzip -f /opt/airflow/yellow_tripdata_2022-12.csv.gz || rm -f /opt/airflow/yellow_tripdata_2022-12.csv.gz']","logger":"airflow.task.hooks.airflow.providers.standard.hooks.subprocess.SubprocessHook"}
{"timestamp":"2025-07-13T16:35:08.180193","level":"info","event":"Output:","logger":"airflow.task.hooks.airflow.providers.standard.hooks.subprocess.SubprocessHook"}
{"timestamp":"2025-07-13T16:35:08.192440","level":"info","event":"--2025-07-13 16:35:08--  https://github.com/DataTalksClub/nyc-tlc-data/releases/download/yellow/yellow_tripdata_2022-12.csv.gz","logger":"airflow.task.hooks.airflow.providers.standard.hooks.subprocess.SubprocessHook"}
{"timestamp":"2025-07-13T16:35:08.248831","level":"info","event":"Resolving github.com (github.com)... 20.205.243.166","logger":"airflow.task.hooks.airflow.providers.standard.hooks.subprocess.SubprocessHook"}
{"timestamp":"2025-07-13T16:35:08.262153","level":"info","event":"Connecting to github.com (github.com)|20.205.243.166|:443... connected.","logger":"airflow.task.hooks.airflow.providers.standard.hooks.subprocess.SubprocessHook"}
{"timestamp":"2025-07-13T16:35:08.609772","level":"info","event":"HTTP request sent, awaiting response... 404 Not Found","logger":"airflow.task.hooks.airflow.providers.standard.hooks.subprocess.SubprocessHook"}
{"timestamp":"2025-07-13T16:35:08.610044","level":"info","event":"2025-07-13 16:35:08 ERROR 404: Not Found.","logger":"airflow.task.hooks.airflow.providers.standard.hooks.subprocess.SubprocessHook"}
{"timestamp":"2025-07-13T16:35:08.610167","level":"info","event":"","logger":"airflow.task.hooks.airflow.providers.standard.hooks.subprocess.SubprocessHook"}
{"timestamp":"2025-07-13T16:35:08.618309","level":"info","event":"Command exited with return code 0","logger":"airflow.task.hooks.airflow.providers.standard.hooks.subprocess.SubprocessHook"}
{"timestamp":"2025-07-13T16:35:08.620760","level":"info","event":"Pushing xcom","ti":"RuntimeTaskInstance(id=UUID('019804a3-e382-7829-99fc-45cdae52de9a'), task_id='wget_trips_csvgz', dag_id='local_ingestion_pg', run_id='scheduled__2022-12-02T06:00:00+00:00', try_number=1, map_index=-1, hostname='890ba30a36b0', context_carrier={}, task=<Task(BashOperator): wget_trips_csvgz>, bundle_instance=LocalDagBundle(name=dags-folder), max_tries=0, start_date=datetime.datetime(2025, 7, 13, 16, 35, 6, 721308, tzinfo=TzInfo(UTC)), end_date=None, state=<TaskInstanceState.RUNNING: 'running'>, is_mapped=False, rendered_map_index=None)","logger":"task"}
