{"timestamp":"2025-07-17T06:42:33.012135","level":"info","event":"DAG bundles loaded: dags-folder","logger":"airflow.dag_processing.bundles.manager.DagBundlesManager"}
{"timestamp":"2025-07-17T06:42:33.013674","level":"info","event":"Filling up the DagBag from /opt/airflow/dags/data_ingestion_localpg_dag.py","logger":"airflow.models.dagbag.DagBag"}
{"timestamp":"2025-07-17T06:42:33.361362","level":"info","event":"Tmp dir root location: /tmp","logger":"airflow.task.hooks.airflow.providers.standard.hooks.subprocess.SubprocessHook"}
{"timestamp":"2025-07-17T06:42:33.362742","level":"info","event":"Running command: ['/usr/bin/bash', '-c', 'wget https://github.com/DataTalksClub/nyc-tlc-data/releases/download/green/green_tripdata_2020-05.csv.gz -O /opt/airflow/green_tripdata_2020-05.csv.gz && gunzip -f /opt/airflow/green_tripdata_2020-05.csv.gz || rm -f /opt/airflow/green_tripdata_2020-05.csv.gz']","logger":"airflow.task.hooks.airflow.providers.standard.hooks.subprocess.SubprocessHook"}
{"timestamp":"2025-07-17T06:42:33.374878","level":"info","event":"Output:","logger":"airflow.task.hooks.airflow.providers.standard.hooks.subprocess.SubprocessHook"}
{"timestamp":"2025-07-17T06:42:33.378697","level":"info","event":"--2025-07-17 06:42:33--  https://github.com/DataTalksClub/nyc-tlc-data/releases/download/green/green_tripdata_2020-05.csv.gz","logger":"airflow.task.hooks.airflow.providers.standard.hooks.subprocess.SubprocessHook"}
{"timestamp":"2025-07-17T06:42:33.390862","level":"info","event":"Resolving github.com (github.com)... 20.205.243.166","logger":"airflow.task.hooks.airflow.providers.standard.hooks.subprocess.SubprocessHook"}
{"timestamp":"2025-07-17T06:42:33.430458","level":"info","event":"Connecting to github.com (github.com)|20.205.243.166|:443... connected.","logger":"airflow.task.hooks.airflow.providers.standard.hooks.subprocess.SubprocessHook"}
{"timestamp":"2025-07-17T06:42:34.000243","level":"info","event":"HTTP request sent, awaiting response... 302 Found","logger":"airflow.task.hooks.airflow.providers.standard.hooks.subprocess.SubprocessHook"}
{"timestamp":"2025-07-17T06:42:34.000475","level":"info","event":"Location: https://release-assets.githubusercontent.com/github-production-release-asset/513814948/4240fe6d-faf9-4c63-bb74-6a872d228fb8?sp=r&sv=2018-11-09&sr=b&spr=https&se=2025-07-17T07%3A43%3A04Z&rscd=attachment%3B+filename%3Dgreen_tripdata_2020-05.csv.gz&rsct=application%2Foctet-stream&skoid=96c2d410-5711-43a1-aedd-ab1947aa7ab0&sktid=398a6654-997b-47e9-b12b-9515b896b4de&skt=2025-07-17T06%3A42%3A33Z&ske=2025-07-17T07%3A43%3A04Z&sks=b&skv=2018-11-09&sig=w1LAGE%2FTk0ZNEP2PF15Ed5C8p7UR%2B3z2rv9NyP%2B6zGM%3D&jwt=eyJ******&response-content-disposition=attachment%3B%20filename%3Dgreen_tripdata_2020-05.csv.gz&response-content-type=application%2Foctet-stream [following]","logger":"airflow.task.hooks.airflow.providers.standard.hooks.subprocess.SubprocessHook"}
{"timestamp":"2025-07-17T06:42:34.000567","level":"info","event":"--2025-07-17 06:42:33--  https://release-assets.githubusercontent.com/github-production-release-asset/513814948/4240fe6d-faf9-4c63-bb74-6a872d228fb8?sp=r&sv=2018-11-09&sr=b&spr=https&se=2025-07-17T07%3A43%3A04Z&rscd=attachment%3B+filename%3Dgreen_tripdata_2020-05.csv.gz&rsct=application%2Foctet-stream&skoid=96c2d410-5711-43a1-aedd-ab1947aa7ab0&sktid=398a6654-997b-47e9-b12b-9515b896b4de&skt=2025-07-17T06%3A42%3A33Z&ske=2025-07-17T07%3A43%3A04Z&sks=b&skv=2018-11-09&sig=w1LAGE%2FTk0ZNEP2PF15Ed5C8p7UR%2B3z2rv9NyP%2B6zGM%3D&jwt=eyJ******&response-content-disposition=attachment%3B%20filename%3Dgreen_tripdata_2020-05.csv.gz&response-content-type=application%2Foctet-stream","logger":"airflow.task.hooks.airflow.providers.standard.hooks.subprocess.SubprocessHook"}
{"timestamp":"2025-07-17T06:42:34.007697","level":"info","event":"Resolving release-assets.githubusercontent.com (release-assets.githubusercontent.com)... 185.199.108.133, 185.199.109.133, 185.199.110.133, ...","logger":"airflow.task.hooks.airflow.providers.standard.hooks.subprocess.SubprocessHook"}
{"timestamp":"2025-07-17T06:42:34.020059","level":"info","event":"Connecting to release-assets.githubusercontent.com (release-assets.githubusercontent.com)|185.199.108.133|:443... connected.","logger":"airflow.task.hooks.airflow.providers.standard.hooks.subprocess.SubprocessHook"}
{"timestamp":"2025-07-17T06:42:34.294881","level":"info","event":"HTTP request sent, awaiting response... 200 OK","logger":"airflow.task.hooks.airflow.providers.standard.hooks.subprocess.SubprocessHook"}
{"timestamp":"2025-07-17T06:42:34.295056","level":"info","event":"Length: 1064127 (1.0M) [application/octet-stream]","logger":"airflow.task.hooks.airflow.providers.standard.hooks.subprocess.SubprocessHook"}
{"timestamp":"2025-07-17T06:42:34.295139","level":"info","event":"Saving to: ‘/opt/airflow/green_tripdata_2020-05.csv.gz’","logger":"airflow.task.hooks.airflow.providers.standard.hooks.subprocess.SubprocessHook"}
{"timestamp":"2025-07-17T06:42:34.295945","level":"info","event":"","logger":"airflow.task.hooks.airflow.providers.standard.hooks.subprocess.SubprocessHook"}
{"timestamp":"2025-07-17T06:42:34.305805","level":"info","event":"     0K .......... .......... .......... .......... ..........  4% 4.42M 0s","logger":"airflow.task.hooks.airflow.providers.standard.hooks.subprocess.SubprocessHook"}
{"timestamp":"2025-07-17T06:42:34.309200","level":"info","event":"    50K .......... .......... .......... .......... ..........  9% 14.7M 0s","logger":"airflow.task.hooks.airflow.providers.standard.hooks.subprocess.SubprocessHook"}
{"timestamp":"2025-07-17T06:42:34.314982","level":"info","event":"   100K .......... .......... .......... .......... .......... 14% 8.40M 0s","logger":"airflow.task.hooks.airflow.providers.standard.hooks.subprocess.SubprocessHook"}
{"timestamp":"2025-07-17T06:42:34.318365","level":"info","event":"   150K .......... .......... .......... .......... .......... 19% 14.3M 0s","logger":"airflow.task.hooks.airflow.providers.standard.hooks.subprocess.SubprocessHook"}
{"timestamp":"2025-07-17T06:42:34.319663","level":"info","event":"   200K .......... .......... .......... .......... .......... 24% 36.2M 0s","logger":"airflow.task.hooks.airflow.providers.standard.hooks.subprocess.SubprocessHook"}
{"timestamp":"2025-07-17T06:42:34.323655","level":"info","event":"   250K .......... .......... .......... .......... .......... 28% 24.8M 0s","logger":"airflow.task.hooks.airflow.providers.standard.hooks.subprocess.SubprocessHook"}
{"timestamp":"2025-07-17T06:42:34.324921","level":"info","event":"   300K .......... .......... .......... .......... .......... 33% 14.7M 0s","logger":"airflow.task.hooks.airflow.providers.standard.hooks.subprocess.SubprocessHook"}
{"timestamp":"2025-07-17T06:42:34.326889","level":"info","event":"   350K .......... .......... .......... .......... .......... 38% 25.5M 0s","logger":"airflow.task.hooks.airflow.providers.standard.hooks.subprocess.SubprocessHook"}
{"timestamp":"2025-07-17T06:42:34.328859","level":"info","event":"   400K .......... .......... .......... .......... .......... 43% 25.6M 0s","logger":"airflow.task.hooks.airflow.providers.standard.hooks.subprocess.SubprocessHook"}
{"timestamp":"2025-07-17T06:42:34.329506","level":"info","event":"   450K .......... .......... .......... .......... .......... 48% 64.1M 0s","logger":"airflow.task.hooks.airflow.providers.standard.hooks.subprocess.SubprocessHook"}
{"timestamp":"2025-07-17T06:42:34.330129","level":"info","event":"   500K .......... .......... .......... .......... .......... 52% 74.6M 0s","logger":"airflow.task.hooks.airflow.providers.standard.hooks.subprocess.SubprocessHook"}
{"timestamp":"2025-07-17T06:42:34.331972","level":"info","event":"   550K .......... .......... .......... .......... .......... 57% 26.9M 0s","logger":"airflow.task.hooks.airflow.providers.standard.hooks.subprocess.SubprocessHook"}
{"timestamp":"2025-07-17T06:42:34.335510","level":"info","event":"   600K .......... .......... .......... .......... .......... 62% 13.9M 0s","logger":"airflow.task.hooks.airflow.providers.standard.hooks.subprocess.SubprocessHook"}
{"timestamp":"2025-07-17T06:42:34.336450","level":"info","event":"   650K .......... .......... .......... .......... .......... 67% 55.7M 0s","logger":"airflow.task.hooks.airflow.providers.standard.hooks.subprocess.SubprocessHook"}
{"timestamp":"2025-07-17T06:42:34.337239","level":"info","event":"   700K .......... .......... .......... .......... .......... 72% 59.2M 0s","logger":"airflow.task.hooks.airflow.providers.standard.hooks.subprocess.SubprocessHook"}
{"timestamp":"2025-07-17T06:42:34.337743","level":"info","event":"   750K .......... .......... .......... .......... .......... 76% 86.6M 0s","logger":"airflow.task.hooks.airflow.providers.standard.hooks.subprocess.SubprocessHook"}
{"timestamp":"2025-07-17T06:42:34.338324","level":"info","event":"   800K .......... .......... .......... .......... .......... 81% 83.6M 0s","logger":"airflow.task.hooks.airflow.providers.standard.hooks.subprocess.SubprocessHook"}
{"timestamp":"2025-07-17T06:42:34.339299","level":"info","event":"   850K .......... .......... .......... .......... .......... 86% 51.5M 0s","logger":"airflow.task.hooks.airflow.providers.standard.hooks.subprocess.SubprocessHook"}
{"timestamp":"2025-07-17T06:42:34.339710","level":"info","event":"   900K .......... .......... .......... .......... .......... 91%  112M 0s","logger":"airflow.task.hooks.airflow.providers.standard.hooks.subprocess.SubprocessHook"}
{"timestamp":"2025-07-17T06:42:34.340901","level":"info","event":"   950K .......... .......... .......... .......... .......... 96% 40.3M 0s","logger":"airflow.task.hooks.airflow.providers.standard.hooks.subprocess.SubprocessHook"}
{"timestamp":"2025-07-17T06:42:34.341827","level":"info","event":"  1000K .......... .......... .......... .........            100% 41.4M=0.05s","logger":"airflow.task.hooks.airflow.providers.standard.hooks.subprocess.SubprocessHook"}
{"timestamp":"2025-07-17T06:42:34.341875","level":"info","event":"","logger":"airflow.task.hooks.airflow.providers.standard.hooks.subprocess.SubprocessHook"}
{"timestamp":"2025-07-17T06:42:34.341906","level":"info","event":"2025-07-17 06:42:34 (21.5 MB/s) - ‘/opt/airflow/green_tripdata_2020-05.csv.gz’ saved [1064127/1064127]","logger":"airflow.task.hooks.airflow.providers.standard.hooks.subprocess.SubprocessHook"}
{"timestamp":"2025-07-17T06:42:34.341980","level":"info","event":"","logger":"airflow.task.hooks.airflow.providers.standard.hooks.subprocess.SubprocessHook"}
{"timestamp":"2025-07-17T06:42:34.377903","level":"info","event":"Command exited with return code 0","logger":"airflow.task.hooks.airflow.providers.standard.hooks.subprocess.SubprocessHook"}
{"timestamp":"2025-07-17T06:42:34.379307","level":"info","event":"Pushing xcom","ti":"RuntimeTaskInstance(id=UUID('0198171e-d186-7825-90d9-952e991ca84c'), task_id='wget_trips_csvgz', dag_id='local_ingestion_pg_green', run_id='scheduled__2020-05-02T06:00:00+00:00', try_number=1, map_index=-1, hostname='3f7f1d329e72', context_carrier={}, task=<Task(BashOperator): wget_trips_csvgz>, bundle_instance=LocalDagBundle(name=dags-folder), max_tries=0, start_date=datetime.datetime(2025, 7, 17, 6, 42, 32, 738365, tzinfo=TzInfo(UTC)), end_date=None, state=<TaskInstanceState.RUNNING: 'running'>, is_mapped=False, rendered_map_index=None)","logger":"task"}
{"timestamp":"2025-07-17T06:54:18.525797","level":"info","event":"DAG bundles loaded: dags-folder","logger":"airflow.dag_processing.bundles.manager.DagBundlesManager"}
{"timestamp":"2025-07-17T06:54:18.526808","level":"info","event":"Filling up the DagBag from /opt/airflow/dags/data_ingestion_localpg_dag.py","logger":"airflow.models.dagbag.DagBag"}
{"timestamp":"2025-07-17T06:54:19.143030","level":"info","event":"Tmp dir root location: /tmp","logger":"airflow.task.hooks.airflow.providers.standard.hooks.subprocess.SubprocessHook"}
{"timestamp":"2025-07-17T06:54:19.145462","level":"info","event":"Running command: ['/usr/bin/bash', '-c', 'wget https://github.com/DataTalksClub/nyc-tlc-data/releases/download/green/green_tripdata_2020-05.csv.gz -O /opt/airflow/green_tripdata_2020-05.csv.gz && gunzip -f /opt/airflow/green_tripdata_2020-05.csv.gz || rm -f /opt/airflow/green_tripdata_2020-05.csv.gz']","logger":"airflow.task.hooks.airflow.providers.standard.hooks.subprocess.SubprocessHook"}
{"timestamp":"2025-07-17T06:54:19.179662","level":"info","event":"Output:","logger":"airflow.task.hooks.airflow.providers.standard.hooks.subprocess.SubprocessHook"}
{"timestamp":"2025-07-17T06:54:19.194313","level":"info","event":"--2025-07-17 06:54:19--  https://github.com/DataTalksClub/nyc-tlc-data/releases/download/green/green_tripdata_2020-05.csv.gz","logger":"airflow.task.hooks.airflow.providers.standard.hooks.subprocess.SubprocessHook"}
{"timestamp":"2025-07-17T06:54:19.227817","level":"info","event":"Resolving github.com (github.com)... 20.205.243.166","logger":"airflow.task.hooks.airflow.providers.standard.hooks.subprocess.SubprocessHook"}
{"timestamp":"2025-07-17T06:54:19.245440","level":"info","event":"Connecting to github.com (github.com)|20.205.243.166|:443... connected.","logger":"airflow.task.hooks.airflow.providers.standard.hooks.subprocess.SubprocessHook"}
{"timestamp":"2025-07-17T06:54:19.604408","level":"info","event":"HTTP request sent, awaiting response... 302 Found","logger":"airflow.task.hooks.airflow.providers.standard.hooks.subprocess.SubprocessHook"}
{"timestamp":"2025-07-17T06:54:19.604584","level":"info","event":"Location: https://objects.githubusercontent.com/github-production-release-asset-2e65be/513814948/4240fe6d-faf9-4c63-bb74-6a872d228fb8?X-Amz-Algorithm=AWS4-HMAC-SHA256&X-Amz-Credential=releaseassetproduction%2F20250717%2Fus-east-1%2Fs3%2Faws4_request&X-Amz-Date=20250717T065419Z&X-Amz-Expires=1800&X-Amz-Signature=f2003b416e049383e68e0715c474cdad1b5bcb7b369bd82500787b98486ea9d4&X-Amz-SignedHeaders=host&response-content-disposition=attachment%3B%20filename%3Dgreen_tripdata_2020-05.csv.gz&response-content-type=application%2Foctet-stream [following]","logger":"airflow.task.hooks.airflow.providers.standard.hooks.subprocess.SubprocessHook"}
{"timestamp":"2025-07-17T06:54:19.604686","level":"info","event":"--2025-07-17 06:54:19--  https://objects.githubusercontent.com/github-production-release-asset-2e65be/513814948/4240fe6d-faf9-4c63-bb74-6a872d228fb8?X-Amz-Algorithm=AWS4-HMAC-SHA256&X-Amz-Credential=releaseassetproduction%2F20250717%2Fus-east-1%2Fs3%2Faws4_request&X-Amz-Date=20250717T065419Z&X-Amz-Expires=1800&X-Amz-Signature=f2003b416e049383e68e0715c474cdad1b5bcb7b369bd82500787b98486ea9d4&X-Amz-SignedHeaders=host&response-content-disposition=attachment%3B%20filename%3Dgreen_tripdata_2020-05.csv.gz&response-content-type=application%2Foctet-stream","logger":"airflow.task.hooks.airflow.providers.standard.hooks.subprocess.SubprocessHook"}
{"timestamp":"2025-07-17T06:54:19.616705","level":"info","event":"Resolving objects.githubusercontent.com (objects.githubusercontent.com)... 185.199.111.133, 185.199.108.133, 185.199.109.133, ...","logger":"airflow.task.hooks.airflow.providers.standard.hooks.subprocess.SubprocessHook"}
{"timestamp":"2025-07-17T06:54:19.630167","level":"info","event":"Connecting to objects.githubusercontent.com (objects.githubusercontent.com)|185.199.111.133|:443... connected.","logger":"airflow.task.hooks.airflow.providers.standard.hooks.subprocess.SubprocessHook"}
{"timestamp":"2025-07-17T06:54:20.846094","level":"info","event":"HTTP request sent, awaiting response... 200 OK","logger":"airflow.task.hooks.airflow.providers.standard.hooks.subprocess.SubprocessHook"}
{"timestamp":"2025-07-17T06:54:20.846359","level":"info","event":"Length: 1064127 (1.0M) [application/octet-stream]","logger":"airflow.task.hooks.airflow.providers.standard.hooks.subprocess.SubprocessHook"}
{"timestamp":"2025-07-17T06:54:20.846419","level":"info","event":"Saving to: ‘/opt/airflow/green_tripdata_2020-05.csv.gz’","logger":"airflow.task.hooks.airflow.providers.standard.hooks.subprocess.SubprocessHook"}
{"timestamp":"2025-07-17T06:54:20.846525","level":"info","event":"","logger":"airflow.task.hooks.airflow.providers.standard.hooks.subprocess.SubprocessHook"}
{"timestamp":"2025-07-17T06:54:20.854911","level":"info","event":"     0K .......... .......... .......... .......... ..........  4% 5.42M 0s","logger":"airflow.task.hooks.airflow.providers.standard.hooks.subprocess.SubprocessHook"}
{"timestamp":"2025-07-17T06:54:20.859836","level":"info","event":"    50K .......... .......... .......... .......... ..........  9% 9.92M 0s","logger":"airflow.task.hooks.airflow.providers.standard.hooks.subprocess.SubprocessHook"}
{"timestamp":"2025-07-17T06:54:20.863553","level":"info","event":"   100K .......... .......... .......... .......... .......... 14% 12.8M 0s","logger":"airflow.task.hooks.airflow.providers.standard.hooks.subprocess.SubprocessHook"}
{"timestamp":"2025-07-17T06:54:20.867297","level":"info","event":"   150K .......... .......... .......... .......... .......... 19% 13.9M 0s","logger":"airflow.task.hooks.airflow.providers.standard.hooks.subprocess.SubprocessHook"}
{"timestamp":"2025-07-17T06:54:20.880982","level":"info","event":"   200K .......... .......... .......... .......... .......... 24% 6.45M 0s","logger":"airflow.task.hooks.airflow.providers.standard.hooks.subprocess.SubprocessHook"}
{"timestamp":"2025-07-17T06:54:20.882109","level":"info","event":"   250K .......... .......... .......... .......... .......... 28% 6.89M 0s","logger":"airflow.task.hooks.airflow.providers.standard.hooks.subprocess.SubprocessHook"}
{"timestamp":"2025-07-17T06:54:20.882752","level":"info","event":"   300K .......... .......... .......... .......... .......... 33% 52.8M 0s","logger":"airflow.task.hooks.airflow.providers.standard.hooks.subprocess.SubprocessHook"}
{"timestamp":"2025-07-17T06:54:20.882989","level":"info","event":"   350K .......... .......... .......... .......... .......... 38%  153M 0s","logger":"airflow.task.hooks.airflow.providers.standard.hooks.subprocess.SubprocessHook"}
{"timestamp":"2025-07-17T06:54:20.883199","level":"info","event":"   400K .......... .......... .......... .......... .......... 43%  197M 0s","logger":"airflow.task.hooks.airflow.providers.standard.hooks.subprocess.SubprocessHook"}
{"timestamp":"2025-07-17T06:54:20.883948","level":"info","event":"   450K .......... .......... .......... .......... .......... 48%  108M 0s","logger":"airflow.task.hooks.airflow.providers.standard.hooks.subprocess.SubprocessHook"}
{"timestamp":"2025-07-17T06:54:20.884464","level":"info","event":"   500K .......... .......... .......... .......... .......... 52% 57.1M 0s","logger":"airflow.task.hooks.airflow.providers.standard.hooks.subprocess.SubprocessHook"}
{"timestamp":"2025-07-17T06:54:20.884898","level":"info","event":"   550K .......... .......... .......... .......... .......... 57%  146M 0s","logger":"airflow.task.hooks.airflow.providers.standard.hooks.subprocess.SubprocessHook"}
{"timestamp":"2025-07-17T06:54:20.886859","level":"info","event":"   600K .......... .......... .......... .......... .......... 62% 24.2M 0s","logger":"airflow.task.hooks.airflow.providers.standard.hooks.subprocess.SubprocessHook"}
{"timestamp":"2025-07-17T06:54:20.887976","level":"info","event":"   650K .......... .......... .......... .......... .......... 67% 65.5M 0s","logger":"airflow.task.hooks.airflow.providers.standard.hooks.subprocess.SubprocessHook"}
{"timestamp":"2025-07-17T06:54:20.888476","level":"info","event":"   700K .......... .......... .......... .......... .......... 72% 62.1M 0s","logger":"airflow.task.hooks.airflow.providers.standard.hooks.subprocess.SubprocessHook"}
{"timestamp":"2025-07-17T06:54:20.889608","level":"info","event":"   750K .......... .......... .......... .......... .......... 76% 39.2M 0s","logger":"airflow.task.hooks.airflow.providers.standard.hooks.subprocess.SubprocessHook"}
{"timestamp":"2025-07-17T06:54:20.890447","level":"info","event":"   800K .......... .......... .......... .......... .......... 81% 59.3M 0s","logger":"airflow.task.hooks.airflow.providers.standard.hooks.subprocess.SubprocessHook"}
{"timestamp":"2025-07-17T06:54:20.893266","level":"info","event":"   850K .......... .......... .......... .......... .......... 86% 18.4M 0s","logger":"airflow.task.hooks.airflow.providers.standard.hooks.subprocess.SubprocessHook"}
{"timestamp":"2025-07-17T06:54:20.893645","level":"info","event":"   900K .......... .......... .......... .......... .......... 91% 88.2M 0s","logger":"airflow.task.hooks.airflow.providers.standard.hooks.subprocess.SubprocessHook"}
{"timestamp":"2025-07-17T06:54:20.893917","level":"info","event":"   950K .......... .......... .......... .......... .......... 96%  169M 0s","logger":"airflow.task.hooks.airflow.providers.standard.hooks.subprocess.SubprocessHook"}
{"timestamp":"2025-07-17T06:54:20.894202","level":"info","event":"  1000K .......... .......... .......... .........            100%  126M=0.05s","logger":"airflow.task.hooks.airflow.providers.standard.hooks.subprocess.SubprocessHook"}
{"timestamp":"2025-07-17T06:54:20.894294","level":"info","event":"","logger":"airflow.task.hooks.airflow.providers.standard.hooks.subprocess.SubprocessHook"}
{"timestamp":"2025-07-17T06:54:20.894351","level":"info","event":"2025-07-17 06:54:20 (20.9 MB/s) - ‘/opt/airflow/green_tripdata_2020-05.csv.gz’ saved [1064127/1064127]","logger":"airflow.task.hooks.airflow.providers.standard.hooks.subprocess.SubprocessHook"}
{"timestamp":"2025-07-17T06:54:20.894449","level":"info","event":"","logger":"airflow.task.hooks.airflow.providers.standard.hooks.subprocess.SubprocessHook"}
{"timestamp":"2025-07-17T06:54:20.965439","level":"info","event":"Command exited with return code 0","logger":"airflow.task.hooks.airflow.providers.standard.hooks.subprocess.SubprocessHook"}
{"timestamp":"2025-07-17T06:54:20.969991","level":"info","event":"Pushing xcom","ti":"RuntimeTaskInstance(id=UUID('01981729-9382-7cf4-81c3-a61303d8af0f'), task_id='wget_trips_csvgz', dag_id='local_ingestion_pg_green', run_id='scheduled__2020-05-02T06:00:00+00:00', try_number=1, map_index=-1, hostname='3f7f1d329e72', context_carrier={}, task=<Task(BashOperator): wget_trips_csvgz>, bundle_instance=LocalDagBundle(name=dags-folder), max_tries=0, start_date=datetime.datetime(2025, 7, 17, 6, 54, 17, 736992, tzinfo=TzInfo(UTC)), end_date=None, state=<TaskInstanceState.RUNNING: 'running'>, is_mapped=False, rendered_map_index=None)","logger":"task"}
