{"timestamp":"2025-07-17T06:42:13.839508","level":"info","event":"DAG bundles loaded: dags-folder","logger":"airflow.dag_processing.bundles.manager.DagBundlesManager"}
{"timestamp":"2025-07-17T06:42:13.840395","level":"info","event":"Filling up the DagBag from /opt/airflow/dags/data_ingestion_localpg_dag.py","logger":"airflow.models.dagbag.DagBag"}
{"timestamp":"2025-07-17T06:42:14.724553","level":"info","event":"Tmp dir root location: /tmp","logger":"airflow.task.hooks.airflow.providers.standard.hooks.subprocess.SubprocessHook"}
{"timestamp":"2025-07-17T06:42:14.726837","level":"info","event":"Running command: ['/usr/bin/bash', '-c', 'wget https://github.com/DataTalksClub/nyc-tlc-data/releases/download/green/green_tripdata_2019-10.csv.gz -O /opt/airflow/green_tripdata_2019-10.csv.gz && gunzip -f /opt/airflow/green_tripdata_2019-10.csv.gz || rm -f /opt/airflow/green_tripdata_2019-10.csv.gz']","logger":"airflow.task.hooks.airflow.providers.standard.hooks.subprocess.SubprocessHook"}
{"timestamp":"2025-07-17T06:42:14.757430","level":"info","event":"Output:","logger":"airflow.task.hooks.airflow.providers.standard.hooks.subprocess.SubprocessHook"}
{"timestamp":"2025-07-17T06:42:14.818189","level":"info","event":"--2025-07-17 06:42:14--  https://github.com/DataTalksClub/nyc-tlc-data/releases/download/green/green_tripdata_2019-10.csv.gz","logger":"airflow.task.hooks.airflow.providers.standard.hooks.subprocess.SubprocessHook"}
{"timestamp":"2025-07-17T06:42:14.927321","level":"info","event":"Resolving github.com (github.com)... 20.205.243.166","logger":"airflow.task.hooks.airflow.providers.standard.hooks.subprocess.SubprocessHook"}
{"timestamp":"2025-07-17T06:42:14.941952","level":"info","event":"Connecting to github.com (github.com)|20.205.243.166|:443... connected.","logger":"airflow.task.hooks.airflow.providers.standard.hooks.subprocess.SubprocessHook"}
{"timestamp":"2025-07-17T06:42:15.298568","level":"info","event":"HTTP request sent, awaiting response... 302 Found","logger":"airflow.task.hooks.airflow.providers.standard.hooks.subprocess.SubprocessHook"}
{"timestamp":"2025-07-17T06:42:15.299401","level":"info","event":"Location: https://objects.githubusercontent.com/github-production-release-asset-2e65be/513814948/ea580e9e-555c-4bd0-ae73-43051d8e7c0b?X-Amz-Algorithm=AWS4-HMAC-SHA256&X-Amz-Credential=releaseassetproduction%2F20250717%2Fus-east-1%2Fs3%2Faws4_request&X-Amz-Date=20250717T064215Z&X-Amz-Expires=1800&X-Amz-Signature=c1def68b5f43295e1835970af6ae3219eb7ad33f05a4260877ab5d4e84bf43fc&X-Amz-SignedHeaders=host&response-content-disposition=attachment%3B%20filename%3Dgreen_tripdata_2019-10.csv.gz&response-content-type=application%2Foctet-stream [following]","logger":"airflow.task.hooks.airflow.providers.standard.hooks.subprocess.SubprocessHook"}
{"timestamp":"2025-07-17T06:42:15.299650","level":"info","event":"--2025-07-17 06:42:15--  https://objects.githubusercontent.com/github-production-release-asset-2e65be/513814948/ea580e9e-555c-4bd0-ae73-43051d8e7c0b?X-Amz-Algorithm=AWS4-HMAC-SHA256&X-Amz-Credential=releaseassetproduction%2F20250717%2Fus-east-1%2Fs3%2Faws4_request&X-Amz-Date=20250717T064215Z&X-Amz-Expires=1800&X-Amz-Signature=c1def68b5f43295e1835970af6ae3219eb7ad33f05a4260877ab5d4e84bf43fc&X-Amz-SignedHeaders=host&response-content-disposition=attachment%3B%20filename%3Dgreen_tripdata_2019-10.csv.gz&response-content-type=application%2Foctet-stream","logger":"airflow.task.hooks.airflow.providers.standard.hooks.subprocess.SubprocessHook"}
{"timestamp":"2025-07-17T06:42:15.309448","level":"info","event":"Resolving objects.githubusercontent.com (objects.githubusercontent.com)... 185.199.111.133, 185.199.108.133, 185.199.109.133, ...","logger":"airflow.task.hooks.airflow.providers.standard.hooks.subprocess.SubprocessHook"}
{"timestamp":"2025-07-17T06:42:15.318110","level":"info","event":"Connecting to objects.githubusercontent.com (objects.githubusercontent.com)|185.199.111.133|:443... connected.","logger":"airflow.task.hooks.airflow.providers.standard.hooks.subprocess.SubprocessHook"}
{"timestamp":"2025-07-17T06:42:16.522895","level":"info","event":"HTTP request sent, awaiting response... 200 OK","logger":"airflow.task.hooks.airflow.providers.standard.hooks.subprocess.SubprocessHook"}
{"timestamp":"2025-07-17T06:42:16.523238","level":"info","event":"Length: 8262584 (7.9M) [application/octet-stream]","logger":"airflow.task.hooks.airflow.providers.standard.hooks.subprocess.SubprocessHook"}
{"timestamp":"2025-07-17T06:42:16.523287","level":"info","event":"Saving to: ‘/opt/airflow/green_tripdata_2019-10.csv.gz’","logger":"airflow.task.hooks.airflow.providers.standard.hooks.subprocess.SubprocessHook"}
{"timestamp":"2025-07-17T06:42:16.523388","level":"info","event":"","logger":"airflow.task.hooks.airflow.providers.standard.hooks.subprocess.SubprocessHook"}
{"timestamp":"2025-07-17T06:42:16.539543","level":"info","event":"     0K .......... .......... .......... .......... ..........  0% 3.34M 2s","logger":"airflow.task.hooks.airflow.providers.standard.hooks.subprocess.SubprocessHook"}
{"timestamp":"2025-07-17T06:42:16.540605","level":"info","event":"    50K .......... .......... .......... .......... ..........  1% 12.7M 1s","logger":"airflow.task.hooks.airflow.providers.standard.hooks.subprocess.SubprocessHook"}
{"timestamp":"2025-07-17T06:42:16.552200","level":"info","event":"   100K .......... .......... .......... .......... ..........  1% 12.5M 1s","logger":"airflow.task.hooks.airflow.providers.standard.hooks.subprocess.SubprocessHook"}
{"timestamp":"2025-07-17T06:42:16.552783","level":"info","event":"   150K .......... .......... .......... .......... ..........  2% 5.85M 1s","logger":"airflow.task.hooks.airflow.providers.standard.hooks.subprocess.SubprocessHook"}
{"timestamp":"2025-07-17T06:42:16.553467","level":"info","event":"   200K .......... .......... .......... .......... ..........  3% 78.4M 1s","logger":"airflow.task.hooks.airflow.providers.standard.hooks.subprocess.SubprocessHook"}
{"timestamp":"2025-07-17T06:42:16.558137","level":"info","event":"   250K .......... .......... .......... .......... ..........  3% 16.4M 1s","logger":"airflow.task.hooks.airflow.providers.standard.hooks.subprocess.SubprocessHook"}
{"timestamp":"2025-07-17T06:42:16.558265","level":"info","event":"   300K .......... .......... .......... .......... ..........  4%  144M 1s","logger":"airflow.task.hooks.airflow.providers.standard.hooks.subprocess.SubprocessHook"}
{"timestamp":"2025-07-17T06:42:16.558936","level":"info","event":"   350K .......... .......... .......... .......... ..........  4% 22.3M 1s","logger":"airflow.task.hooks.airflow.providers.standard.hooks.subprocess.SubprocessHook"}
{"timestamp":"2025-07-17T06:42:16.566138","level":"info","event":"   400K .......... .......... .......... .......... ..........  5% 7.27M 1s","logger":"airflow.task.hooks.airflow.providers.standard.hooks.subprocess.SubprocessHook"}
{"timestamp":"2025-07-17T06:42:16.566236","level":"info","event":"   450K .......... .......... .......... .......... ..........  6%  165M 1s","logger":"airflow.task.hooks.airflow.providers.standard.hooks.subprocess.SubprocessHook"}
{"timestamp":"2025-07-17T06:42:16.569282","level":"info","event":"   500K .......... .......... .......... .......... ..........  6% 59.6M 1s","logger":"airflow.task.hooks.airflow.providers.standard.hooks.subprocess.SubprocessHook"}
{"timestamp":"2025-07-17T06:42:16.569340","level":"info","event":"   550K .......... .......... .......... .......... ..........  7%  125M 1s","logger":"airflow.task.hooks.airflow.providers.standard.hooks.subprocess.SubprocessHook"}
{"timestamp":"2025-07-17T06:42:16.579127","level":"info","event":"   600K .......... .......... .......... .......... ..........  8% 9.04M 1s","logger":"airflow.task.hooks.airflow.providers.standard.hooks.subprocess.SubprocessHook"}
{"timestamp":"2025-07-17T06:42:16.581033","level":"info","event":"   650K .......... .......... .......... .......... ..........  8% 11.4M 1s","logger":"airflow.task.hooks.airflow.providers.standard.hooks.subprocess.SubprocessHook"}
{"timestamp":"2025-07-17T06:42:16.581175","level":"info","event":"   700K .......... .......... .......... .......... ..........  9% 32.2M 1s","logger":"airflow.task.hooks.airflow.providers.standard.hooks.subprocess.SubprocessHook"}
{"timestamp":"2025-07-17T06:42:16.581213","level":"info","event":"   750K .......... .......... .......... .......... ..........  9%  142M 1s","logger":"airflow.task.hooks.airflow.providers.standard.hooks.subprocess.SubprocessHook"}
{"timestamp":"2025-07-17T06:42:16.589377","level":"info","event":"   800K .......... .......... .......... .......... .......... 10%  138M 0s","logger":"airflow.task.hooks.airflow.providers.standard.hooks.subprocess.SubprocessHook"}
{"timestamp":"2025-07-17T06:42:16.589451","level":"info","event":"   850K .......... .......... .......... .......... .......... 11% 6.46M 1s","logger":"airflow.task.hooks.airflow.providers.standard.hooks.subprocess.SubprocessHook"}
{"timestamp":"2025-07-17T06:42:16.589496","level":"info","event":"   900K .......... .......... .......... .......... .......... 11% 62.8M 0s","logger":"airflow.task.hooks.airflow.providers.standard.hooks.subprocess.SubprocessHook"}
{"timestamp":"2025-07-17T06:42:16.589518","level":"info","event":"   950K .......... .......... .......... .......... .......... 12%  141M 0s","logger":"airflow.task.hooks.airflow.providers.standard.hooks.subprocess.SubprocessHook"}
{"timestamp":"2025-07-17T06:42:16.591543","level":"info","event":"  1000K .......... .......... .......... .......... .......... 13% 24.2M 0s","logger":"airflow.task.hooks.airflow.providers.standard.hooks.subprocess.SubprocessHook"}
{"timestamp":"2025-07-17T06:42:16.595864","level":"info","event":"  1050K .......... .......... .......... .......... .......... 13% 8.17M 0s","logger":"airflow.task.hooks.airflow.providers.standard.hooks.subprocess.SubprocessHook"}
{"timestamp":"2025-07-17T06:42:16.603126","level":"info","event":"  1100K .......... .......... .......... .......... .......... 14% 9.55M 0s","logger":"airflow.task.hooks.airflow.providers.standard.hooks.subprocess.SubprocessHook"}
{"timestamp":"2025-07-17T06:42:16.603263","level":"info","event":"  1150K .......... .......... .......... .......... .......... 14% 69.9M 0s","logger":"airflow.task.hooks.airflow.providers.standard.hooks.subprocess.SubprocessHook"}
{"timestamp":"2025-07-17T06:42:16.603318","level":"info","event":"  1200K .......... .......... .......... .......... .......... 15%  123M 0s","logger":"airflow.task.hooks.airflow.providers.standard.hooks.subprocess.SubprocessHook"}
{"timestamp":"2025-07-17T06:42:16.603359","level":"info","event":"  1250K .......... .......... .......... .......... .......... 16%  162M 0s","logger":"airflow.task.hooks.airflow.providers.standard.hooks.subprocess.SubprocessHook"}
{"timestamp":"2025-07-17T06:42:16.603405","level":"info","event":"  1300K .......... .......... .......... .......... .......... 16%  180M 0s","logger":"airflow.task.hooks.airflow.providers.standard.hooks.subprocess.SubprocessHook"}
{"timestamp":"2025-07-17T06:42:16.603445","level":"info","event":"  1350K .......... .......... .......... .......... .......... 17%  172M 0s","logger":"airflow.task.hooks.airflow.providers.standard.hooks.subprocess.SubprocessHook"}
{"timestamp":"2025-07-17T06:42:16.614003","level":"info","event":"  1400K .......... .......... .......... .......... .......... 17% 4.61M 0s","logger":"airflow.task.hooks.airflow.providers.standard.hooks.subprocess.SubprocessHook"}
{"timestamp":"2025-07-17T06:42:16.620360","level":"info","event":"  1450K .......... .......... .......... .......... .......... 18% 7.09M 0s","logger":"airflow.task.hooks.airflow.providers.standard.hooks.subprocess.SubprocessHook"}
{"timestamp":"2025-07-17T06:42:16.623855","level":"info","event":"  1500K .......... .......... .......... .......... .......... 19% 17.0M 0s","logger":"airflow.task.hooks.airflow.providers.standard.hooks.subprocess.SubprocessHook"}
{"timestamp":"2025-07-17T06:42:16.636356","level":"info","event":"  1550K .......... .......... .......... .......... .......... 19% 4.05M 0s","logger":"airflow.task.hooks.airflow.providers.standard.hooks.subprocess.SubprocessHook"}
{"timestamp":"2025-07-17T06:42:16.640989","level":"info","event":"  1600K .......... .......... .......... .......... .......... 20% 25.5M 0s","logger":"airflow.task.hooks.airflow.providers.standard.hooks.subprocess.SubprocessHook"}
{"timestamp":"2025-07-17T06:42:16.641128","level":"info","event":"  1650K .......... .......... .......... .......... .......... 21% 42.6M 0s","logger":"airflow.task.hooks.airflow.providers.standard.hooks.subprocess.SubprocessHook"}
{"timestamp":"2025-07-17T06:42:16.641193","level":"info","event":"  1700K .......... .......... .......... .......... .......... 21%  134M 0s","logger":"airflow.task.hooks.airflow.providers.standard.hooks.subprocess.SubprocessHook"}
{"timestamp":"2025-07-17T06:42:16.641242","level":"info","event":"  1750K .......... .......... .......... .......... .......... 22%  142M 0s","logger":"airflow.task.hooks.airflow.providers.standard.hooks.subprocess.SubprocessHook"}
{"timestamp":"2025-07-17T06:42:16.641320","level":"info","event":"  1800K .......... .......... .......... .......... .......... 22%  156M 0s","logger":"airflow.task.hooks.airflow.providers.standard.hooks.subprocess.SubprocessHook"}
{"timestamp":"2025-07-17T06:42:16.649645","level":"info","event":"  1850K .......... .......... .......... .......... .......... 23% 7.05M 0s","logger":"airflow.task.hooks.airflow.providers.standard.hooks.subprocess.SubprocessHook"}
{"timestamp":"2025-07-17T06:42:16.649765","level":"info","event":"  1900K .......... .......... .......... .......... .......... 24% 16.9M 0s","logger":"airflow.task.hooks.airflow.providers.standard.hooks.subprocess.SubprocessHook"}
{"timestamp":"2025-07-17T06:42:16.649814","level":"info","event":"  1950K .......... .......... .......... .......... .......... 24%  109M 0s","logger":"airflow.task.hooks.airflow.providers.standard.hooks.subprocess.SubprocessHook"}
{"timestamp":"2025-07-17T06:42:16.649853","level":"info","event":"  2000K .......... .......... .......... .......... .......... 25%  227M 0s","logger":"airflow.task.hooks.airflow.providers.standard.hooks.subprocess.SubprocessHook"}
{"timestamp":"2025-07-17T06:42:16.653086","level":"info","event":"  2050K .......... .......... .......... .......... .......... 26%  193M 0s","logger":"airflow.task.hooks.airflow.providers.standard.hooks.subprocess.SubprocessHook"}
{"timestamp":"2025-07-17T06:42:16.653155","level":"info","event":"  2100K .......... .......... .......... .......... .......... 26%  191M 0s","logger":"airflow.task.hooks.airflow.providers.standard.hooks.subprocess.SubprocessHook"}
{"timestamp":"2025-07-17T06:42:16.653180","level":"info","event":"  2150K .......... .......... .......... .......... .......... 27% 80.5M 0s","logger":"airflow.task.hooks.airflow.providers.standard.hooks.subprocess.SubprocessHook"}
{"timestamp":"2025-07-17T06:42:16.653201","level":"info","event":"  2200K .......... .......... .......... .......... .......... 27% 85.2M 0s","logger":"airflow.task.hooks.airflow.providers.standard.hooks.subprocess.SubprocessHook"}
{"timestamp":"2025-07-17T06:42:16.653226","level":"info","event":"  2250K .......... .......... .......... .......... .......... 28%  182M 0s","logger":"airflow.task.hooks.airflow.providers.standard.hooks.subprocess.SubprocessHook"}
{"timestamp":"2025-07-17T06:42:16.653265","level":"info","event":"  2300K .......... .......... .......... .......... .......... 29%  196M 0s","logger":"airflow.task.hooks.airflow.providers.standard.hooks.subprocess.SubprocessHook"}
{"timestamp":"2025-07-17T06:42:16.653299","level":"info","event":"  2350K .......... .......... .......... .......... .......... 29% 66.4M 0s","logger":"airflow.task.hooks.airflow.providers.standard.hooks.subprocess.SubprocessHook"}
{"timestamp":"2025-07-17T06:42:16.653326","level":"info","event":"  2400K .......... .......... .......... .......... .......... 30%  191M 0s","logger":"airflow.task.hooks.airflow.providers.standard.hooks.subprocess.SubprocessHook"}
{"timestamp":"2025-07-17T06:42:16.653807","level":"info","event":"  2450K .......... .......... .......... .......... .......... 30% 60.4M 0s","logger":"airflow.task.hooks.airflow.providers.standard.hooks.subprocess.SubprocessHook"}
{"timestamp":"2025-07-17T06:42:16.654230","level":"info","event":"  2500K .......... .......... .......... .......... .......... 31%  105M 0s","logger":"airflow.task.hooks.airflow.providers.standard.hooks.subprocess.SubprocessHook"}
{"timestamp":"2025-07-17T06:42:16.654626","level":"info","event":"  2550K .......... .......... .......... .......... .......... 32%  117M 0s","logger":"airflow.task.hooks.airflow.providers.standard.hooks.subprocess.SubprocessHook"}
{"timestamp":"2025-07-17T06:42:16.655016","level":"info","event":"  2600K .......... .......... .......... .......... .......... 32%  138M 0s","logger":"airflow.task.hooks.airflow.providers.standard.hooks.subprocess.SubprocessHook"}
{"timestamp":"2025-07-17T06:42:16.655434","level":"info","event":"  2650K .......... .......... .......... .......... .......... 33%  111M 0s","logger":"airflow.task.hooks.airflow.providers.standard.hooks.subprocess.SubprocessHook"}
{"timestamp":"2025-07-17T06:42:16.655951","level":"info","event":"  2700K .......... .......... .......... .......... .......... 34%  113M 0s","logger":"airflow.task.hooks.airflow.providers.standard.hooks.subprocess.SubprocessHook"}
{"timestamp":"2025-07-17T06:42:16.656365","level":"info","event":"  2750K .......... .......... .......... .......... .......... 34% 97.0M 0s","logger":"airflow.task.hooks.airflow.providers.standard.hooks.subprocess.SubprocessHook"}
{"timestamp":"2025-07-17T06:42:16.656778","level":"info","event":"  2800K .......... .......... .......... .......... .......... 35%  115M 0s","logger":"airflow.task.hooks.airflow.providers.standard.hooks.subprocess.SubprocessHook"}
{"timestamp":"2025-07-17T06:42:16.657911","level":"info","event":"  2850K .......... .......... .......... .......... .......... 35% 44.3M 0s","logger":"airflow.task.hooks.airflow.providers.standard.hooks.subprocess.SubprocessHook"}
{"timestamp":"2025-07-17T06:42:16.658459","level":"info","event":"  2900K .......... .......... .......... .......... .......... 36%  129M 0s","logger":"airflow.task.hooks.airflow.providers.standard.hooks.subprocess.SubprocessHook"}
{"timestamp":"2025-07-17T06:42:16.658535","level":"info","event":"  2950K .......... .......... .......... .......... .......... 37%  224M 0s","logger":"airflow.task.hooks.airflow.providers.standard.hooks.subprocess.SubprocessHook"}
{"timestamp":"2025-07-17T06:42:16.664491","level":"info","event":"  3000K .......... .......... .......... .......... .......... 37% 69.6M 0s","logger":"airflow.task.hooks.airflow.providers.standard.hooks.subprocess.SubprocessHook"}
{"timestamp":"2025-07-17T06:42:16.664761","level":"info","event":"  3050K .......... .......... .......... .......... .......... 38% 25.6M 0s","logger":"airflow.task.hooks.airflow.providers.standard.hooks.subprocess.SubprocessHook"}
{"timestamp":"2025-07-17T06:42:16.664867","level":"info","event":"  3100K .......... .......... .......... .......... .......... 39%  226M 0s","logger":"airflow.task.hooks.airflow.providers.standard.hooks.subprocess.SubprocessHook"}
{"timestamp":"2025-07-17T06:42:16.665072","level":"info","event":"  3150K .......... .......... .......... .......... .......... 39% 62.9M 0s","logger":"airflow.task.hooks.airflow.providers.standard.hooks.subprocess.SubprocessHook"}
{"timestamp":"2025-07-17T06:42:16.665306","level":"info","event":"  3200K .......... .......... .......... .......... .......... 40%  121M 0s","logger":"airflow.task.hooks.airflow.providers.standard.hooks.subprocess.SubprocessHook"}
{"timestamp":"2025-07-17T06:42:16.665364","level":"info","event":"  3250K .......... .......... .......... .......... .......... 40%  148M 0s","logger":"airflow.task.hooks.airflow.providers.standard.hooks.subprocess.SubprocessHook"}
{"timestamp":"2025-07-17T06:42:16.665525","level":"info","event":"  3300K .......... .......... .......... .......... .......... 41% 18.6M 0s","logger":"airflow.task.hooks.airflow.providers.standard.hooks.subprocess.SubprocessHook"}
{"timestamp":"2025-07-17T06:42:16.665882","level":"info","event":"  3350K .......... .......... .......... .......... .......... 42%  113M 0s","logger":"airflow.task.hooks.airflow.providers.standard.hooks.subprocess.SubprocessHook"}
{"timestamp":"2025-07-17T06:42:16.666463","level":"info","event":"  3400K .......... .......... .......... .......... .......... 42%  126M 0s","logger":"airflow.task.hooks.airflow.providers.standard.hooks.subprocess.SubprocessHook"}
{"timestamp":"2025-07-17T06:42:16.666898","level":"info","event":"  3450K .......... .......... .......... .......... .......... 43% 79.3M 0s","logger":"airflow.task.hooks.airflow.providers.standard.hooks.subprocess.SubprocessHook"}
{"timestamp":"2025-07-17T06:42:16.667564","level":"info","event":"  3500K .......... .......... .......... .......... .......... 43% 82.8M 0s","logger":"airflow.task.hooks.airflow.providers.standard.hooks.subprocess.SubprocessHook"}
{"timestamp":"2025-07-17T06:42:16.668263","level":"info","event":"  3550K .......... .......... .......... .......... .......... 44% 99.9M 0s","logger":"airflow.task.hooks.airflow.providers.standard.hooks.subprocess.SubprocessHook"}
{"timestamp":"2025-07-17T06:42:16.668894","level":"info","event":"  3600K .......... .......... .......... .......... .......... 45% 61.0M 0s","logger":"airflow.task.hooks.airflow.providers.standard.hooks.subprocess.SubprocessHook"}
{"timestamp":"2025-07-17T06:42:16.669576","level":"info","event":"  3650K .......... .......... .......... .......... .......... 45% 62.8M 0s","logger":"airflow.task.hooks.airflow.providers.standard.hooks.subprocess.SubprocessHook"}
{"timestamp":"2025-07-17T06:42:16.670313","level":"info","event":"  3700K .......... .......... .......... .......... .......... 46% 70.9M 0s","logger":"airflow.task.hooks.airflow.providers.standard.hooks.subprocess.SubprocessHook"}
{"timestamp":"2025-07-17T06:42:16.670884","level":"info","event":"  3750K .......... .......... .......... .......... .......... 47% 74.0M 0s","logger":"airflow.task.hooks.airflow.providers.standard.hooks.subprocess.SubprocessHook"}
{"timestamp":"2025-07-17T06:42:16.671726","level":"info","event":"  3800K .......... .......... .......... .......... .......... 47% 59.8M 0s","logger":"airflow.task.hooks.airflow.providers.standard.hooks.subprocess.SubprocessHook"}
{"timestamp":"2025-07-17T06:42:16.672236","level":"info","event":"  3850K .......... .......... .......... .......... .......... 48% 95.5M 0s","logger":"airflow.task.hooks.airflow.providers.standard.hooks.subprocess.SubprocessHook"}
{"timestamp":"2025-07-17T06:42:16.672840","level":"info","event":"  3900K .......... .......... .......... .......... .......... 48%  112M 0s","logger":"airflow.task.hooks.airflow.providers.standard.hooks.subprocess.SubprocessHook"}
{"timestamp":"2025-07-17T06:42:16.674390","level":"info","event":"  3950K .......... .......... .......... .......... .......... 49% 34.9M 0s","logger":"airflow.task.hooks.airflow.providers.standard.hooks.subprocess.SubprocessHook"}
{"timestamp":"2025-07-17T06:42:16.674451","level":"info","event":"  4000K .......... .......... .......... .......... .......... 50%  275M 0s","logger":"airflow.task.hooks.airflow.providers.standard.hooks.subprocess.SubprocessHook"}
{"timestamp":"2025-07-17T06:42:16.754304","level":"info","event":"  4050K .......... .......... .......... .......... .......... 50%  632K 0s","logger":"airflow.task.hooks.airflow.providers.standard.hooks.subprocess.SubprocessHook"}
{"timestamp":"2025-07-17T06:42:16.754452","level":"info","event":"  4100K .......... .......... .......... .......... .......... 51%  105M 0s","logger":"airflow.task.hooks.airflow.providers.standard.hooks.subprocess.SubprocessHook"}
{"timestamp":"2025-07-17T06:42:16.755687","level":"info","event":"  4150K .......... .......... .......... .......... .......... 52% 32.8M 0s","logger":"airflow.task.hooks.airflow.providers.standard.hooks.subprocess.SubprocessHook"}
{"timestamp":"2025-07-17T06:42:16.761112","level":"info","event":"  4200K .......... .......... .......... .......... .......... 52% 8.72M 0s","logger":"airflow.task.hooks.airflow.providers.standard.hooks.subprocess.SubprocessHook"}
{"timestamp":"2025-07-17T06:42:16.763303","level":"info","event":"  4250K .......... .......... .......... .......... .......... 53% 24.8M 0s","logger":"airflow.task.hooks.airflow.providers.standard.hooks.subprocess.SubprocessHook"}
{"timestamp":"2025-07-17T06:42:16.768895","level":"info","event":"  4300K .......... .......... .......... .......... .......... 53% 13.1M 0s","logger":"airflow.task.hooks.airflow.providers.standard.hooks.subprocess.SubprocessHook"}
{"timestamp":"2025-07-17T06:42:16.768988","level":"info","event":"  4350K .......... .......... .......... .......... .......... 54% 30.5M 0s","logger":"airflow.task.hooks.airflow.providers.standard.hooks.subprocess.SubprocessHook"}
{"timestamp":"2025-07-17T06:42:16.769023","level":"info","event":"  4400K .......... .......... .......... .......... .......... 55%  263M 0s","logger":"airflow.task.hooks.airflow.providers.standard.hooks.subprocess.SubprocessHook"}
{"timestamp":"2025-07-17T06:42:16.769064","level":"info","event":"  4450K .......... .......... .......... .......... .......... 55%  242M 0s","logger":"airflow.task.hooks.airflow.providers.standard.hooks.subprocess.SubprocessHook"}
{"timestamp":"2025-07-17T06:42:16.769103","level":"info","event":"  4500K .......... .......... .......... .......... .......... 56%  279M 0s","logger":"airflow.task.hooks.airflow.providers.standard.hooks.subprocess.SubprocessHook"}
{"timestamp":"2025-07-17T06:42:16.771149","level":"info","event":"  4550K .......... .......... .......... .......... .......... 57% 26.4M 0s","logger":"airflow.task.hooks.airflow.providers.standard.hooks.subprocess.SubprocessHook"}
{"timestamp":"2025-07-17T06:42:16.771242","level":"info","event":"  4600K .......... .......... .......... .......... .......... 57%  255M 0s","logger":"airflow.task.hooks.airflow.providers.standard.hooks.subprocess.SubprocessHook"}
{"timestamp":"2025-07-17T06:42:16.771510","level":"info","event":"  4650K .......... .......... .......... .......... .......... 58% 63.9M 0s","logger":"airflow.task.hooks.airflow.providers.standard.hooks.subprocess.SubprocessHook"}
{"timestamp":"2025-07-17T06:42:16.775511","level":"info","event":"  4700K .......... .......... .......... .......... .......... 58% 14.8M 0s","logger":"airflow.task.hooks.airflow.providers.standard.hooks.subprocess.SubprocessHook"}
{"timestamp":"2025-07-17T06:42:16.775701","level":"info","event":"  4750K .......... .......... .......... .......... .......... 59%  178M 0s","logger":"airflow.task.hooks.airflow.providers.standard.hooks.subprocess.SubprocessHook"}
{"timestamp":"2025-07-17T06:42:16.775795","level":"info","event":"  4800K .......... .......... .......... .......... .......... 60%  248M 0s","logger":"airflow.task.hooks.airflow.providers.standard.hooks.subprocess.SubprocessHook"}
{"timestamp":"2025-07-17T06:42:16.775828","level":"info","event":"  4850K .......... .......... .......... .......... .......... 60%  247M 0s","logger":"airflow.task.hooks.airflow.providers.standard.hooks.subprocess.SubprocessHook"}
{"timestamp":"2025-07-17T06:42:16.776422","level":"info","event":"  4900K .......... .......... .......... .......... .......... 61% 56.1M 0s","logger":"airflow.task.hooks.airflow.providers.standard.hooks.subprocess.SubprocessHook"}
{"timestamp":"2025-07-17T06:42:16.779108","level":"info","event":"  4950K .......... .......... .......... .......... .......... 61% 24.1M 0s","logger":"airflow.task.hooks.airflow.providers.standard.hooks.subprocess.SubprocessHook"}
{"timestamp":"2025-07-17T06:42:16.779198","level":"info","event":"  5000K .......... .......... .......... .......... .......... 62%  237M 0s","logger":"airflow.task.hooks.airflow.providers.standard.hooks.subprocess.SubprocessHook"}
{"timestamp":"2025-07-17T06:42:16.780098","level":"info","event":"  5050K .......... .......... .......... .......... .......... 63% 39.3M 0s","logger":"airflow.task.hooks.airflow.providers.standard.hooks.subprocess.SubprocessHook"}
{"timestamp":"2025-07-17T06:42:16.784671","level":"info","event":"  5100K .......... .......... .......... .......... .......... 63% 10.7M 0s","logger":"airflow.task.hooks.airflow.providers.standard.hooks.subprocess.SubprocessHook"}
{"timestamp":"2025-07-17T06:42:16.784930","level":"info","event":"  5150K .......... .......... .......... .......... .......... 64%  191M 0s","logger":"airflow.task.hooks.airflow.providers.standard.hooks.subprocess.SubprocessHook"}
{"timestamp":"2025-07-17T06:42:16.787506","level":"info","event":"  5200K .......... .......... .......... .......... .......... 65% 18.7M 0s","logger":"airflow.task.hooks.airflow.providers.standard.hooks.subprocess.SubprocessHook"}
{"timestamp":"2025-07-17T06:42:16.791889","level":"info","event":"  5250K .......... .......... .......... .......... .......... 65% 14.3M 0s","logger":"airflow.task.hooks.airflow.providers.standard.hooks.subprocess.SubprocessHook"}
{"timestamp":"2025-07-17T06:42:16.792305","level":"info","event":"  5300K .......... .......... .......... .......... .......... 66% 41.0M 0s","logger":"airflow.task.hooks.airflow.providers.standard.hooks.subprocess.SubprocessHook"}
{"timestamp":"2025-07-17T06:42:16.795178","level":"info","event":"  5350K .......... .......... .......... .......... .......... 66% 18.4M 0s","logger":"airflow.task.hooks.airflow.providers.standard.hooks.subprocess.SubprocessHook"}
{"timestamp":"2025-07-17T06:42:16.795254","level":"info","event":"  5400K .......... .......... .......... .......... .......... 67%  224M 0s","logger":"airflow.task.hooks.airflow.providers.standard.hooks.subprocess.SubprocessHook"}
{"timestamp":"2025-07-17T06:42:16.795286","level":"info","event":"  5450K .......... .......... .......... .......... .......... 68%  227M 0s","logger":"airflow.task.hooks.airflow.providers.standard.hooks.subprocess.SubprocessHook"}
{"timestamp":"2025-07-17T06:42:16.797589","level":"info","event":"  5500K .......... .......... .......... .......... .......... 68% 26.6M 0s","logger":"airflow.task.hooks.airflow.providers.standard.hooks.subprocess.SubprocessHook"}
{"timestamp":"2025-07-17T06:42:16.797799","level":"info","event":"  5550K .......... .......... .......... .......... .......... 69% 70.3M 0s","logger":"airflow.task.hooks.airflow.providers.standard.hooks.subprocess.SubprocessHook"}
{"timestamp":"2025-07-17T06:42:16.800557","level":"info","event":"  5600K .......... .......... .......... .......... .......... 70% 20.2M 0s","logger":"airflow.task.hooks.airflow.providers.standard.hooks.subprocess.SubprocessHook"}
{"timestamp":"2025-07-17T06:42:16.800634","level":"info","event":"  5650K .......... .......... .......... .......... .......... 70%  100M 0s","logger":"airflow.task.hooks.airflow.providers.standard.hooks.subprocess.SubprocessHook"}
{"timestamp":"2025-07-17T06:42:16.802380","level":"info","event":"  5700K .......... .......... .......... .......... .......... 71% 34.1M 0s","logger":"airflow.task.hooks.airflow.providers.standard.hooks.subprocess.SubprocessHook"}
{"timestamp":"2025-07-17T06:42:16.802430","level":"info","event":"  5750K .......... .......... .......... .......... .......... 71%  163M 0s","logger":"airflow.task.hooks.airflow.providers.standard.hooks.subprocess.SubprocessHook"}
{"timestamp":"2025-07-17T06:42:16.809939","level":"info","event":"  5800K .......... .......... .......... .......... .......... 72% 89.6M 0s","logger":"airflow.task.hooks.airflow.providers.standard.hooks.subprocess.SubprocessHook"}
{"timestamp":"2025-07-17T06:42:16.819322","level":"info","event":"  5850K .......... .......... .......... .......... .......... 73% 29.9M 0s","logger":"airflow.task.hooks.airflow.providers.standard.hooks.subprocess.SubprocessHook"}
{"timestamp":"2025-07-17T06:42:16.819400","level":"info","event":"  5900K .......... .......... .......... .......... .......... 73% 32.8M 0s","logger":"airflow.task.hooks.airflow.providers.standard.hooks.subprocess.SubprocessHook"}
{"timestamp":"2025-07-17T06:42:16.819431","level":"info","event":"  5950K .......... .......... .......... .......... .......... 74% 4.46M 0s","logger":"airflow.task.hooks.airflow.providers.standard.hooks.subprocess.SubprocessHook"}
{"timestamp":"2025-07-17T06:42:16.819500","level":"info","event":"  6000K .......... .......... .......... .......... .......... 74% 63.8M 0s","logger":"airflow.task.hooks.airflow.providers.standard.hooks.subprocess.SubprocessHook"}
{"timestamp":"2025-07-17T06:42:16.819521","level":"info","event":"  6050K .......... .......... .......... .......... .......... 75% 94.8M 0s","logger":"airflow.task.hooks.airflow.providers.standard.hooks.subprocess.SubprocessHook"}
{"timestamp":"2025-07-17T06:42:16.821109","level":"info","event":"  6100K .......... .......... .......... .......... .......... 76% 21.4M 0s","logger":"airflow.task.hooks.airflow.providers.standard.hooks.subprocess.SubprocessHook"}
{"timestamp":"2025-07-17T06:42:16.821210","level":"info","event":"  6150K .......... .......... .......... .......... .......... 76% 59.1M 0s","logger":"airflow.task.hooks.airflow.providers.standard.hooks.subprocess.SubprocessHook"}
{"timestamp":"2025-07-17T06:42:16.823648","level":"info","event":"  6200K .......... .......... .......... .......... .......... 77%  241M 0s","logger":"airflow.task.hooks.airflow.providers.standard.hooks.subprocess.SubprocessHook"}
{"timestamp":"2025-07-17T06:42:16.823739","level":"info","event":"  6250K .......... .......... .......... .......... .......... 78% 45.8M 0s","logger":"airflow.task.hooks.airflow.providers.standard.hooks.subprocess.SubprocessHook"}
{"timestamp":"2025-07-17T06:42:16.823782","level":"info","event":"  6300K .......... .......... .......... .......... .......... 78%  104M 0s","logger":"airflow.task.hooks.airflow.providers.standard.hooks.subprocess.SubprocessHook"}
{"timestamp":"2025-07-17T06:42:16.823806","level":"info","event":"  6350K .......... .......... .......... .......... .......... 79%  191M 0s","logger":"airflow.task.hooks.airflow.providers.standard.hooks.subprocess.SubprocessHook"}
{"timestamp":"2025-07-17T06:42:16.823872","level":"info","event":"  6400K .......... .......... .......... .......... .......... 79%  270M 0s","logger":"airflow.task.hooks.airflow.providers.standard.hooks.subprocess.SubprocessHook"}
{"timestamp":"2025-07-17T06:42:16.823892","level":"info","event":"  6450K .......... .......... .......... .......... .......... 80%  293M 0s","logger":"airflow.task.hooks.airflow.providers.standard.hooks.subprocess.SubprocessHook"}
{"timestamp":"2025-07-17T06:42:16.823914","level":"info","event":"  6500K .......... .......... .......... .......... .......... 81%  298M 0s","logger":"airflow.task.hooks.airflow.providers.standard.hooks.subprocess.SubprocessHook"}
{"timestamp":"2025-07-17T06:42:16.825960","level":"info","event":"  6550K .......... .......... .......... .......... .......... 81% 24.0M 0s","logger":"airflow.task.hooks.airflow.providers.standard.hooks.subprocess.SubprocessHook"}
{"timestamp":"2025-07-17T06:42:16.832912","level":"info","event":"  6600K .......... .......... .......... .......... .......... 82% 7.74M 0s","logger":"airflow.task.hooks.airflow.providers.standard.hooks.subprocess.SubprocessHook"}
{"timestamp":"2025-07-17T06:42:16.833031","level":"info","event":"  6650K .......... .......... .......... .......... .......... 83%  154M 0s","logger":"airflow.task.hooks.airflow.providers.standard.hooks.subprocess.SubprocessHook"}
{"timestamp":"2025-07-17T06:42:16.833062","level":"info","event":"  6700K .......... .......... .......... .......... .......... 83%  274M 0s","logger":"airflow.task.hooks.airflow.providers.standard.hooks.subprocess.SubprocessHook"}
{"timestamp":"2025-07-17T06:42:16.833082","level":"info","event":"  6750K .......... .......... .......... .......... .......... 84%  191M 0s","logger":"airflow.task.hooks.airflow.providers.standard.hooks.subprocess.SubprocessHook"}
{"timestamp":"2025-07-17T06:42:16.833204","level":"info","event":"  6800K .......... .......... .......... .......... .......... 84%  115M 0s","logger":"airflow.task.hooks.airflow.providers.standard.hooks.subprocess.SubprocessHook"}
{"timestamp":"2025-07-17T06:42:16.833676","level":"info","event":"  6850K .......... .......... .......... .......... .......... 85%  259M 0s","logger":"airflow.task.hooks.airflow.providers.standard.hooks.subprocess.SubprocessHook"}
{"timestamp":"2025-07-17T06:42:16.833714","level":"info","event":"  6900K .......... .......... .......... .......... .......... 86%  237M 0s","logger":"airflow.task.hooks.airflow.providers.standard.hooks.subprocess.SubprocessHook"}
{"timestamp":"2025-07-17T06:42:16.834082","level":"info","event":"  6950K .......... .......... .......... .......... .......... 86%  182M 0s","logger":"airflow.task.hooks.airflow.providers.standard.hooks.subprocess.SubprocessHook"}
{"timestamp":"2025-07-17T06:42:16.834150","level":"info","event":"  7000K .......... .......... .......... .......... .......... 87%  275M 0s","logger":"airflow.task.hooks.airflow.providers.standard.hooks.subprocess.SubprocessHook"}
{"timestamp":"2025-07-17T06:42:16.837531","level":"info","event":"  7050K .......... .......... .......... .......... .......... 87% 24.3M 0s","logger":"airflow.task.hooks.airflow.providers.standard.hooks.subprocess.SubprocessHook"}
{"timestamp":"2025-07-17T06:42:16.837618","level":"info","event":"  7100K .......... .......... .......... .......... .......... 88% 60.7M 0s","logger":"airflow.task.hooks.airflow.providers.standard.hooks.subprocess.SubprocessHook"}
{"timestamp":"2025-07-17T06:42:16.837665","level":"info","event":"  7150K .......... .......... .......... .......... .......... 89%  108M 0s","logger":"airflow.task.hooks.airflow.providers.standard.hooks.subprocess.SubprocessHook"}
{"timestamp":"2025-07-17T06:42:16.860548","level":"info","event":"  7200K .......... .......... .......... .......... .......... 89% 2.11M 0s","logger":"airflow.task.hooks.airflow.providers.standard.hooks.subprocess.SubprocessHook"}
{"timestamp":"2025-07-17T06:42:16.861061","level":"info","event":"  7250K .......... .......... .......... .......... .......... 90% 79.8M 0s","logger":"airflow.task.hooks.airflow.providers.standard.hooks.subprocess.SubprocessHook"}
{"timestamp":"2025-07-17T06:42:16.861831","level":"info","event":"  7300K .......... .......... .......... .......... .......... 91% 62.7M 0s","logger":"airflow.task.hooks.airflow.providers.standard.hooks.subprocess.SubprocessHook"}
{"timestamp":"2025-07-17T06:42:16.862297","level":"info","event":"  7350K .......... .......... .......... .......... .......... 91% 94.1M 0s","logger":"airflow.task.hooks.airflow.providers.standard.hooks.subprocess.SubprocessHook"}
{"timestamp":"2025-07-17T06:42:16.862671","level":"info","event":"  7400K .......... .......... .......... .......... .......... 92%  131M 0s","logger":"airflow.task.hooks.airflow.providers.standard.hooks.subprocess.SubprocessHook"}
{"timestamp":"2025-07-17T06:42:16.863123","level":"info","event":"  7450K .......... .......... .......... .......... .......... 92%  110M 0s","logger":"airflow.task.hooks.airflow.providers.standard.hooks.subprocess.SubprocessHook"}
{"timestamp":"2025-07-17T06:42:16.863584","level":"info","event":"  7500K .......... .......... .......... .......... .......... 93%  126M 0s","logger":"airflow.task.hooks.airflow.providers.standard.hooks.subprocess.SubprocessHook"}
{"timestamp":"2025-07-17T06:42:16.863953","level":"info","event":"  7550K .......... .......... .......... .......... .......... 94%  113M 0s","logger":"airflow.task.hooks.airflow.providers.standard.hooks.subprocess.SubprocessHook"}
{"timestamp":"2025-07-17T06:42:16.864877","level":"info","event":"  7600K .......... .......... .......... .......... .......... 94% 54.7M 0s","logger":"airflow.task.hooks.airflow.providers.standard.hooks.subprocess.SubprocessHook"}
{"timestamp":"2025-07-17T06:42:16.867433","level":"info","event":"  7650K .......... .......... .......... .......... .......... 95% 19.3M 0s","logger":"airflow.task.hooks.airflow.providers.standard.hooks.subprocess.SubprocessHook"}
{"timestamp":"2025-07-17T06:42:16.867836","level":"info","event":"  7700K .......... .......... .......... .......... .......... 96%  110M 0s","logger":"airflow.task.hooks.airflow.providers.standard.hooks.subprocess.SubprocessHook"}
{"timestamp":"2025-07-17T06:42:16.868238","level":"info","event":"  7750K .......... .......... .......... .......... .......... 96%  113M 0s","logger":"airflow.task.hooks.airflow.providers.standard.hooks.subprocess.SubprocessHook"}
{"timestamp":"2025-07-17T06:42:16.868606","level":"info","event":"  7800K .......... .......... .......... .......... .......... 97%  131M 0s","logger":"airflow.task.hooks.airflow.providers.standard.hooks.subprocess.SubprocessHook"}
{"timestamp":"2025-07-17T06:42:16.868955","level":"info","event":"  7850K .......... .......... .......... .......... .......... 97%  145M 0s","logger":"airflow.task.hooks.airflow.providers.standard.hooks.subprocess.SubprocessHook"}
{"timestamp":"2025-07-17T06:42:16.869402","level":"info","event":"  7900K .......... .......... .......... .......... .......... 98%  123M 0s","logger":"airflow.task.hooks.airflow.providers.standard.hooks.subprocess.SubprocessHook"}
{"timestamp":"2025-07-17T06:42:16.870067","level":"info","event":"  7950K .......... .......... .......... .......... .......... 99% 75.8M 0s","logger":"airflow.task.hooks.airflow.providers.standard.hooks.subprocess.SubprocessHook"}
{"timestamp":"2025-07-17T06:42:16.870875","level":"info","event":"  8000K .......... .......... .......... .......... .......... 99% 67.2M 0s","logger":"airflow.task.hooks.airflow.providers.standard.hooks.subprocess.SubprocessHook"}
{"timestamp":"2025-07-17T06:42:16.871274","level":"info","event":"  8050K .......... ........                                   100% 41.7M=0.3s","logger":"airflow.task.hooks.airflow.providers.standard.hooks.subprocess.SubprocessHook"}
{"timestamp":"2025-07-17T06:42:16.871310","level":"info","event":"","logger":"airflow.task.hooks.airflow.providers.standard.hooks.subprocess.SubprocessHook"}
{"timestamp":"2025-07-17T06:42:16.871474","level":"info","event":"2025-07-17 06:42:16 (22.6 MB/s) - ‘/opt/airflow/green_tripdata_2019-10.csv.gz’ saved [8262584/8262584]","logger":"airflow.task.hooks.airflow.providers.standard.hooks.subprocess.SubprocessHook"}
{"timestamp":"2025-07-17T06:42:16.871563","level":"info","event":"","logger":"airflow.task.hooks.airflow.providers.standard.hooks.subprocess.SubprocessHook"}
{"timestamp":"2025-07-17T06:42:17.303718","level":"info","event":"Command exited with return code 0","logger":"airflow.task.hooks.airflow.providers.standard.hooks.subprocess.SubprocessHook"}
{"timestamp":"2025-07-17T06:42:17.315125","level":"info","event":"Pushing xcom","ti":"RuntimeTaskInstance(id=UUID('0198171e-8675-7218-9007-b6f99eaa0339'), task_id='wget_trips_csvgz', dag_id='local_ingestion_pg_green', run_id='scheduled__2019-10-02T06:00:00+00:00', try_number=1, map_index=-1, hostname='3f7f1d329e72', context_carrier={}, task=<Task(BashOperator): wget_trips_csvgz>, bundle_instance=LocalDagBundle(name=dags-folder), max_tries=0, start_date=datetime.datetime(2025, 7, 17, 6, 42, 13, 372487, tzinfo=TzInfo(UTC)), end_date=None, state=<TaskInstanceState.RUNNING: 'running'>, is_mapped=False, rendered_map_index=None)","logger":"task"}
{"timestamp":"2025-07-17T06:51:55.431102","level":"info","event":"DAG bundles loaded: dags-folder","logger":"airflow.dag_processing.bundles.manager.DagBundlesManager"}
{"timestamp":"2025-07-17T06:51:55.431870","level":"info","event":"Filling up the DagBag from /opt/airflow/dags/data_ingestion_localpg_dag.py","logger":"airflow.models.dagbag.DagBag"}
{"timestamp":"2025-07-17T06:51:55.879144","level":"info","event":"Tmp dir root location: /tmp","logger":"airflow.task.hooks.airflow.providers.standard.hooks.subprocess.SubprocessHook"}
{"timestamp":"2025-07-17T06:51:55.885394","level":"info","event":"Running command: ['/usr/bin/bash', '-c', 'wget https://github.com/DataTalksClub/nyc-tlc-data/releases/download/green/green_tripdata_2019-10.csv.gz -O /opt/airflow/green_tripdata_2019-10.csv.gz && gunzip -f /opt/airflow/green_tripdata_2019-10.csv.gz || rm -f /opt/airflow/green_tripdata_2019-10.csv.gz']","logger":"airflow.task.hooks.airflow.providers.standard.hooks.subprocess.SubprocessHook"}
{"timestamp":"2025-07-17T06:51:55.904940","level":"info","event":"Output:","logger":"airflow.task.hooks.airflow.providers.standard.hooks.subprocess.SubprocessHook"}
{"timestamp":"2025-07-17T06:51:55.920072","level":"info","event":"--2025-07-17 06:51:55--  https://github.com/DataTalksClub/nyc-tlc-data/releases/download/green/green_tripdata_2019-10.csv.gz","logger":"airflow.task.hooks.airflow.providers.standard.hooks.subprocess.SubprocessHook"}
{"timestamp":"2025-07-17T06:51:55.956169","level":"info","event":"Resolving github.com (github.com)... 20.205.243.166","logger":"airflow.task.hooks.airflow.providers.standard.hooks.subprocess.SubprocessHook"}
{"timestamp":"2025-07-17T06:51:55.966802","level":"info","event":"Connecting to github.com (github.com)|20.205.243.166|:443... connected.","logger":"airflow.task.hooks.airflow.providers.standard.hooks.subprocess.SubprocessHook"}
{"timestamp":"2025-07-17T06:51:56.293184","level":"info","event":"HTTP request sent, awaiting response... 302 Found","logger":"airflow.task.hooks.airflow.providers.standard.hooks.subprocess.SubprocessHook"}
{"timestamp":"2025-07-17T06:51:56.293406","level":"info","event":"Location: https://release-assets.githubusercontent.com/github-production-release-asset/513814948/ea580e9e-555c-4bd0-ae73-43051d8e7c0b?sp=r&sv=2018-11-09&sr=b&spr=https&se=2025-07-17T07%3A44%3A23Z&rscd=attachment%3B+filename%3Dgreen_tripdata_2019-10.csv.gz&rsct=application%2Foctet-stream&skoid=96c2d410-5711-43a1-aedd-ab1947aa7ab0&sktid=398a6654-997b-47e9-b12b-9515b896b4de&skt=2025-07-17T06%3A43%3A40Z&ske=2025-07-17T07%3A44%3A23Z&sks=b&skv=2018-11-09&sig=bB12GH52kdbe7CrIs47mtlvr0iWYayrlLixkKsbPzRA%3D&jwt=eyJ******&response-content-disposition=attachment%3B%20filename%3Dgreen_tripdata_2019-10.csv.gz&response-content-type=application%2Foctet-stream [following]","logger":"airflow.task.hooks.airflow.providers.standard.hooks.subprocess.SubprocessHook"}
{"timestamp":"2025-07-17T06:51:56.293579","level":"info","event":"--2025-07-17 06:51:56--  https://release-assets.githubusercontent.com/github-production-release-asset/513814948/ea580e9e-555c-4bd0-ae73-43051d8e7c0b?sp=r&sv=2018-11-09&sr=b&spr=https&se=2025-07-17T07%3A44%3A23Z&rscd=attachment%3B+filename%3Dgreen_tripdata_2019-10.csv.gz&rsct=application%2Foctet-stream&skoid=96c2d410-5711-43a1-aedd-ab1947aa7ab0&sktid=398a6654-997b-47e9-b12b-9515b896b4de&skt=2025-07-17T06%3A43%3A40Z&ske=2025-07-17T07%3A44%3A23Z&sks=b&skv=2018-11-09&sig=bB12GH52kdbe7CrIs47mtlvr0iWYayrlLixkKsbPzRA%3D&jwt=eyJ******&response-content-disposition=attachment%3B%20filename%3Dgreen_tripdata_2019-10.csv.gz&response-content-type=application%2Foctet-stream","logger":"airflow.task.hooks.airflow.providers.standard.hooks.subprocess.SubprocessHook"}
{"timestamp":"2025-07-17T06:51:56.305415","level":"info","event":"Resolving release-assets.githubusercontent.com (release-assets.githubusercontent.com)... 185.199.111.133, 185.199.108.133, 185.199.109.133, ...","logger":"airflow.task.hooks.airflow.providers.standard.hooks.subprocess.SubprocessHook"}
{"timestamp":"2025-07-17T06:51:56.314942","level":"info","event":"Connecting to release-assets.githubusercontent.com (release-assets.githubusercontent.com)|185.199.111.133|:443... connected.","logger":"airflow.task.hooks.airflow.providers.standard.hooks.subprocess.SubprocessHook"}
{"timestamp":"2025-07-17T06:51:56.722073","level":"info","event":"HTTP request sent, awaiting response... 200 OK","logger":"airflow.task.hooks.airflow.providers.standard.hooks.subprocess.SubprocessHook"}
{"timestamp":"2025-07-17T06:51:56.722268","level":"info","event":"Length: 8262584 (7.9M) [application/octet-stream]","logger":"airflow.task.hooks.airflow.providers.standard.hooks.subprocess.SubprocessHook"}
{"timestamp":"2025-07-17T06:51:56.722366","level":"info","event":"Saving to: ‘/opt/airflow/green_tripdata_2019-10.csv.gz’","logger":"airflow.task.hooks.airflow.providers.standard.hooks.subprocess.SubprocessHook"}
{"timestamp":"2025-07-17T06:51:56.724628","level":"info","event":"","logger":"airflow.task.hooks.airflow.providers.standard.hooks.subprocess.SubprocessHook"}
{"timestamp":"2025-07-17T06:51:56.734654","level":"info","event":"     0K .......... .......... .......... .......... ..........  0% 3.95M 2s","logger":"airflow.task.hooks.airflow.providers.standard.hooks.subprocess.SubprocessHook"}
{"timestamp":"2025-07-17T06:51:56.737994","level":"info","event":"    50K .......... .......... .......... .......... ..........  1% 14.3M 1s","logger":"airflow.task.hooks.airflow.providers.standard.hooks.subprocess.SubprocessHook"}
{"timestamp":"2025-07-17T06:51:56.743473","level":"info","event":"   100K .......... .......... .......... .......... ..........  1% 9.11M 1s","logger":"airflow.task.hooks.airflow.providers.standard.hooks.subprocess.SubprocessHook"}
{"timestamp":"2025-07-17T06:51:56.745683","level":"info","event":"   150K .......... .......... .......... .......... ..........  2% 20.3M 1s","logger":"airflow.task.hooks.airflow.providers.standard.hooks.subprocess.SubprocessHook"}
{"timestamp":"2025-07-17T06:51:56.746455","level":"info","event":"   200K .......... .......... .......... .......... ..........  3% 61.2M 1s","logger":"airflow.task.hooks.airflow.providers.standard.hooks.subprocess.SubprocessHook"}
{"timestamp":"2025-07-17T06:51:56.748446","level":"info","event":"   250K .......... .......... .......... .......... ..........  3% 25.9M 1s","logger":"airflow.task.hooks.airflow.providers.standard.hooks.subprocess.SubprocessHook"}
{"timestamp":"2025-07-17T06:51:56.754864","level":"info","event":"   300K .......... .......... .......... .......... ..........  4% 9.21M 1s","logger":"airflow.task.hooks.airflow.providers.standard.hooks.subprocess.SubprocessHook"}
{"timestamp":"2025-07-17T06:51:56.756190","level":"info","event":"   350K .......... .......... .......... .......... ..........  4% 20.6M 1s","logger":"airflow.task.hooks.airflow.providers.standard.hooks.subprocess.SubprocessHook"}
{"timestamp":"2025-07-17T06:51:56.758448","level":"info","event":"   400K .......... .......... .......... .......... ..........  5% 26.6M 1s","logger":"airflow.task.hooks.airflow.providers.standard.hooks.subprocess.SubprocessHook"}
{"timestamp":"2025-07-17T06:51:56.760479","level":"info","event":"   450K .......... .......... .......... .......... ..........  6% 21.3M 1s","logger":"airflow.task.hooks.airflow.providers.standard.hooks.subprocess.SubprocessHook"}
{"timestamp":"2025-07-17T06:51:56.761087","level":"info","event":"   500K .......... .......... .......... .......... ..........  6% 55.4M 1s","logger":"airflow.task.hooks.airflow.providers.standard.hooks.subprocess.SubprocessHook"}
{"timestamp":"2025-07-17T06:51:56.762514","level":"info","event":"   550K .......... .......... .......... .......... ..........  7% 32.7M 1s","logger":"airflow.task.hooks.airflow.providers.standard.hooks.subprocess.SubprocessHook"}
{"timestamp":"2025-07-17T06:51:56.762846","level":"info","event":"   600K .......... .......... .......... .......... ..........  8%  196M 0s","logger":"airflow.task.hooks.airflow.providers.standard.hooks.subprocess.SubprocessHook"}
{"timestamp":"2025-07-17T06:51:56.763591","level":"info","event":"   650K .......... .......... .......... .......... ..........  8% 58.4M 0s","logger":"airflow.task.hooks.airflow.providers.standard.hooks.subprocess.SubprocessHook"}
{"timestamp":"2025-07-17T06:51:56.763977","level":"info","event":"   700K .......... .......... .......... .......... ..........  9%  147M 0s","logger":"airflow.task.hooks.airflow.providers.standard.hooks.subprocess.SubprocessHook"}
{"timestamp":"2025-07-17T06:51:56.764397","level":"info","event":"   750K .......... .......... .......... .......... ..........  9%  122M 0s","logger":"airflow.task.hooks.airflow.providers.standard.hooks.subprocess.SubprocessHook"}
{"timestamp":"2025-07-17T06:51:56.765372","level":"info","event":"   800K .......... .......... .......... .......... .......... 10% 47.5M 0s","logger":"airflow.task.hooks.airflow.providers.standard.hooks.subprocess.SubprocessHook"}
{"timestamp":"2025-07-17T06:51:56.766519","level":"info","event":"   850K .......... .......... .......... .......... .......... 11% 46.4M 0s","logger":"airflow.task.hooks.airflow.providers.standard.hooks.subprocess.SubprocessHook"}
{"timestamp":"2025-07-17T06:51:56.767015","level":"info","event":"   900K .......... .......... .......... .......... .......... 11% 92.8M 0s","logger":"airflow.task.hooks.airflow.providers.standard.hooks.subprocess.SubprocessHook"}
{"timestamp":"2025-07-17T06:51:56.767932","level":"info","event":"   950K .......... .......... .......... .......... .......... 12% 49.0M 0s","logger":"airflow.task.hooks.airflow.providers.standard.hooks.subprocess.SubprocessHook"}
{"timestamp":"2025-07-17T06:51:56.768264","level":"info","event":"  1000K .......... .......... .......... .......... .......... 13%  176M 0s","logger":"airflow.task.hooks.airflow.providers.standard.hooks.subprocess.SubprocessHook"}
{"timestamp":"2025-07-17T06:51:56.773129","level":"info","event":"  1050K .......... .......... .......... .......... .......... 13% 10.4M 0s","logger":"airflow.task.hooks.airflow.providers.standard.hooks.subprocess.SubprocessHook"}
{"timestamp":"2025-07-17T06:51:56.773765","level":"info","event":"  1100K .......... .......... .......... .......... .......... 14%  103M 0s","logger":"airflow.task.hooks.airflow.providers.standard.hooks.subprocess.SubprocessHook"}
{"timestamp":"2025-07-17T06:51:56.776386","level":"info","event":"  1150K .......... .......... .......... .......... .......... 14% 18.4M 0s","logger":"airflow.task.hooks.airflow.providers.standard.hooks.subprocess.SubprocessHook"}
{"timestamp":"2025-07-17T06:51:56.783045","level":"info","event":"  1200K .......... .......... .......... .......... .......... 15% 7.06M 0s","logger":"airflow.task.hooks.airflow.providers.standard.hooks.subprocess.SubprocessHook"}
{"timestamp":"2025-07-17T06:51:56.801238","level":"info","event":"  1250K .......... .......... .......... .......... .......... 16% 2.70M 0s","logger":"airflow.task.hooks.airflow.providers.standard.hooks.subprocess.SubprocessHook"}
{"timestamp":"2025-07-17T06:51:56.801400","level":"info","event":"  1300K .......... .......... .......... .......... .......... 16%  164M 0s","logger":"airflow.task.hooks.airflow.providers.standard.hooks.subprocess.SubprocessHook"}
{"timestamp":"2025-07-17T06:51:56.801667","level":"info","event":"  1350K .......... .......... .......... .......... .......... 17%  165M 0s","logger":"airflow.task.hooks.airflow.providers.standard.hooks.subprocess.SubprocessHook"}
{"timestamp":"2025-07-17T06:51:56.802399","level":"info","event":"  1400K .......... .......... .......... .......... .......... 17% 67.3M 0s","logger":"airflow.task.hooks.airflow.providers.standard.hooks.subprocess.SubprocessHook"}
{"timestamp":"2025-07-17T06:51:56.803137","level":"info","event":"  1450K .......... .......... .......... .......... .......... 18% 68.6M 0s","logger":"airflow.task.hooks.airflow.providers.standard.hooks.subprocess.SubprocessHook"}
{"timestamp":"2025-07-17T06:51:56.804226","level":"info","event":"  1500K .......... .......... .......... .......... .......... 19% 49.0M 0s","logger":"airflow.task.hooks.airflow.providers.standard.hooks.subprocess.SubprocessHook"}
{"timestamp":"2025-07-17T06:51:56.812862","level":"info","event":"  1550K .......... .......... .......... .......... .......... 19% 5.68M 0s","logger":"airflow.task.hooks.airflow.providers.standard.hooks.subprocess.SubprocessHook"}
{"timestamp":"2025-07-17T06:51:56.814284","level":"info","event":"  1600K .......... .......... .......... .......... .......... 20% 31.9M 0s","logger":"airflow.task.hooks.airflow.providers.standard.hooks.subprocess.SubprocessHook"}
{"timestamp":"2025-07-17T06:51:56.814907","level":"info","event":"  1650K .......... .......... .......... .......... .......... 21% 75.1M 0s","logger":"airflow.task.hooks.airflow.providers.standard.hooks.subprocess.SubprocessHook"}
{"timestamp":"2025-07-17T06:51:56.815425","level":"info","event":"  1700K .......... .......... .......... .......... .......... 21%  107M 0s","logger":"airflow.task.hooks.airflow.providers.standard.hooks.subprocess.SubprocessHook"}
{"timestamp":"2025-07-17T06:51:56.816423","level":"info","event":"  1750K .......... .......... .......... .......... .......... 22% 44.1M 0s","logger":"airflow.task.hooks.airflow.providers.standard.hooks.subprocess.SubprocessHook"}
{"timestamp":"2025-07-17T06:51:56.818378","level":"info","event":"  1800K .......... .......... .......... .......... .......... 22% 25.8M 0s","logger":"airflow.task.hooks.airflow.providers.standard.hooks.subprocess.SubprocessHook"}
{"timestamp":"2025-07-17T06:51:56.820296","level":"info","event":"  1850K .......... .......... .......... .......... .......... 23% 36.1M 0s","logger":"airflow.task.hooks.airflow.providers.standard.hooks.subprocess.SubprocessHook"}
{"timestamp":"2025-07-17T06:51:56.821523","level":"info","event":"  1900K .......... .......... .......... .......... .......... 24% 28.2M 0s","logger":"airflow.task.hooks.airflow.providers.standard.hooks.subprocess.SubprocessHook"}
{"timestamp":"2025-07-17T06:51:56.822170","level":"info","event":"  1950K .......... .......... .......... .......... .......... 24% 63.3M 0s","logger":"airflow.task.hooks.airflow.providers.standard.hooks.subprocess.SubprocessHook"}
{"timestamp":"2025-07-17T06:51:56.829394","level":"info","event":"  2000K .......... .......... .......... .......... .......... 25% 8.01M 0s","logger":"airflow.task.hooks.airflow.providers.standard.hooks.subprocess.SubprocessHook"}
{"timestamp":"2025-07-17T06:51:56.829521","level":"info","event":"  2050K .......... .......... .......... .......... .......... 26% 86.2M 0s","logger":"airflow.task.hooks.airflow.providers.standard.hooks.subprocess.SubprocessHook"}
{"timestamp":"2025-07-17T06:51:56.829590","level":"info","event":"  2100K .......... .......... .......... .......... .......... 26%  173M 0s","logger":"airflow.task.hooks.airflow.providers.standard.hooks.subprocess.SubprocessHook"}
{"timestamp":"2025-07-17T06:51:56.830486","level":"info","event":"  2150K .......... .......... .......... .......... .......... 27% 44.6M 0s","logger":"airflow.task.hooks.airflow.providers.standard.hooks.subprocess.SubprocessHook"}
{"timestamp":"2025-07-17T06:51:56.834293","level":"info","event":"  2200K .......... .......... .......... .......... .......... 27% 17.6M 0s","logger":"airflow.task.hooks.airflow.providers.standard.hooks.subprocess.SubprocessHook"}
{"timestamp":"2025-07-17T06:51:56.834412","level":"info","event":"  2250K .......... .......... .......... .......... .......... 28%  212M 0s","logger":"airflow.task.hooks.airflow.providers.standard.hooks.subprocess.SubprocessHook"}
{"timestamp":"2025-07-17T06:51:56.834477","level":"info","event":"  2300K .......... .......... .......... .......... .......... 29%  224M 0s","logger":"airflow.task.hooks.airflow.providers.standard.hooks.subprocess.SubprocessHook"}
{"timestamp":"2025-07-17T06:51:56.834524","level":"info","event":"  2350K .......... .......... .......... .......... .......... 29%  220M 0s","logger":"airflow.task.hooks.airflow.providers.standard.hooks.subprocess.SubprocessHook"}
{"timestamp":"2025-07-17T06:51:56.834575","level":"info","event":"  2400K .......... .......... .......... .......... .......... 30%  185M 0s","logger":"airflow.task.hooks.airflow.providers.standard.hooks.subprocess.SubprocessHook"}
{"timestamp":"2025-07-17T06:51:56.834621","level":"info","event":"  2450K .......... .......... .......... .......... .......... 30% 85.5M 0s","logger":"airflow.task.hooks.airflow.providers.standard.hooks.subprocess.SubprocessHook"}
{"timestamp":"2025-07-17T06:51:56.841404","level":"info","event":"  2500K .......... .......... .......... .......... .......... 31% 7.58M 0s","logger":"airflow.task.hooks.airflow.providers.standard.hooks.subprocess.SubprocessHook"}
{"timestamp":"2025-07-17T06:51:56.842657","level":"info","event":"  2550K .......... .......... .......... .......... .......... 32% 29.3M 0s","logger":"airflow.task.hooks.airflow.providers.standard.hooks.subprocess.SubprocessHook"}
{"timestamp":"2025-07-17T06:51:56.843323","level":"info","event":"  2600K .......... .......... .......... .......... .......... 32%  193M 0s","logger":"airflow.task.hooks.airflow.providers.standard.hooks.subprocess.SubprocessHook"}
{"timestamp":"2025-07-17T06:51:56.843416","level":"info","event":"  2650K .......... .......... .......... .......... .......... 33%  182M 0s","logger":"airflow.task.hooks.airflow.providers.standard.hooks.subprocess.SubprocessHook"}
{"timestamp":"2025-07-17T06:51:56.847045","level":"info","event":"  2700K .......... .......... .......... .......... .......... 34% 19.1M 0s","logger":"airflow.task.hooks.airflow.providers.standard.hooks.subprocess.SubprocessHook"}
{"timestamp":"2025-07-17T06:51:56.847130","level":"info","event":"  2750K .......... .......... .......... .......... .......... 34%  124M 0s","logger":"airflow.task.hooks.airflow.providers.standard.hooks.subprocess.SubprocessHook"}
{"timestamp":"2025-07-17T06:51:56.847158","level":"info","event":"  2800K .......... .......... .......... .......... .......... 35%  132M 0s","logger":"airflow.task.hooks.airflow.providers.standard.hooks.subprocess.SubprocessHook"}
{"timestamp":"2025-07-17T06:51:56.847203","level":"info","event":"  2850K .......... .......... .......... .......... .......... 35%  208M 0s","logger":"airflow.task.hooks.airflow.providers.standard.hooks.subprocess.SubprocessHook"}
{"timestamp":"2025-07-17T06:51:56.849503","level":"info","event":"  2900K .......... .......... .......... .......... .......... 36% 22.4M 0s","logger":"airflow.task.hooks.airflow.providers.standard.hooks.subprocess.SubprocessHook"}
{"timestamp":"2025-07-17T06:51:56.849590","level":"info","event":"  2950K .......... .......... .......... .......... .......... 37%  205M 0s","logger":"airflow.task.hooks.airflow.providers.standard.hooks.subprocess.SubprocessHook"}
{"timestamp":"2025-07-17T06:51:56.849698","level":"info","event":"  3000K .......... .......... .......... .......... .......... 37%  198M 0s","logger":"airflow.task.hooks.airflow.providers.standard.hooks.subprocess.SubprocessHook"}
{"timestamp":"2025-07-17T06:51:56.849777","level":"info","event":"  3050K .......... .......... .......... .......... .......... 38%  192M 0s","logger":"airflow.task.hooks.airflow.providers.standard.hooks.subprocess.SubprocessHook"}
{"timestamp":"2025-07-17T06:51:56.853731","level":"info","event":"  3100K .......... .......... .......... .......... .......... 39% 14.7M 0s","logger":"airflow.task.hooks.airflow.providers.standard.hooks.subprocess.SubprocessHook"}
{"timestamp":"2025-07-17T06:51:56.853996","level":"info","event":"  3150K .......... .......... .......... .......... .......... 39%  111M 0s","logger":"airflow.task.hooks.airflow.providers.standard.hooks.subprocess.SubprocessHook"}
{"timestamp":"2025-07-17T06:51:56.855695","level":"info","event":"  3200K .......... .......... .......... .......... .......... 40% 22.7M 0s","logger":"airflow.task.hooks.airflow.providers.standard.hooks.subprocess.SubprocessHook"}
{"timestamp":"2025-07-17T06:51:56.857642","level":"info","event":"  3250K .......... .......... .......... .......... .......... 40% 23.5M 0s","logger":"airflow.task.hooks.airflow.providers.standard.hooks.subprocess.SubprocessHook"}
{"timestamp":"2025-07-17T06:51:56.857877","level":"info","event":"  3300K .......... .......... .......... .......... .......... 41%  207M 0s","logger":"airflow.task.hooks.airflow.providers.standard.hooks.subprocess.SubprocessHook"}
{"timestamp":"2025-07-17T06:51:56.860310","level":"info","event":"  3350K .......... .......... .......... .......... .......... 42% 30.3M 0s","logger":"airflow.task.hooks.airflow.providers.standard.hooks.subprocess.SubprocessHook"}
{"timestamp":"2025-07-17T06:51:56.860403","level":"info","event":"  3400K .......... .......... .......... .......... .......... 42%  242M 0s","logger":"airflow.task.hooks.airflow.providers.standard.hooks.subprocess.SubprocessHook"}
{"timestamp":"2025-07-17T06:51:56.860462","level":"info","event":"  3450K .......... .......... .......... .......... .......... 43%  284M 0s","logger":"airflow.task.hooks.airflow.providers.standard.hooks.subprocess.SubprocessHook"}
{"timestamp":"2025-07-17T06:51:56.860513","level":"info","event":"  3500K .......... .......... .......... .......... .......... 43%  241M 0s","logger":"airflow.task.hooks.airflow.providers.standard.hooks.subprocess.SubprocessHook"}
{"timestamp":"2025-07-17T06:51:56.862676","level":"info","event":"  3550K .......... .......... .......... .......... .......... 44% 29.0M 0s","logger":"airflow.task.hooks.airflow.providers.standard.hooks.subprocess.SubprocessHook"}
{"timestamp":"2025-07-17T06:51:56.862757","level":"info","event":"  3600K .......... .......... .......... .......... .......... 45%  232M 0s","logger":"airflow.task.hooks.airflow.providers.standard.hooks.subprocess.SubprocessHook"}
{"timestamp":"2025-07-17T06:51:56.865273","level":"info","event":"  3650K .......... .......... .......... .......... .......... 45% 35.3M 0s","logger":"airflow.task.hooks.airflow.providers.standard.hooks.subprocess.SubprocessHook"}
{"timestamp":"2025-07-17T06:51:56.868014","level":"info","event":"  3700K .......... .......... .......... .......... .......... 46% 20.6M 0s","logger":"airflow.task.hooks.airflow.providers.standard.hooks.subprocess.SubprocessHook"}
{"timestamp":"2025-07-17T06:51:56.868171","level":"info","event":"  3750K .......... .......... .......... .......... .......... 47% 63.7M 0s","logger":"airflow.task.hooks.airflow.providers.standard.hooks.subprocess.SubprocessHook"}
{"timestamp":"2025-07-17T06:51:56.868422","level":"info","event":"  3800K .......... .......... .......... .......... .......... 47% 87.0M 0s","logger":"airflow.task.hooks.airflow.providers.standard.hooks.subprocess.SubprocessHook"}
{"timestamp":"2025-07-17T06:51:56.870187","level":"info","event":"  3850K .......... .......... .......... .......... .......... 48% 22.6M 0s","logger":"airflow.task.hooks.airflow.providers.standard.hooks.subprocess.SubprocessHook"}
{"timestamp":"2025-07-17T06:51:56.870610","level":"info","event":"  3900K .......... .......... .......... .......... .......... 48%  179M 0s","logger":"airflow.task.hooks.airflow.providers.standard.hooks.subprocess.SubprocessHook"}
{"timestamp":"2025-07-17T06:51:56.874352","level":"info","event":"  3950K .......... .......... .......... .......... .......... 49% 13.6M 0s","logger":"airflow.task.hooks.airflow.providers.standard.hooks.subprocess.SubprocessHook"}
{"timestamp":"2025-07-17T06:51:56.874423","level":"info","event":"  4000K .......... .......... .......... .......... .......... 50% 61.2M 0s","logger":"airflow.task.hooks.airflow.providers.standard.hooks.subprocess.SubprocessHook"}
{"timestamp":"2025-07-17T06:51:56.874452","level":"info","event":"  4050K .......... .......... .......... .......... .......... 50%  236M 0s","logger":"airflow.task.hooks.airflow.providers.standard.hooks.subprocess.SubprocessHook"}
{"timestamp":"2025-07-17T06:51:56.875957","level":"info","event":"  4100K .......... .......... .......... .......... .......... 51% 27.0M 0s","logger":"airflow.task.hooks.airflow.providers.standard.hooks.subprocess.SubprocessHook"}
{"timestamp":"2025-07-17T06:51:56.876250","level":"info","event":"  4150K .......... .......... .......... .......... .......... 52%  142M 0s","logger":"airflow.task.hooks.airflow.providers.standard.hooks.subprocess.SubprocessHook"}
{"timestamp":"2025-07-17T06:51:56.877240","level":"info","event":"  4200K .......... .......... .......... .......... .......... 52% 62.1M 0s","logger":"airflow.task.hooks.airflow.providers.standard.hooks.subprocess.SubprocessHook"}
{"timestamp":"2025-07-17T06:51:56.877400","level":"info","event":"  4250K .......... .......... .......... .......... .......... 53%  147M 0s","logger":"airflow.task.hooks.airflow.providers.standard.hooks.subprocess.SubprocessHook"}
{"timestamp":"2025-07-17T06:51:56.877569","level":"info","event":"  4300K .......... .......... .......... .......... .......... 53%  209M 0s","logger":"airflow.task.hooks.airflow.providers.standard.hooks.subprocess.SubprocessHook"}
{"timestamp":"2025-07-17T06:51:56.877933","level":"info","event":"  4350K .......... .......... .......... .......... .......... 54%  187M 0s","logger":"airflow.task.hooks.airflow.providers.standard.hooks.subprocess.SubprocessHook"}
{"timestamp":"2025-07-17T06:51:56.878236","level":"info","event":"  4400K .......... .......... .......... .......... .......... 55%  188M 0s","logger":"airflow.task.hooks.airflow.providers.standard.hooks.subprocess.SubprocessHook"}
{"timestamp":"2025-07-17T06:51:56.881995","level":"info","event":"  4450K .......... .......... .......... .......... .......... 55% 14.3M 0s","logger":"airflow.task.hooks.airflow.providers.standard.hooks.subprocess.SubprocessHook"}
{"timestamp":"2025-07-17T06:51:56.890684","level":"info","event":"  4500K .......... .......... .......... .......... .......... 56% 12.4M 0s","logger":"airflow.task.hooks.airflow.providers.standard.hooks.subprocess.SubprocessHook"}
{"timestamp":"2025-07-17T06:51:56.890761","level":"info","event":"  4550K .......... .......... .......... .......... .......... 57% 9.57M 0s","logger":"airflow.task.hooks.airflow.providers.standard.hooks.subprocess.SubprocessHook"}
{"timestamp":"2025-07-17T06:51:56.895919","level":"info","event":"  4600K .......... .......... .......... .......... .......... 57% 14.7M 0s","logger":"airflow.task.hooks.airflow.providers.standard.hooks.subprocess.SubprocessHook"}
{"timestamp":"2025-07-17T06:51:56.896015","level":"info","event":"  4650K .......... .......... .......... .......... .......... 58%  269M 0s","logger":"airflow.task.hooks.airflow.providers.standard.hooks.subprocess.SubprocessHook"}
{"timestamp":"2025-07-17T06:51:56.896047","level":"info","event":"  4700K .......... .......... .......... .......... .......... 58%  104M 0s","logger":"airflow.task.hooks.airflow.providers.standard.hooks.subprocess.SubprocessHook"}
{"timestamp":"2025-07-17T06:51:56.896079","level":"info","event":"  4750K .......... .......... .......... .......... .......... 59%  163M 0s","logger":"airflow.task.hooks.airflow.providers.standard.hooks.subprocess.SubprocessHook"}
{"timestamp":"2025-07-17T06:51:56.896103","level":"info","event":"  4800K .......... .......... .......... .......... .......... 60%  230M 0s","logger":"airflow.task.hooks.airflow.providers.standard.hooks.subprocess.SubprocessHook"}
{"timestamp":"2025-07-17T06:51:56.896144","level":"info","event":"  4850K .......... .......... .......... .......... .......... 60% 66.6M 0s","logger":"airflow.task.hooks.airflow.providers.standard.hooks.subprocess.SubprocessHook"}
{"timestamp":"2025-07-17T06:51:56.896164","level":"info","event":"  4900K .......... .......... .......... .......... .......... 61%  265M 0s","logger":"airflow.task.hooks.airflow.providers.standard.hooks.subprocess.SubprocessHook"}
{"timestamp":"2025-07-17T06:51:56.896182","level":"info","event":"  4950K .......... .......... .......... .......... .......... 61%  235M 0s","logger":"airflow.task.hooks.airflow.providers.standard.hooks.subprocess.SubprocessHook"}
{"timestamp":"2025-07-17T06:51:56.897973","level":"info","event":"  5000K .......... .......... .......... .......... .......... 62% 52.5M 0s","logger":"airflow.task.hooks.airflow.providers.standard.hooks.subprocess.SubprocessHook"}
{"timestamp":"2025-07-17T06:51:56.898197","level":"info","event":"  5050K .......... .......... .......... .......... .......... 63%  103M 0s","logger":"airflow.task.hooks.airflow.providers.standard.hooks.subprocess.SubprocessHook"}
{"timestamp":"2025-07-17T06:51:56.898326","level":"info","event":"  5100K .......... .......... .......... .......... .......... 63% 99.6M 0s","logger":"airflow.task.hooks.airflow.providers.standard.hooks.subprocess.SubprocessHook"}
{"timestamp":"2025-07-17T06:51:56.901564","level":"info","event":"  5150K .......... .......... .......... .......... .......... 64% 16.2M 0s","logger":"airflow.task.hooks.airflow.providers.standard.hooks.subprocess.SubprocessHook"}
{"timestamp":"2025-07-17T06:51:56.904533","level":"info","event":"  5200K .......... .......... .......... .......... .......... 65% 15.1M 0s","logger":"airflow.task.hooks.airflow.providers.standard.hooks.subprocess.SubprocessHook"}
{"timestamp":"2025-07-17T06:51:56.905336","level":"info","event":"  5250K .......... .......... .......... .......... .......... 65% 58.5M 0s","logger":"airflow.task.hooks.airflow.providers.standard.hooks.subprocess.SubprocessHook"}
{"timestamp":"2025-07-17T06:51:56.906297","level":"info","event":"  5300K .......... .......... .......... .......... .......... 66% 67.7M 0s","logger":"airflow.task.hooks.airflow.providers.standard.hooks.subprocess.SubprocessHook"}
{"timestamp":"2025-07-17T06:51:56.907618","level":"info","event":"  5350K .......... .......... .......... .......... .......... 66% 29.9M 0s","logger":"airflow.task.hooks.airflow.providers.standard.hooks.subprocess.SubprocessHook"}
{"timestamp":"2025-07-17T06:51:56.912463","level":"info","event":"  5400K .......... .......... .......... .......... .......... 67% 45.4M 0s","logger":"airflow.task.hooks.airflow.providers.standard.hooks.subprocess.SubprocessHook"}
{"timestamp":"2025-07-17T06:51:56.913566","level":"info","event":"  5450K .......... .......... .......... .......... .......... 68% 11.4M 0s","logger":"airflow.task.hooks.airflow.providers.standard.hooks.subprocess.SubprocessHook"}
{"timestamp":"2025-07-17T06:51:56.914536","level":"info","event":"  5500K .......... .......... .......... .......... .......... 68% 32.8M 0s","logger":"airflow.task.hooks.airflow.providers.standard.hooks.subprocess.SubprocessHook"}
{"timestamp":"2025-07-17T06:51:56.914858","level":"info","event":"  5550K .......... .......... .......... .......... .......... 69%  105M 0s","logger":"airflow.task.hooks.airflow.providers.standard.hooks.subprocess.SubprocessHook"}
{"timestamp":"2025-07-17T06:51:56.915157","level":"info","event":"  5600K .......... .......... .......... .......... .......... 70%  151M 0s","logger":"airflow.task.hooks.airflow.providers.standard.hooks.subprocess.SubprocessHook"}
{"timestamp":"2025-07-17T06:51:56.915621","level":"info","event":"  5650K .......... .......... .......... .......... .......... 70%  112M 0s","logger":"airflow.task.hooks.airflow.providers.standard.hooks.subprocess.SubprocessHook"}
{"timestamp":"2025-07-17T06:51:56.916530","level":"info","event":"  5700K .......... .......... .......... .......... .......... 71% 62.0M 0s","logger":"airflow.task.hooks.airflow.providers.standard.hooks.subprocess.SubprocessHook"}
{"timestamp":"2025-07-17T06:51:56.917418","level":"info","event":"  5750K .......... .......... .......... .......... .......... 71% 58.9M 0s","logger":"airflow.task.hooks.airflow.providers.standard.hooks.subprocess.SubprocessHook"}
{"timestamp":"2025-07-17T06:51:56.919263","level":"info","event":"  5800K .......... .......... .......... .......... .......... 72% 25.0M 0s","logger":"airflow.task.hooks.airflow.providers.standard.hooks.subprocess.SubprocessHook"}
{"timestamp":"2025-07-17T06:51:56.920894","level":"info","event":"  5850K .......... .......... .......... .......... .......... 73% 34.2M 0s","logger":"airflow.task.hooks.airflow.providers.standard.hooks.subprocess.SubprocessHook"}
{"timestamp":"2025-07-17T06:51:56.922174","level":"info","event":"  5900K .......... .......... .......... .......... .......... 73% 33.0M 0s","logger":"airflow.task.hooks.airflow.providers.standard.hooks.subprocess.SubprocessHook"}
{"timestamp":"2025-07-17T06:51:56.923249","level":"info","event":"  5950K .......... .......... .......... .......... .......... 74% 67.1M 0s","logger":"airflow.task.hooks.airflow.providers.standard.hooks.subprocess.SubprocessHook"}
{"timestamp":"2025-07-17T06:51:56.926555","level":"info","event":"  6000K .......... .......... .......... .......... .......... 74% 19.4M 0s","logger":"airflow.task.hooks.airflow.providers.standard.hooks.subprocess.SubprocessHook"}
{"timestamp":"2025-07-17T06:51:56.926771","level":"info","event":"  6050K .......... .......... .......... .......... .......... 75% 64.5M 0s","logger":"airflow.task.hooks.airflow.providers.standard.hooks.subprocess.SubprocessHook"}
{"timestamp":"2025-07-17T06:51:56.928505","level":"info","event":"  6100K .......... .......... .......... .......... .......... 76% 53.0M 0s","logger":"airflow.task.hooks.airflow.providers.standard.hooks.subprocess.SubprocessHook"}
{"timestamp":"2025-07-17T06:51:56.929908","level":"info","event":"  6150K .......... .......... .......... .......... .......... 76% 17.1M 0s","logger":"airflow.task.hooks.airflow.providers.standard.hooks.subprocess.SubprocessHook"}
{"timestamp":"2025-07-17T06:51:56.930273","level":"info","event":"  6200K .......... .......... .......... .......... .......... 77%  118M 0s","logger":"airflow.task.hooks.airflow.providers.standard.hooks.subprocess.SubprocessHook"}
{"timestamp":"2025-07-17T06:51:56.930668","level":"info","event":"  6250K .......... .......... .......... .......... .......... 78%  126M 0s","logger":"airflow.task.hooks.airflow.providers.standard.hooks.subprocess.SubprocessHook"}
{"timestamp":"2025-07-17T06:51:56.936504","level":"info","event":"  6300K .......... .......... .......... .......... .......... 78% 16.1M 0s","logger":"airflow.task.hooks.airflow.providers.standard.hooks.subprocess.SubprocessHook"}
{"timestamp":"2025-07-17T06:51:56.944981","level":"info","event":"  6350K .......... .......... .......... .......... .......... 79% 6.75M 0s","logger":"airflow.task.hooks.airflow.providers.standard.hooks.subprocess.SubprocessHook"}
{"timestamp":"2025-07-17T06:51:56.945324","level":"info","event":"  6400K .......... .......... .......... .......... .......... 79%  125M 0s","logger":"airflow.task.hooks.airflow.providers.standard.hooks.subprocess.SubprocessHook"}
{"timestamp":"2025-07-17T06:51:56.945362","level":"info","event":"  6450K .......... .......... .......... .......... .......... 80% 99.5M 0s","logger":"airflow.task.hooks.airflow.providers.standard.hooks.subprocess.SubprocessHook"}
{"timestamp":"2025-07-17T06:51:56.945387","level":"info","event":"  6500K .......... .......... .......... .......... .......... 81% 23.3M 0s","logger":"airflow.task.hooks.airflow.providers.standard.hooks.subprocess.SubprocessHook"}
{"timestamp":"2025-07-17T06:51:56.946371","level":"info","event":"  6550K .......... .......... .......... .......... .......... 81% 27.7M 0s","logger":"airflow.task.hooks.airflow.providers.standard.hooks.subprocess.SubprocessHook"}
{"timestamp":"2025-07-17T06:51:56.946441","level":"info","event":"  6600K .......... .......... .......... .......... .......... 82%  181M 0s","logger":"airflow.task.hooks.airflow.providers.standard.hooks.subprocess.SubprocessHook"}
{"timestamp":"2025-07-17T06:51:56.946489","level":"info","event":"  6650K .......... .......... .......... .......... .......... 83%  176M 0s","logger":"airflow.task.hooks.airflow.providers.standard.hooks.subprocess.SubprocessHook"}
{"timestamp":"2025-07-17T06:51:56.946735","level":"info","event":"  6700K .......... .......... .......... .......... .......... 83%  132M 0s","logger":"airflow.task.hooks.airflow.providers.standard.hooks.subprocess.SubprocessHook"}
{"timestamp":"2025-07-17T06:51:56.946929","level":"info","event":"  6750K .......... .......... .......... .......... .......... 84%  146M 0s","logger":"airflow.task.hooks.airflow.providers.standard.hooks.subprocess.SubprocessHook"}
{"timestamp":"2025-07-17T06:51:56.947433","level":"info","event":"  6800K .......... .......... .......... .......... .......... 84%  186M 0s","logger":"airflow.task.hooks.airflow.providers.standard.hooks.subprocess.SubprocessHook"}
{"timestamp":"2025-07-17T06:51:56.947507","level":"info","event":"  6850K .......... .......... .......... .......... .......... 85%  170M 0s","logger":"airflow.task.hooks.airflow.providers.standard.hooks.subprocess.SubprocessHook"}
{"timestamp":"2025-07-17T06:51:56.947859","level":"info","event":"  6900K .......... .......... .......... .......... .......... 86%  157M 0s","logger":"airflow.task.hooks.airflow.providers.standard.hooks.subprocess.SubprocessHook"}
{"timestamp":"2025-07-17T06:51:56.948411","level":"info","event":"  6950K .......... .......... .......... .......... .......... 86%  156M 0s","logger":"airflow.task.hooks.airflow.providers.standard.hooks.subprocess.SubprocessHook"}
{"timestamp":"2025-07-17T06:51:56.952391","level":"info","event":"  7000K .......... .......... .......... .......... .......... 87% 13.8M 0s","logger":"airflow.task.hooks.airflow.providers.standard.hooks.subprocess.SubprocessHook"}
{"timestamp":"2025-07-17T06:51:56.952668","level":"info","event":"  7050K .......... .......... .......... .......... .......... 87%  184M 0s","logger":"airflow.task.hooks.airflow.providers.standard.hooks.subprocess.SubprocessHook"}
{"timestamp":"2025-07-17T06:51:56.955872","level":"info","event":"  7100K .......... .......... .......... .......... .......... 88% 27.2M 0s","logger":"airflow.task.hooks.airflow.providers.standard.hooks.subprocess.SubprocessHook"}
{"timestamp":"2025-07-17T06:51:56.955945","level":"info","event":"  7150K .......... .......... .......... .......... .......... 89% 28.2M 0s","logger":"airflow.task.hooks.airflow.providers.standard.hooks.subprocess.SubprocessHook"}
{"timestamp":"2025-07-17T06:51:56.955992","level":"info","event":"  7200K .......... .......... .......... .......... .......... 89%  303M 0s","logger":"airflow.task.hooks.airflow.providers.standard.hooks.subprocess.SubprocessHook"}
{"timestamp":"2025-07-17T06:51:56.956026","level":"info","event":"  7250K .......... .......... .......... .......... .......... 90%  195M 0s","logger":"airflow.task.hooks.airflow.providers.standard.hooks.subprocess.SubprocessHook"}
{"timestamp":"2025-07-17T06:51:56.958222","level":"info","event":"  7300K .......... .......... .......... .......... .......... 91% 23.2M 0s","logger":"airflow.task.hooks.airflow.providers.standard.hooks.subprocess.SubprocessHook"}
{"timestamp":"2025-07-17T06:51:56.958292","level":"info","event":"  7350K .......... .......... .......... .......... .......... 91%  224M 0s","logger":"airflow.task.hooks.airflow.providers.standard.hooks.subprocess.SubprocessHook"}
{"timestamp":"2025-07-17T06:51:56.958654","level":"info","event":"  7400K .......... .......... .......... .......... .......... 92%  121M 0s","logger":"airflow.task.hooks.airflow.providers.standard.hooks.subprocess.SubprocessHook"}
{"timestamp":"2025-07-17T06:51:56.958702","level":"info","event":"  7450K .......... .......... .......... .......... .......... 92%  250M 0s","logger":"airflow.task.hooks.airflow.providers.standard.hooks.subprocess.SubprocessHook"}
{"timestamp":"2025-07-17T06:51:56.960106","level":"info","event":"  7500K .......... .......... .......... .......... .......... 93%  220M 0s","logger":"airflow.task.hooks.airflow.providers.standard.hooks.subprocess.SubprocessHook"}
{"timestamp":"2025-07-17T06:51:56.961172","level":"info","event":"  7550K .......... .......... .......... .......... .......... 94% 22.7M 0s","logger":"airflow.task.hooks.airflow.providers.standard.hooks.subprocess.SubprocessHook"}
{"timestamp":"2025-07-17T06:51:56.962792","level":"info","event":"  7600K .......... .......... .......... .......... .......... 94% 36.0M 0s","logger":"airflow.task.hooks.airflow.providers.standard.hooks.subprocess.SubprocessHook"}
{"timestamp":"2025-07-17T06:51:56.962887","level":"info","event":"  7650K .......... .......... .......... .......... .......... 95%  186M 0s","logger":"airflow.task.hooks.airflow.providers.standard.hooks.subprocess.SubprocessHook"}
{"timestamp":"2025-07-17T06:51:56.965237","level":"info","event":"  7700K .......... .......... .......... .......... .......... 96% 24.1M 0s","logger":"airflow.task.hooks.airflow.providers.standard.hooks.subprocess.SubprocessHook"}
{"timestamp":"2025-07-17T06:51:56.965782","level":"info","event":"  7750K .......... .......... .......... .......... .......... 96% 53.6M 0s","logger":"airflow.task.hooks.airflow.providers.standard.hooks.subprocess.SubprocessHook"}
{"timestamp":"2025-07-17T06:51:56.967433","level":"info","event":"  7800K .......... .......... .......... .......... .......... 97% 37.7M 0s","logger":"airflow.task.hooks.airflow.providers.standard.hooks.subprocess.SubprocessHook"}
{"timestamp":"2025-07-17T06:51:56.967940","level":"info","event":"  7850K .......... .......... .......... .......... .......... 97% 52.9M 0s","logger":"airflow.task.hooks.airflow.providers.standard.hooks.subprocess.SubprocessHook"}
{"timestamp":"2025-07-17T06:51:56.969671","level":"info","event":"  7900K .......... .......... .......... .......... .......... 98% 30.3M 0s","logger":"airflow.task.hooks.airflow.providers.standard.hooks.subprocess.SubprocessHook"}
{"timestamp":"2025-07-17T06:51:56.970495","level":"info","event":"  7950K .......... .......... .......... .......... .......... 99% 48.0M 0s","logger":"airflow.task.hooks.airflow.providers.standard.hooks.subprocess.SubprocessHook"}
{"timestamp":"2025-07-17T06:51:56.970768","level":"info","event":"  8000K .......... .......... .......... .......... .......... 99%  176M 0s","logger":"airflow.task.hooks.airflow.providers.standard.hooks.subprocess.SubprocessHook"}
{"timestamp":"2025-07-17T06:51:56.970861","level":"info","event":"  8050K .......... ........                                   100%  297M=0.2s","logger":"airflow.task.hooks.airflow.providers.standard.hooks.subprocess.SubprocessHook"}
{"timestamp":"2025-07-17T06:51:56.970959","level":"info","event":"","logger":"airflow.task.hooks.airflow.providers.standard.hooks.subprocess.SubprocessHook"}
{"timestamp":"2025-07-17T06:51:56.971046","level":"info","event":"2025-07-17 06:51:56 (31.7 MB/s) - ‘/opt/airflow/green_tripdata_2019-10.csv.gz’ saved [8262584/8262584]","logger":"airflow.task.hooks.airflow.providers.standard.hooks.subprocess.SubprocessHook"}
{"timestamp":"2025-07-17T06:51:56.971196","level":"info","event":"","logger":"airflow.task.hooks.airflow.providers.standard.hooks.subprocess.SubprocessHook"}
{"timestamp":"2025-07-17T06:51:57.716380","level":"info","event":"Command exited with return code 0","logger":"airflow.task.hooks.airflow.providers.standard.hooks.subprocess.SubprocessHook"}
{"timestamp":"2025-07-17T06:51:57.741245","level":"info","event":"Pushing xcom","ti":"RuntimeTaskInstance(id=UUID('01981727-66c8-7b42-9729-b19561356eb0'), task_id='wget_trips_csvgz', dag_id='local_ingestion_pg_green', run_id='scheduled__2019-10-02T06:00:00+00:00', try_number=1, map_index=-1, hostname='3f7f1d329e72', context_carrier={}, task=<Task(BashOperator): wget_trips_csvgz>, bundle_instance=LocalDagBundle(name=dags-folder), max_tries=0, start_date=datetime.datetime(2025, 7, 17, 6, 51, 55, 131972, tzinfo=TzInfo(UTC)), end_date=None, state=<TaskInstanceState.RUNNING: 'running'>, is_mapped=False, rendered_map_index=None)","logger":"task"}
