{"timestamp":"2025-07-13T15:49:54.261133","level":"info","event":"DAG bundles loaded: dags-folder","logger":"airflow.dag_processing.bundles.manager.DagBundlesManager"}
{"timestamp":"2025-07-13T15:49:54.261875","level":"info","event":"Filling up the DagBag from /opt/airflow/dags/data_ingestion_localpg_dag.py","logger":"airflow.models.dagbag.DagBag"}
{"timestamp":"2025-07-13T15:49:54.278036","level":"info","event":"Tmp dir root location: /tmp","logger":"airflow.task.hooks.airflow.providers.standard.hooks.subprocess.SubprocessHook"}
{"timestamp":"2025-07-13T15:49:54.278867","level":"info","event":"Running command: ['/usr/bin/bash', '-c', \"wget https://github.com/DataTalksClub/nyc-tlc-data/releases/download/yellow/yellow_tripdata_2025-06.csv.gz -O /opt/airflow/yellow_tripdata_2025-06.csv.gz && gunzip -f yellow_tripdata_2025-06.csv.gz || echo 'invalid folder download link'\"]","logger":"airflow.task.hooks.airflow.providers.standard.hooks.subprocess.SubprocessHook"}
{"timestamp":"2025-07-13T15:49:54.290179","level":"info","event":"Output:","logger":"airflow.task.hooks.airflow.providers.standard.hooks.subprocess.SubprocessHook"}
{"timestamp":"2025-07-13T15:49:54.293916","level":"info","event":"--2025-07-13 15:49:54--  https://github.com/DataTalksClub/nyc-tlc-data/releases/download/yellow/yellow_tripdata_2025-06.csv.gz","logger":"airflow.task.hooks.airflow.providers.standard.hooks.subprocess.SubprocessHook"}
{"timestamp":"2025-07-13T15:49:54.307708","level":"info","event":"Resolving github.com (github.com)... 20.205.243.166","logger":"airflow.task.hooks.airflow.providers.standard.hooks.subprocess.SubprocessHook"}
{"timestamp":"2025-07-13T15:49:54.315567","level":"info","event":"Connecting to github.com (github.com)|20.205.243.166|:443... connected.","logger":"airflow.task.hooks.airflow.providers.standard.hooks.subprocess.SubprocessHook"}
{"timestamp":"2025-07-13T15:49:54.616792","level":"info","event":"HTTP request sent, awaiting response... 404 Not Found","logger":"airflow.task.hooks.airflow.providers.standard.hooks.subprocess.SubprocessHook"}
{"timestamp":"2025-07-13T15:49:54.617041","level":"info","event":"2025-07-13 15:49:54 ERROR 404: Not Found.","logger":"airflow.task.hooks.airflow.providers.standard.hooks.subprocess.SubprocessHook"}
{"timestamp":"2025-07-13T15:49:54.617164","level":"info","event":"","logger":"airflow.task.hooks.airflow.providers.standard.hooks.subprocess.SubprocessHook"}
{"timestamp":"2025-07-13T15:49:54.618282","level":"info","event":"invalid folder download link","logger":"airflow.task.hooks.airflow.providers.standard.hooks.subprocess.SubprocessHook"}
{"timestamp":"2025-07-13T15:49:54.618750","level":"info","event":"Command exited with return code 0","logger":"airflow.task.hooks.airflow.providers.standard.hooks.subprocess.SubprocessHook"}
{"timestamp":"2025-07-13T15:49:54.619874","level":"info","event":"Pushing xcom","ti":"RuntimeTaskInstance(id=UUID('0198047a-7dd4-7666-af21-163a07e64294'), task_id='wget_trips_csvgz', dag_id='local_ingestion_pg', run_id='scheduled__2025-06-02T06:00:00+00:00', try_number=1, map_index=-1, hostname='bcfb6bdbe20d', context_carrier={}, task=<Task(BashOperator): wget_trips_csvgz>, bundle_instance=LocalDagBundle(name=dags-folder), max_tries=0, start_date=datetime.datetime(2025, 7, 13, 15, 49, 53, 823810, tzinfo=TzInfo(UTC)), end_date=None, state=<TaskInstanceState.RUNNING: 'running'>, is_mapped=False, rendered_map_index=None)","logger":"task"}
{"timestamp":"2025-07-13T16:08:10.380240","level":"info","event":"DAG bundles loaded: dags-folder","logger":"airflow.dag_processing.bundles.manager.DagBundlesManager"}
{"timestamp":"2025-07-13T16:08:10.382245","level":"info","event":"Filling up the DagBag from /opt/airflow/dags/data_ingestion_localpg_dag.py","logger":"airflow.models.dagbag.DagBag"}
{"timestamp":"2025-07-13T16:08:11.279602","level":"info","event":"Tmp dir root location: /tmp","logger":"airflow.task.hooks.airflow.providers.standard.hooks.subprocess.SubprocessHook"}
{"timestamp":"2025-07-13T16:08:11.282216","level":"info","event":"Running command: ['/usr/bin/bash', '-c', \"wget https://github.com/DataTalksClub/nyc-tlc-data/releases/download/yellow/yellow_tripdata_2025-06.csv.gz -O /opt/airflow/yellow_tripdata_2025-06.csv.gz && gunzip -f /opt/airflow/yellow_tripdata_2025-06.csv.gz || echo 'invalid folder download link'\"]","logger":"airflow.task.hooks.airflow.providers.standard.hooks.subprocess.SubprocessHook"}
{"timestamp":"2025-07-13T16:08:11.339441","level":"info","event":"Output:","logger":"airflow.task.hooks.airflow.providers.standard.hooks.subprocess.SubprocessHook"}
{"timestamp":"2025-07-13T16:08:11.366607","level":"info","event":"--2025-07-13 16:08:11--  https://github.com/DataTalksClub/nyc-tlc-data/releases/download/yellow/yellow_tripdata_2025-06.csv.gz","logger":"airflow.task.hooks.airflow.providers.standard.hooks.subprocess.SubprocessHook"}
{"timestamp":"2025-07-13T16:08:11.387750","level":"info","event":"Resolving github.com (github.com)... 20.205.243.166","logger":"airflow.task.hooks.airflow.providers.standard.hooks.subprocess.SubprocessHook"}
{"timestamp":"2025-07-13T16:08:11.396286","level":"info","event":"Connecting to github.com (github.com)|20.205.243.166|:443... connected.","logger":"airflow.task.hooks.airflow.providers.standard.hooks.subprocess.SubprocessHook"}
{"timestamp":"2025-07-13T16:08:11.914007","level":"info","event":"HTTP request sent, awaiting response... 404 Not Found","logger":"airflow.task.hooks.airflow.providers.standard.hooks.subprocess.SubprocessHook"}
{"timestamp":"2025-07-13T16:08:11.915003","level":"info","event":"2025-07-13 16:08:11 ERROR 404: Not Found.","logger":"airflow.task.hooks.airflow.providers.standard.hooks.subprocess.SubprocessHook"}
{"timestamp":"2025-07-13T16:08:11.915062","level":"info","event":"","logger":"airflow.task.hooks.airflow.providers.standard.hooks.subprocess.SubprocessHook"}
{"timestamp":"2025-07-13T16:08:11.938296","level":"info","event":"invalid folder download link","logger":"airflow.task.hooks.airflow.providers.standard.hooks.subprocess.SubprocessHook"}
{"timestamp":"2025-07-13T16:08:11.940452","level":"info","event":"Command exited with return code 0","logger":"airflow.task.hooks.airflow.providers.standard.hooks.subprocess.SubprocessHook"}
{"timestamp":"2025-07-13T16:08:11.961043","level":"info","event":"Pushing xcom","ti":"RuntimeTaskInstance(id=UUID('0198048b-3818-7469-88e5-c1b26c75245c'), task_id='wget_trips_csvgz', dag_id='local_ingestion_pg', run_id='scheduled__2025-06-02T06:00:00+00:00', try_number=1, map_index=-1, hostname='890ba30a36b0', context_carrier={}, task=<Task(BashOperator): wget_trips_csvgz>, bundle_instance=LocalDagBundle(name=dags-folder), max_tries=0, start_date=datetime.datetime(2025, 7, 13, 16, 8, 9, 913791, tzinfo=TzInfo(UTC)), end_date=None, state=<TaskInstanceState.RUNNING: 'running'>, is_mapped=False, rendered_map_index=None)","logger":"task"}
{"timestamp":"2025-07-13T16:39:16.614303","level":"info","event":"DAG bundles loaded: dags-folder","logger":"airflow.dag_processing.bundles.manager.DagBundlesManager"}
{"timestamp":"2025-07-13T16:39:16.623741","level":"info","event":"Filling up the DagBag from /opt/airflow/dags/data_ingestion_localpg_dag.py","logger":"airflow.models.dagbag.DagBag"}
{"timestamp":"2025-07-13T16:39:17.283669","level":"info","event":"Tmp dir root location: /tmp","logger":"airflow.task.hooks.airflow.providers.standard.hooks.subprocess.SubprocessHook"}
{"timestamp":"2025-07-13T16:39:17.288994","level":"info","event":"Running command: ['/usr/bin/bash', '-c', 'wget https://github.com/DataTalksClub/nyc-tlc-data/releases/download/yellow/yellow_tripdata_2025-06.csv.gz -O /opt/airflow/yellow_tripdata_2025-06.csv.gz && gunzip -f /opt/airflow/yellow_tripdata_2025-06.csv.gz || rm -f /opt/airflow/yellow_tripdata_2025-06.csv.gz']","logger":"airflow.task.hooks.airflow.providers.standard.hooks.subprocess.SubprocessHook"}
{"timestamp":"2025-07-13T16:39:17.316705","level":"info","event":"Output:","logger":"airflow.task.hooks.airflow.providers.standard.hooks.subprocess.SubprocessHook"}
{"timestamp":"2025-07-13T16:39:17.321512","level":"info","event":"--2025-07-13 16:39:17--  https://github.com/DataTalksClub/nyc-tlc-data/releases/download/yellow/yellow_tripdata_2025-06.csv.gz","logger":"airflow.task.hooks.airflow.providers.standard.hooks.subprocess.SubprocessHook"}
{"timestamp":"2025-07-13T16:39:17.353664","level":"info","event":"Resolving github.com (github.com)... 20.205.243.166","logger":"airflow.task.hooks.airflow.providers.standard.hooks.subprocess.SubprocessHook"}
{"timestamp":"2025-07-13T16:39:17.362762","level":"info","event":"Connecting to github.com (github.com)|20.205.243.166|:443... connected.","logger":"airflow.task.hooks.airflow.providers.standard.hooks.subprocess.SubprocessHook"}
{"timestamp":"2025-07-13T16:39:17.697929","level":"info","event":"HTTP request sent, awaiting response... 404 Not Found","logger":"airflow.task.hooks.airflow.providers.standard.hooks.subprocess.SubprocessHook"}
{"timestamp":"2025-07-13T16:39:17.698435","level":"info","event":"2025-07-13 16:39:17 ERROR 404: Not Found.","logger":"airflow.task.hooks.airflow.providers.standard.hooks.subprocess.SubprocessHook"}
{"timestamp":"2025-07-13T16:39:17.699013","level":"info","event":"","logger":"airflow.task.hooks.airflow.providers.standard.hooks.subprocess.SubprocessHook"}
{"timestamp":"2025-07-13T16:39:17.705730","level":"info","event":"Command exited with return code 0","logger":"airflow.task.hooks.airflow.providers.standard.hooks.subprocess.SubprocessHook"}
{"timestamp":"2025-07-13T16:39:17.710900","level":"info","event":"Pushing xcom","ti":"RuntimeTaskInstance(id=UUID('019804a7-ac23-77d0-9278-ca1eee9f7d41'), task_id='wget_trips_csvgz', dag_id='local_ingestion_pg', run_id='scheduled__2025-06-02T06:00:00+00:00', try_number=1, map_index=-1, hostname='890ba30a36b0', context_carrier={}, task=<Task(BashOperator): wget_trips_csvgz>, bundle_instance=LocalDagBundle(name=dags-folder), max_tries=0, start_date=datetime.datetime(2025, 7, 13, 16, 39, 14, 929979, tzinfo=TzInfo(UTC)), end_date=None, state=<TaskInstanceState.RUNNING: 'running'>, is_mapped=False, rendered_map_index=None)","logger":"task"}
