{"timestamp":"2025-07-13T18:39:05.270662","level":"info","event":"DAG bundles loaded: dags-folder","logger":"airflow.dag_processing.bundles.manager.DagBundlesManager"}
{"timestamp":"2025-07-13T18:39:05.271322","level":"info","event":"Filling up the DagBag from /opt/airflow/dags/data_ingestion_gcs_dag.py","logger":"airflow.models.dagbag.DagBag"}
{"timestamp":"2025-07-13T18:39:06.782555","level":"info","event":"Tmp dir root location: /tmp","logger":"airflow.task.hooks.airflow.providers.standard.hooks.subprocess.SubprocessHook"}
{"timestamp":"2025-07-13T18:39:06.788882","level":"info","event":"Running command: ['/usr/bin/bash', '-c', 'echo https://github.com/DataTalksClub/nyc-tlc-data/releases/download/green/green_tripdata_2019-06.csv.gz && wget --no-verbose https://github.com/DataTalksClub/nyc-tlc-data/releases/download/green/green_tripdata_2019-06.csv.gz -O /opt/airflow/green_tripdata_2019-06.csv.gz && gunzip -f /opt/airflow/green_tripdata_2019-06.csv.gz']","logger":"airflow.task.hooks.airflow.providers.standard.hooks.subprocess.SubprocessHook"}
{"timestamp":"2025-07-13T18:39:06.872378","level":"info","event":"Output:","logger":"airflow.task.hooks.airflow.providers.standard.hooks.subprocess.SubprocessHook"}
{"timestamp":"2025-07-13T18:39:06.897438","level":"info","event":"https://github.com/DataTalksClub/nyc-tlc-data/releases/download/green/green_tripdata_2019-06.csv.gz","logger":"airflow.task.hooks.airflow.providers.standard.hooks.subprocess.SubprocessHook"}
{"timestamp":"2025-07-13T18:39:09.107876","level":"info","event":"2025-07-13 18:39:09 URL:https://objects.githubusercontent.com/github-production-release-asset-2e65be/513814948/e3a5326b-5167-4f2a-b9b6-be63e78d3896?X-Amz-Algorithm=AWS4-HMAC-SHA256&X-Amz-Credential=releaseassetproduction%2F20250713%2Fus-east-1%2Fs3%2Faws4_request&X-Amz-Date=20250713T183907Z&X-Amz-Expires=1800&X-Amz-Signature=f91bf6d6a1a3565e14813fc00ccc7f2ad8eed4c685146a715b16011620c160e4&X-Amz-SignedHeaders=host&response-content-disposition=attachment%3B%20filename%3Dgreen_tripdata_2019-06.csv.gz&response-content-type=application%2Foctet-stream [8295836/8295836] -> \"/opt/airflow/green_tripdata_2019-06.csv.gz\" [1]","logger":"airflow.task.hooks.airflow.providers.standard.hooks.subprocess.SubprocessHook"}
{"timestamp":"2025-07-13T18:39:09.556632","level":"info","event":"Command exited with return code 0","logger":"airflow.task.hooks.airflow.providers.standard.hooks.subprocess.SubprocessHook"}
{"timestamp":"2025-07-13T18:39:09.560646","level":"info","event":"Pushing xcom","ti":"RuntimeTaskInstance(id=UUID('01980515-63fa-73db-8238-72b051b5a9bf'), task_id='download_dataset_task', dag_id='upload_gcs_greentrips', run_id='scheduled__2019-06-02T06:00:00+00:00', try_number=1, map_index=-1, hostname='fb7e26a7e74c', context_carrier={}, task=<Task(BashOperator): download_dataset_task>, bundle_instance=LocalDagBundle(name=dags-folder), max_tries=0, start_date=datetime.datetime(2025, 7, 13, 18, 39, 4, 943468, tzinfo=TzInfo(UTC)), end_date=None, state=<TaskInstanceState.RUNNING: 'running'>, is_mapped=False, rendered_map_index=None)","logger":"task"}
{"timestamp":"2025-07-17T08:54:11.689652","level":"info","event":"DAG bundles loaded: dags-folder","logger":"airflow.dag_processing.bundles.manager.DagBundlesManager"}
{"timestamp":"2025-07-17T08:54:11.692319","level":"info","event":"Filling up the DagBag from /opt/airflow/dags/data_ingestion_gcs_dag.py","logger":"airflow.models.dagbag.DagBag"}
{"timestamp":"2025-07-17T08:54:13.754530","level":"info","event":"Tmp dir root location: /tmp","logger":"airflow.task.hooks.airflow.providers.standard.hooks.subprocess.SubprocessHook"}
{"timestamp":"2025-07-17T08:54:13.755616","level":"info","event":"Running command: ['/usr/bin/bash', '-c', \"echo https://github.com/DataTalksClub/nyc-tlc-data/releases/download/green/green_tripdata_2019-06.csv.gz && wget --no-verbose https://github.com/DataTalksClub/nyc-tlc-data/releases/download/green/green_tripdata_2019-06.csv.gz -O /opt/airflow/green_tripdata_2019-06.csv.gz && gunzip -f /opt/airflow/green_tripdata_2019-06.csv.gz || echo 'invalid link or file not in gz format' && wget https://github.com/DataTalksClub/nyc-tlc-data/releases/download/green/green_tripdata_2019-06.csv.gz -O /opt/airflow/green_tripdata_2019-06.csv\"]","logger":"airflow.task.hooks.airflow.providers.standard.hooks.subprocess.SubprocessHook"}
{"timestamp":"2025-07-17T08:54:13.779006","level":"info","event":"Output:","logger":"airflow.task.hooks.airflow.providers.standard.hooks.subprocess.SubprocessHook"}
{"timestamp":"2025-07-17T08:54:13.789035","level":"info","event":"https://github.com/DataTalksClub/nyc-tlc-data/releases/download/green/green_tripdata_2019-06.csv.gz","logger":"airflow.task.hooks.airflow.providers.standard.hooks.subprocess.SubprocessHook"}
{"timestamp":"2025-07-17T08:54:14.798838","level":"info","event":"2025-07-17 08:54:14 URL:https://release-assets.githubusercontent.com/github-production-release-asset/513814948/e3a5326b-5167-4f2a-b9b6-be63e78d3896?sp=r&sv=2018-11-09&sr=b&spr=https&se=2025-07-17T09%3A50%3A17Z&rscd=attachment%3B+filename%3Dgreen_tripdata_2019-06.csv.gz&rsct=application%2Foctet-stream&skoid=96c2d410-5711-43a1-aedd-ab1947aa7ab0&sktid=398a6654-997b-47e9-b12b-9515b896b4de&skt=2025-07-17T08%3A50%3A06Z&ske=2025-07-17T09%3A50%3A17Z&sks=b&skv=2018-11-09&sig=4ysjcR8d%2F3RM0HlZO%2BuXMWJcT4stZztfWlSAKbxqgAI%3D&jwt=eyJ******&response-content-disposition=attachment%3B%20filename%3Dgreen_tripdata_2019-06.csv.gz&response-content-type=application%2Foctet-stream [8295836/8295836] -> \"/opt/airflow/green_tripdata_2019-06.csv.gz\" [1]","logger":"airflow.task.hooks.airflow.providers.standard.hooks.subprocess.SubprocessHook"}
{"timestamp":"2025-07-17T08:54:15.646494","level":"info","event":"--2025-07-17 08:54:15--  https://github.com/DataTalksClub/nyc-tlc-data/releases/download/green/green_tripdata_2019-06.csv.gz","logger":"airflow.task.hooks.airflow.providers.standard.hooks.subprocess.SubprocessHook"}
{"timestamp":"2025-07-17T08:54:15.702694","level":"info","event":"Resolving github.com (github.com)... 20.205.243.166","logger":"airflow.task.hooks.airflow.providers.standard.hooks.subprocess.SubprocessHook"}
{"timestamp":"2025-07-17T08:54:15.715848","level":"info","event":"Connecting to github.com (github.com)|20.205.243.166|:443... connected.","logger":"airflow.task.hooks.airflow.providers.standard.hooks.subprocess.SubprocessHook"}
{"timestamp":"2025-07-17T08:54:15.898106","level":"info","event":"HTTP request sent, awaiting response... 302 Found","logger":"airflow.task.hooks.airflow.providers.standard.hooks.subprocess.SubprocessHook"}
{"timestamp":"2025-07-17T08:54:15.898287","level":"info","event":"Location: https://release-assets.githubusercontent.com/github-production-release-asset/513814948/e3a5326b-5167-4f2a-b9b6-be63e78d3896?sp=r&sv=2018-11-09&sr=b&spr=https&se=2025-07-17T09%3A50%3A17Z&rscd=attachment%3B+filename%3Dgreen_tripdata_2019-06.csv.gz&rsct=application%2Foctet-stream&skoid=96c2d410-5711-43a1-aedd-ab1947aa7ab0&sktid=398a6654-997b-47e9-b12b-9515b896b4de&skt=2025-07-17T08%3A50%3A06Z&ske=2025-07-17T09%3A50%3A17Z&sks=b&skv=2018-11-09&sig=4ysjcR8d%2F3RM0HlZO%2BuXMWJcT4stZztfWlSAKbxqgAI%3D&jwt=eyJ******&response-content-disposition=attachment%3B%20filename%3Dgreen_tripdata_2019-06.csv.gz&response-content-type=application%2Foctet-stream [following]","logger":"airflow.task.hooks.airflow.providers.standard.hooks.subprocess.SubprocessHook"}
{"timestamp":"2025-07-17T08:54:15.898447","level":"info","event":"--2025-07-17 08:54:15--  https://release-assets.githubusercontent.com/github-production-release-asset/513814948/e3a5326b-5167-4f2a-b9b6-be63e78d3896?sp=r&sv=2018-11-09&sr=b&spr=https&se=2025-07-17T09%3A50%3A17Z&rscd=attachment%3B+filename%3Dgreen_tripdata_2019-06.csv.gz&rsct=application%2Foctet-stream&skoid=96c2d410-5711-43a1-aedd-ab1947aa7ab0&sktid=398a6654-997b-47e9-b12b-9515b896b4de&skt=2025-07-17T08%3A50%3A06Z&ske=2025-07-17T09%3A50%3A17Z&sks=b&skv=2018-11-09&sig=4ysjcR8d%2F3RM0HlZO%2BuXMWJcT4stZztfWlSAKbxqgAI%3D&jwt=eyJ******&response-content-disposition=attachment%3B%20filename%3Dgreen_tripdata_2019-06.csv.gz&response-content-type=application%2Foctet-stream","logger":"airflow.task.hooks.airflow.providers.standard.hooks.subprocess.SubprocessHook"}
{"timestamp":"2025-07-17T08:54:16.029938","level":"info","event":"Resolving release-assets.githubusercontent.com (release-assets.githubusercontent.com)... 185.199.109.133, 185.199.110.133, 185.199.111.133, ...","logger":"airflow.task.hooks.airflow.providers.standard.hooks.subprocess.SubprocessHook"}
{"timestamp":"2025-07-17T08:54:16.187899","level":"info","event":"Connecting to release-assets.githubusercontent.com (release-assets.githubusercontent.com)|185.199.109.133|:443... connected.","logger":"airflow.task.hooks.airflow.providers.standard.hooks.subprocess.SubprocessHook"}
{"timestamp":"2025-07-17T08:54:16.397693","level":"info","event":"HTTP request sent, awaiting response... 200 OK","logger":"airflow.task.hooks.airflow.providers.standard.hooks.subprocess.SubprocessHook"}
{"timestamp":"2025-07-17T08:54:16.397913","level":"info","event":"Length: 8295836 (7.9M) [application/octet-stream]","logger":"airflow.task.hooks.airflow.providers.standard.hooks.subprocess.SubprocessHook"}
{"timestamp":"2025-07-17T08:54:16.398343","level":"info","event":"Saving to: ‘/opt/airflow/green_tripdata_2019-06.csv’","logger":"airflow.task.hooks.airflow.providers.standard.hooks.subprocess.SubprocessHook"}
{"timestamp":"2025-07-17T08:54:16.430419","level":"info","event":"","logger":"airflow.task.hooks.airflow.providers.standard.hooks.subprocess.SubprocessHook"}
{"timestamp":"2025-07-17T08:54:16.613236","level":"info","event":"     0K .......... .......... .......... .......... ..........  0%  234K 34s","logger":"airflow.task.hooks.airflow.providers.standard.hooks.subprocess.SubprocessHook"}
{"timestamp":"2025-07-17T08:54:16.686924","level":"info","event":"    50K .......... .......... .......... .......... ..........  1%  702K 23s","logger":"airflow.task.hooks.airflow.providers.standard.hooks.subprocess.SubprocessHook"}
{"timestamp":"2025-07-17T08:54:16.856862","level":"info","event":"   100K .......... .......... .......... .......... ..........  1%  288K 24s","logger":"airflow.task.hooks.airflow.providers.standard.hooks.subprocess.SubprocessHook"}
{"timestamp":"2025-07-17T08:54:16.857075","level":"info","event":"   150K .......... .......... .......... .......... ..........  2%  176M 18s","logger":"airflow.task.hooks.airflow.providers.standard.hooks.subprocess.SubprocessHook"}
{"timestamp":"2025-07-17T08:54:16.857147","level":"info","event":"   200K .......... .......... .......... .......... ..........  3%  157M 14s","logger":"airflow.task.hooks.airflow.providers.standard.hooks.subprocess.SubprocessHook"}
{"timestamp":"2025-07-17T08:54:16.857206","level":"info","event":"   250K .......... .......... .......... .......... ..........  3%  198M 12s","logger":"airflow.task.hooks.airflow.providers.standard.hooks.subprocess.SubprocessHook"}
{"timestamp":"2025-07-17T08:54:16.858740","level":"info","event":"   300K .......... .......... .......... .......... ..........  4%  183M 10s","logger":"airflow.task.hooks.airflow.providers.standard.hooks.subprocess.SubprocessHook"}
{"timestamp":"2025-07-17T08:54:16.948482","level":"info","event":"   350K .......... .......... .......... .......... ..........  4% 10.3M 9s","logger":"airflow.task.hooks.airflow.providers.standard.hooks.subprocess.SubprocessHook"}
{"timestamp":"2025-07-17T08:54:16.948607","level":"info","event":"   400K .......... .......... .......... .......... ..........  5% 1.72M 8s","logger":"airflow.task.hooks.airflow.providers.standard.hooks.subprocess.SubprocessHook"}
{"timestamp":"2025-07-17T08:54:16.948661","level":"info","event":"   450K .......... .......... .......... .......... ..........  6% 8.50M 8s","logger":"airflow.task.hooks.airflow.providers.standard.hooks.subprocess.SubprocessHook"}
{"timestamp":"2025-07-17T08:54:16.948847","level":"info","event":"   500K .......... .......... .......... .......... ..........  6% 2.00M 7s","logger":"airflow.task.hooks.airflow.providers.standard.hooks.subprocess.SubprocessHook"}
{"timestamp":"2025-07-17T08:54:16.949057","level":"info","event":"   550K .......... .......... .......... .......... ..........  7%  234M 7s","logger":"airflow.task.hooks.airflow.providers.standard.hooks.subprocess.SubprocessHook"}
{"timestamp":"2025-07-17T08:54:16.949539","level":"info","event":"   600K .......... .......... .......... .......... ..........  8%  248M 6s","logger":"airflow.task.hooks.airflow.providers.standard.hooks.subprocess.SubprocessHook"}
{"timestamp":"2025-07-17T08:54:16.949619","level":"info","event":"   650K .......... .......... .......... .......... ..........  8%  277M 6s","logger":"airflow.task.hooks.airflow.providers.standard.hooks.subprocess.SubprocessHook"}
{"timestamp":"2025-07-17T08:54:16.949687","level":"info","event":"   700K .......... .......... .......... .......... ..........  9%  285M 5s","logger":"airflow.task.hooks.airflow.providers.standard.hooks.subprocess.SubprocessHook"}
{"timestamp":"2025-07-17T08:54:16.949780","level":"info","event":"   750K .......... .......... .......... .......... ..........  9% 1.72M 5s","logger":"airflow.task.hooks.airflow.providers.standard.hooks.subprocess.SubprocessHook"}
{"timestamp":"2025-07-17T08:54:16.956820","level":"info","event":"   800K .......... .......... .......... .......... .......... 10% 7.66M 5s","logger":"airflow.task.hooks.airflow.providers.standard.hooks.subprocess.SubprocessHook"}
{"timestamp":"2025-07-17T08:54:16.957676","level":"info","event":"   850K .......... .......... .......... .......... .......... 11% 32.2M 4s","logger":"airflow.task.hooks.airflow.providers.standard.hooks.subprocess.SubprocessHook"}
{"timestamp":"2025-07-17T08:54:16.960245","level":"info","event":"   900K .......... .......... .......... .......... .......... 11% 23.1M 4s","logger":"airflow.task.hooks.airflow.providers.standard.hooks.subprocess.SubprocessHook"}
{"timestamp":"2025-07-17T08:54:16.964413","level":"info","event":"   950K .......... .......... .......... .......... .......... 12% 22.2M 4s","logger":"airflow.task.hooks.airflow.providers.standard.hooks.subprocess.SubprocessHook"}
{"timestamp":"2025-07-17T08:54:16.965293","level":"info","event":"  1000K .......... .......... .......... .......... .......... 12% 15.4M 4s","logger":"airflow.task.hooks.airflow.providers.standard.hooks.subprocess.SubprocessHook"}
{"timestamp":"2025-07-17T08:54:16.966555","level":"info","event":"  1050K .......... .......... .......... .......... .......... 13% 39.6M 4s","logger":"airflow.task.hooks.airflow.providers.standard.hooks.subprocess.SubprocessHook"}
{"timestamp":"2025-07-17T08:54:16.968846","level":"info","event":"  1100K .......... .......... .......... .......... .......... 14% 21.0M 3s","logger":"airflow.task.hooks.airflow.providers.standard.hooks.subprocess.SubprocessHook"}
{"timestamp":"2025-07-17T08:54:16.968950","level":"info","event":"  1150K .......... .......... .......... .......... .......... 14%  229M 3s","logger":"airflow.task.hooks.airflow.providers.standard.hooks.subprocess.SubprocessHook"}
{"timestamp":"2025-07-17T08:54:16.971621","level":"info","event":"  1200K .......... .......... .......... .......... .......... 15% 19.1M 3s","logger":"airflow.task.hooks.airflow.providers.standard.hooks.subprocess.SubprocessHook"}
{"timestamp":"2025-07-17T08:54:16.973007","level":"info","event":"  1250K .......... .......... .......... .......... .......... 16% 33.7M 3s","logger":"airflow.task.hooks.airflow.providers.standard.hooks.subprocess.SubprocessHook"}
{"timestamp":"2025-07-17T08:54:16.979954","level":"info","event":"  1300K .......... .......... .......... .......... .......... 16% 8.77M 3s","logger":"airflow.task.hooks.airflow.providers.standard.hooks.subprocess.SubprocessHook"}
{"timestamp":"2025-07-17T08:54:16.980071","level":"info","event":"  1350K .......... .......... .......... .......... .......... 17% 44.8M 3s","logger":"airflow.task.hooks.airflow.providers.standard.hooks.subprocess.SubprocessHook"}
{"timestamp":"2025-07-17T08:54:16.980445","level":"info","event":"  1400K .......... .......... .......... .......... .......... 17% 57.7M 3s","logger":"airflow.task.hooks.airflow.providers.standard.hooks.subprocess.SubprocessHook"}
{"timestamp":"2025-07-17T08:54:16.981511","level":"info","event":"  1450K .......... .......... .......... .......... .......... 18% 50.8M 3s","logger":"airflow.task.hooks.airflow.providers.standard.hooks.subprocess.SubprocessHook"}
{"timestamp":"2025-07-17T08:54:16.983965","level":"info","event":"  1500K .......... .......... .......... .......... .......... 19% 26.0M 2s","logger":"airflow.task.hooks.airflow.providers.standard.hooks.subprocess.SubprocessHook"}
{"timestamp":"2025-07-17T08:54:16.984191","level":"info","event":"  1550K .......... .......... .......... .......... .......... 19%  157M 2s","logger":"airflow.task.hooks.airflow.providers.standard.hooks.subprocess.SubprocessHook"}
{"timestamp":"2025-07-17T08:54:16.985056","level":"info","event":"  1600K .......... .......... .......... .......... .......... 20% 45.3M 2s","logger":"airflow.task.hooks.airflow.providers.standard.hooks.subprocess.SubprocessHook"}
{"timestamp":"2025-07-17T08:54:16.986073","level":"info","event":"  1650K .......... .......... .......... .......... .......... 20% 44.7M 2s","logger":"airflow.task.hooks.airflow.providers.standard.hooks.subprocess.SubprocessHook"}
{"timestamp":"2025-07-17T08:54:16.987190","level":"info","event":"  1700K .......... .......... .......... .......... .......... 21% 50.8M 2s","logger":"airflow.task.hooks.airflow.providers.standard.hooks.subprocess.SubprocessHook"}
{"timestamp":"2025-07-17T08:54:16.987680","level":"info","event":"  1750K .......... .......... .......... .......... .......... 22% 57.7M 2s","logger":"airflow.task.hooks.airflow.providers.standard.hooks.subprocess.SubprocessHook"}
{"timestamp":"2025-07-17T08:54:16.990087","level":"info","event":"  1800K .......... .......... .......... .......... .......... 22% 31.1M 2s","logger":"airflow.task.hooks.airflow.providers.standard.hooks.subprocess.SubprocessHook"}
{"timestamp":"2025-07-17T08:54:16.993200","level":"info","event":"  1850K .......... .......... .......... .......... .......... 23% 20.0M 2s","logger":"airflow.task.hooks.airflow.providers.standard.hooks.subprocess.SubprocessHook"}
{"timestamp":"2025-07-17T08:54:16.995589","level":"info","event":"  1900K .......... .......... .......... .......... .......... 24% 20.1M 2s","logger":"airflow.task.hooks.airflow.providers.standard.hooks.subprocess.SubprocessHook"}
{"timestamp":"2025-07-17T08:54:17.004392","level":"info","event":"  1950K .......... .......... .......... .......... .......... 24% 29.2M 2s","logger":"airflow.task.hooks.airflow.providers.standard.hooks.subprocess.SubprocessHook"}
{"timestamp":"2025-07-17T08:54:17.004578","level":"info","event":"  2000K .......... .......... .......... .......... .......... 25% 5.52M 2s","logger":"airflow.task.hooks.airflow.providers.standard.hooks.subprocess.SubprocessHook"}
{"timestamp":"2025-07-17T08:54:17.004981","level":"info","event":"  2050K .......... .......... .......... .......... .......... 25%  150M 2s","logger":"airflow.task.hooks.airflow.providers.standard.hooks.subprocess.SubprocessHook"}
{"timestamp":"2025-07-17T08:54:17.006337","level":"info","event":"  2100K .......... .......... .......... .......... .......... 26% 36.2M 2s","logger":"airflow.task.hooks.airflow.providers.standard.hooks.subprocess.SubprocessHook"}
{"timestamp":"2025-07-17T08:54:17.007832","level":"info","event":"  2150K .......... .......... .......... .......... .......... 27% 52.6M 2s","logger":"airflow.task.hooks.airflow.providers.standard.hooks.subprocess.SubprocessHook"}
{"timestamp":"2025-07-17T08:54:17.008102","level":"info","event":"  2200K .......... .......... .......... .......... .......... 27%  132M 2s","logger":"airflow.task.hooks.airflow.providers.standard.hooks.subprocess.SubprocessHook"}
{"timestamp":"2025-07-17T08:54:17.008171","level":"info","event":"  2250K .......... .......... .......... .......... .......... 28%  240M 2s","logger":"airflow.task.hooks.airflow.providers.standard.hooks.subprocess.SubprocessHook"}
{"timestamp":"2025-07-17T08:54:17.013481","level":"info","event":"  2300K .......... .......... .......... .......... .......... 29% 8.82M 2s","logger":"airflow.task.hooks.airflow.providers.standard.hooks.subprocess.SubprocessHook"}
{"timestamp":"2025-07-17T08:54:17.014113","level":"info","event":"  2350K .......... .......... .......... .......... .......... 29%  101M 1s","logger":"airflow.task.hooks.airflow.providers.standard.hooks.subprocess.SubprocessHook"}
{"timestamp":"2025-07-17T08:54:17.016382","level":"info","event":"  2400K .......... .......... .......... .......... .......... 30% 29.8M 1s","logger":"airflow.task.hooks.airflow.providers.standard.hooks.subprocess.SubprocessHook"}
{"timestamp":"2025-07-17T08:54:17.017686","level":"info","event":"  2450K .......... .......... .......... .......... .......... 30% 27.4M 1s","logger":"airflow.task.hooks.airflow.providers.standard.hooks.subprocess.SubprocessHook"}
{"timestamp":"2025-07-17T08:54:17.017838","level":"info","event":"  2500K .......... .......... .......... .......... .......... 31%  108M 1s","logger":"airflow.task.hooks.airflow.providers.standard.hooks.subprocess.SubprocessHook"}
{"timestamp":"2025-07-17T08:54:17.018247","level":"info","event":"  2550K .......... .......... .......... .......... .......... 32% 79.2M 1s","logger":"airflow.task.hooks.airflow.providers.standard.hooks.subprocess.SubprocessHook"}
{"timestamp":"2025-07-17T08:54:17.019319","level":"info","event":"  2600K .......... .......... .......... .......... .......... 32% 72.6M 1s","logger":"airflow.task.hooks.airflow.providers.standard.hooks.subprocess.SubprocessHook"}
{"timestamp":"2025-07-17T08:54:17.019955","level":"info","event":"  2650K .......... .......... .......... .......... .......... 33% 45.6M 1s","logger":"airflow.task.hooks.airflow.providers.standard.hooks.subprocess.SubprocessHook"}
{"timestamp":"2025-07-17T08:54:17.020693","level":"info","event":"  2700K .......... .......... .......... .......... .......... 33% 80.1M 1s","logger":"airflow.task.hooks.airflow.providers.standard.hooks.subprocess.SubprocessHook"}
{"timestamp":"2025-07-17T08:54:17.021593","level":"info","event":"  2750K .......... .......... .......... .......... .......... 34% 50.2M 1s","logger":"airflow.task.hooks.airflow.providers.standard.hooks.subprocess.SubprocessHook"}
{"timestamp":"2025-07-17T08:54:17.026774","level":"info","event":"  2800K .......... .......... .......... .......... .......... 35% 9.83M 1s","logger":"airflow.task.hooks.airflow.providers.standard.hooks.subprocess.SubprocessHook"}
{"timestamp":"2025-07-17T08:54:17.028159","level":"info","event":"  2850K .......... .......... .......... .......... .......... 35%  171M 1s","logger":"airflow.task.hooks.airflow.providers.standard.hooks.subprocess.SubprocessHook"}
{"timestamp":"2025-07-17T08:54:17.031554","level":"info","event":"  2900K .......... .......... .......... .......... .......... 36% 19.2M 1s","logger":"airflow.task.hooks.airflow.providers.standard.hooks.subprocess.SubprocessHook"}
{"timestamp":"2025-07-17T08:54:17.031695","level":"info","event":"  2950K .......... .......... .......... .......... .......... 37% 23.4M 1s","logger":"airflow.task.hooks.airflow.providers.standard.hooks.subprocess.SubprocessHook"}
{"timestamp":"2025-07-17T08:54:17.031765","level":"info","event":"  3000K .......... .......... .......... .......... .......... 37%  119M 1s","logger":"airflow.task.hooks.airflow.providers.standard.hooks.subprocess.SubprocessHook"}
{"timestamp":"2025-07-17T08:54:17.033504","level":"info","event":"  3050K .......... .......... .......... .......... .......... 38% 31.7M 1s","logger":"airflow.task.hooks.airflow.providers.standard.hooks.subprocess.SubprocessHook"}
{"timestamp":"2025-07-17T08:54:17.033772","level":"info","event":"  3100K .......... .......... .......... .......... .......... 38%  149M 1s","logger":"airflow.task.hooks.airflow.providers.standard.hooks.subprocess.SubprocessHook"}
{"timestamp":"2025-07-17T08:54:17.036879","level":"info","event":"  3150K .......... .......... .......... .......... .......... 39% 18.4M 1s","logger":"airflow.task.hooks.airflow.providers.standard.hooks.subprocess.SubprocessHook"}
{"timestamp":"2025-07-17T08:54:17.036967","level":"info","event":"  3200K .......... .......... .......... .......... .......... 40% 82.5M 1s","logger":"airflow.task.hooks.airflow.providers.standard.hooks.subprocess.SubprocessHook"}
{"timestamp":"2025-07-17T08:54:17.038190","level":"info","event":"  3250K .......... .......... .......... .......... .......... 40%  198M 1s","logger":"airflow.task.hooks.airflow.providers.standard.hooks.subprocess.SubprocessHook"}
{"timestamp":"2025-07-17T08:54:17.040163","level":"info","event":"  3300K .......... .......... .......... .......... .......... 41% 17.1M 1s","logger":"airflow.task.hooks.airflow.providers.standard.hooks.subprocess.SubprocessHook"}
{"timestamp":"2025-07-17T08:54:17.041142","level":"info","event":"  3350K .......... .......... .......... .......... .......... 41% 47.0M 1s","logger":"airflow.task.hooks.airflow.providers.standard.hooks.subprocess.SubprocessHook"}
{"timestamp":"2025-07-17T08:54:17.042078","level":"info","event":"  3400K .......... .......... .......... .......... .......... 42% 51.4M 1s","logger":"airflow.task.hooks.airflow.providers.standard.hooks.subprocess.SubprocessHook"}
{"timestamp":"2025-07-17T08:54:17.042396","level":"info","event":"  3450K .......... .......... .......... .......... .......... 43%  219M 1s","logger":"airflow.task.hooks.airflow.providers.standard.hooks.subprocess.SubprocessHook"}
{"timestamp":"2025-07-17T08:54:17.043681","level":"info","event":"  3500K .......... .......... .......... .......... .......... 43% 40.2M 1s","logger":"airflow.task.hooks.airflow.providers.standard.hooks.subprocess.SubprocessHook"}
{"timestamp":"2025-07-17T08:54:17.043831","level":"info","event":"  3550K .......... .......... .......... .......... .......... 44%  215M 1s","logger":"airflow.task.hooks.airflow.providers.standard.hooks.subprocess.SubprocessHook"}
{"timestamp":"2025-07-17T08:54:17.045337","level":"info","event":"  3600K .......... .......... .......... .......... .......... 45% 36.7M 1s","logger":"airflow.task.hooks.airflow.providers.standard.hooks.subprocess.SubprocessHook"}
{"timestamp":"2025-07-17T08:54:17.045755","level":"info","event":"  3650K .......... .......... .......... .......... .......... 45% 80.1M 1s","logger":"airflow.task.hooks.airflow.providers.standard.hooks.subprocess.SubprocessHook"}
{"timestamp":"2025-07-17T08:54:17.046627","level":"info","event":"  3700K .......... .......... .......... .......... .......... 46% 68.0M 1s","logger":"airflow.task.hooks.airflow.providers.standard.hooks.subprocess.SubprocessHook"}
{"timestamp":"2025-07-17T08:54:17.046734","level":"info","event":"  3750K .......... .......... .......... .......... .......... 46%  214M 1s","logger":"airflow.task.hooks.airflow.providers.standard.hooks.subprocess.SubprocessHook"}
{"timestamp":"2025-07-17T08:54:17.047376","level":"info","event":"  3800K .......... .......... .......... .......... .......... 47% 76.8M 1s","logger":"airflow.task.hooks.airflow.providers.standard.hooks.subprocess.SubprocessHook"}
{"timestamp":"2025-07-17T08:54:17.048329","level":"info","event":"  3850K .......... .......... .......... .......... .......... 48%  103M 1s","logger":"airflow.task.hooks.airflow.providers.standard.hooks.subprocess.SubprocessHook"}
{"timestamp":"2025-07-17T08:54:17.049344","level":"info","event":"  3900K .......... .......... .......... .......... .......... 48% 31.4M 1s","logger":"airflow.task.hooks.airflow.providers.standard.hooks.subprocess.SubprocessHook"}
{"timestamp":"2025-07-17T08:54:17.049497","level":"info","event":"  3950K .......... .......... .......... .......... .......... 49%  166M 1s","logger":"airflow.task.hooks.airflow.providers.standard.hooks.subprocess.SubprocessHook"}
{"timestamp":"2025-07-17T08:54:17.051922","level":"info","event":"  4000K .......... .......... .......... .......... .......... 49%  108M 1s","logger":"airflow.task.hooks.airflow.providers.standard.hooks.subprocess.SubprocessHook"}
{"timestamp":"2025-07-17T08:54:17.052017","level":"info","event":"  4050K .......... .......... .......... .......... .......... 50%  123M 1s","logger":"airflow.task.hooks.airflow.providers.standard.hooks.subprocess.SubprocessHook"}
{"timestamp":"2025-07-17T08:54:17.053669","level":"info","event":"  4100K .......... .......... .......... .......... .......... 51% 15.8M 1s","logger":"airflow.task.hooks.airflow.providers.standard.hooks.subprocess.SubprocessHook"}
{"timestamp":"2025-07-17T08:54:17.054670","level":"info","event":"  4150K .......... .......... .......... .......... .......... 51% 41.8M 1s","logger":"airflow.task.hooks.airflow.providers.standard.hooks.subprocess.SubprocessHook"}
{"timestamp":"2025-07-17T08:54:17.055629","level":"info","event":"  4200K .......... .......... .......... .......... .......... 52% 55.4M 1s","logger":"airflow.task.hooks.airflow.providers.standard.hooks.subprocess.SubprocessHook"}
{"timestamp":"2025-07-17T08:54:17.059971","level":"info","event":"  4250K .......... .......... .......... .......... .......... 53% 12.9M 1s","logger":"airflow.task.hooks.airflow.providers.standard.hooks.subprocess.SubprocessHook"}
{"timestamp":"2025-07-17T08:54:17.060061","level":"info","event":"  4300K .......... .......... .......... .......... .......... 53%  174M 1s","logger":"airflow.task.hooks.airflow.providers.standard.hooks.subprocess.SubprocessHook"}
{"timestamp":"2025-07-17T08:54:17.062640","level":"info","event":"  4350K .......... .......... .......... .......... .......... 54% 16.4M 1s","logger":"airflow.task.hooks.airflow.providers.standard.hooks.subprocess.SubprocessHook"}
{"timestamp":"2025-07-17T08:54:17.064212","level":"info","event":"  4400K .......... .......... .......... .......... .......... 54% 34.9M 1s","logger":"airflow.task.hooks.airflow.providers.standard.hooks.subprocess.SubprocessHook"}
{"timestamp":"2025-07-17T08:54:17.066462","level":"info","event":"  4450K .......... .......... .......... .......... .......... 55% 21.1M 1s","logger":"airflow.task.hooks.airflow.providers.standard.hooks.subprocess.SubprocessHook"}
{"timestamp":"2025-07-17T08:54:17.068159","level":"info","event":"  4500K .......... .......... .......... .......... .......... 56% 32.2M 1s","logger":"airflow.task.hooks.airflow.providers.standard.hooks.subprocess.SubprocessHook"}
{"timestamp":"2025-07-17T08:54:17.069408","level":"info","event":"  4550K .......... .......... .......... .......... .......... 56% 47.6M 1s","logger":"airflow.task.hooks.airflow.providers.standard.hooks.subprocess.SubprocessHook"}
{"timestamp":"2025-07-17T08:54:17.070289","level":"info","event":"  4600K .......... .......... .......... .......... .......... 57% 59.4M 0s","logger":"airflow.task.hooks.airflow.providers.standard.hooks.subprocess.SubprocessHook"}
{"timestamp":"2025-07-17T08:54:17.070377","level":"info","event":"  4650K .......... .......... .......... .......... .......... 58%  126M 0s","logger":"airflow.task.hooks.airflow.providers.standard.hooks.subprocess.SubprocessHook"}
{"timestamp":"2025-07-17T08:54:17.070436","level":"info","event":"  4700K .......... .......... .......... .......... .......... 58%  146M 0s","logger":"airflow.task.hooks.airflow.providers.standard.hooks.subprocess.SubprocessHook"}
{"timestamp":"2025-07-17T08:54:17.071492","level":"info","event":"  4750K .......... .......... .......... .......... .......... 59% 64.3M 0s","logger":"airflow.task.hooks.airflow.providers.standard.hooks.subprocess.SubprocessHook"}
{"timestamp":"2025-07-17T08:54:17.072378","level":"info","event":"  4800K .......... .......... .......... .......... .......... 59% 58.0M 0s","logger":"airflow.task.hooks.airflow.providers.standard.hooks.subprocess.SubprocessHook"}
{"timestamp":"2025-07-17T08:54:17.072485","level":"info","event":"  4850K .......... .......... .......... .......... .......... 60% 95.9M 0s","logger":"airflow.task.hooks.airflow.providers.standard.hooks.subprocess.SubprocessHook"}
{"timestamp":"2025-07-17T08:54:17.072930","level":"info","event":"  4900K .......... .......... .......... .......... .......... 61%  113M 0s","logger":"airflow.task.hooks.airflow.providers.standard.hooks.subprocess.SubprocessHook"}
{"timestamp":"2025-07-17T08:54:17.073713","level":"info","event":"  4950K .......... .......... .......... .......... .......... 61% 59.7M 0s","logger":"airflow.task.hooks.airflow.providers.standard.hooks.subprocess.SubprocessHook"}
{"timestamp":"2025-07-17T08:54:17.074070","level":"info","event":"  5000K .......... .......... .......... .......... .......... 62%  189M 0s","logger":"airflow.task.hooks.airflow.providers.standard.hooks.subprocess.SubprocessHook"}
{"timestamp":"2025-07-17T08:54:17.076783","level":"info","event":"  5050K .......... .......... .......... .......... .......... 62% 19.1M 0s","logger":"airflow.task.hooks.airflow.providers.standard.hooks.subprocess.SubprocessHook"}
{"timestamp":"2025-07-17T08:54:17.077144","level":"info","event":"  5100K .......... .......... .......... .......... .......... 63%  137M 0s","logger":"airflow.task.hooks.airflow.providers.standard.hooks.subprocess.SubprocessHook"}
{"timestamp":"2025-07-17T08:54:17.077179","level":"info","event":"  5150K .......... .......... .......... .......... .......... 64%  238M 0s","logger":"airflow.task.hooks.airflow.providers.standard.hooks.subprocess.SubprocessHook"}
{"timestamp":"2025-07-17T08:54:17.077937","level":"info","event":"  5200K .......... .......... .......... .......... .......... 64% 57.1M 0s","logger":"airflow.task.hooks.airflow.providers.standard.hooks.subprocess.SubprocessHook"}
{"timestamp":"2025-07-17T08:54:17.078354","level":"info","event":"  5250K .......... .......... .......... .......... .......... 65%  173M 0s","logger":"airflow.task.hooks.airflow.providers.standard.hooks.subprocess.SubprocessHook"}
{"timestamp":"2025-07-17T08:54:17.078855","level":"info","event":"  5300K .......... .......... .......... .......... .......... 66% 86.4M 0s","logger":"airflow.task.hooks.airflow.providers.standard.hooks.subprocess.SubprocessHook"}
{"timestamp":"2025-07-17T08:54:17.079497","level":"info","event":"  5350K .......... .......... .......... .......... .......... 66% 67.4M 0s","logger":"airflow.task.hooks.airflow.providers.standard.hooks.subprocess.SubprocessHook"}
{"timestamp":"2025-07-17T08:54:17.079758","level":"info","event":"  5400K .......... .......... .......... .......... .......... 67%  178M 0s","logger":"airflow.task.hooks.airflow.providers.standard.hooks.subprocess.SubprocessHook"}
{"timestamp":"2025-07-17T08:54:17.080367","level":"info","event":"  5450K .......... .......... .......... .......... .......... 67% 87.1M 0s","logger":"airflow.task.hooks.airflow.providers.standard.hooks.subprocess.SubprocessHook"}
{"timestamp":"2025-07-17T08:54:17.080847","level":"info","event":"  5500K .......... .......... .......... .......... .......... 68% 87.9M 0s","logger":"airflow.task.hooks.airflow.providers.standard.hooks.subprocess.SubprocessHook"}
{"timestamp":"2025-07-17T08:54:17.081276","level":"info","event":"  5550K .......... .......... .......... .......... .......... 69%  113M 0s","logger":"airflow.task.hooks.airflow.providers.standard.hooks.subprocess.SubprocessHook"}
{"timestamp":"2025-07-17T08:54:17.081875","level":"info","event":"  5600K .......... .......... .......... .......... .......... 69% 96.3M 0s","logger":"airflow.task.hooks.airflow.providers.standard.hooks.subprocess.SubprocessHook"}
{"timestamp":"2025-07-17T08:54:17.082808","level":"info","event":"  5650K .......... .......... .......... .......... .......... 70% 51.9M 0s","logger":"airflow.task.hooks.airflow.providers.standard.hooks.subprocess.SubprocessHook"}
{"timestamp":"2025-07-17T08:54:17.082990","level":"info","event":"  5700K .......... .......... .......... .......... .......... 70%  229M 0s","logger":"airflow.task.hooks.airflow.providers.standard.hooks.subprocess.SubprocessHook"}
{"timestamp":"2025-07-17T08:54:17.083231","level":"info","event":"  5750K .......... .......... .......... .......... .......... 71%  213M 0s","logger":"airflow.task.hooks.airflow.providers.standard.hooks.subprocess.SubprocessHook"}
{"timestamp":"2025-07-17T08:54:17.083632","level":"info","event":"  5800K .......... .......... .......... .......... .......... 72%  128M 0s","logger":"airflow.task.hooks.airflow.providers.standard.hooks.subprocess.SubprocessHook"}
{"timestamp":"2025-07-17T08:54:17.086085","level":"info","event":"  5850K .......... .......... .......... .......... .......... 72% 27.3M 0s","logger":"airflow.task.hooks.airflow.providers.standard.hooks.subprocess.SubprocessHook"}
{"timestamp":"2025-07-17T08:54:17.090815","level":"info","event":"  5900K .......... .......... .......... .......... .......... 73% 16.1M 0s","logger":"airflow.task.hooks.airflow.providers.standard.hooks.subprocess.SubprocessHook"}
{"timestamp":"2025-07-17T08:54:17.092040","level":"info","event":"  5950K .......... .......... .......... .......... .......... 74% 16.8M 0s","logger":"airflow.task.hooks.airflow.providers.standard.hooks.subprocess.SubprocessHook"}
{"timestamp":"2025-07-17T08:54:17.093294","level":"info","event":"  6000K .......... .......... .......... .......... .......... 74% 79.3M 0s","logger":"airflow.task.hooks.airflow.providers.standard.hooks.subprocess.SubprocessHook"}
{"timestamp":"2025-07-17T08:54:17.094654","level":"info","event":"  6050K .......... .......... .......... .......... .......... 75% 88.0M 0s","logger":"airflow.task.hooks.airflow.providers.standard.hooks.subprocess.SubprocessHook"}
{"timestamp":"2025-07-17T08:54:17.094700","level":"info","event":"  6100K .......... .......... .......... .......... .......... 75% 41.3M 0s","logger":"airflow.task.hooks.airflow.providers.standard.hooks.subprocess.SubprocessHook"}
{"timestamp":"2025-07-17T08:54:17.097642","level":"info","event":"  6150K .......... .......... .......... .......... .......... 76% 14.2M 0s","logger":"airflow.task.hooks.airflow.providers.standard.hooks.subprocess.SubprocessHook"}
{"timestamp":"2025-07-17T08:54:17.097760","level":"info","event":"  6200K .......... .......... .......... .......... .......... 77%  100M 0s","logger":"airflow.task.hooks.airflow.providers.standard.hooks.subprocess.SubprocessHook"}
{"timestamp":"2025-07-17T08:54:17.098947","level":"info","event":"  6250K .......... .......... .......... .......... .......... 77% 36.4M 0s","logger":"airflow.task.hooks.airflow.providers.standard.hooks.subprocess.SubprocessHook"}
{"timestamp":"2025-07-17T08:54:17.099705","level":"info","event":"  6300K .......... .......... .......... .......... .......... 78% 90.5M 0s","logger":"airflow.task.hooks.airflow.providers.standard.hooks.subprocess.SubprocessHook"}
{"timestamp":"2025-07-17T08:54:17.100040","level":"info","event":"  6350K .......... .......... .......... .......... .......... 78% 95.9M 0s","logger":"airflow.task.hooks.airflow.providers.standard.hooks.subprocess.SubprocessHook"}
{"timestamp":"2025-07-17T08:54:17.100809","level":"info","event":"  6400K .......... .......... .......... .......... .......... 79% 76.5M 0s","logger":"airflow.task.hooks.airflow.providers.standard.hooks.subprocess.SubprocessHook"}
{"timestamp":"2025-07-17T08:54:17.100873","level":"info","event":"  6450K .......... .......... .......... .......... .......... 80%  197M 0s","logger":"airflow.task.hooks.airflow.providers.standard.hooks.subprocess.SubprocessHook"}
{"timestamp":"2025-07-17T08:54:17.101252","level":"info","event":"  6500K .......... .......... .......... .......... .......... 80%  170M 0s","logger":"airflow.task.hooks.airflow.providers.standard.hooks.subprocess.SubprocessHook"}
{"timestamp":"2025-07-17T08:54:17.101423","level":"info","event":"  6550K .......... .......... .......... .......... .......... 81%  183M 0s","logger":"airflow.task.hooks.airflow.providers.standard.hooks.subprocess.SubprocessHook"}
{"timestamp":"2025-07-17T08:54:17.102048","level":"info","event":"  6600K .......... .......... .......... .......... .......... 82%  128M 0s","logger":"airflow.task.hooks.airflow.providers.standard.hooks.subprocess.SubprocessHook"}
{"timestamp":"2025-07-17T08:54:17.102403","level":"info","event":"  6650K .......... .......... .......... .......... .......... 82%  114M 0s","logger":"airflow.task.hooks.airflow.providers.standard.hooks.subprocess.SubprocessHook"}
{"timestamp":"2025-07-17T08:54:17.103520","level":"info","event":"  6700K .......... .......... .......... .......... .......... 83% 38.3M 0s","logger":"airflow.task.hooks.airflow.providers.standard.hooks.subprocess.SubprocessHook"}
{"timestamp":"2025-07-17T08:54:17.103871","level":"info","event":"  6750K .......... .......... .......... .......... .......... 83%  194M 0s","logger":"airflow.task.hooks.airflow.providers.standard.hooks.subprocess.SubprocessHook"}
{"timestamp":"2025-07-17T08:54:17.104135","level":"info","event":"  6800K .......... .......... .......... .......... .......... 84%  204M 0s","logger":"airflow.task.hooks.airflow.providers.standard.hooks.subprocess.SubprocessHook"}
{"timestamp":"2025-07-17T08:54:17.104454","level":"info","event":"  6850K .......... .......... .......... .......... .......... 85%  104M 0s","logger":"airflow.task.hooks.airflow.providers.standard.hooks.subprocess.SubprocessHook"}
{"timestamp":"2025-07-17T08:54:17.105167","level":"info","event":"  6900K .......... .......... .......... .......... .......... 85% 75.5M 0s","logger":"airflow.task.hooks.airflow.providers.standard.hooks.subprocess.SubprocessHook"}
{"timestamp":"2025-07-17T08:54:17.106304","level":"info","event":"  6950K .......... .......... .......... .......... .......... 86% 63.3M 0s","logger":"airflow.task.hooks.airflow.providers.standard.hooks.subprocess.SubprocessHook"}
{"timestamp":"2025-07-17T08:54:17.106761","level":"info","event":"  7000K .......... .......... .......... .......... .......... 87% 79.2M 0s","logger":"airflow.task.hooks.airflow.providers.standard.hooks.subprocess.SubprocessHook"}
{"timestamp":"2025-07-17T08:54:17.107168","level":"info","event":"  7050K .......... .......... .......... .......... .......... 87% 73.7M 0s","logger":"airflow.task.hooks.airflow.providers.standard.hooks.subprocess.SubprocessHook"}
{"timestamp":"2025-07-17T08:54:17.108986","level":"info","event":"  7100K .......... .......... .......... .......... .......... 88% 33.7M 0s","logger":"airflow.task.hooks.airflow.providers.standard.hooks.subprocess.SubprocessHook"}
{"timestamp":"2025-07-17T08:54:17.109930","level":"info","event":"  7150K .......... .......... .......... .......... .......... 88% 46.2M 0s","logger":"airflow.task.hooks.airflow.providers.standard.hooks.subprocess.SubprocessHook"}
{"timestamp":"2025-07-17T08:54:17.110895","level":"info","event":"  7200K .......... .......... .......... .......... .......... 89% 42.3M 0s","logger":"airflow.task.hooks.airflow.providers.standard.hooks.subprocess.SubprocessHook"}
{"timestamp":"2025-07-17T08:54:17.111271","level":"info","event":"  7250K .......... .......... .......... .......... .......... 90%  111M 0s","logger":"airflow.task.hooks.airflow.providers.standard.hooks.subprocess.SubprocessHook"}
{"timestamp":"2025-07-17T08:54:17.111656","level":"info","event":"  7300K .......... .......... .......... .......... .......... 90%  130M 0s","logger":"airflow.task.hooks.airflow.providers.standard.hooks.subprocess.SubprocessHook"}
{"timestamp":"2025-07-17T08:54:17.112566","level":"info","event":"  7350K .......... .......... .......... .......... .......... 91% 54.9M 0s","logger":"airflow.task.hooks.airflow.providers.standard.hooks.subprocess.SubprocessHook"}
{"timestamp":"2025-07-17T08:54:17.113046","level":"info","event":"  7400K .......... .......... .......... .......... .......... 91% 98.5M 0s","logger":"airflow.task.hooks.airflow.providers.standard.hooks.subprocess.SubprocessHook"}
{"timestamp":"2025-07-17T08:54:17.114331","level":"info","event":"  7450K .......... .......... .......... .......... .......... 92% 42.1M 0s","logger":"airflow.task.hooks.airflow.providers.standard.hooks.subprocess.SubprocessHook"}
{"timestamp":"2025-07-17T08:54:17.114774","level":"info","event":"  7500K .......... .......... .......... .......... .......... 93% 87.1M 0s","logger":"airflow.task.hooks.airflow.providers.standard.hooks.subprocess.SubprocessHook"}
{"timestamp":"2025-07-17T08:54:17.115647","level":"info","event":"  7550K .......... .......... .......... .......... .......... 93% 62.3M 0s","logger":"airflow.task.hooks.airflow.providers.standard.hooks.subprocess.SubprocessHook"}
{"timestamp":"2025-07-17T08:54:17.116527","level":"info","event":"  7600K .......... .......... .......... .......... .......... 94% 54.3M 0s","logger":"airflow.task.hooks.airflow.providers.standard.hooks.subprocess.SubprocessHook"}
{"timestamp":"2025-07-17T08:54:17.116699","level":"info","event":"  7650K .......... .......... .......... .......... .......... 95%  241M 0s","logger":"airflow.task.hooks.airflow.providers.standard.hooks.subprocess.SubprocessHook"}
{"timestamp":"2025-07-17T08:54:17.117366","level":"info","event":"  7700K .......... .......... .......... .......... .......... 95% 80.0M 0s","logger":"airflow.task.hooks.airflow.providers.standard.hooks.subprocess.SubprocessHook"}
{"timestamp":"2025-07-17T08:54:17.117978","level":"info","event":"  7750K .......... .......... .......... .......... .......... 96% 68.0M 0s","logger":"airflow.task.hooks.airflow.providers.standard.hooks.subprocess.SubprocessHook"}
{"timestamp":"2025-07-17T08:54:17.118368","level":"info","event":"  7800K .......... .......... .......... .......... .......... 96%  123M 0s","logger":"airflow.task.hooks.airflow.providers.standard.hooks.subprocess.SubprocessHook"}
{"timestamp":"2025-07-17T08:54:17.118646","level":"info","event":"  7850K .......... .......... .......... .......... .......... 97%  179M 0s","logger":"airflow.task.hooks.airflow.providers.standard.hooks.subprocess.SubprocessHook"}
{"timestamp":"2025-07-17T08:54:17.118965","level":"info","event":"  7900K .......... .......... .......... .......... .......... 98%  140M 0s","logger":"airflow.task.hooks.airflow.providers.standard.hooks.subprocess.SubprocessHook"}
{"timestamp":"2025-07-17T08:54:17.119512","level":"info","event":"  7950K .......... .......... .......... .......... .......... 98%  101M 0s","logger":"airflow.task.hooks.airflow.providers.standard.hooks.subprocess.SubprocessHook"}
{"timestamp":"2025-07-17T08:54:17.120472","level":"info","event":"  8000K .......... .......... .......... .......... .......... 99% 53.4M 0s","logger":"airflow.task.hooks.airflow.providers.standard.hooks.subprocess.SubprocessHook"}
{"timestamp":"2025-07-17T08:54:17.120621","level":"info","event":"  8050K .......... .......... .......... .......... .......... 99%  206M 0s","logger":"airflow.task.hooks.airflow.providers.standard.hooks.subprocess.SubprocessHook"}
{"timestamp":"2025-07-17T08:54:17.120678","level":"info","event":"  8100K .                                                     100% 47.2M=0.7s","logger":"airflow.task.hooks.airflow.providers.standard.hooks.subprocess.SubprocessHook"}
{"timestamp":"2025-07-17T08:54:17.120855","level":"info","event":"","logger":"airflow.task.hooks.airflow.providers.standard.hooks.subprocess.SubprocessHook"}
{"timestamp":"2025-07-17T08:54:17.120960","level":"info","event":"2025-07-17 08:54:17 (10.9 MB/s) - ‘/opt/airflow/green_tripdata_2019-06.csv’ saved [8295836/8295836]","logger":"airflow.task.hooks.airflow.providers.standard.hooks.subprocess.SubprocessHook"}
{"timestamp":"2025-07-17T08:54:17.121069","level":"info","event":"","logger":"airflow.task.hooks.airflow.providers.standard.hooks.subprocess.SubprocessHook"}
{"timestamp":"2025-07-17T08:54:17.128793","level":"info","event":"Command exited with return code 0","logger":"airflow.task.hooks.airflow.providers.standard.hooks.subprocess.SubprocessHook"}
{"timestamp":"2025-07-17T08:54:17.137176","level":"info","event":"Pushing xcom","ti":"RuntimeTaskInstance(id=UUID('01981797-56b9-7c2b-af4e-b6be5a62d9e1'), task_id='download_dataset_task', dag_id='upload_gcs_greentrips', run_id='scheduled__2019-06-02T06:00:00+00:00', try_number=1, map_index=-1, hostname='8c16a644909e', context_carrier={}, task=<Task(BashOperator): download_dataset_task>, bundle_instance=LocalDagBundle(name=dags-folder), max_tries=0, start_date=datetime.datetime(2025, 7, 17, 8, 54, 11, 269456, tzinfo=TzInfo(UTC)), end_date=None, state=<TaskInstanceState.RUNNING: 'running'>, is_mapped=False, rendered_map_index=None)","logger":"task"}
{"timestamp":"2025-07-17T17:10:49.158592","level":"info","event":"DAG bundles loaded: dags-folder","logger":"airflow.dag_processing.bundles.manager.DagBundlesManager"}
{"timestamp":"2025-07-17T17:10:49.159128","level":"info","event":"Filling up the DagBag from /opt/airflow/dags/data_ingestion_gcs_dag.py","logger":"airflow.models.dagbag.DagBag"}
{"timestamp":"2025-07-17T17:10:50.388640","level":"info","event":"Tmp dir root location: /tmp","logger":"airflow.task.hooks.airflow.providers.standard.hooks.subprocess.SubprocessHook"}
{"timestamp":"2025-07-17T17:10:50.390774","level":"info","event":"Running command: ['/usr/bin/bash', '-c', 'echo https://github.com/DataTalksClub/nyc-tlc-data/releases/download/green/green_tripdata_2019-06.csv.gz && wget --no-verbose https://github.com/DataTalksClub/nyc-tlc-data/releases/download/green/green_tripdata_2019-06.csv.gz -O /opt/airflow/green_tripdata_2019-06.csv.gz && gunzip -f /opt/airflow/green_tripdata_2019-06.csv.gz']","logger":"airflow.task.hooks.airflow.providers.standard.hooks.subprocess.SubprocessHook"}
{"timestamp":"2025-07-17T17:10:50.413566","level":"info","event":"Output:","logger":"airflow.task.hooks.airflow.providers.standard.hooks.subprocess.SubprocessHook"}
{"timestamp":"2025-07-17T17:10:50.418935","level":"info","event":"https://github.com/DataTalksClub/nyc-tlc-data/releases/download/green/green_tripdata_2019-06.csv.gz","logger":"airflow.task.hooks.airflow.providers.standard.hooks.subprocess.SubprocessHook"}
{"timestamp":"2025-07-17T17:10:51.867448","level":"info","event":"2025-07-17 17:10:51 URL:https://release-assets.githubusercontent.com/github-production-release-asset/513814948/e3a5326b-5167-4f2a-b9b6-be63e78d3896?sp=r&sv=2018-11-09&sr=b&spr=https&se=2025-07-17T17%3A45%3A42Z&rscd=attachment%3B+filename%3Dgreen_tripdata_2019-06.csv.gz&rsct=application%2Foctet-stream&skoid=96c2d410-5711-43a1-aedd-ab1947aa7ab0&sktid=398a6654-997b-47e9-b12b-9515b896b4de&skt=2025-07-17T16%3A44%3A51Z&ske=2025-07-17T17%3A45%3A42Z&sks=b&skv=2018-11-09&sig=pIoUcGBSXchsUD2NII8Ykdp5TJs8t58qbIjWHYu58Mg%3D&jwt=eyJ******&response-content-disposition=attachment%3B%20filename%3Dgreen_tripdata_2019-06.csv.gz&response-content-type=application%2Foctet-stream [8295836/8295836] -> \"/opt/airflow/green_tripdata_2019-06.csv.gz\" [1]","logger":"airflow.task.hooks.airflow.providers.standard.hooks.subprocess.SubprocessHook"}
{"timestamp":"2025-07-17T17:10:52.171882","level":"info","event":"Command exited with return code 0","logger":"airflow.task.hooks.airflow.providers.standard.hooks.subprocess.SubprocessHook"}
{"timestamp":"2025-07-17T17:10:52.175028","level":"info","event":"Pushing xcom","ti":"RuntimeTaskInstance(id=UUID('0198195e-0491-78d1-ad9c-c0b175bb59e5'), task_id='download_dataset_task', dag_id='upload_gcs_greentrips', run_id='scheduled__2019-06-02T06:00:00+00:00', try_number=1, map_index=-1, hostname='8c16a644909e', context_carrier={}, task=<Task(BashOperator): download_dataset_task>, bundle_instance=LocalDagBundle(name=dags-folder), max_tries=0, start_date=datetime.datetime(2025, 7, 17, 17, 10, 48, 919813, tzinfo=TzInfo(UTC)), end_date=None, state=<TaskInstanceState.RUNNING: 'running'>, is_mapped=False, rendered_map_index=None)","logger":"task"}
{"timestamp":"2025-07-17T17:17:21.843148","level":"info","event":"DAG bundles loaded: dags-folder","logger":"airflow.dag_processing.bundles.manager.DagBundlesManager"}
{"timestamp":"2025-07-17T17:17:21.844729","level":"info","event":"Filling up the DagBag from /opt/airflow/dags/data_ingestion_gcs_dag.py","logger":"airflow.models.dagbag.DagBag"}
{"timestamp":"2025-07-17T17:17:24.524888","level":"info","event":"Tmp dir root location: /tmp","logger":"airflow.task.hooks.airflow.providers.standard.hooks.subprocess.SubprocessHook"}
{"timestamp":"2025-07-17T17:17:24.533206","level":"info","event":"Running command: ['/usr/bin/bash', '-c', 'echo https://github.com/DataTalksClub/nyc-tlc-data/releases/download/green/green_tripdata_2019-06.csv.gz && wget --no-verbose https://github.com/DataTalksClub/nyc-tlc-data/releases/download/green/green_tripdata_2019-06.csv.gz -O /opt/airflow/green_tripdata_2019-06.csv.gz && gunzip -f /opt/airflow/green_tripdata_2019-06.csv.gz']","logger":"airflow.task.hooks.airflow.providers.standard.hooks.subprocess.SubprocessHook"}
{"timestamp":"2025-07-17T17:17:24.719569","level":"info","event":"Output:","logger":"airflow.task.hooks.airflow.providers.standard.hooks.subprocess.SubprocessHook"}
{"timestamp":"2025-07-17T17:17:24.816603","level":"info","event":"https://github.com/DataTalksClub/nyc-tlc-data/releases/download/green/green_tripdata_2019-06.csv.gz","logger":"airflow.task.hooks.airflow.providers.standard.hooks.subprocess.SubprocessHook"}
{"timestamp":"2025-07-17T17:17:26.072027","level":"info","event":"2025-07-17 17:17:26 URL:https://release-assets.githubusercontent.com/github-production-release-asset/513814948/e3a5326b-5167-4f2a-b9b6-be63e78d3896?sp=r&sv=2018-11-09&sr=b&spr=https&se=2025-07-17T18%3A16%3A06Z&rscd=attachment%3B+filename%3Dgreen_tripdata_2019-06.csv.gz&rsct=application%2Foctet-stream&skoid=96c2d410-5711-43a1-aedd-ab1947aa7ab0&sktid=398a6654-997b-47e9-b12b-9515b896b4de&skt=2025-07-17T17%3A15%3A08Z&ske=2025-07-17T18%3A16%3A06Z&sks=b&skv=2018-11-09&sig=vKA7Rk3X74YZGXRsj8FCQAucQSC564T1SJWI9%2F%2BBiew%3D&jwt=eyJ******&response-content-disposition=attachment%3B%20filename%3Dgreen_tripdata_2019-06.csv.gz&response-content-type=application%2Foctet-stream [8295836/8295836] -> \"/opt/airflow/green_tripdata_2019-06.csv.gz\" [1]","logger":"airflow.task.hooks.airflow.providers.standard.hooks.subprocess.SubprocessHook"}
{"timestamp":"2025-07-17T17:17:26.526280","level":"info","event":"Command exited with return code 0","logger":"airflow.task.hooks.airflow.providers.standard.hooks.subprocess.SubprocessHook"}
{"timestamp":"2025-07-17T17:17:26.540994","level":"info","event":"Pushing xcom","ti":"RuntimeTaskInstance(id=UUID('01981963-fff3-7e93-97dc-43bd0004fccd'), task_id='download_dataset_task', dag_id='upload_gcs_greentrips', run_id='scheduled__2019-06-02T06:00:00+00:00', try_number=1, map_index=-1, hostname='8c16a644909e', context_carrier={}, task=<Task(BashOperator): download_dataset_task>, bundle_instance=LocalDagBundle(name=dags-folder), max_tries=0, start_date=datetime.datetime(2025, 7, 17, 17, 17, 21, 133809, tzinfo=TzInfo(UTC)), end_date=None, state=<TaskInstanceState.RUNNING: 'running'>, is_mapped=False, rendered_map_index=None)","logger":"task"}
{"timestamp":"2025-07-17T17:20:09.664071","level":"info","event":"DAG bundles loaded: dags-folder","logger":"airflow.dag_processing.bundles.manager.DagBundlesManager"}
{"timestamp":"2025-07-17T17:20:09.665759","level":"info","event":"Filling up the DagBag from /opt/airflow/dags/data_ingestion_gcs_dag.py","logger":"airflow.models.dagbag.DagBag"}
{"timestamp":"2025-07-17T17:20:12.672550","level":"info","event":"Tmp dir root location: /tmp","logger":"airflow.task.hooks.airflow.providers.standard.hooks.subprocess.SubprocessHook"}
{"timestamp":"2025-07-17T17:20:12.675721","level":"info","event":"Running command: ['/usr/bin/bash', '-c', 'echo https://github.com/DataTalksClub/nyc-tlc-data/releases/download/green/green_tripdata_2019-06.csv.gz && wget --no-verbose https://github.com/DataTalksClub/nyc-tlc-data/releases/download/green/green_tripdata_2019-06.csv.gz -O /opt/airflow/green_tripdata_2019-06.csv.gz && gunzip -f /opt/airflow/green_tripdata_2019-06.csv.gz']","logger":"airflow.task.hooks.airflow.providers.standard.hooks.subprocess.SubprocessHook"}
{"timestamp":"2025-07-17T17:20:12.909508","level":"info","event":"Output:","logger":"airflow.task.hooks.airflow.providers.standard.hooks.subprocess.SubprocessHook"}
{"timestamp":"2025-07-17T17:20:13.043786","level":"info","event":"https://github.com/DataTalksClub/nyc-tlc-data/releases/download/green/green_tripdata_2019-06.csv.gz","logger":"airflow.task.hooks.airflow.providers.standard.hooks.subprocess.SubprocessHook"}
{"timestamp":"2025-07-17T17:20:14.348438","level":"info","event":"2025-07-17 17:20:14 URL:https://release-assets.githubusercontent.com/github-production-release-asset/513814948/e3a5326b-5167-4f2a-b9b6-be63e78d3896?sp=r&sv=2018-11-09&sr=b&spr=https&se=2025-07-17T18%3A15%3A11Z&rscd=attachment%3B+filename%3Dgreen_tripdata_2019-06.csv.gz&rsct=application%2Foctet-stream&skoid=96c2d410-5711-43a1-aedd-ab1947aa7ab0&sktid=398a6654-997b-47e9-b12b-9515b896b4de&skt=2025-07-17T17%3A14%3A18Z&ske=2025-07-17T18%3A15%3A11Z&sks=b&skv=2018-11-09&sig=fJaWXdTj3YKHZx6lQt72A42z3BzqI%2F7ZuHI4Kwo16dY%3D&jwt=eyJ******&response-content-disposition=attachment%3B%20filename%3Dgreen_tripdata_2019-06.csv.gz&response-content-type=application%2Foctet-stream [8295836/8295836] -> \"/opt/airflow/green_tripdata_2019-06.csv.gz\" [1]","logger":"airflow.task.hooks.airflow.providers.standard.hooks.subprocess.SubprocessHook"}
{"timestamp":"2025-07-17T17:20:14.719544","level":"info","event":"Command exited with return code 0","logger":"airflow.task.hooks.airflow.providers.standard.hooks.subprocess.SubprocessHook"}
{"timestamp":"2025-07-17T17:20:14.724690","level":"info","event":"Pushing xcom","ti":"RuntimeTaskInstance(id=UUID('01981966-9265-7df2-a18e-dd6822a54c78'), task_id='download_dataset_task', dag_id='upload_gcs_greentrips', run_id='scheduled__2019-06-02T06:00:00+00:00', try_number=1, map_index=-1, hostname='8c16a644909e', context_carrier={}, task=<Task(BashOperator): download_dataset_task>, bundle_instance=LocalDagBundle(name=dags-folder), max_tries=0, start_date=datetime.datetime(2025, 7, 17, 17, 20, 9, 463176, tzinfo=TzInfo(UTC)), end_date=None, state=<TaskInstanceState.RUNNING: 'running'>, is_mapped=False, rendered_map_index=None)","logger":"task"}
{"timestamp":"2025-07-17T17:23:34.105042","level":"info","event":"DAG bundles loaded: dags-folder","logger":"airflow.dag_processing.bundles.manager.DagBundlesManager"}
{"timestamp":"2025-07-17T17:23:34.107369","level":"info","event":"Filling up the DagBag from /opt/airflow/dags/data_ingestion_gcs_dag.py","logger":"airflow.models.dagbag.DagBag"}
{"timestamp":"2025-07-17T17:23:38.859343","level":"info","event":"Tmp dir root location: /tmp","logger":"airflow.task.hooks.airflow.providers.standard.hooks.subprocess.SubprocessHook"}
{"timestamp":"2025-07-17T17:23:38.862444","level":"info","event":"Running command: ['/usr/bin/bash', '-c', 'echo https://github.com/DataTalksClub/nyc-tlc-data/releases/download/green/green_tripdata_2019-06.csv.gz && wget --no-verbose https://github.com/DataTalksClub/nyc-tlc-data/releases/download/green/green_tripdata_2019-06.csv.gz -O /opt/airflow/green_tripdata_2019-06.csv.gz && gunzip -f /opt/airflow/green_tripdata_2019-06.csv.gz']","logger":"airflow.task.hooks.airflow.providers.standard.hooks.subprocess.SubprocessHook"}
{"timestamp":"2025-07-17T17:23:38.892125","level":"info","event":"Output:","logger":"airflow.task.hooks.airflow.providers.standard.hooks.subprocess.SubprocessHook"}
{"timestamp":"2025-07-17T17:23:38.903524","level":"info","event":"https://github.com/DataTalksClub/nyc-tlc-data/releases/download/green/green_tripdata_2019-06.csv.gz","logger":"airflow.task.hooks.airflow.providers.standard.hooks.subprocess.SubprocessHook"}
{"timestamp":"2025-07-17T17:23:39.788093","level":"info","event":"2025-07-17 17:23:39 URL:https://release-assets.githubusercontent.com/github-production-release-asset/513814948/e3a5326b-5167-4f2a-b9b6-be63e78d3896?sp=r&sv=2018-11-09&sr=b&spr=https&se=2025-07-17T18%3A12%3A13Z&rscd=attachment%3B+filename%3Dgreen_tripdata_2019-06.csv.gz&rsct=application%2Foctet-stream&skoid=96c2d410-5711-43a1-aedd-ab1947aa7ab0&sktid=398a6654-997b-47e9-b12b-9515b896b4de&skt=2025-07-17T17%3A12%3A05Z&ske=2025-07-17T18%3A12%3A13Z&sks=b&skv=2018-11-09&sig=q9MeTSCDVnps4guS%2B33qDGRpw6%2FWBWEJxjEvJ2Mi1uM%3D&jwt=eyJ******&response-content-disposition=attachment%3B%20filename%3Dgreen_tripdata_2019-06.csv.gz&response-content-type=application%2Foctet-stream [8295836/8295836] -> \"/opt/airflow/green_tripdata_2019-06.csv.gz\" [1]","logger":"airflow.task.hooks.airflow.providers.standard.hooks.subprocess.SubprocessHook"}
{"timestamp":"2025-07-17T17:23:40.337865","level":"info","event":"Command exited with return code 0","logger":"airflow.task.hooks.airflow.providers.standard.hooks.subprocess.SubprocessHook"}
{"timestamp":"2025-07-17T17:23:40.341550","level":"info","event":"Pushing xcom","ti":"RuntimeTaskInstance(id=UUID('01981969-aefa-7b7d-9dd4-0e103128513e'), task_id='download_dataset_task', dag_id='upload_gcs_greentrips', run_id='scheduled__2019-06-02T06:00:00+00:00', try_number=1, map_index=-1, hostname='8c16a644909e', context_carrier={}, task=<Task(BashOperator): download_dataset_task>, bundle_instance=LocalDagBundle(name=dags-folder), max_tries=0, start_date=datetime.datetime(2025, 7, 17, 17, 23, 33, 545461, tzinfo=TzInfo(UTC)), end_date=None, state=<TaskInstanceState.RUNNING: 'running'>, is_mapped=False, rendered_map_index=None)","logger":"task"}
{"timestamp":"2025-07-17T17:43:55.383882","level":"info","event":"DAG bundles loaded: dags-folder","logger":"airflow.dag_processing.bundles.manager.DagBundlesManager"}
{"timestamp":"2025-07-17T17:43:55.386769","level":"info","event":"Filling up the DagBag from /opt/airflow/dags/data_ingestion_gcs_dag.py","logger":"airflow.models.dagbag.DagBag"}
{"timestamp":"2025-07-17T17:43:57.461033","level":"info","event":"Tmp dir root location: /tmp","logger":"airflow.task.hooks.airflow.providers.standard.hooks.subprocess.SubprocessHook"}
{"timestamp":"2025-07-17T17:43:57.464371","level":"info","event":"Running command: ['/usr/bin/bash', '-c', 'echo https://github.com/DataTalksClub/nyc-tlc-data/releases/download/green/green_tripdata_2019-06.csv.gz && wget --no-verbose https://github.com/DataTalksClub/nyc-tlc-data/releases/download/green/green_tripdata_2019-06.csv.gz -O /opt/airflow/green_tripdata_2019-06.csv.gz && gunzip -f /opt/airflow/green_tripdata_2019-06.csv.gz']","logger":"airflow.task.hooks.airflow.providers.standard.hooks.subprocess.SubprocessHook"}
{"timestamp":"2025-07-17T17:43:57.490058","level":"info","event":"Output:","logger":"airflow.task.hooks.airflow.providers.standard.hooks.subprocess.SubprocessHook"}
{"timestamp":"2025-07-17T17:43:57.495298","level":"info","event":"https://github.com/DataTalksClub/nyc-tlc-data/releases/download/green/green_tripdata_2019-06.csv.gz","logger":"airflow.task.hooks.airflow.providers.standard.hooks.subprocess.SubprocessHook"}
{"timestamp":"2025-07-17T17:43:58.458867","level":"info","event":"2025-07-17 17:43:58 URL:https://release-assets.githubusercontent.com/github-production-release-asset/513814948/e3a5326b-5167-4f2a-b9b6-be63e78d3896?sp=r&sv=2018-11-09&sr=b&spr=https&se=2025-07-17T18%3A21%3A30Z&rscd=attachment%3B+filename%3Dgreen_tripdata_2019-06.csv.gz&rsct=application%2Foctet-stream&skoid=96c2d410-5711-43a1-aedd-ab1947aa7ab0&sktid=398a6654-997b-47e9-b12b-9515b896b4de&skt=2025-07-17T17%3A20%3A55Z&ske=2025-07-17T18%3A21%3A30Z&sks=b&skv=2018-11-09&sig=UY3xs3TiEwyJeTO%2BJuEGEFrW475T6Lp4M90u6RW%2BpJw%3D&jwt=eyJ******&response-content-disposition=attachment%3B%20filename%3Dgreen_tripdata_2019-06.csv.gz&response-content-type=application%2Foctet-stream [8295836/8295836] -> \"/opt/airflow/green_tripdata_2019-06.csv.gz\" [1]","logger":"airflow.task.hooks.airflow.providers.standard.hooks.subprocess.SubprocessHook"}
{"timestamp":"2025-07-17T17:43:58.967380","level":"info","event":"Command exited with return code 0","logger":"airflow.task.hooks.airflow.providers.standard.hooks.subprocess.SubprocessHook"}
{"timestamp":"2025-07-17T17:43:58.975020","level":"info","event":"Pushing xcom","ti":"RuntimeTaskInstance(id=UUID('0198197c-4bb8-737a-8365-07a351234ed9'), task_id='download_dataset_task', dag_id='upload_gcs_greentrips', run_id='scheduled__2019-06-02T06:00:00+00:00', try_number=1, map_index=-1, hostname='8c16a644909e', context_carrier={}, task=<Task(BashOperator): download_dataset_task>, bundle_instance=LocalDagBundle(name=dags-folder), max_tries=0, start_date=datetime.datetime(2025, 7, 17, 17, 43, 54, 687796, tzinfo=TzInfo(UTC)), end_date=None, state=<TaskInstanceState.RUNNING: 'running'>, is_mapped=False, rendered_map_index=None)","logger":"task"}
{"timestamp":"2025-07-17T17:53:43.109207","level":"info","event":"DAG bundles loaded: dags-folder","logger":"airflow.dag_processing.bundles.manager.DagBundlesManager"}
{"timestamp":"2025-07-17T17:53:43.112842","level":"info","event":"Filling up the DagBag from /opt/airflow/dags/data_ingestion_gcs_dag.py","logger":"airflow.models.dagbag.DagBag"}
{"timestamp":"2025-07-17T17:53:44.694659","level":"info","event":"Tmp dir root location: /tmp","logger":"airflow.task.hooks.airflow.providers.standard.hooks.subprocess.SubprocessHook"}
{"timestamp":"2025-07-17T17:53:44.696423","level":"info","event":"Running command: ['/usr/bin/bash', '-c', 'echo https://github.com/DataTalksClub/nyc-tlc-data/releases/download/green/green_tripdata_2019-06.csv.gz && wget --no-verbose https://github.com/DataTalksClub/nyc-tlc-data/releases/download/green/green_tripdata_2019-06.csv.gz -O /opt/airflow/green_tripdata_2019-06.csv.gz && gunzip -f /opt/airflow/green_tripdata_2019-06.csv.gz']","logger":"airflow.task.hooks.airflow.providers.standard.hooks.subprocess.SubprocessHook"}
{"timestamp":"2025-07-17T17:53:44.717657","level":"info","event":"Output:","logger":"airflow.task.hooks.airflow.providers.standard.hooks.subprocess.SubprocessHook"}
{"timestamp":"2025-07-17T17:53:44.722835","level":"info","event":"https://github.com/DataTalksClub/nyc-tlc-data/releases/download/green/green_tripdata_2019-06.csv.gz","logger":"airflow.task.hooks.airflow.providers.standard.hooks.subprocess.SubprocessHook"}
{"timestamp":"2025-07-17T17:53:45.587354","level":"info","event":"2025-07-17 17:53:45 URL:https://release-assets.githubusercontent.com/github-production-release-asset/513814948/e3a5326b-5167-4f2a-b9b6-be63e78d3896?sp=r&sv=2018-11-09&sr=b&spr=https&se=2025-07-17T18%3A53%3A47Z&rscd=attachment%3B+filename%3Dgreen_tripdata_2019-06.csv.gz&rsct=application%2Foctet-stream&skoid=96c2d410-5711-43a1-aedd-ab1947aa7ab0&sktid=398a6654-997b-47e9-b12b-9515b896b4de&skt=2025-07-17T17%3A53%3A20Z&ske=2025-07-17T18%3A53%3A47Z&sks=b&skv=2018-11-09&sig=1fk4tDtxqEH%2FwyV48lBOPSZoLz7DX8jYQAT11CsC4iE%3D&jwt=eyJ******&response-content-disposition=attachment%3B%20filename%3Dgreen_tripdata_2019-06.csv.gz&response-content-type=application%2Foctet-stream [8295836/8295836] -> \"/opt/airflow/green_tripdata_2019-06.csv.gz\" [1]","logger":"airflow.task.hooks.airflow.providers.standard.hooks.subprocess.SubprocessHook"}
{"timestamp":"2025-07-17T17:53:46.239556","level":"info","event":"Command exited with return code 0","logger":"airflow.task.hooks.airflow.providers.standard.hooks.subprocess.SubprocessHook"}
{"timestamp":"2025-07-17T17:53:46.246633","level":"info","event":"Pushing xcom","ti":"RuntimeTaskInstance(id=UUID('01981985-4a33-7b09-b5a7-dffeed083865'), task_id='download_dataset_task', dag_id='upload_gcs_greentrips', run_id='scheduled__2019-06-02T06:00:00+00:00', try_number=1, map_index=-1, hostname='8c16a644909e', context_carrier={}, task=<Task(BashOperator): download_dataset_task>, bundle_instance=LocalDagBundle(name=dags-folder), max_tries=0, start_date=datetime.datetime(2025, 7, 17, 17, 53, 42, 721830, tzinfo=TzInfo(UTC)), end_date=None, state=<TaskInstanceState.RUNNING: 'running'>, is_mapped=False, rendered_map_index=None)","logger":"task"}
{"timestamp":"2025-07-17T18:02:11.717487","level":"info","event":"DAG bundles loaded: dags-folder","logger":"airflow.dag_processing.bundles.manager.DagBundlesManager"}
{"timestamp":"2025-07-17T18:02:11.721619","level":"info","event":"Filling up the DagBag from /opt/airflow/dags/data_ingestion_gcs_dag.py","logger":"airflow.models.dagbag.DagBag"}
{"timestamp":"2025-07-17T18:02:14.429419","level":"info","event":"Tmp dir root location: /tmp","logger":"airflow.task.hooks.airflow.providers.standard.hooks.subprocess.SubprocessHook"}
{"timestamp":"2025-07-17T18:02:14.438532","level":"info","event":"Running command: ['/usr/bin/bash', '-c', 'echo https://github.com/DataTalksClub/nyc-tlc-data/releases/download/green/green_tripdata_2019-06.csv.gz && wget --no-verbose https://github.com/DataTalksClub/nyc-tlc-data/releases/download/green/green_tripdata_2019-06.csv.gz -O /opt/airflow/green_tripdata_2019-06.csv.gz && gunzip -f /opt/airflow/green_tripdata_2019-06.csv.gz']","logger":"airflow.task.hooks.airflow.providers.standard.hooks.subprocess.SubprocessHook"}
{"timestamp":"2025-07-17T18:02:14.537351","level":"info","event":"Output:","logger":"airflow.task.hooks.airflow.providers.standard.hooks.subprocess.SubprocessHook"}
{"timestamp":"2025-07-17T18:02:14.542887","level":"info","event":"https://github.com/DataTalksClub/nyc-tlc-data/releases/download/green/green_tripdata_2019-06.csv.gz","logger":"airflow.task.hooks.airflow.providers.standard.hooks.subprocess.SubprocessHook"}
{"timestamp":"2025-07-17T18:02:15.559346","level":"info","event":"2025-07-17 18:02:15 URL:https://release-assets.githubusercontent.com/github-production-release-asset/513814948/e3a5326b-5167-4f2a-b9b6-be63e78d3896?sp=r&sv=2018-11-09&sr=b&spr=https&se=2025-07-17T18%3A56%3A39Z&rscd=attachment%3B+filename%3Dgreen_tripdata_2019-06.csv.gz&rsct=application%2Foctet-stream&skoid=96c2d410-5711-43a1-aedd-ab1947aa7ab0&sktid=398a6654-997b-47e9-b12b-9515b896b4de&skt=2025-07-17T17%3A55%3A58Z&ske=2025-07-17T18%3A56%3A39Z&sks=b&skv=2018-11-09&sig=N%2Buditc9dTsVcQRQ4BDr6RlfxDZ%2F9jeKsvBvfzRsgtY%3D&jwt=eyJ******&response-content-disposition=attachment%3B%20filename%3Dgreen_tripdata_2019-06.csv.gz&response-content-type=application%2Foctet-stream [8295836/8295836] -> \"/opt/airflow/green_tripdata_2019-06.csv.gz\" [1]","logger":"airflow.task.hooks.airflow.providers.standard.hooks.subprocess.SubprocessHook"}
{"timestamp":"2025-07-17T18:02:16.094032","level":"info","event":"Command exited with return code 0","logger":"airflow.task.hooks.airflow.providers.standard.hooks.subprocess.SubprocessHook"}
{"timestamp":"2025-07-17T18:02:16.114323","level":"info","event":"Pushing xcom","ti":"RuntimeTaskInstance(id=UUID('0198198d-0cc8-715c-ac17-4f2904debb84'), task_id='download_dataset_task', dag_id='upload_gcs_greentrips', run_id='scheduled__2019-06-02T06:00:00+00:00', try_number=1, map_index=-1, hostname='8c16a644909e', context_carrier={}, task=<Task(BashOperator): download_dataset_task>, bundle_instance=LocalDagBundle(name=dags-folder), max_tries=0, start_date=datetime.datetime(2025, 7, 17, 18, 2, 11, 249064, tzinfo=TzInfo(UTC)), end_date=None, state=<TaskInstanceState.RUNNING: 'running'>, is_mapped=False, rendered_map_index=None)","logger":"task"}
{"timestamp":"2025-07-17T18:06:13.615192","level":"info","event":"DAG bundles loaded: dags-folder","logger":"airflow.dag_processing.bundles.manager.DagBundlesManager"}
{"timestamp":"2025-07-17T18:06:13.616759","level":"info","event":"Filling up the DagBag from /opt/airflow/dags/data_ingestion_gcs_dag.py","logger":"airflow.models.dagbag.DagBag"}
{"timestamp":"2025-07-17T18:06:16.791761","level":"info","event":"Tmp dir root location: /tmp","logger":"airflow.task.hooks.airflow.providers.standard.hooks.subprocess.SubprocessHook"}
{"timestamp":"2025-07-17T18:06:16.796010","level":"info","event":"Running command: ['/usr/bin/bash', '-c', 'echo https://github.com/DataTalksClub/nyc-tlc-data/releases/download/green/green_tripdata_2019-06.csv.gz && wget --no-verbose https://github.com/DataTalksClub/nyc-tlc-data/releases/download/green/green_tripdata_2019-06.csv.gz -O /opt/airflow/green_tripdata_2019-06.csv.gz && gunzip -f /opt/airflow/green_tripdata_2019-06.csv.gz']","logger":"airflow.task.hooks.airflow.providers.standard.hooks.subprocess.SubprocessHook"}
{"timestamp":"2025-07-17T18:06:16.898750","level":"info","event":"Output:","logger":"airflow.task.hooks.airflow.providers.standard.hooks.subprocess.SubprocessHook"}
{"timestamp":"2025-07-17T18:06:16.918150","level":"info","event":"https://github.com/DataTalksClub/nyc-tlc-data/releases/download/green/green_tripdata_2019-06.csv.gz","logger":"airflow.task.hooks.airflow.providers.standard.hooks.subprocess.SubprocessHook"}
{"timestamp":"2025-07-17T18:06:17.651957","level":"info","event":"2025-07-17 18:06:17 URL:https://release-assets.githubusercontent.com/github-production-release-asset/513814948/e3a5326b-5167-4f2a-b9b6-be63e78d3896?sp=r&sv=2018-11-09&sr=b&spr=https&se=2025-07-17T18%3A53%3A47Z&rscd=attachment%3B+filename%3Dgreen_tripdata_2019-06.csv.gz&rsct=application%2Foctet-stream&skoid=96c2d410-5711-43a1-aedd-ab1947aa7ab0&sktid=398a6654-997b-47e9-b12b-9515b896b4de&skt=2025-07-17T17%3A53%3A12Z&ske=2025-07-17T18%3A53%3A47Z&sks=b&skv=2018-11-09&sig=vvy%2BhISGtM0RS7UbpATlG1ZNhnf9zRTmR5J%2Fv3jHQzQ%3D&jwt=eyJ******&response-content-disposition=attachment%3B%20filename%3Dgreen_tripdata_2019-06.csv.gz&response-content-type=application%2Foctet-stream [8295836/8295836] -> \"/opt/airflow/green_tripdata_2019-06.csv.gz\" [1]","logger":"airflow.task.hooks.airflow.providers.standard.hooks.subprocess.SubprocessHook"}
{"timestamp":"2025-07-17T18:06:18.066538","level":"info","event":"Command exited with return code 0","logger":"airflow.task.hooks.airflow.providers.standard.hooks.subprocess.SubprocessHook"}
{"timestamp":"2025-07-17T18:06:18.069051","level":"info","event":"Pushing xcom","ti":"RuntimeTaskInstance(id=UUID('01981990-bd54-7b12-82b7-f9f381b24e15'), task_id='download_dataset_task', dag_id='upload_gcs_greentrips', run_id='scheduled__2019-06-02T06:00:00+00:00', try_number=1, map_index=-1, hostname='8c16a644909e', context_carrier={}, task=<Task(BashOperator): download_dataset_task>, bundle_instance=LocalDagBundle(name=dags-folder), max_tries=0, start_date=datetime.datetime(2025, 7, 17, 18, 6, 13, 94484, tzinfo=TzInfo(UTC)), end_date=None, state=<TaskInstanceState.RUNNING: 'running'>, is_mapped=False, rendered_map_index=None)","logger":"task"}
{"timestamp":"2025-07-17T18:08:02.863172","level":"info","event":"DAG bundles loaded: dags-folder","logger":"airflow.dag_processing.bundles.manager.DagBundlesManager"}
{"timestamp":"2025-07-17T18:08:02.866998","level":"info","event":"Filling up the DagBag from /opt/airflow/dags/data_ingestion_gcs_dag.py","logger":"airflow.models.dagbag.DagBag"}
{"timestamp":"2025-07-17T18:08:04.458571","level":"info","event":"Tmp dir root location: /tmp","logger":"airflow.task.hooks.airflow.providers.standard.hooks.subprocess.SubprocessHook"}
{"timestamp":"2025-07-17T18:08:04.462091","level":"info","event":"Running command: ['/usr/bin/bash', '-c', 'echo https://github.com/DataTalksClub/nyc-tlc-data/releases/download/green/green_tripdata_2019-06.csv.gz && wget --no-verbose https://github.com/DataTalksClub/nyc-tlc-data/releases/download/green/green_tripdata_2019-06.csv.gz -O /opt/airflow/green_tripdata_2019-06.csv.gz && gunzip -f /opt/airflow/green_tripdata_2019-06.csv.gz']","logger":"airflow.task.hooks.airflow.providers.standard.hooks.subprocess.SubprocessHook"}
{"timestamp":"2025-07-17T18:08:04.540331","level":"info","event":"Output:","logger":"airflow.task.hooks.airflow.providers.standard.hooks.subprocess.SubprocessHook"}
{"timestamp":"2025-07-17T18:08:04.542268","level":"info","event":"https://github.com/DataTalksClub/nyc-tlc-data/releases/download/green/green_tripdata_2019-06.csv.gz","logger":"airflow.task.hooks.airflow.providers.standard.hooks.subprocess.SubprocessHook"}
{"timestamp":"2025-07-17T18:08:05.897670","level":"info","event":"2025-07-17 18:08:05 URL:https://release-assets.githubusercontent.com/github-production-release-asset/513814948/e3a5326b-5167-4f2a-b9b6-be63e78d3896?sp=r&sv=2018-11-09&sr=b&spr=https&se=2025-07-17T18%3A53%3A47Z&rscd=attachment%3B+filename%3Dgreen_tripdata_2019-06.csv.gz&rsct=application%2Foctet-stream&skoid=96c2d410-5711-43a1-aedd-ab1947aa7ab0&sktid=398a6654-997b-47e9-b12b-9515b896b4de&skt=2025-07-17T17%3A53%3A12Z&ske=2025-07-17T18%3A53%3A47Z&sks=b&skv=2018-11-09&sig=vvy%2BhISGtM0RS7UbpATlG1ZNhnf9zRTmR5J%2Fv3jHQzQ%3D&jwt=eyJ******&response-content-disposition=attachment%3B%20filename%3Dgreen_tripdata_2019-06.csv.gz&response-content-type=application%2Foctet-stream [8295836/8295836] -> \"/opt/airflow/green_tripdata_2019-06.csv.gz\" [1]","logger":"airflow.task.hooks.airflow.providers.standard.hooks.subprocess.SubprocessHook"}
{"timestamp":"2025-07-17T18:08:06.695597","level":"info","event":"Command exited with return code 0","logger":"airflow.task.hooks.airflow.providers.standard.hooks.subprocess.SubprocessHook"}
{"timestamp":"2025-07-17T18:08:06.714808","level":"info","event":"Pushing xcom","ti":"RuntimeTaskInstance(id=UUID('01981992-659a-7822-9e17-33d4df6db44c'), task_id='download_dataset_task', dag_id='upload_gcs_greentrips', run_id='scheduled__2019-06-02T06:00:00+00:00', try_number=1, map_index=-1, hostname='8c16a644909e', context_carrier={}, task=<Task(BashOperator): download_dataset_task>, bundle_instance=LocalDagBundle(name=dags-folder), max_tries=0, start_date=datetime.datetime(2025, 7, 17, 18, 8, 2, 127628, tzinfo=TzInfo(UTC)), end_date=None, state=<TaskInstanceState.RUNNING: 'running'>, is_mapped=False, rendered_map_index=None)","logger":"task"}
